In file included from [01m[K/home/matheuswagner/repos/adaptive-cubesat-adcs/cubesat-simulation/src/controller/src/../include/smartdata.h:5[m[K,
                 from [01m[K/home/matheuswagner/repos/adaptive-cubesat-adcs/cubesat-simulation/src/controller/src/../include/local_smartdata.h:4[m[K,
                 from [01m[K/home/matheuswagner/repos/adaptive-cubesat-adcs/cubesat-simulation/src/controller/src/controller.cpp:1[m[K:
[01m[K/home/matheuswagner/repos/adaptive-cubesat-adcs/cubesat-simulation/src/controller/src/../include/observer.h:[m[K In member function ‘[01m[Kvirtual void Observer::notify(int)[m[K’:
[01m[K/home/matheuswagner/repos/adaptive-cubesat-adcs/cubesat-simulation/src/controller/src/../include/observer.h:8:33:[m[K [01;35m[Kwarning: [m[Kunused parameter ‘[01m[Kid[m[K’ [[01;35m[K-Wunused-parameter[m[K]
    8 |         virtual void notify([01;35m[Kint id[m[K){};
      |                             [01;35m[K~~~~^~[m[K
[01m[K/home/matheuswagner/repos/adaptive-cubesat-adcs/cubesat-simulation/src/controller/src/controller.cpp:[m[K In function ‘[01m[Kint main(int, char**)[m[K’:
[01m[K/home/matheuswagner/repos/adaptive-cubesat-adcs/cubesat-simulation/src/controller/src/controller.cpp:20:133:[m[K [01;31m[Kerror: [m[K‘[01m[Kigen[m[K’ was not declared in this scope; did you mean ‘[01m[KEigen[m[K’?
   20 |     std::shared_ptr<LocalSmartData<Eigen::Quaternion<float>,PluginOrientationSensor>> orientation = std::make_shared<LocalSmartData<[01;31m[Kigen[m[K::Quaternion<float>,igen::Quaternion<float>>>(1, 7, 7, 1);
      |                                                                                                                                     [01;31m[K^~~~[m[K
      |                                                                                                                                     [32m[KEigen[m[K
[01m[K/home/matheuswagner/repos/adaptive-cubesat-adcs/cubesat-simulation/src/controller/src/controller.cpp:20:179:[m[K [01;31m[Kerror: [m[Kwrong number of template arguments (1, should be 2)
   20 | n::Quaternion<float>,PluginOrientationSensor>> orientation = std::make_shared<LocalSmartData<igen::Quaternion<float>,igen::Quaternion<float[01;31m[K>>[m[K>(1, 7, 7, 1);
      |                                                                                                                                            [01;31m[K^~[m[K

In file included from [01m[K/home/matheuswagner/repos/adaptive-cubesat-adcs/cubesat-simulation/src/controller/src/controller.cpp:1[m[K:
[01m[K/home/matheuswagner/repos/adaptive-cubesat-adcs/cubesat-simulation/src/controller/src/../include/local_smartdata.h:26:7:[m[K [01;36m[Knote: [m[Kprovided for ‘[01m[Ktemplate<class Value, class Transducer> class LocalSmartData[m[K’
   26 | class [01;36m[KLocalSmartData[m[K : public SmartData<Value>, public Observer, public Observed<Controller>
      |       [01;36m[K^~~~~~~~~~~~~~[m[K
[01m[K/home/matheuswagner/repos/adaptive-cubesat-adcs/cubesat-simulation/src/controller/src/controller.cpp:20:193:[m[K [01;31m[Kerror: [m[Kno matching function for call to ‘[01m[Kmake_shared<<expression error> >(int, int, int, int)[m[K’
   20 | oat>,PluginOrientationSensor>> orientation = std::make_shared<LocalSmartData<igen::Quaternion<float>,igen::Quaternion<float>>>(1, 7, 7, 1[01;31m[K)[m[K;
      |                                                                                                                                          [01;31m[K^[m[K

In file included from [01m[K/usr/include/c++/9/memory:81[m[K,
                 from [01m[K/opt/ros/foxy/include/rclcpp/rclcpp.hpp:144[m[K,
                 from [01m[K/home/matheuswagner/repos/adaptive-cubesat-adcs/cubesat-simulation/src/controller/src/../include/local_smartdata.h:7[m[K,
                 from [01m[K/home/matheuswagner/repos/adaptive-cubesat-adcs/cubesat-simulation/src/controller/src/controller.cpp:1[m[K:
[01m[K/usr/include/c++/9/bits/shared_ptr.h:714:5:[m[K [01;36m[Knote: [m[Kcandidate: ‘[01m[Ktemplate<class _Tp, class ... _Args> std::shared_ptr<_Tp> std::make_shared(_Args&& ...)[m[K’
  714 |     [01;36m[Kmake_shared[m[K(_Args&&... __args)
      |     [01;36m[K^~~~~~~~~~~[m[K
[01m[K/usr/include/c++/9/bits/shared_ptr.h:714:5:[m[K [01;36m[Knote: [m[K  template argument deduction/substitution failed:
[01m[K/home/matheuswagner/repos/adaptive-cubesat-adcs/cubesat-simulation/src/controller/src/controller.cpp:20:193:[m[K [01;31m[Kerror: [m[Ktemplate argument 1 is invalid
   20 | oat>,PluginOrientationSensor>> orientation = std::make_shared<LocalSmartData<igen::Quaternion<float>,igen::Quaternion<float>>>(1, 7, 7, 1[01;31m[K)[m[K;
      |                                                                                                                                          [01;31m[K^[m[K

In file included from [01m[K/home/matheuswagner/repos/adaptive-cubesat-adcs/cubesat-simulation/src/controller/src/../include/local_smartdata.h:4[m[K,
                 from [01m[K/home/matheuswagner/repos/adaptive-cubesat-adcs/cubesat-simulation/src/controller/src/controller.cpp:1[m[K:
/home/matheuswagner/repos/adaptive-cubesat-adcs/cubesat-simulation/src/controller/src/../include/smartdata.h: In instantiation of ‘[01m[Kvoid SmartData<Value>::setValue(Value) [with Value = Eigen::Quaternion<float>][m[K’:
[01m[K/home/matheuswagner/repos/adaptive-cubesat-adcs/cubesat-simulation/src/controller/src/../include/plugin_orientation_sensor.h:53:50:[m[K   required from here
[01m[K/home/matheuswagner/repos/adaptive-cubesat-adcs/cubesat-simulation/src/controller/src/../include/smartdata.h:40:37:[m[K [01;35m[Kwarning: [m[Kunused parameter ‘[01m[Kvalue[m[K’ [[01;35m[K-Wunused-parameter[m[K]
   40 |         virtual void setValue([01;35m[KValue value[m[K){}
      |                               [01;35m[K~~~~~~^~~~~[m[K
/home/matheuswagner/repos/adaptive-cubesat-adcs/cubesat-simulation/src/controller/src/../include/smartdata.h: In instantiation of ‘[01m[KValue SmartData<Value>::update() [with Value = Eigen::Quaternion<float>][m[K’:
[01m[K/home/matheuswagner/repos/adaptive-cubesat-adcs/cubesat-simulation/src/controller/src/../include/plugin_orientation_sensor.h:54:37:[m[K   required from here
[01m[K/home/matheuswagner/repos/adaptive-cubesat-adcs/cubesat-simulation/src/controller/src/../include/smartdata.h:38:32:[m[K [01;35m[Kwarning: [m[Kno return statement in function returning non-void [[01;35m[K-Wreturn-type[m[K]
   38 |         virtual Value update(){[01;35m[K}[m[K
      |                                [01;35m[K^[m[K
/home/matheuswagner/repos/adaptive-cubesat-adcs/cubesat-simulation/src/controller/src/../include/smartdata.h: In instantiation of ‘[01m[Kvoid SmartData<Value>::setValue(Value) [with Value = float][m[K’:
[01m[K/home/matheuswagner/repos/adaptive-cubesat-adcs/cubesat-simulation/src/controller/src/../include/plugin_gyroscope.h:48:50:[m[K   required from here
[01m[K/home/matheuswagner/repos/adaptive-cubesat-adcs/cubesat-simulation/src/controller/src/../include/smartdata.h:40:37:[m[K [01;35m[Kwarning: [m[Kunused parameter ‘[01m[Kvalue[m[K’ [[01;35m[K-Wunused-parameter[m[K]
   40 |         virtual void setValue([01;35m[KValue value[m[K){}
      |                               [01;35m[K~~~~~~^~~~~[m[K
/home/matheuswagner/repos/adaptive-cubesat-adcs/cubesat-simulation/src/controller/src/../include/smartdata.h: In instantiation of ‘[01m[KValue SmartData<Value>::update() [with Value = float][m[K’:
[01m[K/home/matheuswagner/repos/adaptive-cubesat-adcs/cubesat-simulation/src/controller/src/../include/plugin_gyroscope.h:49:37:[m[K   required from here
[01m[K/home/matheuswagner/repos/adaptive-cubesat-adcs/cubesat-simulation/src/controller/src/../include/smartdata.h:38:32:[m[K [01;35m[Kwarning: [m[Kno return statement in function returning non-void [[01;35m[K-Wreturn-type[m[K]
   38 |         virtual Value update(){[01;35m[K}[m[K
      |                                [01;35m[K^[m[K
/home/matheuswagner/repos/adaptive-cubesat-adcs/cubesat-simulation/src/controller/src/../include/smartdata.h: In instantiation of ‘[01m[KValue SmartData<Value>::value() [with Value = float][m[K’:
[01m[K/home/matheuswagner/repos/adaptive-cubesat-adcs/cubesat-simulation/src/controller/src/../include/plugin_motor_driver.h:45:51:[m[K   required from here
[01m[K/home/matheuswagner/repos/adaptive-cubesat-adcs/cubesat-simulation/src/controller/src/../include/smartdata.h:36:31:[m[K [01;35m[Kwarning: [m[Kno return statement in function returning non-void [[01;35m[K-Wreturn-type[m[K]
   36 |         virtual Value value(){[01;35m[K}[m[K
      |                               [01;35m[K^[m[K
In file included from [01m[K/home/matheuswagner/repos/adaptive-cubesat-adcs/cubesat-simulation/src/controller/src/../include/smartdata.h:7[m[K,
                 from [01m[K/home/matheuswagner/repos/adaptive-cubesat-adcs/cubesat-simulation/src/controller/src/../include/local_smartdata.h:4[m[K,
                 from [01m[K/home/matheuswagner/repos/adaptive-cubesat-adcs/cubesat-simulation/src/controller/src/controller.cpp:1[m[K:
/home/matheuswagner/repos/adaptive-cubesat-adcs/cubesat-simulation/src/controller/src/../include/transducer.h: In instantiation of ‘[01m[Kvoid Transducer<UNIT, Value>::actuate(const Value&) [with long unsigned int UNIT = 2; Value = float][m[K’:
[01m[K/home/matheuswagner/repos/adaptive-cubesat-adcs/cubesat-simulation/src/controller/src/../include/transducer.h:17:22:[m[K   required from here
[01m[K/home/matheuswagner/repos/adaptive-cubesat-adcs/cubesat-simulation/src/controller/src/../include/transducer.h:17:43:[m[K [01;35m[Kwarning: [m[Kunused parameter ‘[01m[Kvalue[m[K’ [[01;35m[K-Wunused-parameter[m[K]
   17 |         virtual void actuate([01;35m[Kconst Value &value[m[K){}
      |                              [01;35m[K~~~~~~~~~~~~~^~~~~[m[K
/home/matheuswagner/repos/adaptive-cubesat-adcs/cubesat-simulation/src/controller/src/../include/transducer.h: In instantiation of ‘[01m[KValue Transducer<UNIT, Value>::sense() [with long unsigned int UNIT = 2; Value = float][m[K’:
[01m[K/home/matheuswagner/repos/adaptive-cubesat-adcs/cubesat-simulation/src/controller/src/../include/transducer.h:16:23:[m[K   required from here
[01m[K/home/matheuswagner/repos/adaptive-cubesat-adcs/cubesat-simulation/src/controller/src/../include/transducer.h:16:31:[m[K [01;35m[Kwarning: [m[Kno return statement in function returning non-void [[01;35m[K-Wreturn-type[m[K]
   16 |         virtual Value sense(){[01;35m[K}[m[K
      |                               [01;35m[K^[m[K
/home/matheuswagner/repos/adaptive-cubesat-adcs/cubesat-simulation/src/controller/src/../include/transducer.h: In instantiation of ‘[01m[Kvoid Transducer<UNIT, Value>::actuate(const Value&) [with long unsigned int UNIT = 3; Value = float][m[K’:
[01m[K/home/matheuswagner/repos/adaptive-cubesat-adcs/cubesat-simulation/src/controller/src/../include/transducer.h:17:22:[m[K   required from here
[01m[K/home/matheuswagner/repos/adaptive-cubesat-adcs/cubesat-simulation/src/controller/src/../include/transducer.h:17:43:[m[K [01;35m[Kwarning: [m[Kunused parameter ‘[01m[Kvalue[m[K’ [[01;35m[K-Wunused-parameter[m[K]
   17 |         virtual void actuate([01;35m[Kconst Value &value[m[K){}
      |                              [01;35m[K~~~~~~~~~~~~~^~~~~[m[K
/home/matheuswagner/repos/adaptive-cubesat-adcs/cubesat-simulation/src/controller/src/../include/transducer.h: In instantiation of ‘[01m[KValue Transducer<UNIT, Value>::sense() [with long unsigned int UNIT = 3; Value = float][m[K’:
[01m[K/home/matheuswagner/repos/adaptive-cubesat-adcs/cubesat-simulation/src/controller/src/../include/transducer.h:16:23:[m[K   required from here
[01m[K/home/matheuswagner/repos/adaptive-cubesat-adcs/cubesat-simulation/src/controller/src/../include/transducer.h:16:31:[m[K [01;35m[Kwarning: [m[Kno return statement in function returning non-void [[01;35m[K-Wreturn-type[m[K]
   16 |         virtual Value sense(){[01;35m[K}[m[K
      |                               [01;35m[K^[m[K
/home/matheuswagner/repos/adaptive-cubesat-adcs/cubesat-simulation/src/controller/src/../include/transducer.h: In instantiation of ‘[01m[Kvoid Transducer<UNIT, Value>::actuate(const Value&) [with long unsigned int UNIT = 4; Value = Eigen::Quaternion<float>][m[K’:
[01m[K/home/matheuswagner/repos/adaptive-cubesat-adcs/cubesat-simulation/src/controller/src/../include/transducer.h:17:22:[m[K   required from here
[01m[K/home/matheuswagner/repos/adaptive-cubesat-adcs/cubesat-simulation/src/controller/src/../include/transducer.h:17:43:[m[K [01;35m[Kwarning: [m[Kunused parameter ‘[01m[Kvalue[m[K’ [[01;35m[K-Wunused-parameter[m[K]
   17 |         virtual void actuate([01;35m[Kconst Value &value[m[K){}
      |                              [01;35m[K~~~~~~~~~~~~~^~~~~[m[K
/home/matheuswagner/repos/adaptive-cubesat-adcs/cubesat-simulation/src/controller/src/../include/transducer.h: In instantiation of ‘[01m[KValue Transducer<UNIT, Value>::sense() [with long unsigned int UNIT = 4; Value = Eigen::Quaternion<float>][m[K’:
[01m[K/home/matheuswagner/repos/adaptive-cubesat-adcs/cubesat-simulation/src/controller/src/../include/transducer.h:16:23:[m[K   required from here
[01m[K/home/matheuswagner/repos/adaptive-cubesat-adcs/cubesat-simulation/src/controller/src/../include/transducer.h:16:31:[m[K [01;35m[Kwarning: [m[Kno return statement in function returning non-void [[01;35m[K-Wreturn-type[m[K]
   16 |         virtual Value sense(){[01;35m[K}[m[K
      |                               [01;35m[K^[m[K
make[2]: *** [CMakeFiles/controller.dir/build.make:63: CMakeFiles/controller.dir/src/controller.cpp.o] Error 1
make[1]: *** [CMakeFiles/Makefile2:78: CMakeFiles/controller.dir/all] Error 2
make: *** [Makefile:141: all] Error 2
