[0.074s] Invoking command in '/home/matheuswagner/repos/adaptive-cubesat-adcs/cubesat-simulation/build/concept': CMAKE_PREFIX_PATH=${CMAKE_PREFIX_PATH}:/home/matheuswagner/repos/adaptive-cubesat-adcs/cubesat-simulation/install/cubesat_description:/opt/ros/dashing /usr/local/bin/cmake --build /home/matheuswagner/repos/adaptive-cubesat-adcs/cubesat-simulation/build/concept -- -j8 -l8
[0.097s] [35m[1mScanning dependencies of target concept[0m
[0.108s] [ 50%] [32mBuilding CXX object CMakeFiles/concept.dir/src/concept.cpp.o[0m
[1.277s] In file included from [01m[K/home/matheuswagner/repos/adaptive-cubesat-adcs/cubesat-simulation/src/concept/src/concept.cpp:3:0[m[K:
[1.277s] [01m[K/home/matheuswagner/repos/adaptive-cubesat-adcs/cubesat-simulation/src/concept/src/../include/plugin_amperimeter.h:56:1:[m[K [01;31m[Kerror: [m[Kexpected unqualified-id before ‘[01m[K}[m[K’ token
[1.278s]  [01;31m[K}[m[K;
[1.278s]  [01;31m[K^[m[K
[1.278s] [01m[K/home/matheuswagner/repos/adaptive-cubesat-adcs/cubesat-simulation/src/concept/src/../include/plugin_amperimeter.h:[m[K In member function ‘[01m[Kvoid PluginAmperimeter::initialize(std::__cxx11::string)[m[K’:
[1.278s] [01m[K/home/matheuswagner/repos/adaptive-cubesat-adcs/cubesat-simulation/src/concept/src/../include/plugin_amperimeter.h:40:172:[m[K [01;31m[Kerror: [m[Kno matching function for call to ‘[01m[Kbind(<unresolved overloaded function type>, PluginAmperimeter*, const std::_Placeholder<1>&)[m[K’
[1.278s]  _subscription<std_msgs::msg::Float32>(topicName, 10,std::bind(&PluginAmperimeter::handleInterrupt, this, std::placeholders::_1[01;31m[K)[m[K);
[1.278s]                                                                                                                                [01;31m[K^[m[K
[1.278s] In file included from [01m[K/home/matheuswagner/ros2_dashing/ros2-linux/include/rclcpp/context.hpp:19:0[m[K,
[1.279s]                  from [01m[K/home/matheuswagner/ros2_dashing/ros2-linux/include/rclcpp/contexts/default_context.hpp:18[m[K,
[1.279s]                  from [01m[K/home/matheuswagner/ros2_dashing/ros2-linux/include/rclcpp/executor.hpp:32[m[K,
[1.279s]                  from [01m[K/home/matheuswagner/ros2_dashing/ros2-linux/include/rclcpp/executors/multi_threaded_executor.hpp:24[m[K,
[1.279s]                  from [01m[K/home/matheuswagner/ros2_dashing/ros2-linux/include/rclcpp/executors.hpp:21[m[K,
[1.279s]                  from [01m[K/home/matheuswagner/ros2_dashing/ros2-linux/include/rclcpp/rclcpp.hpp:144[m[K,
[1.279s]                  from [01m[K/home/matheuswagner/repos/adaptive-cubesat-adcs/cubesat-simulation/src/concept/src/../include/local_smartdata.h:7[m[K,
[1.279s]                  from [01m[K/home/matheuswagner/repos/adaptive-cubesat-adcs/cubesat-simulation/src/concept/src/concept.cpp:1[m[K:
[1.279s] [01m[K/usr/include/c++/7/functional:875:5:[m[K [01;36m[Knote: [m[Kcandidate: template<class _Func, class ... _BoundArgs> typename std::_Bind_helper<std::__is_socketlike<_Func>::value, _Func, _BoundArgs ...>::type std::bind(_Func&&, _BoundArgs&& ...)
[1.279s]      [01;36m[Kbind[m[K(_Func&& __f, _BoundArgs&&... __args)
[1.279s]      [01;36m[K^~~~[m[K
[1.279s] [01m[K/usr/include/c++/7/functional:875:5:[m[K [01;36m[Knote: [m[K  template argument deduction/substitution failed:
[1.280s] In file included from [01m[K/home/matheuswagner/repos/adaptive-cubesat-adcs/cubesat-simulation/src/concept/src/concept.cpp:3:0[m[K:
[1.280s] [01m[K/home/matheuswagner/repos/adaptive-cubesat-adcs/cubesat-simulation/src/concept/src/../include/plugin_amperimeter.h:40:172:[m[K [01;36m[Knote: [m[K  couldn't deduce template parameter ‘[01m[K_Func[m[K’
[1.280s]  _subscription<std_msgs::msg::Float32>(topicName, 10,std::bind(&PluginAmperimeter::handleInterrupt, this, std::placeholders::_1[01;36m[K)[m[K);
[1.280s]                                                                                                                                [01;36m[K^[m[K
[1.280s] In file included from [01m[K/home/matheuswagner/ros2_dashing/ros2-linux/include/rclcpp/context.hpp:19:0[m[K,
[1.280s]                  from [01m[K/home/matheuswagner/ros2_dashing/ros2-linux/include/rclcpp/contexts/default_context.hpp:18[m[K,
[1.280s]                  from [01m[K/home/matheuswagner/ros2_dashing/ros2-linux/include/rclcpp/executor.hpp:32[m[K,
[1.280s]                  from [01m[K/home/matheuswagner/ros2_dashing/ros2-linux/include/rclcpp/executors/multi_threaded_executor.hpp:24[m[K,
[1.280s]                  from [01m[K/home/matheuswagner/ros2_dashing/ros2-linux/include/rclcpp/executors.hpp:21[m[K,
[1.280s]                  from [01m[K/home/matheuswagner/ros2_dashing/ros2-linux/include/rclcpp/rclcpp.hpp:144[m[K,
[1.280s]                  from [01m[K/home/matheuswagner/repos/adaptive-cubesat-adcs/cubesat-simulation/src/concept/src/../include/local_smartdata.h:7[m[K,
[1.281s]                  from [01m[K/home/matheuswagner/repos/adaptive-cubesat-adcs/cubesat-simulation/src/concept/src/concept.cpp:1[m[K:
[1.281s] [01m[K/usr/include/c++/7/functional:899:5:[m[K [01;36m[Knote: [m[Kcandidate: template<class _Result, class _Func, class ... _BoundArgs> typename std::_Bindres_helper<_Result, _Func, _BoundArgs>::type std::bind(_Func&&, _BoundArgs&& ...)
[1.281s]      [01;36m[Kbind[m[K(_Func&& __f, _BoundArgs&&... __args)
[1.281s]      [01;36m[K^~~~[m[K
[1.281s] [01m[K/usr/include/c++/7/functional:899:5:[m[K [01;36m[Knote: [m[K  template argument deduction/substitution failed:
[1.281s] In file included from [01m[K/home/matheuswagner/repos/adaptive-cubesat-adcs/cubesat-simulation/src/concept/src/concept.cpp:3:0[m[K:
[1.281s] [01m[K/home/matheuswagner/repos/adaptive-cubesat-adcs/cubesat-simulation/src/concept/src/../include/plugin_amperimeter.h:40:172:[m[K [01;36m[Knote: [m[K  couldn't deduce template parameter ‘[01m[K_Result[m[K’
[1.281s]  _subscription<std_msgs::msg::Float32>(topicName, 10,std::bind(&PluginAmperimeter::handleInterrupt, this, std::placeholders::_1[01;36m[K)[m[K);
[1.281s]                                                                                                                                [01;36m[K^[m[K
[1.301s] In file included from [01m[K/home/matheuswagner/repos/adaptive-cubesat-adcs/cubesat-simulation/src/concept/src/concept.cpp:5:0[m[K:
[1.302s] [01m[K/home/matheuswagner/repos/adaptive-cubesat-adcs/cubesat-simulation/src/concept/src/../include/proportional_controller.h:[m[K In member function ‘[01m[Kvirtual void ProportionalController::control()[m[K’:
[1.302s] [01m[K/home/matheuswagner/repos/adaptive-cubesat-adcs/cubesat-simulation/src/concept/src/../include/proportional_controller.h:36:29:[m[K [01;35m[Kwarning: [m[Kcomparison between signed and unsigned integer expressions [[01;35m[K-Wsign-compare[m[K]
[1.302s]              for(int i = 0; [01;35m[Ki<this->inputSmartData->size()[m[K; i++)
[1.302s]                             [01;35m[K~^~~~~~~~~~~~~~~~~~~~~~~~~~~~~[m[K
[1.302s] [01m[K/home/matheuswagner/repos/adaptive-cubesat-adcs/cubesat-simulation/src/concept/src/../include/proportional_controller.h:40:29:[m[K [01;35m[Kwarning: [m[Kcomparison between signed and unsigned integer expressions [[01;35m[K-Wsign-compare[m[K]
[1.302s]              for(int i = 0; [01;35m[Ki<this->outputSmartData->size()[m[K; i++)
[1.302s]                             [01;35m[K~^~~~~~~~~~~~~~~~~~~~~~~~~~~~~~[m[K
[1.374s] In file included from [01m[K/home/matheuswagner/repos/adaptive-cubesat-adcs/cubesat-simulation/src/concept/src/../include/local_smartdata.h:4:0[m[K,
[1.374s]                  from [01m[K/home/matheuswagner/repos/adaptive-cubesat-adcs/cubesat-simulation/src/concept/src/concept.cpp:1[m[K:
[1.374s] /home/matheuswagner/repos/adaptive-cubesat-adcs/cubesat-simulation/src/concept/src/../include/smartdata.h: In instantiation of ‘[01m[Kvoid SmartData::setValue(Value) [with Value = float][m[K’:
[1.374s] [01m[K/home/matheuswagner/repos/adaptive-cubesat-adcs/cubesat-simulation/src/concept/src/../include/plugin_amperimeter.h:46:50:[m[K   required from here
[1.374s] [01m[K/home/matheuswagner/repos/adaptive-cubesat-adcs/cubesat-simulation/src/concept/src/../include/smartdata.h:41:29:[m[K [01;35m[Kwarning: [m[Kunused parameter ‘[01m[Kvalue[m[K’ [[01;35m[K-Wunused-parameter[m[K]
[1.374s]          void setValue(Value [01;35m[Kvalue[m[K){}
[1.374s]                              [01;35m[K^~~~~[m[K
[1.374s] /home/matheuswagner/repos/adaptive-cubesat-adcs/cubesat-simulation/src/concept/src/../include/smartdata.h: In instantiation of ‘[01m[KValue SmartData::update() [with Value = float][m[K’:
[1.374s] [01m[K/home/matheuswagner/repos/adaptive-cubesat-adcs/cubesat-simulation/src/concept/src/../include/plugin_amperimeter.h:47:44:[m[K   required from here
[1.374s] [01m[K/home/matheuswagner/repos/adaptive-cubesat-adcs/cubesat-simulation/src/concept/src/../include/smartdata.h:38:24:[m[K [01;35m[Kwarning: [m[Kno return statement in function returning non-void [[01;35m[K-Wreturn-type[m[K]
[1.375s]          Value update(){[01;35m[K}[m[K
[1.375s]                         [01;35m[K^[m[K
[1.375s] /home/matheuswagner/repos/adaptive-cubesat-adcs/cubesat-simulation/src/concept/src/../include/smartdata.h: In instantiation of ‘[01m[KValue SmartData::value() [with Value = float][m[K’:
[1.375s] [01m[K/home/matheuswagner/repos/adaptive-cubesat-adcs/cubesat-simulation/src/concept/src/../include/plugin_motor_driver.h:44:58:[m[K   required from here
[1.375s] [01m[K/home/matheuswagner/repos/adaptive-cubesat-adcs/cubesat-simulation/src/concept/src/../include/smartdata.h:35:23:[m[K [01;35m[Kwarning: [m[Kno return statement in function returning non-void [[01;35m[K-Wreturn-type[m[K]
[1.375s]          Value value(){[01;35m[K}[m[K
[1.376s]                        [01;35m[K^[m[K
[1.620s] In file included from [01m[K/home/matheuswagner/repos/adaptive-cubesat-adcs/cubesat-simulation/src/concept/src/../include/smartdata.h:7:0[m[K,
[1.620s]                  from [01m[K/home/matheuswagner/repos/adaptive-cubesat-adcs/cubesat-simulation/src/concept/src/../include/local_smartdata.h:4[m[K,
[1.620s]                  from [01m[K/home/matheuswagner/repos/adaptive-cubesat-adcs/cubesat-simulation/src/concept/src/concept.cpp:1[m[K:
[1.620s] /home/matheuswagner/repos/adaptive-cubesat-adcs/cubesat-simulation/src/concept/src/../include/transducer.h: In instantiation of ‘[01m[Kvoid Transducer<UNIT, Value>::actuate(const Value&) [with long unsigned int UNIT = 2; Value = float][m[K’:
[1.620s] [01m[K/home/matheuswagner/repos/adaptive-cubesat-adcs/cubesat-simulation/src/concept/src/concept.cpp:46:1:[m[K   required from here
[1.620s] [01m[K/home/matheuswagner/repos/adaptive-cubesat-adcs/cubesat-simulation/src/concept/src/../include/transducer.h:17:43:[m[K [01;35m[Kwarning: [m[Kunused parameter ‘[01m[Kvalue[m[K’ [[01;35m[K-Wunused-parameter[m[K]
[1.620s]          virtual void actuate(const Value &[01;35m[Kvalue[m[K){}
[1.621s]                                            [01;35m[K^~~~~[m[K
[1.621s] /home/matheuswagner/repos/adaptive-cubesat-adcs/cubesat-simulation/src/concept/src/../include/transducer.h: In instantiation of ‘[01m[KValue Transducer<UNIT, Value>::sense() [with long unsigned int UNIT = 2; Value = float][m[K’:
[1.621s] [01m[K/home/matheuswagner/repos/adaptive-cubesat-adcs/cubesat-simulation/src/concept/src/concept.cpp:46:1:[m[K   required from here
[1.622s] [01m[K/home/matheuswagner/repos/adaptive-cubesat-adcs/cubesat-simulation/src/concept/src/../include/transducer.h:16:31:[m[K [01;35m[Kwarning: [m[Kno return statement in function returning non-void [[01;35m[K-Wreturn-type[m[K]
[1.622s]          virtual Value sense(){[01;35m[K}[m[K
[1.622s]                                [01;35m[K^[m[K
[1.622s] /home/matheuswagner/repos/adaptive-cubesat-adcs/cubesat-simulation/src/concept/src/../include/transducer.h: In instantiation of ‘[01m[Kvoid Transducer<UNIT, Value>::actuate(const Value&) [with long unsigned int UNIT = 1; Value = float][m[K’:
[1.622s] [01m[K/home/matheuswagner/repos/adaptive-cubesat-adcs/cubesat-simulation/src/concept/src/concept.cpp:46:1:[m[K   required from here
[1.622s] [01m[K/home/matheuswagner/repos/adaptive-cubesat-adcs/cubesat-simulation/src/concept/src/../include/transducer.h:17:43:[m[K [01;35m[Kwarning: [m[Kunused parameter ‘[01m[Kvalue[m[K’ [[01;35m[K-Wunused-parameter[m[K]
[1.622s]          virtual void actuate(const Value &[01;35m[Kvalue[m[K){}
[1.622s]                                            [01;35m[K^~~~~[m[K
[1.622s] /home/matheuswagner/repos/adaptive-cubesat-adcs/cubesat-simulation/src/concept/src/../include/transducer.h: In instantiation of ‘[01m[KValue Transducer<UNIT, Value>::sense() [with long unsigned int UNIT = 1; Value = float][m[K’:
[1.623s] [01m[K/home/matheuswagner/repos/adaptive-cubesat-adcs/cubesat-simulation/src/concept/src/concept.cpp:46:1:[m[K   required from here
[1.623s] [01m[K/home/matheuswagner/repos/adaptive-cubesat-adcs/cubesat-simulation/src/concept/src/../include/transducer.h:16:31:[m[K [01;35m[Kwarning: [m[Kno return statement in function returning non-void [[01;35m[K-Wreturn-type[m[K]
[1.623s]          virtual Value sense(){[01;35m[K}[m[K
[1.623s]                                [01;35m[K^[m[K
[1.682s] make[2]: *** [CMakeFiles/concept.dir/src/concept.cpp.o] Error 1
[1.682s] CMakeFiles/concept.dir/build.make:81: recipe for target 'CMakeFiles/concept.dir/src/concept.cpp.o' failed
[1.682s] CMakeFiles/Makefile2:122: recipe for target 'CMakeFiles/concept.dir/all' failed
[1.682s] make[1]: *** [CMakeFiles/concept.dir/all] Error 2
[1.682s] Makefile:159: recipe for target 'all' failed
[1.683s] make: *** [all] Error 2
[1.684s] Invoked command in '/home/matheuswagner/repos/adaptive-cubesat-adcs/cubesat-simulation/build/concept' returned '2': CMAKE_PREFIX_PATH=${CMAKE_PREFIX_PATH}:/home/matheuswagner/repos/adaptive-cubesat-adcs/cubesat-simulation/install/cubesat_description:/opt/ros/dashing /usr/local/bin/cmake --build /home/matheuswagner/repos/adaptive-cubesat-adcs/cubesat-simulation/build/concept -- -j8 -l8
