[0.054s] Invoking command in '/home/matheuswagner/repos/adaptive-cubesat-adcs/cubesat-simulation/build/smartdata_msgs': CMAKE_PREFIX_PATH=${CMAKE_PREFIX_PATH}:/opt/ros/dashing /usr/local/bin/cmake /home/matheuswagner/repos/adaptive-cubesat-adcs/cubesat-simulation/src/smartdata_msgs -DCMAKE_INSTALL_PREFIX=/home/matheuswagner/repos/adaptive-cubesat-adcs/cubesat-simulation/install/smartdata_msgs
[0.064s] -- Found ament_cmake: 0.7.6 (/home/matheuswagner/ros2_dashing/ros2-linux/share/ament_cmake/cmake)
[0.102s] -- Found PythonInterp: /usr/bin/python3 (found suitable version "3.6.9", minimum required is "3") 
[0.103s] -- Using PYTHON_EXECUTABLE: /usr/bin/python3
[0.476s] -- Found rosidl_default_generators: 0.7.0 (/home/matheuswagner/ros2_dashing/ros2-linux/share/rosidl_default_generators/cmake)
[0.531s] -- Could not find RTI Connext - skipping rosidl_typesupport_connext_c
[0.543s] -- Found rosidl_adapter: 0.7.10 (/home/matheuswagner/ros2_dashing/ros2-linux/share/rosidl_adapter/cmake)
[0.553s] -- Could not find RTI Connext - skipping rosidl_typesupport_connext_cpp
[0.675s] -- Could not find PrismTech OpenSplice - skipping rosidl_typesupport_opensplice_c
[0.677s] -- Could not find PrismTech OpenSplice - skipping rosidl_typesupport_opensplice_cpp
[0.691s] CMake Error at /home/matheuswagner/ros2_dashing/ros2-linux/share/rosidl_cmake/cmake/rosidl_generate_interfaces.cmake:93 (message):
[0.691s]   rosidl_generate_interfaces() the passed file 'msg/smartdata.msg' doesn't
[0.691s]   exist relative to the CMAKE_CURRENT_SOURCE_DIR
[0.691s]   '/home/matheuswagner/repos/adaptive-cubesat-adcs/cubesat-simulation/src/smartdata_msgs'
[0.691s] Call Stack (most recent call first):
[0.691s]   CMakeLists.txt:26 (rosidl_generate_interfaces)
[0.692s] 
[0.692s] 
[0.692s] -- Configuring incomplete, errors occurred!
[0.692s] See also "/home/matheuswagner/repos/adaptive-cubesat-adcs/cubesat-simulation/build/smartdata_msgs/CMakeFiles/CMakeOutput.log".
[0.695s] Invoked command in '/home/matheuswagner/repos/adaptive-cubesat-adcs/cubesat-simulation/build/smartdata_msgs' returned '1': CMAKE_PREFIX_PATH=${CMAKE_PREFIX_PATH}:/opt/ros/dashing /usr/local/bin/cmake /home/matheuswagner/repos/adaptive-cubesat-adcs/cubesat-simulation/src/smartdata_msgs -DCMAKE_INSTALL_PREFIX=/home/matheuswagner/repos/adaptive-cubesat-adcs/cubesat-simulation/install/smartdata_msgs
