[0.066s] Invoking command in '/home/matheuswagner/repos/adaptive-cubesat-adcs/cubesat-simulation/build/concept': CMAKE_PREFIX_PATH=${CMAKE_PREFIX_PATH}:/home/matheuswagner/repos/adaptive-cubesat-adcs/cubesat-simulation/install/cubesat_description:/opt/ros/dashing /usr/local/bin/cmake --build /home/matheuswagner/repos/adaptive-cubesat-adcs/cubesat-simulation/build/concept -- -j8 -l8
[0.092s] [35m[1mScanning dependencies of target concept[0m
[0.103s] [ 50%] [32mBuilding CXX object CMakeFiles/concept.dir/src/concept.cpp.o[0m
[0.241s] In file included from [01m[K/home/matheuswagner/repos/adaptive-cubesat-adcs/cubesat-simulation/src/concept/src/../include/smartdata.h:5:0[m[K,
[0.241s]                  from [01m[K/home/matheuswagner/repos/adaptive-cubesat-adcs/cubesat-simulation/src/concept/src/../include/local_smartdata.h:4[m[K,
[0.241s]                  from [01m[K/home/matheuswagner/repos/adaptive-cubesat-adcs/cubesat-simulation/src/concept/src/concept.cpp:1[m[K:
[0.241s] [01m[K/home/matheuswagner/repos/adaptive-cubesat-adcs/cubesat-simulation/src/concept/src/../include/observer.h:[m[K In member function ‘[01m[Kvirtual void Observer::notify(int)[m[K’:
[0.241s] [01m[K/home/matheuswagner/repos/adaptive-cubesat-adcs/cubesat-simulation/src/concept/src/../include/observer.h:8:33:[m[K [01;35m[Kwarning: [m[Kunused parameter ‘[01m[Kid[m[K’ [[01;35m[K-Wunused-parameter[m[K]
[0.242s]          virtual void notify(int [01;35m[Kid[m[K){};
[0.242s]                                  [01;35m[K^~[m[K
[1.402s] [01m[K/home/matheuswagner/repos/adaptive-cubesat-adcs/cubesat-simulation/src/concept/src/concept.cpp:[m[K In function ‘[01m[Kint main(int, char**)[m[K’:
[1.402s] [01m[K/home/matheuswagner/repos/adaptive-cubesat-adcs/cubesat-simulation/src/concept/src/concept.cpp:21:61:[m[K [01;31m[Kerror: [m[Kexpected unqualified-id before ‘[01m[K>[m[K’ token
[1.403s]      std::shared_ptr<LocalSmartData<float,PluginMotorDriver>>[01;31m[K>[m[K driverX = std::make_shared<LocalSmartData<float,PluginMotorDriver>>(1, 100, 10, 2);
[1.403s]                                                              [01;31m[K^[m[K
[1.403s] [01m[K/home/matheuswagner/repos/adaptive-cubesat-adcs/cubesat-simulation/src/concept/src/concept.cpp:22:61:[m[K [01;31m[Kerror: [m[Kexpected unqualified-id before ‘[01m[K>[m[K’ token
[1.403s]      std::shared_ptr<LocalSmartData<float,PluginMotorDriver>>[01;31m[K>[m[K driverY = std::make_shared<LocalSmartData<float,PluginMotorDriver>>(2, 100, 10, 2);
[1.403s]                                                              [01;31m[K^[m[K
[1.403s] [01m[K/home/matheuswagner/repos/adaptive-cubesat-adcs/cubesat-simulation/src/concept/src/concept.cpp:27:22:[m[K [01;31m[Kerror: [m[K‘[01m[KdriverX[m[K’ was not declared in this scope
[1.403s]      inputs.push_back([01;31m[KdriverX[m[K);
[1.403s]                       [01;31m[K^~~~~~~[m[K
[1.404s] [01m[K/home/matheuswagner/repos/adaptive-cubesat-adcs/cubesat-simulation/src/concept/src/concept.cpp:28:22:[m[K [01;31m[Kerror: [m[K‘[01m[KdriverY[m[K’ was not declared in this scope
[1.404s]      inputs.push_back([01;31m[KdriverY[m[K);
[1.404s]                       [01;31m[K^~~~~~~[m[K
[1.404s] [01m[K/home/matheuswagner/repos/adaptive-cubesat-adcs/cubesat-simulation/src/concept/src/concept.cpp:30:70:[m[K [01;31m[Kerror: [m[Ktype/value mismatch at argument 2 in template parameter list for ‘[01m[Ktemplate<class Value, class Transducer> class LocalSmartData[m[K’
[1.404s]      ControllerSmartData<ProportionalController,LocalSmartData<float, [01;31m[KTransducer[m[K>> controller(inputs, outputs);
[1.405s]                                                                       [01;31m[K^~~~~~~~~~[m[K
[1.405s] [01m[K/home/matheuswagner/repos/adaptive-cubesat-adcs/cubesat-simulation/src/concept/src/concept.cpp:30:70:[m[K [01;36m[Knote: [m[K  expected a type, got ‘[01m[KTransducer[m[K’
[1.405s] [01m[K/home/matheuswagner/repos/adaptive-cubesat-adcs/cubesat-simulation/src/concept/src/concept.cpp:30:80:[m[K [01;31m[Kerror: [m[Ktype/value mismatch at argument 1 in template parameter list for ‘[01m[Ktemplate<class Controller, class SD> class ControllerSmartData[m[K’
[1.405s]      ControllerSmartData<ProportionalController,LocalSmartData<float, Transducer[01;31m[K>>[m[K controller(inputs, outputs);
[1.405s]                                                                                 [01;31m[K^~[m[K
[1.405s] [01m[K/home/matheuswagner/repos/adaptive-cubesat-adcs/cubesat-simulation/src/concept/src/concept.cpp:30:80:[m[K [01;36m[Knote: [m[K  expected a type, got ‘[01m[KProportionalController[m[K’
[1.405s] [01m[K/home/matheuswagner/repos/adaptive-cubesat-adcs/cubesat-simulation/src/concept/src/concept.cpp:30:80:[m[K [01;31m[Kerror: [m[Ktemplate argument 2 is invalid
[1.405s] [01m[K/home/matheuswagner/repos/adaptive-cubesat-adcs/cubesat-simulation/src/concept/src/concept.cpp:30:109:[m[K [01;31m[Kerror: [m[Kexpression list treated as compound expression in initializer [[01;31m[K-fpermissive[m[K]
[1.405s]      ControllerSmartData<ProportionalController,LocalSmartData<float, Transducer>> controller(inputs, outputs[01;31m[K)[m[K;
[1.406s]                                                                                                              [01;31m[K^[m[K
[1.408s] [01m[K/home/matheuswagner/repos/adaptive-cubesat-adcs/cubesat-simulation/src/concept/src/concept.cpp:30:109:[m[K [01;35m[Kwarning: [m[Kleft operand of comma operator has no effect [[01;35m[K-Wunused-value[m[K]
[1.409s] [01m[K/home/matheuswagner/repos/adaptive-cubesat-adcs/cubesat-simulation/src/concept/src/concept.cpp:30:109:[m[K [01;31m[Kerror: [m[Kcannot convert ‘[01m[Kstd::__cxx11::list<std::shared_ptr<LocalSmartData<float, PluginAmperimeter> > >[m[K’ to ‘[01m[Kint[m[K’ in initialization
[1.409s] [01m[K/home/matheuswagner/repos/adaptive-cubesat-adcs/cubesat-simulation/src/concept/src/concept.cpp:30:83:[m[K [01;35m[Kwarning: [m[Kunused variable ‘[01m[Kcontroller[m[K’ [[01;35m[K-Wunused-variable[m[K]
[1.409s]      ControllerSmartData<ProportionalController,LocalSmartData<float, Transducer>> [01;35m[Kcontroller[m[K(inputs, outputs);
[1.409s]                                                                                    [01;35m[K^~~~~~~~~~[m[K
[1.476s] In file included from [01m[K/home/matheuswagner/repos/adaptive-cubesat-adcs/cubesat-simulation/src/concept/src/../include/local_smartdata.h:4:0[m[K,
[1.476s]                  from [01m[K/home/matheuswagner/repos/adaptive-cubesat-adcs/cubesat-simulation/src/concept/src/concept.cpp:1[m[K:
[1.476s] /home/matheuswagner/repos/adaptive-cubesat-adcs/cubesat-simulation/src/concept/src/../include/smartdata.h: In instantiation of ‘[01m[Kvoid SmartData::setValue(Value) [with Value = float][m[K’:
[1.476s] [01m[K/home/matheuswagner/repos/adaptive-cubesat-adcs/cubesat-simulation/src/concept/src/../include/plugin_amperimeter.h:48:50:[m[K   required from here
[1.476s] [01m[K/home/matheuswagner/repos/adaptive-cubesat-adcs/cubesat-simulation/src/concept/src/../include/smartdata.h:41:29:[m[K [01;35m[Kwarning: [m[Kunused parameter ‘[01m[Kvalue[m[K’ [[01;35m[K-Wunused-parameter[m[K]
[1.477s]          void setValue(Value [01;35m[Kvalue[m[K){}
[1.477s]                              [01;35m[K^~~~~[m[K
[1.477s] /home/matheuswagner/repos/adaptive-cubesat-adcs/cubesat-simulation/src/concept/src/../include/smartdata.h: In instantiation of ‘[01m[KValue SmartData::value() [with Value = float][m[K’:
[1.477s] [01m[K/home/matheuswagner/repos/adaptive-cubesat-adcs/cubesat-simulation/src/concept/src/../include/plugin_amperimeter.h:49:13:[m[K   required from here
[1.477s] [01m[K/home/matheuswagner/repos/adaptive-cubesat-adcs/cubesat-simulation/src/concept/src/../include/smartdata.h:35:23:[m[K [01;35m[Kwarning: [m[Kno return statement in function returning non-void [[01;35m[K-Wreturn-type[m[K]
[1.477s]          Value value(){[01;35m[K}[m[K
[1.477s]                        [01;35m[K^[m[K
[1.477s] /home/matheuswagner/repos/adaptive-cubesat-adcs/cubesat-simulation/src/concept/src/../include/smartdata.h: In instantiation of ‘[01m[KValue SmartData::update() [with Value = float][m[K’:
[1.478s] [01m[K/home/matheuswagner/repos/adaptive-cubesat-adcs/cubesat-simulation/src/concept/src/../include/plugin_amperimeter.h:50:44:[m[K   required from here
[1.478s] [01m[K/home/matheuswagner/repos/adaptive-cubesat-adcs/cubesat-simulation/src/concept/src/../include/smartdata.h:38:24:[m[K [01;35m[Kwarning: [m[Kno return statement in function returning non-void [[01;35m[K-Wreturn-type[m[K]
[1.478s]          Value update(){[01;35m[K}[m[K
[1.478s]                         [01;35m[K^[m[K
[2.116s] In file included from [01m[K/home/matheuswagner/repos/adaptive-cubesat-adcs/cubesat-simulation/src/concept/src/../include/smartdata.h:7:0[m[K,
[2.116s]                  from [01m[K/home/matheuswagner/repos/adaptive-cubesat-adcs/cubesat-simulation/src/concept/src/../include/local_smartdata.h:4[m[K,
[2.116s]                  from [01m[K/home/matheuswagner/repos/adaptive-cubesat-adcs/cubesat-simulation/src/concept/src/concept.cpp:1[m[K:
[2.117s] /home/matheuswagner/repos/adaptive-cubesat-adcs/cubesat-simulation/src/concept/src/../include/transducer.h: In instantiation of ‘[01m[Kvoid Transducer<UNIT, Value>::actuate(const Value&) [with long unsigned int UNIT = 2; Value = float][m[K’:
[2.117s] [01m[K/home/matheuswagner/repos/adaptive-cubesat-adcs/cubesat-simulation/src/concept/src/concept.cpp:45:1:[m[K   required from here
[2.117s] [01m[K/home/matheuswagner/repos/adaptive-cubesat-adcs/cubesat-simulation/src/concept/src/../include/transducer.h:17:43:[m[K [01;35m[Kwarning: [m[Kunused parameter ‘[01m[Kvalue[m[K’ [[01;35m[K-Wunused-parameter[m[K]
[2.117s]          virtual void actuate(const Value &[01;35m[Kvalue[m[K){}
[2.117s]                                            [01;35m[K^~~~~[m[K
[2.118s] /home/matheuswagner/repos/adaptive-cubesat-adcs/cubesat-simulation/src/concept/src/../include/transducer.h: In instantiation of ‘[01m[KValue Transducer<UNIT, Value>::sense() [with long unsigned int UNIT = 2; Value = float][m[K’:
[2.118s] [01m[K/home/matheuswagner/repos/adaptive-cubesat-adcs/cubesat-simulation/src/concept/src/concept.cpp:45:1:[m[K   required from here
[2.118s] [01m[K/home/matheuswagner/repos/adaptive-cubesat-adcs/cubesat-simulation/src/concept/src/../include/transducer.h:16:31:[m[K [01;35m[Kwarning: [m[Kno return statement in function returning non-void [[01;35m[K-Wreturn-type[m[K]
[2.118s]          virtual Value sense(){[01;35m[K}[m[K
[2.118s]                                [01;35m[K^[m[K
[2.118s] /home/matheuswagner/repos/adaptive-cubesat-adcs/cubesat-simulation/src/concept/src/../include/transducer.h: In instantiation of ‘[01m[Kvoid Transducer<UNIT, Value>::actuate(const Value&) [with long unsigned int UNIT = 1; Value = float][m[K’:
[2.118s] [01m[K/home/matheuswagner/repos/adaptive-cubesat-adcs/cubesat-simulation/src/concept/src/concept.cpp:45:1:[m[K   required from here
[2.119s] [01m[K/home/matheuswagner/repos/adaptive-cubesat-adcs/cubesat-simulation/src/concept/src/../include/transducer.h:17:43:[m[K [01;35m[Kwarning: [m[Kunused parameter ‘[01m[Kvalue[m[K’ [[01;35m[K-Wunused-parameter[m[K]
[2.119s]          virtual void actuate(const Value &[01;35m[Kvalue[m[K){}
[2.119s]                                            [01;35m[K^~~~~[m[K
[2.129s] /home/matheuswagner/repos/adaptive-cubesat-adcs/cubesat-simulation/src/concept/src/../include/transducer.h: In instantiation of ‘[01m[KValue Transducer<UNIT, Value>::sense() [with long unsigned int UNIT = 1; Value = float][m[K’:
[2.129s] [01m[K/home/matheuswagner/repos/adaptive-cubesat-adcs/cubesat-simulation/src/concept/src/concept.cpp:45:1:[m[K   required from here
[2.129s] [01m[K/home/matheuswagner/repos/adaptive-cubesat-adcs/cubesat-simulation/src/concept/src/../include/transducer.h:16:31:[m[K [01;35m[Kwarning: [m[Kno return statement in function returning non-void [[01;35m[K-Wreturn-type[m[K]
[2.129s]          virtual Value sense(){[01;35m[K}[m[K
[2.129s]                                [01;35m[K^[m[K
[2.268s] CMakeFiles/concept.dir/build.make:81: recipe for target 'CMakeFiles/concept.dir/src/concept.cpp.o' failed
[2.268s] make[2]: *** [CMakeFiles/concept.dir/src/concept.cpp.o] Error 1
[2.268s] make[1]: *** [CMakeFiles/concept.dir/all] Error 2
[2.268s] CMakeFiles/Makefile2:122: recipe for target 'CMakeFiles/concept.dir/all' failed
[2.268s] Makefile:159: recipe for target 'all' failed
[2.268s] make: *** [all] Error 2
[2.269s] Invoked command in '/home/matheuswagner/repos/adaptive-cubesat-adcs/cubesat-simulation/build/concept' returned '2': CMAKE_PREFIX_PATH=${CMAKE_PREFIX_PATH}:/home/matheuswagner/repos/adaptive-cubesat-adcs/cubesat-simulation/install/cubesat_description:/opt/ros/dashing /usr/local/bin/cmake --build /home/matheuswagner/repos/adaptive-cubesat-adcs/cubesat-simulation/build/concept -- -j8 -l8
