[1.398s] Invoking command in '/home/matheuswagner/repos/adaptive-cubesat-adcs/cubesat-simulation/src/cubesat_description': PYTHONPATH=/home/matheuswagner/repos/adaptive-cubesat-adcs/cubesat-simulation/install/cubesat_description/lib/python3.8/site-packages:${PYTHONPATH} /usr/bin/python3 setup.py egg_info --egg-base ../../build/cubesat_description build --build-base /home/matheuswagner/repos/adaptive-cubesat-adcs/cubesat-simulation/build/cubesat_description/build install --prefix /home/matheuswagner/repos/adaptive-cubesat-adcs/cubesat-simulation/install/cubesat_description --record /home/matheuswagner/repos/adaptive-cubesat-adcs/cubesat-simulation/build/cubesat_description/install.log --single-version-externally-managed
[1.673s] running egg_info
[1.674s] writing ../../build/cubesat_description/cubesat_description.egg-info/PKG-INFO
[1.674s] writing dependency_links to ../../build/cubesat_description/cubesat_description.egg-info/dependency_links.txt
[1.674s] writing entry points to ../../build/cubesat_description/cubesat_description.egg-info/entry_points.txt
[1.674s] writing requirements to ../../build/cubesat_description/cubesat_description.egg-info/requires.txt
[1.674s] writing top-level names to ../../build/cubesat_description/cubesat_description.egg-info/top_level.txt
[1.714s] reading manifest file '../../build/cubesat_description/cubesat_description.egg-info/SOURCES.txt'
[1.716s] writing manifest file '../../build/cubesat_description/cubesat_description.egg-info/SOURCES.txt'
[1.716s] running build
[1.716s] running build_py
[1.716s] running install
[1.717s] running install_lib
[1.718s] running install_data
[1.719s] running install_egg_info
[1.720s] removing '/home/matheuswagner/repos/adaptive-cubesat-adcs/cubesat-simulation/install/cubesat_description/lib/python3.8/site-packages/cubesat_description-0.0.0-py3.8.egg-info' (and everything under it)
[1.721s] Copying ../../build/cubesat_description/cubesat_description.egg-info to /home/matheuswagner/repos/adaptive-cubesat-adcs/cubesat-simulation/install/cubesat_description/lib/python3.8/site-packages/cubesat_description-0.0.0-py3.8.egg-info
[1.722s] running install_scripts
[1.741s] writing list of installed files to '/home/matheuswagner/repos/adaptive-cubesat-adcs/cubesat-simulation/build/cubesat_description/install.log'
[1.768s] Invoked command in '/home/matheuswagner/repos/adaptive-cubesat-adcs/cubesat-simulation/src/cubesat_description' returned '0': PYTHONPATH=/home/matheuswagner/repos/adaptive-cubesat-adcs/cubesat-simulation/install/cubesat_description/lib/python3.8/site-packages:${PYTHONPATH} /usr/bin/python3 setup.py egg_info --egg-base ../../build/cubesat_description build --build-base /home/matheuswagner/repos/adaptive-cubesat-adcs/cubesat-simulation/build/cubesat_description/build install --prefix /home/matheuswagner/repos/adaptive-cubesat-adcs/cubesat-simulation/install/cubesat_description --record /home/matheuswagner/repos/adaptive-cubesat-adcs/cubesat-simulation/build/cubesat_description/install.log --single-version-externally-managed
