[0.443s] Invoking command in '/home/matheuswagner/repos/adaptive-cubesat-adcs/cubesat-simulation/build/cubesat_sensors': CMAKE_PREFIX_PATH=${CMAKE_PREFIX_PATH}:/home/matheuswagner/repos/adaptive-cubesat-adcs/cubesat-simulation/install/cubesat_description:/opt/ros/foxy /usr/bin/cmake /home/matheuswagner/repos/adaptive-cubesat-adcs/cubesat-simulation/src/cubesat_sensors -DCMAKE_INSTALL_PREFIX=/home/matheuswagner/repos/adaptive-cubesat-adcs/cubesat-simulation/install/cubesat_sensors
[0.556s] -- The C compiler identification is GNU 9.4.0
[0.662s] -- The CXX compiler identification is GNU 9.4.0
[0.670s] -- Check for working C compiler: /usr/bin/cc
[0.820s] -- Check for working C compiler: /usr/bin/cc -- works
[0.822s] -- Detecting C compiler ABI info
[0.950s] -- Detecting C compiler ABI info - done
[0.971s] -- Detecting C compile features
[0.971s] -- Detecting C compile features - done
[0.976s] -- Check for working CXX compiler: /usr/bin/c++
[1.102s] -- Check for working CXX compiler: /usr/bin/c++ -- works
[1.104s] -- Detecting CXX compiler ABI info
[1.284s] -- Detecting CXX compiler ABI info - done
[1.303s] -- Detecting CXX compile features
[1.304s] -- Detecting CXX compile features - done
[1.306s] -- Found rclcpp: 2.4.1 (/opt/ros/foxy/share/rclcpp/cmake)
[1.364s] -- Found PythonInterp: /usr/bin/python3 (found suitable version "3.8.10", minimum required is "3") 
[1.365s] -- Using PYTHON_EXECUTABLE: /usr/bin/python3
[1.862s] -- Using all available rosidl_typesupport_c: rosidl_typesupport_fastrtps_c;rosidl_typesupport_introspection_c
[1.877s] -- Found rosidl_adapter: 1.2.1 (/opt/ros/foxy/share/rosidl_adapter/cmake)
[2.023s] -- Found OpenSSL: /usr/lib/x86_64-linux-gnu/libcrypto.so (found version "1.1.1f")  
[2.058s] -- Found FastRTPS: /opt/ros/foxy/include  
[2.242s] -- Using all available rosidl_typesupport_cpp: rosidl_typesupport_fastrtps_cpp;rosidl_typesupport_introspection_cpp
[2.330s] -- Found rmw_implementation_cmake: 1.0.3 (/opt/ros/foxy/share/rmw_implementation_cmake/cmake)
[2.332s] -- Using RMW implementation 'rmw_fastrtps_cpp' as default
[2.333s] -- Looking for pthread.h
[2.430s] -- Looking for pthread.h - found
[2.430s] -- Performing Test CMAKE_HAVE_LIBC_PTHREAD
[2.524s] -- Performing Test CMAKE_HAVE_LIBC_PTHREAD - Failed
[2.524s] -- Looking for pthread_create in pthreads
[2.604s] -- Looking for pthread_create in pthreads - not found
[2.605s] -- Looking for pthread_create in pthread
[2.689s] -- Looking for pthread_create in pthread - found
[2.691s] -- Found Threads: TRUE  
[3.086s] -- Found sensor_msgs: 2.0.5 (/opt/ros/foxy/share/sensor_msgs/cmake)
[3.326s] -- Found ament_lint_auto: 0.9.6 (/opt/ros/foxy/share/ament_lint_auto/cmake)
[3.426s] -- Added test 'copyright' to check source files copyright and LICENSE
[3.427s] -- Added test 'cppcheck' to perform static code analysis on C / C++ code
[3.427s] -- Configured cppcheck include dirs: 
[3.427s] -- Configured cppcheck exclude dirs and/or files: 
[3.427s] -- Added test 'cpplint' to check C / C++ code against the Google style
[3.428s] -- Configured cpplint exclude dirs and/or files: 
[3.428s] -- Added test 'lint_cmake' to check CMake code style
[3.430s] -- Added test 'uncrustify' to check C / C++ code style
[3.430s] -- Configured uncrustify additional arguments: 
[3.430s] -- Added test 'xmllint' to check XML markup files
[3.435s] -- Configuring done
[3.449s] -- Generating done
[3.449s] -- Build files have been written to: /home/matheuswagner/repos/adaptive-cubesat-adcs/cubesat-simulation/build/cubesat_sensors
[3.459s] Invoked command in '/home/matheuswagner/repos/adaptive-cubesat-adcs/cubesat-simulation/build/cubesat_sensors' returned '0': CMAKE_PREFIX_PATH=${CMAKE_PREFIX_PATH}:/home/matheuswagner/repos/adaptive-cubesat-adcs/cubesat-simulation/install/cubesat_description:/opt/ros/foxy /usr/bin/cmake /home/matheuswagner/repos/adaptive-cubesat-adcs/cubesat-simulation/src/cubesat_sensors -DCMAKE_INSTALL_PREFIX=/home/matheuswagner/repos/adaptive-cubesat-adcs/cubesat-simulation/install/cubesat_sensors
[3.462s] Invoking command in '/home/matheuswagner/repos/adaptive-cubesat-adcs/cubesat-simulation/build/cubesat_sensors': CMAKE_PREFIX_PATH=${CMAKE_PREFIX_PATH}:/home/matheuswagner/repos/adaptive-cubesat-adcs/cubesat-simulation/install/cubesat_description:/opt/ros/foxy /usr/bin/cmake --build /home/matheuswagner/repos/adaptive-cubesat-adcs/cubesat-simulation/build/cubesat_sensors -- -j8 -l8
[3.582s] [35m[1mScanning dependencies of target imu_adapter[0m
[3.638s] [ 50%] [32mBuilding CXX object CMakeFiles/imu_adapter.dir/src/imu_adapter.cpp.o[0m
[10.018s] [100%] [32m[1mLinking CXX executable imu_adapter[0m
[10.357s] [100%] Built target imu_adapter
