[0.020s] Invoking command in '/home/matheuswagner/repos/adaptive-cubesat-adcs/cubesat-simulation/build/controller': CMAKE_PREFIX_PATH=${CMAKE_PREFIX_PATH}:/home/matheuswagner/repos/adaptive-cubesat-adcs/cubesat-simulation/install/cubesat_description:/opt/ros/foxy /usr/bin/cmake --build /home/matheuswagner/repos/adaptive-cubesat-adcs/cubesat-simulation/build/controller -- -j8 -l8
[0.112s] [100%] Built target controller
[0.131s] Invoked command in '/home/matheuswagner/repos/adaptive-cubesat-adcs/cubesat-simulation/build/controller' returned '0': CMAKE_PREFIX_PATH=${CMAKE_PREFIX_PATH}:/home/matheuswagner/repos/adaptive-cubesat-adcs/cubesat-simulation/install/cubesat_description:/opt/ros/foxy /usr/bin/cmake --build /home/matheuswagner/repos/adaptive-cubesat-adcs/cubesat-simulation/build/controller -- -j8 -l8
[0.187s] Invoking command in '/home/matheuswagner/repos/adaptive-cubesat-adcs/cubesat-simulation/build/controller': CMAKE_PREFIX_PATH=${CMAKE_PREFIX_PATH}:/home/matheuswagner/repos/adaptive-cubesat-adcs/cubesat-simulation/install/cubesat_description:/opt/ros/foxy /usr/bin/cmake --install /home/matheuswagner/repos/adaptive-cubesat-adcs/cubesat-simulation/build/controller
[0.198s] -- Install configuration: ""
[0.198s] -- Up-to-date: /home/matheuswagner/repos/adaptive-cubesat-adcs/cubesat-simulation/install/controller/lib/controller/controller
[0.199s] -- Up-to-date: /home/matheuswagner/repos/adaptive-cubesat-adcs/cubesat-simulation/install/controller/share/ament_index/resource_index/package_run_dependencies/controller
[0.199s] -- Up-to-date: /home/matheuswagner/repos/adaptive-cubesat-adcs/cubesat-simulation/install/controller/share/ament_index/resource_index/parent_prefix_path/controller
[0.199s] -- Up-to-date: /home/matheuswagner/repos/adaptive-cubesat-adcs/cubesat-simulation/install/controller/share/controller/environment/ament_prefix_path.sh
[0.199s] -- Up-to-date: /home/matheuswagner/repos/adaptive-cubesat-adcs/cubesat-simulation/install/controller/share/controller/environment/ament_prefix_path.dsv
[0.199s] -- Up-to-date: /home/matheuswagner/repos/adaptive-cubesat-adcs/cubesat-simulation/install/controller/share/controller/environment/path.sh
[0.200s] -- Up-to-date: /home/matheuswagner/repos/adaptive-cubesat-adcs/cubesat-simulation/install/controller/share/controller/environment/path.dsv
[0.200s] -- Up-to-date: /home/matheuswagner/repos/adaptive-cubesat-adcs/cubesat-simulation/install/controller/share/controller/local_setup.bash
[0.200s] -- Up-to-date: /home/matheuswagner/repos/adaptive-cubesat-adcs/cubesat-simulation/install/controller/share/controller/local_setup.sh
[0.200s] -- Up-to-date: /home/matheuswagner/repos/adaptive-cubesat-adcs/cubesat-simulation/install/controller/share/controller/local_setup.zsh
[0.200s] -- Up-to-date: /home/matheuswagner/repos/adaptive-cubesat-adcs/cubesat-simulation/install/controller/share/controller/local_setup.dsv
[0.200s] -- Installing: /home/matheuswagner/repos/adaptive-cubesat-adcs/cubesat-simulation/install/controller/share/controller/package.dsv
[0.200s] -- Up-to-date: /home/matheuswagner/repos/adaptive-cubesat-adcs/cubesat-simulation/install/controller/share/ament_index/resource_index/packages/controller
[0.200s] -- Up-to-date: /home/matheuswagner/repos/adaptive-cubesat-adcs/cubesat-simulation/install/controller/share/controller/cmake/controllerConfig.cmake
[0.200s] -- Up-to-date: /home/matheuswagner/repos/adaptive-cubesat-adcs/cubesat-simulation/install/controller/share/controller/cmake/controllerConfig-version.cmake
[0.200s] -- Up-to-date: /home/matheuswagner/repos/adaptive-cubesat-adcs/cubesat-simulation/install/controller/share/controller/package.xml
[0.205s] Invoked command in '/home/matheuswagner/repos/adaptive-cubesat-adcs/cubesat-simulation/build/controller' returned '0': CMAKE_PREFIX_PATH=${CMAKE_PREFIX_PATH}:/home/matheuswagner/repos/adaptive-cubesat-adcs/cubesat-simulation/install/cubesat_description:/opt/ros/foxy /usr/bin/cmake --install /home/matheuswagner/repos/adaptive-cubesat-adcs/cubesat-simulation/build/controller
