[0.695s] DEBUG:colcon:Command line arguments: ['/home/matheuswagner/.local/bin/colcon', 'build', '--packages-select', 'smartdata_test']
[0.695s] DEBUG:colcon:Parsed command line arguments: Namespace(allow_overriding=[], ament_cmake_args=None, base_paths=['.'], build_base='build', catkin_cmake_args=None, catkin_skip_building_tests=False, cmake_args=None, cmake_clean_cache=False, cmake_clean_first=False, cmake_force_configure=False, cmake_target=None, cmake_target_skip_unavailable=False, continue_on_error=False, event_handlers=None, executor='parallel', ignore_user_meta=False, install_base='install', log_base=None, log_level=None, main=<bound method BuildVerb.main of <colcon_core.verb.build.BuildVerb object at 0x7fa06035d630>>, merge_install=False, metas=['./colcon.meta'], packages_above=None, packages_above_and_dependencies=None, packages_above_depth=None, packages_end=None, packages_ignore=None, packages_ignore_regex=None, packages_select=['smartdata_test'], packages_select_build_failed=False, packages_select_by_dep=None, packages_select_regex=None, packages_select_test_failures=False, packages_skip=None, packages_skip_build_finished=False, packages_skip_by_dep=None, packages_skip_regex=None, packages_skip_test_passed=False, packages_skip_up_to=None, packages_start=None, packages_up_to=None, packages_up_to_regex=None, parallel_workers=8, paths=None, symlink_install=False, test_result_base=None, verb_extension=<colcon_core.verb.build.BuildVerb object at 0x7fa06035d630>, verb_name='build', verb_parser=<colcon_defaults.argument_parser.defaults.DefaultArgumentsDecorator object at 0x7fa05fd2c3c8>)
[0.718s] Level 1:colcon.colcon_core.package_discovery:discover_packages(colcon_meta) check parameters
[0.718s] Level 1:colcon.colcon_core.package_discovery:discover_packages(recursive) check parameters
[0.718s] Level 1:colcon.colcon_core.package_discovery:discover_packages(ignore) check parameters
[0.718s] Level 1:colcon.colcon_core.package_discovery:discover_packages(path) check parameters
[0.718s] Level 1:colcon.colcon_core.package_discovery:discover_packages(colcon_meta) discover
[0.718s] Level 1:colcon.colcon_core.package_discovery:discover_packages(recursive) discover
[0.718s] INFO:colcon.colcon_core.package_discovery:Crawling recursively for packages in '/home/matheuswagner/repos/adaptive-cubesat-adcs/cubesat-simulation'
[0.718s] Level 1:colcon.colcon_core.package_identification:_identify(.) by extensions ['ignore', 'ignore_ament_install']
[0.718s] Level 1:colcon.colcon_core.package_identification:_identify(.) by extension 'ignore'
[0.719s] Level 1:colcon.colcon_core.package_identification:_identify(.) by extension 'ignore_ament_install'
[0.719s] Level 1:colcon.colcon_core.package_identification:_identify(.) by extensions ['colcon_pkg']
[0.719s] Level 1:colcon.colcon_core.package_identification:_identify(.) by extension 'colcon_pkg'
[0.719s] Level 1:colcon.colcon_core.package_identification:_identify(.) by extensions ['colcon_meta']
[0.719s] Level 1:colcon.colcon_core.package_identification:_identify(.) by extension 'colcon_meta'
[0.719s] Level 1:colcon.colcon_core.package_identification:_identify(.) by extensions ['ros']
[0.719s] Level 1:colcon.colcon_core.package_identification:_identify(.) by extension 'ros'
[0.778s] Level 1:colcon.colcon_core.package_identification:_identify(.) by extensions ['cmake', 'python']
[0.779s] Level 1:colcon.colcon_core.package_identification:_identify(.) by extension 'cmake'
[0.779s] Level 1:colcon.colcon_core.package_identification:_identify(.) by extension 'python'
[0.779s] Level 1:colcon.colcon_core.package_identification:_identify(.) by extensions ['python_setup_py']
[0.779s] Level 1:colcon.colcon_core.package_identification:_identify(.) by extension 'python_setup_py'
[0.779s] Level 1:colcon.colcon_core.package_identification:_identify(bags) by extensions ['ignore', 'ignore_ament_install']
[0.779s] Level 1:colcon.colcon_core.package_identification:_identify(bags) by extension 'ignore'
[0.779s] Level 1:colcon.colcon_core.package_identification:_identify(bags) by extension 'ignore_ament_install'
[0.779s] Level 1:colcon.colcon_core.package_identification:_identify(bags) by extensions ['colcon_pkg']
[0.779s] Level 1:colcon.colcon_core.package_identification:_identify(bags) by extension 'colcon_pkg'
[0.779s] Level 1:colcon.colcon_core.package_identification:_identify(bags) by extensions ['colcon_meta']
[0.779s] Level 1:colcon.colcon_core.package_identification:_identify(bags) by extension 'colcon_meta'
[0.779s] Level 1:colcon.colcon_core.package_identification:_identify(bags) by extensions ['ros']
[0.779s] Level 1:colcon.colcon_core.package_identification:_identify(bags) by extension 'ros'
[0.779s] Level 1:colcon.colcon_core.package_identification:_identify(bags) by extensions ['cmake', 'python']
[0.779s] Level 1:colcon.colcon_core.package_identification:_identify(bags) by extension 'cmake'
[0.779s] Level 1:colcon.colcon_core.package_identification:_identify(bags) by extension 'python'
[0.780s] Level 1:colcon.colcon_core.package_identification:_identify(bags) by extensions ['python_setup_py']
[0.780s] Level 1:colcon.colcon_core.package_identification:_identify(bags) by extension 'python_setup_py'
[0.780s] Level 1:colcon.colcon_core.package_identification:_identify(bags/rosbag2_2022_02_04-12_31_28) by extensions ['ignore', 'ignore_ament_install']
[0.780s] Level 1:colcon.colcon_core.package_identification:_identify(bags/rosbag2_2022_02_04-12_31_28) by extension 'ignore'
[0.780s] Level 1:colcon.colcon_core.package_identification:_identify(bags/rosbag2_2022_02_04-12_31_28) by extension 'ignore_ament_install'
[0.780s] Level 1:colcon.colcon_core.package_identification:_identify(bags/rosbag2_2022_02_04-12_31_28) by extensions ['colcon_pkg']
[0.780s] Level 1:colcon.colcon_core.package_identification:_identify(bags/rosbag2_2022_02_04-12_31_28) by extension 'colcon_pkg'
[0.780s] Level 1:colcon.colcon_core.package_identification:_identify(bags/rosbag2_2022_02_04-12_31_28) by extensions ['colcon_meta']
[0.780s] Level 1:colcon.colcon_core.package_identification:_identify(bags/rosbag2_2022_02_04-12_31_28) by extension 'colcon_meta'
[0.780s] Level 1:colcon.colcon_core.package_identification:_identify(bags/rosbag2_2022_02_04-12_31_28) by extensions ['ros']
[0.780s] Level 1:colcon.colcon_core.package_identification:_identify(bags/rosbag2_2022_02_04-12_31_28) by extension 'ros'
[0.780s] Level 1:colcon.colcon_core.package_identification:_identify(bags/rosbag2_2022_02_04-12_31_28) by extensions ['cmake', 'python']
[0.780s] Level 1:colcon.colcon_core.package_identification:_identify(bags/rosbag2_2022_02_04-12_31_28) by extension 'cmake'
[0.780s] Level 1:colcon.colcon_core.package_identification:_identify(bags/rosbag2_2022_02_04-12_31_28) by extension 'python'
[0.780s] Level 1:colcon.colcon_core.package_identification:_identify(bags/rosbag2_2022_02_04-12_31_28) by extensions ['python_setup_py']
[0.780s] Level 1:colcon.colcon_core.package_identification:_identify(bags/rosbag2_2022_02_04-12_31_28) by extension 'python_setup_py'
[0.780s] Level 1:colcon.colcon_core.package_identification:_identify(build) by extensions ['ignore', 'ignore_ament_install']
[0.780s] Level 1:colcon.colcon_core.package_identification:_identify(build) by extension 'ignore'
[0.781s] Level 1:colcon.colcon_core.package_identification:_identify(build) ignored
[0.781s] Level 1:colcon.colcon_core.package_identification:_identify(include) by extensions ['ignore', 'ignore_ament_install']
[0.781s] Level 1:colcon.colcon_core.package_identification:_identify(include) by extension 'ignore'
[0.781s] Level 1:colcon.colcon_core.package_identification:_identify(include) by extension 'ignore_ament_install'
[0.781s] Level 1:colcon.colcon_core.package_identification:_identify(include) by extensions ['colcon_pkg']
[0.781s] Level 1:colcon.colcon_core.package_identification:_identify(include) by extension 'colcon_pkg'
[0.781s] Level 1:colcon.colcon_core.package_identification:_identify(include) by extensions ['colcon_meta']
[0.781s] Level 1:colcon.colcon_core.package_identification:_identify(include) by extension 'colcon_meta'
[0.781s] Level 1:colcon.colcon_core.package_identification:_identify(include) by extensions ['ros']
[0.781s] Level 1:colcon.colcon_core.package_identification:_identify(include) by extension 'ros'
[0.781s] Level 1:colcon.colcon_core.package_identification:_identify(include) by extensions ['cmake', 'python']
[0.781s] Level 1:colcon.colcon_core.package_identification:_identify(include) by extension 'cmake'
[0.782s] Level 1:colcon.colcon_core.package_identification:_identify(include) by extension 'python'
[0.782s] Level 1:colcon.colcon_core.package_identification:_identify(include) by extensions ['python_setup_py']
[0.782s] Level 1:colcon.colcon_core.package_identification:_identify(include) by extension 'python_setup_py'
[0.782s] Level 1:colcon.colcon_core.package_identification:_identify(install) by extensions ['ignore', 'ignore_ament_install']
[0.782s] Level 1:colcon.colcon_core.package_identification:_identify(install) by extension 'ignore'
[0.782s] Level 1:colcon.colcon_core.package_identification:_identify(install) ignored
[0.782s] Level 1:colcon.colcon_core.package_identification:_identify(log) by extensions ['ignore', 'ignore_ament_install']
[0.782s] Level 1:colcon.colcon_core.package_identification:_identify(log) by extension 'ignore'
[0.782s] Level 1:colcon.colcon_core.package_identification:_identify(log) ignored
[0.783s] Level 1:colcon.colcon_core.package_identification:_identify(src) by extensions ['ignore', 'ignore_ament_install']
[0.783s] Level 1:colcon.colcon_core.package_identification:_identify(src) by extension 'ignore'
[0.783s] Level 1:colcon.colcon_core.package_identification:_identify(src) by extension 'ignore_ament_install'
[0.783s] Level 1:colcon.colcon_core.package_identification:_identify(src) by extensions ['colcon_pkg']
[0.783s] Level 1:colcon.colcon_core.package_identification:_identify(src) by extension 'colcon_pkg'
[0.783s] Level 1:colcon.colcon_core.package_identification:_identify(src) by extensions ['colcon_meta']
[0.783s] Level 1:colcon.colcon_core.package_identification:_identify(src) by extension 'colcon_meta'
[0.783s] Level 1:colcon.colcon_core.package_identification:_identify(src) by extensions ['ros']
[0.783s] Level 1:colcon.colcon_core.package_identification:_identify(src) by extension 'ros'
[0.783s] Level 1:colcon.colcon_core.package_identification:_identify(src) by extensions ['cmake', 'python']
[0.783s] Level 1:colcon.colcon_core.package_identification:_identify(src) by extension 'cmake'
[0.783s] Level 1:colcon.colcon_core.package_identification:_identify(src) by extension 'python'
[0.784s] Level 1:colcon.colcon_core.package_identification:_identify(src) by extensions ['python_setup_py']
[0.784s] Level 1:colcon.colcon_core.package_identification:_identify(src) by extension 'python_setup_py'
[0.784s] Level 1:colcon.colcon_core.package_identification:_identify(src/build) by extensions ['ignore', 'ignore_ament_install']
[0.784s] Level 1:colcon.colcon_core.package_identification:_identify(src/build) by extension 'ignore'
[0.784s] Level 1:colcon.colcon_core.package_identification:_identify(src/build) ignored
[0.784s] Level 1:colcon.colcon_core.package_identification:_identify(src/cubesat_controller) by extensions ['ignore', 'ignore_ament_install']
[0.784s] Level 1:colcon.colcon_core.package_identification:_identify(src/cubesat_controller) by extension 'ignore'
[0.784s] Level 1:colcon.colcon_core.package_identification:_identify(src/cubesat_controller) by extension 'ignore_ament_install'
[0.784s] Level 1:colcon.colcon_core.package_identification:_identify(src/cubesat_controller) by extensions ['colcon_pkg']
[0.784s] Level 1:colcon.colcon_core.package_identification:_identify(src/cubesat_controller) by extension 'colcon_pkg'
[0.784s] Level 1:colcon.colcon_core.package_identification:_identify(src/cubesat_controller) by extensions ['colcon_meta']
[0.784s] Level 1:colcon.colcon_core.package_identification:_identify(src/cubesat_controller) by extension 'colcon_meta'
[0.784s] Level 1:colcon.colcon_core.package_identification:_identify(src/cubesat_controller) by extensions ['ros']
[0.784s] Level 1:colcon.colcon_core.package_identification:_identify(src/cubesat_controller) by extension 'ros'
[0.787s] DEBUG:colcon.colcon_core.package_identification:Package 'src/cubesat_controller' with type 'ros.ament_cmake' and name 'cubesat_controller'
[0.788s] Level 1:colcon.colcon_core.package_identification:_identify(src/cubesat_description) by extensions ['ignore', 'ignore_ament_install']
[0.788s] Level 1:colcon.colcon_core.package_identification:_identify(src/cubesat_description) by extension 'ignore'
[0.788s] Level 1:colcon.colcon_core.package_identification:_identify(src/cubesat_description) by extension 'ignore_ament_install'
[0.788s] Level 1:colcon.colcon_core.package_identification:_identify(src/cubesat_description) by extensions ['colcon_pkg']
[0.788s] Level 1:colcon.colcon_core.package_identification:_identify(src/cubesat_description) by extension 'colcon_pkg'
[0.788s] Level 1:colcon.colcon_core.package_identification:_identify(src/cubesat_description) by extensions ['colcon_meta']
[0.788s] Level 1:colcon.colcon_core.package_identification:_identify(src/cubesat_description) by extension 'colcon_meta'
[0.788s] Level 1:colcon.colcon_core.package_identification:_identify(src/cubesat_description) by extensions ['ros']
[0.788s] Level 1:colcon.colcon_core.package_identification:_identify(src/cubesat_description) by extension 'ros'
[0.789s] DEBUG:colcon.colcon_core.package_identification:Package 'src/cubesat_description' with type 'ros.ament_python' and name 'cubesat_description'
[0.789s] Level 1:colcon.colcon_core.package_identification:_identify(src/cubesat_gazebo) by extensions ['ignore', 'ignore_ament_install']
[0.789s] Level 1:colcon.colcon_core.package_identification:_identify(src/cubesat_gazebo) by extension 'ignore'
[0.789s] Level 1:colcon.colcon_core.package_identification:_identify(src/cubesat_gazebo) by extension 'ignore_ament_install'
[0.789s] Level 1:colcon.colcon_core.package_identification:_identify(src/cubesat_gazebo) by extensions ['colcon_pkg']
[0.789s] Level 1:colcon.colcon_core.package_identification:_identify(src/cubesat_gazebo) by extension 'colcon_pkg'
[0.789s] Level 1:colcon.colcon_core.package_identification:_identify(src/cubesat_gazebo) by extensions ['colcon_meta']
[0.789s] Level 1:colcon.colcon_core.package_identification:_identify(src/cubesat_gazebo) by extension 'colcon_meta'
[0.789s] Level 1:colcon.colcon_core.package_identification:_identify(src/cubesat_gazebo) by extensions ['ros']
[0.789s] Level 1:colcon.colcon_core.package_identification:_identify(src/cubesat_gazebo) by extension 'ros'
[0.790s] DEBUG:colcon.colcon_core.package_identification:Package 'src/cubesat_gazebo' with type 'ros.ament_cmake' and name 'cubesat_gazebo'
[0.790s] Level 1:colcon.colcon_core.package_identification:_identify(src/install) by extensions ['ignore', 'ignore_ament_install']
[0.790s] Level 1:colcon.colcon_core.package_identification:_identify(src/install) by extension 'ignore'
[0.790s] Level 1:colcon.colcon_core.package_identification:_identify(src/install) ignored
[0.790s] Level 1:colcon.colcon_core.package_identification:_identify(src/log) by extensions ['ignore', 'ignore_ament_install']
[0.790s] Level 1:colcon.colcon_core.package_identification:_identify(src/log) by extension 'ignore'
[0.790s] Level 1:colcon.colcon_core.package_identification:_identify(src/log) ignored
[0.790s] Level 1:colcon.colcon_core.package_identification:_identify(src/smartdata_test) by extensions ['ignore', 'ignore_ament_install']
[0.791s] Level 1:colcon.colcon_core.package_identification:_identify(src/smartdata_test) by extension 'ignore'
[0.791s] Level 1:colcon.colcon_core.package_identification:_identify(src/smartdata_test) by extension 'ignore_ament_install'
[0.791s] Level 1:colcon.colcon_core.package_identification:_identify(src/smartdata_test) by extensions ['colcon_pkg']
[0.791s] Level 1:colcon.colcon_core.package_identification:_identify(src/smartdata_test) by extension 'colcon_pkg'
[0.791s] Level 1:colcon.colcon_core.package_identification:_identify(src/smartdata_test) by extensions ['colcon_meta']
[0.791s] Level 1:colcon.colcon_core.package_identification:_identify(src/smartdata_test) by extension 'colcon_meta'
[0.791s] Level 1:colcon.colcon_core.package_identification:_identify(src/smartdata_test) by extensions ['ros']
[0.791s] Level 1:colcon.colcon_core.package_identification:_identify(src/smartdata_test) by extension 'ros'
[0.792s] DEBUG:colcon.colcon_core.package_identification:Package 'src/smartdata_test' with type 'ros.ament_cmake' and name 'smartdata_test'
[0.792s] Level 1:colcon.colcon_core.package_discovery:discover_packages(recursive) using defaults
[0.792s] Level 1:colcon.colcon_core.package_discovery:discover_packages(ignore) discover
[0.792s] Level 1:colcon.colcon_core.package_discovery:discover_packages(ignore) using defaults
[0.792s] Level 1:colcon.colcon_core.package_discovery:discover_packages(path) discover
[0.792s] Level 1:colcon.colcon_core.package_discovery:discover_packages(path) using defaults
[0.853s] INFO:colcon.colcon_core.package_selection:Skipping not selected package 'cubesat_controller' in 'src/cubesat_controller'
[0.853s] INFO:colcon.colcon_core.package_selection:Skipping not selected package 'cubesat_description' in 'src/cubesat_description'
[0.853s] INFO:colcon.colcon_core.package_selection:Skipping not selected package 'cubesat_gazebo' in 'src/cubesat_gazebo'
[0.867s] Level 5:colcon.colcon_core.verb:set package 'smartdata_test' build argument 'cmake_args' from command line to 'None'
[0.867s] Level 5:colcon.colcon_core.verb:set package 'smartdata_test' build argument 'cmake_target' from command line to 'None'
[0.867s] Level 5:colcon.colcon_core.verb:set package 'smartdata_test' build argument 'cmake_target_skip_unavailable' from command line to 'False'
[0.867s] Level 5:colcon.colcon_core.verb:set package 'smartdata_test' build argument 'cmake_clean_cache' from command line to 'False'
[0.867s] Level 5:colcon.colcon_core.verb:set package 'smartdata_test' build argument 'cmake_clean_first' from command line to 'False'
[0.867s] Level 5:colcon.colcon_core.verb:set package 'smartdata_test' build argument 'cmake_force_configure' from command line to 'False'
[0.867s] Level 5:colcon.colcon_core.verb:set package 'smartdata_test' build argument 'ament_cmake_args' from command line to 'None'
[0.867s] Level 5:colcon.colcon_core.verb:set package 'smartdata_test' build argument 'catkin_cmake_args' from command line to 'None'
[0.867s] Level 5:colcon.colcon_core.verb:set package 'smartdata_test' build argument 'catkin_skip_building_tests' from command line to 'False'
[0.867s] DEBUG:colcon.colcon_core.verb:Building package 'smartdata_test' with the following arguments: {'ament_cmake_args': None, 'build_base': '/home/matheuswagner/repos/adaptive-cubesat-adcs/cubesat-simulation/build/smartdata_test', 'catkin_cmake_args': None, 'catkin_skip_building_tests': False, 'cmake_args': None, 'cmake_clean_cache': False, 'cmake_clean_first': False, 'cmake_force_configure': False, 'cmake_target': None, 'cmake_target_skip_unavailable': False, 'install_base': '/home/matheuswagner/repos/adaptive-cubesat-adcs/cubesat-simulation/install/smartdata_test', 'merge_install': False, 'path': '/home/matheuswagner/repos/adaptive-cubesat-adcs/cubesat-simulation/src/smartdata_test', 'symlink_install': False, 'test_result_base': None}
[0.893s] INFO:colcon.colcon_core.executor:Executing jobs using 'parallel' executor
[0.919s] DEBUG:colcon.colcon_parallel_executor.executor.parallel:run_until_complete
[0.919s] INFO:colcon.colcon_ros.task.ament_cmake.build:Building ROS package in '/home/matheuswagner/repos/adaptive-cubesat-adcs/cubesat-simulation/src/smartdata_test' with build type 'ament_cmake'
[0.919s] INFO:colcon.colcon_cmake.task.cmake.build:Building CMake package in '/home/matheuswagner/repos/adaptive-cubesat-adcs/cubesat-simulation/src/smartdata_test'
[0.932s] INFO:colcon.colcon_core.plugin_system:Skipping extension 'colcon_core.shell.bat': Not used on non-Windows systems
[0.933s] INFO:colcon.colcon_core.shell:Skip shell extension 'powershell' for command environment: Not usable outside of PowerShell
[0.933s] DEBUG:colcon.colcon_core.shell:Skip shell extension 'dsv' for command environment
[0.973s] DEBUG:colcon.colcon_core.event_handler.log_command:Invoking command in '/home/matheuswagner/repos/adaptive-cubesat-adcs/cubesat-simulation/build/smartdata_test': CMAKE_PREFIX_PATH=${CMAKE_PREFIX_PATH}:/opt/ros/dashing /usr/local/bin/cmake --build /home/matheuswagner/repos/adaptive-cubesat-adcs/cubesat-simulation/build/smartdata_test -- -j8 -l8
[2.158s] DEBUG:colcon.colcon_core.event_handler.log_command:Invoked command in '/home/matheuswagner/repos/adaptive-cubesat-adcs/cubesat-simulation/build/smartdata_test' returned '2': CMAKE_PREFIX_PATH=${CMAKE_PREFIX_PATH}:/opt/ros/dashing /usr/local/bin/cmake --build /home/matheuswagner/repos/adaptive-cubesat-adcs/cubesat-simulation/build/smartdata_test -- -j8 -l8
[2.191s] Level 1:colcon.colcon_core.environment:create_environment_scripts_only(smartdata_test)
[2.204s] Level 1:colcon.colcon_core.environment:checking '/home/matheuswagner/repos/adaptive-cubesat-adcs/cubesat-simulation/install/smartdata_test' for CMake module files
[2.204s] Level 1:colcon.colcon_core.environment:checking '/home/matheuswagner/repos/adaptive-cubesat-adcs/cubesat-simulation/install/smartdata_test' for CMake config files
[2.205s] Level 1:colcon.colcon_core.environment:checking '/home/matheuswagner/repos/adaptive-cubesat-adcs/cubesat-simulation/install/smartdata_test/bin'
[2.205s] Level 1:colcon.colcon_core.environment:checking '/home/matheuswagner/repos/adaptive-cubesat-adcs/cubesat-simulation/install/smartdata_test/lib/pkgconfig/smartdata_test.pc'
[2.205s] Level 1:colcon.colcon_core.environment:checking '/home/matheuswagner/repos/adaptive-cubesat-adcs/cubesat-simulation/install/smartdata_test/lib/python3.6/site-packages'
[2.215s] INFO:colcon.colcon_core.shell:Creating package script '/home/matheuswagner/repos/adaptive-cubesat-adcs/cubesat-simulation/install/smartdata_test/share/smartdata_test/package.ps1'
[2.216s] INFO:colcon.colcon_core.shell:Creating package descriptor '/home/matheuswagner/repos/adaptive-cubesat-adcs/cubesat-simulation/install/smartdata_test/share/smartdata_test/package.dsv'
[2.216s] INFO:colcon.colcon_core.shell:Creating package script '/home/matheuswagner/repos/adaptive-cubesat-adcs/cubesat-simulation/install/smartdata_test/share/smartdata_test/package.sh'
[2.217s] INFO:colcon.colcon_core.shell:Creating package script '/home/matheuswagner/repos/adaptive-cubesat-adcs/cubesat-simulation/install/smartdata_test/share/smartdata_test/package.bash'
[2.218s] INFO:colcon.colcon_core.shell:Creating package script '/home/matheuswagner/repos/adaptive-cubesat-adcs/cubesat-simulation/install/smartdata_test/share/smartdata_test/package.zsh'
[2.218s] Level 1:colcon.colcon_core.environment:create_file_with_runtime_dependencies(/home/matheuswagner/repos/adaptive-cubesat-adcs/cubesat-simulation/install/smartdata_test/share/colcon-core/packages/smartdata_test)
[2.219s] DEBUG:colcon.colcon_parallel_executor.executor.parallel:closing loop
[2.220s] DEBUG:colcon.colcon_parallel_executor.executor.parallel:loop closed
[2.220s] DEBUG:colcon.colcon_parallel_executor.executor.parallel:run_until_complete finished with '2'
[2.220s] DEBUG:colcon.colcon_core.event_reactor:joining thread
[2.239s] INFO:colcon.colcon_core.plugin_system:Skipping extension 'colcon_notification.desktop_notification.terminal_notifier': Not used on non-Darwin systems
[2.239s] INFO:colcon.colcon_core.plugin_system:Skipping extension 'colcon_notification.desktop_notification.win32': Not used on non-Windows systems
[2.239s] INFO:colcon.colcon_notification.desktop_notification:Sending desktop notification using 'notify2'
[2.242s] DEBUG:colcon.colcon_core.event_reactor:joined thread
[2.257s] INFO:colcon.colcon_core.shell:Creating prefix script '/home/matheuswagner/repos/adaptive-cubesat-adcs/cubesat-simulation/install/local_setup.ps1'
[2.258s] INFO:colcon.colcon_core.shell:Creating prefix util module '/home/matheuswagner/repos/adaptive-cubesat-adcs/cubesat-simulation/install/_local_setup_util_ps1.py'
[2.260s] INFO:colcon.colcon_core.shell:Creating prefix chain script '/home/matheuswagner/repos/adaptive-cubesat-adcs/cubesat-simulation/install/setup.ps1'
[2.271s] INFO:colcon.colcon_core.shell:Creating prefix script '/home/matheuswagner/repos/adaptive-cubesat-adcs/cubesat-simulation/install/local_setup.sh'
[2.272s] INFO:colcon.colcon_core.shell:Creating prefix util module '/home/matheuswagner/repos/adaptive-cubesat-adcs/cubesat-simulation/install/_local_setup_util_sh.py'
[2.272s] INFO:colcon.colcon_core.shell:Creating prefix chain script '/home/matheuswagner/repos/adaptive-cubesat-adcs/cubesat-simulation/install/setup.sh'
[2.283s] INFO:colcon.colcon_core.shell:Creating prefix script '/home/matheuswagner/repos/adaptive-cubesat-adcs/cubesat-simulation/install/local_setup.bash'
[2.284s] INFO:colcon.colcon_core.shell:Creating prefix chain script '/home/matheuswagner/repos/adaptive-cubesat-adcs/cubesat-simulation/install/setup.bash'
[2.294s] INFO:colcon.colcon_core.shell:Creating prefix script '/home/matheuswagner/repos/adaptive-cubesat-adcs/cubesat-simulation/install/local_setup.zsh'
[2.295s] INFO:colcon.colcon_core.shell:Creating prefix chain script '/home/matheuswagner/repos/adaptive-cubesat-adcs/cubesat-simulation/install/setup.zsh'
