[01m[K/home/matheuswagner/repos/adaptive-cubesat-adcs/cubesat-simulation/src/cubesat_sensors/src/imu_adapter.cpp:[m[K In constructor ‘[01m[KImuAdapter::ImuAdapter()[m[K’:
[01m[K/home/matheuswagner/repos/adaptive-cubesat-adcs/cubesat-simulation/src/cubesat_sensors/src/imu_adapter.cpp:21:62:[m[K [01;31m[Kerror: [m[K‘[01m[KString[m[K’ is not a member of ‘[01m[Kstd_msgs::msg[m[K’
       subcription = this->create_subscription<std_msgs::msg::[01;31m[KString[m[K>(
                                                              [01;31m[K^~~~~~[m[K
[01m[K/home/matheuswagner/repos/adaptive-cubesat-adcs/cubesat-simulation/src/cubesat_sensors/src/imu_adapter.cpp:21:62:[m[K [01;31m[Kerror: [m[K‘[01m[KString[m[K’ is not a member of ‘[01m[Kstd_msgs::msg[m[K’
[01m[K/home/matheuswagner/repos/adaptive-cubesat-adcs/cubesat-simulation/src/cubesat_sensors/src/imu_adapter.cpp:22:75:[m[K [01;31m[Kerror: [m[K‘[01m[K_1[m[K’ was not declared in this scope
       "imu_plugin/out", 10, std::bind(&ImuAdapter::AtMessageArival, this, [01;31m[K_1[m[K));
                                                                           [01;31m[K^~[m[K
[01m[K/home/matheuswagner/repos/adaptive-cubesat-adcs/cubesat-simulation/src/cubesat_sensors/src/imu_adapter.cpp:22:75:[m[K [01;36m[Knote: [m[Ksuggested alternative:
In file included from [01m[K/home/matheuswagner/repos/adaptive-cubesat-adcs/cubesat-simulation/src/cubesat_sensors/src/imu_adapter.cpp:2:0[m[K:
[01m[K/usr/include/c++/7/functional:275:34:[m[K [01;36m[Knote: [m[K  ‘[01m[Kstd::placeholders::_1[m[K’
     extern const _Placeholder<1> [01;36m[K_1[m[K;
                                  [01;36m[K^~[m[K
[01m[K/home/matheuswagner/repos/adaptive-cubesat-adcs/cubesat-simulation/src/cubesat_sensors/src/imu_adapter.cpp:24:66:[m[K [01;31m[Kerror: [m[K‘[01m[KString[m[K’ is not a member of ‘[01m[Kstd_msgs::msg[m[K’
       velocityXPublisher = this->create_publisher<std_msgs::msg::[01;31m[KString[m[K>("imu_velocity_x", 10);
                                                                  [01;31m[K^~~~~~[m[K
[01m[K/home/matheuswagner/repos/adaptive-cubesat-adcs/cubesat-simulation/src/cubesat_sensors/src/imu_adapter.cpp:24:66:[m[K [01;31m[Kerror: [m[K‘[01m[KString[m[K’ is not a member of ‘[01m[Kstd_msgs::msg[m[K’
[01m[K/home/matheuswagner/repos/adaptive-cubesat-adcs/cubesat-simulation/src/cubesat_sensors/src/imu_adapter.cpp:24:94:[m[K [01;31m[Kerror: [m[Kno matching function for call to ‘[01m[KImuAdapter::create_publisher<<expression error> >(const char [15], int)[m[K’
       velocityXPublisher = this->create_publisher<std_msgs::msg::String>("imu_velocity_x", 10[01;31m[K)[m[K;
                                                                                              [01;31m[K^[m[K
In file included from [01m[K/home/matheuswagner/ros2_dashing/ros2-linux/include/rclcpp/executors/single_threaded_executor.hpp:28:0[m[K,
                 from [01m[K/home/matheuswagner/ros2_dashing/ros2-linux/include/rclcpp/executors.hpp:22[m[K,
                 from [01m[K/home/matheuswagner/ros2_dashing/ros2-linux/include/rclcpp/rclcpp.hpp:144[m[K,
                 from [01m[K/home/matheuswagner/repos/adaptive-cubesat-adcs/cubesat-simulation/src/cubesat_sensors/src/imu_adapter.cpp:6[m[K:
[01m[K/home/matheuswagner/ros2_dashing/ros2-linux/include/rclcpp/node.hpp:177:3:[m[K [01;36m[Knote: [m[Kcandidate: template<class MessageT, class AllocatorT, class PublisherT> std::shared_ptr<PublisherT> rclcpp::Node::create_publisher(const string&, const rclcpp::QoS&, const rclcpp::PublisherOptionsWithAllocator<AllocatorT>&)
   [01;36m[Kcreate_publisher[m[K(
   [01;36m[K^~~~~~~~~~~~~~~~[m[K
[01m[K/home/matheuswagner/ros2_dashing/ros2-linux/include/rclcpp/node.hpp:177:3:[m[K [01;36m[Knote: [m[K  template argument deduction/substitution failed:
[01m[K/home/matheuswagner/repos/adaptive-cubesat-adcs/cubesat-simulation/src/cubesat_sensors/src/imu_adapter.cpp:24:94:[m[K [01;31m[Kerror: [m[Ktemplate argument 1 is invalid
       velocityXPublisher = this->create_publisher<std_msgs::msg::String>("imu_velocity_x", 10[01;31m[K)[m[K;
                                                                                              [01;31m[K^[m[K
In file included from [01m[K/home/matheuswagner/ros2_dashing/ros2-linux/include/rclcpp/executors/single_threaded_executor.hpp:28:0[m[K,
                 from [01m[K/home/matheuswagner/ros2_dashing/ros2-linux/include/rclcpp/executors.hpp:22[m[K,
                 from [01m[K/home/matheuswagner/ros2_dashing/ros2-linux/include/rclcpp/rclcpp.hpp:144[m[K,
                 from [01m[K/home/matheuswagner/repos/adaptive-cubesat-adcs/cubesat-simulation/src/cubesat_sensors/src/imu_adapter.cpp:6[m[K:
[01m[K/home/matheuswagner/ros2_dashing/ros2-linux/include/rclcpp/node.hpp:198:3:[m[K [01;36m[Knote: [m[Kcandidate: template<class MessageT, class AllocatorT, class PublisherT> std::shared_ptr<PublisherT> rclcpp::Node::create_publisher(const string&, size_t, std::shared_ptr<_Up>)
   [01;36m[Kcreate_publisher[m[K(
   [01;36m[K^~~~~~~~~~~~~~~~[m[K
[01m[K/home/matheuswagner/ros2_dashing/ros2-linux/include/rclcpp/node.hpp:198:3:[m[K [01;36m[Knote: [m[K  template argument deduction/substitution failed:
[01m[K/home/matheuswagner/repos/adaptive-cubesat-adcs/cubesat-simulation/src/cubesat_sensors/src/imu_adapter.cpp:24:94:[m[K [01;31m[Kerror: [m[Ktemplate argument 1 is invalid
       velocityXPublisher = this->create_publisher<std_msgs::msg::String>("imu_velocity_x", 10[01;31m[K)[m[K;
                                                                                              [01;31m[K^[m[K
In file included from [01m[K/home/matheuswagner/ros2_dashing/ros2-linux/include/rclcpp/executors/single_threaded_executor.hpp:28:0[m[K,
                 from [01m[K/home/matheuswagner/ros2_dashing/ros2-linux/include/rclcpp/executors.hpp:22[m[K,
                 from [01m[K/home/matheuswagner/ros2_dashing/ros2-linux/include/rclcpp/rclcpp.hpp:144[m[K,
                 from [01m[K/home/matheuswagner/repos/adaptive-cubesat-adcs/cubesat-simulation/src/cubesat_sensors/src/imu_adapter.cpp:6[m[K:
[01m[K/home/matheuswagner/ros2_dashing/ros2-linux/include/rclcpp/node.hpp:217:3:[m[K [01;36m[Knote: [m[Kcandidate: template<class MessageT, class AllocatorT, class PublisherT> std::shared_ptr<PublisherT> rclcpp::Node::create_publisher(const string&, const rmw_qos_profile_t&, std::shared_ptr<_Up>)
   [01;36m[Kcreate_publisher[m[K(
   [01;36m[K^~~~~~~~~~~~~~~~[m[K
[01m[K/home/matheuswagner/ros2_dashing/ros2-linux/include/rclcpp/node.hpp:217:3:[m[K [01;36m[Knote: [m[K  template argument deduction/substitution failed:
[01m[K/home/matheuswagner/repos/adaptive-cubesat-adcs/cubesat-simulation/src/cubesat_sensors/src/imu_adapter.cpp:24:94:[m[K [01;31m[Kerror: [m[Ktemplate argument 1 is invalid
       velocityXPublisher = this->create_publisher<std_msgs::msg::String>("imu_velocity_x", 10[01;31m[K)[m[K;
                                                                                              [01;31m[K^[m[K
[01m[K/home/matheuswagner/repos/adaptive-cubesat-adcs/cubesat-simulation/src/cubesat_sensors/src/imu_adapter.cpp:25:66:[m[K [01;31m[Kerror: [m[K‘[01m[KString[m[K’ is not a member of ‘[01m[Kstd_msgs::msg[m[K’
       velocityYPublisher = this->create_publisher<std_msgs::msg::[01;31m[KString[m[K>("imu_velocity_y", 10);
                                                                  [01;31m[K^~~~~~[m[K
[01m[K/home/matheuswagner/repos/adaptive-cubesat-adcs/cubesat-simulation/src/cubesat_sensors/src/imu_adapter.cpp:25:66:[m[K [01;31m[Kerror: [m[K‘[01m[KString[m[K’ is not a member of ‘[01m[Kstd_msgs::msg[m[K’
[01m[K/home/matheuswagner/repos/adaptive-cubesat-adcs/cubesat-simulation/src/cubesat_sensors/src/imu_adapter.cpp:25:94:[m[K [01;31m[Kerror: [m[Kno matching function for call to ‘[01m[KImuAdapter::create_publisher<<expression error> >(const char [15], int)[m[K’
       velocityYPublisher = this->create_publisher<std_msgs::msg::String>("imu_velocity_y", 10[01;31m[K)[m[K;
                                                                                              [01;31m[K^[m[K
In file included from [01m[K/home/matheuswagner/ros2_dashing/ros2-linux/include/rclcpp/executors/single_threaded_executor.hpp:28:0[m[K,
                 from [01m[K/home/matheuswagner/ros2_dashing/ros2-linux/include/rclcpp/executors.hpp:22[m[K,
                 from [01m[K/home/matheuswagner/ros2_dashing/ros2-linux/include/rclcpp/rclcpp.hpp:144[m[K,
                 from [01m[K/home/matheuswagner/repos/adaptive-cubesat-adcs/cubesat-simulation/src/cubesat_sensors/src/imu_adapter.cpp:6[m[K:
[01m[K/home/matheuswagner/ros2_dashing/ros2-linux/include/rclcpp/node.hpp:177:3:[m[K [01;36m[Knote: [m[Kcandidate: template<class MessageT, class AllocatorT, class PublisherT> std::shared_ptr<PublisherT> rclcpp::Node::create_publisher(const string&, const rclcpp::QoS&, const rclcpp::PublisherOptionsWithAllocator<AllocatorT>&)
   [01;36m[Kcreate_publisher[m[K(
   [01;36m[K^~~~~~~~~~~~~~~~[m[K
[01m[K/home/matheuswagner/ros2_dashing/ros2-linux/include/rclcpp/node.hpp:177:3:[m[K [01;36m[Knote: [m[K  template argument deduction/substitution failed:
[01m[K/home/matheuswagner/repos/adaptive-cubesat-adcs/cubesat-simulation/src/cubesat_sensors/src/imu_adapter.cpp:25:94:[m[K [01;31m[Kerror: [m[Ktemplate argument 1 is invalid
       velocityYPublisher = this->create_publisher<std_msgs::msg::String>("imu_velocity_y", 10[01;31m[K)[m[K;
                                                                                              [01;31m[K^[m[K
In file included from [01m[K/home/matheuswagner/ros2_dashing/ros2-linux/include/rclcpp/executors/single_threaded_executor.hpp:28:0[m[K,
                 from [01m[K/home/matheuswagner/ros2_dashing/ros2-linux/include/rclcpp/executors.hpp:22[m[K,
                 from [01m[K/home/matheuswagner/ros2_dashing/ros2-linux/include/rclcpp/rclcpp.hpp:144[m[K,
                 from [01m[K/home/matheuswagner/repos/adaptive-cubesat-adcs/cubesat-simulation/src/cubesat_sensors/src/imu_adapter.cpp:6[m[K:
[01m[K/home/matheuswagner/ros2_dashing/ros2-linux/include/rclcpp/node.hpp:198:3:[m[K [01;36m[Knote: [m[Kcandidate: template<class MessageT, class AllocatorT, class PublisherT> std::shared_ptr<PublisherT> rclcpp::Node::create_publisher(const string&, size_t, std::shared_ptr<_Up>)
   [01;36m[Kcreate_publisher[m[K(
   [01;36m[K^~~~~~~~~~~~~~~~[m[K
[01m[K/home/matheuswagner/ros2_dashing/ros2-linux/include/rclcpp/node.hpp:198:3:[m[K [01;36m[Knote: [m[K  template argument deduction/substitution failed:
[01m[K/home/matheuswagner/repos/adaptive-cubesat-adcs/cubesat-simulation/src/cubesat_sensors/src/imu_adapter.cpp:25:94:[m[K [01;31m[Kerror: [m[Ktemplate argument 1 is invalid
       velocityYPublisher = this->create_publisher<std_msgs::msg::String>("imu_velocity_y", 10[01;31m[K)[m[K;
                                                                                              [01;31m[K^[m[K
In file included from [01m[K/home/matheuswagner/ros2_dashing/ros2-linux/include/rclcpp/executors/single_threaded_executor.hpp:28:0[m[K,
                 from [01m[K/home/matheuswagner/ros2_dashing/ros2-linux/include/rclcpp/executors.hpp:22[m[K,
                 from [01m[K/home/matheuswagner/ros2_dashing/ros2-linux/include/rclcpp/rclcpp.hpp:144[m[K,
                 from [01m[K/home/matheuswagner/repos/adaptive-cubesat-adcs/cubesat-simulation/src/cubesat_sensors/src/imu_adapter.cpp:6[m[K:
[01m[K/home/matheuswagner/ros2_dashing/ros2-linux/include/rclcpp/node.hpp:217:3:[m[K [01;36m[Knote: [m[Kcandidate: template<class MessageT, class AllocatorT, class PublisherT> std::shared_ptr<PublisherT> rclcpp::Node::create_publisher(const string&, const rmw_qos_profile_t&, std::shared_ptr<_Up>)
   [01;36m[Kcreate_publisher[m[K(
   [01;36m[K^~~~~~~~~~~~~~~~[m[K
[01m[K/home/matheuswagner/ros2_dashing/ros2-linux/include/rclcpp/node.hpp:217:3:[m[K [01;36m[Knote: [m[K  template argument deduction/substitution failed:
[01m[K/home/matheuswagner/repos/adaptive-cubesat-adcs/cubesat-simulation/src/cubesat_sensors/src/imu_adapter.cpp:25:94:[m[K [01;31m[Kerror: [m[Ktemplate argument 1 is invalid
       velocityYPublisher = this->create_publisher<std_msgs::msg::String>("imu_velocity_y", 10[01;31m[K)[m[K;
                                                                                              [01;31m[K^[m[K
[01m[K/home/matheuswagner/repos/adaptive-cubesat-adcs/cubesat-simulation/src/cubesat_sensors/src/imu_adapter.cpp:26:66:[m[K [01;31m[Kerror: [m[K‘[01m[KString[m[K’ is not a member of ‘[01m[Kstd_msgs::msg[m[K’
       velocityZPublisher = this->create_publisher<std_msgs::msg::[01;31m[KString[m[K>("imu_velocity_z", 10);
                                                                  [01;31m[K^~~~~~[m[K
[01m[K/home/matheuswagner/repos/adaptive-cubesat-adcs/cubesat-simulation/src/cubesat_sensors/src/imu_adapter.cpp:26:66:[m[K [01;31m[Kerror: [m[K‘[01m[KString[m[K’ is not a member of ‘[01m[Kstd_msgs::msg[m[K’
[01m[K/home/matheuswagner/repos/adaptive-cubesat-adcs/cubesat-simulation/src/cubesat_sensors/src/imu_adapter.cpp:26:94:[m[K [01;31m[Kerror: [m[Kno matching function for call to ‘[01m[KImuAdapter::create_publisher<<expression error> >(const char [15], int)[m[K’
       velocityZPublisher = this->create_publisher<std_msgs::msg::String>("imu_velocity_z", 10[01;31m[K)[m[K;
                                                                                              [01;31m[K^[m[K
In file included from [01m[K/home/matheuswagner/ros2_dashing/ros2-linux/include/rclcpp/executors/single_threaded_executor.hpp:28:0[m[K,
                 from [01m[K/home/matheuswagner/ros2_dashing/ros2-linux/include/rclcpp/executors.hpp:22[m[K,
                 from [01m[K/home/matheuswagner/ros2_dashing/ros2-linux/include/rclcpp/rclcpp.hpp:144[m[K,
                 from [01m[K/home/matheuswagner/repos/adaptive-cubesat-adcs/cubesat-simulation/src/cubesat_sensors/src/imu_adapter.cpp:6[m[K:
[01m[K/home/matheuswagner/ros2_dashing/ros2-linux/include/rclcpp/node.hpp:177:3:[m[K [01;36m[Knote: [m[Kcandidate: template<class MessageT, class AllocatorT, class PublisherT> std::shared_ptr<PublisherT> rclcpp::Node::create_publisher(const string&, const rclcpp::QoS&, const rclcpp::PublisherOptionsWithAllocator<AllocatorT>&)
   [01;36m[Kcreate_publisher[m[K(
   [01;36m[K^~~~~~~~~~~~~~~~[m[K
[01m[K/home/matheuswagner/ros2_dashing/ros2-linux/include/rclcpp/node.hpp:177:3:[m[K [01;36m[Knote: [m[K  template argument deduction/substitution failed:
[01m[K/home/matheuswagner/repos/adaptive-cubesat-adcs/cubesat-simulation/src/cubesat_sensors/src/imu_adapter.cpp:26:94:[m[K [01;31m[Kerror: [m[Ktemplate argument 1 is invalid
       velocityZPublisher = this->create_publisher<std_msgs::msg::String>("imu_velocity_z", 10[01;31m[K)[m[K;
                                                                                              [01;31m[K^[m[K
In file included from [01m[K/home/matheuswagner/ros2_dashing/ros2-linux/include/rclcpp/executors/single_threaded_executor.hpp:28:0[m[K,
                 from [01m[K/home/matheuswagner/ros2_dashing/ros2-linux/include/rclcpp/executors.hpp:22[m[K,
                 from [01m[K/home/matheuswagner/ros2_dashing/ros2-linux/include/rclcpp/rclcpp.hpp:144[m[K,
                 from [01m[K/home/matheuswagner/repos/adaptive-cubesat-adcs/cubesat-simulation/src/cubesat_sensors/src/imu_adapter.cpp:6[m[K:
[01m[K/home/matheuswagner/ros2_dashing/ros2-linux/include/rclcpp/node.hpp:198:3:[m[K [01;36m[Knote: [m[Kcandidate: template<class MessageT, class AllocatorT, class PublisherT> std::shared_ptr<PublisherT> rclcpp::Node::create_publisher(const string&, size_t, std::shared_ptr<_Up>)
   [01;36m[Kcreate_publisher[m[K(
   [01;36m[K^~~~~~~~~~~~~~~~[m[K
[01m[K/home/matheuswagner/ros2_dashing/ros2-linux/include/rclcpp/node.hpp:198:3:[m[K [01;36m[Knote: [m[K  template argument deduction/substitution failed:
[01m[K/home/matheuswagner/repos/adaptive-cubesat-adcs/cubesat-simulation/src/cubesat_sensors/src/imu_adapter.cpp:26:94:[m[K [01;31m[Kerror: [m[Ktemplate argument 1 is invalid
       velocityZPublisher = this->create_publisher<std_msgs::msg::String>("imu_velocity_z", 10[01;31m[K)[m[K;
                                                                                              [01;31m[K^[m[K
In file included from [01m[K/home/matheuswagner/ros2_dashing/ros2-linux/include/rclcpp/executors/single_threaded_executor.hpp:28:0[m[K,
                 from [01m[K/home/matheuswagner/ros2_dashing/ros2-linux/include/rclcpp/executors.hpp:22[m[K,
                 from [01m[K/home/matheuswagner/ros2_dashing/ros2-linux/include/rclcpp/rclcpp.hpp:144[m[K,
                 from [01m[K/home/matheuswagner/repos/adaptive-cubesat-adcs/cubesat-simulation/src/cubesat_sensors/src/imu_adapter.cpp:6[m[K:
[01m[K/home/matheuswagner/ros2_dashing/ros2-linux/include/rclcpp/node.hpp:217:3:[m[K [01;36m[Knote: [m[Kcandidate: template<class MessageT, class AllocatorT, class PublisherT> std::shared_ptr<PublisherT> rclcpp::Node::create_publisher(const string&, const rmw_qos_profile_t&, std::shared_ptr<_Up>)
   [01;36m[Kcreate_publisher[m[K(
   [01;36m[K^~~~~~~~~~~~~~~~[m[K
[01m[K/home/matheuswagner/ros2_dashing/ros2-linux/include/rclcpp/node.hpp:217:3:[m[K [01;36m[Knote: [m[K  template argument deduction/substitution failed:
[01m[K/home/matheuswagner/repos/adaptive-cubesat-adcs/cubesat-simulation/src/cubesat_sensors/src/imu_adapter.cpp:26:94:[m[K [01;31m[Kerror: [m[Ktemplate argument 1 is invalid
       velocityZPublisher = this->create_publisher<std_msgs::msg::String>("imu_velocity_z", 10[01;31m[K)[m[K;
                                                                                              [01;31m[K^[m[K
[01m[K/home/matheuswagner/repos/adaptive-cubesat-adcs/cubesat-simulation/src/cubesat_sensors/src/imu_adapter.cpp:28:69:[m[K [01;31m[Kerror: [m[K‘[01m[KString[m[K’ is not a member of ‘[01m[Kstd_msgs::msg[m[K’
       orientationOPublisher = this->create_publisher<std_msgs::msg::[01;31m[KString[m[K>("imu_orientation_o", 10);
                                                                     [01;31m[K^~~~~~[m[K
[01m[K/home/matheuswagner/repos/adaptive-cubesat-adcs/cubesat-simulation/src/cubesat_sensors/src/imu_adapter.cpp:28:69:[m[K [01;31m[Kerror: [m[K‘[01m[KString[m[K’ is not a member of ‘[01m[Kstd_msgs::msg[m[K’
[01m[K/home/matheuswagner/repos/adaptive-cubesat-adcs/cubesat-simulation/src/cubesat_sensors/src/imu_adapter.cpp:28:100:[m[K [01;31m[Kerror: [m[Kno matching function for call to ‘[01m[KImuAdapter::create_publisher<<expression error> >(const char [18], int)[m[K’
       orientationOPublisher = this->create_publisher<std_msgs::msg::String>("imu_orientation_o", 10[01;31m[K)[m[K;
                                                                                                    [01;31m[K^[m[K
In file included from [01m[K/home/matheuswagner/ros2_dashing/ros2-linux/include/rclcpp/executors/single_threaded_executor.hpp:28:0[m[K,
                 from [01m[K/home/matheuswagner/ros2_dashing/ros2-linux/include/rclcpp/executors.hpp:22[m[K,
                 from [01m[K/home/matheuswagner/ros2_dashing/ros2-linux/include/rclcpp/rclcpp.hpp:144[m[K,
                 from [01m[K/home/matheuswagner/repos/adaptive-cubesat-adcs/cubesat-simulation/src/cubesat_sensors/src/imu_adapter.cpp:6[m[K:
[01m[K/home/matheuswagner/ros2_dashing/ros2-linux/include/rclcpp/node.hpp:177:3:[m[K [01;36m[Knote: [m[Kcandidate: template<class MessageT, class AllocatorT, class PublisherT> std::shared_ptr<PublisherT> rclcpp::Node::create_publisher(const string&, const rclcpp::QoS&, const rclcpp::PublisherOptionsWithAllocator<AllocatorT>&)
   [01;36m[Kcreate_publisher[m[K(
   [01;36m[K^~~~~~~~~~~~~~~~[m[K
[01m[K/home/matheuswagner/ros2_dashing/ros2-linux/include/rclcpp/node.hpp:177:3:[m[K [01;36m[Knote: [m[K  template argument deduction/substitution failed:
[01m[K/home/matheuswagner/repos/adaptive-cubesat-adcs/cubesat-simulation/src/cubesat_sensors/src/imu_adapter.cpp:28:100:[m[K [01;31m[Kerror: [m[Ktemplate argument 1 is invalid
       orientationOPublisher = this->create_publisher<std_msgs::msg::String>("imu_orientation_o", 10[01;31m[K)[m[K;
                                                                                                    [01;31m[K^[m[K
In file included from [01m[K/home/matheuswagner/ros2_dashing/ros2-linux/include/rclcpp/executors/single_threaded_executor.hpp:28:0[m[K,
                 from [01m[K/home/matheuswagner/ros2_dashing/ros2-linux/include/rclcpp/executors.hpp:22[m[K,
                 from [01m[K/home/matheuswagner/ros2_dashing/ros2-linux/include/rclcpp/rclcpp.hpp:144[m[K,
                 from [01m[K/home/matheuswagner/repos/adaptive-cubesat-adcs/cubesat-simulation/src/cubesat_sensors/src/imu_adapter.cpp:6[m[K:
[01m[K/home/matheuswagner/ros2_dashing/ros2-linux/include/rclcpp/node.hpp:198:3:[m[K [01;36m[Knote: [m[Kcandidate: template<class MessageT, class AllocatorT, class PublisherT> std::shared_ptr<PublisherT> rclcpp::Node::create_publisher(const string&, size_t, std::shared_ptr<_Up>)
   [01;36m[Kcreate_publisher[m[K(
   [01;36m[K^~~~~~~~~~~~~~~~[m[K
[01m[K/home/matheuswagner/ros2_dashing/ros2-linux/include/rclcpp/node.hpp:198:3:[m[K [01;36m[Knote: [m[K  template argument deduction/substitution failed:
[01m[K/home/matheuswagner/repos/adaptive-cubesat-adcs/cubesat-simulation/src/cubesat_sensors/src/imu_adapter.cpp:28:100:[m[K [01;31m[Kerror: [m[Ktemplate argument 1 is invalid
       orientationOPublisher = this->create_publisher<std_msgs::msg::String>("imu_orientation_o", 10[01;31m[K)[m[K;
                                                                                                    [01;31m[K^[m[K
In file included from [01m[K/home/matheuswagner/ros2_dashing/ros2-linux/include/rclcpp/executors/single_threaded_executor.hpp:28:0[m[K,
                 from [01m[K/home/matheuswagner/ros2_dashing/ros2-linux/include/rclcpp/executors.hpp:22[m[K,
                 from [01m[K/home/matheuswagner/ros2_dashing/ros2-linux/include/rclcpp/rclcpp.hpp:144[m[K,
                 from [01m[K/home/matheuswagner/repos/adaptive-cubesat-adcs/cubesat-simulation/src/cubesat_sensors/src/imu_adapter.cpp:6[m[K:
[01m[K/home/matheuswagner/ros2_dashing/ros2-linux/include/rclcpp/node.hpp:217:3:[m[K [01;36m[Knote: [m[Kcandidate: template<class MessageT, class AllocatorT, class PublisherT> std::shared_ptr<PublisherT> rclcpp::Node::create_publisher(const string&, const rmw_qos_profile_t&, std::shared_ptr<_Up>)
   [01;36m[Kcreate_publisher[m[K(
   [01;36m[K^~~~~~~~~~~~~~~~[m[K
[01m[K/home/matheuswagner/ros2_dashing/ros2-linux/include/rclcpp/node.hpp:217:3:[m[K [01;36m[Knote: [m[K  template argument deduction/substitution failed:
[01m[K/home/matheuswagner/repos/adaptive-cubesat-adcs/cubesat-simulation/src/cubesat_sensors/src/imu_adapter.cpp:28:100:[m[K [01;31m[Kerror: [m[Ktemplate argument 1 is invalid
       orientationOPublisher = this->create_publisher<std_msgs::msg::String>("imu_orientation_o", 10[01;31m[K)[m[K;
                                                                                                    [01;31m[K^[m[K
[01m[K/home/matheuswagner/repos/adaptive-cubesat-adcs/cubesat-simulation/src/cubesat_sensors/src/imu_adapter.cpp:29:69:[m[K [01;31m[Kerror: [m[K‘[01m[KString[m[K’ is not a member of ‘[01m[Kstd_msgs::msg[m[K’
       orientationXPublisher = this->create_publisher<std_msgs::msg::[01;31m[KString[m[K>("imu_orientation_x", 10);
                                                                     [01;31m[K^~~~~~[m[K
[01m[K/home/matheuswagner/repos/adaptive-cubesat-adcs/cubesat-simulation/src/cubesat_sensors/src/imu_adapter.cpp:29:69:[m[K [01;31m[Kerror: [m[K‘[01m[KString[m[K’ is not a member of ‘[01m[Kstd_msgs::msg[m[K’
[01m[K/home/matheuswagner/repos/adaptive-cubesat-adcs/cubesat-simulation/src/cubesat_sensors/src/imu_adapter.cpp:29:100:[m[K [01;31m[Kerror: [m[Kno matching function for call to ‘[01m[KImuAdapter::create_publisher<<expression error> >(const char [18], int)[m[K’
       orientationXPublisher = this->create_publisher<std_msgs::msg::String>("imu_orientation_x", 10[01;31m[K)[m[K;
                                                                                                    [01;31m[K^[m[K
In file included from [01m[K/home/matheuswagner/ros2_dashing/ros2-linux/include/rclcpp/executors/single_threaded_executor.hpp:28:0[m[K,
                 from [01m[K/home/matheuswagner/ros2_dashing/ros2-linux/include/rclcpp/executors.hpp:22[m[K,
                 from [01m[K/home/matheuswagner/ros2_dashing/ros2-linux/include/rclcpp/rclcpp.hpp:144[m[K,
                 from [01m[K/home/matheuswagner/repos/adaptive-cubesat-adcs/cubesat-simulation/src/cubesat_sensors/src/imu_adapter.cpp:6[m[K:
[01m[K/home/matheuswagner/ros2_dashing/ros2-linux/include/rclcpp/node.hpp:177:3:[m[K [01;36m[Knote: [m[Kcandidate: template<class MessageT, class AllocatorT, class PublisherT> std::shared_ptr<PublisherT> rclcpp::Node::create_publisher(const string&, const rclcpp::QoS&, const rclcpp::PublisherOptionsWithAllocator<AllocatorT>&)
   [01;36m[Kcreate_publisher[m[K(
   [01;36m[K^~~~~~~~~~~~~~~~[m[K
[01m[K/home/matheuswagner/ros2_dashing/ros2-linux/include/rclcpp/node.hpp:177:3:[m[K [01;36m[Knote: [m[K  template argument deduction/substitution failed:
[01m[K/home/matheuswagner/repos/adaptive-cubesat-adcs/cubesat-simulation/src/cubesat_sensors/src/imu_adapter.cpp:29:100:[m[K [01;31m[Kerror: [m[Ktemplate argument 1 is invalid
       orientationXPublisher = this->create_publisher<std_msgs::msg::String>("imu_orientation_x", 10[01;31m[K)[m[K;
                                                                                                    [01;31m[K^[m[K
In file included from [01m[K/home/matheuswagner/ros2_dashing/ros2-linux/include/rclcpp/executors/single_threaded_executor.hpp:28:0[m[K,
                 from [01m[K/home/matheuswagner/ros2_dashing/ros2-linux/include/rclcpp/executors.hpp:22[m[K,
                 from [01m[K/home/matheuswagner/ros2_dashing/ros2-linux/include/rclcpp/rclcpp.hpp:144[m[K,
                 from [01m[K/home/matheuswagner/repos/adaptive-cubesat-adcs/cubesat-simulation/src/cubesat_sensors/src/imu_adapter.cpp:6[m[K:
[01m[K/home/matheuswagner/ros2_dashing/ros2-linux/include/rclcpp/node.hpp:198:3:[m[K [01;36m[Knote: [m[Kcandidate: template<class MessageT, class AllocatorT, class PublisherT> std::shared_ptr<PublisherT> rclcpp::Node::create_publisher(const string&, size_t, std::shared_ptr<_Up>)
   [01;36m[Kcreate_publisher[m[K(
   [01;36m[K^~~~~~~~~~~~~~~~[m[K
[01m[K/home/matheuswagner/ros2_dashing/ros2-linux/include/rclcpp/node.hpp:198:3:[m[K [01;36m[Knote: [m[K  template argument deduction/substitution failed:
[01m[K/home/matheuswagner/repos/adaptive-cubesat-adcs/cubesat-simulation/src/cubesat_sensors/src/imu_adapter.cpp:29:100:[m[K [01;31m[Kerror: [m[Ktemplate argument 1 is invalid
       orientationXPublisher = this->create_publisher<std_msgs::msg::String>("imu_orientation_x", 10[01;31m[K)[m[K;
                                                                                                    [01;31m[K^[m[K
In file included from [01m[K/home/matheuswagner/ros2_dashing/ros2-linux/include/rclcpp/executors/single_threaded_executor.hpp:28:0[m[K,
                 from [01m[K/home/matheuswagner/ros2_dashing/ros2-linux/include/rclcpp/executors.hpp:22[m[K,
                 from [01m[K/home/matheuswagner/ros2_dashing/ros2-linux/include/rclcpp/rclcpp.hpp:144[m[K,
                 from [01m[K/home/matheuswagner/repos/adaptive-cubesat-adcs/cubesat-simulation/src/cubesat_sensors/src/imu_adapter.cpp:6[m[K:
[01m[K/home/matheuswagner/ros2_dashing/ros2-linux/include/rclcpp/node.hpp:217:3:[m[K [01;36m[Knote: [m[Kcandidate: template<class MessageT, class AllocatorT, class PublisherT> std::shared_ptr<PublisherT> rclcpp::Node::create_publisher(const string&, const rmw_qos_profile_t&, std::shared_ptr<_Up>)
   [01;36m[Kcreate_publisher[m[K(
   [01;36m[K^~~~~~~~~~~~~~~~[m[K
[01m[K/home/matheuswagner/ros2_dashing/ros2-linux/include/rclcpp/node.hpp:217:3:[m[K [01;36m[Knote: [m[K  template argument deduction/substitution failed:
[01m[K/home/matheuswagner/repos/adaptive-cubesat-adcs/cubesat-simulation/src/cubesat_sensors/src/imu_adapter.cpp:29:100:[m[K [01;31m[Kerror: [m[Ktemplate argument 1 is invalid
       orientationXPublisher = this->create_publisher<std_msgs::msg::String>("imu_orientation_x", 10[01;31m[K)[m[K;
                                                                                                    [01;31m[K^[m[K
[01m[K/home/matheuswagner/repos/adaptive-cubesat-adcs/cubesat-simulation/src/cubesat_sensors/src/imu_adapter.cpp:30:69:[m[K [01;31m[Kerror: [m[K‘[01m[KString[m[K’ is not a member of ‘[01m[Kstd_msgs::msg[m[K’
       orientationYPublisher = this->create_publisher<std_msgs::msg::[01;31m[KString[m[K>("imu_orientation_y", 10);
                                                                     [01;31m[K^~~~~~[m[K
[01m[K/home/matheuswagner/repos/adaptive-cubesat-adcs/cubesat-simulation/src/cubesat_sensors/src/imu_adapter.cpp:30:69:[m[K [01;31m[Kerror: [m[K‘[01m[KString[m[K’ is not a member of ‘[01m[Kstd_msgs::msg[m[K’
[01m[K/home/matheuswagner/repos/adaptive-cubesat-adcs/cubesat-simulation/src/cubesat_sensors/src/imu_adapter.cpp:30:100:[m[K [01;31m[Kerror: [m[Kno matching function for call to ‘[01m[KImuAdapter::create_publisher<<expression error> >(const char [18], int)[m[K’
       orientationYPublisher = this->create_publisher<std_msgs::msg::String>("imu_orientation_y", 10[01;31m[K)[m[K;
                                                                                                    [01;31m[K^[m[K
In file included from [01m[K/home/matheuswagner/ros2_dashing/ros2-linux/include/rclcpp/executors/single_threaded_executor.hpp:28:0[m[K,
                 from [01m[K/home/matheuswagner/ros2_dashing/ros2-linux/include/rclcpp/executors.hpp:22[m[K,
                 from [01m[K/home/matheuswagner/ros2_dashing/ros2-linux/include/rclcpp/rclcpp.hpp:144[m[K,
                 from [01m[K/home/matheuswagner/repos/adaptive-cubesat-adcs/cubesat-simulation/src/cubesat_sensors/src/imu_adapter.cpp:6[m[K:
[01m[K/home/matheuswagner/ros2_dashing/ros2-linux/include/rclcpp/node.hpp:177:3:[m[K [01;36m[Knote: [m[Kcandidate: template<class MessageT, class AllocatorT, class PublisherT> std::shared_ptr<PublisherT> rclcpp::Node::create_publisher(const string&, const rclcpp::QoS&, const rclcpp::PublisherOptionsWithAllocator<AllocatorT>&)
   [01;36m[Kcreate_publisher[m[K(
   [01;36m[K^~~~~~~~~~~~~~~~[m[K
[01m[K/home/matheuswagner/ros2_dashing/ros2-linux/include/rclcpp/node.hpp:177:3:[m[K [01;36m[Knote: [m[K  template argument deduction/substitution failed:
[01m[K/home/matheuswagner/repos/adaptive-cubesat-adcs/cubesat-simulation/src/cubesat_sensors/src/imu_adapter.cpp:30:100:[m[K [01;31m[Kerror: [m[Ktemplate argument 1 is invalid
       orientationYPublisher = this->create_publisher<std_msgs::msg::String>("imu_orientation_y", 10[01;31m[K)[m[K;
                                                                                                    [01;31m[K^[m[K
In file included from [01m[K/home/matheuswagner/ros2_dashing/ros2-linux/include/rclcpp/executors/single_threaded_executor.hpp:28:0[m[K,
                 from [01m[K/home/matheuswagner/ros2_dashing/ros2-linux/include/rclcpp/executors.hpp:22[m[K,
                 from [01m[K/home/matheuswagner/ros2_dashing/ros2-linux/include/rclcpp/rclcpp.hpp:144[m[K,
                 from [01m[K/home/matheuswagner/repos/adaptive-cubesat-adcs/cubesat-simulation/src/cubesat_sensors/src/imu_adapter.cpp:6[m[K:
[01m[K/home/matheuswagner/ros2_dashing/ros2-linux/include/rclcpp/node.hpp:198:3:[m[K [01;36m[Knote: [m[Kcandidate: template<class MessageT, class AllocatorT, class PublisherT> std::shared_ptr<PublisherT> rclcpp::Node::create_publisher(const string&, size_t, std::shared_ptr<_Up>)
   [01;36m[Kcreate_publisher[m[K(
   [01;36m[K^~~~~~~~~~~~~~~~[m[K
[01m[K/home/matheuswagner/ros2_dashing/ros2-linux/include/rclcpp/node.hpp:198:3:[m[K [01;36m[Knote: [m[K  template argument deduction/substitution failed:
[01m[K/home/matheuswagner/repos/adaptive-cubesat-adcs/cubesat-simulation/src/cubesat_sensors/src/imu_adapter.cpp:30:100:[m[K [01;31m[Kerror: [m[Ktemplate argument 1 is invalid
       orientationYPublisher = this->create_publisher<std_msgs::msg::String>("imu_orientation_y", 10[01;31m[K)[m[K;
                                                                                                    [01;31m[K^[m[K
In file included from [01m[K/home/matheuswagner/ros2_dashing/ros2-linux/include/rclcpp/executors/single_threaded_executor.hpp:28:0[m[K,
                 from [01m[K/home/matheuswagner/ros2_dashing/ros2-linux/include/rclcpp/executors.hpp:22[m[K,
                 from [01m[K/home/matheuswagner/ros2_dashing/ros2-linux/include/rclcpp/rclcpp.hpp:144[m[K,
                 from [01m[K/home/matheuswagner/repos/adaptive-cubesat-adcs/cubesat-simulation/src/cubesat_sensors/src/imu_adapter.cpp:6[m[K:
[01m[K/home/matheuswagner/ros2_dashing/ros2-linux/include/rclcpp/node.hpp:217:3:[m[K [01;36m[Knote: [m[Kcandidate: template<class MessageT, class AllocatorT, class PublisherT> std::shared_ptr<PublisherT> rclcpp::Node::create_publisher(const string&, const rmw_qos_profile_t&, std::shared_ptr<_Up>)
   [01;36m[Kcreate_publisher[m[K(
   [01;36m[K^~~~~~~~~~~~~~~~[m[K
[01m[K/home/matheuswagner/ros2_dashing/ros2-linux/include/rclcpp/node.hpp:217:3:[m[K [01;36m[Knote: [m[K  template argument deduction/substitution failed:
[01m[K/home/matheuswagner/repos/adaptive-cubesat-adcs/cubesat-simulation/src/cubesat_sensors/src/imu_adapter.cpp:30:100:[m[K [01;31m[Kerror: [m[Ktemplate argument 1 is invalid
       orientationYPublisher = this->create_publisher<std_msgs::msg::String>("imu_orientation_y", 10[01;31m[K)[m[K;
                                                                                                    [01;31m[K^[m[K
[01m[K/home/matheuswagner/repos/adaptive-cubesat-adcs/cubesat-simulation/src/cubesat_sensors/src/imu_adapter.cpp:31:69:[m[K [01;31m[Kerror: [m[K‘[01m[KString[m[K’ is not a member of ‘[01m[Kstd_msgs::msg[m[K’
       orientationZPublisher = this->create_publisher<std_msgs::msg::[01;31m[KString[m[K>("imu_orientation_z", 10);
                                                                     [01;31m[K^~~~~~[m[K
[01m[K/home/matheuswagner/repos/adaptive-cubesat-adcs/cubesat-simulation/src/cubesat_sensors/src/imu_adapter.cpp:31:69:[m[K [01;31m[Kerror: [m[K‘[01m[KString[m[K’ is not a member of ‘[01m[Kstd_msgs::msg[m[K’
[01m[K/home/matheuswagner/repos/adaptive-cubesat-adcs/cubesat-simulation/src/cubesat_sensors/src/imu_adapter.cpp:31:100:[m[K [01;31m[Kerror: [m[Kno matching function for call to ‘[01m[KImuAdapter::create_publisher<<expression error> >(const char [18], int)[m[K’
       orientationZPublisher = this->create_publisher<std_msgs::msg::String>("imu_orientation_z", 10[01;31m[K)[m[K;
                                                                                                    [01;31m[K^[m[K
In file included from [01m[K/home/matheuswagner/ros2_dashing/ros2-linux/include/rclcpp/executors/single_threaded_executor.hpp:28:0[m[K,
                 from [01m[K/home/matheuswagner/ros2_dashing/ros2-linux/include/rclcpp/executors.hpp:22[m[K,
                 from [01m[K/home/matheuswagner/ros2_dashing/ros2-linux/include/rclcpp/rclcpp.hpp:144[m[K,
                 from [01m[K/home/matheuswagner/repos/adaptive-cubesat-adcs/cubesat-simulation/src/cubesat_sensors/src/imu_adapter.cpp:6[m[K:
[01m[K/home/matheuswagner/ros2_dashing/ros2-linux/include/rclcpp/node.hpp:177:3:[m[K [01;36m[Knote: [m[Kcandidate: template<class MessageT, class AllocatorT, class PublisherT> std::shared_ptr<PublisherT> rclcpp::Node::create_publisher(const string&, const rclcpp::QoS&, const rclcpp::PublisherOptionsWithAllocator<AllocatorT>&)
   [01;36m[Kcreate_publisher[m[K(
   [01;36m[K^~~~~~~~~~~~~~~~[m[K
[01m[K/home/matheuswagner/ros2_dashing/ros2-linux/include/rclcpp/node.hpp:177:3:[m[K [01;36m[Knote: [m[K  template argument deduction/substitution failed:
[01m[K/home/matheuswagner/repos/adaptive-cubesat-adcs/cubesat-simulation/src/cubesat_sensors/src/imu_adapter.cpp:31:100:[m[K [01;31m[Kerror: [m[Ktemplate argument 1 is invalid
       orientationZPublisher = this->create_publisher<std_msgs::msg::String>("imu_orientation_z", 10[01;31m[K)[m[K;
                                                                                                    [01;31m[K^[m[K
In file included from [01m[K/home/matheuswagner/ros2_dashing/ros2-linux/include/rclcpp/executors/single_threaded_executor.hpp:28:0[m[K,
                 from [01m[K/home/matheuswagner/ros2_dashing/ros2-linux/include/rclcpp/executors.hpp:22[m[K,
                 from [01m[K/home/matheuswagner/ros2_dashing/ros2-linux/include/rclcpp/rclcpp.hpp:144[m[K,
                 from [01m[K/home/matheuswagner/repos/adaptive-cubesat-adcs/cubesat-simulation/src/cubesat_sensors/src/imu_adapter.cpp:6[m[K:
[01m[K/home/matheuswagner/ros2_dashing/ros2-linux/include/rclcpp/node.hpp:198:3:[m[K [01;36m[Knote: [m[Kcandidate: template<class MessageT, class AllocatorT, class PublisherT> std::shared_ptr<PublisherT> rclcpp::Node::create_publisher(const string&, size_t, std::shared_ptr<_Up>)
   [01;36m[Kcreate_publisher[m[K(
   [01;36m[K^~~~~~~~~~~~~~~~[m[K
[01m[K/home/matheuswagner/ros2_dashing/ros2-linux/include/rclcpp/node.hpp:198:3:[m[K [01;36m[Knote: [m[K  template argument deduction/substitution failed:
[01m[K/home/matheuswagner/repos/adaptive-cubesat-adcs/cubesat-simulation/src/cubesat_sensors/src/imu_adapter.cpp:31:100:[m[K [01;31m[Kerror: [m[Ktemplate argument 1 is invalid
       orientationZPublisher = this->create_publisher<std_msgs::msg::String>("imu_orientation_z", 10[01;31m[K)[m[K;
                                                                                                    [01;31m[K^[m[K
In file included from [01m[K/home/matheuswagner/ros2_dashing/ros2-linux/include/rclcpp/executors/single_threaded_executor.hpp:28:0[m[K,
                 from [01m[K/home/matheuswagner/ros2_dashing/ros2-linux/include/rclcpp/executors.hpp:22[m[K,
                 from [01m[K/home/matheuswagner/ros2_dashing/ros2-linux/include/rclcpp/rclcpp.hpp:144[m[K,
                 from [01m[K/home/matheuswagner/repos/adaptive-cubesat-adcs/cubesat-simulation/src/cubesat_sensors/src/imu_adapter.cpp:6[m[K:
[01m[K/home/matheuswagner/ros2_dashing/ros2-linux/include/rclcpp/node.hpp:217:3:[m[K [01;36m[Knote: [m[Kcandidate: template<class MessageT, class AllocatorT, class PublisherT> std::shared_ptr<PublisherT> rclcpp::Node::create_publisher(const string&, const rmw_qos_profile_t&, std::shared_ptr<_Up>)
   [01;36m[Kcreate_publisher[m[K(
   [01;36m[K^~~~~~~~~~~~~~~~[m[K
[01m[K/home/matheuswagner/ros2_dashing/ros2-linux/include/rclcpp/node.hpp:217:3:[m[K [01;36m[Knote: [m[K  template argument deduction/substitution failed:
[01m[K/home/matheuswagner/repos/adaptive-cubesat-adcs/cubesat-simulation/src/cubesat_sensors/src/imu_adapter.cpp:31:100:[m[K [01;31m[Kerror: [m[Ktemplate argument 1 is invalid
       orientationZPublisher = this->create_publisher<std_msgs::msg::String>("imu_orientation_z", 10[01;31m[K)[m[K;
                                                                                                    [01;31m[K^[m[K
[01m[K/home/matheuswagner/repos/adaptive-cubesat-adcs/cubesat-simulation/src/cubesat_sensors/src/imu_adapter.cpp:[m[K In member function ‘[01m[Kvoid ImuAdapter::AtMessageArival(sensor_msgs::msg::Imu_<std::allocator<void> >::SharedPtr)[m[K’:
[01m[K/home/matheuswagner/repos/adaptive-cubesat-adcs/cubesat-simulation/src/cubesat_sensors/src/imu_adapter.cpp:59:46:[m[K [01;31m[Kerror: [m[Kno matching function for call to ‘[01m[KImuAdapter::BuildEmptyPacket(std_msgs::msg::Float32MultiArray_<std::allocator<void> >&)[m[K’
       this->BuildEmptyPacket(messageVelocityX[01;31m[K)[m[K;
                                              [01;31m[K^[m[K
[01m[K/home/matheuswagner/repos/adaptive-cubesat-adcs/cubesat-simulation/src/cubesat_sensors/src/imu_adapter.cpp:35:10:[m[K [01;36m[Knote: [m[Kcandidate: void ImuAdapter::BuildEmptyPacket(std_msgs::msg::Float32MultiArray*)
     void [01;36m[KBuildEmptyPacket[m[K(std_msgs::msg::Float32MultiArray *message)
          [01;36m[K^~~~~~~~~~~~~~~~[m[K
[01m[K/home/matheuswagner/repos/adaptive-cubesat-adcs/cubesat-simulation/src/cubesat_sensors/src/imu_adapter.cpp:35:10:[m[K [01;36m[Knote: [m[K  no known conversion for argument 1 from ‘[01m[Kstd_msgs::msg::Float32MultiArray_<std::allocator<void> >[m[K’ to ‘[01m[Kstd_msgs::msg::Float32MultiArray* {aka std_msgs::msg::Float32MultiArray_<std::allocator<void> >*}[m[K’
[01m[K/home/matheuswagner/repos/adaptive-cubesat-adcs/cubesat-simulation/src/cubesat_sensors/src/imu_adapter.cpp:60:23:[m[K [01;31m[Kerror: [m[Kbase operand of ‘[01m[K->[m[K’ has non-pointer type ‘[01m[Kstd_msgs::msg::Float32MultiArray_<std::allocator<void> >[m[K’
       messageVelocityX[01;31m[K->[m[Kdata[6] = msg->angular_velocity.x
                       [01;31m[K^~[m[K
[01m[K/home/matheuswagner/repos/adaptive-cubesat-adcs/cubesat-simulation/src/cubesat_sensors/src/imu_adapter.cpp:64:46:[m[K [01;31m[Kerror: [m[Kno matching function for call to ‘[01m[KImuAdapter::BuildEmptyPacket(std_msgs::msg::Float32MultiArray_<std::allocator<void> >&)[m[K’
       this->BuildEmptyPacket(messageVelocityY[01;31m[K)[m[K;
                                              [01;31m[K^[m[K
[01m[K/home/matheuswagner/repos/adaptive-cubesat-adcs/cubesat-simulation/src/cubesat_sensors/src/imu_adapter.cpp:35:10:[m[K [01;36m[Knote: [m[Kcandidate: void ImuAdapter::BuildEmptyPacket(std_msgs::msg::Float32MultiArray*)
     void [01;36m[KBuildEmptyPacket[m[K(std_msgs::msg::Float32MultiArray *message)
          [01;36m[K^~~~~~~~~~~~~~~~[m[K
[01m[K/home/matheuswagner/repos/adaptive-cubesat-adcs/cubesat-simulation/src/cubesat_sensors/src/imu_adapter.cpp:35:10:[m[K [01;36m[Knote: [m[K  no known conversion for argument 1 from ‘[01m[Kstd_msgs::msg::Float32MultiArray_<std::allocator<void> >[m[K’ to ‘[01m[Kstd_msgs::msg::Float32MultiArray* {aka std_msgs::msg::Float32MultiArray_<std::allocator<void> >*}[m[K’
[01m[K/home/matheuswagner/repos/adaptive-cubesat-adcs/cubesat-simulation/src/cubesat_sensors/src/imu_adapter.cpp:65:23:[m[K [01;31m[Kerror: [m[Kbase operand of ‘[01m[K->[m[K’ has non-pointer type ‘[01m[Kstd_msgs::msg::Float32MultiArray_<std::allocator<void> >[m[K’
       messageVelocityY[01;31m[K->[m[Kdata[6] = msg->angular_velocity.y
                       [01;31m[K^~[m[K
[01m[K/home/matheuswagner/repos/adaptive-cubesat-adcs/cubesat-simulation/src/cubesat_sensors/src/imu_adapter.cpp:69:46:[m[K [01;31m[Kerror: [m[Kno matching function for call to ‘[01m[KImuAdapter::BuildEmptyPacket(std_msgs::msg::Float32MultiArray_<std::allocator<void> >&)[m[K’
       this->BuildEmptyPacket(messageVelocityZ[01;31m[K)[m[K;
                                              [01;31m[K^[m[K
[01m[K/home/matheuswagner/repos/adaptive-cubesat-adcs/cubesat-simulation/src/cubesat_sensors/src/imu_adapter.cpp:35:10:[m[K [01;36m[Knote: [m[Kcandidate: void ImuAdapter::BuildEmptyPacket(std_msgs::msg::Float32MultiArray*)
     void [01;36m[KBuildEmptyPacket[m[K(std_msgs::msg::Float32MultiArray *message)
          [01;36m[K^~~~~~~~~~~~~~~~[m[K
[01m[K/home/matheuswagner/repos/adaptive-cubesat-adcs/cubesat-simulation/src/cubesat_sensors/src/imu_adapter.cpp:35:10:[m[K [01;36m[Knote: [m[K  no known conversion for argument 1 from ‘[01m[Kstd_msgs::msg::Float32MultiArray_<std::allocator<void> >[m[K’ to ‘[01m[Kstd_msgs::msg::Float32MultiArray* {aka std_msgs::msg::Float32MultiArray_<std::allocator<void> >*}[m[K’
[01m[K/home/matheuswagner/repos/adaptive-cubesat-adcs/cubesat-simulation/src/cubesat_sensors/src/imu_adapter.cpp:70:23:[m[K [01;31m[Kerror: [m[Kbase operand of ‘[01m[K->[m[K’ has non-pointer type ‘[01m[Kstd_msgs::msg::Float32MultiArray_<std::allocator<void> >[m[K’
       messageVelocityZ[01;31m[K->[m[Kdata[6] = msg->angular_velocity.z
                       [01;31m[K^~[m[K
[01m[K/home/matheuswagner/repos/adaptive-cubesat-adcs/cubesat-simulation/src/cubesat_sensors/src/imu_adapter.cpp:74:49:[m[K [01;31m[Kerror: [m[Kno matching function for call to ‘[01m[KImuAdapter::BuildEmptyPacket(std_msgs::msg::Float32MultiArray_<std::allocator<void> >&)[m[K’
       this->BuildEmptyPacket(messageOrientationO[01;31m[K)[m[K;
                                                 [01;31m[K^[m[K
[01m[K/home/matheuswagner/repos/adaptive-cubesat-adcs/cubesat-simulation/src/cubesat_sensors/src/imu_adapter.cpp:35:10:[m[K [01;36m[Knote: [m[Kcandidate: void ImuAdapter::BuildEmptyPacket(std_msgs::msg::Float32MultiArray*)
     void [01;36m[KBuildEmptyPacket[m[K(std_msgs::msg::Float32MultiArray *message)
          [01;36m[K^~~~~~~~~~~~~~~~[m[K
[01m[K/home/matheuswagner/repos/adaptive-cubesat-adcs/cubesat-simulation/src/cubesat_sensors/src/imu_adapter.cpp:35:10:[m[K [01;36m[Knote: [m[K  no known conversion for argument 1 from ‘[01m[Kstd_msgs::msg::Float32MultiArray_<std::allocator<void> >[m[K’ to ‘[01m[Kstd_msgs::msg::Float32MultiArray* {aka std_msgs::msg::Float32MultiArray_<std::allocator<void> >*}[m[K’
[01m[K/home/matheuswagner/repos/adaptive-cubesat-adcs/cubesat-simulation/src/cubesat_sensors/src/imu_adapter.cpp:75:26:[m[K [01;31m[Kerror: [m[Kbase operand of ‘[01m[K->[m[K’ has non-pointer type ‘[01m[Kstd_msgs::msg::Float32MultiArray_<std::allocator<void> >[m[K’
       messageOrientationO[01;31m[K->[m[Kdata[6] = msg->orientation.w
                          [01;31m[K^~[m[K
[01m[K/home/matheuswagner/repos/adaptive-cubesat-adcs/cubesat-simulation/src/cubesat_sensors/src/imu_adapter.cpp:79:49:[m[K [01;31m[Kerror: [m[Kno matching function for call to ‘[01m[KImuAdapter::BuildEmptyPacket(std_msgs::msg::Float32MultiArray_<std::allocator<void> >&)[m[K’
       this->BuildEmptyPacket(messageOrientationX[01;31m[K)[m[K;
                                                 [01;31m[K^[m[K
[01m[K/home/matheuswagner/repos/adaptive-cubesat-adcs/cubesat-simulation/src/cubesat_sensors/src/imu_adapter.cpp:35:10:[m[K [01;36m[Knote: [m[Kcandidate: void ImuAdapter::BuildEmptyPacket(std_msgs::msg::Float32MultiArray*)
     void [01;36m[KBuildEmptyPacket[m[K(std_msgs::msg::Float32MultiArray *message)
          [01;36m[K^~~~~~~~~~~~~~~~[m[K
[01m[K/home/matheuswagner/repos/adaptive-cubesat-adcs/cubesat-simulation/src/cubesat_sensors/src/imu_adapter.cpp:35:10:[m[K [01;36m[Knote: [m[K  no known conversion for argument 1 from ‘[01m[Kstd_msgs::msg::Float32MultiArray_<std::allocator<void> >[m[K’ to ‘[01m[Kstd_msgs::msg::Float32MultiArray* {aka std_msgs::msg::Float32MultiArray_<std::allocator<void> >*}[m[K’
[01m[K/home/matheuswagner/repos/adaptive-cubesat-adcs/cubesat-simulation/src/cubesat_sensors/src/imu_adapter.cpp:80:26:[m[K [01;31m[Kerror: [m[Kbase operand of ‘[01m[K->[m[K’ has non-pointer type ‘[01m[Kstd_msgs::msg::Float32MultiArray_<std::allocator<void> >[m[K’
       messageOrientationX[01;31m[K->[m[Kdata[6] = msg->orientation.x
                          [01;31m[K^~[m[K
[01m[K/home/matheuswagner/repos/adaptive-cubesat-adcs/cubesat-simulation/src/cubesat_sensors/src/imu_adapter.cpp:84:49:[m[K [01;31m[Kerror: [m[Kno matching function for call to ‘[01m[KImuAdapter::BuildEmptyPacket(std_msgs::msg::Float32MultiArray_<std::allocator<void> >&)[m[K’
       this->BuildEmptyPacket(messageOrientationY[01;31m[K)[m[K;
                                                 [01;31m[K^[m[K
[01m[K/home/matheuswagner/repos/adaptive-cubesat-adcs/cubesat-simulation/src/cubesat_sensors/src/imu_adapter.cpp:35:10:[m[K [01;36m[Knote: [m[Kcandidate: void ImuAdapter::BuildEmptyPacket(std_msgs::msg::Float32MultiArray*)
     void [01;36m[KBuildEmptyPacket[m[K(std_msgs::msg::Float32MultiArray *message)
          [01;36m[K^~~~~~~~~~~~~~~~[m[K
[01m[K/home/matheuswagner/repos/adaptive-cubesat-adcs/cubesat-simulation/src/cubesat_sensors/src/imu_adapter.cpp:35:10:[m[K [01;36m[Knote: [m[K  no known conversion for argument 1 from ‘[01m[Kstd_msgs::msg::Float32MultiArray_<std::allocator<void> >[m[K’ to ‘[01m[Kstd_msgs::msg::Float32MultiArray* {aka std_msgs::msg::Float32MultiArray_<std::allocator<void> >*}[m[K’
[01m[K/home/matheuswagner/repos/adaptive-cubesat-adcs/cubesat-simulation/src/cubesat_sensors/src/imu_adapter.cpp:85:26:[m[K [01;31m[Kerror: [m[Kbase operand of ‘[01m[K->[m[K’ has non-pointer type ‘[01m[Kstd_msgs::msg::Float32MultiArray_<std::allocator<void> >[m[K’
       messageOrientationY[01;31m[K->[m[Kdata[6] = msg->orientation.y
                          [01;31m[K^~[m[K
[01m[K/home/matheuswagner/repos/adaptive-cubesat-adcs/cubesat-simulation/src/cubesat_sensors/src/imu_adapter.cpp:89:49:[m[K [01;31m[Kerror: [m[Kno matching function for call to ‘[01m[KImuAdapter::BuildEmptyPacket(std_msgs::msg::Float32MultiArray_<std::allocator<void> >&)[m[K’
       this->BuildEmptyPacket(messageOrientationZ[01;31m[K)[m[K;
                                                 [01;31m[K^[m[K
[01m[K/home/matheuswagner/repos/adaptive-cubesat-adcs/cubesat-simulation/src/cubesat_sensors/src/imu_adapter.cpp:35:10:[m[K [01;36m[Knote: [m[Kcandidate: void ImuAdapter::BuildEmptyPacket(std_msgs::msg::Float32MultiArray*)
     void [01;36m[KBuildEmptyPacket[m[K(std_msgs::msg::Float32MultiArray *message)
          [01;36m[K^~~~~~~~~~~~~~~~[m[K
[01m[K/home/matheuswagner/repos/adaptive-cubesat-adcs/cubesat-simulation/src/cubesat_sensors/src/imu_adapter.cpp:35:10:[m[K [01;36m[Knote: [m[K  no known conversion for argument 1 from ‘[01m[Kstd_msgs::msg::Float32MultiArray_<std::allocator<void> >[m[K’ to ‘[01m[Kstd_msgs::msg::Float32MultiArray* {aka std_msgs::msg::Float32MultiArray_<std::allocator<void> >*}[m[K’
[01m[K/home/matheuswagner/repos/adaptive-cubesat-adcs/cubesat-simulation/src/cubesat_sensors/src/imu_adapter.cpp:90:26:[m[K [01;31m[Kerror: [m[Kbase operand of ‘[01m[K->[m[K’ has non-pointer type ‘[01m[Kstd_msgs::msg::Float32MultiArray_<std::allocator<void> >[m[K’
       messageOrientationZ[01;31m[K->[m[Kdata[6] = msg->orientation.z
                          [01;31m[K^~[m[K
make[2]: *** [CMakeFiles/imu_adapter.dir/src/imu_adapter.cpp.o] Error 1
make[1]: *** [CMakeFiles/imu_adapter.dir/all] Error 2
make: *** [all] Error 2
