[0.016s] Invoking command in '/home/matheuswagner/repos/adaptive-cubesat-adcs/cubesat-simulation/build/controller': CMAKE_PREFIX_PATH=${CMAKE_PREFIX_PATH}:/home/matheuswagner/repos/adaptive-cubesat-adcs/cubesat-simulation/install/cubesat_description:/opt/ros/foxy /usr/bin/cmake --build /home/matheuswagner/repos/adaptive-cubesat-adcs/cubesat-simulation/build/controller -- -j8 -l8
[0.072s] [35m[1mScanning dependencies of target controller[0m
[0.109s] [ 50%] [32mBuilding CXX object CMakeFiles/controller.dir/src/controller.cpp.o[0m
[0.568s] In file included from [01m[K/home/matheuswagner/repos/adaptive-cubesat-adcs/cubesat-simulation/src/controller/src/../include/smartdata.h:5[m[K,
[0.568s]                  from [01m[K/home/matheuswagner/repos/adaptive-cubesat-adcs/cubesat-simulation/src/controller/src/../include/local_smartdata.h:4[m[K,
[0.568s]                  from [01m[K/home/matheuswagner/repos/adaptive-cubesat-adcs/cubesat-simulation/src/controller/src/controller.cpp:1[m[K:
[0.568s] [01m[K/home/matheuswagner/repos/adaptive-cubesat-adcs/cubesat-simulation/src/controller/src/../include/observer.h:[m[K In member function ‘[01m[Kvirtual void Observer::notify(int)[m[K’:
[0.568s] [01m[K/home/matheuswagner/repos/adaptive-cubesat-adcs/cubesat-simulation/src/controller/src/../include/observer.h:8:33:[m[K [01;35m[Kwarning: [m[Kunused parameter ‘[01m[Kid[m[K’ [[01;35m[K-Wunused-parameter[m[K]
[0.568s]     8 |         virtual void notify([01;35m[Kint id[m[K){};
[0.568s]       |                             [01;35m[K~~~~^~[m[K
[2.962s] In file included from [01m[K/home/matheuswagner/repos/adaptive-cubesat-adcs/cubesat-simulation/src/controller/src/../include/../include/disturbance_predictor.h:8[m[K,
[2.962s]                  from [01m[K/home/matheuswagner/repos/adaptive-cubesat-adcs/cubesat-simulation/src/controller/src/../include/../include/satellite_model.h:8[m[K,
[2.962s]                  from [01m[K/home/matheuswagner/repos/adaptive-cubesat-adcs/cubesat-simulation/src/controller/src/../include/../include/feedback_linearization_controller.h:6[m[K,
[2.962s]                  from [01m[K/home/matheuswagner/repos/adaptive-cubesat-adcs/cubesat-simulation/src/controller/src/../include/../include/adaptive_controller_system.h:4[m[K,
[2.962s]                  from [01m[K/home/matheuswagner/repos/adaptive-cubesat-adcs/cubesat-simulation/src/controller/src/../include/../include/hybrid_controller.h:6[m[K,
[2.963s]                  from [01m[K/home/matheuswagner/repos/adaptive-cubesat-adcs/cubesat-simulation/src/controller/src/../include/controller_smartdata.h:11[m[K,
[2.963s]                  from [01m[K/home/matheuswagner/repos/adaptive-cubesat-adcs/cubesat-simulation/src/controller/src/controller.cpp:3[m[K:
[2.963s] [01m[K/home/matheuswagner/repos/adaptive-cubesat-adcs/cubesat-simulation/src/controller/src/../include/../include/chebyshev_polynomials.h:[m[K In static member function ‘[01m[Kstatic float ChebyshevPolynomials::T0(float)[m[K’:
[2.963s] [01m[K/home/matheuswagner/repos/adaptive-cubesat-adcs/cubesat-simulation/src/controller/src/../include/../include/chebyshev_polynomials.h:9:31:[m[K [01;35m[Kwarning: [m[Kunused parameter ‘[01m[Kx[m[K’ [[01;35m[K-Wunused-parameter[m[K]
[2.963s]     9 |         static float T0([01;35m[Kfloat x[m[K)
[2.963s]       |                         [01;35m[K~~~~~~^[m[K
[3.284s] In file included from [01m[K/home/matheuswagner/repos/adaptive-cubesat-adcs/cubesat-simulation/src/controller/src/../include/../include/feedback_linearization_controller.h:6[m[K,
[3.284s]                  from [01m[K/home/matheuswagner/repos/adaptive-cubesat-adcs/cubesat-simulation/src/controller/src/../include/../include/adaptive_controller_system.h:4[m[K,
[3.284s]                  from [01m[K/home/matheuswagner/repos/adaptive-cubesat-adcs/cubesat-simulation/src/controller/src/../include/../include/hybrid_controller.h:6[m[K,
[3.285s]                  from [01m[K/home/matheuswagner/repos/adaptive-cubesat-adcs/cubesat-simulation/src/controller/src/../include/controller_smartdata.h:11[m[K,
[3.285s]                  from [01m[K/home/matheuswagner/repos/adaptive-cubesat-adcs/cubesat-simulation/src/controller/src/controller.cpp:3[m[K:
[3.285s] [01m[K/home/matheuswagner/repos/adaptive-cubesat-adcs/cubesat-simulation/src/controller/src/../include/../include/satellite_model.h:[m[K In member function ‘[01m[Kvoid SatelliteModel::UpdateDynamicMatrix(Eigen::Matrix<float, 3, 1>, Eigen::Matrix<float, 3, 1>, Eigen::Matrix<float, 3, 1>, Eigen::Quaternion<float>)[m[K’:
[3.285s] [01m[K/home/matheuswagner/repos/adaptive-cubesat-adcs/cubesat-simulation/src/controller/src/../include/../include/satellite_model.h:25:195:[m[K [01;35m[Kwarning: [m[Kunused parameter ‘[01m[Kattitude[m[K’ [[01;35m[K-Wunused-parameter[m[K]
[3.285s]    25 | float,3,1> slidingVariable, Eigen::Matrix<float,3,1> satelliteVelocity, Eigen::Matrix<float,3,1> reactionWheelVelocities, [01;35m[KEigen::Quaternion<float> attitude[m[K)
[3.285s]       |                                                                                                                           [01;35m[K~~~~~~~~~~~~~~~~~~~~~~~~~^~~~~~~~[m[K
[3.285s] 
[3.552s] In file included from [01m[K/home/matheuswagner/repos/adaptive-cubesat-adcs/cubesat-simulation/src/controller/src/../include/../include/feedback_linearization_controller.h:6[m[K,
[3.552s]                  from [01m[K/home/matheuswagner/repos/adaptive-cubesat-adcs/cubesat-simulation/src/controller/src/../include/../include/adaptive_controller_system.h:4[m[K,
[3.552s]                  from [01m[K/home/matheuswagner/repos/adaptive-cubesat-adcs/cubesat-simulation/src/controller/src/../include/../include/hybrid_controller.h:6[m[K,
[3.552s]                  from [01m[K/home/matheuswagner/repos/adaptive-cubesat-adcs/cubesat-simulation/src/controller/src/../include/controller_smartdata.h:11[m[K,
[3.552s]                  from [01m[K/home/matheuswagner/repos/adaptive-cubesat-adcs/cubesat-simulation/src/controller/src/controller.cpp:3[m[K:
[3.552s] [01m[K/home/matheuswagner/repos/adaptive-cubesat-adcs/cubesat-simulation/src/controller/src/../include/../include/satellite_model.h:[m[K In member function ‘[01m[KEigen::Matrix<float, 3, 1> SatelliteModel::InverseDynamicsSignal(Eigen::Matrix<float, 3, 1>, Eigen::Matrix<float, 3, 1>, Eigen::Matrix<float, 3, 1>, Eigen::Quaternion<float>)[m[K’:
[3.552s] [01m[K/home/matheuswagner/repos/adaptive-cubesat-adcs/cubesat-simulation/src/controller/src/../include/../include/satellite_model.h:120:81:[m[K [01;35m[Kwarning: [m[Kunused parameter ‘[01m[KslidingVariable[m[K’ [[01;35m[K-Wunused-parameter[m[K]
[3.553s]   120 |         Eigen::Matrix<float,3,1> InverseDynamicsSignal([01;35m[KEigen::Matrix<float,3,1> slidingVariable[m[K, Eigen::Matrix<float,3,1> satelliteVelocity, Eigen::Matrix<float,3,1> reactionWheelVelocities, Eigen::Quaternion<float> attitude)
[3.553s]       |                                                        [01;35m[K~~~~~~~~~~~~~~~~~~~~~~~~~^~~~~~~~~~~~~~~[m[K
[3.775s] In file included from [01m[K/home/matheuswagner/repos/adaptive-cubesat-adcs/cubesat-simulation/src/controller/src/../include/../include/hybrid_controller.h:6[m[K,
[3.776s]                  from [01m[K/home/matheuswagner/repos/adaptive-cubesat-adcs/cubesat-simulation/src/controller/src/../include/controller_smartdata.h:11[m[K,
[3.776s]                  from [01m[K/home/matheuswagner/repos/adaptive-cubesat-adcs/cubesat-simulation/src/controller/src/controller.cpp:3[m[K:
[3.776s] [01m[K/home/matheuswagner/repos/adaptive-cubesat-adcs/cubesat-simulation/src/controller/src/../include/../include/adaptive_controller_system.h:[m[K In constructor ‘[01m[KAdaptiveControllerControlSystem::AdaptiveControllerControlSystem(DisturbancePredictor, SatelliteModel, FeedbackLinearizationControler, bool)[m[K’:
[3.776s] [01m[K/home/matheuswagner/repos/adaptive-cubesat-adcs/cubesat-simulation/src/controller/src/../include/../include/adaptive_controller_system.h:53:89:[m[K [01;35m[Kwarning: [m[Kunused parameter ‘[01m[Kadaptive[m[K’ [[01;35m[K-Wunused-parameter[m[K]
[3.776s]    53 |                                         FeedbackLinearizationControler controller, [01;35m[Kbool adaptive[m[K)
[3.776s]       |                                                                                    [01;35m[K~~~~~^~~~~~~~[m[K
[4.572s] In file included from [01m[K/home/matheuswagner/repos/adaptive-cubesat-adcs/cubesat-simulation/src/controller/src/../include/../include/nonadaptive_control_system.h:12[m[K,
[4.572s]                  from [01m[K/home/matheuswagner/repos/adaptive-cubesat-adcs/cubesat-simulation/src/controller/src/../include/../include/hybrid_controller.h:7[m[K,
[4.572s]                  from [01m[K/home/matheuswagner/repos/adaptive-cubesat-adcs/cubesat-simulation/src/controller/src/../include/controller_smartdata.h:11[m[K,
[4.572s]                  from [01m[K/home/matheuswagner/repos/adaptive-cubesat-adcs/cubesat-simulation/src/controller/src/controller.cpp:3[m[K:
[4.573s] [01m[K/home/matheuswagner/repos/adaptive-cubesat-adcs/cubesat-simulation/src/controller/src/../include/../include/adaptive_square_root_cubature_kalman_filter.h:[m[K In member function ‘[01m[KEigen::Matrix<float, 10, 1> AdaptiveSquareRootCubatureKalmanFilter::Filter(Eigen::Matrix<float, 10, 1>, Eigen::Matrix<float, 3, 1>)[m[K’:
[4.573s] [01m[K/home/matheuswagner/repos/adaptive-cubesat-adcs/cubesat-simulation/src/controller/src/../include/../include/adaptive_square_root_cubature_kalman_filter.h:229:41:[m[K [01;35m[Kwarning: [m[Kvariable ‘[01m[KpriorPredictedErrorCovarianceNoQ[m[K’ set but not used [[01;35m[K-Wunused-but-set-variable[m[K]
[4.573s]   229 |             Eigen::Matrix<float, 10,10> [01;35m[KpriorPredictedErrorCovarianceNoQ[m[K = QRDecomposition(matrixForDecomposition);
[4.573s]       |                                         [01;35m[K^~~~~~~~~~~~~~~~~~~~~~~~~~~~~~~~[m[K
[5.215s] In file included from [01m[K/home/matheuswagner/repos/adaptive-cubesat-adcs/cubesat-simulation/src/controller/src/controller.cpp:3[m[K:
[5.215s] [01m[K/home/matheuswagner/repos/adaptive-cubesat-adcs/cubesat-simulation/src/controller/src/../include/controller_smartdata.h:[m[K At global scope:
[5.215s] [01m[K/home/matheuswagner/repos/adaptive-cubesat-adcs/cubesat-simulation/src/controller/src/../include/controller_smartdata.h:38:147:[m[K [01;35m[Kwarning: [m[Kextra ‘[01m[K;[m[K’ [[01;35m[K-Wpedantic[m[K]
[5.215s]    38 |         std::shared_ptr<LocalSmartData<Eigen::Quaternion<float>,PluginOrientationSensor,ControllerSmartData<HybridController,float>>> orientation;[01;35m[K;[m[K
[5.215s]       |                                                                                                                                                   [01;35m[K^[m[K
[5.215s]       |                                                                                                                                                   [31m[K-[m[K
[5.674s] In file included from [01m[K/home/matheuswagner/repos/adaptive-cubesat-adcs/cubesat-simulation/src/controller/src/../include/local_smartdata.h:4[m[K,
[5.674s]                  from [01m[K/home/matheuswagner/repos/adaptive-cubesat-adcs/cubesat-simulation/src/controller/src/controller.cpp:1[m[K:
[5.675s] /home/matheuswagner/repos/adaptive-cubesat-adcs/cubesat-simulation/src/controller/src/../include/smartdata.h: In instantiation of ‘[01m[Kvoid SmartData<Value>::setValue(Value) [with Value = Eigen::Quaternion<float>][m[K’:
[5.675s] [01m[K/home/matheuswagner/repos/adaptive-cubesat-adcs/cubesat-simulation/src/controller/src/../include/../include/plugin_orientation_sensor.h:55:50:[m[K   required from here
[5.675s] [01m[K/home/matheuswagner/repos/adaptive-cubesat-adcs/cubesat-simulation/src/controller/src/../include/smartdata.h:40:37:[m[K [01;35m[Kwarning: [m[Kunused parameter ‘[01m[Kvalue[m[K’ [[01;35m[K-Wunused-parameter[m[K]
[5.675s]    40 |         virtual void setValue([01;35m[KValue value[m[K){}
[5.675s]       |                               [01;35m[K~~~~~~^~~~~[m[K
[5.675s] /home/matheuswagner/repos/adaptive-cubesat-adcs/cubesat-simulation/src/controller/src/../include/smartdata.h: In instantiation of ‘[01m[KValue SmartData<Value>::update() [with Value = Eigen::Quaternion<float>][m[K’:
[5.675s] [01m[K/home/matheuswagner/repos/adaptive-cubesat-adcs/cubesat-simulation/src/controller/src/../include/../include/plugin_orientation_sensor.h:56:37:[m[K   required from here
[5.675s] [01m[K/home/matheuswagner/repos/adaptive-cubesat-adcs/cubesat-simulation/src/controller/src/../include/smartdata.h:38:32:[m[K [01;35m[Kwarning: [m[Kno return statement in function returning non-void [[01;35m[K-Wreturn-type[m[K]
[5.676s]    38 |         virtual Value update(){[01;35m[K}[m[K
[5.676s]       |                                [01;35m[K^[m[K
[5.680s] /home/matheuswagner/repos/adaptive-cubesat-adcs/cubesat-simulation/src/controller/src/../include/smartdata.h: In instantiation of ‘[01m[Kvoid SmartData<Value>::setValue(Value) [with Value = float][m[K’:
[5.680s] [01m[K/home/matheuswagner/repos/adaptive-cubesat-adcs/cubesat-simulation/src/controller/src/../include/../include/plugin_gyroscope.h:49:50:[m[K   required from here
[5.680s] [01m[K/home/matheuswagner/repos/adaptive-cubesat-adcs/cubesat-simulation/src/controller/src/../include/smartdata.h:40:37:[m[K [01;35m[Kwarning: [m[Kunused parameter ‘[01m[Kvalue[m[K’ [[01;35m[K-Wunused-parameter[m[K]
[5.680s]    40 |         virtual void setValue([01;35m[KValue value[m[K){}
[5.680s]       |                               [01;35m[K~~~~~~^~~~~[m[K
[5.680s] /home/matheuswagner/repos/adaptive-cubesat-adcs/cubesat-simulation/src/controller/src/../include/smartdata.h: In instantiation of ‘[01m[KValue SmartData<Value>::update() [with Value = float][m[K’:
[5.680s] [01m[K/home/matheuswagner/repos/adaptive-cubesat-adcs/cubesat-simulation/src/controller/src/../include/../include/plugin_gyroscope.h:50:37:[m[K   required from here
[5.680s] [01m[K/home/matheuswagner/repos/adaptive-cubesat-adcs/cubesat-simulation/src/controller/src/../include/smartdata.h:38:32:[m[K [01;35m[Kwarning: [m[Kno return statement in function returning non-void [[01;35m[K-Wreturn-type[m[K]
[5.680s]    38 |         virtual Value update(){[01;35m[K}[m[K
[5.680s]       |                                [01;35m[K^[m[K
[5.682s] /home/matheuswagner/repos/adaptive-cubesat-adcs/cubesat-simulation/src/controller/src/../include/smartdata.h: In instantiation of ‘[01m[KValue SmartData<Value>::value() [with Value = float][m[K’:
[5.682s] [01m[K/home/matheuswagner/repos/adaptive-cubesat-adcs/cubesat-simulation/src/controller/src/../include/../include/plugin_motor_driver.h:46:51:[m[K   required from here
[5.682s] [01m[K/home/matheuswagner/repos/adaptive-cubesat-adcs/cubesat-simulation/src/controller/src/../include/smartdata.h:36:31:[m[K [01;35m[Kwarning: [m[Kno return statement in function returning non-void [[01;35m[K-Wreturn-type[m[K]
[5.682s]    36 |         virtual Value value(){[01;35m[K}[m[K
[5.683s]       |                               [01;35m[K^[m[K
[5.778s] In file included from [01m[K/home/matheuswagner/repos/adaptive-cubesat-adcs/cubesat-simulation/src/controller/src/controller.cpp:3[m[K:
[5.778s] /home/matheuswagner/repos/adaptive-cubesat-adcs/cubesat-simulation/src/controller/src/../include/controller_smartdata.h: In instantiation of ‘[01m[KControllerSmartData<Controller, Value>::ControllerSmartData(std::shared_ptr<LocalSmartData<float, PluginGyroscope, ControllerSmartData<HybridController, float> > >, std::shared_ptr<LocalSmartData<float, PluginGyroscope, ControllerSmartData<HybridController, float> > >, std::shared_ptr<LocalSmartData<float, PluginGyroscope, ControllerSmartData<HybridController, float> > >, std::shared_ptr<LocalSmartData<float, PluginMotorVelocitySensor, ControllerSmartData<HybridController, float> > >, std::shared_ptr<LocalSmartData<float, PluginMotorVelocitySensor, ControllerSmartData<HybridController, float> > >, std::shared_ptr<LocalSmartData<float, PluginMotorVelocitySensor, ControllerSmartData<HybridController, float> > >, std::shared_ptr<LocalSmartData<Eigen::Quaternion<float>, PluginOrientationSensor, ControllerSmartData<HybridController, float> > >, std::shared_ptr<LocalSmartData<float, PluginMotorDriver, ControllerSmartData<HybridController, float> > >, std::shared_ptr<LocalSmartData<float, PluginMotorDriver, ControllerSmartData<HybridController, float> > >, std::shared_ptr<LocalSmartData<float, PluginMotorDriver, ControllerSmartData<HybridController, float> > >) [with Controller = HybridController; Value = float][m[K’:
[5.778s] [01m[K/home/matheuswagner/repos/adaptive-cubesat-adcs/cubesat-simulation/src/controller/src/controller.cpp:34:161:[m[K   required from here
[5.778s] [01m[K/home/matheuswagner/repos/adaptive-cubesat-adcs/cubesat-simulation/src/controller/src/../include/controller_smartdata.h:133:38:[m[K [01;35m[Kwarning: [m[Kvariable ‘[01m[KslidingControllerGain[m[K’ set but not used [[01;35m[K-Wunused-but-set-variable[m[K]
[5.778s]   133 |             Eigen::Matrix<float,3,3> [01;35m[KslidingControllerGain[m[K  = 2.22e-4*Eigen::Matrix<float,3,3>::Identity();
[5.778s]       |                                      [01;35m[K^~~~~~~~~~~~~~~~~~~~~[m[K
[5.778s] [01m[K/home/matheuswagner/repos/adaptive-cubesat-adcs/cubesat-simulation/src/controller/src/../include/controller_smartdata.h:164:38:[m[K [01;35m[Kwarning: [m[Kvariable ‘[01m[Knoise[m[K’ set but not used [[01;35m[K-Wunused-but-set-variable[m[K]
[5.779s]   164 |             Eigen::Matrix<float,3,1> [01;35m[Knoise[m[K = Eigen::Matrix<float,3,1>::Random();
[5.779s]       |                                      [01;35m[K^~~~~[m[K
[26.873s] /home/matheuswagner/repos/adaptive-cubesat-adcs/cubesat-simulation/src/controller/src/../include/controller_smartdata.h: In instantiation of ‘[01m[Kfloat ControllerSmartData<Controller, Value>::update() [with Controller = HybridController; Value = float][m[K’:
[26.873s] [01m[K/home/matheuswagner/repos/adaptive-cubesat-adcs/cubesat-simulation/src/controller/src/../include/controller_smartdata.h:178:15:[m[K   required from here
[26.873s] [01m[K/home/matheuswagner/repos/adaptive-cubesat-adcs/cubesat-simulation/src/controller/src/../include/controller_smartdata.h:180:29:[m[K [01;35m[Kwarning: [m[Kcomparison of integer expressions of different signedness: ‘[01m[Kint[m[K’ and ‘[01m[Kstd::vector<bool, std::allocator<bool> >::size_type[m[K’ {aka ‘[01m[Klong unsigned int[m[K’} [[01;35m[K-Wsign-compare[m[K]
[26.873s]   180 |             for(int i = 0; [01;35m[Ki<this->freshnessList.size()[m[K; i++)
[26.873s]       |                            [01;35m[K~^~~~~~~~~~~~~~~~~~~~~~~~~~~[m[K
[26.876s] /home/matheuswagner/repos/adaptive-cubesat-adcs/cubesat-simulation/src/controller/src/../include/controller_smartdata.h: In instantiation of ‘[01m[Kvoid ControllerSmartData<Controller, Value>::notify(int) [with Controller = HybridController; Value = float][m[K’:
[26.876s] [01m[K/home/matheuswagner/repos/adaptive-cubesat-adcs/cubesat-simulation/src/controller/src/../include/controller_smartdata.h:240:14:[m[K   required from here
[26.876s] [01m[K/home/matheuswagner/repos/adaptive-cubesat-adcs/cubesat-simulation/src/controller/src/../include/controller_smartdata.h:251:29:[m[K [01;35m[Kwarning: [m[Kcomparison of integer expressions of different signedness: ‘[01m[Kint[m[K’ and ‘[01m[Kstd::vector<bool, std::allocator<bool> >::size_type[m[K’ {aka ‘[01m[Klong unsigned int[m[K’} [[01;35m[K-Wsign-compare[m[K]
[26.876s]   251 |             for(int i = 0; [01;35m[Ki<this->freshnessList.size()[m[K; i++)
[26.876s]       |                            [01;35m[K~^~~~~~~~~~~~~~~~~~~~~~~~~~~[m[K
[26.876s] [01m[K/home/matheuswagner/repos/adaptive-cubesat-adcs/cubesat-simulation/src/controller/src/../include/controller_smartdata.h:265:29:[m[K [01;35m[Kwarning: [m[Kcomparison of integer expressions of different signedness: ‘[01m[Kint[m[K’ and ‘[01m[Kstd::vector<bool, std::allocator<bool> >::size_type[m[K’ {aka ‘[01m[Klong unsigned int[m[K’} [[01;35m[K-Wsign-compare[m[K]
[26.876s]   265 |             for(int i = 0; [01;35m[Ki<this->driveFreshnessList.size()[m[K; i++)
[26.876s]       |                            [01;35m[K~^~~~~~~~~~~~~~~~~~~~~~~~~~~~~~~~[m[K
[26.877s] In file included from [01m[K/home/matheuswagner/repos/adaptive-cubesat-adcs/cubesat-simulation/src/controller/src/../include/smartdata.h:7[m[K,
[26.877s]                  from [01m[K/home/matheuswagner/repos/adaptive-cubesat-adcs/cubesat-simulation/src/controller/src/../include/local_smartdata.h:4[m[K,
[26.877s]                  from [01m[K/home/matheuswagner/repos/adaptive-cubesat-adcs/cubesat-simulation/src/controller/src/controller.cpp:1[m[K:
[26.877s] /home/matheuswagner/repos/adaptive-cubesat-adcs/cubesat-simulation/src/controller/src/../include/transducer.h: In instantiation of ‘[01m[Kvoid Transducer<UNIT, Value>::actuate(const Value&) [with long unsigned int UNIT = 2; Value = float][m[K’:
[26.877s] [01m[K/home/matheuswagner/repos/adaptive-cubesat-adcs/cubesat-simulation/src/controller/src/../include/transducer.h:17:22:[m[K   required from here
[26.877s] [01m[K/home/matheuswagner/repos/adaptive-cubesat-adcs/cubesat-simulation/src/controller/src/../include/transducer.h:17:43:[m[K [01;35m[Kwarning: [m[Kunused parameter ‘[01m[Kvalue[m[K’ [[01;35m[K-Wunused-parameter[m[K]
[26.878s]    17 |         virtual void actuate([01;35m[Kconst Value &value[m[K){}
[26.878s]       |                              [01;35m[K~~~~~~~~~~~~~^~~~~[m[K
[26.878s] /home/matheuswagner/repos/adaptive-cubesat-adcs/cubesat-simulation/src/controller/src/../include/transducer.h: In instantiation of ‘[01m[KValue Transducer<UNIT, Value>::sense() [with long unsigned int UNIT = 2; Value = float][m[K’:
[26.878s] [01m[K/home/matheuswagner/repos/adaptive-cubesat-adcs/cubesat-simulation/src/controller/src/../include/transducer.h:16:23:[m[K   required from here
[26.878s] [01m[K/home/matheuswagner/repos/adaptive-cubesat-adcs/cubesat-simulation/src/controller/src/../include/transducer.h:16:31:[m[K [01;35m[Kwarning: [m[Kno return statement in function returning non-void [[01;35m[K-Wreturn-type[m[K]
[26.878s]    16 |         virtual Value sense(){[01;35m[K}[m[K
[26.878s]       |                               [01;35m[K^[m[K
[26.878s] /home/matheuswagner/repos/adaptive-cubesat-adcs/cubesat-simulation/src/controller/src/../include/transducer.h: In instantiation of ‘[01m[Kvoid Transducer<UNIT, Value>::actuate(const Value&) [with long unsigned int UNIT = 3; Value = float][m[K’:
[26.878s] [01m[K/home/matheuswagner/repos/adaptive-cubesat-adcs/cubesat-simulation/src/controller/src/../include/transducer.h:17:22:[m[K   required from here
[26.878s] [01m[K/home/matheuswagner/repos/adaptive-cubesat-adcs/cubesat-simulation/src/controller/src/../include/transducer.h:17:43:[m[K [01;35m[Kwarning: [m[Kunused parameter ‘[01m[Kvalue[m[K’ [[01;35m[K-Wunused-parameter[m[K]
[26.878s]    17 |         virtual void actuate([01;35m[Kconst Value &value[m[K){}
[26.878s]       |                              [01;35m[K~~~~~~~~~~~~~^~~~~[m[K
[26.883s] /home/matheuswagner/repos/adaptive-cubesat-adcs/cubesat-simulation/src/controller/src/../include/transducer.h: In instantiation of ‘[01m[KValue Transducer<UNIT, Value>::sense() [with long unsigned int UNIT = 3; Value = float][m[K’:
[26.884s] [01m[K/home/matheuswagner/repos/adaptive-cubesat-adcs/cubesat-simulation/src/controller/src/../include/transducer.h:16:23:[m[K   required from here
[26.884s] [01m[K/home/matheuswagner/repos/adaptive-cubesat-adcs/cubesat-simulation/src/controller/src/../include/transducer.h:16:31:[m[K [01;35m[Kwarning: [m[Kno return statement in function returning non-void [[01;35m[K-Wreturn-type[m[K]
[26.884s]    16 |         virtual Value sense(){[01;35m[K}[m[K
[26.884s]       |                               [01;35m[K^[m[K
[26.884s] In file included from [01m[K/home/matheuswagner/repos/adaptive-cubesat-adcs/cubesat-simulation/src/controller/src/../include/local_smartdata.h:4[m[K,
[26.884s]                  from [01m[K/home/matheuswagner/repos/adaptive-cubesat-adcs/cubesat-simulation/src/controller/src/controller.cpp:1[m[K:
[26.884s] /home/matheuswagner/repos/adaptive-cubesat-adcs/cubesat-simulation/src/controller/src/../include/smartdata.h: In instantiation of ‘[01m[KValue SmartData<Value>::value() [with Value = Eigen::Quaternion<float>][m[K’:
[26.884s] [01m[K/home/matheuswagner/repos/adaptive-cubesat-adcs/cubesat-simulation/src/controller/src/../include/smartdata.h:36:23:[m[K   required from here
[26.884s] [01m[K/home/matheuswagner/repos/adaptive-cubesat-adcs/cubesat-simulation/src/controller/src/../include/smartdata.h:36:31:[m[K [01;35m[Kwarning: [m[Kno return statement in function returning non-void [[01;35m[K-Wreturn-type[m[K]
[26.884s]    36 |         virtual Value value(){[01;35m[K}[m[K
[26.884s]       |                               [01;35m[K^[m[K
[26.885s] In file included from [01m[K/home/matheuswagner/repos/adaptive-cubesat-adcs/cubesat-simulation/src/controller/src/../include/smartdata.h:7[m[K,
[26.885s]                  from [01m[K/home/matheuswagner/repos/adaptive-cubesat-adcs/cubesat-simulation/src/controller/src/../include/local_smartdata.h:4[m[K,
[26.885s]                  from [01m[K/home/matheuswagner/repos/adaptive-cubesat-adcs/cubesat-simulation/src/controller/src/controller.cpp:1[m[K:
[26.885s] /home/matheuswagner/repos/adaptive-cubesat-adcs/cubesat-simulation/src/controller/src/../include/transducer.h: In instantiation of ‘[01m[Kvoid Transducer<UNIT, Value>::actuate(const Value&) [with long unsigned int UNIT = 4; Value = Eigen::Quaternion<float>][m[K’:
[26.885s] [01m[K/home/matheuswagner/repos/adaptive-cubesat-adcs/cubesat-simulation/src/controller/src/../include/transducer.h:17:22:[m[K   required from here
[26.885s] [01m[K/home/matheuswagner/repos/adaptive-cubesat-adcs/cubesat-simulation/src/controller/src/../include/transducer.h:17:43:[m[K [01;35m[Kwarning: [m[Kunused parameter ‘[01m[Kvalue[m[K’ [[01;35m[K-Wunused-parameter[m[K]
[26.885s]    17 |         virtual void actuate([01;35m[Kconst Value &value[m[K){}
[26.885s]       |                              [01;35m[K~~~~~~~~~~~~~^~~~~[m[K
[26.887s] /home/matheuswagner/repos/adaptive-cubesat-adcs/cubesat-simulation/src/controller/src/../include/transducer.h: In instantiation of ‘[01m[KValue Transducer<UNIT, Value>::sense() [with long unsigned int UNIT = 4; Value = Eigen::Quaternion<float>][m[K’:
[26.887s] [01m[K/home/matheuswagner/repos/adaptive-cubesat-adcs/cubesat-simulation/src/controller/src/../include/transducer.h:16:23:[m[K   required from here
[26.887s] [01m[K/home/matheuswagner/repos/adaptive-cubesat-adcs/cubesat-simulation/src/controller/src/../include/transducer.h:16:31:[m[K [01;35m[Kwarning: [m[Kno return statement in function returning non-void [[01;35m[K-Wreturn-type[m[K]
[26.887s]    16 |         virtual Value sense(){[01;35m[K}[m[K
[26.887s]       |                               [01;35m[K^[m[K
[26.910s] In file included from [01m[K/home/matheuswagner/repos/adaptive-cubesat-adcs/cubesat-simulation/src/controller/src/controller.cpp:3[m[K:
[26.910s] /home/matheuswagner/repos/adaptive-cubesat-adcs/cubesat-simulation/src/controller/src/../include/controller_smartdata.h: In instantiation of ‘[01m[Kvoid ControllerSmartData<Controller, Value>::updateDrive() [with Controller = HybridController; Value = float][m[K’:
[26.910s] [01m[K/home/matheuswagner/repos/adaptive-cubesat-adcs/cubesat-simulation/src/controller/src/../include/controller_smartdata.h:275:23:[m[K   required from ‘[01m[Kvoid ControllerSmartData<Controller, Value>::notify(int) [with Controller = HybridController; Value = float][m[K’
[26.910s] [01m[K/home/matheuswagner/repos/adaptive-cubesat-adcs/cubesat-simulation/src/controller/src/../include/controller_smartdata.h:240:14:[m[K   required from here
[26.910s] [01m[K/home/matheuswagner/repos/adaptive-cubesat-adcs/cubesat-simulation/src/controller/src/../include/controller_smartdata.h:208:29:[m[K [01;35m[Kwarning: [m[Kcomparison of integer expressions of different signedness: ‘[01m[Kint[m[K’ and ‘[01m[Kstd::vector<bool, std::allocator<bool> >::size_type[m[K’ {aka ‘[01m[Klong unsigned int[m[K’} [[01;35m[K-Wsign-compare[m[K]
[26.910s]   208 |             for(int i = 0; [01;35m[Ki<this->driveFreshnessList.size()[m[K; i++)
[26.910s]       |                            [01;35m[K~^~~~~~~~~~~~~~~~~~~~~~~~~~~~~~~~[m[K
[41.530s] [100%] [32m[1mLinking CXX executable controller[0m
[43.079s] [100%] Built target controller
[43.095s] Invoked command in '/home/matheuswagner/repos/adaptive-cubesat-adcs/cubesat-simulation/build/controller' returned '0': CMAKE_PREFIX_PATH=${CMAKE_PREFIX_PATH}:/home/matheuswagner/repos/adaptive-cubesat-adcs/cubesat-simulation/install/cubesat_description:/opt/ros/foxy /usr/bin/cmake --build /home/matheuswagner/repos/adaptive-cubesat-adcs/cubesat-simulation/build/controller -- -j8 -l8
[43.132s] Invoking command in '/home/matheuswagner/repos/adaptive-cubesat-adcs/cubesat-simulation/build/controller': CMAKE_PREFIX_PATH=${CMAKE_PREFIX_PATH}:/home/matheuswagner/repos/adaptive-cubesat-adcs/cubesat-simulation/install/cubesat_description:/opt/ros/foxy /usr/bin/cmake --install /home/matheuswagner/repos/adaptive-cubesat-adcs/cubesat-simulation/build/controller
[43.141s] -- Install configuration: ""
[43.142s] -- Installing: /home/matheuswagner/repos/adaptive-cubesat-adcs/cubesat-simulation/install/controller/lib/controller/controller
[43.154s] -- Set runtime path of "/home/matheuswagner/repos/adaptive-cubesat-adcs/cubesat-simulation/install/controller/lib/controller/controller" to ""
[43.154s] -- Up-to-date: /home/matheuswagner/repos/adaptive-cubesat-adcs/cubesat-simulation/install/controller/share/ament_index/resource_index/package_run_dependencies/controller
[43.154s] -- Up-to-date: /home/matheuswagner/repos/adaptive-cubesat-adcs/cubesat-simulation/install/controller/share/ament_index/resource_index/parent_prefix_path/controller
[43.154s] -- Up-to-date: /home/matheuswagner/repos/adaptive-cubesat-adcs/cubesat-simulation/install/controller/share/controller/environment/ament_prefix_path.sh
[43.155s] -- Up-to-date: /home/matheuswagner/repos/adaptive-cubesat-adcs/cubesat-simulation/install/controller/share/controller/environment/ament_prefix_path.dsv
[43.155s] -- Up-to-date: /home/matheuswagner/repos/adaptive-cubesat-adcs/cubesat-simulation/install/controller/share/controller/environment/path.sh
[43.155s] -- Up-to-date: /home/matheuswagner/repos/adaptive-cubesat-adcs/cubesat-simulation/install/controller/share/controller/environment/path.dsv
[43.155s] -- Up-to-date: /home/matheuswagner/repos/adaptive-cubesat-adcs/cubesat-simulation/install/controller/share/controller/local_setup.bash
[43.155s] -- Up-to-date: /home/matheuswagner/repos/adaptive-cubesat-adcs/cubesat-simulation/install/controller/share/controller/local_setup.sh
[43.156s] -- Up-to-date: /home/matheuswagner/repos/adaptive-cubesat-adcs/cubesat-simulation/install/controller/share/controller/local_setup.zsh
[43.156s] -- Up-to-date: /home/matheuswagner/repos/adaptive-cubesat-adcs/cubesat-simulation/install/controller/share/controller/local_setup.dsv
[43.156s] -- Installing: /home/matheuswagner/repos/adaptive-cubesat-adcs/cubesat-simulation/install/controller/share/controller/package.dsv
[43.156s] -- Up-to-date: /home/matheuswagner/repos/adaptive-cubesat-adcs/cubesat-simulation/install/controller/share/ament_index/resource_index/packages/controller
[43.156s] -- Up-to-date: /home/matheuswagner/repos/adaptive-cubesat-adcs/cubesat-simulation/install/controller/share/controller/cmake/controllerConfig.cmake
[43.156s] -- Up-to-date: /home/matheuswagner/repos/adaptive-cubesat-adcs/cubesat-simulation/install/controller/share/controller/cmake/controllerConfig-version.cmake
[43.156s] -- Up-to-date: /home/matheuswagner/repos/adaptive-cubesat-adcs/cubesat-simulation/install/controller/share/controller/package.xml
[43.158s] Invoked command in '/home/matheuswagner/repos/adaptive-cubesat-adcs/cubesat-simulation/build/controller' returned '0': CMAKE_PREFIX_PATH=${CMAKE_PREFIX_PATH}:/home/matheuswagner/repos/adaptive-cubesat-adcs/cubesat-simulation/install/cubesat_description:/opt/ros/foxy /usr/bin/cmake --install /home/matheuswagner/repos/adaptive-cubesat-adcs/cubesat-simulation/build/controller
