[1.027s] Invoking command in '/home/matheuswagner/repos/adaptive-cubesat-adcs/cubesat-simulation/build/cubesat_description': PYTHONPATH=/home/matheuswagner/repos/adaptive-cubesat-adcs/cubesat-simulation/install/cubesat_description/lib/python3.6/site-packages:${PYTHONPATH} /usr/bin/python3 setup.py develop --prefix /home/matheuswagner/repos/adaptive-cubesat-adcs/cubesat-simulation/install/cubesat_description --editable --build-directory /home/matheuswagner/repos/adaptive-cubesat-adcs/cubesat-simulation/build/cubesat_description/build --no-deps install_data --install-dir /home/matheuswagner/repos/adaptive-cubesat-adcs/cubesat-simulation/install/cubesat_description
[1.308s] /home/matheuswagner/.local/lib/python3.6/site-packages/setuptools/dist.py:726: UserWarning: Usage of dash-separated 'script-dir' will not be supported in future versions. Please use the underscore name 'script_dir' instead
[1.308s]   % (opt, underscore_opt)
[1.308s] /home/matheuswagner/.local/lib/python3.6/site-packages/setuptools/dist.py:726: UserWarning: Usage of dash-separated 'install-scripts' will not be supported in future versions. Please use the underscore name 'install_scripts' instead
[1.308s]   % (opt, underscore_opt)
[1.359s] running develop
[1.359s] /home/matheuswagner/.local/lib/python3.6/site-packages/setuptools/command/easy_install.py:159: EasyInstallDeprecationWarning: easy_install command is deprecated. Use build and pip and other standards-based tools.
[1.359s]   EasyInstallDeprecationWarning,
[1.360s] /home/matheuswagner/.local/lib/python3.6/site-packages/setuptools/command/install.py:37: SetuptoolsDeprecationWarning: setup.py install is deprecated. Use build and pip and other standards-based tools.
[1.360s]   setuptools.SetuptoolsDeprecationWarning,
[1.409s] /home/matheuswagner/.local/lib/python3.6/site-packages/pkg_resources/__init__.py:119: PkgResourcesDeprecationWarning: 0.18ubuntu0.18.04.1 is an invalid version and will not be supported in a future release
[1.409s]   PkgResourcesDeprecationWarning,
[1.494s] running egg_info
[1.494s] writing cubesat_description.egg-info/PKG-INFO
[1.494s] writing dependency_links to cubesat_description.egg-info/dependency_links.txt
[1.495s] writing entry points to cubesat_description.egg-info/entry_points.txt
[1.495s] writing requirements to cubesat_description.egg-info/requires.txt
[1.495s] writing top-level names to cubesat_description.egg-info/top_level.txt
[1.496s] reading manifest file 'cubesat_description.egg-info/SOURCES.txt'
[1.497s] writing manifest file 'cubesat_description.egg-info/SOURCES.txt'
[1.498s] running build_ext
[1.498s] Creating /home/matheuswagner/repos/adaptive-cubesat-adcs/cubesat-simulation/install/cubesat_description/lib/python3.6/site-packages/cubesat-description.egg-link (link to .)
[1.499s] 
[1.499s] Installed /home/matheuswagner/repos/adaptive-cubesat-adcs/cubesat-simulation/build/cubesat_description
[1.499s] running install_data
[1.528s] Invoked command in '/home/matheuswagner/repos/adaptive-cubesat-adcs/cubesat-simulation/build/cubesat_description' returned '0': PYTHONPATH=/home/matheuswagner/repos/adaptive-cubesat-adcs/cubesat-simulation/install/cubesat_description/lib/python3.6/site-packages:${PYTHONPATH} /usr/bin/python3 setup.py develop --prefix /home/matheuswagner/repos/adaptive-cubesat-adcs/cubesat-simulation/install/cubesat_description --editable --build-directory /home/matheuswagner/repos/adaptive-cubesat-adcs/cubesat-simulation/build/cubesat_description/build --no-deps install_data --install-dir /home/matheuswagner/repos/adaptive-cubesat-adcs/cubesat-simulation/install/cubesat_description
