[0.733s] DEBUG:colcon:Command line arguments: ['/home/matheuswagner/.local/bin/colcon', 'build', '--packages-select', 'smartdata_test']
[0.733s] DEBUG:colcon:Parsed command line arguments: Namespace(allow_overriding=[], ament_cmake_args=None, base_paths=['.'], build_base='build', catkin_cmake_args=None, catkin_skip_building_tests=False, cmake_args=None, cmake_clean_cache=False, cmake_clean_first=False, cmake_force_configure=False, cmake_target=None, cmake_target_skip_unavailable=False, continue_on_error=False, event_handlers=None, executor='parallel', ignore_user_meta=False, install_base='install', log_base=None, log_level=None, main=<bound method BuildVerb.main of <colcon_core.verb.build.BuildVerb object at 0x7f30395176a0>>, merge_install=False, metas=['./colcon.meta'], packages_above=None, packages_above_and_dependencies=None, packages_above_depth=None, packages_end=None, packages_ignore=None, packages_ignore_regex=None, packages_select=['smartdata_test'], packages_select_build_failed=False, packages_select_by_dep=None, packages_select_regex=None, packages_select_test_failures=False, packages_skip=None, packages_skip_build_finished=False, packages_skip_by_dep=None, packages_skip_regex=None, packages_skip_test_passed=False, packages_skip_up_to=None, packages_start=None, packages_up_to=None, packages_up_to_regex=None, parallel_workers=8, paths=None, symlink_install=False, test_result_base=None, verb_extension=<colcon_core.verb.build.BuildVerb object at 0x7f30395176a0>, verb_name='build', verb_parser=<colcon_defaults.argument_parser.defaults.DefaultArgumentsDecorator object at 0x7f3039266cc0>)
[0.755s] Level 1:colcon.colcon_core.package_discovery:discover_packages(colcon_meta) check parameters
[0.755s] Level 1:colcon.colcon_core.package_discovery:discover_packages(recursive) check parameters
[0.755s] Level 1:colcon.colcon_core.package_discovery:discover_packages(ignore) check parameters
[0.755s] Level 1:colcon.colcon_core.package_discovery:discover_packages(path) check parameters
[0.755s] Level 1:colcon.colcon_core.package_discovery:discover_packages(colcon_meta) discover
[0.756s] Level 1:colcon.colcon_core.package_discovery:discover_packages(recursive) discover
[0.756s] INFO:colcon.colcon_core.package_discovery:Crawling recursively for packages in '/home/matheuswagner/repos/adaptive-cubesat-adcs/cubesat-simulation'
[0.756s] Level 1:colcon.colcon_core.package_identification:_identify(.) by extensions ['ignore', 'ignore_ament_install']
[0.756s] Level 1:colcon.colcon_core.package_identification:_identify(.) by extension 'ignore'
[0.756s] Level 1:colcon.colcon_core.package_identification:_identify(.) by extension 'ignore_ament_install'
[0.756s] Level 1:colcon.colcon_core.package_identification:_identify(.) by extensions ['colcon_pkg']
[0.756s] Level 1:colcon.colcon_core.package_identification:_identify(.) by extension 'colcon_pkg'
[0.756s] Level 1:colcon.colcon_core.package_identification:_identify(.) by extensions ['colcon_meta']
[0.756s] Level 1:colcon.colcon_core.package_identification:_identify(.) by extension 'colcon_meta'
[0.756s] Level 1:colcon.colcon_core.package_identification:_identify(.) by extensions ['ros']
[0.756s] Level 1:colcon.colcon_core.package_identification:_identify(.) by extension 'ros'
[0.818s] Level 1:colcon.colcon_core.package_identification:_identify(.) by extensions ['cmake', 'python']
[0.818s] Level 1:colcon.colcon_core.package_identification:_identify(.) by extension 'cmake'
[0.818s] Level 1:colcon.colcon_core.package_identification:_identify(.) by extension 'python'
[0.818s] Level 1:colcon.colcon_core.package_identification:_identify(.) by extensions ['python_setup_py']
[0.818s] Level 1:colcon.colcon_core.package_identification:_identify(.) by extension 'python_setup_py'
[0.819s] Level 1:colcon.colcon_core.package_identification:_identify(bags) by extensions ['ignore', 'ignore_ament_install']
[0.819s] Level 1:colcon.colcon_core.package_identification:_identify(bags) by extension 'ignore'
[0.819s] Level 1:colcon.colcon_core.package_identification:_identify(bags) by extension 'ignore_ament_install'
[0.819s] Level 1:colcon.colcon_core.package_identification:_identify(bags) by extensions ['colcon_pkg']
[0.819s] Level 1:colcon.colcon_core.package_identification:_identify(bags) by extension 'colcon_pkg'
[0.819s] Level 1:colcon.colcon_core.package_identification:_identify(bags) by extensions ['colcon_meta']
[0.819s] Level 1:colcon.colcon_core.package_identification:_identify(bags) by extension 'colcon_meta'
[0.819s] Level 1:colcon.colcon_core.package_identification:_identify(bags) by extensions ['ros']
[0.819s] Level 1:colcon.colcon_core.package_identification:_identify(bags) by extension 'ros'
[0.819s] Level 1:colcon.colcon_core.package_identification:_identify(bags) by extensions ['cmake', 'python']
[0.819s] Level 1:colcon.colcon_core.package_identification:_identify(bags) by extension 'cmake'
[0.819s] Level 1:colcon.colcon_core.package_identification:_identify(bags) by extension 'python'
[0.819s] Level 1:colcon.colcon_core.package_identification:_identify(bags) by extensions ['python_setup_py']
[0.819s] Level 1:colcon.colcon_core.package_identification:_identify(bags) by extension 'python_setup_py'
[0.819s] Level 1:colcon.colcon_core.package_identification:_identify(bags/rosbag2_2022_02_04-12_31_28) by extensions ['ignore', 'ignore_ament_install']
[0.819s] Level 1:colcon.colcon_core.package_identification:_identify(bags/rosbag2_2022_02_04-12_31_28) by extension 'ignore'
[0.820s] Level 1:colcon.colcon_core.package_identification:_identify(bags/rosbag2_2022_02_04-12_31_28) by extension 'ignore_ament_install'
[0.820s] Level 1:colcon.colcon_core.package_identification:_identify(bags/rosbag2_2022_02_04-12_31_28) by extensions ['colcon_pkg']
[0.820s] Level 1:colcon.colcon_core.package_identification:_identify(bags/rosbag2_2022_02_04-12_31_28) by extension 'colcon_pkg'
[0.820s] Level 1:colcon.colcon_core.package_identification:_identify(bags/rosbag2_2022_02_04-12_31_28) by extensions ['colcon_meta']
[0.820s] Level 1:colcon.colcon_core.package_identification:_identify(bags/rosbag2_2022_02_04-12_31_28) by extension 'colcon_meta'
[0.820s] Level 1:colcon.colcon_core.package_identification:_identify(bags/rosbag2_2022_02_04-12_31_28) by extensions ['ros']
[0.820s] Level 1:colcon.colcon_core.package_identification:_identify(bags/rosbag2_2022_02_04-12_31_28) by extension 'ros'
[0.820s] Level 1:colcon.colcon_core.package_identification:_identify(bags/rosbag2_2022_02_04-12_31_28) by extensions ['cmake', 'python']
[0.820s] Level 1:colcon.colcon_core.package_identification:_identify(bags/rosbag2_2022_02_04-12_31_28) by extension 'cmake'
[0.820s] Level 1:colcon.colcon_core.package_identification:_identify(bags/rosbag2_2022_02_04-12_31_28) by extension 'python'
[0.820s] Level 1:colcon.colcon_core.package_identification:_identify(bags/rosbag2_2022_02_04-12_31_28) by extensions ['python_setup_py']
[0.820s] Level 1:colcon.colcon_core.package_identification:_identify(bags/rosbag2_2022_02_04-12_31_28) by extension 'python_setup_py'
[0.820s] Level 1:colcon.colcon_core.package_identification:_identify(build) by extensions ['ignore', 'ignore_ament_install']
[0.820s] Level 1:colcon.colcon_core.package_identification:_identify(build) by extension 'ignore'
[0.820s] Level 1:colcon.colcon_core.package_identification:_identify(build) ignored
[0.821s] Level 1:colcon.colcon_core.package_identification:_identify(include) by extensions ['ignore', 'ignore_ament_install']
[0.821s] Level 1:colcon.colcon_core.package_identification:_identify(include) by extension 'ignore'
[0.821s] Level 1:colcon.colcon_core.package_identification:_identify(include) by extension 'ignore_ament_install'
[0.821s] Level 1:colcon.colcon_core.package_identification:_identify(include) by extensions ['colcon_pkg']
[0.821s] Level 1:colcon.colcon_core.package_identification:_identify(include) by extension 'colcon_pkg'
[0.821s] Level 1:colcon.colcon_core.package_identification:_identify(include) by extensions ['colcon_meta']
[0.821s] Level 1:colcon.colcon_core.package_identification:_identify(include) by extension 'colcon_meta'
[0.821s] Level 1:colcon.colcon_core.package_identification:_identify(include) by extensions ['ros']
[0.821s] Level 1:colcon.colcon_core.package_identification:_identify(include) by extension 'ros'
[0.822s] Level 1:colcon.colcon_core.package_identification:_identify(include) by extensions ['cmake', 'python']
[0.822s] Level 1:colcon.colcon_core.package_identification:_identify(include) by extension 'cmake'
[0.822s] Level 1:colcon.colcon_core.package_identification:_identify(include) by extension 'python'
[0.822s] Level 1:colcon.colcon_core.package_identification:_identify(include) by extensions ['python_setup_py']
[0.822s] Level 1:colcon.colcon_core.package_identification:_identify(include) by extension 'python_setup_py'
[0.822s] Level 1:colcon.colcon_core.package_identification:_identify(install) by extensions ['ignore', 'ignore_ament_install']
[0.822s] Level 1:colcon.colcon_core.package_identification:_identify(install) by extension 'ignore'
[0.822s] Level 1:colcon.colcon_core.package_identification:_identify(install) ignored
[0.822s] Level 1:colcon.colcon_core.package_identification:_identify(log) by extensions ['ignore', 'ignore_ament_install']
[0.823s] Level 1:colcon.colcon_core.package_identification:_identify(log) by extension 'ignore'
[0.823s] Level 1:colcon.colcon_core.package_identification:_identify(log) ignored
[0.823s] Level 1:colcon.colcon_core.package_identification:_identify(src) by extensions ['ignore', 'ignore_ament_install']
[0.823s] Level 1:colcon.colcon_core.package_identification:_identify(src) by extension 'ignore'
[0.823s] Level 1:colcon.colcon_core.package_identification:_identify(src) by extension 'ignore_ament_install'
[0.823s] Level 1:colcon.colcon_core.package_identification:_identify(src) by extensions ['colcon_pkg']
[0.823s] Level 1:colcon.colcon_core.package_identification:_identify(src) by extension 'colcon_pkg'
[0.823s] Level 1:colcon.colcon_core.package_identification:_identify(src) by extensions ['colcon_meta']
[0.823s] Level 1:colcon.colcon_core.package_identification:_identify(src) by extension 'colcon_meta'
[0.823s] Level 1:colcon.colcon_core.package_identification:_identify(src) by extensions ['ros']
[0.823s] Level 1:colcon.colcon_core.package_identification:_identify(src) by extension 'ros'
[0.823s] Level 1:colcon.colcon_core.package_identification:_identify(src) by extensions ['cmake', 'python']
[0.823s] Level 1:colcon.colcon_core.package_identification:_identify(src) by extension 'cmake'
[0.823s] Level 1:colcon.colcon_core.package_identification:_identify(src) by extension 'python'
[0.823s] Level 1:colcon.colcon_core.package_identification:_identify(src) by extensions ['python_setup_py']
[0.823s] Level 1:colcon.colcon_core.package_identification:_identify(src) by extension 'python_setup_py'
[0.824s] Level 1:colcon.colcon_core.package_identification:_identify(src/build) by extensions ['ignore', 'ignore_ament_install']
[0.824s] Level 1:colcon.colcon_core.package_identification:_identify(src/build) by extension 'ignore'
[0.824s] Level 1:colcon.colcon_core.package_identification:_identify(src/build) ignored
[0.824s] Level 1:colcon.colcon_core.package_identification:_identify(src/cubesat_controller) by extensions ['ignore', 'ignore_ament_install']
[0.824s] Level 1:colcon.colcon_core.package_identification:_identify(src/cubesat_controller) by extension 'ignore'
[0.824s] Level 1:colcon.colcon_core.package_identification:_identify(src/cubesat_controller) by extension 'ignore_ament_install'
[0.824s] Level 1:colcon.colcon_core.package_identification:_identify(src/cubesat_controller) by extensions ['colcon_pkg']
[0.824s] Level 1:colcon.colcon_core.package_identification:_identify(src/cubesat_controller) by extension 'colcon_pkg'
[0.824s] Level 1:colcon.colcon_core.package_identification:_identify(src/cubesat_controller) by extensions ['colcon_meta']
[0.824s] Level 1:colcon.colcon_core.package_identification:_identify(src/cubesat_controller) by extension 'colcon_meta'
[0.824s] Level 1:colcon.colcon_core.package_identification:_identify(src/cubesat_controller) by extensions ['ros']
[0.824s] Level 1:colcon.colcon_core.package_identification:_identify(src/cubesat_controller) by extension 'ros'
[0.827s] DEBUG:colcon.colcon_core.package_identification:Package 'src/cubesat_controller' with type 'ros.ament_cmake' and name 'cubesat_controller'
[0.827s] Level 1:colcon.colcon_core.package_identification:_identify(src/cubesat_description) by extensions ['ignore', 'ignore_ament_install']
[0.827s] Level 1:colcon.colcon_core.package_identification:_identify(src/cubesat_description) by extension 'ignore'
[0.827s] Level 1:colcon.colcon_core.package_identification:_identify(src/cubesat_description) by extension 'ignore_ament_install'
[0.827s] Level 1:colcon.colcon_core.package_identification:_identify(src/cubesat_description) by extensions ['colcon_pkg']
[0.827s] Level 1:colcon.colcon_core.package_identification:_identify(src/cubesat_description) by extension 'colcon_pkg'
[0.827s] Level 1:colcon.colcon_core.package_identification:_identify(src/cubesat_description) by extensions ['colcon_meta']
[0.827s] Level 1:colcon.colcon_core.package_identification:_identify(src/cubesat_description) by extension 'colcon_meta'
[0.827s] Level 1:colcon.colcon_core.package_identification:_identify(src/cubesat_description) by extensions ['ros']
[0.827s] Level 1:colcon.colcon_core.package_identification:_identify(src/cubesat_description) by extension 'ros'
[0.828s] DEBUG:colcon.colcon_core.package_identification:Package 'src/cubesat_description' with type 'ros.ament_python' and name 'cubesat_description'
[0.828s] Level 1:colcon.colcon_core.package_identification:_identify(src/cubesat_gazebo) by extensions ['ignore', 'ignore_ament_install']
[0.828s] Level 1:colcon.colcon_core.package_identification:_identify(src/cubesat_gazebo) by extension 'ignore'
[0.828s] Level 1:colcon.colcon_core.package_identification:_identify(src/cubesat_gazebo) by extension 'ignore_ament_install'
[0.828s] Level 1:colcon.colcon_core.package_identification:_identify(src/cubesat_gazebo) by extensions ['colcon_pkg']
[0.828s] Level 1:colcon.colcon_core.package_identification:_identify(src/cubesat_gazebo) by extension 'colcon_pkg'
[0.828s] Level 1:colcon.colcon_core.package_identification:_identify(src/cubesat_gazebo) by extensions ['colcon_meta']
[0.828s] Level 1:colcon.colcon_core.package_identification:_identify(src/cubesat_gazebo) by extension 'colcon_meta'
[0.828s] Level 1:colcon.colcon_core.package_identification:_identify(src/cubesat_gazebo) by extensions ['ros']
[0.828s] Level 1:colcon.colcon_core.package_identification:_identify(src/cubesat_gazebo) by extension 'ros'
[0.829s] DEBUG:colcon.colcon_core.package_identification:Package 'src/cubesat_gazebo' with type 'ros.ament_cmake' and name 'cubesat_gazebo'
[0.829s] Level 1:colcon.colcon_core.package_identification:_identify(src/install) by extensions ['ignore', 'ignore_ament_install']
[0.829s] Level 1:colcon.colcon_core.package_identification:_identify(src/install) by extension 'ignore'
[0.829s] Level 1:colcon.colcon_core.package_identification:_identify(src/install) ignored
[0.829s] Level 1:colcon.colcon_core.package_identification:_identify(src/log) by extensions ['ignore', 'ignore_ament_install']
[0.829s] Level 1:colcon.colcon_core.package_identification:_identify(src/log) by extension 'ignore'
[0.829s] Level 1:colcon.colcon_core.package_identification:_identify(src/log) ignored
[0.829s] Level 1:colcon.colcon_core.package_identification:_identify(src/smartdata_test) by extensions ['ignore', 'ignore_ament_install']
[0.829s] Level 1:colcon.colcon_core.package_identification:_identify(src/smartdata_test) by extension 'ignore'
[0.829s] Level 1:colcon.colcon_core.package_identification:_identify(src/smartdata_test) by extension 'ignore_ament_install'
[0.830s] Level 1:colcon.colcon_core.package_identification:_identify(src/smartdata_test) by extensions ['colcon_pkg']
[0.830s] Level 1:colcon.colcon_core.package_identification:_identify(src/smartdata_test) by extension 'colcon_pkg'
[0.830s] Level 1:colcon.colcon_core.package_identification:_identify(src/smartdata_test) by extensions ['colcon_meta']
[0.830s] Level 1:colcon.colcon_core.package_identification:_identify(src/smartdata_test) by extension 'colcon_meta'
[0.830s] Level 1:colcon.colcon_core.package_identification:_identify(src/smartdata_test) by extensions ['ros']
[0.830s] Level 1:colcon.colcon_core.package_identification:_identify(src/smartdata_test) by extension 'ros'
[0.830s] DEBUG:colcon.colcon_core.package_identification:Package 'src/smartdata_test' with type 'ros.ament_cmake' and name 'smartdata_test'
[0.830s] Level 1:colcon.colcon_core.package_discovery:discover_packages(recursive) using defaults
[0.831s] Level 1:colcon.colcon_core.package_discovery:discover_packages(ignore) discover
[0.831s] Level 1:colcon.colcon_core.package_discovery:discover_packages(ignore) using defaults
[0.831s] Level 1:colcon.colcon_core.package_discovery:discover_packages(path) discover
[0.831s] Level 1:colcon.colcon_core.package_discovery:discover_packages(path) using defaults
[0.893s] INFO:colcon.colcon_core.package_selection:Skipping not selected package 'cubesat_controller' in 'src/cubesat_controller'
[0.893s] INFO:colcon.colcon_core.package_selection:Skipping not selected package 'cubesat_description' in 'src/cubesat_description'
[0.893s] INFO:colcon.colcon_core.package_selection:Skipping not selected package 'cubesat_gazebo' in 'src/cubesat_gazebo'
[0.907s] Level 5:colcon.colcon_core.verb:set package 'smartdata_test' build argument 'cmake_args' from command line to 'None'
[0.907s] Level 5:colcon.colcon_core.verb:set package 'smartdata_test' build argument 'cmake_target' from command line to 'None'
[0.907s] Level 5:colcon.colcon_core.verb:set package 'smartdata_test' build argument 'cmake_target_skip_unavailable' from command line to 'False'
[0.907s] Level 5:colcon.colcon_core.verb:set package 'smartdata_test' build argument 'cmake_clean_cache' from command line to 'False'
[0.907s] Level 5:colcon.colcon_core.verb:set package 'smartdata_test' build argument 'cmake_clean_first' from command line to 'False'
[0.907s] Level 5:colcon.colcon_core.verb:set package 'smartdata_test' build argument 'cmake_force_configure' from command line to 'False'
[0.907s] Level 5:colcon.colcon_core.verb:set package 'smartdata_test' build argument 'ament_cmake_args' from command line to 'None'
[0.907s] Level 5:colcon.colcon_core.verb:set package 'smartdata_test' build argument 'catkin_cmake_args' from command line to 'None'
[0.907s] Level 5:colcon.colcon_core.verb:set package 'smartdata_test' build argument 'catkin_skip_building_tests' from command line to 'False'
[0.907s] DEBUG:colcon.colcon_core.verb:Building package 'smartdata_test' with the following arguments: {'ament_cmake_args': None, 'build_base': '/home/matheuswagner/repos/adaptive-cubesat-adcs/cubesat-simulation/build/smartdata_test', 'catkin_cmake_args': None, 'catkin_skip_building_tests': False, 'cmake_args': None, 'cmake_clean_cache': False, 'cmake_clean_first': False, 'cmake_force_configure': False, 'cmake_target': None, 'cmake_target_skip_unavailable': False, 'install_base': '/home/matheuswagner/repos/adaptive-cubesat-adcs/cubesat-simulation/install/smartdata_test', 'merge_install': False, 'path': '/home/matheuswagner/repos/adaptive-cubesat-adcs/cubesat-simulation/src/smartdata_test', 'symlink_install': False, 'test_result_base': None}
[0.938s] WARNING:colcon.colcon_core.verb:Some selected packages are already built in one or more underlay workspaces:
	'smartdata_test' is in: /home/matheuswagner/repos/adaptive-cubesat-adcs/cubesat-simulation/install/smartdata_test
If a package in a merged underlay workspace is overridden and it installs headers, then all packages in the overlay must sort their include directories by workspace order. Failure to do so may result in build failures or undefined behavior at run time.
If the overridden package is used by another package in any underlay, then the overriding package in the overlay must be API and ABI compatible or undefined behavior at run time may occur.

If you understand the risks and want to override a package anyways, add the following to the command line:
	--allow-overriding smartdata_test

This may be promoted to an error in a future release of colcon-core.
[0.941s] INFO:colcon.colcon_core.executor:Executing jobs using 'parallel' executor
[0.972s] DEBUG:colcon.colcon_parallel_executor.executor.parallel:run_until_complete
[0.972s] INFO:colcon.colcon_ros.task.ament_cmake.build:Building ROS package in '/home/matheuswagner/repos/adaptive-cubesat-adcs/cubesat-simulation/src/smartdata_test' with build type 'ament_cmake'
[0.972s] INFO:colcon.colcon_cmake.task.cmake.build:Building CMake package in '/home/matheuswagner/repos/adaptive-cubesat-adcs/cubesat-simulation/src/smartdata_test'
[0.989s] INFO:colcon.colcon_core.plugin_system:Skipping extension 'colcon_core.shell.bat': Not used on non-Windows systems
[0.989s] INFO:colcon.colcon_core.shell:Skip shell extension 'powershell' for command environment: Not usable outside of PowerShell
[0.989s] DEBUG:colcon.colcon_core.shell:Skip shell extension 'dsv' for command environment
[1.033s] DEBUG:colcon.colcon_core.event_handler.log_command:Invoking command in '/home/matheuswagner/repos/adaptive-cubesat-adcs/cubesat-simulation/build/smartdata_test': CMAKE_PREFIX_PATH=${CMAKE_PREFIX_PATH}:/home/matheuswagner/repos/adaptive-cubesat-adcs/cubesat-simulation/install/cubesat_description:/opt/ros/dashing /usr/local/bin/cmake --build /home/matheuswagner/repos/adaptive-cubesat-adcs/cubesat-simulation/build/smartdata_test -- -j8 -l8
[4.523s] DEBUG:colcon.colcon_core.event_handler.log_command:Invoked command in '/home/matheuswagner/repos/adaptive-cubesat-adcs/cubesat-simulation/build/smartdata_test' returned '0': CMAKE_PREFIX_PATH=${CMAKE_PREFIX_PATH}:/home/matheuswagner/repos/adaptive-cubesat-adcs/cubesat-simulation/install/cubesat_description:/opt/ros/dashing /usr/local/bin/cmake --build /home/matheuswagner/repos/adaptive-cubesat-adcs/cubesat-simulation/build/smartdata_test -- -j8 -l8
[4.557s] DEBUG:colcon.colcon_core.event_handler.log_command:Invoking command in '/home/matheuswagner/repos/adaptive-cubesat-adcs/cubesat-simulation/build/smartdata_test': CMAKE_PREFIX_PATH=${CMAKE_PREFIX_PATH}:/home/matheuswagner/repos/adaptive-cubesat-adcs/cubesat-simulation/install/cubesat_description:/opt/ros/dashing /usr/local/bin/cmake --install /home/matheuswagner/repos/adaptive-cubesat-adcs/cubesat-simulation/build/smartdata_test
[4.564s] Level 1:colcon.colcon_core.environment:create_environment_scripts_only(smartdata_test)
[4.570s] DEBUG:colcon.colcon_core.event_handler.log_command:Invoked command in '/home/matheuswagner/repos/adaptive-cubesat-adcs/cubesat-simulation/build/smartdata_test' returned '0': CMAKE_PREFIX_PATH=${CMAKE_PREFIX_PATH}:/home/matheuswagner/repos/adaptive-cubesat-adcs/cubesat-simulation/install/cubesat_description:/opt/ros/dashing /usr/local/bin/cmake --install /home/matheuswagner/repos/adaptive-cubesat-adcs/cubesat-simulation/build/smartdata_test
[4.581s] Level 1:colcon.colcon_core.environment:checking '/home/matheuswagner/repos/adaptive-cubesat-adcs/cubesat-simulation/install/smartdata_test' for CMake module files
[4.582s] Level 1:colcon.colcon_core.environment:checking '/home/matheuswagner/repos/adaptive-cubesat-adcs/cubesat-simulation/install/smartdata_test' for CMake config files
[4.582s] Level 1:colcon.colcon_core.shell:create_environment_hook('smartdata_test', 'cmake_prefix_path')
[4.593s] INFO:colcon.colcon_core.shell:Creating environment hook '/home/matheuswagner/repos/adaptive-cubesat-adcs/cubesat-simulation/install/smartdata_test/share/smartdata_test/hook/cmake_prefix_path.ps1'
[4.594s] INFO:colcon.colcon_core.shell:Creating environment descriptor '/home/matheuswagner/repos/adaptive-cubesat-adcs/cubesat-simulation/install/smartdata_test/share/smartdata_test/hook/cmake_prefix_path.dsv'
[4.595s] INFO:colcon.colcon_core.shell:Creating environment hook '/home/matheuswagner/repos/adaptive-cubesat-adcs/cubesat-simulation/install/smartdata_test/share/smartdata_test/hook/cmake_prefix_path.sh'
[4.596s] Level 1:colcon.colcon_core.environment:checking '/home/matheuswagner/repos/adaptive-cubesat-adcs/cubesat-simulation/install/smartdata_test/lib'
[4.597s] Level 1:colcon.colcon_core.environment:checking '/home/matheuswagner/repos/adaptive-cubesat-adcs/cubesat-simulation/install/smartdata_test/bin'
[4.597s] Level 1:colcon.colcon_core.environment:checking '/home/matheuswagner/repos/adaptive-cubesat-adcs/cubesat-simulation/install/smartdata_test/lib/pkgconfig/smartdata_test.pc'
[4.597s] Level 1:colcon.colcon_core.environment:checking '/home/matheuswagner/repos/adaptive-cubesat-adcs/cubesat-simulation/install/smartdata_test/lib/python3.6/site-packages'
[4.613s] INFO:colcon.colcon_core.shell:Creating package script '/home/matheuswagner/repos/adaptive-cubesat-adcs/cubesat-simulation/install/smartdata_test/share/smartdata_test/package.ps1'
[4.614s] INFO:colcon.colcon_core.shell:Creating package descriptor '/home/matheuswagner/repos/adaptive-cubesat-adcs/cubesat-simulation/install/smartdata_test/share/smartdata_test/package.dsv'
[4.615s] INFO:colcon.colcon_core.shell:Creating package script '/home/matheuswagner/repos/adaptive-cubesat-adcs/cubesat-simulation/install/smartdata_test/share/smartdata_test/package.sh'
[4.616s] INFO:colcon.colcon_core.shell:Creating package script '/home/matheuswagner/repos/adaptive-cubesat-adcs/cubesat-simulation/install/smartdata_test/share/smartdata_test/package.bash'
[4.617s] INFO:colcon.colcon_core.shell:Creating package script '/home/matheuswagner/repos/adaptive-cubesat-adcs/cubesat-simulation/install/smartdata_test/share/smartdata_test/package.zsh'
[4.618s] Level 1:colcon.colcon_core.environment:create_file_with_runtime_dependencies(/home/matheuswagner/repos/adaptive-cubesat-adcs/cubesat-simulation/install/smartdata_test/share/colcon-core/packages/smartdata_test)
[4.650s] Level 1:colcon.colcon_core.environment:create_environment_scripts_only(smartdata_test)
[4.660s] Level 1:colcon.colcon_core.environment:checking '/home/matheuswagner/repos/adaptive-cubesat-adcs/cubesat-simulation/install/smartdata_test' for CMake module files
[4.660s] Level 1:colcon.colcon_core.environment:checking '/home/matheuswagner/repos/adaptive-cubesat-adcs/cubesat-simulation/install/smartdata_test' for CMake config files
[4.660s] Level 1:colcon.colcon_core.shell:create_environment_hook('smartdata_test', 'cmake_prefix_path')
[4.669s] INFO:colcon.colcon_core.shell:Creating environment hook '/home/matheuswagner/repos/adaptive-cubesat-adcs/cubesat-simulation/install/smartdata_test/share/smartdata_test/hook/cmake_prefix_path.ps1'
[4.670s] INFO:colcon.colcon_core.shell:Creating environment descriptor '/home/matheuswagner/repos/adaptive-cubesat-adcs/cubesat-simulation/install/smartdata_test/share/smartdata_test/hook/cmake_prefix_path.dsv'
[4.670s] INFO:colcon.colcon_core.shell:Creating environment hook '/home/matheuswagner/repos/adaptive-cubesat-adcs/cubesat-simulation/install/smartdata_test/share/smartdata_test/hook/cmake_prefix_path.sh'
[4.671s] Level 1:colcon.colcon_core.environment:checking '/home/matheuswagner/repos/adaptive-cubesat-adcs/cubesat-simulation/install/smartdata_test/lib'
[4.671s] Level 1:colcon.colcon_core.environment:checking '/home/matheuswagner/repos/adaptive-cubesat-adcs/cubesat-simulation/install/smartdata_test/bin'
[4.671s] Level 1:colcon.colcon_core.environment:checking '/home/matheuswagner/repos/adaptive-cubesat-adcs/cubesat-simulation/install/smartdata_test/lib/pkgconfig/smartdata_test.pc'
[4.671s] Level 1:colcon.colcon_core.environment:checking '/home/matheuswagner/repos/adaptive-cubesat-adcs/cubesat-simulation/install/smartdata_test/lib/python3.6/site-packages'
[4.681s] INFO:colcon.colcon_core.shell:Creating package script '/home/matheuswagner/repos/adaptive-cubesat-adcs/cubesat-simulation/install/smartdata_test/share/smartdata_test/package.ps1'
[4.681s] INFO:colcon.colcon_core.shell:Creating package descriptor '/home/matheuswagner/repos/adaptive-cubesat-adcs/cubesat-simulation/install/smartdata_test/share/smartdata_test/package.dsv'
[4.682s] INFO:colcon.colcon_core.shell:Creating package script '/home/matheuswagner/repos/adaptive-cubesat-adcs/cubesat-simulation/install/smartdata_test/share/smartdata_test/package.sh'
[4.682s] INFO:colcon.colcon_core.shell:Creating package script '/home/matheuswagner/repos/adaptive-cubesat-adcs/cubesat-simulation/install/smartdata_test/share/smartdata_test/package.bash'
[4.682s] INFO:colcon.colcon_core.shell:Creating package script '/home/matheuswagner/repos/adaptive-cubesat-adcs/cubesat-simulation/install/smartdata_test/share/smartdata_test/package.zsh'
[4.683s] Level 1:colcon.colcon_core.environment:create_file_with_runtime_dependencies(/home/matheuswagner/repos/adaptive-cubesat-adcs/cubesat-simulation/install/smartdata_test/share/colcon-core/packages/smartdata_test)
[4.683s] DEBUG:colcon.colcon_parallel_executor.executor.parallel:closing loop
[4.683s] DEBUG:colcon.colcon_parallel_executor.executor.parallel:loop closed
[4.683s] DEBUG:colcon.colcon_parallel_executor.executor.parallel:run_until_complete finished with '0'
[4.684s] DEBUG:colcon.colcon_core.event_reactor:joining thread
[4.697s] INFO:colcon.colcon_core.plugin_system:Skipping extension 'colcon_notification.desktop_notification.terminal_notifier': Not used on non-Darwin systems
[4.698s] INFO:colcon.colcon_core.plugin_system:Skipping extension 'colcon_notification.desktop_notification.win32': Not used on non-Windows systems
[4.698s] INFO:colcon.colcon_notification.desktop_notification:Sending desktop notification using 'notify2'
[4.700s] DEBUG:colcon.colcon_core.event_reactor:joined thread
[4.715s] INFO:colcon.colcon_core.shell:Creating prefix script '/home/matheuswagner/repos/adaptive-cubesat-adcs/cubesat-simulation/install/local_setup.ps1'
[4.717s] INFO:colcon.colcon_core.shell:Creating prefix util module '/home/matheuswagner/repos/adaptive-cubesat-adcs/cubesat-simulation/install/_local_setup_util_ps1.py'
[4.719s] INFO:colcon.colcon_core.shell:Creating prefix chain script '/home/matheuswagner/repos/adaptive-cubesat-adcs/cubesat-simulation/install/setup.ps1'
[4.732s] INFO:colcon.colcon_core.shell:Creating prefix script '/home/matheuswagner/repos/adaptive-cubesat-adcs/cubesat-simulation/install/local_setup.sh'
[4.733s] INFO:colcon.colcon_core.shell:Creating prefix util module '/home/matheuswagner/repos/adaptive-cubesat-adcs/cubesat-simulation/install/_local_setup_util_sh.py'
[4.734s] INFO:colcon.colcon_core.shell:Creating prefix chain script '/home/matheuswagner/repos/adaptive-cubesat-adcs/cubesat-simulation/install/setup.sh'
[4.742s] INFO:colcon.colcon_core.shell:Creating prefix script '/home/matheuswagner/repos/adaptive-cubesat-adcs/cubesat-simulation/install/local_setup.bash'
[4.743s] INFO:colcon.colcon_core.shell:Creating prefix chain script '/home/matheuswagner/repos/adaptive-cubesat-adcs/cubesat-simulation/install/setup.bash'
[4.753s] INFO:colcon.colcon_core.shell:Creating prefix script '/home/matheuswagner/repos/adaptive-cubesat-adcs/cubesat-simulation/install/local_setup.zsh'
[4.754s] INFO:colcon.colcon_core.shell:Creating prefix chain script '/home/matheuswagner/repos/adaptive-cubesat-adcs/cubesat-simulation/install/setup.zsh'
