[35m[1mScanning dependencies of target controller_sd[0m
[ 50%] [32mBuilding CXX object CMakeFiles/controller_sd.dir/src/controller_sd.cpp.o[0m
In file included from [01m[K/home/matheuswagner/repos/adaptive-cubesat-adcs/cubesat-simulation/src/cubesat_controllers/src/controller_sd.cpp:4:0[m[K:
/home/matheuswagner/repos/adaptive-cubesat-adcs/cubesat-simulation/src/cubesat_controllers/src/../../../include/transducer.h: In instantiation of ‘[01m[Kvoid Transducer<_UNIT, Value>::actuate(const Value&) [with long unsigned int _UNIT = 1; Value = float][m[K’:
[01m[K/home/matheuswagner/repos/adaptive-cubesat-adcs/cubesat-simulation/src/cubesat_controllers/src/controller_sd.cpp:143:1:[m[K   required from here
[01m[K/home/matheuswagner/repos/adaptive-cubesat-adcs/cubesat-simulation/src/cubesat_controllers/src/../../../include/transducer.h:18:43:[m[K [01;35m[Kwarning: [m[Kunused parameter ‘[01m[Kvalue[m[K’ [[01;35m[K-Wunused-parameter[m[K]
         virtual void actuate(const Value &[01;35m[Kvalue[m[K){}
                                           [01;35m[K^~~~~[m[K
[100%] [32m[1mLinking CXX executable controller_sd[0m
[100%] Built target controller_sd
-- Install configuration: ""
-- Installing: /home/matheuswagner/repos/adaptive-cubesat-adcs/cubesat-simulation/install/cubesat_controllers/lib/cubesat_controllers/controller_sd
-- Set runtime path of "/home/matheuswagner/repos/adaptive-cubesat-adcs/cubesat-simulation/install/cubesat_controllers/lib/cubesat_controllers/controller_sd" to ""
-- Installing: /home/matheuswagner/repos/adaptive-cubesat-adcs/cubesat-simulation/install/cubesat_controllers/share/ament_index/resource_index/package_run_dependencies/cubesat_controllers
-- Up-to-date: /home/matheuswagner/repos/adaptive-cubesat-adcs/cubesat-simulation/install/cubesat_controllers/share/ament_index/resource_index/parent_prefix_path/cubesat_controllers
-- Up-to-date: /home/matheuswagner/repos/adaptive-cubesat-adcs/cubesat-simulation/install/cubesat_controllers/share/cubesat_controllers/environment/ament_prefix_path.sh
-- Up-to-date: /home/matheuswagner/repos/adaptive-cubesat-adcs/cubesat-simulation/install/cubesat_controllers/share/cubesat_controllers/environment/path.sh
-- Up-to-date: /home/matheuswagner/repos/adaptive-cubesat-adcs/cubesat-simulation/install/cubesat_controllers/share/cubesat_controllers/local_setup.bash
-- Up-to-date: /home/matheuswagner/repos/adaptive-cubesat-adcs/cubesat-simulation/install/cubesat_controllers/share/cubesat_controllers/local_setup.sh
-- Up-to-date: /home/matheuswagner/repos/adaptive-cubesat-adcs/cubesat-simulation/install/cubesat_controllers/share/cubesat_controllers/local_setup.zsh
-- Up-to-date: /home/matheuswagner/repos/adaptive-cubesat-adcs/cubesat-simulation/install/cubesat_controllers/share/ament_index/resource_index/packages/cubesat_controllers
-- Up-to-date: /home/matheuswagner/repos/adaptive-cubesat-adcs/cubesat-simulation/install/cubesat_controllers/share/cubesat_controllers/cmake/cubesat_controllersConfig.cmake
-- Up-to-date: /home/matheuswagner/repos/adaptive-cubesat-adcs/cubesat-simulation/install/cubesat_controllers/share/cubesat_controllers/cmake/cubesat_controllersConfig-version.cmake
-- Installing: /home/matheuswagner/repos/adaptive-cubesat-adcs/cubesat-simulation/install/cubesat_controllers/share/cubesat_controllers/package.xml
