[0.063s] Invoking command in '/home/matheuswagner/repos/adaptive-cubesat-adcs/cubesat-simulation/build/cubesat_controllers': CMAKE_PREFIX_PATH=${CMAKE_PREFIX_PATH}:/home/matheuswagner/repos/adaptive-cubesat-adcs/cubesat-simulation/install/cubesat_description:/opt/ros/dashing /usr/local/bin/cmake --build /home/matheuswagner/repos/adaptive-cubesat-adcs/cubesat-simulation/build/cubesat_controllers -- -j8 -l8
[0.087s] [35m[1mScanning dependencies of target controller_sd[0m
[0.096s] [ 50%] [32mBuilding CXX object CMakeFiles/controller_sd.dir/src/controller_sd.cpp.o[0m
[1.221s] [01m[K/home/matheuswagner/repos/adaptive-cubesat-adcs/cubesat-simulation/src/cubesat_controllers/src/controller_sd.cpp:[m[K In function ‘[01m[Kint main(int, char**)[m[K’:
[1.222s] [01m[K/home/matheuswagner/repos/adaptive-cubesat-adcs/cubesat-simulation/src/cubesat_controllers/src/controller_sd.cpp:116:33:[m[K [01;31m[Kerror: [m[Kno matching function for call to ‘[01m[Kspin_some(std::__cxx11::list<std::shared_ptr<SmartData> >::iterator&)[m[K’
[1.222s]              rclcpp::spin_some(it[01;31m[K)[m[K;
[1.222s]                                  [01;31m[K^[m[K
[1.222s] In file included from [01m[K/home/matheuswagner/ros2_dashing/ros2-linux/include/rclcpp/rclcpp.hpp:144:0[m[K,
[1.222s]                  from [01m[K/home/matheuswagner/repos/adaptive-cubesat-adcs/cubesat-simulation/src/cubesat_controllers/src/../../../include/transformerSmartdata.h:7[m[K,
[1.222s]                  from [01m[K/home/matheuswagner/repos/adaptive-cubesat-adcs/cubesat-simulation/src/cubesat_controllers/src/../../../include/responsiveSmartdata.h:5[m[K,
[1.222s]                  from [01m[K/home/matheuswagner/repos/adaptive-cubesat-adcs/cubesat-simulation/src/cubesat_controllers/src/controller_sd.cpp:1[m[K:
[1.222s] [01m[K/home/matheuswagner/ros2_dashing/ros2-linux/include/rclcpp/executors.hpp:34:1:[m[K [01;36m[Knote: [m[Kcandidate: void rclcpp::spin_some(rclcpp::node_interfaces::NodeBaseInterface::SharedPtr)
[1.223s]  [01;36m[Kspin_some[m[K(rclcpp::node_interfaces::NodeBaseInterface::SharedPtr node_ptr);
[1.223s]  [01;36m[K^~~~~~~~~[m[K
[1.223s] [01m[K/home/matheuswagner/ros2_dashing/ros2-linux/include/rclcpp/executors.hpp:34:1:[m[K [01;36m[Knote: [m[K  no known conversion for argument 1 from ‘[01m[Kstd::__cxx11::list<std::shared_ptr<SmartData> >::iterator {aka std::_List_iterator<std::shared_ptr<SmartData> >}[m[K’ to ‘[01m[Krclcpp::node_interfaces::NodeBaseInterface::SharedPtr {aka std::shared_ptr<rclcpp::node_interfaces::NodeBaseInterface>}[m[K’
[1.223s] [01m[K/home/matheuswagner/ros2_dashing/ros2-linux/include/rclcpp/executors.hpp:38:1:[m[K [01;36m[Knote: [m[Kcandidate: void rclcpp::spin_some(rclcpp::Node::SharedPtr)
[1.223s]  [01;36m[Kspin_some[m[K(rclcpp::Node::SharedPtr node_ptr);
[1.223s]  [01;36m[K^~~~~~~~~[m[K
[1.223s] [01m[K/home/matheuswagner/ros2_dashing/ros2-linux/include/rclcpp/executors.hpp:38:1:[m[K [01;36m[Knote: [m[K  no known conversion for argument 1 from ‘[01m[Kstd::__cxx11::list<std::shared_ptr<SmartData> >::iterator {aka std::_List_iterator<std::shared_ptr<SmartData> >}[m[K’ to ‘[01m[Krclcpp::Node::SharedPtr {aka std::shared_ptr<rclcpp::Node>}[m[K’
[1.228s] [01m[K/home/matheuswagner/repos/adaptive-cubesat-adcs/cubesat-simulation/src/cubesat_controllers/src/controller_sd.cpp:123:34:[m[K [01;31m[Kerror: [m[Kno matching function for call to ‘[01m[Kspin_some(std::shared_ptr<SmartData>&)[m[K’
[1.229s]              rclcpp::spin_some(*it[01;31m[K)[m[K;
[1.229s]                                   [01;31m[K^[m[K
[1.229s] In file included from [01m[K/home/matheuswagner/ros2_dashing/ros2-linux/include/rclcpp/rclcpp.hpp:144:0[m[K,
[1.229s]                  from [01m[K/home/matheuswagner/repos/adaptive-cubesat-adcs/cubesat-simulation/src/cubesat_controllers/src/../../../include/transformerSmartdata.h:7[m[K,
[1.229s]                  from [01m[K/home/matheuswagner/repos/adaptive-cubesat-adcs/cubesat-simulation/src/cubesat_controllers/src/../../../include/responsiveSmartdata.h:5[m[K,
[1.229s]                  from [01m[K/home/matheuswagner/repos/adaptive-cubesat-adcs/cubesat-simulation/src/cubesat_controllers/src/controller_sd.cpp:1[m[K:
[1.229s] [01m[K/home/matheuswagner/ros2_dashing/ros2-linux/include/rclcpp/executors.hpp:34:1:[m[K [01;36m[Knote: [m[Kcandidate: void rclcpp::spin_some(rclcpp::node_interfaces::NodeBaseInterface::SharedPtr)
[1.229s]  [01;36m[Kspin_some[m[K(rclcpp::node_interfaces::NodeBaseInterface::SharedPtr node_ptr);
[1.230s]  [01;36m[K^~~~~~~~~[m[K
[1.230s] [01m[K/home/matheuswagner/ros2_dashing/ros2-linux/include/rclcpp/executors.hpp:34:1:[m[K [01;36m[Knote: [m[K  no known conversion for argument 1 from ‘[01m[Kstd::shared_ptr<SmartData>[m[K’ to ‘[01m[Krclcpp::node_interfaces::NodeBaseInterface::SharedPtr {aka std::shared_ptr<rclcpp::node_interfaces::NodeBaseInterface>}[m[K’
[1.230s] [01m[K/home/matheuswagner/ros2_dashing/ros2-linux/include/rclcpp/executors.hpp:38:1:[m[K [01;36m[Knote: [m[Kcandidate: void rclcpp::spin_some(rclcpp::Node::SharedPtr)
[1.230s]  [01;36m[Kspin_some[m[K(rclcpp::Node::SharedPtr node_ptr);
[1.230s]  [01;36m[K^~~~~~~~~[m[K
[1.230s] [01m[K/home/matheuswagner/ros2_dashing/ros2-linux/include/rclcpp/executors.hpp:38:1:[m[K [01;36m[Knote: [m[K  no known conversion for argument 1 from ‘[01m[Kstd::shared_ptr<SmartData>[m[K’ to ‘[01m[Krclcpp::Node::SharedPtr {aka std::shared_ptr<rclcpp::Node>}[m[K’
[1.395s] In file included from [01m[K/home/matheuswagner/repos/adaptive-cubesat-adcs/cubesat-simulation/src/cubesat_controllers/src/controller_sd.cpp:2:0[m[K:
[1.395s] /home/matheuswagner/repos/adaptive-cubesat-adcs/cubesat-simulation/src/cubesat_controllers/src/../../../include/remoteSmartdata.h: In instantiation of ‘[01m[KRemoteSmartData<Transducer, Value>::RemoteSmartData(Region*, int, int, std::__cxx11::string, Coordinates*, std::__cxx11::string, std::__cxx11::string) [with Transducer = Dummy_Transducer<1, float>; Value = float; std::__cxx11::string = std::__cxx11::basic_string<char>][m[K’:
[1.395s] [01m[K/usr/include/c++/7/ext/new_allocator.h:136:4:[m[K   required from ‘[01m[Kvoid __gnu_cxx::new_allocator<_Tp>::construct(_Up*, _Args&& ...) [with _Up = RemoteSmartData<Dummy_Transducer<1, float>, float>; _Args = {Region*, int, int, const char (&)[17], Coordinates*, const char (&)[34], const char (&)[7]}; _Tp = RemoteSmartData<Dummy_Transducer<1, float>, float>][m[K’
[1.395s] [01m[K/usr/include/c++/7/bits/alloc_traits.h:475:4:[m[K   required from ‘[01m[Kstatic void std::allocator_traits<std::allocator<_Tp1> >::construct(std::allocator_traits<std::allocator<_Tp1> >::allocator_type&, _Up*, _Args&& ...) [with _Up = RemoteSmartData<Dummy_Transducer<1, float>, float>; _Args = {Region*, int, int, const char (&)[17], Coordinates*, const char (&)[34], const char (&)[7]}; _Tp = RemoteSmartData<Dummy_Transducer<1, float>, float>; std::allocator_traits<std::allocator<_Tp1> >::allocator_type = std::allocator<RemoteSmartData<Dummy_Transducer<1, float>, float> >][m[K’
[1.395s] [01m[K/usr/include/c++/7/bits/shared_ptr_base.h:526:39:[m[K   required from ‘[01m[Kstd::_Sp_counted_ptr_inplace<_Tp, _Alloc, _Lp>::_Sp_counted_ptr_inplace(_Alloc, _Args&& ...) [with _Args = {Region*, int, int, const char (&)[17], Coordinates*, const char (&)[34], const char (&)[7]}; _Tp = RemoteSmartData<Dummy_Transducer<1, float>, float>; _Alloc = std::allocator<RemoteSmartData<Dummy_Transducer<1, float>, float> >; __gnu_cxx::_Lock_policy _Lp = (__gnu_cxx::_Lock_policy)2][m[K’
[1.395s] [01m[K/usr/include/c++/7/bits/shared_ptr_base.h:637:4:[m[K   required from ‘[01m[Kstd::__shared_count<_Lp>::__shared_count(std::_Sp_make_shared_tag, _Tp*, const _Alloc&, _Args&& ...) [with _Tp = RemoteSmartData<Dummy_Transducer<1, float>, float>; _Alloc = std::allocator<RemoteSmartData<Dummy_Transducer<1, float>, float> >; _Args = {Region*, int, int, const char (&)[17], Coordinates*, const char (&)[34], const char (&)[7]}; __gnu_cxx::_Lock_policy _Lp = (__gnu_cxx::_Lock_policy)2][m[K’
[1.396s] [01m[K/usr/include/c++/7/bits/shared_ptr_base.h:1295:35:[m[K   required from ‘[01m[Kstd::__shared_ptr<_Tp, _Lp>::__shared_ptr(std::_Sp_make_shared_tag, const _Alloc&, _Args&& ...) [with _Alloc = std::allocator<RemoteSmartData<Dummy_Transducer<1, float>, float> >; _Args = {Region*, int, int, const char (&)[17], Coordinates*, const char (&)[34], const char (&)[7]}; _Tp = RemoteSmartData<Dummy_Transducer<1, float>, float>; __gnu_cxx::_Lock_policy _Lp = (__gnu_cxx::_Lock_policy)2][m[K’
[1.396s] [01m[K/usr/include/c++/7/bits/shared_ptr.h:344:64:[m[K   required from ‘[01m[Kstd::shared_ptr<_Tp>::shared_ptr(std::_Sp_make_shared_tag, const _Alloc&, _Args&& ...) [with _Alloc = std::allocator<RemoteSmartData<Dummy_Transducer<1, float>, float> >; _Args = {Region*, int, int, const char (&)[17], Coordinates*, const char (&)[34], const char (&)[7]}; _Tp = RemoteSmartData<Dummy_Transducer<1, float>, float>][m[K’
[1.396s] [01m[K/usr/include/c++/7/bits/shared_ptr.h:690:14:[m[K   required from ‘[01m[Kstd::shared_ptr<_Tp> std::allocate_shared(const _Alloc&, _Args&& ...) [with _Tp = RemoteSmartData<Dummy_Transducer<1, float>, float>; _Alloc = std::allocator<RemoteSmartData<Dummy_Transducer<1, float>, float> >; _Args = {Region*, int, int, const char (&)[17], Coordinates*, const char (&)[34], const char (&)[7]}][m[K’
[1.396s] [01m[K/usr/include/c++/7/bits/shared_ptr.h:706:39:[m[K   required from ‘[01m[Kstd::shared_ptr<_Tp> std::make_shared(_Args&& ...) [with _Tp = RemoteSmartData<Dummy_Transducer<1, float>, float>; _Args = {Region*, int, int, const char (&)[17], Coordinates*, const char (&)[34], const char (&)[7]}][m[K’
[1.396s] [01m[K/home/matheuswagner/repos/adaptive-cubesat-adcs/cubesat-simulation/src/cubesat_controllers/src/controller_sd.cpp:66:215:[m[K   required from here
[1.396s] [01m[K/home/matheuswagner/repos/adaptive-cubesat-adcs/cubesat-simulation/src/cubesat_controllers/src/../../../include/remoteSmartdata.h:42:32:[m[K [01;31m[Kerror: [m[Kno matching function for call to ‘[01m[KDummy_Transducer<1, float>::Dummy_Transducer(RemoteSmartData<Dummy_Transducer<1, float>, float>*)[m[K’
[1.396s]              this->transducer = [01;31m[Knew Transducer(this)[m[K;
[1.396s]                                 [01;31m[K^~~~~~~~~~~~~~~~~~~~[m[K
[1.396s] [01m[K/home/matheuswagner/repos/adaptive-cubesat-adcs/cubesat-simulation/src/cubesat_controllers/src/controller_sd.cpp:18:5:[m[K [01;36m[Knote: [m[Kcandidate: Dummy_Transducer<UNIT, Value>::Dummy_Transducer() [with long unsigned int UNIT = 1; Value = float]
[1.396s]      [01;36m[KDummy_Transducer[m[K(){}
[1.396s]      [01;36m[K^~~~~~~~~~~~~~~~[m[K
[1.397s] [01m[K/home/matheuswagner/repos/adaptive-cubesat-adcs/cubesat-simulation/src/cubesat_controllers/src/controller_sd.cpp:18:5:[m[K [01;36m[Knote: [m[K  candidate expects 0 arguments, 1 provided
[1.397s] [01m[K/home/matheuswagner/repos/adaptive-cubesat-adcs/cubesat-simulation/src/cubesat_controllers/src/controller_sd.cpp:11:7:[m[K [01;36m[Knote: [m[Kcandidate: constexpr Dummy_Transducer<1, float>::Dummy_Transducer(const Dummy_Transducer<1, float>&)
[1.397s]  class [01;36m[KDummy_Transducer[m[K: public Transducer<UNIT,Value>
[1.397s]        [01;36m[K^~~~~~~~~~~~~~~~[m[K
[1.397s] [01m[K/home/matheuswagner/repos/adaptive-cubesat-adcs/cubesat-simulation/src/cubesat_controllers/src/controller_sd.cpp:11:7:[m[K [01;36m[Knote: [m[K  no known conversion for argument 1 from ‘[01m[KRemoteSmartData<Dummy_Transducer<1, float>, float>*[m[K’ to ‘[01m[Kconst Dummy_Transducer<1, float>&[m[K’
[1.397s] [01m[K/home/matheuswagner/repos/adaptive-cubesat-adcs/cubesat-simulation/src/cubesat_controllers/src/controller_sd.cpp:11:7:[m[K [01;36m[Knote: [m[Kcandidate: constexpr Dummy_Transducer<1, float>::Dummy_Transducer(Dummy_Transducer<1, float>&&)
[1.397s] [01m[K/home/matheuswagner/repos/adaptive-cubesat-adcs/cubesat-simulation/src/cubesat_controllers/src/controller_sd.cpp:11:7:[m[K [01;36m[Knote: [m[K  no known conversion for argument 1 from ‘[01m[KRemoteSmartData<Dummy_Transducer<1, float>, float>*[m[K’ to ‘[01m[KDummy_Transducer<1, float>&&[m[K’
[1.547s] CMakeFiles/controller_sd.dir/build.make:81: recipe for target 'CMakeFiles/controller_sd.dir/src/controller_sd.cpp.o' failed
[1.547s] CMakeFiles/Makefile2:95: recipe for target 'CMakeFiles/controller_sd.dir/all' failed
[1.547s] Makefile:159: recipe for target 'all' failed
[1.547s] make[2]: *** [CMakeFiles/controller_sd.dir/src/controller_sd.cpp.o] Error 1
[1.548s] make[1]: *** [CMakeFiles/controller_sd.dir/all] Error 2
[1.548s] make: *** [all] Error 2
[1.550s] Invoked command in '/home/matheuswagner/repos/adaptive-cubesat-adcs/cubesat-simulation/build/cubesat_controllers' returned '2': CMAKE_PREFIX_PATH=${CMAKE_PREFIX_PATH}:/home/matheuswagner/repos/adaptive-cubesat-adcs/cubesat-simulation/install/cubesat_description:/opt/ros/dashing /usr/local/bin/cmake --build /home/matheuswagner/repos/adaptive-cubesat-adcs/cubesat-simulation/build/cubesat_controllers -- -j8 -l8
