[1.210s] Invoking command in '/home/matheuswagner/repos/adaptive-cubesat-adcs/cubesat-simulation/build/cubesat_description': PYTHONPATH=/home/matheuswagner/repos/adaptive-cubesat-adcs/cubesat-simulation/install/cubesat_description/lib/python3.6/site-packages:${PYTHONPATH} /usr/bin/python3 setup.py develop --prefix /home/matheuswagner/repos/adaptive-cubesat-adcs/cubesat-simulation/install/cubesat_description --editable --build-directory /home/matheuswagner/repos/adaptive-cubesat-adcs/cubesat-simulation/build/cubesat_description/build --no-deps install_data --install-dir /home/matheuswagner/repos/adaptive-cubesat-adcs/cubesat-simulation/install/cubesat_description
[1.471s] /home/matheuswagner/.local/lib/python3.6/site-packages/setuptools/dist.py:726: UserWarning: Usage of dash-separated 'script-dir' will not be supported in future versions. Please use the underscore name 'script_dir' instead
[1.472s]   % (opt, underscore_opt)
[1.472s] /home/matheuswagner/.local/lib/python3.6/site-packages/setuptools/dist.py:726: UserWarning: Usage of dash-separated 'install-scripts' will not be supported in future versions. Please use the underscore name 'install_scripts' instead
[1.472s]   % (opt, underscore_opt)
[1.517s] running develop
[1.517s] /home/matheuswagner/.local/lib/python3.6/site-packages/setuptools/command/easy_install.py:159: EasyInstallDeprecationWarning: easy_install command is deprecated. Use build and pip and other standards-based tools.
[1.517s]   EasyInstallDeprecationWarning,
[1.518s] /home/matheuswagner/.local/lib/python3.6/site-packages/setuptools/command/install.py:37: SetuptoolsDeprecationWarning: setup.py install is deprecated. Use build and pip and other standards-based tools.
[1.518s]   setuptools.SetuptoolsDeprecationWarning,
[1.569s] /home/matheuswagner/.local/lib/python3.6/site-packages/pkg_resources/__init__.py:119: PkgResourcesDeprecationWarning: 0.18ubuntu0.18.04.1 is an invalid version and will not be supported in a future release
[1.570s]   PkgResourcesDeprecationWarning,
[1.674s] running egg_info
[1.674s] writing cubesat_description.egg-info/PKG-INFO
[1.674s] writing dependency_links to cubesat_description.egg-info/dependency_links.txt
[1.674s] writing entry points to cubesat_description.egg-info/entry_points.txt
[1.675s] writing requirements to cubesat_description.egg-info/requires.txt
[1.675s] writing top-level names to cubesat_description.egg-info/top_level.txt
[1.677s] reading manifest file 'cubesat_description.egg-info/SOURCES.txt'
[1.678s] writing manifest file 'cubesat_description.egg-info/SOURCES.txt'
[1.679s] running build_ext
[1.679s] Creating /home/matheuswagner/repos/adaptive-cubesat-adcs/cubesat-simulation/install/cubesat_description/lib/python3.6/site-packages/cubesat-description.egg-link (link to .)
[1.680s] 
[1.680s] Installed /home/matheuswagner/repos/adaptive-cubesat-adcs/cubesat-simulation/build/cubesat_description
[1.680s] running install_data
[1.718s] Invoked command in '/home/matheuswagner/repos/adaptive-cubesat-adcs/cubesat-simulation/build/cubesat_description' returned '0': PYTHONPATH=/home/matheuswagner/repos/adaptive-cubesat-adcs/cubesat-simulation/install/cubesat_description/lib/python3.6/site-packages:${PYTHONPATH} /usr/bin/python3 setup.py develop --prefix /home/matheuswagner/repos/adaptive-cubesat-adcs/cubesat-simulation/install/cubesat_description --editable --build-directory /home/matheuswagner/repos/adaptive-cubesat-adcs/cubesat-simulation/build/cubesat_description/build --no-deps install_data --install-dir /home/matheuswagner/repos/adaptive-cubesat-adcs/cubesat-simulation/install/cubesat_description
