[0.056s] Invoking command in '/home/matheuswagner/repos/adaptive-cubesat-adcs/cubesat-simulation/build/smartdata_msgs': CMAKE_PREFIX_PATH=${CMAKE_PREFIX_PATH}:/opt/ros/dashing /usr/local/bin/cmake /home/matheuswagner/repos/adaptive-cubesat-adcs/cubesat-simulation/src/smartdata_msgs -DCMAKE_INSTALL_PREFIX=/home/matheuswagner/repos/adaptive-cubesat-adcs/cubesat-simulation/install/smartdata_msgs
[0.069s] -- Found ament_cmake: 0.7.6 (/home/matheuswagner/ros2_dashing/ros2-linux/share/ament_cmake/cmake)
[0.096s] -- Using PYTHON_EXECUTABLE: /usr/bin/python3
[0.401s] -- Found rosidl_default_generators: 0.7.0 (/home/matheuswagner/ros2_dashing/ros2-linux/share/rosidl_default_generators/cmake)
[0.436s] -- Could not find RTI Connext - skipping rosidl_typesupport_connext_c
[0.444s] -- Found rosidl_adapter: 0.7.10 (/home/matheuswagner/ros2_dashing/ros2-linux/share/rosidl_adapter/cmake)
[0.453s] -- Could not find RTI Connext - skipping rosidl_typesupport_connext_cpp
[0.561s] -- Could not find PrismTech OpenSplice - skipping rosidl_typesupport_opensplice_c
[0.563s] -- Could not find PrismTech OpenSplice - skipping rosidl_typesupport_opensplice_cpp
[0.601s] -- Found PythonInterp: /usr/bin/python3 (found version "3.6.9") 
[0.667s] CMake Error at /home/matheuswagner/ros2_dashing/ros2-linux/share/rosidl_adapter/cmake/rosidl_adapt_interfaces.cmake:60 (message):
[0.667s]   execute_process(/usr/bin/python3 -m rosidl_adapter --package-name
[0.667s]   smartdata_msgs --arguments-file
[0.667s]   /home/matheuswagner/repos/adaptive-cubesat-adcs/cubesat-simulation/build/smartdata_msgs/rosidl_adapter__arguments__smartdata_msgs.json
[0.668s]   --output-dir
[0.668s]   /home/matheuswagner/repos/adaptive-cubesat-adcs/cubesat-simulation/build/smartdata_msgs/rosidl_adapter/smartdata_msgs
[0.668s]   --output-file
[0.668s]   /home/matheuswagner/repos/adaptive-cubesat-adcs/cubesat-simulation/build/smartdata_msgs/rosidl_adapter/smartdata_msgs.idls)
[0.668s]   returned error code 1:
[0.668s] 
[0.669s]   KeyError processing template 'struct.idl.em': 'time'
[0.669s] 
[0.669s] Call Stack (most recent call first):
[0.669s]   /home/matheuswagner/ros2_dashing/ros2-linux/share/rosidl_cmake/cmake/rosidl_generate_interfaces.cmake:130 (rosidl_adapt_interfaces)
[0.669s]   CMakeLists.txt:26 (rosidl_generate_interfaces)
[0.669s] 
[0.669s] 
[0.670s] -- Configuring incomplete, errors occurred!
[0.670s] See also "/home/matheuswagner/repos/adaptive-cubesat-adcs/cubesat-simulation/build/smartdata_msgs/CMakeFiles/CMakeOutput.log".
[0.673s] Invoked command in '/home/matheuswagner/repos/adaptive-cubesat-adcs/cubesat-simulation/build/smartdata_msgs' returned '1': CMAKE_PREFIX_PATH=${CMAKE_PREFIX_PATH}:/opt/ros/dashing /usr/local/bin/cmake /home/matheuswagner/repos/adaptive-cubesat-adcs/cubesat-simulation/src/smartdata_msgs -DCMAKE_INSTALL_PREFIX=/home/matheuswagner/repos/adaptive-cubesat-adcs/cubesat-simulation/install/smartdata_msgs
