[0.081s] Invoking command in '/home/matheuswagner/repos/adaptive-cubesat-adcs/cubesat-simulation/build/cubesat_controllers': CMAKE_PREFIX_PATH=${CMAKE_PREFIX_PATH}:/home/matheuswagner/repos/adaptive-cubesat-adcs/cubesat-simulation/install/cubesat_description:/opt/ros/dashing /usr/local/bin/cmake --build /home/matheuswagner/repos/adaptive-cubesat-adcs/cubesat-simulation/build/cubesat_controllers -- -j8 -l8
[0.128s] [ 50%] [32mBuilding CXX object CMakeFiles/controller_sd.dir/src/controller_sd.cpp.o[0m
[1.256s] [01m[K/home/matheuswagner/repos/adaptive-cubesat-adcs/cubesat-simulation/src/cubesat_controllers/src/controller_sd.cpp:[m[K In function ‘[01m[Kint main(int, char**)[m[K’:
[1.257s] [01m[K/home/matheuswagner/repos/adaptive-cubesat-adcs/cubesat-simulation/src/cubesat_controllers/src/controller_sd.cpp:38:25:[m[K [01;31m[Kerror: [m[Kexpected initializer before ‘[01m[Kstd[m[K’
[1.257s]      auto currentSensorX [01;31m[Kstd[m[K::make_shared<RemoteSmartData<Dummy_Transducer<1,float>,float>>(new Region(0.0,0.0,0.0,0.0,0,0),2,2,"current_sensor_x",new Coordinates(0,0,0),"dc_motor_reaction_wheel_x/current","sensor");
[1.257s]                          [01;31m[K^~~[m[K
[1.257s] [01m[K/home/matheuswagner/repos/adaptive-cubesat-adcs/cubesat-simulation/src/cubesat_controllers/src/controller_sd.cpp:39:25:[m[K [01;31m[Kerror: [m[Kexpected initializer before ‘[01m[Kstd[m[K’
[1.257s]      auto currentSensorY [01;31m[Kstd[m[K::make_shared<RemoteSmartData<Dummy_Transducer<1,float>,float>>(new Region(0.0,0.0,0.0,0.0,0,0),2,2,"current_sensor_y",new Coordinates(0,0,0),"dc_motor_reaction_wheel_y/current","sensor");
[1.258s]                          [01;31m[K^~~[m[K
[1.258s] [01m[K/home/matheuswagner/repos/adaptive-cubesat-adcs/cubesat-simulation/src/cubesat_controllers/src/controller_sd.cpp:40:25:[m[K [01;31m[Kerror: [m[Kexpected initializer before ‘[01m[Kstd[m[K’
[1.258s]      auto currentSensorZ [01;31m[Kstd[m[K::make_shared<RemoteSmartData<Dummy_Transducer<1,float>,float>>(new Region(0.0,0.0,0.0,0.0,0,0),2,2,"current_sensor_z",new Coordinates(0,0,0),"dc_motor_reaction_wheel_z/current","sensor");
[1.258s]                          [01;31m[K^~~[m[K
[1.258s] [01m[K/home/matheuswagner/repos/adaptive-cubesat-adcs/cubesat-simulation/src/cubesat_controllers/src/controller_sd.cpp:42:28:[m[K [01;31m[Kerror: [m[Kexpected initializer before ‘[01m[Kstd[m[K’
[1.258s]      auto wheelSpeedSensorX [01;31m[Kstd[m[K::make_shared<RemoteSmartData<Dummy_Transducer<1,float>,float>>(new Region(0.0,0.0,0.0,0.0,0,0),2,2,"wheel_speed_sensor_x",new Coordinates(0,0,0),"dc_motor_reaction_wheel_x/velocity","sensor");
[1.258s]                             [01;31m[K^~~[m[K
[1.259s] [01m[K/home/matheuswagner/repos/adaptive-cubesat-adcs/cubesat-simulation/src/cubesat_controllers/src/controller_sd.cpp:43:28:[m[K [01;31m[Kerror: [m[Kexpected initializer before ‘[01m[Kstd[m[K’
[1.259s]      auto wheelSpeedSensorY [01;31m[Kstd[m[K::make_shared<RemoteSmartData<Dummy_Transducer<1,float>,float>>(new Region(0.0,0.0,0.0,0.0,0,0),2,2,"wheel_speed_sensor_y",new Coordinates(0,0,0),"dc_motor_reaction_wheel_y/velocity","sensor");
[1.259s]                             [01;31m[K^~~[m[K
[1.259s] [01m[K/home/matheuswagner/repos/adaptive-cubesat-adcs/cubesat-simulation/src/cubesat_controllers/src/controller_sd.cpp:44:28:[m[K [01;31m[Kerror: [m[Kexpected initializer before ‘[01m[Kstd[m[K’
[1.259s]      auto wheelSpeedSensorZ [01;31m[Kstd[m[K::make_shared<RemoteSmartData<Dummy_Transducer<1,float>,float>>(new Region(0.0,0.0,0.0,0.0,0,0),2,2,"wheel_speed_sensor_z",new Coordinates(0,0,0),"dc_motor_reaction_wheel_z/velocity","sensor");
[1.259s]                             [01;31m[K^~~[m[K
[1.259s] [01m[K/home/matheuswagner/repos/adaptive-cubesat-adcs/cubesat-simulation/src/cubesat_controllers/src/controller_sd.cpp:46:28:[m[K [01;31m[Kerror: [m[Kexpected initializer before ‘[01m[Kstd[m[K’
[1.260s]      auto frameSpeedSensorX [01;31m[Kstd[m[K::make_shared<RemoteSmartData<Dummy_Transducer<1,float>,float>>(new Region(0.0,0.0,0.0,0.0,0,0),2,2,"frame_speed_sensor_x",new Coordinates(0,0,0),"imu_plugin/out","sensor");
[1.260s]                             [01;31m[K^~~[m[K
[1.260s] [01m[K/home/matheuswagner/repos/adaptive-cubesat-adcs/cubesat-simulation/src/cubesat_controllers/src/controller_sd.cpp:47:28:[m[K [01;31m[Kerror: [m[Kexpected initializer before ‘[01m[Kstd[m[K’
[1.260s]      auto frameSpeedSensorY [01;31m[Kstd[m[K::make_shared<RemoteSmartData<Dummy_Transducer<1,float>,float>>(new Region(0.0,0.0,0.0,0.0,0,0),2,2,"frame_speed_sensor_y",new Coordinates(0,0,0),"imu_plugin/out","sensor");
[1.260s]                             [01;31m[K^~~[m[K
[1.260s] [01m[K/home/matheuswagner/repos/adaptive-cubesat-adcs/cubesat-simulation/src/cubesat_controllers/src/controller_sd.cpp:48:28:[m[K [01;31m[Kerror: [m[Kexpected initializer before ‘[01m[Kstd[m[K’
[1.261s]      auto frameSpeedSensorZ [01;31m[Kstd[m[K::make_shared<RemoteSmartData<Dummy_Transducer<1,float>,float>>(new Region(0.0,0.0,0.0,0.0,0,0),2,2,"frame_speed_sensor_z",new Coordinates(0,0,0),"imu_plugin/out","sensor");
[1.261s]                             [01;31m[K^~~[m[K
[1.261s] [01m[K/home/matheuswagner/repos/adaptive-cubesat-adcs/cubesat-simulation/src/cubesat_controllers/src/controller_sd.cpp:50:27:[m[K [01;31m[Kerror: [m[Kexpected initializer before ‘[01m[Kstd[m[K’
[1.261s]      auto frameOrientation [01;31m[Kstd[m[K::make_shared<RemoteSmartData<Dummy_Transducer<1,float>,float>>(new Region(0.0,0.0,0.0,0.0,0,0),2,2,"orientation_o",new Coordinates(0,0,0),"imu_orientation_o","sensor");
[1.261s]                            [01;31m[K^~~[m[K
[1.262s] [01m[K/home/matheuswagner/repos/adaptive-cubesat-adcs/cubesat-simulation/src/cubesat_controllers/src/controller_sd.cpp:51:27:[m[K [01;31m[Kerror: [m[Kexpected initializer before ‘[01m[Kstd[m[K’
[1.262s]      auto frameOrientation [01;31m[Kstd[m[K::make_shared<RemoteSmartData<Dummy_Transducer<1,float>,float>>(new Region(0.0,0.0,0.0,0.0,0,0),2,2,"orientation_x",new Coordinates(0,0,0),"imu_orientation_x","sensor");
[1.262s]                            [01;31m[K^~~[m[K
[1.262s] [01m[K/home/matheuswagner/repos/adaptive-cubesat-adcs/cubesat-simulation/src/cubesat_controllers/src/controller_sd.cpp:52:27:[m[K [01;31m[Kerror: [m[Kexpected initializer before ‘[01m[Kstd[m[K’
[1.262s]      auto frameOrientation [01;31m[Kstd[m[K::make_shared<RemoteSmartData<Dummy_Transducer<1,float>,float>>(new Region(0.0,0.0,0.0,0.0,0,0),2,2,"orientation_y",new Coordinates(0,0,0),"imu_orientation_y","sensor");
[1.262s]                            [01;31m[K^~~[m[K
[1.263s] [01m[K/home/matheuswagner/repos/adaptive-cubesat-adcs/cubesat-simulation/src/cubesat_controllers/src/controller_sd.cpp:53:27:[m[K [01;31m[Kerror: [m[Kexpected initializer before ‘[01m[Kstd[m[K’
[1.263s]      auto frameOrientation [01;31m[Kstd[m[K::make_shared<RemoteSmartData<Dummy_Transducer<1,float>,float>>(new Region(0.0,0.0,0.0,0.0,0,0),2,2,"orientation_z",new Coordinates(0,0,0),"imu_orientation_z","sensor");
[1.263s]                            [01;31m[K^~~[m[K
[1.263s] [01m[K/home/matheuswagner/repos/adaptive-cubesat-adcs/cubesat-simulation/src/cubesat_controllers/src/controller_sd.cpp:55:26:[m[K [01;31m[Kerror: [m[K‘[01m[KcurrentSensorX[m[K’ was not declared in this scope
[1.263s]      inputData.push_front([01;31m[KcurrentSensorX[m[K);
[1.264s]                           [01;31m[K^~~~~~~~~~~~~~[m[K
[1.264s] [01m[K/home/matheuswagner/repos/adaptive-cubesat-adcs/cubesat-simulation/src/cubesat_controllers/src/controller_sd.cpp:56:26:[m[K [01;31m[Kerror: [m[K‘[01m[KcurrentSensorY[m[K’ was not declared in this scope
[1.264s]      inputData.push_front([01;31m[KcurrentSensorY[m[K);
[1.264s]                           [01;31m[K^~~~~~~~~~~~~~[m[K
[1.264s] [01m[K/home/matheuswagner/repos/adaptive-cubesat-adcs/cubesat-simulation/src/cubesat_controllers/src/controller_sd.cpp:57:26:[m[K [01;31m[Kerror: [m[K‘[01m[KcurrentSensorZ[m[K’ was not declared in this scope
[1.264s]      inputData.push_front([01;31m[KcurrentSensorZ[m[K);
[1.265s]                           [01;31m[K^~~~~~~~~~~~~~[m[K
[1.265s] [01m[K/home/matheuswagner/repos/adaptive-cubesat-adcs/cubesat-simulation/src/cubesat_controllers/src/controller_sd.cpp:59:26:[m[K [01;31m[Kerror: [m[K‘[01m[KwheelSpeedSensorX[m[K’ was not declared in this scope
[1.265s]      inputData.push_front([01;31m[KwheelSpeedSensorX[m[K);
[1.266s]                           [01;31m[K^~~~~~~~~~~~~~~~~[m[K
[1.269s] [01m[K/home/matheuswagner/repos/adaptive-cubesat-adcs/cubesat-simulation/src/cubesat_controllers/src/controller_sd.cpp:60:26:[m[K [01;31m[Kerror: [m[K‘[01m[KwheelSpeedSensorY[m[K’ was not declared in this scope
[1.269s]      inputData.push_front([01;31m[KwheelSpeedSensorY[m[K);
[1.269s]                           [01;31m[K^~~~~~~~~~~~~~~~~[m[K
[1.273s] [01m[K/home/matheuswagner/repos/adaptive-cubesat-adcs/cubesat-simulation/src/cubesat_controllers/src/controller_sd.cpp:61:26:[m[K [01;31m[Kerror: [m[K‘[01m[KwheelSpeedSensorZ[m[K’ was not declared in this scope
[1.273s]      inputData.push_front([01;31m[KwheelSpeedSensorZ[m[K);
[1.273s]                           [01;31m[K^~~~~~~~~~~~~~~~~[m[K
[1.276s] [01m[K/home/matheuswagner/repos/adaptive-cubesat-adcs/cubesat-simulation/src/cubesat_controllers/src/controller_sd.cpp:63:26:[m[K [01;31m[Kerror: [m[K‘[01m[KframeSpeedSensorX[m[K’ was not declared in this scope
[1.276s]      inputData.push_front([01;31m[KframeSpeedSensorX[m[K);
[1.276s]                           [01;31m[K^~~~~~~~~~~~~~~~~[m[K
[1.280s] [01m[K/home/matheuswagner/repos/adaptive-cubesat-adcs/cubesat-simulation/src/cubesat_controllers/src/controller_sd.cpp:64:26:[m[K [01;31m[Kerror: [m[K‘[01m[KframeSpeedSensorY[m[K’ was not declared in this scope
[1.280s]      inputData.push_front([01;31m[KframeSpeedSensorY[m[K);
[1.280s]                           [01;31m[K^~~~~~~~~~~~~~~~~[m[K
[1.283s] [01m[K/home/matheuswagner/repos/adaptive-cubesat-adcs/cubesat-simulation/src/cubesat_controllers/src/controller_sd.cpp:65:26:[m[K [01;31m[Kerror: [m[K‘[01m[KframeSpeedSensorZ[m[K’ was not declared in this scope
[1.283s]      inputData.push_front([01;31m[KframeSpeedSensorZ[m[K);
[1.283s]                           [01;31m[K^~~~~~~~~~~~~~~~~[m[K
[1.286s] [01m[K/home/matheuswagner/repos/adaptive-cubesat-adcs/cubesat-simulation/src/cubesat_controllers/src/controller_sd.cpp:67:26:[m[K [01;31m[Kerror: [m[K‘[01m[KframeOrientation[m[K’ was not declared in this scope
[1.287s]      inputData.push_front([01;31m[KframeOrientation[m[K);
[1.287s]                           [01;31m[K^~~~~~~~~~~~~~~~[m[K
[1.289s] [01m[K/home/matheuswagner/repos/adaptive-cubesat-adcs/cubesat-simulation/src/cubesat_controllers/src/controller_sd.cpp:69:26:[m[K [01;31m[Kerror: [m[Kexpected initializer before ‘[01m[Kstd[m[K’
[1.289s]      auto dutyCycleWheelX [01;31m[Kstd[m[K::make_shared<RemoteSmartData<Dummy_Transducer<1,float>,float>>(new Region(0.0,0.0,0.0,0.0,0,0),2,2,"duty_cycle_x",new Coordinates(0,0,0),"dc_motor_reaction_wheel_x/duty_cycle","sensor");
[1.290s]                           [01;31m[K^~~[m[K
[1.290s] [01m[K/home/matheuswagner/repos/adaptive-cubesat-adcs/cubesat-simulation/src/cubesat_controllers/src/controller_sd.cpp:70:26:[m[K [01;31m[Kerror: [m[Kexpected initializer before ‘[01m[Kstd[m[K’
[1.290s]      auto dutyCycleWheelY [01;31m[Kstd[m[K::make_shared<RemoteSmartData<Dummy_Transducer<1,float>,float>>(new Region(0.0,0.0,0.0,0.0,0,0),2,2,"duty_cycle_y",new Coordinates(0,0,0),"dc_motor_reaction_wheel_y/duty_cycle","sensor");
[1.290s]                           [01;31m[K^~~[m[K
[1.290s] [01m[K/home/matheuswagner/repos/adaptive-cubesat-adcs/cubesat-simulation/src/cubesat_controllers/src/controller_sd.cpp:71:26:[m[K [01;31m[Kerror: [m[Kexpected initializer before ‘[01m[Kstd[m[K’
[1.290s]      auto dutyCycleWheelZ [01;31m[Kstd[m[K::make_shared<RemoteSmartData<Dummy_Transducer<1,float>,float>>(new Region(0.0,0.0,0.0,0.0,0,0),2,2,"duty_cycle_z",new Coordinates(0,0,0),"dc_motor_reaction_wheel_z/duty_cycle","sensor");
[1.290s]                           [01;31m[K^~~[m[K
[1.290s] [01m[K/home/matheuswagner/repos/adaptive-cubesat-adcs/cubesat-simulation/src/cubesat_controllers/src/controller_sd.cpp:73:27:[m[K [01;31m[Kerror: [m[K‘[01m[KdutyCycleWheelX[m[K’ was not declared in this scope
[1.290s]      outputData.push_front([01;31m[KdutyCycleWheelX[m[K);
[1.290s]                            [01;31m[K^~~~~~~~~~~~~~~[m[K
[1.292s] [01m[K/home/matheuswagner/repos/adaptive-cubesat-adcs/cubesat-simulation/src/cubesat_controllers/src/controller_sd.cpp:74:27:[m[K [01;31m[Kerror: [m[K‘[01m[KdutyCycleWheelY[m[K’ was not declared in this scope
[1.292s]      outputData.push_front([01;31m[KdutyCycleWheelY[m[K);
[1.292s]                            [01;31m[K^~~~~~~~~~~~~~~[m[K
[1.295s] [01m[K/home/matheuswagner/repos/adaptive-cubesat-adcs/cubesat-simulation/src/cubesat_controllers/src/controller_sd.cpp:75:27:[m[K [01;31m[Kerror: [m[K‘[01m[KdutyCycleWheelZ[m[K’ was not declared in this scope
[1.295s]      outputData.push_front([01;31m[KdutyCycleWheelZ[m[K);
[1.296s]                            [01;31m[K^~~~~~~~~~~~~~~[m[K
[1.308s] [01m[K/home/matheuswagner/repos/adaptive-cubesat-adcs/cubesat-simulation/src/cubesat_controllers/src/controller_sd.cpp:85:33:[m[K [01;31m[Kerror: [m[Kno matching function for call to ‘[01m[Kspin_some(std::__cxx11::list<std::shared_ptr<SmartData> >::iterator&)[m[K’
[1.309s]              rclcpp::spin_some(it[01;31m[K)[m[K;
[1.309s]                                  [01;31m[K^[m[K
[1.309s] In file included from [01m[K/home/matheuswagner/ros2_dashing/ros2-linux/include/rclcpp/rclcpp.hpp:144:0[m[K,
[1.309s]                  from [01m[K/home/matheuswagner/repos/adaptive-cubesat-adcs/cubesat-simulation/src/cubesat_controllers/src/../../../include/transformerSmartdata.h:7[m[K,
[1.309s]                  from [01m[K/home/matheuswagner/repos/adaptive-cubesat-adcs/cubesat-simulation/src/cubesat_controllers/src/../../../include/responsiveSmartdata.h:5[m[K,
[1.309s]                  from [01m[K/home/matheuswagner/repos/adaptive-cubesat-adcs/cubesat-simulation/src/cubesat_controllers/src/controller_sd.cpp:1[m[K:
[1.310s] [01m[K/home/matheuswagner/ros2_dashing/ros2-linux/include/rclcpp/executors.hpp:34:1:[m[K [01;36m[Knote: [m[Kcandidate: void rclcpp::spin_some(rclcpp::node_interfaces::NodeBaseInterface::SharedPtr)
[1.310s]  [01;36m[Kspin_some[m[K(rclcpp::node_interfaces::NodeBaseInterface::SharedPtr node_ptr);
[1.310s]  [01;36m[K^~~~~~~~~[m[K
[1.310s] [01m[K/home/matheuswagner/ros2_dashing/ros2-linux/include/rclcpp/executors.hpp:34:1:[m[K [01;36m[Knote: [m[K  no known conversion for argument 1 from ‘[01m[Kstd::__cxx11::list<std::shared_ptr<SmartData> >::iterator {aka std::_List_iterator<std::shared_ptr<SmartData> >}[m[K’ to ‘[01m[Krclcpp::node_interfaces::NodeBaseInterface::SharedPtr {aka std::shared_ptr<rclcpp::node_interfaces::NodeBaseInterface>}[m[K’
[1.310s] [01m[K/home/matheuswagner/ros2_dashing/ros2-linux/include/rclcpp/executors.hpp:38:1:[m[K [01;36m[Knote: [m[Kcandidate: void rclcpp::spin_some(rclcpp::Node::SharedPtr)
[1.311s]  [01;36m[Kspin_some[m[K(rclcpp::Node::SharedPtr node_ptr);
[1.311s]  [01;36m[K^~~~~~~~~[m[K
[1.311s] [01m[K/home/matheuswagner/ros2_dashing/ros2-linux/include/rclcpp/executors.hpp:38:1:[m[K [01;36m[Knote: [m[K  no known conversion for argument 1 from ‘[01m[Kstd::__cxx11::list<std::shared_ptr<SmartData> >::iterator {aka std::_List_iterator<std::shared_ptr<SmartData> >}[m[K’ to ‘[01m[Krclcpp::Node::SharedPtr {aka std::shared_ptr<rclcpp::Node>}[m[K’
[1.316s] [01m[K/home/matheuswagner/repos/adaptive-cubesat-adcs/cubesat-simulation/src/cubesat_controllers/src/controller_sd.cpp:92:34:[m[K [01;31m[Kerror: [m[Kno matching function for call to ‘[01m[Kspin_some(std::shared_ptr<SmartData>&)[m[K’
[1.316s]              rclcpp::spin_some(*it[01;31m[K)[m[K;
[1.316s]                                   [01;31m[K^[m[K
[1.316s] In file included from [01m[K/home/matheuswagner/ros2_dashing/ros2-linux/include/rclcpp/rclcpp.hpp:144:0[m[K,
[1.316s]                  from [01m[K/home/matheuswagner/repos/adaptive-cubesat-adcs/cubesat-simulation/src/cubesat_controllers/src/../../../include/transformerSmartdata.h:7[m[K,
[1.317s]                  from [01m[K/home/matheuswagner/repos/adaptive-cubesat-adcs/cubesat-simulation/src/cubesat_controllers/src/../../../include/responsiveSmartdata.h:5[m[K,
[1.317s]                  from [01m[K/home/matheuswagner/repos/adaptive-cubesat-adcs/cubesat-simulation/src/cubesat_controllers/src/controller_sd.cpp:1[m[K:
[1.317s] [01m[K/home/matheuswagner/ros2_dashing/ros2-linux/include/rclcpp/executors.hpp:34:1:[m[K [01;36m[Knote: [m[Kcandidate: void rclcpp::spin_some(rclcpp::node_interfaces::NodeBaseInterface::SharedPtr)
[1.317s]  [01;36m[Kspin_some[m[K(rclcpp::node_interfaces::NodeBaseInterface::SharedPtr node_ptr);
[1.317s]  [01;36m[K^~~~~~~~~[m[K
[1.317s] [01m[K/home/matheuswagner/ros2_dashing/ros2-linux/include/rclcpp/executors.hpp:34:1:[m[K [01;36m[Knote: [m[K  no known conversion for argument 1 from ‘[01m[Kstd::shared_ptr<SmartData>[m[K’ to ‘[01m[Krclcpp::node_interfaces::NodeBaseInterface::SharedPtr {aka std::shared_ptr<rclcpp::node_interfaces::NodeBaseInterface>}[m[K’
[1.317s] [01m[K/home/matheuswagner/ros2_dashing/ros2-linux/include/rclcpp/executors.hpp:38:1:[m[K [01;36m[Knote: [m[Kcandidate: void rclcpp::spin_some(rclcpp::Node::SharedPtr)
[1.318s]  [01;36m[Kspin_some[m[K(rclcpp::Node::SharedPtr node_ptr);
[1.318s]  [01;36m[K^~~~~~~~~[m[K
[1.318s] [01m[K/home/matheuswagner/ros2_dashing/ros2-linux/include/rclcpp/executors.hpp:38:1:[m[K [01;36m[Knote: [m[K  no known conversion for argument 1 from ‘[01m[Kstd::shared_ptr<SmartData>[m[K’ to ‘[01m[Krclcpp::Node::SharedPtr {aka std::shared_ptr<rclcpp::Node>}[m[K’
[1.572s] CMakeFiles/controller_sd.dir/build.make:81: recipe for target 'CMakeFiles/controller_sd.dir/src/controller_sd.cpp.o' failed
[1.572s] make[2]: *** [CMakeFiles/controller_sd.dir/src/controller_sd.cpp.o] Error 1
[1.572s] make[1]: *** [CMakeFiles/controller_sd.dir/all] Error 2
[1.572s] CMakeFiles/Makefile2:95: recipe for target 'CMakeFiles/controller_sd.dir/all' failed
[1.572s] Makefile:159: recipe for target 'all' failed
[1.573s] make: *** [all] Error 2
[1.574s] Invoked command in '/home/matheuswagner/repos/adaptive-cubesat-adcs/cubesat-simulation/build/cubesat_controllers' returned '2': CMAKE_PREFIX_PATH=${CMAKE_PREFIX_PATH}:/home/matheuswagner/repos/adaptive-cubesat-adcs/cubesat-simulation/install/cubesat_description:/opt/ros/dashing /usr/local/bin/cmake --build /home/matheuswagner/repos/adaptive-cubesat-adcs/cubesat-simulation/build/cubesat_controllers -- -j8 -l8
