[0.763s] DEBUG:colcon:Command line arguments: ['/home/matheuswagner/.local/bin/colcon', 'build', '--symlink-install']
[0.763s] DEBUG:colcon:Parsed command line arguments: Namespace(allow_overriding=[], ament_cmake_args=None, base_paths=['.'], build_base='build', catkin_cmake_args=None, catkin_skip_building_tests=False, cmake_args=None, cmake_clean_cache=False, cmake_clean_first=False, cmake_force_configure=False, cmake_target=None, cmake_target_skip_unavailable=False, continue_on_error=False, event_handlers=None, executor='parallel', ignore_user_meta=False, install_base='install', log_base=None, log_level=None, main=<bound method BuildVerb.main of <colcon_core.verb.build.BuildVerb object at 0x7f42080b21d0>>, merge_install=False, metas=['./colcon.meta'], packages_above=None, packages_above_and_dependencies=None, packages_above_depth=None, packages_end=None, packages_ignore=None, packages_ignore_regex=None, packages_select=None, packages_select_build_failed=False, packages_select_by_dep=None, packages_select_regex=None, packages_select_test_failures=False, packages_skip=None, packages_skip_build_finished=False, packages_skip_by_dep=None, packages_skip_regex=None, packages_skip_test_passed=False, packages_skip_up_to=None, packages_start=None, packages_up_to=None, packages_up_to_regex=None, parallel_workers=8, paths=None, symlink_install=True, test_result_base=None, verb_extension=<colcon_core.verb.build.BuildVerb object at 0x7f42080b21d0>, verb_name='build', verb_parser=<colcon_defaults.argument_parser.defaults.DefaultArgumentsDecorator object at 0x7f4207e86860>)
[0.793s] Level 1:colcon.colcon_core.package_discovery:discover_packages(colcon_meta) check parameters
[0.793s] Level 1:colcon.colcon_core.package_discovery:discover_packages(recursive) check parameters
[0.794s] Level 1:colcon.colcon_core.package_discovery:discover_packages(ignore) check parameters
[0.794s] Level 1:colcon.colcon_core.package_discovery:discover_packages(path) check parameters
[0.794s] Level 1:colcon.colcon_core.package_discovery:discover_packages(colcon_meta) discover
[0.794s] Level 1:colcon.colcon_core.package_discovery:discover_packages(recursive) discover
[0.795s] INFO:colcon.colcon_core.package_discovery:Crawling recursively for packages in '/home/matheuswagner/repos/adaptive-cubesat-adcs/cubesat-simulation'
[0.795s] Level 1:colcon.colcon_core.package_identification:_identify(.) by extensions ['ignore', 'ignore_ament_install']
[0.795s] Level 1:colcon.colcon_core.package_identification:_identify(.) by extension 'ignore'
[0.795s] Level 1:colcon.colcon_core.package_identification:_identify(.) by extension 'ignore_ament_install'
[0.795s] Level 1:colcon.colcon_core.package_identification:_identify(.) by extensions ['colcon_pkg']
[0.795s] Level 1:colcon.colcon_core.package_identification:_identify(.) by extension 'colcon_pkg'
[0.795s] Level 1:colcon.colcon_core.package_identification:_identify(.) by extensions ['colcon_meta']
[0.795s] Level 1:colcon.colcon_core.package_identification:_identify(.) by extension 'colcon_meta'
[0.795s] Level 1:colcon.colcon_core.package_identification:_identify(.) by extensions ['ros']
[0.795s] Level 1:colcon.colcon_core.package_identification:_identify(.) by extension 'ros'
[0.874s] Level 1:colcon.colcon_core.package_identification:_identify(.) by extensions ['cmake', 'python']
[0.874s] Level 1:colcon.colcon_core.package_identification:_identify(.) by extension 'cmake'
[0.874s] Level 1:colcon.colcon_core.package_identification:_identify(.) by extension 'python'
[0.874s] Level 1:colcon.colcon_core.package_identification:_identify(.) by extensions ['python_setup_py']
[0.874s] Level 1:colcon.colcon_core.package_identification:_identify(.) by extension 'python_setup_py'
[0.874s] Level 1:colcon.colcon_core.package_identification:_identify(build) by extensions ['ignore', 'ignore_ament_install']
[0.875s] Level 1:colcon.colcon_core.package_identification:_identify(build) by extension 'ignore'
[0.875s] Level 1:colcon.colcon_core.package_identification:_identify(build) ignored
[0.875s] Level 1:colcon.colcon_core.package_identification:_identify(install) by extensions ['ignore', 'ignore_ament_install']
[0.875s] Level 1:colcon.colcon_core.package_identification:_identify(install) by extension 'ignore'
[0.875s] Level 1:colcon.colcon_core.package_identification:_identify(install) ignored
[0.875s] Level 1:colcon.colcon_core.package_identification:_identify(log) by extensions ['ignore', 'ignore_ament_install']
[0.876s] Level 1:colcon.colcon_core.package_identification:_identify(log) by extension 'ignore'
[0.876s] Level 1:colcon.colcon_core.package_identification:_identify(log) ignored
[0.876s] Level 1:colcon.colcon_core.package_identification:_identify(src) by extensions ['ignore', 'ignore_ament_install']
[0.876s] Level 1:colcon.colcon_core.package_identification:_identify(src) by extension 'ignore'
[0.876s] Level 1:colcon.colcon_core.package_identification:_identify(src) by extension 'ignore_ament_install'
[0.876s] Level 1:colcon.colcon_core.package_identification:_identify(src) by extensions ['colcon_pkg']
[0.876s] Level 1:colcon.colcon_core.package_identification:_identify(src) by extension 'colcon_pkg'
[0.876s] Level 1:colcon.colcon_core.package_identification:_identify(src) by extensions ['colcon_meta']
[0.876s] Level 1:colcon.colcon_core.package_identification:_identify(src) by extension 'colcon_meta'
[0.876s] Level 1:colcon.colcon_core.package_identification:_identify(src) by extensions ['ros']
[0.876s] Level 1:colcon.colcon_core.package_identification:_identify(src) by extension 'ros'
[0.876s] Level 1:colcon.colcon_core.package_identification:_identify(src) by extensions ['cmake', 'python']
[0.877s] Level 1:colcon.colcon_core.package_identification:_identify(src) by extension 'cmake'
[0.877s] Level 1:colcon.colcon_core.package_identification:_identify(src) by extension 'python'
[0.877s] Level 1:colcon.colcon_core.package_identification:_identify(src) by extensions ['python_setup_py']
[0.877s] Level 1:colcon.colcon_core.package_identification:_identify(src) by extension 'python_setup_py'
[0.877s] Level 1:colcon.colcon_core.package_identification:_identify(src/cubesat_controller) by extensions ['ignore', 'ignore_ament_install']
[0.877s] Level 1:colcon.colcon_core.package_identification:_identify(src/cubesat_controller) by extension 'ignore'
[0.877s] Level 1:colcon.colcon_core.package_identification:_identify(src/cubesat_controller) by extension 'ignore_ament_install'
[0.877s] Level 1:colcon.colcon_core.package_identification:_identify(src/cubesat_controller) by extensions ['colcon_pkg']
[0.877s] Level 1:colcon.colcon_core.package_identification:_identify(src/cubesat_controller) by extension 'colcon_pkg'
[0.877s] Level 1:colcon.colcon_core.package_identification:_identify(src/cubesat_controller) by extensions ['colcon_meta']
[0.877s] Level 1:colcon.colcon_core.package_identification:_identify(src/cubesat_controller) by extension 'colcon_meta'
[0.877s] Level 1:colcon.colcon_core.package_identification:_identify(src/cubesat_controller) by extensions ['ros']
[0.878s] Level 1:colcon.colcon_core.package_identification:_identify(src/cubesat_controller) by extension 'ros'
[0.881s] DEBUG:colcon.colcon_core.package_identification:Package 'src/cubesat_controller' with type 'ros.ament_cmake' and name 'cubesat_controller'
[0.882s] Level 1:colcon.colcon_core.package_identification:_identify(src/cubesat_description) by extensions ['ignore', 'ignore_ament_install']
[0.882s] Level 1:colcon.colcon_core.package_identification:_identify(src/cubesat_description) by extension 'ignore'
[0.882s] Level 1:colcon.colcon_core.package_identification:_identify(src/cubesat_description) by extension 'ignore_ament_install'
[0.882s] Level 1:colcon.colcon_core.package_identification:_identify(src/cubesat_description) by extensions ['colcon_pkg']
[0.882s] Level 1:colcon.colcon_core.package_identification:_identify(src/cubesat_description) by extension 'colcon_pkg'
[0.882s] Level 1:colcon.colcon_core.package_identification:_identify(src/cubesat_description) by extensions ['colcon_meta']
[0.882s] Level 1:colcon.colcon_core.package_identification:_identify(src/cubesat_description) by extension 'colcon_meta'
[0.882s] Level 1:colcon.colcon_core.package_identification:_identify(src/cubesat_description) by extensions ['ros']
[0.882s] Level 1:colcon.colcon_core.package_identification:_identify(src/cubesat_description) by extension 'ros'
[0.883s] DEBUG:colcon.colcon_core.package_identification:Package 'src/cubesat_description' with type 'ros.ament_python' and name 'cubesat_description'
[0.883s] Level 1:colcon.colcon_core.package_identification:_identify(src/cubesat_gazebo) by extensions ['ignore', 'ignore_ament_install']
[0.883s] Level 1:colcon.colcon_core.package_identification:_identify(src/cubesat_gazebo) by extension 'ignore'
[0.883s] Level 1:colcon.colcon_core.package_identification:_identify(src/cubesat_gazebo) by extension 'ignore_ament_install'
[0.883s] Level 1:colcon.colcon_core.package_identification:_identify(src/cubesat_gazebo) by extensions ['colcon_pkg']
[0.883s] Level 1:colcon.colcon_core.package_identification:_identify(src/cubesat_gazebo) by extension 'colcon_pkg'
[0.883s] Level 1:colcon.colcon_core.package_identification:_identify(src/cubesat_gazebo) by extensions ['colcon_meta']
[0.883s] Level 1:colcon.colcon_core.package_identification:_identify(src/cubesat_gazebo) by extension 'colcon_meta'
[0.884s] Level 1:colcon.colcon_core.package_identification:_identify(src/cubesat_gazebo) by extensions ['ros']
[0.884s] Level 1:colcon.colcon_core.package_identification:_identify(src/cubesat_gazebo) by extension 'ros'
[0.884s] DEBUG:colcon.colcon_core.package_identification:Package 'src/cubesat_gazebo' with type 'ros.ament_cmake' and name 'cubesat_gazebo'
[0.884s] Level 1:colcon.colcon_core.package_discovery:discover_packages(recursive) using defaults
[0.884s] Level 1:colcon.colcon_core.package_discovery:discover_packages(ignore) discover
[0.885s] Level 1:colcon.colcon_core.package_discovery:discover_packages(ignore) using defaults
[0.885s] Level 1:colcon.colcon_core.package_discovery:discover_packages(path) discover
[0.885s] Level 1:colcon.colcon_core.package_discovery:discover_packages(path) using defaults
[0.953s] Level 5:colcon.colcon_core.verb:set package 'cubesat_controller' build argument 'cmake_args' from command line to 'None'
[0.953s] Level 5:colcon.colcon_core.verb:set package 'cubesat_controller' build argument 'cmake_target' from command line to 'None'
[0.953s] Level 5:colcon.colcon_core.verb:set package 'cubesat_controller' build argument 'cmake_target_skip_unavailable' from command line to 'False'
[0.953s] Level 5:colcon.colcon_core.verb:set package 'cubesat_controller' build argument 'cmake_clean_cache' from command line to 'False'
[0.953s] Level 5:colcon.colcon_core.verb:set package 'cubesat_controller' build argument 'cmake_clean_first' from command line to 'False'
[0.953s] Level 5:colcon.colcon_core.verb:set package 'cubesat_controller' build argument 'cmake_force_configure' from command line to 'False'
[0.953s] Level 5:colcon.colcon_core.verb:set package 'cubesat_controller' build argument 'ament_cmake_args' from command line to 'None'
[0.953s] Level 5:colcon.colcon_core.verb:set package 'cubesat_controller' build argument 'catkin_cmake_args' from command line to 'None'
[0.953s] Level 5:colcon.colcon_core.verb:set package 'cubesat_controller' build argument 'catkin_skip_building_tests' from command line to 'False'
[0.953s] DEBUG:colcon.colcon_core.verb:Building package 'cubesat_controller' with the following arguments: {'ament_cmake_args': None, 'build_base': '/home/matheuswagner/repos/adaptive-cubesat-adcs/cubesat-simulation/build/cubesat_controller', 'catkin_cmake_args': None, 'catkin_skip_building_tests': False, 'cmake_args': None, 'cmake_clean_cache': False, 'cmake_clean_first': False, 'cmake_force_configure': False, 'cmake_target': None, 'cmake_target_skip_unavailable': False, 'install_base': '/home/matheuswagner/repos/adaptive-cubesat-adcs/cubesat-simulation/install/cubesat_controller', 'merge_install': False, 'path': '/home/matheuswagner/repos/adaptive-cubesat-adcs/cubesat-simulation/src/cubesat_controller', 'symlink_install': True, 'test_result_base': None}
[0.979s] Level 5:colcon.colcon_core.verb:set package 'cubesat_description' build argument 'cmake_args' from command line to 'None'
[0.979s] Level 5:colcon.colcon_core.verb:set package 'cubesat_description' build argument 'cmake_target' from command line to 'None'
[0.979s] Level 5:colcon.colcon_core.verb:set package 'cubesat_description' build argument 'cmake_target_skip_unavailable' from command line to 'False'
[0.979s] Level 5:colcon.colcon_core.verb:set package 'cubesat_description' build argument 'cmake_clean_cache' from command line to 'False'
[0.979s] Level 5:colcon.colcon_core.verb:set package 'cubesat_description' build argument 'cmake_clean_first' from command line to 'False'
[0.979s] Level 5:colcon.colcon_core.verb:set package 'cubesat_description' build argument 'cmake_force_configure' from command line to 'False'
[0.980s] Level 5:colcon.colcon_core.verb:set package 'cubesat_description' build argument 'ament_cmake_args' from command line to 'None'
[0.980s] Level 5:colcon.colcon_core.verb:set package 'cubesat_description' build argument 'catkin_cmake_args' from command line to 'None'
[0.980s] Level 5:colcon.colcon_core.verb:set package 'cubesat_description' build argument 'catkin_skip_building_tests' from command line to 'False'
[0.980s] DEBUG:colcon.colcon_core.verb:Building package 'cubesat_description' with the following arguments: {'ament_cmake_args': None, 'build_base': '/home/matheuswagner/repos/adaptive-cubesat-adcs/cubesat-simulation/build/cubesat_description', 'catkin_cmake_args': None, 'catkin_skip_building_tests': False, 'cmake_args': None, 'cmake_clean_cache': False, 'cmake_clean_first': False, 'cmake_force_configure': False, 'cmake_target': None, 'cmake_target_skip_unavailable': False, 'install_base': '/home/matheuswagner/repos/adaptive-cubesat-adcs/cubesat-simulation/install/cubesat_description', 'merge_install': False, 'path': '/home/matheuswagner/repos/adaptive-cubesat-adcs/cubesat-simulation/src/cubesat_description', 'symlink_install': True, 'test_result_base': None}
[0.995s] Level 5:colcon.colcon_core.verb:set package 'cubesat_gazebo' build argument 'cmake_args' from command line to 'None'
[0.995s] Level 5:colcon.colcon_core.verb:set package 'cubesat_gazebo' build argument 'cmake_target' from command line to 'None'
[0.995s] Level 5:colcon.colcon_core.verb:set package 'cubesat_gazebo' build argument 'cmake_target_skip_unavailable' from command line to 'False'
[0.995s] Level 5:colcon.colcon_core.verb:set package 'cubesat_gazebo' build argument 'cmake_clean_cache' from command line to 'False'
[0.995s] Level 5:colcon.colcon_core.verb:set package 'cubesat_gazebo' build argument 'cmake_clean_first' from command line to 'False'
[0.995s] Level 5:colcon.colcon_core.verb:set package 'cubesat_gazebo' build argument 'cmake_force_configure' from command line to 'False'
[0.995s] Level 5:colcon.colcon_core.verb:set package 'cubesat_gazebo' build argument 'ament_cmake_args' from command line to 'None'
[0.995s] Level 5:colcon.colcon_core.verb:set package 'cubesat_gazebo' build argument 'catkin_cmake_args' from command line to 'None'
[0.995s] Level 5:colcon.colcon_core.verb:set package 'cubesat_gazebo' build argument 'catkin_skip_building_tests' from command line to 'False'
[0.995s] DEBUG:colcon.colcon_core.verb:Building package 'cubesat_gazebo' with the following arguments: {'ament_cmake_args': None, 'build_base': '/home/matheuswagner/repos/adaptive-cubesat-adcs/cubesat-simulation/build/cubesat_gazebo', 'catkin_cmake_args': None, 'catkin_skip_building_tests': False, 'cmake_args': None, 'cmake_clean_cache': False, 'cmake_clean_first': False, 'cmake_force_configure': False, 'cmake_target': None, 'cmake_target_skip_unavailable': False, 'install_base': '/home/matheuswagner/repos/adaptive-cubesat-adcs/cubesat-simulation/install/cubesat_gazebo', 'merge_install': False, 'path': '/home/matheuswagner/repos/adaptive-cubesat-adcs/cubesat-simulation/src/cubesat_gazebo', 'symlink_install': True, 'test_result_base': None}
[1.026s] WARNING:colcon.colcon_core.verb:Some selected packages are already built in one or more underlay workspaces:
	'cubesat_controller' is in: /home/matheuswagner/repos/adaptive-cubesat-adcs/cubesat-simulation/install/cubesat_controller
	'cubesat_description' is in: /home/matheuswagner/repos/adaptive-cubesat-adcs/cubesat-simulation/install/cubesat_description
	'cubesat_gazebo' is in: /home/matheuswagner/repos/adaptive-cubesat-adcs/cubesat-simulation/install/cubesat_gazebo
If a package in a merged underlay workspace is overridden and it installs headers, then all packages in the overlay must sort their include directories by workspace order. Failure to do so may result in build failures or undefined behavior at run time.
If the overridden package is used by another package in any underlay, then the overriding package in the overlay must be API and ABI compatible or undefined behavior at run time may occur.

If you understand the risks and want to override a package anyways, add the following to the command line:
	--allow-overriding cubesat_controller cubesat_description cubesat_gazebo

This may be promoted to an error in a future release of colcon-core.
[1.031s] INFO:colcon.colcon_core.executor:Executing jobs using 'parallel' executor
[1.061s] DEBUG:colcon.colcon_parallel_executor.executor.parallel:run_until_complete
[1.062s] INFO:colcon.colcon_ros.task.ament_cmake.build:Building ROS package in '/home/matheuswagner/repos/adaptive-cubesat-adcs/cubesat-simulation/src/cubesat_controller' with build type 'ament_cmake'
[1.062s] INFO:colcon.colcon_cmake.task.cmake.build:Building CMake package in '/home/matheuswagner/repos/adaptive-cubesat-adcs/cubesat-simulation/src/cubesat_controller'
[1.082s] INFO:colcon.colcon_core.plugin_system:Skipping extension 'colcon_core.shell.bat': Not used on non-Windows systems
[1.083s] INFO:colcon.colcon_core.shell:Skip shell extension 'powershell' for command environment: Not usable outside of PowerShell
[1.083s] DEBUG:colcon.colcon_core.shell:Skip shell extension 'dsv' for command environment
[1.130s] INFO:colcon.colcon_ros.task.ament_python.build:Building ROS package in '/home/matheuswagner/repos/adaptive-cubesat-adcs/cubesat-simulation/src/cubesat_description' with build type 'ament_python'
[1.130s] Level 1:colcon.colcon_core.shell:create_environment_hook('cubesat_description', 'ament_prefix_path')
[1.142s] INFO:colcon.colcon_core.shell:Creating environment hook '/home/matheuswagner/repos/adaptive-cubesat-adcs/cubesat-simulation/install/cubesat_description/share/cubesat_description/hook/ament_prefix_path.ps1'
[1.143s] INFO:colcon.colcon_core.shell:Creating environment descriptor '/home/matheuswagner/repos/adaptive-cubesat-adcs/cubesat-simulation/install/cubesat_description/share/cubesat_description/hook/ament_prefix_path.dsv'
[1.144s] INFO:colcon.colcon_core.shell:Creating environment hook '/home/matheuswagner/repos/adaptive-cubesat-adcs/cubesat-simulation/install/cubesat_description/share/cubesat_description/hook/ament_prefix_path.sh'
[1.155s] INFO:colcon.colcon_core.shell:Skip shell extension 'powershell' for command environment: Not usable outside of PowerShell
[1.155s] DEBUG:colcon.colcon_core.shell:Skip shell extension 'dsv' for command environment
[1.197s] INFO:colcon.colcon_ros.task.ament_cmake.build:Building ROS package in '/home/matheuswagner/repos/adaptive-cubesat-adcs/cubesat-simulation/src/cubesat_gazebo' with build type 'ament_cmake'
[1.198s] INFO:colcon.colcon_cmake.task.cmake.build:Building CMake package in '/home/matheuswagner/repos/adaptive-cubesat-adcs/cubesat-simulation/src/cubesat_gazebo'
[1.214s] INFO:colcon.colcon_core.shell:Skip shell extension 'powershell' for command environment: Not usable outside of PowerShell
[1.214s] DEBUG:colcon.colcon_core.shell:Skip shell extension 'dsv' for command environment
[1.274s] DEBUG:colcon.colcon_core.event_handler.log_command:Invoking command in '/home/matheuswagner/repos/adaptive-cubesat-adcs/cubesat-simulation/build/cubesat_controller': CMAKE_PREFIX_PATH=${CMAKE_PREFIX_PATH}:/home/matheuswagner/repos/adaptive-cubesat-adcs/cubesat-simulation/install/cubesat_description:/opt/ros/dashing /usr/local/bin/cmake --build /home/matheuswagner/repos/adaptive-cubesat-adcs/cubesat-simulation/build/cubesat_controller -- -j8 -l8
[1.746s] INFO:colcon.colcon_core.task.python.build:Building Python package in '/home/matheuswagner/repos/adaptive-cubesat-adcs/cubesat-simulation/src/cubesat_description'
[1.767s] INFO:colcon.colcon_core.shell:Skip shell extension 'powershell' for command environment: Not usable outside of PowerShell
[1.767s] DEBUG:colcon.colcon_core.shell:Skip shell extension 'dsv' for command environment
[1.841s] DEBUG:colcon.colcon_core.event_handler.log_command:Invoking command in '/home/matheuswagner/repos/adaptive-cubesat-adcs/cubesat-simulation/build/cubesat_gazebo': CMAKE_PREFIX_PATH=${CMAKE_PREFIX_PATH}:/home/matheuswagner/repos/adaptive-cubesat-adcs/cubesat-simulation/install/cubesat_description:/opt/ros/dashing /usr/local/bin/cmake --build /home/matheuswagner/repos/adaptive-cubesat-adcs/cubesat-simulation/build/cubesat_gazebo -- -j8 -l8
[1.846s] DEBUG:colcon.colcon_core.event_handler.log_command:Invoked command in '/home/matheuswagner/repos/adaptive-cubesat-adcs/cubesat-simulation/build/cubesat_controller' returned '0': CMAKE_PREFIX_PATH=${CMAKE_PREFIX_PATH}:/home/matheuswagner/repos/adaptive-cubesat-adcs/cubesat-simulation/install/cubesat_description:/opt/ros/dashing /usr/local/bin/cmake --build /home/matheuswagner/repos/adaptive-cubesat-adcs/cubesat-simulation/build/cubesat_controller -- -j8 -l8
[1.888s] DEBUG:colcon.colcon_core.event_handler.log_command:Invoking command in '/home/matheuswagner/repos/adaptive-cubesat-adcs/cubesat-simulation/build/cubesat_controller': CMAKE_PREFIX_PATH=${CMAKE_PREFIX_PATH}:/home/matheuswagner/repos/adaptive-cubesat-adcs/cubesat-simulation/install/cubesat_description:/opt/ros/dashing /usr/local/bin/cmake --install /home/matheuswagner/repos/adaptive-cubesat-adcs/cubesat-simulation/build/cubesat_controller
[1.900s] Level 1:colcon.colcon_core.environment:create_environment_scripts_only(cubesat_controller)
[1.905s] DEBUG:colcon.colcon_core.event_handler.log_command:Invoked command in '/home/matheuswagner/repos/adaptive-cubesat-adcs/cubesat-simulation/build/cubesat_controller' returned '0': CMAKE_PREFIX_PATH=${CMAKE_PREFIX_PATH}:/home/matheuswagner/repos/adaptive-cubesat-adcs/cubesat-simulation/install/cubesat_description:/opt/ros/dashing /usr/local/bin/cmake --install /home/matheuswagner/repos/adaptive-cubesat-adcs/cubesat-simulation/build/cubesat_controller
[1.928s] Level 1:colcon.colcon_core.environment:checking '/home/matheuswagner/repos/adaptive-cubesat-adcs/cubesat-simulation/install/cubesat_controller' for CMake module files
[1.929s] Level 1:colcon.colcon_core.environment:checking '/home/matheuswagner/repos/adaptive-cubesat-adcs/cubesat-simulation/install/cubesat_controller' for CMake config files
[1.929s] Level 1:colcon.colcon_core.shell:create_environment_hook('cubesat_controller', 'cmake_prefix_path')
[1.948s] INFO:colcon.colcon_core.shell:Creating environment hook '/home/matheuswagner/repos/adaptive-cubesat-adcs/cubesat-simulation/install/cubesat_controller/share/cubesat_controller/hook/cmake_prefix_path.ps1'
[1.949s] INFO:colcon.colcon_core.shell:Creating environment descriptor '/home/matheuswagner/repos/adaptive-cubesat-adcs/cubesat-simulation/install/cubesat_controller/share/cubesat_controller/hook/cmake_prefix_path.dsv'
[1.949s] INFO:colcon.colcon_core.shell:Creating environment hook '/home/matheuswagner/repos/adaptive-cubesat-adcs/cubesat-simulation/install/cubesat_controller/share/cubesat_controller/hook/cmake_prefix_path.sh'
[1.951s] Level 1:colcon.colcon_core.environment:checking '/home/matheuswagner/repos/adaptive-cubesat-adcs/cubesat-simulation/install/cubesat_controller/lib'
[1.951s] Level 1:colcon.colcon_core.environment:checking '/home/matheuswagner/repos/adaptive-cubesat-adcs/cubesat-simulation/install/cubesat_controller/bin'
[1.951s] Level 1:colcon.colcon_core.environment:checking '/home/matheuswagner/repos/adaptive-cubesat-adcs/cubesat-simulation/install/cubesat_controller/lib/pkgconfig/cubesat_controller.pc'
[1.951s] Level 1:colcon.colcon_core.environment:checking '/home/matheuswagner/repos/adaptive-cubesat-adcs/cubesat-simulation/install/cubesat_controller/lib/python3.6/site-packages'
[1.971s] INFO:colcon.colcon_core.shell:Creating package script '/home/matheuswagner/repos/adaptive-cubesat-adcs/cubesat-simulation/install/cubesat_controller/share/cubesat_controller/package.ps1'
[1.972s] INFO:colcon.colcon_core.shell:Creating package descriptor '/home/matheuswagner/repos/adaptive-cubesat-adcs/cubesat-simulation/install/cubesat_controller/share/cubesat_controller/package.dsv'
[1.973s] INFO:colcon.colcon_core.shell:Creating package script '/home/matheuswagner/repos/adaptive-cubesat-adcs/cubesat-simulation/install/cubesat_controller/share/cubesat_controller/package.sh'
[1.975s] INFO:colcon.colcon_core.shell:Creating package script '/home/matheuswagner/repos/adaptive-cubesat-adcs/cubesat-simulation/install/cubesat_controller/share/cubesat_controller/package.bash'
[1.977s] INFO:colcon.colcon_core.shell:Creating package script '/home/matheuswagner/repos/adaptive-cubesat-adcs/cubesat-simulation/install/cubesat_controller/share/cubesat_controller/package.zsh'
[1.978s] Level 1:colcon.colcon_core.environment:create_file_with_runtime_dependencies(/home/matheuswagner/repos/adaptive-cubesat-adcs/cubesat-simulation/install/cubesat_controller/share/colcon-core/packages/cubesat_controller)
[1.984s] DEBUG:colcon.colcon_core.event_handler.log_command:Invoked command in '/home/matheuswagner/repos/adaptive-cubesat-adcs/cubesat-simulation/build/cubesat_gazebo' returned '0': CMAKE_PREFIX_PATH=${CMAKE_PREFIX_PATH}:/home/matheuswagner/repos/adaptive-cubesat-adcs/cubesat-simulation/install/cubesat_description:/opt/ros/dashing /usr/local/bin/cmake --build /home/matheuswagner/repos/adaptive-cubesat-adcs/cubesat-simulation/build/cubesat_gazebo -- -j8 -l8
[2.030s] Level 1:colcon.colcon_core.environment:create_environment_scripts_only(cubesat_controller)
[2.045s] Level 1:colcon.colcon_core.environment:checking '/home/matheuswagner/repos/adaptive-cubesat-adcs/cubesat-simulation/install/cubesat_controller' for CMake module files
[2.045s] Level 1:colcon.colcon_core.environment:checking '/home/matheuswagner/repos/adaptive-cubesat-adcs/cubesat-simulation/install/cubesat_controller' for CMake config files
[2.046s] Level 1:colcon.colcon_core.shell:create_environment_hook('cubesat_controller', 'cmake_prefix_path')
[2.060s] INFO:colcon.colcon_core.shell:Creating environment hook '/home/matheuswagner/repos/adaptive-cubesat-adcs/cubesat-simulation/install/cubesat_controller/share/cubesat_controller/hook/cmake_prefix_path.ps1'
[2.061s] INFO:colcon.colcon_core.shell:Creating environment descriptor '/home/matheuswagner/repos/adaptive-cubesat-adcs/cubesat-simulation/install/cubesat_controller/share/cubesat_controller/hook/cmake_prefix_path.dsv'
[2.062s] INFO:colcon.colcon_core.shell:Creating environment hook '/home/matheuswagner/repos/adaptive-cubesat-adcs/cubesat-simulation/install/cubesat_controller/share/cubesat_controller/hook/cmake_prefix_path.sh'
[2.063s] Level 1:colcon.colcon_core.environment:checking '/home/matheuswagner/repos/adaptive-cubesat-adcs/cubesat-simulation/install/cubesat_controller/lib'
[2.064s] Level 1:colcon.colcon_core.environment:checking '/home/matheuswagner/repos/adaptive-cubesat-adcs/cubesat-simulation/install/cubesat_controller/bin'
[2.064s] Level 1:colcon.colcon_core.environment:checking '/home/matheuswagner/repos/adaptive-cubesat-adcs/cubesat-simulation/install/cubesat_controller/lib/pkgconfig/cubesat_controller.pc'
[2.064s] Level 1:colcon.colcon_core.environment:checking '/home/matheuswagner/repos/adaptive-cubesat-adcs/cubesat-simulation/install/cubesat_controller/lib/python3.6/site-packages'
[2.078s] INFO:colcon.colcon_core.shell:Creating package script '/home/matheuswagner/repos/adaptive-cubesat-adcs/cubesat-simulation/install/cubesat_controller/share/cubesat_controller/package.ps1'
[2.079s] INFO:colcon.colcon_core.shell:Creating package descriptor '/home/matheuswagner/repos/adaptive-cubesat-adcs/cubesat-simulation/install/cubesat_controller/share/cubesat_controller/package.dsv'
[2.080s] INFO:colcon.colcon_core.shell:Creating package script '/home/matheuswagner/repos/adaptive-cubesat-adcs/cubesat-simulation/install/cubesat_controller/share/cubesat_controller/package.sh'
[2.081s] INFO:colcon.colcon_core.shell:Creating package script '/home/matheuswagner/repos/adaptive-cubesat-adcs/cubesat-simulation/install/cubesat_controller/share/cubesat_controller/package.bash'
[2.081s] INFO:colcon.colcon_core.shell:Creating package script '/home/matheuswagner/repos/adaptive-cubesat-adcs/cubesat-simulation/install/cubesat_controller/share/cubesat_controller/package.zsh'
[2.082s] Level 1:colcon.colcon_core.environment:create_file_with_runtime_dependencies(/home/matheuswagner/repos/adaptive-cubesat-adcs/cubesat-simulation/install/cubesat_controller/share/colcon-core/packages/cubesat_controller)
[2.087s] DEBUG:colcon.colcon_core.event_handler.log_command:Invoking command in '/home/matheuswagner/repos/adaptive-cubesat-adcs/cubesat-simulation/build/cubesat_gazebo': CMAKE_PREFIX_PATH=${CMAKE_PREFIX_PATH}:/home/matheuswagner/repos/adaptive-cubesat-adcs/cubesat-simulation/install/cubesat_description:/opt/ros/dashing /usr/local/bin/cmake --install /home/matheuswagner/repos/adaptive-cubesat-adcs/cubesat-simulation/build/cubesat_gazebo
[2.100s] Level 1:colcon.colcon_core.environment:create_environment_scripts_only(cubesat_gazebo)
[2.116s] DEBUG:colcon.colcon_core.event_handler.log_command:Invoked command in '/home/matheuswagner/repos/adaptive-cubesat-adcs/cubesat-simulation/build/cubesat_gazebo' returned '0': CMAKE_PREFIX_PATH=${CMAKE_PREFIX_PATH}:/home/matheuswagner/repos/adaptive-cubesat-adcs/cubesat-simulation/install/cubesat_description:/opt/ros/dashing /usr/local/bin/cmake --install /home/matheuswagner/repos/adaptive-cubesat-adcs/cubesat-simulation/build/cubesat_gazebo
[2.121s] Level 1:colcon.colcon_core.environment:checking '/home/matheuswagner/repos/adaptive-cubesat-adcs/cubesat-simulation/install/cubesat_gazebo' for CMake module files
[2.122s] Level 1:colcon.colcon_core.environment:checking '/home/matheuswagner/repos/adaptive-cubesat-adcs/cubesat-simulation/install/cubesat_gazebo' for CMake config files
[2.123s] Level 1:colcon.colcon_core.shell:create_environment_hook('cubesat_gazebo', 'cmake_prefix_path')
[2.139s] INFO:colcon.colcon_core.shell:Creating environment hook '/home/matheuswagner/repos/adaptive-cubesat-adcs/cubesat-simulation/install/cubesat_gazebo/share/cubesat_gazebo/hook/cmake_prefix_path.ps1'
[2.140s] INFO:colcon.colcon_core.shell:Creating environment descriptor '/home/matheuswagner/repos/adaptive-cubesat-adcs/cubesat-simulation/install/cubesat_gazebo/share/cubesat_gazebo/hook/cmake_prefix_path.dsv'
[2.140s] INFO:colcon.colcon_core.shell:Creating environment hook '/home/matheuswagner/repos/adaptive-cubesat-adcs/cubesat-simulation/install/cubesat_gazebo/share/cubesat_gazebo/hook/cmake_prefix_path.sh'
[2.141s] Level 1:colcon.colcon_core.environment:checking '/home/matheuswagner/repos/adaptive-cubesat-adcs/cubesat-simulation/install/cubesat_gazebo/bin'
[2.141s] Level 1:colcon.colcon_core.environment:checking '/home/matheuswagner/repos/adaptive-cubesat-adcs/cubesat-simulation/install/cubesat_gazebo/lib/pkgconfig/cubesat_gazebo.pc'
[2.141s] Level 1:colcon.colcon_core.environment:checking '/home/matheuswagner/repos/adaptive-cubesat-adcs/cubesat-simulation/install/cubesat_gazebo/lib/python3.6/site-packages'
[2.155s] INFO:colcon.colcon_core.shell:Creating package script '/home/matheuswagner/repos/adaptive-cubesat-adcs/cubesat-simulation/install/cubesat_gazebo/share/cubesat_gazebo/package.ps1'
[2.156s] INFO:colcon.colcon_core.shell:Creating package descriptor '/home/matheuswagner/repos/adaptive-cubesat-adcs/cubesat-simulation/install/cubesat_gazebo/share/cubesat_gazebo/package.dsv'
[2.157s] INFO:colcon.colcon_core.shell:Creating package script '/home/matheuswagner/repos/adaptive-cubesat-adcs/cubesat-simulation/install/cubesat_gazebo/share/cubesat_gazebo/package.sh'
[2.158s] INFO:colcon.colcon_core.shell:Creating package script '/home/matheuswagner/repos/adaptive-cubesat-adcs/cubesat-simulation/install/cubesat_gazebo/share/cubesat_gazebo/package.bash'
[2.158s] INFO:colcon.colcon_core.shell:Creating package script '/home/matheuswagner/repos/adaptive-cubesat-adcs/cubesat-simulation/install/cubesat_gazebo/share/cubesat_gazebo/package.zsh'
[2.159s] Level 1:colcon.colcon_core.environment:create_file_with_runtime_dependencies(/home/matheuswagner/repos/adaptive-cubesat-adcs/cubesat-simulation/install/cubesat_gazebo/share/colcon-core/packages/cubesat_gazebo)
[2.212s] Level 1:colcon.colcon_core.environment:create_environment_scripts_only(cubesat_gazebo)
[2.229s] Level 1:colcon.colcon_core.environment:checking '/home/matheuswagner/repos/adaptive-cubesat-adcs/cubesat-simulation/install/cubesat_gazebo' for CMake module files
[2.230s] Level 1:colcon.colcon_core.environment:checking '/home/matheuswagner/repos/adaptive-cubesat-adcs/cubesat-simulation/install/cubesat_gazebo' for CMake config files
[2.230s] Level 1:colcon.colcon_core.shell:create_environment_hook('cubesat_gazebo', 'cmake_prefix_path')
[2.245s] INFO:colcon.colcon_core.shell:Creating environment hook '/home/matheuswagner/repos/adaptive-cubesat-adcs/cubesat-simulation/install/cubesat_gazebo/share/cubesat_gazebo/hook/cmake_prefix_path.ps1'
[2.246s] INFO:colcon.colcon_core.shell:Creating environment descriptor '/home/matheuswagner/repos/adaptive-cubesat-adcs/cubesat-simulation/install/cubesat_gazebo/share/cubesat_gazebo/hook/cmake_prefix_path.dsv'
[2.246s] INFO:colcon.colcon_core.shell:Creating environment hook '/home/matheuswagner/repos/adaptive-cubesat-adcs/cubesat-simulation/install/cubesat_gazebo/share/cubesat_gazebo/hook/cmake_prefix_path.sh'
[2.247s] Level 1:colcon.colcon_core.environment:checking '/home/matheuswagner/repos/adaptive-cubesat-adcs/cubesat-simulation/install/cubesat_gazebo/bin'
[2.247s] Level 1:colcon.colcon_core.environment:checking '/home/matheuswagner/repos/adaptive-cubesat-adcs/cubesat-simulation/install/cubesat_gazebo/lib/pkgconfig/cubesat_gazebo.pc'
[2.247s] Level 1:colcon.colcon_core.environment:checking '/home/matheuswagner/repos/adaptive-cubesat-adcs/cubesat-simulation/install/cubesat_gazebo/lib/python3.6/site-packages'
[2.258s] INFO:colcon.colcon_core.shell:Creating package script '/home/matheuswagner/repos/adaptive-cubesat-adcs/cubesat-simulation/install/cubesat_gazebo/share/cubesat_gazebo/package.ps1'
[2.259s] INFO:colcon.colcon_core.shell:Creating package descriptor '/home/matheuswagner/repos/adaptive-cubesat-adcs/cubesat-simulation/install/cubesat_gazebo/share/cubesat_gazebo/package.dsv'
[2.259s] INFO:colcon.colcon_core.shell:Creating package script '/home/matheuswagner/repos/adaptive-cubesat-adcs/cubesat-simulation/install/cubesat_gazebo/share/cubesat_gazebo/package.sh'
[2.260s] INFO:colcon.colcon_core.shell:Creating package script '/home/matheuswagner/repos/adaptive-cubesat-adcs/cubesat-simulation/install/cubesat_gazebo/share/cubesat_gazebo/package.bash'
[2.260s] INFO:colcon.colcon_core.shell:Creating package script '/home/matheuswagner/repos/adaptive-cubesat-adcs/cubesat-simulation/install/cubesat_gazebo/share/cubesat_gazebo/package.zsh'
[2.261s] Level 1:colcon.colcon_core.environment:create_file_with_runtime_dependencies(/home/matheuswagner/repos/adaptive-cubesat-adcs/cubesat-simulation/install/cubesat_gazebo/share/colcon-core/packages/cubesat_gazebo)
[2.389s] DEBUG:colcon.colcon_core.event_handler.log_command:Invoking command in '/home/matheuswagner/repos/adaptive-cubesat-adcs/cubesat-simulation/build/cubesat_description': PYTHONPATH=/home/matheuswagner/repos/adaptive-cubesat-adcs/cubesat-simulation/install/cubesat_description/lib/python3.6/site-packages:${PYTHONPATH} /usr/bin/python3 setup.py develop --prefix /home/matheuswagner/repos/adaptive-cubesat-adcs/cubesat-simulation/install/cubesat_description --editable --build-directory /home/matheuswagner/repos/adaptive-cubesat-adcs/cubesat-simulation/build/cubesat_description/build --no-deps install_data --install-dir /home/matheuswagner/repos/adaptive-cubesat-adcs/cubesat-simulation/install/cubesat_description
[2.925s] Level 1:colcon.colcon_core.shell:create_environment_hook('cubesat_description', 'pythonpath_develop')
[2.931s] DEBUG:colcon.colcon_core.event_handler.log_command:Invoked command in '/home/matheuswagner/repos/adaptive-cubesat-adcs/cubesat-simulation/build/cubesat_description' returned '0': PYTHONPATH=/home/matheuswagner/repos/adaptive-cubesat-adcs/cubesat-simulation/install/cubesat_description/lib/python3.6/site-packages:${PYTHONPATH} /usr/bin/python3 setup.py develop --prefix /home/matheuswagner/repos/adaptive-cubesat-adcs/cubesat-simulation/install/cubesat_description --editable --build-directory /home/matheuswagner/repos/adaptive-cubesat-adcs/cubesat-simulation/build/cubesat_description/build --no-deps install_data --install-dir /home/matheuswagner/repos/adaptive-cubesat-adcs/cubesat-simulation/install/cubesat_description
[2.938s] INFO:colcon.colcon_core.shell:Creating environment hook '/home/matheuswagner/repos/adaptive-cubesat-adcs/cubesat-simulation/build/cubesat_description/share/cubesat_description/hook/pythonpath_develop.ps1'
[2.939s] INFO:colcon.colcon_core.shell:Creating environment descriptor '/home/matheuswagner/repos/adaptive-cubesat-adcs/cubesat-simulation/build/cubesat_description/share/cubesat_description/hook/pythonpath_develop.dsv'
[2.939s] INFO:colcon.colcon_core.shell:Creating environment hook '/home/matheuswagner/repos/adaptive-cubesat-adcs/cubesat-simulation/build/cubesat_description/share/cubesat_description/hook/pythonpath_develop.sh'
[2.950s] Level 1:colcon.colcon_core.environment:checking '/home/matheuswagner/repos/adaptive-cubesat-adcs/cubesat-simulation/install/cubesat_description' for CMake module files
[2.951s] Level 1:colcon.colcon_core.environment:checking '/home/matheuswagner/repos/adaptive-cubesat-adcs/cubesat-simulation/install/cubesat_description' for CMake config files
[2.952s] Level 1:colcon.colcon_core.environment:checking '/home/matheuswagner/repos/adaptive-cubesat-adcs/cubesat-simulation/install/cubesat_description/lib'
[2.952s] Level 1:colcon.colcon_core.environment:checking '/home/matheuswagner/repos/adaptive-cubesat-adcs/cubesat-simulation/install/cubesat_description/bin'
[2.952s] Level 1:colcon.colcon_core.environment:checking '/home/matheuswagner/repos/adaptive-cubesat-adcs/cubesat-simulation/install/cubesat_description/lib/pkgconfig/cubesat_description.pc'
[2.952s] Level 1:colcon.colcon_core.environment:checking '/home/matheuswagner/repos/adaptive-cubesat-adcs/cubesat-simulation/install/cubesat_description/lib/python3.6/site-packages'
[2.952s] Level 1:colcon.colcon_core.shell:create_environment_hook('cubesat_description', 'pythonpath')
[2.962s] INFO:colcon.colcon_core.shell:Creating environment hook '/home/matheuswagner/repos/adaptive-cubesat-adcs/cubesat-simulation/install/cubesat_description/share/cubesat_description/hook/pythonpath.ps1'
[2.962s] INFO:colcon.colcon_core.shell:Creating environment descriptor '/home/matheuswagner/repos/adaptive-cubesat-adcs/cubesat-simulation/install/cubesat_description/share/cubesat_description/hook/pythonpath.dsv'
[2.962s] INFO:colcon.colcon_core.shell:Creating environment hook '/home/matheuswagner/repos/adaptive-cubesat-adcs/cubesat-simulation/install/cubesat_description/share/cubesat_description/hook/pythonpath.sh'
[2.962s] Level 1:colcon.colcon_core.environment:create_environment_scripts_only(cubesat_description)
[2.971s] INFO:colcon.colcon_core.shell:Creating package script '/home/matheuswagner/repos/adaptive-cubesat-adcs/cubesat-simulation/install/cubesat_description/share/cubesat_description/package.ps1'
[2.972s] INFO:colcon.colcon_core.shell:Creating package descriptor '/home/matheuswagner/repos/adaptive-cubesat-adcs/cubesat-simulation/install/cubesat_description/share/cubesat_description/package.dsv'
[2.972s] INFO:colcon.colcon_core.shell:Creating package script '/home/matheuswagner/repos/adaptive-cubesat-adcs/cubesat-simulation/install/cubesat_description/share/cubesat_description/package.sh'
[2.973s] INFO:colcon.colcon_core.shell:Creating package script '/home/matheuswagner/repos/adaptive-cubesat-adcs/cubesat-simulation/install/cubesat_description/share/cubesat_description/package.bash'
[2.973s] INFO:colcon.colcon_core.shell:Creating package script '/home/matheuswagner/repos/adaptive-cubesat-adcs/cubesat-simulation/install/cubesat_description/share/cubesat_description/package.zsh'
[2.973s] Level 1:colcon.colcon_core.environment:create_file_with_runtime_dependencies(/home/matheuswagner/repos/adaptive-cubesat-adcs/cubesat-simulation/install/cubesat_description/share/colcon-core/packages/cubesat_description)
[2.973s] DEBUG:colcon.colcon_parallel_executor.executor.parallel:closing loop
[2.974s] DEBUG:colcon.colcon_parallel_executor.executor.parallel:loop closed
[2.974s] DEBUG:colcon.colcon_parallel_executor.executor.parallel:run_until_complete finished with '0'
[2.975s] DEBUG:colcon.colcon_core.event_reactor:joining thread
[2.990s] INFO:colcon.colcon_core.plugin_system:Skipping extension 'colcon_notification.desktop_notification.terminal_notifier': Not used on non-Darwin systems
[2.990s] INFO:colcon.colcon_core.plugin_system:Skipping extension 'colcon_notification.desktop_notification.win32': Not used on non-Windows systems
[2.990s] INFO:colcon.colcon_notification.desktop_notification:Sending desktop notification using 'notify2'
[2.993s] DEBUG:colcon.colcon_core.event_reactor:joined thread
[3.004s] INFO:colcon.colcon_core.shell:Creating prefix script '/home/matheuswagner/repos/adaptive-cubesat-adcs/cubesat-simulation/install/local_setup.ps1'
[3.006s] INFO:colcon.colcon_core.shell:Creating prefix util module '/home/matheuswagner/repos/adaptive-cubesat-adcs/cubesat-simulation/install/_local_setup_util_ps1.py'
[3.009s] INFO:colcon.colcon_core.shell:Creating prefix chain script '/home/matheuswagner/repos/adaptive-cubesat-adcs/cubesat-simulation/install/setup.ps1'
[3.022s] INFO:colcon.colcon_core.shell:Creating prefix script '/home/matheuswagner/repos/adaptive-cubesat-adcs/cubesat-simulation/install/local_setup.sh'
[3.023s] INFO:colcon.colcon_core.shell:Creating prefix util module '/home/matheuswagner/repos/adaptive-cubesat-adcs/cubesat-simulation/install/_local_setup_util_sh.py'
[3.024s] INFO:colcon.colcon_core.shell:Creating prefix chain script '/home/matheuswagner/repos/adaptive-cubesat-adcs/cubesat-simulation/install/setup.sh'
[3.032s] INFO:colcon.colcon_core.shell:Creating prefix script '/home/matheuswagner/repos/adaptive-cubesat-adcs/cubesat-simulation/install/local_setup.bash'
[3.033s] INFO:colcon.colcon_core.shell:Creating prefix chain script '/home/matheuswagner/repos/adaptive-cubesat-adcs/cubesat-simulation/install/setup.bash'
[3.041s] INFO:colcon.colcon_core.shell:Creating prefix script '/home/matheuswagner/repos/adaptive-cubesat-adcs/cubesat-simulation/install/local_setup.zsh'
[3.042s] INFO:colcon.colcon_core.shell:Creating prefix chain script '/home/matheuswagner/repos/adaptive-cubesat-adcs/cubesat-simulation/install/setup.zsh'
