[35m[1mScanning dependencies of target concept[0m
[ 50%] [32mBuilding CXX object CMakeFiles/concept.dir/src/concept.cpp.o[0m
In file included from [01m[K/home/matheuswagner/repos/adaptive-cubesat-adcs/cubesat-simulation/src/concept/src/../include/smartdata.h:5:0[m[K,
                 from [01m[K/home/matheuswagner/repos/adaptive-cubesat-adcs/cubesat-simulation/src/concept/src/../include/local_smartdata.h:4[m[K,
                 from [01m[K/home/matheuswagner/repos/adaptive-cubesat-adcs/cubesat-simulation/src/concept/src/concept.cpp:1[m[K:
[01m[K/home/matheuswagner/repos/adaptive-cubesat-adcs/cubesat-simulation/src/concept/src/../include/observer.h:[m[K In member function ‘[01m[Kvirtual void Observer::notify(int)[m[K’:
[01m[K/home/matheuswagner/repos/adaptive-cubesat-adcs/cubesat-simulation/src/concept/src/../include/observer.h:8:33:[m[K [01;35m[Kwarning: [m[Kunused parameter ‘[01m[Kid[m[K’ [[01;35m[K-Wunused-parameter[m[K]
         virtual void notify(int [01;35m[Kid[m[K){};
                                 [01;35m[K^~[m[K
In file included from [01m[K/home/matheuswagner/repos/adaptive-cubesat-adcs/cubesat-simulation/src/concept/src/../include/local_smartdata.h:4:0[m[K,
                 from [01m[K/home/matheuswagner/repos/adaptive-cubesat-adcs/cubesat-simulation/src/concept/src/concept.cpp:1[m[K:
/home/matheuswagner/repos/adaptive-cubesat-adcs/cubesat-simulation/src/concept/src/../include/smartdata.h: In instantiation of ‘[01m[Kvoid SmartData::setValue(Value) [with Value = float][m[K’:
[01m[K/home/matheuswagner/repos/adaptive-cubesat-adcs/cubesat-simulation/src/concept/src/../include/plugin_amperimeter.h:48:50:[m[K   required from here
[01m[K/home/matheuswagner/repos/adaptive-cubesat-adcs/cubesat-simulation/src/concept/src/../include/smartdata.h:41:29:[m[K [01;35m[Kwarning: [m[Kunused parameter ‘[01m[Kvalue[m[K’ [[01;35m[K-Wunused-parameter[m[K]
         void setValue(Value [01;35m[Kvalue[m[K){}
                             [01;35m[K^~~~~[m[K
/home/matheuswagner/repos/adaptive-cubesat-adcs/cubesat-simulation/src/concept/src/../include/smartdata.h: In instantiation of ‘[01m[KValue SmartData::value() [with Value = float][m[K’:
[01m[K/home/matheuswagner/repos/adaptive-cubesat-adcs/cubesat-simulation/src/concept/src/../include/plugin_amperimeter.h:49:13:[m[K   required from here
[01m[K/home/matheuswagner/repos/adaptive-cubesat-adcs/cubesat-simulation/src/concept/src/../include/smartdata.h:35:23:[m[K [01;35m[Kwarning: [m[Kno return statement in function returning non-void [[01;35m[K-Wreturn-type[m[K]
         Value value(){[01;35m[K}[m[K
                       [01;35m[K^[m[K
/home/matheuswagner/repos/adaptive-cubesat-adcs/cubesat-simulation/src/concept/src/../include/smartdata.h: In instantiation of ‘[01m[KValue SmartData::update() [with Value = float][m[K’:
[01m[K/home/matheuswagner/repos/adaptive-cubesat-adcs/cubesat-simulation/src/concept/src/../include/plugin_amperimeter.h:50:44:[m[K   required from here
[01m[K/home/matheuswagner/repos/adaptive-cubesat-adcs/cubesat-simulation/src/concept/src/../include/smartdata.h:38:24:[m[K [01;35m[Kwarning: [m[Kno return statement in function returning non-void [[01;35m[K-Wreturn-type[m[K]
         Value update(){[01;35m[K}[m[K
                        [01;35m[K^[m[K
In file included from [01m[K/home/matheuswagner/ros2_dashing/ros2-linux/include/rclcpp/service.hpp:33:0[m[K,
                 from [01m[K/home/matheuswagner/ros2_dashing/ros2-linux/include/rclcpp/callback_group.hpp:25[m[K,
                 from [01m[K/home/matheuswagner/ros2_dashing/ros2-linux/include/rclcpp/any_executable.hpp:20[m[K,
                 from [01m[K/home/matheuswagner/ros2_dashing/ros2-linux/include/rclcpp/memory_strategy.hpp:24[m[K,
                 from [01m[K/home/matheuswagner/ros2_dashing/ros2-linux/include/rclcpp/memory_strategies.hpp:18[m[K,
                 from [01m[K/home/matheuswagner/ros2_dashing/ros2-linux/include/rclcpp/executor.hpp:33[m[K,
                 from [01m[K/home/matheuswagner/ros2_dashing/ros2-linux/include/rclcpp/executors/multi_threaded_executor.hpp:24[m[K,
                 from [01m[K/home/matheuswagner/ros2_dashing/ros2-linux/include/rclcpp/executors.hpp:21[m[K,
                 from [01m[K/home/matheuswagner/ros2_dashing/ros2-linux/include/rclcpp/rclcpp.hpp:144[m[K,
                 from [01m[K/home/matheuswagner/repos/adaptive-cubesat-adcs/cubesat-simulation/src/concept/src/../include/local_smartdata.h:7[m[K,
                 from [01m[K/home/matheuswagner/repos/adaptive-cubesat-adcs/cubesat-simulation/src/concept/src/concept.cpp:1[m[K:
/home/matheuswagner/repos/adaptive-cubesat-adcs/cubesat-simulation/src/concept/src/../include/controller_smartdata.h: In instantiation of ‘[01m[Kvoid ControllerSmartData<Controller, SDIN, SDOUT>::notify(int) [with Controller = ProportionalController<LocalSmartData<float, PluginAmperimeter>, LocalSmartData<float, PluginMotorDriver> >; SDIN = LocalSmartData<float, PluginAmperimeter>; SDOUT = LocalSmartData<float, PluginMotorDriver>][m[K’:
[01m[K/home/matheuswagner/repos/adaptive-cubesat-adcs/cubesat-simulation/src/concept/src/concept.cpp:47:1:[m[K   required from here
[01m[K/home/matheuswagner/repos/adaptive-cubesat-adcs/cubesat-simulation/src/concept/src/../include/controller_smartdata.h:70:55:[m[K [01;31m[Kerror: [m[K‘[01m[Kstd::shared_ptr<PluginAmperimeter> LocalSmartData<float, PluginAmperimeter>::transducer[m[K’ is private within this context
             RCLCPP_INFO(this->inputSmartData.front()->transducer->get_logger(), "I'm being notified");
[01m[K/home/matheuswagner/ros2_dashing/ros2-linux/include/rclcpp/logging.hpp:215:86:[m[K [01;36m[Knote: [m[Kin definition of macro ‘[01m[KRCLCPP_INFO[m[K’
       ::std::is_same<typename std::remove_reference<typename std::remove_cv<decltype([01;36m[Klogger[m[K)>::type>::type, \
                                                                                      [01;36m[K^~~~~~[m[K
In file included from [01m[K/home/matheuswagner/repos/adaptive-cubesat-adcs/cubesat-simulation/src/concept/src/concept.cpp:1:0[m[K:
[01m[K/home/matheuswagner/repos/adaptive-cubesat-adcs/cubesat-simulation/src/concept/src/../include/local_smartdata.h:32:37:[m[K [01;36m[Knote: [m[Kdeclared private here
         std::shared_ptr<Transducer> [01;36m[Ktransducer[m[K;
                                     [01;36m[K^~~~~~~~~~[m[K
In file included from [01m[K/home/matheuswagner/ros2_dashing/ros2-linux/include/rclcpp/client.hpp:39:0[m[K,
                 from [01m[K/home/matheuswagner/ros2_dashing/ros2-linux/include/rclcpp/callback_group.hpp:23[m[K,
                 from [01m[K/home/matheuswagner/ros2_dashing/ros2-linux/include/rclcpp/any_executable.hpp:20[m[K,
                 from [01m[K/home/matheuswagner/ros2_dashing/ros2-linux/include/rclcpp/memory_strategy.hpp:24[m[K,
                 from [01m[K/home/matheuswagner/ros2_dashing/ros2-linux/include/rclcpp/memory_strategies.hpp:18[m[K,
                 from [01m[K/home/matheuswagner/ros2_dashing/ros2-linux/include/rclcpp/executor.hpp:33[m[K,
                 from [01m[K/home/matheuswagner/ros2_dashing/ros2-linux/include/rclcpp/executors/multi_threaded_executor.hpp:24[m[K,
                 from [01m[K/home/matheuswagner/ros2_dashing/ros2-linux/include/rclcpp/executors.hpp:21[m[K,
                 from [01m[K/home/matheuswagner/ros2_dashing/ros2-linux/include/rclcpp/rclcpp.hpp:144[m[K,
                 from [01m[K/home/matheuswagner/repos/adaptive-cubesat-adcs/cubesat-simulation/src/concept/src/../include/local_smartdata.h:7[m[K,
                 from [01m[K/home/matheuswagner/repos/adaptive-cubesat-adcs/cubesat-simulation/src/concept/src/concept.cpp:1[m[K:
[01m[K/home/matheuswagner/repos/adaptive-cubesat-adcs/cubesat-simulation/src/concept/src/../include/controller_smartdata.h:70:55:[m[K [01;31m[Kerror: [m[K‘[01m[Kstd::shared_ptr<PluginAmperimeter> LocalSmartData<float, PluginAmperimeter>::transducer[m[K’ is private within this context
             RCLCPP_INFO(this->inputSmartData.front()->transducer->get_logger(), "I'm being notified");
[01m[K/home/matheuswagner/ros2_dashing/ros2-linux/include/rcutils/logging_macros.h:500:3:[m[K [01;36m[Knote: [m[Kin expansion of macro ‘[01m[KRCUTILS_LOG_COND_NAMED[m[K’
   [01;36m[KRCUTILS_LOG_COND_NAMED[m[K( \
   [01;36m[K^~~~~~~~~~~~~~~~~~~~~~[m[K
[01m[K/home/matheuswagner/ros2_dashing/ros2-linux/include/rclcpp/logging.hpp:218:5:[m[K [01;36m[Knote: [m[Kin expansion of macro ‘[01m[KRCUTILS_LOG_INFO_NAMED[m[K’
     [01;36m[KRCUTILS_LOG_INFO_NAMED[m[K( \
     [01;36m[K^~~~~~~~~~~~~~~~~~~~~~[m[K
[01m[K/home/matheuswagner/repos/adaptive-cubesat-adcs/cubesat-simulation/src/concept/src/../include/controller_smartdata.h:70:13:[m[K [01;36m[Knote: [m[Kin expansion of macro ‘[01m[KRCLCPP_INFO[m[K’
             [01;36m[KRCLCPP_INFO[m[K(this->inputSmartData.front()->transducer->get_logger(), "I'm being notified");
             [01;36m[K^~~~~~~~~~~[m[K
In file included from [01m[K/home/matheuswagner/repos/adaptive-cubesat-adcs/cubesat-simulation/src/concept/src/concept.cpp:1:0[m[K:
[01m[K/home/matheuswagner/repos/adaptive-cubesat-adcs/cubesat-simulation/src/concept/src/../include/local_smartdata.h:32:37:[m[K [01;36m[Knote: [m[Kdeclared private here
         std::shared_ptr<Transducer> [01;36m[Ktransducer[m[K;
                                     [01;36m[K^~~~~~~~~~[m[K
In file included from [01m[K/home/matheuswagner/ros2_dashing/ros2-linux/include/rclcpp/client.hpp:39:0[m[K,
                 from [01m[K/home/matheuswagner/ros2_dashing/ros2-linux/include/rclcpp/callback_group.hpp:23[m[K,
                 from [01m[K/home/matheuswagner/ros2_dashing/ros2-linux/include/rclcpp/any_executable.hpp:20[m[K,
                 from [01m[K/home/matheuswagner/ros2_dashing/ros2-linux/include/rclcpp/memory_strategy.hpp:24[m[K,
                 from [01m[K/home/matheuswagner/ros2_dashing/ros2-linux/include/rclcpp/memory_strategies.hpp:18[m[K,
                 from [01m[K/home/matheuswagner/ros2_dashing/ros2-linux/include/rclcpp/executor.hpp:33[m[K,
                 from [01m[K/home/matheuswagner/ros2_dashing/ros2-linux/include/rclcpp/executors/multi_threaded_executor.hpp:24[m[K,
                 from [01m[K/home/matheuswagner/ros2_dashing/ros2-linux/include/rclcpp/executors.hpp:21[m[K,
                 from [01m[K/home/matheuswagner/ros2_dashing/ros2-linux/include/rclcpp/rclcpp.hpp:144[m[K,
                 from [01m[K/home/matheuswagner/repos/adaptive-cubesat-adcs/cubesat-simulation/src/concept/src/../include/local_smartdata.h:7[m[K,
                 from [01m[K/home/matheuswagner/repos/adaptive-cubesat-adcs/cubesat-simulation/src/concept/src/concept.cpp:1[m[K:
[01m[K/home/matheuswagner/repos/adaptive-cubesat-adcs/cubesat-simulation/src/concept/src/../include/controller_smartdata.h:70:55:[m[K [01;31m[Kerror: [m[K‘[01m[Kstd::shared_ptr<PluginAmperimeter> LocalSmartData<float, PluginAmperimeter>::transducer[m[K’ is private within this context
             RCLCPP_INFO(this->inputSmartData.front()->transducer->get_logger(), "I'm being notified");
[01m[K/home/matheuswagner/ros2_dashing/ros2-linux/include/rcutils/logging_macros.h:72:58:[m[K [01;36m[Knote: [m[Kin definition of macro ‘[01m[KRCUTILS_LOG_COND_NAMED[m[K’
       rcutils_log(&__rcutils_logging_location, severity, [01;36m[Kname[m[K, __VA_ARGS__); \
                                                          [01;36m[K^~~~[m[K
[01m[K/home/matheuswagner/ros2_dashing/ros2-linux/include/rclcpp/logging.hpp:218:5:[m[K [01;36m[Knote: [m[Kin expansion of macro ‘[01m[KRCUTILS_LOG_INFO_NAMED[m[K’
     [01;36m[KRCUTILS_LOG_INFO_NAMED[m[K( \
     [01;36m[K^~~~~~~~~~~~~~~~~~~~~~[m[K
[01m[K/home/matheuswagner/repos/adaptive-cubesat-adcs/cubesat-simulation/src/concept/src/../include/controller_smartdata.h:70:13:[m[K [01;36m[Knote: [m[Kin expansion of macro ‘[01m[KRCLCPP_INFO[m[K’
             [01;36m[KRCLCPP_INFO[m[K(this->inputSmartData.front()->transducer->get_logger(), "I'm being notified");
             [01;36m[K^~~~~~~~~~~[m[K
In file included from [01m[K/home/matheuswagner/repos/adaptive-cubesat-adcs/cubesat-simulation/src/concept/src/concept.cpp:1:0[m[K:
[01m[K/home/matheuswagner/repos/adaptive-cubesat-adcs/cubesat-simulation/src/concept/src/../include/local_smartdata.h:32:37:[m[K [01;36m[Knote: [m[Kdeclared private here
         std::shared_ptr<Transducer> [01;36m[Ktransducer[m[K;
                                     [01;36m[K^~~~~~~~~~[m[K
In file included from [01m[K/home/matheuswagner/repos/adaptive-cubesat-adcs/cubesat-simulation/src/concept/src/concept.cpp:3:0[m[K:
[01m[K/home/matheuswagner/repos/adaptive-cubesat-adcs/cubesat-simulation/src/concept/src/../include/controller_smartdata.h:74:29:[m[K [01;35m[Kwarning: [m[Kcomparison between signed and unsigned integer expressions [[01;35m[K-Wsign-compare[m[K]
             for(int i = 0; [01;35m[Ki<this->freshnessList.size()[m[K; i++)
                            [01;35m[K~^~~~~~~~~~~~~~~~~~~~~~~~~~~[m[K
In file included from [01m[K/home/matheuswagner/repos/adaptive-cubesat-adcs/cubesat-simulation/src/concept/src/concept.cpp:6:0[m[K:
/home/matheuswagner/repos/adaptive-cubesat-adcs/cubesat-simulation/src/concept/src/../include/proportional_controller.h: In instantiation of ‘[01m[Kvoid ProportionalController<SDIN, SDOUT>::control() [with SDIN = LocalSmartData<float, PluginAmperimeter>; SDOUT = LocalSmartData<float, PluginMotorDriver>][m[K’:
[01m[K/home/matheuswagner/repos/adaptive-cubesat-adcs/cubesat-simulation/src/concept/src/concept.cpp:47:1:[m[K   required from here
[01m[K/home/matheuswagner/repos/adaptive-cubesat-adcs/cubesat-simulation/src/concept/src/../include/proportional_controller.h:37:29:[m[K [01;35m[Kwarning: [m[Kcomparison between signed and unsigned integer expressions [[01;35m[K-Wsign-compare[m[K]
             for(int i = 0; i<this->inputSmartData.size(); i++)
[01m[K/home/matheuswagner/repos/adaptive-cubesat-adcs/cubesat-simulation/src/concept/src/../include/proportional_controller.h:41:29:[m[K [01;35m[Kwarning: [m[Kcomparison between signed and unsigned integer expressions [[01;35m[K-Wsign-compare[m[K]
             for(int i = 0; i<this->outputSmartData.size(); i++)
In file included from [01m[K/home/matheuswagner/repos/adaptive-cubesat-adcs/cubesat-simulation/src/concept/src/../include/smartdata.h:7:0[m[K,
                 from [01m[K/home/matheuswagner/repos/adaptive-cubesat-adcs/cubesat-simulation/src/concept/src/../include/local_smartdata.h:4[m[K,
                 from [01m[K/home/matheuswagner/repos/adaptive-cubesat-adcs/cubesat-simulation/src/concept/src/concept.cpp:1[m[K:
/home/matheuswagner/repos/adaptive-cubesat-adcs/cubesat-simulation/src/concept/src/../include/transducer.h: In instantiation of ‘[01m[Kvoid Transducer<UNIT, Value>::actuate(const Value&) [with long unsigned int UNIT = 2; Value = float][m[K’:
[01m[K/home/matheuswagner/repos/adaptive-cubesat-adcs/cubesat-simulation/src/concept/src/concept.cpp:47:1:[m[K   required from here
[01m[K/home/matheuswagner/repos/adaptive-cubesat-adcs/cubesat-simulation/src/concept/src/../include/transducer.h:17:43:[m[K [01;35m[Kwarning: [m[Kunused parameter ‘[01m[Kvalue[m[K’ [[01;35m[K-Wunused-parameter[m[K]
         virtual void actuate(const Value &[01;35m[Kvalue[m[K){}
                                           [01;35m[K^~~~~[m[K
/home/matheuswagner/repos/adaptive-cubesat-adcs/cubesat-simulation/src/concept/src/../include/transducer.h: In instantiation of ‘[01m[KValue Transducer<UNIT, Value>::sense() [with long unsigned int UNIT = 2; Value = float][m[K’:
[01m[K/home/matheuswagner/repos/adaptive-cubesat-adcs/cubesat-simulation/src/concept/src/concept.cpp:47:1:[m[K   required from here
[01m[K/home/matheuswagner/repos/adaptive-cubesat-adcs/cubesat-simulation/src/concept/src/../include/transducer.h:16:31:[m[K [01;35m[Kwarning: [m[Kno return statement in function returning non-void [[01;35m[K-Wreturn-type[m[K]
         virtual Value sense(){[01;35m[K}[m[K
                               [01;35m[K^[m[K
/home/matheuswagner/repos/adaptive-cubesat-adcs/cubesat-simulation/src/concept/src/../include/transducer.h: In instantiation of ‘[01m[Kvoid Transducer<UNIT, Value>::actuate(const Value&) [with long unsigned int UNIT = 1; Value = float][m[K’:
[01m[K/home/matheuswagner/repos/adaptive-cubesat-adcs/cubesat-simulation/src/concept/src/concept.cpp:47:1:[m[K   required from here
[01m[K/home/matheuswagner/repos/adaptive-cubesat-adcs/cubesat-simulation/src/concept/src/../include/transducer.h:17:43:[m[K [01;35m[Kwarning: [m[Kunused parameter ‘[01m[Kvalue[m[K’ [[01;35m[K-Wunused-parameter[m[K]
         virtual void actuate(const Value &[01;35m[Kvalue[m[K){}
                                           [01;35m[K^~~~~[m[K
/home/matheuswagner/repos/adaptive-cubesat-adcs/cubesat-simulation/src/concept/src/../include/transducer.h: In instantiation of ‘[01m[KValue Transducer<UNIT, Value>::sense() [with long unsigned int UNIT = 1; Value = float][m[K’:
[01m[K/home/matheuswagner/repos/adaptive-cubesat-adcs/cubesat-simulation/src/concept/src/concept.cpp:47:1:[m[K   required from here
[01m[K/home/matheuswagner/repos/adaptive-cubesat-adcs/cubesat-simulation/src/concept/src/../include/transducer.h:16:31:[m[K [01;35m[Kwarning: [m[Kno return statement in function returning non-void [[01;35m[K-Wreturn-type[m[K]
         virtual Value sense(){[01;35m[K}[m[K
                               [01;35m[K^[m[K
CMakeFiles/concept.dir/build.make:81: recipe for target 'CMakeFiles/concept.dir/src/concept.cpp.o' failed
make[2]: *** [CMakeFiles/concept.dir/src/concept.cpp.o] Error 1
make[1]: *** [CMakeFiles/concept.dir/all] Error 2
make: *** [all] Error 2
CMakeFiles/Makefile2:122: recipe for target 'CMakeFiles/concept.dir/all' failed
Makefile:159: recipe for target 'all' failed
