[0.024s] Invoking command in '/home/matheuswagner/repos/adaptive-cubesat-adcs/cubesat-simulation/build/controller': CMAKE_PREFIX_PATH=${CMAKE_PREFIX_PATH}:/home/matheuswagner/repos/adaptive-cubesat-adcs/cubesat-simulation/install/cubesat_description:/opt/ros/foxy /usr/bin/cmake --build /home/matheuswagner/repos/adaptive-cubesat-adcs/cubesat-simulation/build/controller -- -j8 -l8
[0.084s] [35m[1mScanning dependencies of target controller[0m
[0.129s] [ 50%] [32mBuilding CXX object CMakeFiles/controller.dir/src/controller.cpp.o[0m
[0.684s] In file included from [01m[K/home/matheuswagner/repos/adaptive-cubesat-adcs/cubesat-simulation/src/controller/src/../include/smartdata.h:5[m[K,
[0.684s]                  from [01m[K/home/matheuswagner/repos/adaptive-cubesat-adcs/cubesat-simulation/src/controller/src/../include/local_smartdata.h:4[m[K,
[0.684s]                  from [01m[K/home/matheuswagner/repos/adaptive-cubesat-adcs/cubesat-simulation/src/controller/src/controller.cpp:1[m[K:
[0.684s] [01m[K/home/matheuswagner/repos/adaptive-cubesat-adcs/cubesat-simulation/src/controller/src/../include/observer.h:[m[K In member function ‘[01m[Kvirtual void Observer::notify(int)[m[K’:
[0.684s] [01m[K/home/matheuswagner/repos/adaptive-cubesat-adcs/cubesat-simulation/src/controller/src/../include/observer.h:8:33:[m[K [01;35m[Kwarning: [m[Kunused parameter ‘[01m[Kid[m[K’ [[01;35m[K-Wunused-parameter[m[K]
[0.684s]     8 |         virtual void notify([01;35m[Kint id[m[K){};
[0.684s]       |                             [01;35m[K~~~~^~[m[K
[3.635s] In file included from [01m[K/home/matheuswagner/repos/adaptive-cubesat-adcs/cubesat-simulation/src/controller/src/../include/../include/disturbance_predictor.h:8[m[K,
[3.635s]                  from [01m[K/home/matheuswagner/repos/adaptive-cubesat-adcs/cubesat-simulation/src/controller/src/../include/../include/satellite_model.h:8[m[K,
[3.635s]                  from [01m[K/home/matheuswagner/repos/adaptive-cubesat-adcs/cubesat-simulation/src/controller/src/../include/../include/feedback_linearization_controller.h:6[m[K,
[3.635s]                  from [01m[K/home/matheuswagner/repos/adaptive-cubesat-adcs/cubesat-simulation/src/controller/src/../include/../include/adaptive_controller_system.h:4[m[K,
[3.635s]                  from [01m[K/home/matheuswagner/repos/adaptive-cubesat-adcs/cubesat-simulation/src/controller/src/../include/../include/hybrid_controller.h:6[m[K,
[3.635s]                  from [01m[K/home/matheuswagner/repos/adaptive-cubesat-adcs/cubesat-simulation/src/controller/src/../include/controller_smartdata.h:11[m[K,
[3.635s]                  from [01m[K/home/matheuswagner/repos/adaptive-cubesat-adcs/cubesat-simulation/src/controller/src/controller.cpp:3[m[K:
[3.635s] [01m[K/home/matheuswagner/repos/adaptive-cubesat-adcs/cubesat-simulation/src/controller/src/../include/../include/chebyshev_polynomials.h:[m[K In static member function ‘[01m[Kstatic float ChebyshevPolynomials::T0(float)[m[K’:
[3.636s] [01m[K/home/matheuswagner/repos/adaptive-cubesat-adcs/cubesat-simulation/src/controller/src/../include/../include/chebyshev_polynomials.h:9:31:[m[K [01;35m[Kwarning: [m[Kunused parameter ‘[01m[Kx[m[K’ [[01;35m[K-Wunused-parameter[m[K]
[3.636s]     9 |         static float T0([01;35m[Kfloat x[m[K)
[3.636s]       |                         [01;35m[K~~~~~~^[m[K
[4.004s] In file included from [01m[K/home/matheuswagner/repos/adaptive-cubesat-adcs/cubesat-simulation/src/controller/src/../include/../include/feedback_linearization_controller.h:6[m[K,
[4.004s]                  from [01m[K/home/matheuswagner/repos/adaptive-cubesat-adcs/cubesat-simulation/src/controller/src/../include/../include/adaptive_controller_system.h:4[m[K,
[4.004s]                  from [01m[K/home/matheuswagner/repos/adaptive-cubesat-adcs/cubesat-simulation/src/controller/src/../include/../include/hybrid_controller.h:6[m[K,
[4.005s]                  from [01m[K/home/matheuswagner/repos/adaptive-cubesat-adcs/cubesat-simulation/src/controller/src/../include/controller_smartdata.h:11[m[K,
[4.005s]                  from [01m[K/home/matheuswagner/repos/adaptive-cubesat-adcs/cubesat-simulation/src/controller/src/controller.cpp:3[m[K:
[4.005s] [01m[K/home/matheuswagner/repos/adaptive-cubesat-adcs/cubesat-simulation/src/controller/src/../include/../include/satellite_model.h:[m[K In member function ‘[01m[Kvoid SatelliteModel::UpdateDynamicMatrix(Eigen::Matrix<float, 3, 1>, Eigen::Matrix<float, 3, 1>, Eigen::Matrix<float, 3, 1>, Eigen::Quaternion<float>)[m[K’:
[4.005s] [01m[K/home/matheuswagner/repos/adaptive-cubesat-adcs/cubesat-simulation/src/controller/src/../include/../include/satellite_model.h:25:195:[m[K [01;35m[Kwarning: [m[Kunused parameter ‘[01m[Kattitude[m[K’ [[01;35m[K-Wunused-parameter[m[K]
[4.005s]    25 | float,3,1> slidingVariable, Eigen::Matrix<float,3,1> satelliteVelocity, Eigen::Matrix<float,3,1> reactionWheelVelocities, [01;35m[KEigen::Quaternion<float> attitude[m[K)
[4.005s]       |                                                                                                                           [01;35m[K~~~~~~~~~~~~~~~~~~~~~~~~~^~~~~~~~[m[K
[4.005s] 
[4.026s] [01m[K/home/matheuswagner/repos/adaptive-cubesat-adcs/cubesat-simulation/src/controller/src/../include/../include/satellite_model.h:[m[K In member function ‘[01m[KEigen::Matrix<float, 3, 6> SatelliteModel::GetDynamicMatrix(Eigen::Matrix<float, 3, 1>, Eigen::Matrix<float, 3, 1>, Eigen::Matrix<float, 3, 1>, Eigen::Quaternion<float>)[m[K’:
[4.026s] [01m[K/home/matheuswagner/repos/adaptive-cubesat-adcs/cubesat-simulation/src/controller/src/../include/../include/satellite_model.h:74:9:[m[K [01;35m[Kwarning: [m[Kno return statement in function returning non-void [[01;35m[K-Wreturn-type[m[K]
[4.026s]    74 |         [01;35m[K}[m[K
[4.026s]       |         [01;35m[K^[m[K
[4.026s] [01m[K/home/matheuswagner/repos/adaptive-cubesat-adcs/cubesat-simulation/src/controller/src/../include/../include/satellite_model.h:49:212:[m[K [01;35m[Kwarning: [m[Kunused parameter ‘[01m[Kattitude[m[K’ [[01;35m[K-Wunused-parameter[m[K]
[4.026s]    49 | float,3,1> slidingVariable, Eigen::Matrix<float,3,1> satelliteVelocity, Eigen::Matrix<float,3,1> reactionWheelVelocities, [01;35m[KEigen::Quaternion<float> attitude[m[K)
[4.026s]       |                                                                                                                           [01;35m[K~~~~~~~~~~~~~~~~~~~~~~~~~^~~~~~~~[m[K
[4.026s] 
[4.521s] In file included from [01m[K/home/matheuswagner/repos/adaptive-cubesat-adcs/cubesat-simulation/src/controller/src/../include/../include/hybrid_controller.h:6[m[K,
[4.521s]                  from [01m[K/home/matheuswagner/repos/adaptive-cubesat-adcs/cubesat-simulation/src/controller/src/../include/controller_smartdata.h:11[m[K,
[4.521s]                  from [01m[K/home/matheuswagner/repos/adaptive-cubesat-adcs/cubesat-simulation/src/controller/src/controller.cpp:3[m[K:
[4.521s] [01m[K/home/matheuswagner/repos/adaptive-cubesat-adcs/cubesat-simulation/src/controller/src/../include/../include/adaptive_controller_system.h:[m[K In constructor ‘[01m[KAdaptiveControllerControlSystem::AdaptiveControllerControlSystem(DisturbancePredictor, SatelliteModel, FeedbackLinearizationControler, bool)[m[K’:
[4.521s] [01m[K/home/matheuswagner/repos/adaptive-cubesat-adcs/cubesat-simulation/src/controller/src/../include/../include/adaptive_controller_system.h:89:38:[m[K [01;35m[Kwarning: [m[Kvariable ‘[01m[KcontrolSignal[m[K’ set but not used [[01;35m[K-Wunused-but-set-variable[m[K]
[4.521s]    89 |             Eigen::Matrix<float,3,1> [01;35m[KcontrolSignal[m[K = Eigen::Matrix<float,3,1>::Zero();
[4.522s]       |                                      [01;35m[K^~~~~~~~~~~~~[m[K
[4.522s] In file included from [01m[K/home/matheuswagner/repos/adaptive-cubesat-adcs/cubesat-simulation/src/controller/src/../include/../include/hybrid_controller.h:6[m[K,
[4.522s]                  from [01m[K/home/matheuswagner/repos/adaptive-cubesat-adcs/cubesat-simulation/src/controller/src/../include/controller_smartdata.h:11[m[K,
[4.522s]                  from [01m[K/home/matheuswagner/repos/adaptive-cubesat-adcs/cubesat-simulation/src/controller/src/controller.cpp:3[m[K:
[4.522s] [01m[K/home/matheuswagner/repos/adaptive-cubesat-adcs/cubesat-simulation/src/controller/src/../include/../include/adaptive_controller_system.h:53:89:[m[K [01;35m[Kwarning: [m[Kunused parameter ‘[01m[Kadaptive[m[K’ [[01;35m[K-Wunused-parameter[m[K]
[4.522s]    53 |                                         FeedbackLinearizationControler controller, [01;35m[Kbool adaptive[m[K)
[4.522s]       |                                                                                    [01;35m[K~~~~~^~~~~~~~[m[K
[5.415s] In file included from [01m[K/home/matheuswagner/repos/adaptive-cubesat-adcs/cubesat-simulation/src/controller/src/../include/../include/nonadaptive_control_system.h:12[m[K,
[5.415s]                  from [01m[K/home/matheuswagner/repos/adaptive-cubesat-adcs/cubesat-simulation/src/controller/src/../include/../include/hybrid_controller.h:7[m[K,
[5.415s]                  from [01m[K/home/matheuswagner/repos/adaptive-cubesat-adcs/cubesat-simulation/src/controller/src/../include/controller_smartdata.h:11[m[K,
[5.415s]                  from [01m[K/home/matheuswagner/repos/adaptive-cubesat-adcs/cubesat-simulation/src/controller/src/controller.cpp:3[m[K:
[5.415s] [01m[K/home/matheuswagner/repos/adaptive-cubesat-adcs/cubesat-simulation/src/controller/src/../include/../include/adaptive_square_root_cubature_kalman_filter.h:[m[K In member function ‘[01m[KEigen::Matrix<float, 10, 1> AdaptiveSquareRootCubatureKalmanFilter::Filter(Eigen::Matrix<float, 10, 1>, Eigen::Matrix<float, 3, 1>)[m[K’:
[5.415s] [01m[K/home/matheuswagner/repos/adaptive-cubesat-adcs/cubesat-simulation/src/controller/src/../include/../include/adaptive_square_root_cubature_kalman_filter.h:229:41:[m[K [01;35m[Kwarning: [m[Kvariable ‘[01m[KpriorPredictedErrorCovarianceNoQ[m[K’ set but not used [[01;35m[K-Wunused-but-set-variable[m[K]
[5.416s]   229 |             Eigen::Matrix<float, 10,10> [01;35m[KpriorPredictedErrorCovarianceNoQ[m[K = QRDecomposition(matrixForDecomposition);
[5.416s]       |                                         [01;35m[K^~~~~~~~~~~~~~~~~~~~~~~~~~~~~~~~[m[K
[6.177s] In file included from [01m[K/home/matheuswagner/repos/adaptive-cubesat-adcs/cubesat-simulation/src/controller/src/controller.cpp:3[m[K:
[6.177s] [01m[K/home/matheuswagner/repos/adaptive-cubesat-adcs/cubesat-simulation/src/controller/src/../include/controller_smartdata.h:[m[K At global scope:
[6.178s] [01m[K/home/matheuswagner/repos/adaptive-cubesat-adcs/cubesat-simulation/src/controller/src/../include/controller_smartdata.h:38:147:[m[K [01;35m[Kwarning: [m[Kextra ‘[01m[K;[m[K’ [[01;35m[K-Wpedantic[m[K]
[6.178s]    38 |         std::shared_ptr<LocalSmartData<Eigen::Quaternion<float>,PluginOrientationSensor,ControllerSmartData<HybridController,float>>> orientation;[01;35m[K;[m[K
[6.178s]       |                                                                                                                                                   [01;35m[K^[m[K
[6.178s]       |                                                                                                                                                   [31m[K-[m[K
[6.692s] In file included from [01m[K/home/matheuswagner/repos/adaptive-cubesat-adcs/cubesat-simulation/src/controller/src/../include/local_smartdata.h:4[m[K,
[6.692s]                  from [01m[K/home/matheuswagner/repos/adaptive-cubesat-adcs/cubesat-simulation/src/controller/src/controller.cpp:1[m[K:
[6.693s] /home/matheuswagner/repos/adaptive-cubesat-adcs/cubesat-simulation/src/controller/src/../include/smartdata.h: In instantiation of ‘[01m[Kvoid SmartData<Value>::setValue(Value) [with Value = Eigen::Quaternion<float>][m[K’:
[6.693s] [01m[K/home/matheuswagner/repos/adaptive-cubesat-adcs/cubesat-simulation/src/controller/src/../include/../include/plugin_orientation_sensor.h:55:50:[m[K   required from here
[6.693s] [01m[K/home/matheuswagner/repos/adaptive-cubesat-adcs/cubesat-simulation/src/controller/src/../include/smartdata.h:40:37:[m[K [01;35m[Kwarning: [m[Kunused parameter ‘[01m[Kvalue[m[K’ [[01;35m[K-Wunused-parameter[m[K]
[6.693s]    40 |         virtual void setValue([01;35m[KValue value[m[K){}
[6.693s]       |                               [01;35m[K~~~~~~^~~~~[m[K
[6.693s] /home/matheuswagner/repos/adaptive-cubesat-adcs/cubesat-simulation/src/controller/src/../include/smartdata.h: In instantiation of ‘[01m[KValue SmartData<Value>::update() [with Value = Eigen::Quaternion<float>][m[K’:
[6.693s] [01m[K/home/matheuswagner/repos/adaptive-cubesat-adcs/cubesat-simulation/src/controller/src/../include/../include/plugin_orientation_sensor.h:56:37:[m[K   required from here
[6.694s] [01m[K/home/matheuswagner/repos/adaptive-cubesat-adcs/cubesat-simulation/src/controller/src/../include/smartdata.h:38:32:[m[K [01;35m[Kwarning: [m[Kno return statement in function returning non-void [[01;35m[K-Wreturn-type[m[K]
[6.694s]    38 |         virtual Value update(){[01;35m[K}[m[K
[6.694s]       |                                [01;35m[K^[m[K
[6.699s] /home/matheuswagner/repos/adaptive-cubesat-adcs/cubesat-simulation/src/controller/src/../include/smartdata.h: In instantiation of ‘[01m[Kvoid SmartData<Value>::setValue(Value) [with Value = float][m[K’:
[6.699s] [01m[K/home/matheuswagner/repos/adaptive-cubesat-adcs/cubesat-simulation/src/controller/src/../include/../include/plugin_gyroscope.h:49:50:[m[K   required from here
[6.699s] [01m[K/home/matheuswagner/repos/adaptive-cubesat-adcs/cubesat-simulation/src/controller/src/../include/smartdata.h:40:37:[m[K [01;35m[Kwarning: [m[Kunused parameter ‘[01m[Kvalue[m[K’ [[01;35m[K-Wunused-parameter[m[K]
[6.699s]    40 |         virtual void setValue([01;35m[KValue value[m[K){}
[6.699s]       |                               [01;35m[K~~~~~~^~~~~[m[K
[6.699s] /home/matheuswagner/repos/adaptive-cubesat-adcs/cubesat-simulation/src/controller/src/../include/smartdata.h: In instantiation of ‘[01m[KValue SmartData<Value>::update() [with Value = float][m[K’:
[6.699s] [01m[K/home/matheuswagner/repos/adaptive-cubesat-adcs/cubesat-simulation/src/controller/src/../include/../include/plugin_gyroscope.h:50:37:[m[K   required from here
[6.699s] [01m[K/home/matheuswagner/repos/adaptive-cubesat-adcs/cubesat-simulation/src/controller/src/../include/smartdata.h:38:32:[m[K [01;35m[Kwarning: [m[Kno return statement in function returning non-void [[01;35m[K-Wreturn-type[m[K]
[6.700s]    38 |         virtual Value update(){[01;35m[K}[m[K
[6.700s]       |                                [01;35m[K^[m[K
[6.701s] /home/matheuswagner/repos/adaptive-cubesat-adcs/cubesat-simulation/src/controller/src/../include/smartdata.h: In instantiation of ‘[01m[KValue SmartData<Value>::value() [with Value = float][m[K’:
[6.701s] [01m[K/home/matheuswagner/repos/adaptive-cubesat-adcs/cubesat-simulation/src/controller/src/../include/../include/plugin_motor_driver.h:46:51:[m[K   required from here
[6.702s] [01m[K/home/matheuswagner/repos/adaptive-cubesat-adcs/cubesat-simulation/src/controller/src/../include/smartdata.h:36:31:[m[K [01;35m[Kwarning: [m[Kno return statement in function returning non-void [[01;35m[K-Wreturn-type[m[K]
[6.702s]    36 |         virtual Value value(){[01;35m[K}[m[K
[6.702s]       |                               [01;35m[K^[m[K
[6.809s] In file included from [01m[K/home/matheuswagner/repos/adaptive-cubesat-adcs/cubesat-simulation/src/controller/src/controller.cpp:3[m[K:
[6.809s] /home/matheuswagner/repos/adaptive-cubesat-adcs/cubesat-simulation/src/controller/src/../include/controller_smartdata.h: In instantiation of ‘[01m[KControllerSmartData<Controller, Value>::ControllerSmartData(std::shared_ptr<LocalSmartData<float, PluginGyroscope, ControllerSmartData<HybridController, float> > >, std::shared_ptr<LocalSmartData<float, PluginGyroscope, ControllerSmartData<HybridController, float> > >, std::shared_ptr<LocalSmartData<float, PluginGyroscope, ControllerSmartData<HybridController, float> > >, std::shared_ptr<LocalSmartData<float, PluginMotorVelocitySensor, ControllerSmartData<HybridController, float> > >, std::shared_ptr<LocalSmartData<float, PluginMotorVelocitySensor, ControllerSmartData<HybridController, float> > >, std::shared_ptr<LocalSmartData<float, PluginMotorVelocitySensor, ControllerSmartData<HybridController, float> > >, std::shared_ptr<LocalSmartData<Eigen::Quaternion<float>, PluginOrientationSensor, ControllerSmartData<HybridController, float> > >, std::shared_ptr<LocalSmartData<float, PluginMotorDriver, ControllerSmartData<HybridController, float> > >, std::shared_ptr<LocalSmartData<float, PluginMotorDriver, ControllerSmartData<HybridController, float> > >, std::shared_ptr<LocalSmartData<float, PluginMotorDriver, ControllerSmartData<HybridController, float> > >) [with Controller = HybridController; Value = float][m[K’:
[6.809s] [01m[K/home/matheuswagner/repos/adaptive-cubesat-adcs/cubesat-simulation/src/controller/src/controller.cpp:34:161:[m[K   required from here
[6.809s] [01m[K/home/matheuswagner/repos/adaptive-cubesat-adcs/cubesat-simulation/src/controller/src/../include/controller_smartdata.h:133:38:[m[K [01;35m[Kwarning: [m[Kvariable ‘[01m[KslidingControllerGain[m[K’ set but not used [[01;35m[K-Wunused-but-set-variable[m[K]
[6.809s]   133 |             Eigen::Matrix<float,3,3> [01;35m[KslidingControllerGain[m[K  = 2.22e-4*Eigen::Matrix<float,3,3>::Identity();
[6.809s]       |                                      [01;35m[K^~~~~~~~~~~~~~~~~~~~~[m[K
[6.809s] [01m[K/home/matheuswagner/repos/adaptive-cubesat-adcs/cubesat-simulation/src/controller/src/../include/controller_smartdata.h:164:38:[m[K [01;35m[Kwarning: [m[Kvariable ‘[01m[Knoise[m[K’ set but not used [[01;35m[K-Wunused-but-set-variable[m[K]
[6.809s]   164 |             Eigen::Matrix<float,3,1> [01;35m[Knoise[m[K = Eigen::Matrix<float,3,1>::Random();
[6.809s]       |                                      [01;35m[K^~~~~[m[K
[31.475s] /home/matheuswagner/repos/adaptive-cubesat-adcs/cubesat-simulation/src/controller/src/../include/controller_smartdata.h: In instantiation of ‘[01m[Kfloat ControllerSmartData<Controller, Value>::update() [with Controller = HybridController; Value = float][m[K’:
[31.475s] [01m[K/home/matheuswagner/repos/adaptive-cubesat-adcs/cubesat-simulation/src/controller/src/../include/controller_smartdata.h:178:15:[m[K   required from here
[31.475s] [01m[K/home/matheuswagner/repos/adaptive-cubesat-adcs/cubesat-simulation/src/controller/src/../include/controller_smartdata.h:180:29:[m[K [01;35m[Kwarning: [m[Kcomparison of integer expressions of different signedness: ‘[01m[Kint[m[K’ and ‘[01m[Kstd::vector<bool, std::allocator<bool> >::size_type[m[K’ {aka ‘[01m[Klong unsigned int[m[K’} [[01;35m[K-Wsign-compare[m[K]
[31.476s]   180 |             for(int i = 0; [01;35m[Ki<this->freshnessList.size()[m[K; i++)
[31.476s]       |                            [01;35m[K~^~~~~~~~~~~~~~~~~~~~~~~~~~~[m[K
[31.480s] /home/matheuswagner/repos/adaptive-cubesat-adcs/cubesat-simulation/src/controller/src/../include/controller_smartdata.h: In instantiation of ‘[01m[Kvoid ControllerSmartData<Controller, Value>::notify(int) [with Controller = HybridController; Value = float][m[K’:
[31.480s] [01m[K/home/matheuswagner/repos/adaptive-cubesat-adcs/cubesat-simulation/src/controller/src/../include/controller_smartdata.h:274:14:[m[K   required from here
[31.480s] [01m[K/home/matheuswagner/repos/adaptive-cubesat-adcs/cubesat-simulation/src/controller/src/../include/controller_smartdata.h:285:29:[m[K [01;35m[Kwarning: [m[Kcomparison of integer expressions of different signedness: ‘[01m[Kint[m[K’ and ‘[01m[Kstd::vector<bool, std::allocator<bool> >::size_type[m[K’ {aka ‘[01m[Klong unsigned int[m[K’} [[01;35m[K-Wsign-compare[m[K]
[31.480s]   285 |             for(int i = 0; [01;35m[Ki<this->freshnessList.size()[m[K; i++)
[31.480s]       |                            [01;35m[K~^~~~~~~~~~~~~~~~~~~~~~~~~~~[m[K
[31.480s] [01m[K/home/matheuswagner/repos/adaptive-cubesat-adcs/cubesat-simulation/src/controller/src/../include/controller_smartdata.h:299:29:[m[K [01;35m[Kwarning: [m[Kcomparison of integer expressions of different signedness: ‘[01m[Kint[m[K’ and ‘[01m[Kstd::vector<bool, std::allocator<bool> >::size_type[m[K’ {aka ‘[01m[Klong unsigned int[m[K’} [[01;35m[K-Wsign-compare[m[K]
[31.480s]   299 |             for(int i = 0; [01;35m[Ki<this->driveFreshnessList.size()[m[K; i++)
[31.480s]       |                            [01;35m[K~^~~~~~~~~~~~~~~~~~~~~~~~~~~~~~~~[m[K
[31.481s] In file included from [01m[K/home/matheuswagner/repos/adaptive-cubesat-adcs/cubesat-simulation/src/controller/src/../include/smartdata.h:7[m[K,
[31.481s]                  from [01m[K/home/matheuswagner/repos/adaptive-cubesat-adcs/cubesat-simulation/src/controller/src/../include/local_smartdata.h:4[m[K,
[31.481s]                  from [01m[K/home/matheuswagner/repos/adaptive-cubesat-adcs/cubesat-simulation/src/controller/src/controller.cpp:1[m[K:
[31.481s] /home/matheuswagner/repos/adaptive-cubesat-adcs/cubesat-simulation/src/controller/src/../include/transducer.h: In instantiation of ‘[01m[Kvoid Transducer<UNIT, Value>::actuate(const Value&) [with long unsigned int UNIT = 2; Value = float][m[K’:
[31.481s] [01m[K/home/matheuswagner/repos/adaptive-cubesat-adcs/cubesat-simulation/src/controller/src/../include/transducer.h:17:22:[m[K   required from here
[31.481s] [01m[K/home/matheuswagner/repos/adaptive-cubesat-adcs/cubesat-simulation/src/controller/src/../include/transducer.h:17:43:[m[K [01;35m[Kwarning: [m[Kunused parameter ‘[01m[Kvalue[m[K’ [[01;35m[K-Wunused-parameter[m[K]
[31.482s]    17 |         virtual void actuate([01;35m[Kconst Value &value[m[K){}
[31.482s]       |                              [01;35m[K~~~~~~~~~~~~~^~~~~[m[K
[31.482s] /home/matheuswagner/repos/adaptive-cubesat-adcs/cubesat-simulation/src/controller/src/../include/transducer.h: In instantiation of ‘[01m[KValue Transducer<UNIT, Value>::sense() [with long unsigned int UNIT = 2; Value = float][m[K’:
[31.482s] [01m[K/home/matheuswagner/repos/adaptive-cubesat-adcs/cubesat-simulation/src/controller/src/../include/transducer.h:16:23:[m[K   required from here
[31.482s] [01m[K/home/matheuswagner/repos/adaptive-cubesat-adcs/cubesat-simulation/src/controller/src/../include/transducer.h:16:31:[m[K [01;35m[Kwarning: [m[Kno return statement in function returning non-void [[01;35m[K-Wreturn-type[m[K]
[31.482s]    16 |         virtual Value sense(){[01;35m[K}[m[K
[31.482s]       |                               [01;35m[K^[m[K
[31.482s] /home/matheuswagner/repos/adaptive-cubesat-adcs/cubesat-simulation/src/controller/src/../include/transducer.h: In instantiation of ‘[01m[Kvoid Transducer<UNIT, Value>::actuate(const Value&) [with long unsigned int UNIT = 3; Value = float][m[K’:
[31.482s] [01m[K/home/matheuswagner/repos/adaptive-cubesat-adcs/cubesat-simulation/src/controller/src/../include/transducer.h:17:22:[m[K   required from here
[31.482s] [01m[K/home/matheuswagner/repos/adaptive-cubesat-adcs/cubesat-simulation/src/controller/src/../include/transducer.h:17:43:[m[K [01;35m[Kwarning: [m[Kunused parameter ‘[01m[Kvalue[m[K’ [[01;35m[K-Wunused-parameter[m[K]
[31.482s]    17 |         virtual void actuate([01;35m[Kconst Value &value[m[K){}
[31.482s]       |                              [01;35m[K~~~~~~~~~~~~~^~~~~[m[K
[31.487s] /home/matheuswagner/repos/adaptive-cubesat-adcs/cubesat-simulation/src/controller/src/../include/transducer.h: In instantiation of ‘[01m[KValue Transducer<UNIT, Value>::sense() [with long unsigned int UNIT = 3; Value = float][m[K’:
[31.487s] [01m[K/home/matheuswagner/repos/adaptive-cubesat-adcs/cubesat-simulation/src/controller/src/../include/transducer.h:16:23:[m[K   required from here
[31.488s] [01m[K/home/matheuswagner/repos/adaptive-cubesat-adcs/cubesat-simulation/src/controller/src/../include/transducer.h:16:31:[m[K [01;35m[Kwarning: [m[Kno return statement in function returning non-void [[01;35m[K-Wreturn-type[m[K]
[31.488s]    16 |         virtual Value sense(){[01;35m[K}[m[K
[31.488s]       |                               [01;35m[K^[m[K
[31.488s] In file included from [01m[K/home/matheuswagner/repos/adaptive-cubesat-adcs/cubesat-simulation/src/controller/src/../include/local_smartdata.h:4[m[K,
[31.488s]                  from [01m[K/home/matheuswagner/repos/adaptive-cubesat-adcs/cubesat-simulation/src/controller/src/controller.cpp:1[m[K:
[31.488s] /home/matheuswagner/repos/adaptive-cubesat-adcs/cubesat-simulation/src/controller/src/../include/smartdata.h: In instantiation of ‘[01m[KValue SmartData<Value>::value() [with Value = Eigen::Quaternion<float>][m[K’:
[31.488s] [01m[K/home/matheuswagner/repos/adaptive-cubesat-adcs/cubesat-simulation/src/controller/src/../include/smartdata.h:36:23:[m[K   required from here
[31.488s] [01m[K/home/matheuswagner/repos/adaptive-cubesat-adcs/cubesat-simulation/src/controller/src/../include/smartdata.h:36:31:[m[K [01;35m[Kwarning: [m[Kno return statement in function returning non-void [[01;35m[K-Wreturn-type[m[K]
[31.488s]    36 |         virtual Value value(){[01;35m[K}[m[K
[31.488s]       |                               [01;35m[K^[m[K
[31.488s] In file included from [01m[K/home/matheuswagner/repos/adaptive-cubesat-adcs/cubesat-simulation/src/controller/src/../include/smartdata.h:7[m[K,
[31.488s]                  from [01m[K/home/matheuswagner/repos/adaptive-cubesat-adcs/cubesat-simulation/src/controller/src/../include/local_smartdata.h:4[m[K,
[31.489s]                  from [01m[K/home/matheuswagner/repos/adaptive-cubesat-adcs/cubesat-simulation/src/controller/src/controller.cpp:1[m[K:
[31.489s] /home/matheuswagner/repos/adaptive-cubesat-adcs/cubesat-simulation/src/controller/src/../include/transducer.h: In instantiation of ‘[01m[Kvoid Transducer<UNIT, Value>::actuate(const Value&) [with long unsigned int UNIT = 4; Value = Eigen::Quaternion<float>][m[K’:
[31.489s] [01m[K/home/matheuswagner/repos/adaptive-cubesat-adcs/cubesat-simulation/src/controller/src/../include/transducer.h:17:22:[m[K   required from here
[31.489s] [01m[K/home/matheuswagner/repos/adaptive-cubesat-adcs/cubesat-simulation/src/controller/src/../include/transducer.h:17:43:[m[K [01;35m[Kwarning: [m[Kunused parameter ‘[01m[Kvalue[m[K’ [[01;35m[K-Wunused-parameter[m[K]
[31.489s]    17 |         virtual void actuate([01;35m[Kconst Value &value[m[K){}
[31.489s]       |                              [01;35m[K~~~~~~~~~~~~~^~~~~[m[K
[31.491s] /home/matheuswagner/repos/adaptive-cubesat-adcs/cubesat-simulation/src/controller/src/../include/transducer.h: In instantiation of ‘[01m[KValue Transducer<UNIT, Value>::sense() [with long unsigned int UNIT = 4; Value = Eigen::Quaternion<float>][m[K’:
[31.491s] [01m[K/home/matheuswagner/repos/adaptive-cubesat-adcs/cubesat-simulation/src/controller/src/../include/transducer.h:16:23:[m[K   required from here
[31.491s] [01m[K/home/matheuswagner/repos/adaptive-cubesat-adcs/cubesat-simulation/src/controller/src/../include/transducer.h:16:31:[m[K [01;35m[Kwarning: [m[Kno return statement in function returning non-void [[01;35m[K-Wreturn-type[m[K]
[31.492s]    16 |         virtual Value sense(){[01;35m[K}[m[K
[31.492s]       |                               [01;35m[K^[m[K
[31.515s] In file included from [01m[K/home/matheuswagner/repos/adaptive-cubesat-adcs/cubesat-simulation/src/controller/src/controller.cpp:3[m[K:
[31.515s] /home/matheuswagner/repos/adaptive-cubesat-adcs/cubesat-simulation/src/controller/src/../include/controller_smartdata.h: In instantiation of ‘[01m[Kvoid ControllerSmartData<Controller, Value>::updateDrive() [with Controller = HybridController; Value = float][m[K’:
[31.515s] [01m[K/home/matheuswagner/repos/adaptive-cubesat-adcs/cubesat-simulation/src/controller/src/../include/controller_smartdata.h:309:23:[m[K   required from ‘[01m[Kvoid ControllerSmartData<Controller, Value>::notify(int) [with Controller = HybridController; Value = float][m[K’
[31.515s] [01m[K/home/matheuswagner/repos/adaptive-cubesat-adcs/cubesat-simulation/src/controller/src/../include/controller_smartdata.h:274:14:[m[K   required from here
[31.515s] [01m[K/home/matheuswagner/repos/adaptive-cubesat-adcs/cubesat-simulation/src/controller/src/../include/controller_smartdata.h:242:29:[m[K [01;35m[Kwarning: [m[Kcomparison of integer expressions of different signedness: ‘[01m[Kint[m[K’ and ‘[01m[Kstd::vector<bool, std::allocator<bool> >::size_type[m[K’ {aka ‘[01m[Klong unsigned int[m[K’} [[01;35m[K-Wsign-compare[m[K]
[31.515s]   242 |             for(int i = 0; [01;35m[Ki<this->driveFreshnessList.size()[m[K; i++)
[31.515s]       |                            [01;35m[K~^~~~~~~~~~~~~~~~~~~~~~~~~~~~~~~~[m[K
[48.281s] [100%] [32m[1mLinking CXX executable controller[0m
[50.375s] [100%] Built target controller
[50.394s] Invoked command in '/home/matheuswagner/repos/adaptive-cubesat-adcs/cubesat-simulation/build/controller' returned '0': CMAKE_PREFIX_PATH=${CMAKE_PREFIX_PATH}:/home/matheuswagner/repos/adaptive-cubesat-adcs/cubesat-simulation/install/cubesat_description:/opt/ros/foxy /usr/bin/cmake --build /home/matheuswagner/repos/adaptive-cubesat-adcs/cubesat-simulation/build/controller -- -j8 -l8
[50.442s] Invoking command in '/home/matheuswagner/repos/adaptive-cubesat-adcs/cubesat-simulation/build/controller': CMAKE_PREFIX_PATH=${CMAKE_PREFIX_PATH}:/home/matheuswagner/repos/adaptive-cubesat-adcs/cubesat-simulation/install/cubesat_description:/opt/ros/foxy /usr/bin/cmake --install /home/matheuswagner/repos/adaptive-cubesat-adcs/cubesat-simulation/build/controller
[50.454s] -- Install configuration: ""
[50.455s] -- Installing: /home/matheuswagner/repos/adaptive-cubesat-adcs/cubesat-simulation/install/controller/lib/controller/controller
[50.468s] -- Set runtime path of "/home/matheuswagner/repos/adaptive-cubesat-adcs/cubesat-simulation/install/controller/lib/controller/controller" to ""
[50.468s] -- Up-to-date: /home/matheuswagner/repos/adaptive-cubesat-adcs/cubesat-simulation/install/controller/share/ament_index/resource_index/package_run_dependencies/controller
[50.469s] -- Up-to-date: /home/matheuswagner/repos/adaptive-cubesat-adcs/cubesat-simulation/install/controller/share/ament_index/resource_index/parent_prefix_path/controller
[50.469s] -- Up-to-date: /home/matheuswagner/repos/adaptive-cubesat-adcs/cubesat-simulation/install/controller/share/controller/environment/ament_prefix_path.sh
[50.469s] -- Up-to-date: /home/matheuswagner/repos/adaptive-cubesat-adcs/cubesat-simulation/install/controller/share/controller/environment/ament_prefix_path.dsv
[50.469s] -- Up-to-date: /home/matheuswagner/repos/adaptive-cubesat-adcs/cubesat-simulation/install/controller/share/controller/environment/path.sh
[50.469s] -- Up-to-date: /home/matheuswagner/repos/adaptive-cubesat-adcs/cubesat-simulation/install/controller/share/controller/environment/path.dsv
[50.469s] -- Up-to-date: /home/matheuswagner/repos/adaptive-cubesat-adcs/cubesat-simulation/install/controller/share/controller/local_setup.bash
[50.469s] -- Up-to-date: /home/matheuswagner/repos/adaptive-cubesat-adcs/cubesat-simulation/install/controller/share/controller/local_setup.sh
[50.470s] -- Up-to-date: /home/matheuswagner/repos/adaptive-cubesat-adcs/cubesat-simulation/install/controller/share/controller/local_setup.zsh
[50.470s] -- Up-to-date: /home/matheuswagner/repos/adaptive-cubesat-adcs/cubesat-simulation/install/controller/share/controller/local_setup.dsv
[50.470s] -- Installing: /home/matheuswagner/repos/adaptive-cubesat-adcs/cubesat-simulation/install/controller/share/controller/package.dsv
[50.470s] -- Up-to-date: /home/matheuswagner/repos/adaptive-cubesat-adcs/cubesat-simulation/install/controller/share/ament_index/resource_index/packages/controller
[50.470s] -- Up-to-date: /home/matheuswagner/repos/adaptive-cubesat-adcs/cubesat-simulation/install/controller/share/controller/cmake/controllerConfig.cmake
[50.470s] -- Up-to-date: /home/matheuswagner/repos/adaptive-cubesat-adcs/cubesat-simulation/install/controller/share/controller/cmake/controllerConfig-version.cmake
[50.470s] -- Up-to-date: /home/matheuswagner/repos/adaptive-cubesat-adcs/cubesat-simulation/install/controller/share/controller/package.xml
[50.473s] Invoked command in '/home/matheuswagner/repos/adaptive-cubesat-adcs/cubesat-simulation/build/controller' returned '0': CMAKE_PREFIX_PATH=${CMAKE_PREFIX_PATH}:/home/matheuswagner/repos/adaptive-cubesat-adcs/cubesat-simulation/install/cubesat_description:/opt/ros/foxy /usr/bin/cmake --install /home/matheuswagner/repos/adaptive-cubesat-adcs/cubesat-simulation/build/controller
