In file included from [01m[K/home/matheuswagner/repos/adaptive-cubesat-adcs/cubesat-simulation/src/concept/src/../include/smartdata.h:5:0[m[K,
                 from [01m[K/home/matheuswagner/repos/adaptive-cubesat-adcs/cubesat-simulation/src/concept/src/../include/local_smartdata.h:4[m[K,
                 from [01m[K/home/matheuswagner/repos/adaptive-cubesat-adcs/cubesat-simulation/src/concept/src/concept.cpp:1[m[K:
[01m[K/home/matheuswagner/repos/adaptive-cubesat-adcs/cubesat-simulation/src/concept/src/../include/observer.h:[m[K In member function ‘[01m[Kvirtual void Observer::notify(int)[m[K’:
[01m[K/home/matheuswagner/repos/adaptive-cubesat-adcs/cubesat-simulation/src/concept/src/../include/observer.h:8:33:[m[K [01;35m[Kwarning: [m[Kunused parameter ‘[01m[Kid[m[K’ [[01;35m[K-Wunused-parameter[m[K]
         virtual void notify(int [01;35m[Kid[m[K){};
                                 [01;35m[K^~[m[K
In file included from [01m[K/home/matheuswagner/repos/adaptive-cubesat-adcs/cubesat-simulation/src/concept/src/concept.cpp:5:0[m[K:
[01m[K/home/matheuswagner/repos/adaptive-cubesat-adcs/cubesat-simulation/src/concept/src/../include/proportional_controller.h:[m[K In member function ‘[01m[Kvirtual void ProportionalController::control()[m[K’:
[01m[K/home/matheuswagner/repos/adaptive-cubesat-adcs/cubesat-simulation/src/concept/src/../include/proportional_controller.h:36:29:[m[K [01;35m[Kwarning: [m[Kcomparison between signed and unsigned integer expressions [[01;35m[K-Wsign-compare[m[K]
             for(int i = 0; [01;35m[Ki<this->inputSmartData.size()[m[K; i++)
                            [01;35m[K~^~~~~~~~~~~~~~~~~~~~~~~~~~~~[m[K
[01m[K/home/matheuswagner/repos/adaptive-cubesat-adcs/cubesat-simulation/src/concept/src/../include/proportional_controller.h:40:29:[m[K [01;35m[Kwarning: [m[Kcomparison between signed and unsigned integer expressions [[01;35m[K-Wsign-compare[m[K]
             for(int i = 0; [01;35m[Ki<this->outputSmartData.size()[m[K; i++)
                            [01;35m[K~^~~~~~~~~~~~~~~~~~~~~~~~~~~~~[m[K
In file included from [01m[K/home/matheuswagner/repos/adaptive-cubesat-adcs/cubesat-simulation/src/concept/src/../include/local_smartdata.h:4:0[m[K,
                 from [01m[K/home/matheuswagner/repos/adaptive-cubesat-adcs/cubesat-simulation/src/concept/src/concept.cpp:1[m[K:
/home/matheuswagner/repos/adaptive-cubesat-adcs/cubesat-simulation/src/concept/src/../include/smartdata.h: In instantiation of ‘[01m[Kvoid SmartData::setValue(Value) [with Value = float][m[K’:
[01m[K/home/matheuswagner/repos/adaptive-cubesat-adcs/cubesat-simulation/src/concept/src/../include/plugin_amperimeter.h:48:50:[m[K   required from here
[01m[K/home/matheuswagner/repos/adaptive-cubesat-adcs/cubesat-simulation/src/concept/src/../include/smartdata.h:41:29:[m[K [01;35m[Kwarning: [m[Kunused parameter ‘[01m[Kvalue[m[K’ [[01;35m[K-Wunused-parameter[m[K]
         void setValue(Value [01;35m[Kvalue[m[K){}
                             [01;35m[K^~~~~[m[K
/home/matheuswagner/repos/adaptive-cubesat-adcs/cubesat-simulation/src/concept/src/../include/smartdata.h: In instantiation of ‘[01m[KValue SmartData::value() [with Value = float][m[K’:
[01m[K/home/matheuswagner/repos/adaptive-cubesat-adcs/cubesat-simulation/src/concept/src/../include/plugin_amperimeter.h:49:13:[m[K   required from here
[01m[K/home/matheuswagner/repos/adaptive-cubesat-adcs/cubesat-simulation/src/concept/src/../include/smartdata.h:35:23:[m[K [01;35m[Kwarning: [m[Kno return statement in function returning non-void [[01;35m[K-Wreturn-type[m[K]
         Value value(){[01;35m[K}[m[K
                       [01;35m[K^[m[K
/home/matheuswagner/repos/adaptive-cubesat-adcs/cubesat-simulation/src/concept/src/../include/smartdata.h: In instantiation of ‘[01m[KValue SmartData::update() [with Value = float][m[K’:
[01m[K/home/matheuswagner/repos/adaptive-cubesat-adcs/cubesat-simulation/src/concept/src/../include/plugin_amperimeter.h:50:44:[m[K   required from here
[01m[K/home/matheuswagner/repos/adaptive-cubesat-adcs/cubesat-simulation/src/concept/src/../include/smartdata.h:38:24:[m[K [01;35m[Kwarning: [m[Kno return statement in function returning non-void [[01;35m[K-Wreturn-type[m[K]
         Value update(){[01;35m[K}[m[K
                        [01;35m[K^[m[K
In file included from [01m[K/home/matheuswagner/repos/adaptive-cubesat-adcs/cubesat-simulation/src/concept/src/concept.cpp:2:0[m[K:
/home/matheuswagner/repos/adaptive-cubesat-adcs/cubesat-simulation/src/concept/src/../include/controller_smartdata.h: In instantiation of ‘[01m[KControllerSmartData<Controller>::ControllerSmartData(std::__cxx11::list<std::shared_ptr<SmartData> >&, std::__cxx11::list<std::shared_ptr<SmartData> >&) [with Controller = ProportionalController][m[K’:
[01m[K/home/matheuswagner/repos/adaptive-cubesat-adcs/cubesat-simulation/src/concept/src/concept.cpp:30:75:[m[K   required from here
[01m[K/home/matheuswagner/repos/adaptive-cubesat-adcs/cubesat-simulation/src/concept/src/../include/controller_smartdata.h:30:17:[m[K [01;35m[Kwarning: [m[Kunused variable ‘[01m[Ki[m[K’ [[01;35m[K-Wunused-variable[m[K]
             int [01;35m[Ki[m[K = 0;
                 [01;35m[K^[m[K
In file included from [01m[K/home/matheuswagner/ros2_dashing/ros2-linux/include/rclcpp/service.hpp:33:0[m[K,
                 from [01m[K/home/matheuswagner/ros2_dashing/ros2-linux/include/rclcpp/callback_group.hpp:25[m[K,
                 from [01m[K/home/matheuswagner/ros2_dashing/ros2-linux/include/rclcpp/any_executable.hpp:20[m[K,
                 from [01m[K/home/matheuswagner/ros2_dashing/ros2-linux/include/rclcpp/memory_strategy.hpp:24[m[K,
                 from [01m[K/home/matheuswagner/ros2_dashing/ros2-linux/include/rclcpp/memory_strategies.hpp:18[m[K,
                 from [01m[K/home/matheuswagner/ros2_dashing/ros2-linux/include/rclcpp/executor.hpp:33[m[K,
                 from [01m[K/home/matheuswagner/ros2_dashing/ros2-linux/include/rclcpp/executors/multi_threaded_executor.hpp:24[m[K,
                 from [01m[K/home/matheuswagner/ros2_dashing/ros2-linux/include/rclcpp/executors.hpp:21[m[K,
                 from [01m[K/home/matheuswagner/ros2_dashing/ros2-linux/include/rclcpp/rclcpp.hpp:144[m[K,
                 from [01m[K/home/matheuswagner/repos/adaptive-cubesat-adcs/cubesat-simulation/src/concept/src/../include/local_smartdata.h:7[m[K,
                 from [01m[K/home/matheuswagner/repos/adaptive-cubesat-adcs/cubesat-simulation/src/concept/src/concept.cpp:1[m[K:
/home/matheuswagner/repos/adaptive-cubesat-adcs/cubesat-simulation/src/concept/src/../include/local_smartdata.h: In instantiation of ‘[01m[KLocalSmartData<Value, Transducer>::LocalSmartData(int, long unsigned int, long unsigned int, int) [with Value = float; Transducer = PluginAmperimeter][m[K’:
[01m[K/usr/include/c++/7/ext/new_allocator.h:136:4:[m[K   required from ‘[01m[Kvoid __gnu_cxx::new_allocator<_Tp>::construct(_Up*, _Args&& ...) [with _Up = LocalSmartData<float, PluginAmperimeter>; _Args = {int, int, int, int}; _Tp = LocalSmartData<float, PluginAmperimeter>][m[K’
[01m[K/usr/include/c++/7/bits/alloc_traits.h:475:4:[m[K   required from ‘[01m[Kstatic void std::allocator_traits<std::allocator<_Tp1> >::construct(std::allocator_traits<std::allocator<_Tp1> >::allocator_type&, _Up*, _Args&& ...) [with _Up = LocalSmartData<float, PluginAmperimeter>; _Args = {int, int, int, int}; _Tp = LocalSmartData<float, PluginAmperimeter>; std::allocator_traits<std::allocator<_Tp1> >::allocator_type = std::allocator<LocalSmartData<float, PluginAmperimeter> >][m[K’
[01m[K/usr/include/c++/7/bits/shared_ptr_base.h:526:39:[m[K   required from ‘[01m[Kstd::_Sp_counted_ptr_inplace<_Tp, _Alloc, _Lp>::_Sp_counted_ptr_inplace(_Alloc, _Args&& ...) [with _Args = {int, int, int, int}; _Tp = LocalSmartData<float, PluginAmperimeter>; _Alloc = std::allocator<LocalSmartData<float, PluginAmperimeter> >; __gnu_cxx::_Lock_policy _Lp = (__gnu_cxx::_Lock_policy)2][m[K’
[01m[K/usr/include/c++/7/bits/shared_ptr_base.h:637:4:[m[K   required from ‘[01m[Kstd::__shared_count<_Lp>::__shared_count(std::_Sp_make_shared_tag, _Tp*, const _Alloc&, _Args&& ...) [with _Tp = LocalSmartData<float, PluginAmperimeter>; _Alloc = std::allocator<LocalSmartData<float, PluginAmperimeter> >; _Args = {int, int, int, int}; __gnu_cxx::_Lock_policy _Lp = (__gnu_cxx::_Lock_policy)2][m[K’
[01m[K/usr/include/c++/7/bits/shared_ptr_base.h:1295:35:[m[K   required from ‘[01m[Kstd::__shared_ptr<_Tp, _Lp>::__shared_ptr(std::_Sp_make_shared_tag, const _Alloc&, _Args&& ...) [with _Alloc = std::allocator<LocalSmartData<float, PluginAmperimeter> >; _Args = {int, int, int, int}; _Tp = LocalSmartData<float, PluginAmperimeter>; __gnu_cxx::_Lock_policy _Lp = (__gnu_cxx::_Lock_policy)2][m[K’
[01m[K/usr/include/c++/7/bits/shared_ptr.h:344:64:[m[K   required from ‘[01m[Kstd::shared_ptr<_Tp>::shared_ptr(std::_Sp_make_shared_tag, const _Alloc&, _Args&& ...) [with _Alloc = std::allocator<LocalSmartData<float, PluginAmperimeter> >; _Args = {int, int, int, int}; _Tp = LocalSmartData<float, PluginAmperimeter>][m[K’
[01m[K/usr/include/c++/7/bits/shared_ptr.h:690:14:[m[K   required from ‘[01m[Kstd::shared_ptr<_Tp> std::allocate_shared(const _Alloc&, _Args&& ...) [with _Tp = LocalSmartData<float, PluginAmperimeter>; _Alloc = std::allocator<LocalSmartData<float, PluginAmperimeter> >; _Args = {int, int, int, int}][m[K’
[01m[K/usr/include/c++/7/bits/shared_ptr.h:706:39:[m[K   required from ‘[01m[Kstd::shared_ptr<_Tp> std::make_shared(_Args&& ...) [with _Tp = LocalSmartData<float, PluginAmperimeter>; _Args = {int, int, int, int}][m[K’
[01m[K/home/matheuswagner/repos/adaptive-cubesat-adcs/cubesat-simulation/src/concept/src/concept.cpp:14:148:[m[K   required from here
[01m[K/home/matheuswagner/repos/adaptive-cubesat-adcs/cubesat-simulation/src/concept/src/../include/local_smartdata.h:47:31:[m[K [01;31m[Kerror: [m[K‘[01m[Kclass LocalSmartData<float, PluginAmperimeter>[m[K’ has no member named ‘[01m[Kget_logger[m[K’
             RCLCPP_INFO([01;31m[Kthis->g[m[Ket_logger(), "I'm being created");
                         [01;31m[K~~~~~~^[m[K
[01m[K/home/matheuswagner/ros2_dashing/ros2-linux/include/rclcpp/logging.hpp:215:86:[m[K [01;36m[Knote: [m[Kin definition of macro ‘[01m[KRCLCPP_INFO[m[K’
       ::std::is_same<typename std::remove_reference<typename std::remove_cv<decltype([01;36m[Klogger[m[K)>::type>::type, \
                                                                                      [01;36m[K^~~~~~[m[K
In file included from [01m[K/home/matheuswagner/ros2_dashing/ros2-linux/include/rclcpp/client.hpp:39:0[m[K,
                 from [01m[K/home/matheuswagner/ros2_dashing/ros2-linux/include/rclcpp/callback_group.hpp:23[m[K,
                 from [01m[K/home/matheuswagner/ros2_dashing/ros2-linux/include/rclcpp/any_executable.hpp:20[m[K,
                 from [01m[K/home/matheuswagner/ros2_dashing/ros2-linux/include/rclcpp/memory_strategy.hpp:24[m[K,
                 from [01m[K/home/matheuswagner/ros2_dashing/ros2-linux/include/rclcpp/memory_strategies.hpp:18[m[K,
                 from [01m[K/home/matheuswagner/ros2_dashing/ros2-linux/include/rclcpp/executor.hpp:33[m[K,
                 from [01m[K/home/matheuswagner/ros2_dashing/ros2-linux/include/rclcpp/executors/multi_threaded_executor.hpp:24[m[K,
                 from [01m[K/home/matheuswagner/ros2_dashing/ros2-linux/include/rclcpp/executors.hpp:21[m[K,
                 from [01m[K/home/matheuswagner/ros2_dashing/ros2-linux/include/rclcpp/rclcpp.hpp:144[m[K,
                 from [01m[K/home/matheuswagner/repos/adaptive-cubesat-adcs/cubesat-simulation/src/concept/src/../include/local_smartdata.h:7[m[K,
                 from [01m[K/home/matheuswagner/repos/adaptive-cubesat-adcs/cubesat-simulation/src/concept/src/concept.cpp:1[m[K:
[01m[K/home/matheuswagner/repos/adaptive-cubesat-adcs/cubesat-simulation/src/concept/src/../include/local_smartdata.h:47:31:[m[K [01;31m[Kerror: [m[K‘[01m[Kclass LocalSmartData<float, PluginAmperimeter>[m[K’ has no member named ‘[01m[Kget_logger[m[K’
             RCLCPP_INFO([01;31m[Kthis->g[m[Ket_logger(), "I'm being created");
                         [01;31m[K~~~~~~^[m[K
[01m[K/home/matheuswagner/ros2_dashing/ros2-linux/include/rcutils/logging_macros.h:70:47:[m[K [01;36m[Knote: [m[Kin definition of macro ‘[01m[KRCUTILS_LOG_COND_NAMED[m[K’
     if (rcutils_logging_logger_is_enabled_for([01;36m[Kname[m[K, severity)) { \
                                               [01;36m[K^~~~[m[K
[01m[K/home/matheuswagner/ros2_dashing/ros2-linux/include/rclcpp/logging.hpp:218:5:[m[K [01;36m[Knote: [m[Kin expansion of macro ‘[01m[KRCUTILS_LOG_INFO_NAMED[m[K’
     [01;36m[KRCUTILS_LOG_INFO_NAMED[m[K( \
     [01;36m[K^~~~~~~~~~~~~~~~~~~~~~[m[K
[01m[K/home/matheuswagner/repos/adaptive-cubesat-adcs/cubesat-simulation/src/concept/src/../include/local_smartdata.h:47:13:[m[K [01;36m[Knote: [m[Kin expansion of macro ‘[01m[KRCLCPP_INFO[m[K’
             [01;36m[KRCLCPP_INFO[m[K(this->get_logger(), "I'm being created");
             [01;36m[K^~~~~~~~~~~[m[K
[01m[K/home/matheuswagner/repos/adaptive-cubesat-adcs/cubesat-simulation/src/concept/src/../include/local_smartdata.h:47:31:[m[K [01;31m[Kerror: [m[K‘[01m[Kclass LocalSmartData<float, PluginAmperimeter>[m[K’ has no member named ‘[01m[Kget_logger[m[K’
             RCLCPP_INFO([01;31m[Kthis->g[m[Ket_logger(), "I'm being created");
                         [01;31m[K~~~~~~^[m[K
[01m[K/home/matheuswagner/ros2_dashing/ros2-linux/include/rcutils/logging_macros.h:72:58:[m[K [01;36m[Knote: [m[Kin definition of macro ‘[01m[KRCUTILS_LOG_COND_NAMED[m[K’
       rcutils_log(&__rcutils_logging_location, severity, [01;36m[Kname[m[K, __VA_ARGS__); \
                                                          [01;36m[K^~~~[m[K
[01m[K/home/matheuswagner/ros2_dashing/ros2-linux/include/rclcpp/logging.hpp:218:5:[m[K [01;36m[Knote: [m[Kin expansion of macro ‘[01m[KRCUTILS_LOG_INFO_NAMED[m[K’
     [01;36m[KRCUTILS_LOG_INFO_NAMED[m[K( \
     [01;36m[K^~~~~~~~~~~~~~~~~~~~~~[m[K
[01m[K/home/matheuswagner/repos/adaptive-cubesat-adcs/cubesat-simulation/src/concept/src/../include/local_smartdata.h:47:13:[m[K [01;36m[Knote: [m[Kin expansion of macro ‘[01m[KRCLCPP_INFO[m[K’
             [01;36m[KRCLCPP_INFO[m[K(this->get_logger(), "I'm being created");
             [01;36m[K^~~~~~~~~~~[m[K
In file included from [01m[K/home/matheuswagner/ros2_dashing/ros2-linux/include/rclcpp/service.hpp:33:0[m[K,
                 from [01m[K/home/matheuswagner/ros2_dashing/ros2-linux/include/rclcpp/callback_group.hpp:25[m[K,
                 from [01m[K/home/matheuswagner/ros2_dashing/ros2-linux/include/rclcpp/any_executable.hpp:20[m[K,
                 from [01m[K/home/matheuswagner/ros2_dashing/ros2-linux/include/rclcpp/memory_strategy.hpp:24[m[K,
                 from [01m[K/home/matheuswagner/ros2_dashing/ros2-linux/include/rclcpp/memory_strategies.hpp:18[m[K,
                 from [01m[K/home/matheuswagner/ros2_dashing/ros2-linux/include/rclcpp/executor.hpp:33[m[K,
                 from [01m[K/home/matheuswagner/ros2_dashing/ros2-linux/include/rclcpp/executors/multi_threaded_executor.hpp:24[m[K,
                 from [01m[K/home/matheuswagner/ros2_dashing/ros2-linux/include/rclcpp/executors.hpp:21[m[K,
                 from [01m[K/home/matheuswagner/ros2_dashing/ros2-linux/include/rclcpp/rclcpp.hpp:144[m[K,
                 from [01m[K/home/matheuswagner/repos/adaptive-cubesat-adcs/cubesat-simulation/src/concept/src/../include/local_smartdata.h:7[m[K,
                 from [01m[K/home/matheuswagner/repos/adaptive-cubesat-adcs/cubesat-simulation/src/concept/src/concept.cpp:1[m[K:
/home/matheuswagner/repos/adaptive-cubesat-adcs/cubesat-simulation/src/concept/src/../include/local_smartdata.h: In instantiation of ‘[01m[KLocalSmartData<Value, Transducer>::LocalSmartData(int, long unsigned int, long unsigned int, int) [with Value = float; Transducer = PluginMotorDriver][m[K’:
[01m[K/usr/include/c++/7/ext/new_allocator.h:136:4:[m[K   required from ‘[01m[Kvoid __gnu_cxx::new_allocator<_Tp>::construct(_Up*, _Args&& ...) [with _Up = LocalSmartData<float, PluginMotorDriver>; _Args = {int, int, int, int}; _Tp = LocalSmartData<float, PluginMotorDriver>][m[K’
[01m[K/usr/include/c++/7/bits/alloc_traits.h:475:4:[m[K   required from ‘[01m[Kstatic void std::allocator_traits<std::allocator<_Tp1> >::construct(std::allocator_traits<std::allocator<_Tp1> >::allocator_type&, _Up*, _Args&& ...) [with _Up = LocalSmartData<float, PluginMotorDriver>; _Args = {int, int, int, int}; _Tp = LocalSmartData<float, PluginMotorDriver>; std::allocator_traits<std::allocator<_Tp1> >::allocator_type = std::allocator<LocalSmartData<float, PluginMotorDriver> >][m[K’
[01m[K/usr/include/c++/7/bits/shared_ptr_base.h:526:39:[m[K   required from ‘[01m[Kstd::_Sp_counted_ptr_inplace<_Tp, _Alloc, _Lp>::_Sp_counted_ptr_inplace(_Alloc, _Args&& ...) [with _Args = {int, int, int, int}; _Tp = LocalSmartData<float, PluginMotorDriver>; _Alloc = std::allocator<LocalSmartData<float, PluginMotorDriver> >; __gnu_cxx::_Lock_policy _Lp = (__gnu_cxx::_Lock_policy)2][m[K’
[01m[K/usr/include/c++/7/bits/shared_ptr_base.h:637:4:[m[K   required from ‘[01m[Kstd::__shared_count<_Lp>::__shared_count(std::_Sp_make_shared_tag, _Tp*, const _Alloc&, _Args&& ...) [with _Tp = LocalSmartData<float, PluginMotorDriver>; _Alloc = std::allocator<LocalSmartData<float, PluginMotorDriver> >; _Args = {int, int, int, int}; __gnu_cxx::_Lock_policy _Lp = (__gnu_cxx::_Lock_policy)2][m[K’
[01m[K/usr/include/c++/7/bits/shared_ptr_base.h:1295:35:[m[K   required from ‘[01m[Kstd::__shared_ptr<_Tp, _Lp>::__shared_ptr(std::_Sp_make_shared_tag, const _Alloc&, _Args&& ...) [with _Alloc = std::allocator<LocalSmartData<float, PluginMotorDriver> >; _Args = {int, int, int, int}; _Tp = LocalSmartData<float, PluginMotorDriver>; __gnu_cxx::_Lock_policy _Lp = (__gnu_cxx::_Lock_policy)2][m[K’
[01m[K/usr/include/c++/7/bits/shared_ptr.h:344:64:[m[K   required from ‘[01m[Kstd::shared_ptr<_Tp>::shared_ptr(std::_Sp_make_shared_tag, const _Alloc&, _Args&& ...) [with _Alloc = std::allocator<LocalSmartData<float, PluginMotorDriver> >; _Args = {int, int, int, int}; _Tp = LocalSmartData<float, PluginMotorDriver>][m[K’
[01m[K/usr/include/c++/7/bits/shared_ptr.h:690:14:[m[K   required from ‘[01m[Kstd::shared_ptr<_Tp> std::allocate_shared(const _Alloc&, _Args&& ...) [with _Tp = LocalSmartData<float, PluginMotorDriver>; _Alloc = std::allocator<LocalSmartData<float, PluginMotorDriver> >; _Args = {int, int, int, int}][m[K’
[01m[K/usr/include/c++/7/bits/shared_ptr.h:706:39:[m[K   required from ‘[01m[Kstd::shared_ptr<_Tp> std::make_shared(_Args&& ...) [with _Tp = LocalSmartData<float, PluginMotorDriver>; _Args = {int, int, int, int}][m[K’
[01m[K/home/matheuswagner/repos/adaptive-cubesat-adcs/cubesat-simulation/src/concept/src/concept.cpp:21:143:[m[K   required from here
[01m[K/home/matheuswagner/repos/adaptive-cubesat-adcs/cubesat-simulation/src/concept/src/../include/local_smartdata.h:47:31:[m[K [01;31m[Kerror: [m[K‘[01m[Kclass LocalSmartData<float, PluginMotorDriver>[m[K’ has no member named ‘[01m[Kget_logger[m[K’
             RCLCPP_INFO([01;31m[Kthis->g[m[Ket_logger(), "I'm being created");
                         [01;31m[K~~~~~~^[m[K
[01m[K/home/matheuswagner/ros2_dashing/ros2-linux/include/rclcpp/logging.hpp:215:86:[m[K [01;36m[Knote: [m[Kin definition of macro ‘[01m[KRCLCPP_INFO[m[K’
       ::std::is_same<typename std::remove_reference<typename std::remove_cv<decltype([01;36m[Klogger[m[K)>::type>::type, \
                                                                                      [01;36m[K^~~~~~[m[K
In file included from [01m[K/home/matheuswagner/ros2_dashing/ros2-linux/include/rclcpp/client.hpp:39:0[m[K,
                 from [01m[K/home/matheuswagner/ros2_dashing/ros2-linux/include/rclcpp/callback_group.hpp:23[m[K,
                 from [01m[K/home/matheuswagner/ros2_dashing/ros2-linux/include/rclcpp/any_executable.hpp:20[m[K,
                 from [01m[K/home/matheuswagner/ros2_dashing/ros2-linux/include/rclcpp/memory_strategy.hpp:24[m[K,
                 from [01m[K/home/matheuswagner/ros2_dashing/ros2-linux/include/rclcpp/memory_strategies.hpp:18[m[K,
                 from [01m[K/home/matheuswagner/ros2_dashing/ros2-linux/include/rclcpp/executor.hpp:33[m[K,
                 from [01m[K/home/matheuswagner/ros2_dashing/ros2-linux/include/rclcpp/executors/multi_threaded_executor.hpp:24[m[K,
                 from [01m[K/home/matheuswagner/ros2_dashing/ros2-linux/include/rclcpp/executors.hpp:21[m[K,
                 from [01m[K/home/matheuswagner/ros2_dashing/ros2-linux/include/rclcpp/rclcpp.hpp:144[m[K,
                 from [01m[K/home/matheuswagner/repos/adaptive-cubesat-adcs/cubesat-simulation/src/concept/src/../include/local_smartdata.h:7[m[K,
                 from [01m[K/home/matheuswagner/repos/adaptive-cubesat-adcs/cubesat-simulation/src/concept/src/concept.cpp:1[m[K:
[01m[K/home/matheuswagner/repos/adaptive-cubesat-adcs/cubesat-simulation/src/concept/src/../include/local_smartdata.h:47:31:[m[K [01;31m[Kerror: [m[K‘[01m[Kclass LocalSmartData<float, PluginMotorDriver>[m[K’ has no member named ‘[01m[Kget_logger[m[K’
             RCLCPP_INFO([01;31m[Kthis->g[m[Ket_logger(), "I'm being created");
                         [01;31m[K~~~~~~^[m[K
[01m[K/home/matheuswagner/ros2_dashing/ros2-linux/include/rcutils/logging_macros.h:70:47:[m[K [01;36m[Knote: [m[Kin definition of macro ‘[01m[KRCUTILS_LOG_COND_NAMED[m[K’
     if (rcutils_logging_logger_is_enabled_for([01;36m[Kname[m[K, severity)) { \
                                               [01;36m[K^~~~[m[K
[01m[K/home/matheuswagner/ros2_dashing/ros2-linux/include/rclcpp/logging.hpp:218:5:[m[K [01;36m[Knote: [m[Kin expansion of macro ‘[01m[KRCUTILS_LOG_INFO_NAMED[m[K’
     [01;36m[KRCUTILS_LOG_INFO_NAMED[m[K( \
     [01;36m[K^~~~~~~~~~~~~~~~~~~~~~[m[K
[01m[K/home/matheuswagner/repos/adaptive-cubesat-adcs/cubesat-simulation/src/concept/src/../include/local_smartdata.h:47:13:[m[K [01;36m[Knote: [m[Kin expansion of macro ‘[01m[KRCLCPP_INFO[m[K’
             [01;36m[KRCLCPP_INFO[m[K(this->get_logger(), "I'm being created");
             [01;36m[K^~~~~~~~~~~[m[K
[01m[K/home/matheuswagner/repos/adaptive-cubesat-adcs/cubesat-simulation/src/concept/src/../include/local_smartdata.h:47:31:[m[K [01;31m[Kerror: [m[K‘[01m[Kclass LocalSmartData<float, PluginMotorDriver>[m[K’ has no member named ‘[01m[Kget_logger[m[K’
             RCLCPP_INFO([01;31m[Kthis->g[m[Ket_logger(), "I'm being created");
                         [01;31m[K~~~~~~^[m[K
[01m[K/home/matheuswagner/ros2_dashing/ros2-linux/include/rcutils/logging_macros.h:72:58:[m[K [01;36m[Knote: [m[Kin definition of macro ‘[01m[KRCUTILS_LOG_COND_NAMED[m[K’
       rcutils_log(&__rcutils_logging_location, severity, [01;36m[Kname[m[K, __VA_ARGS__); \
                                                          [01;36m[K^~~~[m[K
[01m[K/home/matheuswagner/ros2_dashing/ros2-linux/include/rclcpp/logging.hpp:218:5:[m[K [01;36m[Knote: [m[Kin expansion of macro ‘[01m[KRCUTILS_LOG_INFO_NAMED[m[K’
     [01;36m[KRCUTILS_LOG_INFO_NAMED[m[K( \
     [01;36m[K^~~~~~~~~~~~~~~~~~~~~~[m[K
[01m[K/home/matheuswagner/repos/adaptive-cubesat-adcs/cubesat-simulation/src/concept/src/../include/local_smartdata.h:47:13:[m[K [01;36m[Knote: [m[Kin expansion of macro ‘[01m[KRCLCPP_INFO[m[K’
             [01;36m[KRCLCPP_INFO[m[K(this->get_logger(), "I'm being created");
             [01;36m[K^~~~~~~~~~~[m[K
In file included from [01m[K/home/matheuswagner/repos/adaptive-cubesat-adcs/cubesat-simulation/src/concept/src/concept.cpp:2:0[m[K:
/home/matheuswagner/repos/adaptive-cubesat-adcs/cubesat-simulation/src/concept/src/../include/controller_smartdata.h: In instantiation of ‘[01m[Kvoid ControllerSmartData<Controller>::notify(int) [with Controller = ProportionalController][m[K’:
[01m[K/home/matheuswagner/repos/adaptive-cubesat-adcs/cubesat-simulation/src/concept/src/concept.cpp:49:1:[m[K   required from here
[01m[K/home/matheuswagner/repos/adaptive-cubesat-adcs/cubesat-simulation/src/concept/src/../include/controller_smartdata.h:73:29:[m[K [01;35m[Kwarning: [m[Kcomparison between signed and unsigned integer expressions [[01;35m[K-Wsign-compare[m[K]
             for(int i = 0; [01;35m[Ki<this->freshnessList.size()[m[K; i++)
                            [01;35m[K~^~~~~~~~~~~~~~~~~~~~~~~~~~~[m[K
In file included from [01m[K/home/matheuswagner/repos/adaptive-cubesat-adcs/cubesat-simulation/src/concept/src/../include/smartdata.h:7:0[m[K,
                 from [01m[K/home/matheuswagner/repos/adaptive-cubesat-adcs/cubesat-simulation/src/concept/src/../include/local_smartdata.h:4[m[K,
                 from [01m[K/home/matheuswagner/repos/adaptive-cubesat-adcs/cubesat-simulation/src/concept/src/concept.cpp:1[m[K:
/home/matheuswagner/repos/adaptive-cubesat-adcs/cubesat-simulation/src/concept/src/../include/transducer.h: In instantiation of ‘[01m[Kvoid Transducer<UNIT, Value>::actuate(const Value&) [with long unsigned int UNIT = 2; Value = float][m[K’:
[01m[K/home/matheuswagner/repos/adaptive-cubesat-adcs/cubesat-simulation/src/concept/src/concept.cpp:49:1:[m[K   required from here
[01m[K/home/matheuswagner/repos/adaptive-cubesat-adcs/cubesat-simulation/src/concept/src/../include/transducer.h:17:43:[m[K [01;35m[Kwarning: [m[Kunused parameter ‘[01m[Kvalue[m[K’ [[01;35m[K-Wunused-parameter[m[K]
         virtual void actuate(const Value &[01;35m[Kvalue[m[K){}
                                           [01;35m[K^~~~~[m[K
/home/matheuswagner/repos/adaptive-cubesat-adcs/cubesat-simulation/src/concept/src/../include/transducer.h: In instantiation of ‘[01m[KValue Transducer<UNIT, Value>::sense() [with long unsigned int UNIT = 2; Value = float][m[K’:
[01m[K/home/matheuswagner/repos/adaptive-cubesat-adcs/cubesat-simulation/src/concept/src/concept.cpp:49:1:[m[K   required from here
[01m[K/home/matheuswagner/repos/adaptive-cubesat-adcs/cubesat-simulation/src/concept/src/../include/transducer.h:16:31:[m[K [01;35m[Kwarning: [m[Kno return statement in function returning non-void [[01;35m[K-Wreturn-type[m[K]
         virtual Value sense(){[01;35m[K}[m[K
                               [01;35m[K^[m[K
/home/matheuswagner/repos/adaptive-cubesat-adcs/cubesat-simulation/src/concept/src/../include/transducer.h: In instantiation of ‘[01m[Kvoid Transducer<UNIT, Value>::actuate(const Value&) [with long unsigned int UNIT = 1; Value = float][m[K’:
[01m[K/home/matheuswagner/repos/adaptive-cubesat-adcs/cubesat-simulation/src/concept/src/concept.cpp:49:1:[m[K   required from here
[01m[K/home/matheuswagner/repos/adaptive-cubesat-adcs/cubesat-simulation/src/concept/src/../include/transducer.h:17:43:[m[K [01;35m[Kwarning: [m[Kunused parameter ‘[01m[Kvalue[m[K’ [[01;35m[K-Wunused-parameter[m[K]
         virtual void actuate(const Value &[01;35m[Kvalue[m[K){}
                                           [01;35m[K^~~~~[m[K
/home/matheuswagner/repos/adaptive-cubesat-adcs/cubesat-simulation/src/concept/src/../include/transducer.h: In instantiation of ‘[01m[KValue Transducer<UNIT, Value>::sense() [with long unsigned int UNIT = 1; Value = float][m[K’:
[01m[K/home/matheuswagner/repos/adaptive-cubesat-adcs/cubesat-simulation/src/concept/src/concept.cpp:49:1:[m[K   required from here
[01m[K/home/matheuswagner/repos/adaptive-cubesat-adcs/cubesat-simulation/src/concept/src/../include/transducer.h:16:31:[m[K [01;35m[Kwarning: [m[Kno return statement in function returning non-void [[01;35m[K-Wreturn-type[m[K]
         virtual Value sense(){[01;35m[K}[m[K
                               [01;35m[K^[m[K
In file included from [01m[K/home/matheuswagner/repos/adaptive-cubesat-adcs/cubesat-simulation/src/concept/src/concept.cpp:2:0[m[K:
/home/matheuswagner/repos/adaptive-cubesat-adcs/cubesat-simulation/src/concept/src/../include/controller_smartdata.h: In instantiation of ‘[01m[Kvoid ControllerSmartData<Controller>::update() [with Controller = ProportionalController][m[K’:
[01m[K/home/matheuswagner/repos/adaptive-cubesat-adcs/cubesat-simulation/src/concept/src/../include/controller_smartdata.h:83:23:[m[K   required from ‘[01m[Kvoid ControllerSmartData<Controller>::notify(int) [with Controller = ProportionalController][m[K’
[01m[K/home/matheuswagner/repos/adaptive-cubesat-adcs/cubesat-simulation/src/concept/src/concept.cpp:49:1:[m[K   required from here
[01m[K/home/matheuswagner/repos/adaptive-cubesat-adcs/cubesat-simulation/src/concept/src/../include/controller_smartdata.h:54:29:[m[K [01;35m[Kwarning: [m[Kcomparison between signed and unsigned integer expressions [[01;35m[K-Wsign-compare[m[K]
             for(int i = 0; [01;35m[Ki<this->freshnessList.size()[m[K; i++)
                            [01;35m[K~^~~~~~~~~~~~~~~~~~~~~~~~~~~[m[K
make[2]: *** [CMakeFiles/concept.dir/src/concept.cpp.o] Error 1
make[1]: *** [CMakeFiles/concept.dir/all] Error 2
make: *** [all] Error 2
