[0.065s] Invoking command in '/home/matheuswagner/repos/adaptive-cubesat-adcs/cubesat-simulation/build/cubesat_sensors': CMAKE_PREFIX_PATH=${CMAKE_PREFIX_PATH}:/home/matheuswagner/repos/adaptive-cubesat-adcs/cubesat-simulation/install/cubesat_description:/opt/ros/dashing /usr/local/bin/cmake --build /home/matheuswagner/repos/adaptive-cubesat-adcs/cubesat-simulation/build/cubesat_sensors -- -j8 -l8
[0.093s] [35m[1mScanning dependencies of target imu_adapter[0m
[0.105s] [ 50%] [32mBuilding CXX object CMakeFiles/imu_adapter.dir/src/imu_adapter.cpp.o[0m
[1.212s] [01m[K/home/matheuswagner/repos/adaptive-cubesat-adcs/cubesat-simulation/src/cubesat_sensors/src/imu_adapter.cpp:[m[K In constructor ‘[01m[KImuAdapter::ImuAdapter()[m[K’:
[1.212s] [01m[K/home/matheuswagner/repos/adaptive-cubesat-adcs/cubesat-simulation/src/cubesat_sensors/src/imu_adapter.cpp:21:47:[m[K [01;31m[Kerror: [m[K‘[01m[Kimu_adapter[m[K’ was not declared in this scope
[1.212s]        subcription = this->create_subscription<[01;31m[Kimu_adapter[m[K::msg::Imu>(
[1.212s]                                                [01;31m[K^~~~~~~~~~~[m[K
[1.213s] [01m[K/home/matheuswagner/repos/adaptive-cubesat-adcs/cubesat-simulation/src/cubesat_sensors/src/imu_adapter.cpp:21:47:[m[K [01;36m[Knote: [m[Ksuggested alternative: ‘[01m[KImuAdapter[m[K’
[1.214s]        subcription = this->create_subscription<[01;36m[Kimu_adapter[m[K::msg::Imu>(
[1.214s]                                                [01;36m[K^~~~~~~~~~~[m[K
[1.214s]                                                [32m[KImuAdapter[m[K
[1.214s] [01m[K/home/matheuswagner/repos/adaptive-cubesat-adcs/cubesat-simulation/src/cubesat_sensors/src/imu_adapter.cpp:21:27:[m[K [01;31m[Kerror: [m[Kparse error in template argument list
[1.214s]        subcription = this->[01;31m[Kcreate_subscription<imu_adapter::msg::Imu>[m[K(
[1.214s]                            [01;31m[K^~~~~~~~~~~~~~~~~~~~~~~~~~~~~~~~~~~~~~~~~~[m[K
[1.214s] [01m[K/home/matheuswagner/repos/adaptive-cubesat-adcs/cubesat-simulation/src/cubesat_sensors/src/imu_adapter.cpp:22:75:[m[K [01;31m[Kerror: [m[K‘[01m[K_1[m[K’ was not declared in this scope
[1.214s]        "imu_plugin/out", 10, std::bind(&ImuAdapter::AtMessageArival, this, [01;31m[K_1[m[K));
[1.215s]                                                                            [01;31m[K^~[m[K
[1.215s] [01m[K/home/matheuswagner/repos/adaptive-cubesat-adcs/cubesat-simulation/src/cubesat_sensors/src/imu_adapter.cpp:22:75:[m[K [01;36m[Knote: [m[Ksuggested alternative:
[1.215s] In file included from [01m[K/home/matheuswagner/repos/adaptive-cubesat-adcs/cubesat-simulation/src/cubesat_sensors/src/imu_adapter.cpp:2:0[m[K:
[1.215s] [01m[K/usr/include/c++/7/functional:275:34:[m[K [01;36m[Knote: [m[K  ‘[01m[Kstd::placeholders::_1[m[K’
[1.215s]      extern const _Placeholder<1> [01;36m[K_1[m[K;
[1.215s]                                   [01;36m[K^~[m[K
[1.653s] CMakeFiles/imu_adapter.dir/build.make:81: recipe for target 'CMakeFiles/imu_adapter.dir/src/imu_adapter.cpp.o' failed
[1.653s] make[2]: *** [CMakeFiles/imu_adapter.dir/src/imu_adapter.cpp.o] Error 1
[1.654s] CMakeFiles/Makefile2:95: recipe for target 'CMakeFiles/imu_adapter.dir/all' failed
[1.654s] make[1]: *** [CMakeFiles/imu_adapter.dir/all] Error 2
[1.654s] Makefile:159: recipe for target 'all' failed
[1.654s] make: *** [all] Error 2
[1.655s] Invoked command in '/home/matheuswagner/repos/adaptive-cubesat-adcs/cubesat-simulation/build/cubesat_sensors' returned '2': CMAKE_PREFIX_PATH=${CMAKE_PREFIX_PATH}:/home/matheuswagner/repos/adaptive-cubesat-adcs/cubesat-simulation/install/cubesat_description:/opt/ros/dashing /usr/local/bin/cmake --build /home/matheuswagner/repos/adaptive-cubesat-adcs/cubesat-simulation/build/cubesat_sensors -- -j8 -l8
