[1.142s] Invoking command in '/home/matheuswagner/repos/adaptive-cubesat-adcs/cubesat-simulation/build/cubesat_description': PYTHONPATH=/home/matheuswagner/repos/adaptive-cubesat-adcs/cubesat-simulation/install/cubesat_description/lib/python3.6/site-packages:${PYTHONPATH} /usr/bin/python3 setup.py develop --prefix /home/matheuswagner/repos/adaptive-cubesat-adcs/cubesat-simulation/install/cubesat_description --uninstall --editable --build-directory /home/matheuswagner/repos/adaptive-cubesat-adcs/cubesat-simulation/build/cubesat_description/build
[1.489s] /home/matheuswagner/.local/lib/python3.6/site-packages/setuptools/dist.py:726: UserWarning: Usage of dash-separated 'script-dir' will not be supported in future versions. Please use the underscore name 'script_dir' instead
[1.489s]   % (opt, underscore_opt)
[1.489s] /home/matheuswagner/.local/lib/python3.6/site-packages/setuptools/dist.py:726: UserWarning: Usage of dash-separated 'install-scripts' will not be supported in future versions. Please use the underscore name 'install_scripts' instead
[1.489s]   % (opt, underscore_opt)
[1.549s] running develop
[1.550s] /home/matheuswagner/.local/lib/python3.6/site-packages/setuptools/command/easy_install.py:159: EasyInstallDeprecationWarning: easy_install command is deprecated. Use build and pip and other standards-based tools.
[1.550s]   EasyInstallDeprecationWarning,
[1.551s] /home/matheuswagner/.local/lib/python3.6/site-packages/setuptools/command/install.py:37: SetuptoolsDeprecationWarning: setup.py install is deprecated. Use build and pip and other standards-based tools.
[1.551s]   setuptools.SetuptoolsDeprecationWarning,
[1.615s] /home/matheuswagner/.local/lib/python3.6/site-packages/pkg_resources/__init__.py:119: PkgResourcesDeprecationWarning: 0.18ubuntu0.18.04.1 is an invalid version and will not be supported in a future release
[1.615s]   PkgResourcesDeprecationWarning,
[1.802s] Invoked command in '/home/matheuswagner/repos/adaptive-cubesat-adcs/cubesat-simulation/build/cubesat_description' returned '0': PYTHONPATH=/home/matheuswagner/repos/adaptive-cubesat-adcs/cubesat-simulation/install/cubesat_description/lib/python3.6/site-packages:${PYTHONPATH} /usr/bin/python3 setup.py develop --prefix /home/matheuswagner/repos/adaptive-cubesat-adcs/cubesat-simulation/install/cubesat_description --uninstall --editable --build-directory /home/matheuswagner/repos/adaptive-cubesat-adcs/cubesat-simulation/build/cubesat_description/build
[1.806s] Invoking command in '/home/matheuswagner/repos/adaptive-cubesat-adcs/cubesat-simulation/src/cubesat_description': PYTHONPATH=/home/matheuswagner/repos/adaptive-cubesat-adcs/cubesat-simulation/install/cubesat_description/lib/python3.6/site-packages:${PYTHONPATH} /usr/bin/python3 setup.py egg_info --egg-base ../../build/cubesat_description build --build-base /home/matheuswagner/repos/adaptive-cubesat-adcs/cubesat-simulation/build/cubesat_description/build install --prefix /home/matheuswagner/repos/adaptive-cubesat-adcs/cubesat-simulation/install/cubesat_description --record /home/matheuswagner/repos/adaptive-cubesat-adcs/cubesat-simulation/build/cubesat_description/install.log --single-version-externally-managed
[2.160s] /home/matheuswagner/.local/lib/python3.6/site-packages/setuptools/dist.py:726: UserWarning: Usage of dash-separated 'script-dir' will not be supported in future versions. Please use the underscore name 'script_dir' instead
[2.160s]   % (opt, underscore_opt)
[2.160s] /home/matheuswagner/.local/lib/python3.6/site-packages/setuptools/dist.py:726: UserWarning: Usage of dash-separated 'install-scripts' will not be supported in future versions. Please use the underscore name 'install_scripts' instead
[2.161s]   % (opt, underscore_opt)
[2.196s] running egg_info
[2.197s] writing ../../build/cubesat_description/cubesat_description.egg-info/PKG-INFO
[2.197s] writing dependency_links to ../../build/cubesat_description/cubesat_description.egg-info/dependency_links.txt
[2.198s] writing entry points to ../../build/cubesat_description/cubesat_description.egg-info/entry_points.txt
[2.198s] writing requirements to ../../build/cubesat_description/cubesat_description.egg-info/requires.txt
[2.198s] writing top-level names to ../../build/cubesat_description/cubesat_description.egg-info/top_level.txt
[2.199s] reading manifest file '../../build/cubesat_description/cubesat_description.egg-info/SOURCES.txt'
[2.201s] writing manifest file '../../build/cubesat_description/cubesat_description.egg-info/SOURCES.txt'
[2.202s] running build
[2.202s] running build_py
[2.202s] running install
[2.202s] /home/matheuswagner/.local/lib/python3.6/site-packages/setuptools/command/install.py:37: SetuptoolsDeprecationWarning: setup.py install is deprecated. Use build and pip and other standards-based tools.
[2.202s]   setuptools.SetuptoolsDeprecationWarning,
[2.202s] running install_lib
[2.203s] running install_data
[2.204s] running install_egg_info
[2.206s] removing '/home/matheuswagner/repos/adaptive-cubesat-adcs/cubesat-simulation/install/cubesat_description/lib/python3.6/site-packages/cubesat_description-0.0.0-py3.6.egg-info' (and everything under it)
[2.206s] Copying ../../build/cubesat_description/cubesat_description.egg-info to /home/matheuswagner/repos/adaptive-cubesat-adcs/cubesat-simulation/install/cubesat_description/lib/python3.6/site-packages/cubesat_description-0.0.0-py3.6.egg-info
[2.207s] running install_scripts
[2.228s] writing list of installed files to '/home/matheuswagner/repos/adaptive-cubesat-adcs/cubesat-simulation/build/cubesat_description/install.log'
[2.274s] Invoked command in '/home/matheuswagner/repos/adaptive-cubesat-adcs/cubesat-simulation/src/cubesat_description' returned '0': PYTHONPATH=/home/matheuswagner/repos/adaptive-cubesat-adcs/cubesat-simulation/install/cubesat_description/lib/python3.6/site-packages:${PYTHONPATH} /usr/bin/python3 setup.py egg_info --egg-base ../../build/cubesat_description build --build-base /home/matheuswagner/repos/adaptive-cubesat-adcs/cubesat-simulation/build/cubesat_description/build install --prefix /home/matheuswagner/repos/adaptive-cubesat-adcs/cubesat-simulation/install/cubesat_description --record /home/matheuswagner/repos/adaptive-cubesat-adcs/cubesat-simulation/build/cubesat_description/install.log --single-version-externally-managed
