[0.016s] Invoking command in '/home/matheuswagner/repos/adaptive-cubesat-adcs/cubesat-simulation/build/controller': CMAKE_PREFIX_PATH=${CMAKE_PREFIX_PATH}:/home/matheuswagner/repos/adaptive-cubesat-adcs/cubesat-simulation/install/cubesat_description:/opt/ros/foxy /usr/bin/cmake --build /home/matheuswagner/repos/adaptive-cubesat-adcs/cubesat-simulation/build/controller -- -j8 -l8
[0.071s] [35m[1mScanning dependencies of target controller[0m
[0.110s] [ 50%] [32mBuilding CXX object CMakeFiles/controller.dir/src/controller.cpp.o[0m
[0.353s] In file included from [01m[K/home/matheuswagner/repos/adaptive-cubesat-adcs/cubesat-simulation/src/controller/src/../include/../include/hybrid_controller.h:6[m[K,
[0.353s]                  from [01m[K/home/matheuswagner/repos/adaptive-cubesat-adcs/cubesat-simulation/src/controller/src/../include/controller_smartdata.h:11[m[K,
[0.354s]                  from [01m[K/home/matheuswagner/repos/adaptive-cubesat-adcs/cubesat-simulation/src/controller/src/controller.cpp:3[m[K:
[0.354s] [01m[K/home/matheuswagner/repos/adaptive-cubesat-adcs/cubesat-simulation/src/controller/src/../include/../include/adaptive_controller_system.h:56:24:[m[K [01;35m[Kwarning: [m[Kmissing terminating " character
[0.354s]    56 |             logfile << [01;35m[K"[m[Kvelocityx,velocityy,velocityz, attitudew,attitudex,attitudey,attitudez, filtered velocityx,filtered velocityy,filtered velocityz,
[0.354s]       |                        [01;35m[K^[m[K
[0.354s] [01m[K/home/matheuswagner/repos/adaptive-cubesat-adcs/cubesat-simulation/src/controller/src/../include/../include/adaptive_controller_system.h:56:24:[m[K [01;31m[Kerror: [m[Kmissing terminating " character
[0.354s]    56 |             logfile << [01;31m[K"velocityx,velocityy,velocityz, attitudew,attitudex,attitudey,attitudez, filtered velocityx,filtered velocityy,filtered velocityz,[m[K
[0.354s]       |                        [01;31m[K^~~~~~~~~~~~~~~~~~~~~~~~~~~~~~~~~~~~~~~~~~~~~~~~~~~~~~~~~~~~~~~~~~~~~~~~~~~~~~~~~~~~~~~~~~~~~~~~~~~~~~~~~~~~~~~~~~~~~~~~~~~~~~~~~~[m[K 
[0.354s] [01m[K/home/matheuswagner/repos/adaptive-cubesat-adcs/cubesat-simulation/src/controller/src/../include/../include/adaptive_controller_system.h:58:115:[m[K [01;31m[Kerror: [m[Kstray ‘[01m[K\[m[K’ in program
[0.354s]    58 |                             sliding variabley, sliding variablez, control signalx,control signaly,control signalz [01;31m[K\[m[Kn";
[0.355s]       |                                                                                                                   [01;31m[K^[m[K
[0.355s] [01m[K/home/matheuswagner/repos/adaptive-cubesat-adcs/cubesat-simulation/src/controller/src/../include/../include/adaptive_controller_system.h:58:117:[m[K [01;35m[Kwarning: [m[Kmissing terminating " character
[0.355s]    58 |                             sliding variabley, sliding variablez, control signalx,control signaly,control signalz \n[01;35m[K"[m[K;
[0.355s]       |                                                                                                                     [01;35m[K^[m[K
[0.355s] [01m[K/home/matheuswagner/repos/adaptive-cubesat-adcs/cubesat-simulation/src/controller/src/../include/../include/adaptive_controller_system.h:58:117:[m[K [01;31m[Kerror: [m[Kmissing terminating " character
[0.355s]    58 |                             sliding variabley, sliding variablez, control signalx,control signaly,control signalz \n[01;31m[K";[m[K
[0.355s]       |                                                                                                                     [01;31m[K^~[m[K
[0.355s] [01m[K/home/matheuswagner/repos/adaptive-cubesat-adcs/cubesat-simulation/src/controller/src/../include/../include/adaptive_controller_system.h:155:24:[m[K [01;35m[Kwarning: [m[Kmissing terminating " character
[0.356s]   155 |             logfile << [01;35m[K"[m[Kvelocityx,velocityy,velocityz, attitudew,attitudex,attitudey,attitudez, filtered velocityx,filtered velocityy,filtered velocityz,
[0.356s]       |                        [01;35m[K^[m[K
[0.356s] [01m[K/home/matheuswagner/repos/adaptive-cubesat-adcs/cubesat-simulation/src/controller/src/../include/../include/adaptive_controller_system.h:155:24:[m[K [01;31m[Kerror: [m[Kmissing terminating " character
[0.356s]   155 |             logfile << [01;31m[K"velocityx,velocityy,velocityz, attitudew,attitudex,attitudey,attitudez, filtered velocityx,filtered velocityy,filtered velocityz,[m[K
[0.356s]       |                        [01;31m[K^~~~~~~~~~~~~~~~~~~~~~~~~~~~~~~~~~~~~~~~~~~~~~~~~~~~~~~~~~~~~~~~~~~~~~~~~~~~~~~~~~~~~~~~~~~~~~~~~~~~~~~~~~~~~~~~~~~~~~~~~~~~~~~~~~[m[K 
[0.356s] [01m[K/home/matheuswagner/repos/adaptive-cubesat-adcs/cubesat-simulation/src/controller/src/../include/../include/adaptive_controller_system.h:157:115:[m[K [01;31m[Kerror: [m[Kstray ‘[01m[K\[m[K’ in program
[0.356s]   157 |                             sliding variabley, sliding variablez, control signalx,control signaly,control signalz [01;31m[K\[m[Kn";
[0.356s]       |                                                                                                                   [01;31m[K^[m[K
[0.356s] [01m[K/home/matheuswagner/repos/adaptive-cubesat-adcs/cubesat-simulation/src/controller/src/../include/../include/adaptive_controller_system.h:157:117:[m[K [01;35m[Kwarning: [m[Kmissing terminating " character
[0.356s]   157 |                             sliding variabley, sliding variablez, control signalx,control signaly,control signalz \n[01;35m[K"[m[K;
[0.356s]       |                                                                                                                     [01;35m[K^[m[K
[0.356s] [01m[K/home/matheuswagner/repos/adaptive-cubesat-adcs/cubesat-simulation/src/controller/src/../include/../include/adaptive_controller_system.h:157:117:[m[K [01;31m[Kerror: [m[Kmissing terminating " character
[0.356s]   157 |                             sliding variabley, sliding variablez, control signalx,control signaly,control signalz \n[01;31m[K";[m[K
[0.357s]       |                                                                                                                     [01;31m[K^~[m[K
[0.357s] In file included from [01m[K/home/matheuswagner/repos/adaptive-cubesat-adcs/cubesat-simulation/src/controller/src/../include/controller_smartdata.h:12[m[K,
[0.357s]                  from [01m[K/home/matheuswagner/repos/adaptive-cubesat-adcs/cubesat-simulation/src/controller/src/controller.cpp:3[m[K:
[0.357s] [01m[K/home/matheuswagner/repos/adaptive-cubesat-adcs/cubesat-simulation/src/controller/src/../include/../include/adaptive_controller_system.h:56:24:[m[K [01;35m[Kwarning: [m[Kmissing terminating " character
[0.357s]    56 |             logfile << [01;35m[K"[m[Kvelocityx,velocityy,velocityz, attitudew,attitudex,attitudey,attitudez, filtered velocityx,filtered velocityy,filtered velocityz,
[0.357s]       |                        [01;35m[K^[m[K
[0.357s] [01m[K/home/matheuswagner/repos/adaptive-cubesat-adcs/cubesat-simulation/src/controller/src/../include/../include/adaptive_controller_system.h:58:117:[m[K [01;35m[Kwarning: [m[Kmissing terminating " character
[0.357s]    58 |                             sliding variabley, sliding variablez, control signalx,control signaly,control signalz \n[01;35m[K"[m[K;
[0.358s]       |                                                                                                                     [01;35m[K^[m[K
[0.358s] [01m[K/home/matheuswagner/repos/adaptive-cubesat-adcs/cubesat-simulation/src/controller/src/../include/../include/adaptive_controller_system.h:155:24:[m[K [01;35m[Kwarning: [m[Kmissing terminating " character
[0.358s]   155 |             logfile << [01;35m[K"[m[Kvelocityx,velocityy,velocityz, attitudew,attitudex,attitudey,attitudez, filtered velocityx,filtered velocityy,filtered velocityz,
[0.358s]       |                        [01;35m[K^[m[K
[0.358s] [01m[K/home/matheuswagner/repos/adaptive-cubesat-adcs/cubesat-simulation/src/controller/src/../include/../include/adaptive_controller_system.h:157:117:[m[K [01;35m[Kwarning: [m[Kmissing terminating " character
[0.358s]   157 |                             sliding variabley, sliding variablez, control signalx,control signaly,control signalz \n[01;35m[K"[m[K;
[0.358s]       |                                                                                                                     [01;35m[K^[m[K
[0.533s] In file included from [01m[K/home/matheuswagner/repos/adaptive-cubesat-adcs/cubesat-simulation/src/controller/src/../include/smartdata.h:5[m[K,
[0.533s]                  from [01m[K/home/matheuswagner/repos/adaptive-cubesat-adcs/cubesat-simulation/src/controller/src/../include/local_smartdata.h:4[m[K,
[0.533s]                  from [01m[K/home/matheuswagner/repos/adaptive-cubesat-adcs/cubesat-simulation/src/controller/src/controller.cpp:1[m[K:
[0.533s] [01m[K/home/matheuswagner/repos/adaptive-cubesat-adcs/cubesat-simulation/src/controller/src/../include/observer.h:[m[K In member function ‘[01m[Kvirtual void Observer::notify(int)[m[K’:
[0.534s] [01m[K/home/matheuswagner/repos/adaptive-cubesat-adcs/cubesat-simulation/src/controller/src/../include/observer.h:8:33:[m[K [01;35m[Kwarning: [m[Kunused parameter ‘[01m[Kid[m[K’ [[01;35m[K-Wunused-parameter[m[K]
[0.534s]     8 |         virtual void notify([01;35m[Kint id[m[K){};
[0.534s]       |                             [01;35m[K~~~~^~[m[K
[2.893s] In file included from [01m[K/home/matheuswagner/repos/adaptive-cubesat-adcs/cubesat-simulation/src/controller/src/../include/../include/disturbance_predictor.h:8[m[K,
[2.894s]                  from [01m[K/home/matheuswagner/repos/adaptive-cubesat-adcs/cubesat-simulation/src/controller/src/../include/../include/satellite_model.h:8[m[K,
[2.894s]                  from [01m[K/home/matheuswagner/repos/adaptive-cubesat-adcs/cubesat-simulation/src/controller/src/../include/../include/feedback_linearization_controller.h:6[m[K,
[2.894s]                  from [01m[K/home/matheuswagner/repos/adaptive-cubesat-adcs/cubesat-simulation/src/controller/src/../include/../include/adaptive_controller_system.h:4[m[K,
[2.894s]                  from [01m[K/home/matheuswagner/repos/adaptive-cubesat-adcs/cubesat-simulation/src/controller/src/../include/../include/hybrid_controller.h:6[m[K,
[2.894s]                  from [01m[K/home/matheuswagner/repos/adaptive-cubesat-adcs/cubesat-simulation/src/controller/src/../include/controller_smartdata.h:11[m[K,
[2.894s]                  from [01m[K/home/matheuswagner/repos/adaptive-cubesat-adcs/cubesat-simulation/src/controller/src/controller.cpp:3[m[K:
[2.894s] [01m[K/home/matheuswagner/repos/adaptive-cubesat-adcs/cubesat-simulation/src/controller/src/../include/../include/chebyshev_polynomials.h:[m[K In static member function ‘[01m[Kstatic float ChebyshevPolynomials::T0(float)[m[K’:
[2.894s] [01m[K/home/matheuswagner/repos/adaptive-cubesat-adcs/cubesat-simulation/src/controller/src/../include/../include/chebyshev_polynomials.h:9:31:[m[K [01;35m[Kwarning: [m[Kunused parameter ‘[01m[Kx[m[K’ [[01;35m[K-Wunused-parameter[m[K]
[2.894s]     9 |         static float T0([01;35m[Kfloat x[m[K)
[2.894s]       |                         [01;35m[K~~~~~~^[m[K
[3.236s] In file included from [01m[K/home/matheuswagner/repos/adaptive-cubesat-adcs/cubesat-simulation/src/controller/src/../include/../include/feedback_linearization_controller.h:6[m[K,
[3.236s]                  from [01m[K/home/matheuswagner/repos/adaptive-cubesat-adcs/cubesat-simulation/src/controller/src/../include/../include/adaptive_controller_system.h:4[m[K,
[3.236s]                  from [01m[K/home/matheuswagner/repos/adaptive-cubesat-adcs/cubesat-simulation/src/controller/src/../include/../include/hybrid_controller.h:6[m[K,
[3.236s]                  from [01m[K/home/matheuswagner/repos/adaptive-cubesat-adcs/cubesat-simulation/src/controller/src/../include/controller_smartdata.h:11[m[K,
[3.236s]                  from [01m[K/home/matheuswagner/repos/adaptive-cubesat-adcs/cubesat-simulation/src/controller/src/controller.cpp:3[m[K:
[3.236s] [01m[K/home/matheuswagner/repos/adaptive-cubesat-adcs/cubesat-simulation/src/controller/src/../include/../include/satellite_model.h:[m[K In member function ‘[01m[Kvoid SatelliteModel::UpdateDynamicMatrix(Eigen::Matrix<float, 3, 1>, Eigen::Matrix<float, 3, 1>, Eigen::Matrix<float, 3, 1>, Eigen::Quaternion<float>)[m[K’:
[3.236s] [01m[K/home/matheuswagner/repos/adaptive-cubesat-adcs/cubesat-simulation/src/controller/src/../include/../include/satellite_model.h:25:195:[m[K [01;35m[Kwarning: [m[Kunused parameter ‘[01m[Kattitude[m[K’ [[01;35m[K-Wunused-parameter[m[K]
[3.236s]    25 | float,3,1> slidingVariable, Eigen::Matrix<float,3,1> satelliteVelocity, Eigen::Matrix<float,3,1> reactionWheelVelocities, [01;35m[KEigen::Quaternion<float> attitude[m[K)
[3.236s]       |                                                                                                                           [01;35m[K~~~~~~~~~~~~~~~~~~~~~~~~~^~~~~~~~[m[K
[3.237s] 
[3.506s] In file included from [01m[K/home/matheuswagner/repos/adaptive-cubesat-adcs/cubesat-simulation/src/controller/src/../include/../include/feedback_linearization_controller.h:6[m[K,
[3.506s]                  from [01m[K/home/matheuswagner/repos/adaptive-cubesat-adcs/cubesat-simulation/src/controller/src/../include/../include/adaptive_controller_system.h:4[m[K,
[3.506s]                  from [01m[K/home/matheuswagner/repos/adaptive-cubesat-adcs/cubesat-simulation/src/controller/src/../include/../include/hybrid_controller.h:6[m[K,
[3.506s]                  from [01m[K/home/matheuswagner/repos/adaptive-cubesat-adcs/cubesat-simulation/src/controller/src/../include/controller_smartdata.h:11[m[K,
[3.506s]                  from [01m[K/home/matheuswagner/repos/adaptive-cubesat-adcs/cubesat-simulation/src/controller/src/controller.cpp:3[m[K:
[3.506s] [01m[K/home/matheuswagner/repos/adaptive-cubesat-adcs/cubesat-simulation/src/controller/src/../include/../include/satellite_model.h:[m[K In member function ‘[01m[KEigen::Matrix<float, 3, 1> SatelliteModel::InverseDynamicsSignal(Eigen::Matrix<float, 3, 1>, Eigen::Matrix<float, 3, 1>, Eigen::Matrix<float, 3, 1>, Eigen::Quaternion<float>)[m[K’:
[3.507s] [01m[K/home/matheuswagner/repos/adaptive-cubesat-adcs/cubesat-simulation/src/controller/src/../include/../include/satellite_model.h:120:81:[m[K [01;35m[Kwarning: [m[Kunused parameter ‘[01m[KslidingVariable[m[K’ [[01;35m[K-Wunused-parameter[m[K]
[3.507s]   120 |         Eigen::Matrix<float,3,1> InverseDynamicsSignal([01;35m[KEigen::Matrix<float,3,1> slidingVariable[m[K, Eigen::Matrix<float,3,1> satelliteVelocity, Eigen::Matrix<float,3,1> reactionWheelVelocities, Eigen::Quaternion<float> attitude)
[3.507s]       |                                                        [01;35m[K~~~~~~~~~~~~~~~~~~~~~~~~~^~~~~~~~~~~~~~~[m[K
[3.707s] In file included from [01m[K/home/matheuswagner/repos/adaptive-cubesat-adcs/cubesat-simulation/src/controller/src/../include/../include/hybrid_controller.h:6[m[K,
[3.707s]                  from [01m[K/home/matheuswagner/repos/adaptive-cubesat-adcs/cubesat-simulation/src/controller/src/../include/controller_smartdata.h:11[m[K,
[3.707s]                  from [01m[K/home/matheuswagner/repos/adaptive-cubesat-adcs/cubesat-simulation/src/controller/src/controller.cpp:3[m[K:
[3.707s] [01m[K/home/matheuswagner/repos/adaptive-cubesat-adcs/cubesat-simulation/src/controller/src/../include/../include/adaptive_controller_system.h:[m[K In constructor ‘[01m[KAdaptiveControllerControlSystem::AdaptiveControllerControlSystem(DisturbancePredictor, SatelliteModel, FeedbackLinearizationControler, bool)[m[K’:
[3.707s] [01m[K/home/matheuswagner/repos/adaptive-cubesat-adcs/cubesat-simulation/src/controller/src/../include/../include/adaptive_controller_system.h:57:29:[m[K [01;31m[Kerror: [m[K‘[01m[Kfiltered[m[K’ was not declared in this scope; did you mean ‘[01m[Kfilters[m[K’?
[3.707s]    57 |                             [01;31m[Kfiltered[m[K attitudew,filtered attitudex,filtered attitudey,filtered attitudez, sliding variablex,
[3.707s]       |                             [01;31m[K^~~~~~~~[m[K
[3.707s]       |                             [32m[Kfilters[m[K
[3.740s] [01m[K/home/matheuswagner/repos/adaptive-cubesat-adcs/cubesat-simulation/src/controller/src/../include/../include/adaptive_controller_system.h:53:62:[m[K [01;35m[Kwarning: [m[Kunused parameter ‘[01m[KdisturbancePredictor[m[K’ [[01;35m[K-Wunused-parameter[m[K]
[3.740s]    53 |         AdaptiveControllerControlSystem([01;35m[KDisturbancePredictor disturbancePredictor[m[K,SatelliteModel satelliteModel,
[3.740s]       |                                         [01;35m[K~~~~~~~~~~~~~~~~~~~~~^~~~~~~~~~~~~~~~~~~~[m[K
[3.740s] [01m[K/home/matheuswagner/repos/adaptive-cubesat-adcs/cubesat-simulation/src/controller/src/../include/../include/adaptive_controller_system.h:54:89:[m[K [01;35m[Kwarning: [m[Kunused parameter ‘[01m[Kadaptive[m[K’ [[01;35m[K-Wunused-parameter[m[K]
[3.741s]    54 |                                         FeedbackLinearizationControler controller, [01;35m[Kbool adaptive[m[K)
[3.741s]       |                                                                                    [01;35m[K~~~~~^~~~~~~~[m[K
[3.749s] [01m[K/home/matheuswagner/repos/adaptive-cubesat-adcs/cubesat-simulation/src/controller/src/../include/../include/adaptive_controller_system.h:[m[K In member function ‘[01m[Kvoid AdaptiveControllerControlSystem::UpdateControlSignal(Eigen::Matrix<float, 3, 1>, Eigen::Matrix<float, 3, 1>, Eigen::Quaternion<float>)[m[K’:
[3.749s] [01m[K/home/matheuswagner/repos/adaptive-cubesat-adcs/cubesat-simulation/src/controller/src/../include/../include/adaptive_controller_system.h:146:109:[m[K [01;31m[Kerror: [m[Kexpected primary-expression before ‘[01m[K<<[m[K’ token
[3.749s]   146 |                     << attitude.w() << "," << attitude.x() << "," << attitude.y() << "," << attitude.z() << [01;31m[K<<[m[K ","
[3.749s]       |                                                                                                             [01;31m[K^~[m[K
[3.753s] [01m[K/home/matheuswagner/repos/adaptive-cubesat-adcs/cubesat-simulation/src/controller/src/../include/../include/adaptive_controller_system.h:149:24:[m[K [01;31m[Kerror: [m[K‘[01m[KslidingVariable[m[K’ was not declared in this scope; did you mean ‘[01m[KSlidingVariable[m[K’?
[3.753s]   149 |                     << [01;31m[KslidingVariable[m[K(0) << "," << slidingVariable(1) << "," << slidingVariable(2) << ","
[3.753s]       |                        [01;31m[K^~~~~~~~~~~~~~~[m[K
[3.753s]       |                        [32m[KSlidingVariable[m[K
[3.758s] [01m[K/home/matheuswagner/repos/adaptive-cubesat-adcs/cubesat-simulation/src/controller/src/../include/../include/adaptive_controller_system.h:152:13:[m[K [01;31m[Kerror: [m[K‘[01m[KresultsFile[m[K’ was not declared in this scope
[3.758s]   152 |             [01;31m[KresultsFile[m[K.close();
[3.758s]       |             [01;31m[K^~~~~~~~~~~[m[K
[3.760s] [01m[K/home/matheuswagner/repos/adaptive-cubesat-adcs/cubesat-simulation/src/controller/src/../include/../include/adaptive_controller_system.h:156:29:[m[K [01;31m[Kerror: [m[K‘[01m[Kfiltered[m[K’ was not declared in this scope; did you mean ‘[01m[Kfilters[m[K’?
[3.760s]   156 |                             [01;31m[Kfiltered[m[K attitudew,filtered attitudex,filtered attitudey,filtered attitudez, sliding variablex,
[3.760s]       |                             [01;31m[K^~~~~~~~[m[K
[3.760s]       |                             [32m[Kfilters[m[K
[5.048s] In file included from [01m[K/home/matheuswagner/repos/adaptive-cubesat-adcs/cubesat-simulation/src/controller/src/../include/controller_smartdata.h:11[m[K,
[5.048s]                  from [01m[K/home/matheuswagner/repos/adaptive-cubesat-adcs/cubesat-simulation/src/controller/src/controller.cpp:3[m[K:
[5.048s] [01m[K/home/matheuswagner/repos/adaptive-cubesat-adcs/cubesat-simulation/src/controller/src/../include/../include/hybrid_controller.h:[m[K In constructor ‘[01m[KHybridController::HybridController(SignalMonitor<HybridController>*, AdaptiveControllerControlSystem, NonAdaptiveControlSystem, SlidingControllerSystem)[m[K’:
[5.048s] [01m[K/home/matheuswagner/repos/adaptive-cubesat-adcs/cubesat-simulation/src/controller/src/../include/../include/hybrid_controller.h:34:40:[m[K [01;31m[Kerror: [m[Kuse of deleted function ‘[01m[KAdaptiveControllerControlSystem& AdaptiveControllerControlSystem::operator=(const AdaptiveControllerControlSystem&)[m[K’
[5.048s]    34 |             this->adaptiveController = [01;31m[KadaptiveController[m[K;
[5.049s]       |                                        [01;31m[K^~~~~~~~~~~~~~~~~~[m[K
[5.049s] In file included from [01m[K/home/matheuswagner/repos/adaptive-cubesat-adcs/cubesat-simulation/src/controller/src/../include/../include/hybrid_controller.h:6[m[K,
[5.049s]                  from [01m[K/home/matheuswagner/repos/adaptive-cubesat-adcs/cubesat-simulation/src/controller/src/../include/controller_smartdata.h:11[m[K,
[5.049s]                  from [01m[K/home/matheuswagner/repos/adaptive-cubesat-adcs/cubesat-simulation/src/controller/src/controller.cpp:3[m[K:
[5.049s] [01m[K/home/matheuswagner/repos/adaptive-cubesat-adcs/cubesat-simulation/src/controller/src/../include/../include/adaptive_controller_system.h:13:7:[m[K [01;36m[Knote: [m[K‘[01m[KAdaptiveControllerControlSystem& AdaptiveControllerControlSystem::operator=(const AdaptiveControllerControlSystem&)[m[K’ is implicitly deleted because the default definition would be ill-formed:
[5.049s]    13 | class [01;36m[KAdaptiveControllerControlSystem[m[K
[5.049s]       |       [01;36m[K^~~~~~~~~~~~~~~~~~~~~~~~~~~~~~~[m[K
[5.049s] [01m[K/home/matheuswagner/repos/adaptive-cubesat-adcs/cubesat-simulation/src/controller/src/../include/../include/adaptive_controller_system.h:13:7:[m[K [01;31m[Kerror: [m[Kuse of deleted function ‘[01m[Kstd::basic_ofstream<_CharT, _Traits>& std::basic_ofstream<_CharT, _Traits>::operator=(const std::basic_ofstream<_CharT, _Traits>&) [with _CharT = char; _Traits = std::char_traits<char>][m[K’
[5.050s] In file included from [01m[K/home/matheuswagner/repos/adaptive-cubesat-adcs/cubesat-simulation/src/controller/src/../include/../include/adaptive_controller_system.h:11[m[K,
[5.050s]                  from [01m[K/home/matheuswagner/repos/adaptive-cubesat-adcs/cubesat-simulation/src/controller/src/../include/../include/hybrid_controller.h:6[m[K,
[5.050s]                  from [01m[K/home/matheuswagner/repos/adaptive-cubesat-adcs/cubesat-simulation/src/controller/src/../include/controller_smartdata.h:11[m[K,
[5.050s]                  from [01m[K/home/matheuswagner/repos/adaptive-cubesat-adcs/cubesat-simulation/src/controller/src/controller.cpp:3[m[K:
[5.050s] [01m[K/usr/include/c++/9/fstream:869:7:[m[K [01;36m[Knote: [m[Kdeclared here
[5.050s]   869 |       [01;36m[Koperator[m[K=(const basic_ofstream&) = delete;
[5.051s]       |       [01;36m[K^~~~~~~~[m[K
[5.201s] In file included from [01m[K/home/matheuswagner/repos/adaptive-cubesat-adcs/cubesat-simulation/src/controller/src/controller.cpp:3[m[K:
[5.201s] [01m[K/home/matheuswagner/repos/adaptive-cubesat-adcs/cubesat-simulation/src/controller/src/../include/controller_smartdata.h:[m[K At global scope:
[5.201s] [01m[K/home/matheuswagner/repos/adaptive-cubesat-adcs/cubesat-simulation/src/controller/src/../include/controller_smartdata.h:38:147:[m[K [01;35m[Kwarning: [m[Kextra ‘[01m[K;[m[K’ [[01;35m[K-Wpedantic[m[K]
[5.201s]    38 |         std::shared_ptr<LocalSmartData<Eigen::Quaternion<float>,PluginOrientationSensor,ControllerSmartData<HybridController,float>>> orientation;[01;35m[K;[m[K
[5.201s]       |                                                                                                                                                   [01;35m[K^[m[K
[5.201s]       |                                                                                                                                                   [31m[K-[m[K
[5.668s] In file included from [01m[K/home/matheuswagner/repos/adaptive-cubesat-adcs/cubesat-simulation/src/controller/src/../include/local_smartdata.h:4[m[K,
[5.668s]                  from [01m[K/home/matheuswagner/repos/adaptive-cubesat-adcs/cubesat-simulation/src/controller/src/controller.cpp:1[m[K:
[5.668s] /home/matheuswagner/repos/adaptive-cubesat-adcs/cubesat-simulation/src/controller/src/../include/smartdata.h: In instantiation of ‘[01m[Kvoid SmartData<Value>::setValue(Value) [with Value = Eigen::Quaternion<float>][m[K’:
[5.668s] [01m[K/home/matheuswagner/repos/adaptive-cubesat-adcs/cubesat-simulation/src/controller/src/../include/../include/plugin_orientation_sensor.h:55:50:[m[K   required from here
[5.668s] [01m[K/home/matheuswagner/repos/adaptive-cubesat-adcs/cubesat-simulation/src/controller/src/../include/smartdata.h:40:37:[m[K [01;35m[Kwarning: [m[Kunused parameter ‘[01m[Kvalue[m[K’ [[01;35m[K-Wunused-parameter[m[K]
[5.669s]    40 |         virtual void setValue([01;35m[KValue value[m[K){}
[5.669s]       |                               [01;35m[K~~~~~~^~~~~[m[K
[5.669s] /home/matheuswagner/repos/adaptive-cubesat-adcs/cubesat-simulation/src/controller/src/../include/smartdata.h: In instantiation of ‘[01m[KValue SmartData<Value>::update() [with Value = Eigen::Quaternion<float>][m[K’:
[5.669s] [01m[K/home/matheuswagner/repos/adaptive-cubesat-adcs/cubesat-simulation/src/controller/src/../include/../include/plugin_orientation_sensor.h:56:37:[m[K   required from here
[5.669s] [01m[K/home/matheuswagner/repos/adaptive-cubesat-adcs/cubesat-simulation/src/controller/src/../include/smartdata.h:38:32:[m[K [01;35m[Kwarning: [m[Kno return statement in function returning non-void [[01;35m[K-Wreturn-type[m[K]
[5.669s]    38 |         virtual Value update(){[01;35m[K}[m[K
[5.669s]       |                                [01;35m[K^[m[K
[5.673s] /home/matheuswagner/repos/adaptive-cubesat-adcs/cubesat-simulation/src/controller/src/../include/smartdata.h: In instantiation of ‘[01m[Kvoid SmartData<Value>::setValue(Value) [with Value = float][m[K’:
[5.673s] [01m[K/home/matheuswagner/repos/adaptive-cubesat-adcs/cubesat-simulation/src/controller/src/../include/../include/plugin_gyroscope.h:49:50:[m[K   required from here
[5.673s] [01m[K/home/matheuswagner/repos/adaptive-cubesat-adcs/cubesat-simulation/src/controller/src/../include/smartdata.h:40:37:[m[K [01;35m[Kwarning: [m[Kunused parameter ‘[01m[Kvalue[m[K’ [[01;35m[K-Wunused-parameter[m[K]
[5.674s]    40 |         virtual void setValue([01;35m[KValue value[m[K){}
[5.674s]       |                               [01;35m[K~~~~~~^~~~~[m[K
[5.674s] /home/matheuswagner/repos/adaptive-cubesat-adcs/cubesat-simulation/src/controller/src/../include/smartdata.h: In instantiation of ‘[01m[KValue SmartData<Value>::update() [with Value = float][m[K’:
[5.674s] [01m[K/home/matheuswagner/repos/adaptive-cubesat-adcs/cubesat-simulation/src/controller/src/../include/../include/plugin_gyroscope.h:50:37:[m[K   required from here
[5.674s] [01m[K/home/matheuswagner/repos/adaptive-cubesat-adcs/cubesat-simulation/src/controller/src/../include/smartdata.h:38:32:[m[K [01;35m[Kwarning: [m[Kno return statement in function returning non-void [[01;35m[K-Wreturn-type[m[K]
[5.674s]    38 |         virtual Value update(){[01;35m[K}[m[K
[5.674s]       |                                [01;35m[K^[m[K
[5.676s] /home/matheuswagner/repos/adaptive-cubesat-adcs/cubesat-simulation/src/controller/src/../include/smartdata.h: In instantiation of ‘[01m[KValue SmartData<Value>::value() [with Value = float][m[K’:
[5.677s] [01m[K/home/matheuswagner/repos/adaptive-cubesat-adcs/cubesat-simulation/src/controller/src/../include/../include/plugin_motor_driver.h:46:51:[m[K   required from here
[5.677s] [01m[K/home/matheuswagner/repos/adaptive-cubesat-adcs/cubesat-simulation/src/controller/src/../include/smartdata.h:36:31:[m[K [01;35m[Kwarning: [m[Kno return statement in function returning non-void [[01;35m[K-Wreturn-type[m[K]
[5.677s]    36 |         virtual Value value(){[01;35m[K}[m[K
[5.677s]       |                               [01;35m[K^[m[K
[10.576s] In file included from [01m[K/usr/include/x86_64-linux-gnu/c++/9/bits/c++allocator.h:33[m[K,
[10.576s]                  from [01m[K/usr/include/c++/9/bits/allocator.h:46[m[K,
[10.576s]                  from [01m[K/usr/include/c++/9/list:61[m[K,
[10.576s]                  from [01m[K/home/matheuswagner/repos/adaptive-cubesat-adcs/cubesat-simulation/src/controller/src/../include/observed.h:4[m[K,
[10.577s]                  from [01m[K/home/matheuswagner/repos/adaptive-cubesat-adcs/cubesat-simulation/src/controller/src/../include/smartdata.h:4[m[K,
[10.577s]                  from [01m[K/home/matheuswagner/repos/adaptive-cubesat-adcs/cubesat-simulation/src/controller/src/../include/local_smartdata.h:4[m[K,
[10.577s]                  from [01m[K/home/matheuswagner/repos/adaptive-cubesat-adcs/cubesat-simulation/src/controller/src/controller.cpp:1[m[K:
[10.577s] /usr/include/c++/9/ext/new_allocator.h: In instantiation of ‘[01m[Kvoid __gnu_cxx::new_allocator<_Tp>::construct(_Up*, _Args&& ...) [with _Up = HybridController; _Args = {SignalMonitor<HybridController>*&, AdaptiveControllerControlSystem&, NonAdaptiveControlSystem&, SlidingControllerSystem&}; _Tp = HybridController][m[K’:
[10.577s] [01m[K/usr/include/c++/9/bits/alloc_traits.h:483:4:[m[K   required from ‘[01m[Kstatic void std::allocator_traits<std::allocator<_Tp1> >::construct(std::allocator_traits<std::allocator<_Tp1> >::allocator_type&, _Up*, _Args&& ...) [with _Up = HybridController; _Args = {SignalMonitor<HybridController>*&, AdaptiveControllerControlSystem&, NonAdaptiveControlSystem&, SlidingControllerSystem&}; _Tp = HybridController; std::allocator_traits<std::allocator<_Tp1> >::allocator_type = std::allocator<HybridController>][m[K’
[10.577s] [01m[K/usr/include/c++/9/bits/shared_ptr_base.h:548:39:[m[K   required from ‘[01m[Kstd::_Sp_counted_ptr_inplace<_Tp, _Alloc, _Lp>::_Sp_counted_ptr_inplace(_Alloc, _Args&& ...) [with _Args = {SignalMonitor<HybridController>*&, AdaptiveControllerControlSystem&, NonAdaptiveControlSystem&, SlidingControllerSystem&}; _Tp = HybridController; _Alloc = std::allocator<HybridController>; __gnu_cxx::_Lock_policy _Lp = __gnu_cxx::_S_atomic][m[K’
[10.577s] [01m[K/usr/include/c++/9/bits/shared_ptr_base.h:679:16:[m[K   required from ‘[01m[Kstd::__shared_count<_Lp>::__shared_count(_Tp*&, std::_Sp_alloc_shared_tag<_Alloc>, _Args&& ...) [with _Tp = HybridController; _Alloc = std::allocator<HybridController>; _Args = {SignalMonitor<HybridController>*&, AdaptiveControllerControlSystem&, NonAdaptiveControlSystem&, SlidingControllerSystem&}; __gnu_cxx::_Lock_policy _Lp = __gnu_cxx::_S_atomic][m[K’
[10.577s] [01m[K/usr/include/c++/9/bits/shared_ptr_base.h:1344:71:[m[K   required from ‘[01m[Kstd::__shared_ptr<_Tp, _Lp>::__shared_ptr(std::_Sp_alloc_shared_tag<_Tp>, _Args&& ...) [with _Alloc = std::allocator<HybridController>; _Args = {SignalMonitor<HybridController>*&, AdaptiveControllerControlSystem&, NonAdaptiveControlSystem&, SlidingControllerSystem&}; _Tp = HybridController; __gnu_cxx::_Lock_policy _Lp = __gnu_cxx::_S_atomic][m[K’
[10.577s] [01m[K/usr/include/c++/9/bits/shared_ptr.h:359:59:[m[K   required from ‘[01m[Kstd::shared_ptr<_Tp>::shared_ptr(std::_Sp_alloc_shared_tag<_Tp>, _Args&& ...) [with _Alloc = std::allocator<HybridController>; _Args = {SignalMonitor<HybridController>*&, AdaptiveControllerControlSystem&, NonAdaptiveControlSystem&, SlidingControllerSystem&}; _Tp = HybridController][m[K’
[10.577s] [01m[K/usr/include/c++/9/bits/shared_ptr.h:701:14:[m[K   required from ‘[01m[Kstd::shared_ptr<_Tp> std::allocate_shared(const _Alloc&, _Args&& ...) [with _Tp = HybridController; _Alloc = std::allocator<HybridController>; _Args = {SignalMonitor<HybridController>*&, AdaptiveControllerControlSystem&, NonAdaptiveControlSystem&, SlidingControllerSystem&}][m[K’
[10.578s] [01m[K/usr/include/c++/9/bits/shared_ptr.h:717:39:[m[K   required from ‘[01m[Kstd::shared_ptr<_Tp> std::make_shared(_Args&& ...) [with _Tp = HybridController; _Args = {SignalMonitor<HybridController>*&, AdaptiveControllerControlSystem&, NonAdaptiveControlSystem&, SlidingControllerSystem&}][m[K’
[10.578s] [01m[K/home/matheuswagner/repos/adaptive-cubesat-adcs/cubesat-simulation/src/controller/src/../include/controller_smartdata.h:168:60:[m[K   required from ‘[01m[KControllerSmartData<Controller, Value>::ControllerSmartData(std::shared_ptr<LocalSmartData<float, PluginGyroscope, ControllerSmartData<HybridController, float> > >, std::shared_ptr<LocalSmartData<float, PluginGyroscope, ControllerSmartData<HybridController, float> > >, std::shared_ptr<LocalSmartData<float, PluginGyroscope, ControllerSmartData<HybridController, float> > >, std::shared_ptr<LocalSmartData<float, PluginMotorVelocitySensor, ControllerSmartData<HybridController, float> > >, std::shared_ptr<LocalSmartData<float, PluginMotorVelocitySensor, ControllerSmartData<HybridController, float> > >, std::shared_ptr<LocalSmartData<float, PluginMotorVelocitySensor, ControllerSmartData<HybridController, float> > >, std::shared_ptr<LocalSmartData<Eigen::Quaternion<float>, PluginOrientationSensor, ControllerSmartData<HybridController, float> > >, std::shared_ptr<LocalSmartData<float, PluginMotorDriver, ControllerSmartData<HybridController, float> > >, std::shared_ptr<LocalSmartData<float, PluginMotorDriver, ControllerSmartData<HybridController, float> > >, std::shared_ptr<LocalSmartData<float, PluginMotorDriver, ControllerSmartData<HybridController, float> > >) [with Controller = HybridController; Value = float][m[K’
[10.578s] [01m[K/home/matheuswagner/repos/adaptive-cubesat-adcs/cubesat-simulation/src/controller/src/controller.cpp:34:161:[m[K   required from here
[10.578s] [01m[K/usr/include/c++/9/ext/new_allocator.h:146:4:[m[K [01;31m[Kerror: [m[Kuse of deleted function ‘[01m[KAdaptiveControllerControlSystem::AdaptiveControllerControlSystem(const AdaptiveControllerControlSystem&)[m[K’
[10.578s]   146 |  { [01;31m[K::new((void *)__p) _Up(std::forward<_Args>(__args)...)[m[K; }
[10.578s]       |    [01;31m[K^~~~~~~~~~~~~~~~~~~~~~~~~~~~~~~~~~~~~~~~~~~~~~~~~~~~~~[m[K
[10.578s] In file included from [01m[K/home/matheuswagner/repos/adaptive-cubesat-adcs/cubesat-simulation/src/controller/src/../include/../include/hybrid_controller.h:6[m[K,
[10.578s]                  from [01m[K/home/matheuswagner/repos/adaptive-cubesat-adcs/cubesat-simulation/src/controller/src/../include/controller_smartdata.h:11[m[K,
[10.578s]                  from [01m[K/home/matheuswagner/repos/adaptive-cubesat-adcs/cubesat-simulation/src/controller/src/controller.cpp:3[m[K:
[10.578s] [01m[K/home/matheuswagner/repos/adaptive-cubesat-adcs/cubesat-simulation/src/controller/src/../include/../include/adaptive_controller_system.h:13:7:[m[K [01;36m[Knote: [m[K‘[01m[KAdaptiveControllerControlSystem::AdaptiveControllerControlSystem(const AdaptiveControllerControlSystem&)[m[K’ is implicitly deleted because the default definition would be ill-formed:
[10.579s]    13 | class [01;36m[KAdaptiveControllerControlSystem[m[K
[10.579s]       |       [01;36m[K^~~~~~~~~~~~~~~~~~~~~~~~~~~~~~~[m[K
[10.579s] [01m[K/home/matheuswagner/repos/adaptive-cubesat-adcs/cubesat-simulation/src/controller/src/../include/../include/adaptive_controller_system.h:13:7:[m[K [01;31m[Kerror: [m[Kuse of deleted function ‘[01m[Kstd::basic_ofstream<_CharT, _Traits>::basic_ofstream(const std::basic_ofstream<_CharT, _Traits>&) [with _CharT = char; _Traits = std::char_traits<char>][m[K’
[10.579s] In file included from [01m[K/home/matheuswagner/repos/adaptive-cubesat-adcs/cubesat-simulation/src/controller/src/../include/../include/adaptive_controller_system.h:11[m[K,
[10.579s]                  from [01m[K/home/matheuswagner/repos/adaptive-cubesat-adcs/cubesat-simulation/src/controller/src/../include/../include/hybrid_controller.h:6[m[K,
[10.579s]                  from [01m[K/home/matheuswagner/repos/adaptive-cubesat-adcs/cubesat-simulation/src/controller/src/../include/controller_smartdata.h:11[m[K,
[10.579s]                  from [01m[K/home/matheuswagner/repos/adaptive-cubesat-adcs/cubesat-simulation/src/controller/src/controller.cpp:3[m[K:
[10.579s] [01m[K/usr/include/c++/9/fstream:848:7:[m[K [01;36m[Knote: [m[Kdeclared here
[10.579s]   848 |       [01;36m[Kbasic_ofstream[m[K(const basic_ofstream&) = delete;
[10.580s]       |       [01;36m[K^~~~~~~~~~~~~~[m[K
[10.580s] In file included from [01m[K/home/matheuswagner/repos/adaptive-cubesat-adcs/cubesat-simulation/src/controller/src/../include/controller_smartdata.h:11[m[K,
[10.580s]                  from [01m[K/home/matheuswagner/repos/adaptive-cubesat-adcs/cubesat-simulation/src/controller/src/controller.cpp:3[m[K:
[10.580s] [01m[K/home/matheuswagner/repos/adaptive-cubesat-adcs/cubesat-simulation/src/controller/src/../include/../include/hybrid_controller.h:31:106:[m[K [01;36m[Knote: [m[K  initializing argument 2 of ‘[01m[KHybridController::HybridController(SignalMonitor<HybridController>*, AdaptiveControllerControlSystem, NonAdaptiveControlSystem, SlidingControllerSystem)[m[K’
[10.580s]    31 |         HybridController(SignalMonitor<HybridController>* signalMonitor, [01;36m[KAdaptiveControllerControlSystem adaptiveController[m[K,
[10.580s]       |                                                                          [01;36m[K~~~~~~~~~~~~~~~~~~~~~~~~~~~~~~~~^~~~~~~~~~~~~~~~~~[m[K
[26.593s] In file included from [01m[K/home/matheuswagner/repos/adaptive-cubesat-adcs/cubesat-simulation/src/controller/src/controller.cpp:3[m[K:
[26.593s] /home/matheuswagner/repos/adaptive-cubesat-adcs/cubesat-simulation/src/controller/src/../include/controller_smartdata.h: In instantiation of ‘[01m[Kfloat ControllerSmartData<Controller, Value>::update() [with Controller = HybridController; Value = float][m[K’:
[26.593s] [01m[K/home/matheuswagner/repos/adaptive-cubesat-adcs/cubesat-simulation/src/controller/src/../include/controller_smartdata.h:178:15:[m[K   required from here
[26.593s] [01m[K/home/matheuswagner/repos/adaptive-cubesat-adcs/cubesat-simulation/src/controller/src/../include/controller_smartdata.h:180:29:[m[K [01;35m[Kwarning: [m[Kcomparison of integer expressions of different signedness: ‘[01m[Kint[m[K’ and ‘[01m[Kstd::vector<bool, std::allocator<bool> >::size_type[m[K’ {aka ‘[01m[Klong unsigned int[m[K’} [[01;35m[K-Wsign-compare[m[K]
[26.593s]   180 |             for(int i = 0; [01;35m[Ki<this->freshnessList.size()[m[K; i++)
[26.593s]       |                            [01;35m[K~^~~~~~~~~~~~~~~~~~~~~~~~~~~[m[K
[26.597s] /home/matheuswagner/repos/adaptive-cubesat-adcs/cubesat-simulation/src/controller/src/../include/controller_smartdata.h: In instantiation of ‘[01m[Kvoid ControllerSmartData<Controller, Value>::notify(int) [with Controller = HybridController; Value = float][m[K’:
[26.597s] [01m[K/home/matheuswagner/repos/adaptive-cubesat-adcs/cubesat-simulation/src/controller/src/../include/controller_smartdata.h:240:14:[m[K   required from here
[26.597s] [01m[K/home/matheuswagner/repos/adaptive-cubesat-adcs/cubesat-simulation/src/controller/src/../include/controller_smartdata.h:251:29:[m[K [01;35m[Kwarning: [m[Kcomparison of integer expressions of different signedness: ‘[01m[Kint[m[K’ and ‘[01m[Kstd::vector<bool, std::allocator<bool> >::size_type[m[K’ {aka ‘[01m[Klong unsigned int[m[K’} [[01;35m[K-Wsign-compare[m[K]
[26.597s]   251 |             for(int i = 0; [01;35m[Ki<this->freshnessList.size()[m[K; i++)
[26.597s]       |                            [01;35m[K~^~~~~~~~~~~~~~~~~~~~~~~~~~~[m[K
[26.597s] [01m[K/home/matheuswagner/repos/adaptive-cubesat-adcs/cubesat-simulation/src/controller/src/../include/controller_smartdata.h:265:29:[m[K [01;35m[Kwarning: [m[Kcomparison of integer expressions of different signedness: ‘[01m[Kint[m[K’ and ‘[01m[Kstd::vector<bool, std::allocator<bool> >::size_type[m[K’ {aka ‘[01m[Klong unsigned int[m[K’} [[01;35m[K-Wsign-compare[m[K]
[26.598s]   265 |             for(int i = 0; [01;35m[Ki<this->driveFreshnessList.size()[m[K; i++)
[26.598s]       |                            [01;35m[K~^~~~~~~~~~~~~~~~~~~~~~~~~~~~~~~~[m[K
[26.598s] In file included from [01m[K/home/matheuswagner/repos/adaptive-cubesat-adcs/cubesat-simulation/src/controller/src/../include/smartdata.h:7[m[K,
[26.599s]                  from [01m[K/home/matheuswagner/repos/adaptive-cubesat-adcs/cubesat-simulation/src/controller/src/../include/local_smartdata.h:4[m[K,
[26.599s]                  from [01m[K/home/matheuswagner/repos/adaptive-cubesat-adcs/cubesat-simulation/src/controller/src/controller.cpp:1[m[K:
[26.599s] /home/matheuswagner/repos/adaptive-cubesat-adcs/cubesat-simulation/src/controller/src/../include/transducer.h: In instantiation of ‘[01m[Kvoid Transducer<UNIT, Value>::actuate(const Value&) [with long unsigned int UNIT = 2; Value = float][m[K’:
[26.599s] [01m[K/home/matheuswagner/repos/adaptive-cubesat-adcs/cubesat-simulation/src/controller/src/../include/transducer.h:17:22:[m[K   required from here
[26.599s] [01m[K/home/matheuswagner/repos/adaptive-cubesat-adcs/cubesat-simulation/src/controller/src/../include/transducer.h:17:43:[m[K [01;35m[Kwarning: [m[Kunused parameter ‘[01m[Kvalue[m[K’ [[01;35m[K-Wunused-parameter[m[K]
[26.599s]    17 |         virtual void actuate([01;35m[Kconst Value &value[m[K){}
[26.599s]       |                              [01;35m[K~~~~~~~~~~~~~^~~~~[m[K
[26.600s] /home/matheuswagner/repos/adaptive-cubesat-adcs/cubesat-simulation/src/controller/src/../include/transducer.h: In instantiation of ‘[01m[KValue Transducer<UNIT, Value>::sense() [with long unsigned int UNIT = 2; Value = float][m[K’:
[26.600s] [01m[K/home/matheuswagner/repos/adaptive-cubesat-adcs/cubesat-simulation/src/controller/src/../include/transducer.h:16:23:[m[K   required from here
[26.600s] [01m[K/home/matheuswagner/repos/adaptive-cubesat-adcs/cubesat-simulation/src/controller/src/../include/transducer.h:16:31:[m[K [01;35m[Kwarning: [m[Kno return statement in function returning non-void [[01;35m[K-Wreturn-type[m[K]
[26.600s]    16 |         virtual Value sense(){[01;35m[K}[m[K
[26.600s]       |                               [01;35m[K^[m[K
[26.600s] /home/matheuswagner/repos/adaptive-cubesat-adcs/cubesat-simulation/src/controller/src/../include/transducer.h: In instantiation of ‘[01m[Kvoid Transducer<UNIT, Value>::actuate(const Value&) [with long unsigned int UNIT = 3; Value = float][m[K’:
[26.600s] [01m[K/home/matheuswagner/repos/adaptive-cubesat-adcs/cubesat-simulation/src/controller/src/../include/transducer.h:17:22:[m[K   required from here
[26.600s] [01m[K/home/matheuswagner/repos/adaptive-cubesat-adcs/cubesat-simulation/src/controller/src/../include/transducer.h:17:43:[m[K [01;35m[Kwarning: [m[Kunused parameter ‘[01m[Kvalue[m[K’ [[01;35m[K-Wunused-parameter[m[K]
[26.600s]    17 |         virtual void actuate([01;35m[Kconst Value &value[m[K){}
[26.601s]       |                              [01;35m[K~~~~~~~~~~~~~^~~~~[m[K
[26.607s] /home/matheuswagner/repos/adaptive-cubesat-adcs/cubesat-simulation/src/controller/src/../include/transducer.h: In instantiation of ‘[01m[KValue Transducer<UNIT, Value>::sense() [with long unsigned int UNIT = 3; Value = float][m[K’:
[26.607s] [01m[K/home/matheuswagner/repos/adaptive-cubesat-adcs/cubesat-simulation/src/controller/src/../include/transducer.h:16:23:[m[K   required from here
[26.608s] [01m[K/home/matheuswagner/repos/adaptive-cubesat-adcs/cubesat-simulation/src/controller/src/../include/transducer.h:16:31:[m[K [01;35m[Kwarning: [m[Kno return statement in function returning non-void [[01;35m[K-Wreturn-type[m[K]
[26.608s]    16 |         virtual Value sense(){[01;35m[K}[m[K
[26.608s]       |                               [01;35m[K^[m[K
[26.608s] In file included from [01m[K/home/matheuswagner/repos/adaptive-cubesat-adcs/cubesat-simulation/src/controller/src/../include/local_smartdata.h:4[m[K,
[26.608s]                  from [01m[K/home/matheuswagner/repos/adaptive-cubesat-adcs/cubesat-simulation/src/controller/src/controller.cpp:1[m[K:
[26.608s] /home/matheuswagner/repos/adaptive-cubesat-adcs/cubesat-simulation/src/controller/src/../include/smartdata.h: In instantiation of ‘[01m[KValue SmartData<Value>::value() [with Value = Eigen::Quaternion<float>][m[K’:
[26.608s] [01m[K/home/matheuswagner/repos/adaptive-cubesat-adcs/cubesat-simulation/src/controller/src/../include/smartdata.h:36:23:[m[K   required from here
[26.609s] [01m[K/home/matheuswagner/repos/adaptive-cubesat-adcs/cubesat-simulation/src/controller/src/../include/smartdata.h:36:31:[m[K [01;35m[Kwarning: [m[Kno return statement in function returning non-void [[01;35m[K-Wreturn-type[m[K]
[26.609s]    36 |         virtual Value value(){[01;35m[K}[m[K
[26.609s]       |                               [01;35m[K^[m[K
[26.609s] In file included from [01m[K/home/matheuswagner/repos/adaptive-cubesat-adcs/cubesat-simulation/src/controller/src/../include/smartdata.h:7[m[K,
[26.609s]                  from [01m[K/home/matheuswagner/repos/adaptive-cubesat-adcs/cubesat-simulation/src/controller/src/../include/local_smartdata.h:4[m[K,
[26.609s]                  from [01m[K/home/matheuswagner/repos/adaptive-cubesat-adcs/cubesat-simulation/src/controller/src/controller.cpp:1[m[K:
[26.609s] /home/matheuswagner/repos/adaptive-cubesat-adcs/cubesat-simulation/src/controller/src/../include/transducer.h: In instantiation of ‘[01m[Kvoid Transducer<UNIT, Value>::actuate(const Value&) [with long unsigned int UNIT = 4; Value = Eigen::Quaternion<float>][m[K’:
[26.609s] [01m[K/home/matheuswagner/repos/adaptive-cubesat-adcs/cubesat-simulation/src/controller/src/../include/transducer.h:17:22:[m[K   required from here
[26.610s] [01m[K/home/matheuswagner/repos/adaptive-cubesat-adcs/cubesat-simulation/src/controller/src/../include/transducer.h:17:43:[m[K [01;35m[Kwarning: [m[Kunused parameter ‘[01m[Kvalue[m[K’ [[01;35m[K-Wunused-parameter[m[K]
[26.610s]    17 |         virtual void actuate([01;35m[Kconst Value &value[m[K){}
[26.610s]       |                              [01;35m[K~~~~~~~~~~~~~^~~~~[m[K
[26.612s] /home/matheuswagner/repos/adaptive-cubesat-adcs/cubesat-simulation/src/controller/src/../include/transducer.h: In instantiation of ‘[01m[KValue Transducer<UNIT, Value>::sense() [with long unsigned int UNIT = 4; Value = Eigen::Quaternion<float>][m[K’:
[26.612s] [01m[K/home/matheuswagner/repos/adaptive-cubesat-adcs/cubesat-simulation/src/controller/src/../include/transducer.h:16:23:[m[K   required from here
[26.612s] [01m[K/home/matheuswagner/repos/adaptive-cubesat-adcs/cubesat-simulation/src/controller/src/../include/transducer.h:16:31:[m[K [01;35m[Kwarning: [m[Kno return statement in function returning non-void [[01;35m[K-Wreturn-type[m[K]
[26.612s]    16 |         virtual Value sense(){[01;35m[K}[m[K
[26.612s]       |                               [01;35m[K^[m[K
[26.635s] In file included from [01m[K/home/matheuswagner/repos/adaptive-cubesat-adcs/cubesat-simulation/src/controller/src/controller.cpp:3[m[K:
[26.635s] /home/matheuswagner/repos/adaptive-cubesat-adcs/cubesat-simulation/src/controller/src/../include/controller_smartdata.h: In instantiation of ‘[01m[Kvoid ControllerSmartData<Controller, Value>::updateDrive() [with Controller = HybridController; Value = float][m[K’:
[26.635s] [01m[K/home/matheuswagner/repos/adaptive-cubesat-adcs/cubesat-simulation/src/controller/src/../include/controller_smartdata.h:275:23:[m[K   required from ‘[01m[Kvoid ControllerSmartData<Controller, Value>::notify(int) [with Controller = HybridController; Value = float][m[K’
[26.636s] [01m[K/home/matheuswagner/repos/adaptive-cubesat-adcs/cubesat-simulation/src/controller/src/../include/controller_smartdata.h:240:14:[m[K   required from here
[26.636s] [01m[K/home/matheuswagner/repos/adaptive-cubesat-adcs/cubesat-simulation/src/controller/src/../include/controller_smartdata.h:208:29:[m[K [01;35m[Kwarning: [m[Kcomparison of integer expressions of different signedness: ‘[01m[Kint[m[K’ and ‘[01m[Kstd::vector<bool, std::allocator<bool> >::size_type[m[K’ {aka ‘[01m[Klong unsigned int[m[K’} [[01;35m[K-Wsign-compare[m[K]
[26.636s]   208 |             for(int i = 0; [01;35m[Ki<this->driveFreshnessList.size()[m[K; i++)
[26.636s]       |                            [01;35m[K~^~~~~~~~~~~~~~~~~~~~~~~~~~~~~~~~[m[K
[28.083s] make[2]: *** [CMakeFiles/controller.dir/build.make:63: CMakeFiles/controller.dir/src/controller.cpp.o] Error 1
[28.084s] make[1]: *** [CMakeFiles/Makefile2:78: CMakeFiles/controller.dir/all] Error 2
[28.084s] make: *** [Makefile:141: all] Error 2
[28.086s] Invoked command in '/home/matheuswagner/repos/adaptive-cubesat-adcs/cubesat-simulation/build/controller' returned '2': CMAKE_PREFIX_PATH=${CMAKE_PREFIX_PATH}:/home/matheuswagner/repos/adaptive-cubesat-adcs/cubesat-simulation/install/cubesat_description:/opt/ros/foxy /usr/bin/cmake --build /home/matheuswagner/repos/adaptive-cubesat-adcs/cubesat-simulation/build/controller -- -j8 -l8
