[0.049s] Invoking command in '/home/matheuswagner/repos/adaptive-cubesat-adcs/cubesat-simulation/src/build/smartdata_msgs': CMAKE_PREFIX_PATH=${CMAKE_PREFIX_PATH}:/opt/ros/dashing /usr/local/bin/cmake /home/matheuswagner/repos/adaptive-cubesat-adcs/cubesat-simulation/src/smartdata_msgs -DCMAKE_INSTALL_PREFIX=/home/matheuswagner/repos/adaptive-cubesat-adcs/cubesat-simulation/src/install/smartdata_msgs
[0.103s] -- The C compiler identification is GNU 7.5.0
[0.161s] -- The CXX compiler identification is GNU 7.5.0
[0.167s] -- Detecting C compiler ABI info
[0.224s] -- Detecting C compiler ABI info - done
[0.232s] -- Check for working C compiler: /usr/bin/cc - skipped
[0.232s] -- Detecting C compile features
[0.232s] -- Detecting C compile features - done
[0.235s] -- Detecting CXX compiler ABI info
[0.304s] -- Detecting CXX compiler ABI info - done
[0.335s] -- Check for working CXX compiler: /usr/bin/c++ - skipped
[0.336s] -- Detecting CXX compile features
[0.337s] -- Detecting CXX compile features - done
[0.342s] -- Found ament_cmake: 0.7.6 (/home/matheuswagner/ros2_dashing/ros2-linux/share/ament_cmake/cmake)
[0.391s] -- Found PythonInterp: /usr/bin/python3 (found suitable version "3.6.9", minimum required is "3") 
[0.391s] -- Using PYTHON_EXECUTABLE: /usr/bin/python3
[0.796s] -- Found rclcpp: 0.7.16 (/home/matheuswagner/ros2_dashing/ros2-linux/share/rclcpp/cmake)
[0.820s] -- Found rosidl_adapter: 0.7.10 (/home/matheuswagner/ros2_dashing/ros2-linux/share/rosidl_adapter/cmake)
[0.865s] -- Found rmw_implementation_cmake: 0.7.2 (/home/matheuswagner/ros2_dashing/ros2-linux/share/rmw_implementation_cmake/cmake)
[0.867s] -- Using RMW implementation 'rmw_fastrtps_cpp' as default
[0.891s] -- Looking for pthread.h
[0.985s] -- Looking for pthread.h - found
[0.985s] -- Performing Test CMAKE_HAVE_LIBC_PTHREAD
[1.091s] -- Performing Test CMAKE_HAVE_LIBC_PTHREAD - Failed
[1.091s] -- Looking for pthread_create in pthreads
[1.193s] -- Looking for pthread_create in pthreads - not found
[1.194s] -- Looking for pthread_create in pthread
[1.259s] -- Looking for pthread_create in pthread - found
[1.261s] -- Found Threads: TRUE  
[1.297s] -- Found std_msgs: 0.7.1 (/home/matheuswagner/ros2_dashing/ros2-linux/share/std_msgs/cmake)
[1.303s] -- Found rosidl_default_generators: 0.7.0 (/home/matheuswagner/ros2_dashing/ros2-linux/share/rosidl_default_generators/cmake)
[1.334s] -- Could not find RTI Connext - skipping rosidl_typesupport_connext_c
[1.343s] -- Could not find RTI Connext - skipping rosidl_typesupport_connext_cpp
[1.430s] -- Found OpenSSL: /usr/lib/x86_64-linux-gnu/libcrypto.so (found version "1.1.1")  
[1.452s] -- Found FastRTPS: /home/matheuswagner/ros2_dashing/ros2-linux/include  
[1.513s] -- Could not find PrismTech OpenSplice - skipping rosidl_typesupport_opensplice_c
[1.518s] -- Could not find PrismTech OpenSplice - skipping rosidl_typesupport_opensplice_cpp
[1.535s] -- Found ament_lint_auto: 0.7.12 (/home/matheuswagner/ros2_dashing/ros2-linux/share/ament_lint_auto/cmake)
[1.751s] -- Found PythonInterp: /usr/bin/python3 (found version "3.6.9") 
[1.891s] CMake Error at /home/matheuswagner/ros2_dashing/ros2-linux/share/rosidl_adapter/cmake/rosidl_adapt_interfaces.cmake:60 (message):
[1.891s]   execute_process(/usr/bin/python3 -m rosidl_adapter --package-name
[1.892s]   smartdata_msgs --arguments-file
[1.892s]   /home/matheuswagner/repos/adaptive-cubesat-adcs/cubesat-simulation/src/build/smartdata_msgs/rosidl_adapter__arguments__new_msg.json
[1.892s]   --output-dir
[1.892s]   /home/matheuswagner/repos/adaptive-cubesat-adcs/cubesat-simulation/src/build/smartdata_msgs/rosidl_adapter/smartdata_msgs
[1.892s]   --output-file
[1.892s]   /home/matheuswagner/repos/adaptive-cubesat-adcs/cubesat-simulation/src/build/smartdata_msgs/rosidl_adapter/new_msg.idls)
[1.892s]   returned error code 1:
[1.892s] 
[1.892s]   Traceback (most recent call last):
[1.892s] 
[1.892s]     File "/usr/lib/python3.6/runpy.py", line 193, in _run_module_as_main
[1.892s]       "__main__", mod_spec)
[1.893s]     File "/usr/lib/python3.6/runpy.py", line 85, in _run_code
[1.893s]       exec(code, run_globals)
[1.893s]     File "/home/matheuswagner/ros2_dashing/ros2-linux/lib/python3.6/site-packages/rosidl_adapter/__main__.py", line 19, in <module>
[1.893s]       sys.exit(main())
[1.893s]     File "/home/matheuswagner/ros2_dashing/ros2-linux/lib/python3.6/site-packages/rosidl_adapter/main.py", line 55, in main
[1.893s]       pathlib.Path(relative_path), output_dir)
[1.893s]     File "/home/matheuswagner/ros2_dashing/ros2-linux/lib/python3.6/site-packages/rosidl_adapter/__init__.py", line 20, in convert_to_idl
[1.893s]       package_dir, package_name, interface_file, output_dir / 'msg')
[1.893s]     File "/home/matheuswagner/ros2_dashing/ros2-linux/lib/python3.6/site-packages/rosidl_adapter/msg/__init__.py", line 28, in convert_msg_to_idl
[1.893s]       msg = parse_message_string(package_name, input_file.stem, content)
[1.893s]     File "/home/matheuswagner/ros2_dashing/ros2-linux/lib/python3.6/site-packages/rosidl_adapter/parser.py", line 528, in parse_message_string
[1.893s]       msg = MessageSpecification(pkg_name, msg_name, fields, constants)
[1.893s]     File "/home/matheuswagner/ros2_dashing/ros2-linux/lib/python3.6/site-packages/rosidl_adapter/parser.py", line 379, in __init__
[1.894s]       pkg_name + PACKAGE_NAME_MESSAGE_TYPE_SEPARATOR + msg_name)
[1.894s]     File "/home/matheuswagner/ros2_dashing/ros2-linux/lib/python3.6/site-packages/rosidl_adapter/parser.py", line 202, in __init__
[1.894s]       raise InvalidResourceName(self.type)
[1.894s] 
[1.894s]   rosidl_adapter.parser.InvalidResourceName: smartdata
[1.894s] 
[1.894s] Call Stack (most recent call first):
[1.894s]   /home/matheuswagner/ros2_dashing/ros2-linux/share/rosidl_cmake/cmake/rosidl_generate_interfaces.cmake:130 (rosidl_adapt_interfaces)
[1.894s]   CMakeLists.txt:36 (rosidl_generate_interfaces)
[1.894s] 
[1.894s] 
[1.894s] -- Configuring incomplete, errors occurred!
[1.894s] See also "/home/matheuswagner/repos/adaptive-cubesat-adcs/cubesat-simulation/src/build/smartdata_msgs/CMakeFiles/CMakeOutput.log".
[1.894s] See also "/home/matheuswagner/repos/adaptive-cubesat-adcs/cubesat-simulation/src/build/smartdata_msgs/CMakeFiles/CMakeError.log".
[1.899s] Invoked command in '/home/matheuswagner/repos/adaptive-cubesat-adcs/cubesat-simulation/src/build/smartdata_msgs' returned '1': CMAKE_PREFIX_PATH=${CMAKE_PREFIX_PATH}:/opt/ros/dashing /usr/local/bin/cmake /home/matheuswagner/repos/adaptive-cubesat-adcs/cubesat-simulation/src/smartdata_msgs -DCMAKE_INSTALL_PREFIX=/home/matheuswagner/repos/adaptive-cubesat-adcs/cubesat-simulation/src/install/smartdata_msgs
