[0.022s] Invoking command in '/home/matheuswagner/repos/adaptive-cubesat-adcs/cubesat-simulation/build/controller': CMAKE_PREFIX_PATH=${CMAKE_PREFIX_PATH}:/home/matheuswagner/repos/adaptive-cubesat-adcs/cubesat-simulation/install/cubesat_description:/opt/ros/foxy /usr/bin/cmake --build /home/matheuswagner/repos/adaptive-cubesat-adcs/cubesat-simulation/build/controller -- -j8 -l8
[0.109s] [35m[1mScanning dependencies of target controller[0m
[0.154s] [ 50%] [32mBuilding CXX object CMakeFiles/controller.dir/src/controller.cpp.o[0m
[0.679s] In file included from [01m[K/home/matheuswagner/repos/adaptive-cubesat-adcs/cubesat-simulation/src/controller/src/../include/smartdata.h:5[m[K,
[0.679s]                  from [01m[K/home/matheuswagner/repos/adaptive-cubesat-adcs/cubesat-simulation/src/controller/src/../include/local_smartdata.h:4[m[K,
[0.680s]                  from [01m[K/home/matheuswagner/repos/adaptive-cubesat-adcs/cubesat-simulation/src/controller/src/controller.cpp:1[m[K:
[0.680s] [01m[K/home/matheuswagner/repos/adaptive-cubesat-adcs/cubesat-simulation/src/controller/src/../include/observer.h:[m[K In member function ‘[01m[Kvirtual void Observer::notify(int)[m[K’:
[0.680s] [01m[K/home/matheuswagner/repos/adaptive-cubesat-adcs/cubesat-simulation/src/controller/src/../include/observer.h:8:33:[m[K [01;35m[Kwarning: [m[Kunused parameter ‘[01m[Kid[m[K’ [[01;35m[K-Wunused-parameter[m[K]
[0.680s]     8 |         virtual void notify([01;35m[Kint id[m[K){};
[0.680s]       |                             [01;35m[K~~~~^~[m[K
[3.436s] In file included from [01m[K/home/matheuswagner/repos/adaptive-cubesat-adcs/cubesat-simulation/src/controller/src/../include/../include/disturbance_predictor.h:8[m[K,
[3.436s]                  from [01m[K/home/matheuswagner/repos/adaptive-cubesat-adcs/cubesat-simulation/src/controller/src/../include/../include/satellite_model.h:8[m[K,
[3.436s]                  from [01m[K/home/matheuswagner/repos/adaptive-cubesat-adcs/cubesat-simulation/src/controller/src/../include/../include/feedback_linearization_controller.h:6[m[K,
[3.436s]                  from [01m[K/home/matheuswagner/repos/adaptive-cubesat-adcs/cubesat-simulation/src/controller/src/../include/../include/adaptive_controller_system.h:4[m[K,
[3.436s]                  from [01m[K/home/matheuswagner/repos/adaptive-cubesat-adcs/cubesat-simulation/src/controller/src/../include/../include/hybrid_controller.h:6[m[K,
[3.437s]                  from [01m[K/home/matheuswagner/repos/adaptive-cubesat-adcs/cubesat-simulation/src/controller/src/../include/controller_smartdata.h:11[m[K,
[3.437s]                  from [01m[K/home/matheuswagner/repos/adaptive-cubesat-adcs/cubesat-simulation/src/controller/src/controller.cpp:3[m[K:
[3.437s] [01m[K/home/matheuswagner/repos/adaptive-cubesat-adcs/cubesat-simulation/src/controller/src/../include/../include/chebyshev_polynomials.h:[m[K In static member function ‘[01m[Kstatic float ChebyshevPolynomials::T0(float)[m[K’:
[3.437s] [01m[K/home/matheuswagner/repos/adaptive-cubesat-adcs/cubesat-simulation/src/controller/src/../include/../include/chebyshev_polynomials.h:9:31:[m[K [01;35m[Kwarning: [m[Kunused parameter ‘[01m[Kx[m[K’ [[01;35m[K-Wunused-parameter[m[K]
[3.437s]     9 |         static float T0([01;35m[Kfloat x[m[K)
[3.437s]       |                         [01;35m[K~~~~~~^[m[K
[3.868s] In file included from [01m[K/home/matheuswagner/repos/adaptive-cubesat-adcs/cubesat-simulation/src/controller/src/../include/../include/feedback_linearization_controller.h:6[m[K,
[3.868s]                  from [01m[K/home/matheuswagner/repos/adaptive-cubesat-adcs/cubesat-simulation/src/controller/src/../include/../include/adaptive_controller_system.h:4[m[K,
[3.868s]                  from [01m[K/home/matheuswagner/repos/adaptive-cubesat-adcs/cubesat-simulation/src/controller/src/../include/../include/hybrid_controller.h:6[m[K,
[3.868s]                  from [01m[K/home/matheuswagner/repos/adaptive-cubesat-adcs/cubesat-simulation/src/controller/src/../include/controller_smartdata.h:11[m[K,
[3.868s]                  from [01m[K/home/matheuswagner/repos/adaptive-cubesat-adcs/cubesat-simulation/src/controller/src/controller.cpp:3[m[K:
[3.868s] [01m[K/home/matheuswagner/repos/adaptive-cubesat-adcs/cubesat-simulation/src/controller/src/../include/../include/satellite_model.h:[m[K In member function ‘[01m[Kvoid SatelliteModel::UpdateDynamicMatrix(Eigen::Matrix<float, 3, 1>, Eigen::Matrix<float, 3, 1>, Eigen::Matrix<float, 3, 1>, Eigen::Quaternion<float>, Eigen::Quaternion<float>)[m[K’:
[3.868s] [01m[K/home/matheuswagner/repos/adaptive-cubesat-adcs/cubesat-simulation/src/controller/src/../include/../include/satellite_model.h:26:59:[m[K [01;35m[Kwarning: [m[Kunused parameter ‘[01m[KslidingVariable[m[K’ [[01;35m[K-Wunused-parameter[m[K]
[3.869s]    26 |         void UpdateDynamicMatrix([01;35m[KEigen::Matrix<float,3,1> slidingVariable[m[K, Eigen::Matrix<float,3,1> satelliteVelocity, Eigen::Matrix<float,3,1> reactionWheelVelocities, Eigen::Quaternion<float> attitude,Eigen::Quaternion<float> attitudeErrorDerivative)
[3.869s]       |                                  [01;35m[K~~~~~~~~~~~~~~~~~~~~~~~~~^~~~~~~~~~~~~~~[m[K
[3.884s] In file included from [01m[K/home/matheuswagner/repos/adaptive-cubesat-adcs/cubesat-simulation/src/controller/src/../include/../include/feedback_linearization_controller.h:6[m[K,
[3.885s]                  from [01m[K/home/matheuswagner/repos/adaptive-cubesat-adcs/cubesat-simulation/src/controller/src/../include/../include/adaptive_controller_system.h:4[m[K,
[3.885s]                  from [01m[K/home/matheuswagner/repos/adaptive-cubesat-adcs/cubesat-simulation/src/controller/src/../include/../include/hybrid_controller.h:6[m[K,
[3.885s]                  from [01m[K/home/matheuswagner/repos/adaptive-cubesat-adcs/cubesat-simulation/src/controller/src/../include/controller_smartdata.h:11[m[K,
[3.885s]                  from [01m[K/home/matheuswagner/repos/adaptive-cubesat-adcs/cubesat-simulation/src/controller/src/controller.cpp:3[m[K:
[3.886s] [01m[K/home/matheuswagner/repos/adaptive-cubesat-adcs/cubesat-simulation/src/controller/src/../include/../include/satellite_model.h:[m[K In member function ‘[01m[KEigen::Quaternion<float> SatelliteModel::FiniteRotationQuaterion(Eigen::Matrix<float, 3, 1>, float)[m[K’:
[3.886s] [01m[K/home/matheuswagner/repos/adaptive-cubesat-adcs/cubesat-simulation/src/controller/src/../include/../include/satellite_model.h:99:20:[m[K [01;31m[Kerror: [m[K‘[01m[KfiniteRotation[m[K’ was not declared in this scope
[3.886s]    99 |             return [01;31m[KfiniteRotation[m[K;
[3.886s]       |                    [01;31m[K^~~~~~~~~~~~~~[m[K
[4.214s] [01m[K/home/matheuswagner/repos/adaptive-cubesat-adcs/cubesat-simulation/src/controller/src/../include/../include/satellite_model.h:[m[K In member function ‘[01m[KEigen::Matrix<float, 3, 1> SatelliteModel::InverseDynamicsSignal(Eigen::Matrix<float, 3, 1>, Eigen::Matrix<float, 3, 1>, Eigen::Matrix<float, 3, 1>, Eigen::Quaternion<float>)[m[K’:
[4.214s] [01m[K/home/matheuswagner/repos/adaptive-cubesat-adcs/cubesat-simulation/src/controller/src/../include/../include/satellite_model.h:177:81:[m[K [01;35m[Kwarning: [m[Kunused parameter ‘[01m[KslidingVariable[m[K’ [[01;35m[K-Wunused-parameter[m[K]
[4.214s]   177 |         Eigen::Matrix<float,3,1> InverseDynamicsSignal([01;35m[KEigen::Matrix<float,3,1> slidingVariable[m[K, Eigen::Matrix<float,3,1> satelliteVelocity, Eigen::Matrix<float,3,1> reactionWheelVelocities, Eigen::Quaternion<float> attitude)
[4.214s]       |                                                        [01;35m[K~~~~~~~~~~~~~~~~~~~~~~~~~^~~~~~~~~~~~~~~[m[K
[6.118s] In file included from [01m[K/home/matheuswagner/repos/adaptive-cubesat-adcs/cubesat-simulation/src/controller/src/controller.cpp:3[m[K:
[6.118s] [01m[K/home/matheuswagner/repos/adaptive-cubesat-adcs/cubesat-simulation/src/controller/src/../include/controller_smartdata.h:[m[K At global scope:
[6.118s] [01m[K/home/matheuswagner/repos/adaptive-cubesat-adcs/cubesat-simulation/src/controller/src/../include/controller_smartdata.h:38:147:[m[K [01;35m[Kwarning: [m[Kextra ‘[01m[K;[m[K’ [[01;35m[K-Wpedantic[m[K]
[6.118s]    38 |         std::shared_ptr<LocalSmartData<Eigen::Quaternion<float>,PluginOrientationSensor,ControllerSmartData<HybridController,float>>> orientation;[01;35m[K;[m[K
[6.119s]       |                                                                                                                                                   [01;35m[K^[m[K
[6.119s]       |                                                                                                                                                   [31m[K-[m[K
[6.699s] In file included from [01m[K/home/matheuswagner/repos/adaptive-cubesat-adcs/cubesat-simulation/src/controller/src/../include/local_smartdata.h:4[m[K,
[6.699s]                  from [01m[K/home/matheuswagner/repos/adaptive-cubesat-adcs/cubesat-simulation/src/controller/src/controller.cpp:1[m[K:
[6.699s] /home/matheuswagner/repos/adaptive-cubesat-adcs/cubesat-simulation/src/controller/src/../include/smartdata.h: In instantiation of ‘[01m[Kvoid SmartData<Value>::setValue(Value) [with Value = Eigen::Quaternion<float>][m[K’:
[6.700s] [01m[K/home/matheuswagner/repos/adaptive-cubesat-adcs/cubesat-simulation/src/controller/src/../include/../include/plugin_orientation_sensor.h:55:50:[m[K   required from here
[6.700s] [01m[K/home/matheuswagner/repos/adaptive-cubesat-adcs/cubesat-simulation/src/controller/src/../include/smartdata.h:40:37:[m[K [01;35m[Kwarning: [m[Kunused parameter ‘[01m[Kvalue[m[K’ [[01;35m[K-Wunused-parameter[m[K]
[6.700s]    40 |         virtual void setValue([01;35m[KValue value[m[K){}
[6.700s]       |                               [01;35m[K~~~~~~^~~~~[m[K
[6.700s] /home/matheuswagner/repos/adaptive-cubesat-adcs/cubesat-simulation/src/controller/src/../include/smartdata.h: In instantiation of ‘[01m[KValue SmartData<Value>::update() [with Value = Eigen::Quaternion<float>][m[K’:
[6.700s] [01m[K/home/matheuswagner/repos/adaptive-cubesat-adcs/cubesat-simulation/src/controller/src/../include/../include/plugin_orientation_sensor.h:56:37:[m[K   required from here
[6.700s] [01m[K/home/matheuswagner/repos/adaptive-cubesat-adcs/cubesat-simulation/src/controller/src/../include/smartdata.h:38:32:[m[K [01;35m[Kwarning: [m[Kno return statement in function returning non-void [[01;35m[K-Wreturn-type[m[K]
[6.701s]    38 |         virtual Value update(){[01;35m[K}[m[K
[6.701s]       |                                [01;35m[K^[m[K
[6.705s] /home/matheuswagner/repos/adaptive-cubesat-adcs/cubesat-simulation/src/controller/src/../include/smartdata.h: In instantiation of ‘[01m[Kvoid SmartData<Value>::setValue(Value) [with Value = float][m[K’:
[6.705s] [01m[K/home/matheuswagner/repos/adaptive-cubesat-adcs/cubesat-simulation/src/controller/src/../include/../include/plugin_gyroscope.h:49:50:[m[K   required from here
[6.705s] [01m[K/home/matheuswagner/repos/adaptive-cubesat-adcs/cubesat-simulation/src/controller/src/../include/smartdata.h:40:37:[m[K [01;35m[Kwarning: [m[Kunused parameter ‘[01m[Kvalue[m[K’ [[01;35m[K-Wunused-parameter[m[K]
[6.705s]    40 |         virtual void setValue([01;35m[KValue value[m[K){}
[6.706s]       |                               [01;35m[K~~~~~~^~~~~[m[K
[6.706s] /home/matheuswagner/repos/adaptive-cubesat-adcs/cubesat-simulation/src/controller/src/../include/smartdata.h: In instantiation of ‘[01m[KValue SmartData<Value>::update() [with Value = float][m[K’:
[6.706s] [01m[K/home/matheuswagner/repos/adaptive-cubesat-adcs/cubesat-simulation/src/controller/src/../include/../include/plugin_gyroscope.h:50:37:[m[K   required from here
[6.706s] [01m[K/home/matheuswagner/repos/adaptive-cubesat-adcs/cubesat-simulation/src/controller/src/../include/smartdata.h:38:32:[m[K [01;35m[Kwarning: [m[Kno return statement in function returning non-void [[01;35m[K-Wreturn-type[m[K]
[6.706s]    38 |         virtual Value update(){[01;35m[K}[m[K
[6.706s]       |                                [01;35m[K^[m[K
[6.708s] /home/matheuswagner/repos/adaptive-cubesat-adcs/cubesat-simulation/src/controller/src/../include/smartdata.h: In instantiation of ‘[01m[KValue SmartData<Value>::value() [with Value = float][m[K’:
[6.708s] [01m[K/home/matheuswagner/repos/adaptive-cubesat-adcs/cubesat-simulation/src/controller/src/../include/../include/plugin_motor_driver.h:46:51:[m[K   required from here
[6.708s] [01m[K/home/matheuswagner/repos/adaptive-cubesat-adcs/cubesat-simulation/src/controller/src/../include/smartdata.h:36:31:[m[K [01;35m[Kwarning: [m[Kno return statement in function returning non-void [[01;35m[K-Wreturn-type[m[K]
[6.709s]    36 |         virtual Value value(){[01;35m[K}[m[K
[6.709s]       |                               [01;35m[K^[m[K
[33.196s] In file included from [01m[K/home/matheuswagner/repos/adaptive-cubesat-adcs/cubesat-simulation/src/controller/src/controller.cpp:3[m[K:
[33.196s] /home/matheuswagner/repos/adaptive-cubesat-adcs/cubesat-simulation/src/controller/src/../include/controller_smartdata.h: In instantiation of ‘[01m[Kfloat ControllerSmartData<Controller, Value>::update() [with Controller = HybridController; Value = float][m[K’:
[33.197s] [01m[K/home/matheuswagner/repos/adaptive-cubesat-adcs/cubesat-simulation/src/controller/src/../include/controller_smartdata.h:181:15:[m[K   required from here
[33.197s] [01m[K/home/matheuswagner/repos/adaptive-cubesat-adcs/cubesat-simulation/src/controller/src/../include/controller_smartdata.h:183:29:[m[K [01;35m[Kwarning: [m[Kcomparison of integer expressions of different signedness: ‘[01m[Kint[m[K’ and ‘[01m[Kstd::vector<bool, std::allocator<bool> >::size_type[m[K’ {aka ‘[01m[Klong unsigned int[m[K’} [[01;35m[K-Wsign-compare[m[K]
[33.197s]   183 |             for(int i = 0; [01;35m[Ki<this->freshnessList.size()[m[K; i++)
[33.197s]       |                            [01;35m[K~^~~~~~~~~~~~~~~~~~~~~~~~~~~[m[K
[33.200s] /home/matheuswagner/repos/adaptive-cubesat-adcs/cubesat-simulation/src/controller/src/../include/controller_smartdata.h: In instantiation of ‘[01m[Kvoid ControllerSmartData<Controller, Value>::notify(int) [with Controller = HybridController; Value = float][m[K’:
[33.200s] [01m[K/home/matheuswagner/repos/adaptive-cubesat-adcs/cubesat-simulation/src/controller/src/../include/controller_smartdata.h:277:14:[m[K   required from here
[33.200s] [01m[K/home/matheuswagner/repos/adaptive-cubesat-adcs/cubesat-simulation/src/controller/src/../include/controller_smartdata.h:288:29:[m[K [01;35m[Kwarning: [m[Kcomparison of integer expressions of different signedness: ‘[01m[Kint[m[K’ and ‘[01m[Kstd::vector<bool, std::allocator<bool> >::size_type[m[K’ {aka ‘[01m[Klong unsigned int[m[K’} [[01;35m[K-Wsign-compare[m[K]
[33.200s]   288 |             for(int i = 0; [01;35m[Ki<this->freshnessList.size()[m[K; i++)
[33.200s]       |                            [01;35m[K~^~~~~~~~~~~~~~~~~~~~~~~~~~~[m[K
[33.200s] [01m[K/home/matheuswagner/repos/adaptive-cubesat-adcs/cubesat-simulation/src/controller/src/../include/controller_smartdata.h:302:29:[m[K [01;35m[Kwarning: [m[Kcomparison of integer expressions of different signedness: ‘[01m[Kint[m[K’ and ‘[01m[Kstd::vector<bool, std::allocator<bool> >::size_type[m[K’ {aka ‘[01m[Klong unsigned int[m[K’} [[01;35m[K-Wsign-compare[m[K]
[33.200s]   302 |             for(int i = 0; [01;35m[Ki<this->driveFreshnessList.size()[m[K; i++)
[33.200s]       |                            [01;35m[K~^~~~~~~~~~~~~~~~~~~~~~~~~~~~~~~~[m[K
[33.201s] In file included from [01m[K/home/matheuswagner/repos/adaptive-cubesat-adcs/cubesat-simulation/src/controller/src/../include/smartdata.h:7[m[K,
[33.201s]                  from [01m[K/home/matheuswagner/repos/adaptive-cubesat-adcs/cubesat-simulation/src/controller/src/../include/local_smartdata.h:4[m[K,
[33.201s]                  from [01m[K/home/matheuswagner/repos/adaptive-cubesat-adcs/cubesat-simulation/src/controller/src/controller.cpp:1[m[K:
[33.201s] /home/matheuswagner/repos/adaptive-cubesat-adcs/cubesat-simulation/src/controller/src/../include/transducer.h: In instantiation of ‘[01m[Kvoid Transducer<UNIT, Value>::actuate(const Value&) [with long unsigned int UNIT = 2; Value = float][m[K’:
[33.201s] [01m[K/home/matheuswagner/repos/adaptive-cubesat-adcs/cubesat-simulation/src/controller/src/../include/transducer.h:17:22:[m[K   required from here
[33.202s] [01m[K/home/matheuswagner/repos/adaptive-cubesat-adcs/cubesat-simulation/src/controller/src/../include/transducer.h:17:43:[m[K [01;35m[Kwarning: [m[Kunused parameter ‘[01m[Kvalue[m[K’ [[01;35m[K-Wunused-parameter[m[K]
[33.202s]    17 |         virtual void actuate([01;35m[Kconst Value &value[m[K){}
[33.202s]       |                              [01;35m[K~~~~~~~~~~~~~^~~~~[m[K
[33.202s] /home/matheuswagner/repos/adaptive-cubesat-adcs/cubesat-simulation/src/controller/src/../include/transducer.h: In instantiation of ‘[01m[KValue Transducer<UNIT, Value>::sense() [with long unsigned int UNIT = 2; Value = float][m[K’:
[33.202s] [01m[K/home/matheuswagner/repos/adaptive-cubesat-adcs/cubesat-simulation/src/controller/src/../include/transducer.h:16:23:[m[K   required from here
[33.202s] [01m[K/home/matheuswagner/repos/adaptive-cubesat-adcs/cubesat-simulation/src/controller/src/../include/transducer.h:16:31:[m[K [01;35m[Kwarning: [m[Kno return statement in function returning non-void [[01;35m[K-Wreturn-type[m[K]
[33.202s]    16 |         virtual Value sense(){[01;35m[K}[m[K
[33.203s]       |                               [01;35m[K^[m[K
[33.203s] /home/matheuswagner/repos/adaptive-cubesat-adcs/cubesat-simulation/src/controller/src/../include/transducer.h: In instantiation of ‘[01m[Kvoid Transducer<UNIT, Value>::actuate(const Value&) [with long unsigned int UNIT = 3; Value = float][m[K’:
[33.203s] [01m[K/home/matheuswagner/repos/adaptive-cubesat-adcs/cubesat-simulation/src/controller/src/../include/transducer.h:17:22:[m[K   required from here
[33.203s] [01m[K/home/matheuswagner/repos/adaptive-cubesat-adcs/cubesat-simulation/src/controller/src/../include/transducer.h:17:43:[m[K [01;35m[Kwarning: [m[Kunused parameter ‘[01m[Kvalue[m[K’ [[01;35m[K-Wunused-parameter[m[K]
[33.203s]    17 |         virtual void actuate([01;35m[Kconst Value &value[m[K){}
[33.203s]       |                              [01;35m[K~~~~~~~~~~~~~^~~~~[m[K
[33.208s] /home/matheuswagner/repos/adaptive-cubesat-adcs/cubesat-simulation/src/controller/src/../include/transducer.h: In instantiation of ‘[01m[KValue Transducer<UNIT, Value>::sense() [with long unsigned int UNIT = 3; Value = float][m[K’:
[33.208s] [01m[K/home/matheuswagner/repos/adaptive-cubesat-adcs/cubesat-simulation/src/controller/src/../include/transducer.h:16:23:[m[K   required from here
[33.208s] [01m[K/home/matheuswagner/repos/adaptive-cubesat-adcs/cubesat-simulation/src/controller/src/../include/transducer.h:16:31:[m[K [01;35m[Kwarning: [m[Kno return statement in function returning non-void [[01;35m[K-Wreturn-type[m[K]
[33.208s]    16 |         virtual Value sense(){[01;35m[K}[m[K
[33.208s]       |                               [01;35m[K^[m[K
[33.208s] In file included from [01m[K/home/matheuswagner/repos/adaptive-cubesat-adcs/cubesat-simulation/src/controller/src/../include/local_smartdata.h:4[m[K,
[33.209s]                  from [01m[K/home/matheuswagner/repos/adaptive-cubesat-adcs/cubesat-simulation/src/controller/src/controller.cpp:1[m[K:
[33.209s] /home/matheuswagner/repos/adaptive-cubesat-adcs/cubesat-simulation/src/controller/src/../include/smartdata.h: In instantiation of ‘[01m[KValue SmartData<Value>::value() [with Value = Eigen::Quaternion<float>][m[K’:
[33.209s] [01m[K/home/matheuswagner/repos/adaptive-cubesat-adcs/cubesat-simulation/src/controller/src/../include/smartdata.h:36:23:[m[K   required from here
[33.209s] [01m[K/home/matheuswagner/repos/adaptive-cubesat-adcs/cubesat-simulation/src/controller/src/../include/smartdata.h:36:31:[m[K [01;35m[Kwarning: [m[Kno return statement in function returning non-void [[01;35m[K-Wreturn-type[m[K]
[33.209s]    36 |         virtual Value value(){[01;35m[K}[m[K
[33.209s]       |                               [01;35m[K^[m[K
[33.209s] In file included from [01m[K/home/matheuswagner/repos/adaptive-cubesat-adcs/cubesat-simulation/src/controller/src/../include/smartdata.h:7[m[K,
[33.209s]                  from [01m[K/home/matheuswagner/repos/adaptive-cubesat-adcs/cubesat-simulation/src/controller/src/../include/local_smartdata.h:4[m[K,
[33.210s]                  from [01m[K/home/matheuswagner/repos/adaptive-cubesat-adcs/cubesat-simulation/src/controller/src/controller.cpp:1[m[K:
[33.210s] /home/matheuswagner/repos/adaptive-cubesat-adcs/cubesat-simulation/src/controller/src/../include/transducer.h: In instantiation of ‘[01m[Kvoid Transducer<UNIT, Value>::actuate(const Value&) [with long unsigned int UNIT = 4; Value = Eigen::Quaternion<float>][m[K’:
[33.210s] [01m[K/home/matheuswagner/repos/adaptive-cubesat-adcs/cubesat-simulation/src/controller/src/../include/transducer.h:17:22:[m[K   required from here
[33.210s] [01m[K/home/matheuswagner/repos/adaptive-cubesat-adcs/cubesat-simulation/src/controller/src/../include/transducer.h:17:43:[m[K [01;35m[Kwarning: [m[Kunused parameter ‘[01m[Kvalue[m[K’ [[01;35m[K-Wunused-parameter[m[K]
[33.210s]    17 |         virtual void actuate([01;35m[Kconst Value &value[m[K){}
[33.210s]       |                              [01;35m[K~~~~~~~~~~~~~^~~~~[m[K
[33.213s] /home/matheuswagner/repos/adaptive-cubesat-adcs/cubesat-simulation/src/controller/src/../include/transducer.h: In instantiation of ‘[01m[KValue Transducer<UNIT, Value>::sense() [with long unsigned int UNIT = 4; Value = Eigen::Quaternion<float>][m[K’:
[33.213s] [01m[K/home/matheuswagner/repos/adaptive-cubesat-adcs/cubesat-simulation/src/controller/src/../include/transducer.h:16:23:[m[K   required from here
[33.213s] [01m[K/home/matheuswagner/repos/adaptive-cubesat-adcs/cubesat-simulation/src/controller/src/../include/transducer.h:16:31:[m[K [01;35m[Kwarning: [m[Kno return statement in function returning non-void [[01;35m[K-Wreturn-type[m[K]
[33.213s]    16 |         virtual Value sense(){[01;35m[K}[m[K
[33.213s]       |                               [01;35m[K^[m[K
[33.235s] In file included from [01m[K/home/matheuswagner/repos/adaptive-cubesat-adcs/cubesat-simulation/src/controller/src/controller.cpp:3[m[K:
[33.235s] /home/matheuswagner/repos/adaptive-cubesat-adcs/cubesat-simulation/src/controller/src/../include/controller_smartdata.h: In instantiation of ‘[01m[Kvoid ControllerSmartData<Controller, Value>::updateDrive() [with Controller = HybridController; Value = float][m[K’:
[33.235s] [01m[K/home/matheuswagner/repos/adaptive-cubesat-adcs/cubesat-simulation/src/controller/src/../include/controller_smartdata.h:312:23:[m[K   required from ‘[01m[Kvoid ControllerSmartData<Controller, Value>::notify(int) [with Controller = HybridController; Value = float][m[K’
[33.235s] [01m[K/home/matheuswagner/repos/adaptive-cubesat-adcs/cubesat-simulation/src/controller/src/../include/controller_smartdata.h:277:14:[m[K   required from here
[33.235s] [01m[K/home/matheuswagner/repos/adaptive-cubesat-adcs/cubesat-simulation/src/controller/src/../include/controller_smartdata.h:245:29:[m[K [01;35m[Kwarning: [m[Kcomparison of integer expressions of different signedness: ‘[01m[Kint[m[K’ and ‘[01m[Kstd::vector<bool, std::allocator<bool> >::size_type[m[K’ {aka ‘[01m[Klong unsigned int[m[K’} [[01;35m[K-Wsign-compare[m[K]
[33.235s]   245 |             for(int i = 0; [01;35m[Ki<this->driveFreshnessList.size()[m[K; i++)
[33.235s]       |                            [01;35m[K~^~~~~~~~~~~~~~~~~~~~~~~~~~~~~~~~[m[K
[34.826s] make[2]: *** [CMakeFiles/controller.dir/build.make:63: CMakeFiles/controller.dir/src/controller.cpp.o] Error 1
[34.827s] make[1]: *** [CMakeFiles/Makefile2:78: CMakeFiles/controller.dir/all] Error 2
[34.827s] make: *** [Makefile:141: all] Error 2
[34.831s] Invoked command in '/home/matheuswagner/repos/adaptive-cubesat-adcs/cubesat-simulation/build/controller' returned '2': CMAKE_PREFIX_PATH=${CMAKE_PREFIX_PATH}:/home/matheuswagner/repos/adaptive-cubesat-adcs/cubesat-simulation/install/cubesat_description:/opt/ros/foxy /usr/bin/cmake --build /home/matheuswagner/repos/adaptive-cubesat-adcs/cubesat-simulation/build/controller -- -j8 -l8
