[0.806s] Invoking command in '/home/matheuswagner/repos/adaptive-cubesat-adcs/cubesat-simulation/src/cubesat_description': PYTHONPATH=/home/matheuswagner/repos/adaptive-cubesat-adcs/cubesat-simulation/install/cubesat_description/lib/python3.8/site-packages:${PYTHONPATH} /usr/bin/python3 setup.py egg_info --egg-base ../../build/cubesat_description build --build-base /home/matheuswagner/repos/adaptive-cubesat-adcs/cubesat-simulation/build/cubesat_description/build install --prefix /home/matheuswagner/repos/adaptive-cubesat-adcs/cubesat-simulation/install/cubesat_description --record /home/matheuswagner/repos/adaptive-cubesat-adcs/cubesat-simulation/build/cubesat_description/install.log --single-version-externally-managed
[1.047s] running egg_info
[1.048s] writing ../../build/cubesat_description/cubesat_description.egg-info/PKG-INFO
[1.048s] writing dependency_links to ../../build/cubesat_description/cubesat_description.egg-info/dependency_links.txt
[1.048s] writing entry points to ../../build/cubesat_description/cubesat_description.egg-info/entry_points.txt
[1.048s] writing requirements to ../../build/cubesat_description/cubesat_description.egg-info/requires.txt
[1.048s] writing top-level names to ../../build/cubesat_description/cubesat_description.egg-info/top_level.txt
[1.080s] reading manifest file '../../build/cubesat_description/cubesat_description.egg-info/SOURCES.txt'
[1.080s] writing manifest file '../../build/cubesat_description/cubesat_description.egg-info/SOURCES.txt'
[1.081s] running build
[1.081s] running build_py
[1.081s] running install
[1.082s] running install_lib
[1.083s] running install_data
[1.083s] copying models/cubesat.urdf -> /home/matheuswagner/repos/adaptive-cubesat-adcs/cubesat-simulation/install/cubesat_description/share/cubesat_description/models
[1.083s] running install_egg_info
[1.085s] removing '/home/matheuswagner/repos/adaptive-cubesat-adcs/cubesat-simulation/install/cubesat_description/lib/python3.8/site-packages/cubesat_description-0.0.0-py3.8.egg-info' (and everything under it)
[1.085s] Copying ../../build/cubesat_description/cubesat_description.egg-info to /home/matheuswagner/repos/adaptive-cubesat-adcs/cubesat-simulation/install/cubesat_description/lib/python3.8/site-packages/cubesat_description-0.0.0-py3.8.egg-info
[1.086s] running install_scripts
[1.101s] writing list of installed files to '/home/matheuswagner/repos/adaptive-cubesat-adcs/cubesat-simulation/build/cubesat_description/install.log'
[1.128s] Invoked command in '/home/matheuswagner/repos/adaptive-cubesat-adcs/cubesat-simulation/src/cubesat_description' returned '0': PYTHONPATH=/home/matheuswagner/repos/adaptive-cubesat-adcs/cubesat-simulation/install/cubesat_description/lib/python3.8/site-packages:${PYTHONPATH} /usr/bin/python3 setup.py egg_info --egg-base ../../build/cubesat_description build --build-base /home/matheuswagner/repos/adaptive-cubesat-adcs/cubesat-simulation/build/cubesat_description/build install --prefix /home/matheuswagner/repos/adaptive-cubesat-adcs/cubesat-simulation/install/cubesat_description --record /home/matheuswagner/repos/adaptive-cubesat-adcs/cubesat-simulation/build/cubesat_description/install.log --single-version-externally-managed
