[35m[1mScanning dependencies of target controller_sd[0m
[ 50%] [32mBuilding CXX object CMakeFiles/controller_sd.dir/src/controller_sd.cpp.o[0m
[01m[K/home/matheuswagner/repos/adaptive-cubesat-adcs/cubesat-simulation/src/cubesat_controllers/src/controller_sd.cpp:[m[K In function ‘[01m[Kint main(int, char**)[m[K’:
[01m[K/home/matheuswagner/repos/adaptive-cubesat-adcs/cubesat-simulation/src/cubesat_controllers/src/controller_sd.cpp:116:34:[m[K [01;31m[Kerror: [m[Kno matching function for call to ‘[01m[Kspin_some(std::shared_ptr<SmartData>&)[m[K’
             rclcpp::spin_some(*it[01;31m[K)[m[K;
                                  [01;31m[K^[m[K
In file included from [01m[K/home/matheuswagner/ros2_dashing/ros2-linux/include/rclcpp/rclcpp.hpp:144:0[m[K,
                 from [01m[K/home/matheuswagner/repos/adaptive-cubesat-adcs/cubesat-simulation/src/cubesat_controllers/src/../../../include/transformerSmartdata.h:7[m[K,
                 from [01m[K/home/matheuswagner/repos/adaptive-cubesat-adcs/cubesat-simulation/src/cubesat_controllers/src/../../../include/responsiveSmartdata.h:5[m[K,
                 from [01m[K/home/matheuswagner/repos/adaptive-cubesat-adcs/cubesat-simulation/src/cubesat_controllers/src/controller_sd.cpp:1[m[K:
[01m[K/home/matheuswagner/ros2_dashing/ros2-linux/include/rclcpp/executors.hpp:34:1:[m[K [01;36m[Knote: [m[Kcandidate: void rclcpp::spin_some(rclcpp::node_interfaces::NodeBaseInterface::SharedPtr)
 [01;36m[Kspin_some[m[K(rclcpp::node_interfaces::NodeBaseInterface::SharedPtr node_ptr);
 [01;36m[K^~~~~~~~~[m[K
[01m[K/home/matheuswagner/ros2_dashing/ros2-linux/include/rclcpp/executors.hpp:34:1:[m[K [01;36m[Knote: [m[K  no known conversion for argument 1 from ‘[01m[Kstd::shared_ptr<SmartData>[m[K’ to ‘[01m[Krclcpp::node_interfaces::NodeBaseInterface::SharedPtr {aka std::shared_ptr<rclcpp::node_interfaces::NodeBaseInterface>}[m[K’
[01m[K/home/matheuswagner/ros2_dashing/ros2-linux/include/rclcpp/executors.hpp:38:1:[m[K [01;36m[Knote: [m[Kcandidate: void rclcpp::spin_some(rclcpp::Node::SharedPtr)
 [01;36m[Kspin_some[m[K(rclcpp::Node::SharedPtr node_ptr);
 [01;36m[K^~~~~~~~~[m[K
[01m[K/home/matheuswagner/ros2_dashing/ros2-linux/include/rclcpp/executors.hpp:38:1:[m[K [01;36m[Knote: [m[K  no known conversion for argument 1 from ‘[01m[Kstd::shared_ptr<SmartData>[m[K’ to ‘[01m[Krclcpp::Node::SharedPtr {aka std::shared_ptr<rclcpp::Node>}[m[K’
[01m[K/home/matheuswagner/repos/adaptive-cubesat-adcs/cubesat-simulation/src/cubesat_controllers/src/controller_sd.cpp:123:34:[m[K [01;31m[Kerror: [m[Kno matching function for call to ‘[01m[Kspin_some(std::shared_ptr<SmartData>&)[m[K’
             rclcpp::spin_some(*it[01;31m[K)[m[K;
                                  [01;31m[K^[m[K
In file included from [01m[K/home/matheuswagner/ros2_dashing/ros2-linux/include/rclcpp/rclcpp.hpp:144:0[m[K,
                 from [01m[K/home/matheuswagner/repos/adaptive-cubesat-adcs/cubesat-simulation/src/cubesat_controllers/src/../../../include/transformerSmartdata.h:7[m[K,
                 from [01m[K/home/matheuswagner/repos/adaptive-cubesat-adcs/cubesat-simulation/src/cubesat_controllers/src/../../../include/responsiveSmartdata.h:5[m[K,
                 from [01m[K/home/matheuswagner/repos/adaptive-cubesat-adcs/cubesat-simulation/src/cubesat_controllers/src/controller_sd.cpp:1[m[K:
[01m[K/home/matheuswagner/ros2_dashing/ros2-linux/include/rclcpp/executors.hpp:34:1:[m[K [01;36m[Knote: [m[Kcandidate: void rclcpp::spin_some(rclcpp::node_interfaces::NodeBaseInterface::SharedPtr)
 [01;36m[Kspin_some[m[K(rclcpp::node_interfaces::NodeBaseInterface::SharedPtr node_ptr);
 [01;36m[K^~~~~~~~~[m[K
[01m[K/home/matheuswagner/ros2_dashing/ros2-linux/include/rclcpp/executors.hpp:34:1:[m[K [01;36m[Knote: [m[K  no known conversion for argument 1 from ‘[01m[Kstd::shared_ptr<SmartData>[m[K’ to ‘[01m[Krclcpp::node_interfaces::NodeBaseInterface::SharedPtr {aka std::shared_ptr<rclcpp::node_interfaces::NodeBaseInterface>}[m[K’
[01m[K/home/matheuswagner/ros2_dashing/ros2-linux/include/rclcpp/executors.hpp:38:1:[m[K [01;36m[Knote: [m[Kcandidate: void rclcpp::spin_some(rclcpp::Node::SharedPtr)
 [01;36m[Kspin_some[m[K(rclcpp::Node::SharedPtr node_ptr);
 [01;36m[K^~~~~~~~~[m[K
[01m[K/home/matheuswagner/ros2_dashing/ros2-linux/include/rclcpp/executors.hpp:38:1:[m[K [01;36m[Knote: [m[K  no known conversion for argument 1 from ‘[01m[Kstd::shared_ptr<SmartData>[m[K’ to ‘[01m[Krclcpp::Node::SharedPtr {aka std::shared_ptr<rclcpp::Node>}[m[K’
/home/matheuswagner/repos/adaptive-cubesat-adcs/cubesat-simulation/src/cubesat_controllers/src/controller_sd.cpp: In instantiation of ‘[01m[KDummy_Transducer<UNIT, Value>::Dummy_Transducer(SmartData*) [with long unsigned int UNIT = 1; Value = float][m[K’:
[01m[K/home/matheuswagner/repos/adaptive-cubesat-adcs/cubesat-simulation/src/cubesat_controllers/src/../../../include/remoteSmartdata.h:42:32:[m[K   required from ‘[01m[KRemoteSmartData<Transducer, Value>::RemoteSmartData(Region*, int, int, std::__cxx11::string, Coordinates*, std::__cxx11::string, std::__cxx11::string) [with Transducer = Dummy_Transducer<1, float>; Value = float; std::__cxx11::string = std::__cxx11::basic_string<char>][m[K’
[01m[K/usr/include/c++/7/ext/new_allocator.h:136:4:[m[K   required from ‘[01m[Kvoid __gnu_cxx::new_allocator<_Tp>::construct(_Up*, _Args&& ...) [with _Up = RemoteSmartData<Dummy_Transducer<1, float>, float>; _Args = {Region*, int, int, const char (&)[17], Coordinates*, const char (&)[34], const char (&)[7]}; _Tp = RemoteSmartData<Dummy_Transducer<1, float>, float>][m[K’
[01m[K/usr/include/c++/7/bits/alloc_traits.h:475:4:[m[K   required from ‘[01m[Kstatic void std::allocator_traits<std::allocator<_Tp1> >::construct(std::allocator_traits<std::allocator<_Tp1> >::allocator_type&, _Up*, _Args&& ...) [with _Up = RemoteSmartData<Dummy_Transducer<1, float>, float>; _Args = {Region*, int, int, const char (&)[17], Coordinates*, const char (&)[34], const char (&)[7]}; _Tp = RemoteSmartData<Dummy_Transducer<1, float>, float>; std::allocator_traits<std::allocator<_Tp1> >::allocator_type = std::allocator<RemoteSmartData<Dummy_Transducer<1, float>, float> >][m[K’
[01m[K/usr/include/c++/7/bits/shared_ptr_base.h:526:39:[m[K   required from ‘[01m[Kstd::_Sp_counted_ptr_inplace<_Tp, _Alloc, _Lp>::_Sp_counted_ptr_inplace(_Alloc, _Args&& ...) [with _Args = {Region*, int, int, const char (&)[17], Coordinates*, const char (&)[34], const char (&)[7]}; _Tp = RemoteSmartData<Dummy_Transducer<1, float>, float>; _Alloc = std::allocator<RemoteSmartData<Dummy_Transducer<1, float>, float> >; __gnu_cxx::_Lock_policy _Lp = (__gnu_cxx::_Lock_policy)2][m[K’
[01m[K/usr/include/c++/7/bits/shared_ptr_base.h:637:4:[m[K   required from ‘[01m[Kstd::__shared_count<_Lp>::__shared_count(std::_Sp_make_shared_tag, _Tp*, const _Alloc&, _Args&& ...) [with _Tp = RemoteSmartData<Dummy_Transducer<1, float>, float>; _Alloc = std::allocator<RemoteSmartData<Dummy_Transducer<1, float>, float> >; _Args = {Region*, int, int, const char (&)[17], Coordinates*, const char (&)[34], const char (&)[7]}; __gnu_cxx::_Lock_policy _Lp = (__gnu_cxx::_Lock_policy)2][m[K’
[01m[K/usr/include/c++/7/bits/shared_ptr_base.h:1295:35:[m[K   required from ‘[01m[Kstd::__shared_ptr<_Tp, _Lp>::__shared_ptr(std::_Sp_make_shared_tag, const _Alloc&, _Args&& ...) [with _Alloc = std::allocator<RemoteSmartData<Dummy_Transducer<1, float>, float> >; _Args = {Region*, int, int, const char (&)[17], Coordinates*, const char (&)[34], const char (&)[7]}; _Tp = RemoteSmartData<Dummy_Transducer<1, float>, float>; __gnu_cxx::_Lock_policy _Lp = (__gnu_cxx::_Lock_policy)2][m[K’
[01m[K/usr/include/c++/7/bits/shared_ptr.h:344:64:[m[K   required from ‘[01m[Kstd::shared_ptr<_Tp>::shared_ptr(std::_Sp_make_shared_tag, const _Alloc&, _Args&& ...) [with _Alloc = std::allocator<RemoteSmartData<Dummy_Transducer<1, float>, float> >; _Args = {Region*, int, int, const char (&)[17], Coordinates*, const char (&)[34], const char (&)[7]}; _Tp = RemoteSmartData<Dummy_Transducer<1, float>, float>][m[K’
[01m[K/usr/include/c++/7/bits/shared_ptr.h:690:14:[m[K   required from ‘[01m[Kstd::shared_ptr<_Tp> std::allocate_shared(const _Alloc&, _Args&& ...) [with _Tp = RemoteSmartData<Dummy_Transducer<1, float>, float>; _Alloc = std::allocator<RemoteSmartData<Dummy_Transducer<1, float>, float> >; _Args = {Region*, int, int, const char (&)[17], Coordinates*, const char (&)[34], const char (&)[7]}][m[K’
[01m[K/usr/include/c++/7/bits/shared_ptr.h:706:39:[m[K   required from ‘[01m[Kstd::shared_ptr<_Tp> std::make_shared(_Args&& ...) [with _Tp = RemoteSmartData<Dummy_Transducer<1, float>, float>; _Args = {Region*, int, int, const char (&)[17], Coordinates*, const char (&)[34], const char (&)[7]}][m[K’
[01m[K/home/matheuswagner/repos/adaptive-cubesat-adcs/cubesat-simulation/src/cubesat_controllers/src/controller_sd.cpp:66:215:[m[K   required from here
[01m[K/home/matheuswagner/repos/adaptive-cubesat-adcs/cubesat-simulation/src/cubesat_controllers/src/controller_sd.cpp:18:36:[m[K [01;31m[Kerror: [m[Kno matching function for call to ‘[01m[KTransducer<1, float>::Transducer()[m[K’
     Dummy_Transducer(SmartData* sd)[01;31m[K{[m[K}
                                    [01;31m[K^[m[K
In file included from [01m[K/home/matheuswagner/repos/adaptive-cubesat-adcs/cubesat-simulation/src/cubesat_controllers/src/controller_sd.cpp:4:0[m[K:
[01m[K/home/matheuswagner/repos/adaptive-cubesat-adcs/cubesat-simulation/src/cubesat_controllers/src/../../../include/transducer.h:13:9:[m[K [01;36m[Knote: [m[Kcandidate: Transducer<_UNIT, Value>::Transducer(SmartData*) [with long unsigned int _UNIT = 1; Value = float]
         [01;36m[KTransducer[m[K(SmartData* sd){}
         [01;36m[K^~~~~~~~~~[m[K
[01m[K/home/matheuswagner/repos/adaptive-cubesat-adcs/cubesat-simulation/src/cubesat_controllers/src/../../../include/transducer.h:13:9:[m[K [01;36m[Knote: [m[K  candidate expects 1 argument, 0 provided
[01m[K/home/matheuswagner/repos/adaptive-cubesat-adcs/cubesat-simulation/src/cubesat_controllers/src/../../../include/transducer.h:6:7:[m[K [01;36m[Knote: [m[Kcandidate: constexpr Transducer<1, float>::Transducer(const Transducer<1, float>&)
 class [01;36m[KTransducer[m[K
       [01;36m[K^~~~~~~~~~[m[K
[01m[K/home/matheuswagner/repos/adaptive-cubesat-adcs/cubesat-simulation/src/cubesat_controllers/src/../../../include/transducer.h:6:7:[m[K [01;36m[Knote: [m[K  candidate expects 1 argument, 0 provided
[01m[K/home/matheuswagner/repos/adaptive-cubesat-adcs/cubesat-simulation/src/cubesat_controllers/src/controller_sd.cpp:18:33:[m[K [01;35m[Kwarning: [m[Kunused parameter ‘[01m[Ksd[m[K’ [[01;35m[K-Wunused-parameter[m[K]
     Dummy_Transducer(SmartData* [01;35m[Ksd[m[K){}
                                 [01;35m[K^~[m[K
In file included from [01m[K/home/matheuswagner/repos/adaptive-cubesat-adcs/cubesat-simulation/src/cubesat_controllers/src/controller_sd.cpp:4:0[m[K:
/home/matheuswagner/repos/adaptive-cubesat-adcs/cubesat-simulation/src/cubesat_controllers/src/../../../include/transducer.h: In instantiation of ‘[01m[Kvoid Transducer<_UNIT, Value>::actuate(const Value&) [with long unsigned int _UNIT = 1; Value = float][m[K’:
[01m[K/home/matheuswagner/repos/adaptive-cubesat-adcs/cubesat-simulation/src/cubesat_controllers/src/controller_sd.cpp:130:1:[m[K   required from here
[01m[K/home/matheuswagner/repos/adaptive-cubesat-adcs/cubesat-simulation/src/cubesat_controllers/src/../../../include/transducer.h:18:43:[m[K [01;35m[Kwarning: [m[Kunused parameter ‘[01m[Kvalue[m[K’ [[01;35m[K-Wunused-parameter[m[K]
         virtual void actuate(const Value &[01;35m[Kvalue[m[K){}
                                           [01;35m[K^~~~~[m[K
make[2]: *** [CMakeFiles/controller_sd.dir/src/controller_sd.cpp.o] Error 1
CMakeFiles/controller_sd.dir/build.make:81: recipe for target 'CMakeFiles/controller_sd.dir/src/controller_sd.cpp.o' failed
CMakeFiles/Makefile2:95: recipe for target 'CMakeFiles/controller_sd.dir/all' failed
make[1]: *** [CMakeFiles/controller_sd.dir/all] Error 2
Makefile:159: recipe for target 'all' failed
make: *** [all] Error 2
