[01m[K/home/matheuswagner/repos/adaptive-cubesat-adcs/cubesat-simulation/src/cubesat_sensors/src/imu_adapter.cpp:[m[K In constructor ‘[01m[KImuAdapter::ImuAdapter()[m[K’:
[01m[K/home/matheuswagner/repos/adaptive-cubesat-adcs/cubesat-simulation/src/cubesat_sensors/src/imu_adapter.cpp:21:47:[m[K [01;31m[Kerror: [m[K‘[01m[Kimu_adapter[m[K’ was not declared in this scope
       subcription = this->create_subscription<[01;31m[Kimu_adapter[m[K::msg::Imu>("imu_plugin/out", 10, std::bind(&ImuAdapter::AtMessageArival, this, std::placeholders::_1));
                                               [01;31m[K^~~~~~~~~~~[m[K
[01m[K/home/matheuswagner/repos/adaptive-cubesat-adcs/cubesat-simulation/src/cubesat_sensors/src/imu_adapter.cpp:21:47:[m[K [01;36m[Knote: [m[Ksuggested alternative: ‘[01m[KImuAdapter[m[K’
       subcription = this->create_subscription<[01;36m[Kimu_adapter[m[K::msg::Imu>("imu_plugin/out", 10, std::bind(&ImuAdapter::AtMessageArival, this, std::placeholders::_1));
                                               [01;36m[K^~~~~~~~~~~[m[K
                                               [32m[KImuAdapter[m[K
[01m[K/home/matheuswagner/repos/adaptive-cubesat-adcs/cubesat-simulation/src/cubesat_sensors/src/imu_adapter.cpp:21:27:[m[K [01;31m[Kerror: [m[Kparse error in template argument list
       subcription = this->[01;31m[Kcreate_subscription<imu_adapter::msg::Imu>[m[K("imu_plugin/out", 10, std::bind(&ImuAdapter::AtMessageArival, this, std::placeholders::_1));
                           [01;31m[K^~~~~~~~~~~~~~~~~~~~~~~~~~~~~~~~~~~~~~~~~~[m[K
[01m[K/home/matheuswagner/repos/adaptive-cubesat-adcs/cubesat-simulation/src/cubesat_sensors/src/imu_adapter.cpp:21:160:[m[K [01;31m[Kerror: [m[Kno matching function for call to ‘[01m[KImuAdapter::create_subscription<<expression error> >(const char [15], int, std::_Bind_helper<false, void (ImuAdapter::*)(std::shared_ptr<sensor_msgs::msg::Imu_<std::allocator<void> > >), ImuAdapter*, const std::_Placeholder<1>&>::type)[m[K’
     subcription = this->create_subscription<imu_adapter::msg::Imu>("imu_plugin/out", 10, std::bind(&ImuAdapter::AtMessageArival, this, std::placeholders::_1)[01;31m[K)[m[K;
                                                                                                                                                              [01;31m[K^[m[K
In file included from [01m[K/home/matheuswagner/ros2_dashing/ros2-linux/include/rclcpp/executors/single_threaded_executor.hpp:28:0[m[K,
                 from [01m[K/home/matheuswagner/ros2_dashing/ros2-linux/include/rclcpp/executors.hpp:22[m[K,
                 from [01m[K/home/matheuswagner/ros2_dashing/ros2-linux/include/rclcpp/rclcpp.hpp:144[m[K,
                 from [01m[K/home/matheuswagner/repos/adaptive-cubesat-adcs/cubesat-simulation/src/cubesat_sensors/src/imu_adapter.cpp:6[m[K:
[01m[K/home/matheuswagner/ros2_dashing/ros2-linux/include/rclcpp/node.hpp:242:3:[m[K [01;36m[Knote: [m[Kcandidate: template<class MessageT, class CallbackT, class AllocatorT, class SubscriptionT> std::shared_ptr<SubscriptionT> rclcpp::Node::create_subscription(const string&, const rclcpp::QoS&, CallbackT&&, const rclcpp::SubscriptionOptionsWithAllocator<AllocatorT>&, typename rclcpp::message_memory_strategy::MessageMemoryStrategy<typename rclcpp::subscription_traits::has_message_type<CallbackT>::type, AllocatorT>::SharedPtr)
   [01;36m[Kcreate_subscription[m[K(
   [01;36m[K^~~~~~~~~~~~~~~~~~~[m[K
[01m[K/home/matheuswagner/ros2_dashing/ros2-linux/include/rclcpp/node.hpp:242:3:[m[K [01;36m[Knote: [m[K  template argument deduction/substitution failed:
[01m[K/home/matheuswagner/repos/adaptive-cubesat-adcs/cubesat-simulation/src/cubesat_sensors/src/imu_adapter.cpp:21:160:[m[K [01;31m[Kerror: [m[Ktemplate argument 1 is invalid
     subcription = this->create_subscription<imu_adapter::msg::Imu>("imu_plugin/out", 10, std::bind(&ImuAdapter::AtMessageArival, this, std::placeholders::_1)[01;31m[K)[m[K;
                                                                                                                                                              [01;31m[K^[m[K
In file included from [01m[K/home/matheuswagner/ros2_dashing/ros2-linux/include/rclcpp/executors/single_threaded_executor.hpp:28:0[m[K,
                 from [01m[K/home/matheuswagner/ros2_dashing/ros2-linux/include/rclcpp/executors.hpp:22[m[K,
                 from [01m[K/home/matheuswagner/ros2_dashing/ros2-linux/include/rclcpp/rclcpp.hpp:144[m[K,
                 from [01m[K/home/matheuswagner/repos/adaptive-cubesat-adcs/cubesat-simulation/src/cubesat_sensors/src/imu_adapter.cpp:6[m[K:
[01m[K/home/matheuswagner/ros2_dashing/ros2-linux/include/rclcpp/node.hpp:279:3:[m[K [01;36m[Knote: [m[Kcandidate: template<class MessageT, class CallbackT, class Alloc, class SubscriptionT> std::shared_ptr<SubscriptionT> rclcpp::Node::create_subscription(const string&, CallbackT&&, const rmw_qos_profile_t&, rclcpp::callback_group::CallbackGroup::SharedPtr, bool, typename rclcpp::message_memory_strategy::MessageMemoryStrategy<typename rclcpp::subscription_traits::has_message_type<CallbackT>::type, AllocatorT>::SharedPtr, std::shared_ptr<PublisherT>)
   [01;36m[Kcreate_subscription[m[K(
   [01;36m[K^~~~~~~~~~~~~~~~~~~[m[K
[01m[K/home/matheuswagner/ros2_dashing/ros2-linux/include/rclcpp/node.hpp:279:3:[m[K [01;36m[Knote: [m[K  template argument deduction/substitution failed:
[01m[K/home/matheuswagner/repos/adaptive-cubesat-adcs/cubesat-simulation/src/cubesat_sensors/src/imu_adapter.cpp:21:160:[m[K [01;31m[Kerror: [m[Ktemplate argument 1 is invalid
     subcription = this->create_subscription<imu_adapter::msg::Imu>("imu_plugin/out", 10, std::bind(&ImuAdapter::AtMessageArival, this, std::placeholders::_1)[01;31m[K)[m[K;
                                                                                                                                                              [01;31m[K^[m[K
In file included from [01m[K/home/matheuswagner/ros2_dashing/ros2-linux/include/rclcpp/executors/single_threaded_executor.hpp:28:0[m[K,
                 from [01m[K/home/matheuswagner/ros2_dashing/ros2-linux/include/rclcpp/executors.hpp:22[m[K,
                 from [01m[K/home/matheuswagner/ros2_dashing/ros2-linux/include/rclcpp/rclcpp.hpp:144[m[K,
                 from [01m[K/home/matheuswagner/repos/adaptive-cubesat-adcs/cubesat-simulation/src/cubesat_sensors/src/imu_adapter.cpp:6[m[K:
[01m[K/home/matheuswagner/ros2_dashing/ros2-linux/include/rclcpp/node.hpp:316:3:[m[K [01;36m[Knote: [m[Kcandidate: template<class MessageT, class CallbackT, class Alloc, class SubscriptionT> std::shared_ptr<SubscriptionT> rclcpp::Node::create_subscription(const string&, CallbackT&&, size_t, rclcpp::callback_group::CallbackGroup::SharedPtr, bool, typename rclcpp::message_memory_strategy::MessageMemoryStrategy<typename rclcpp::subscription_traits::has_message_type<CallbackT>::type, AllocatorT>::SharedPtr, std::shared_ptr<PublisherT>)
   [01;36m[Kcreate_subscription[m[K(
   [01;36m[K^~~~~~~~~~~~~~~~~~~[m[K
[01m[K/home/matheuswagner/ros2_dashing/ros2-linux/include/rclcpp/node.hpp:316:3:[m[K [01;36m[Knote: [m[K  template argument deduction/substitution failed:
[01m[K/home/matheuswagner/repos/adaptive-cubesat-adcs/cubesat-simulation/src/cubesat_sensors/src/imu_adapter.cpp:21:160:[m[K [01;31m[Kerror: [m[Ktemplate argument 1 is invalid
     subcription = this->create_subscription<imu_adapter::msg::Imu>("imu_plugin/out", 10, std::bind(&ImuAdapter::AtMessageArival, this, std::placeholders::_1)[01;31m[K)[m[K;
                                                                                                                                                              [01;31m[K^[m[K
make[2]: *** [CMakeFiles/imu_adapter.dir/src/imu_adapter.cpp.o] Error 1
make[1]: *** [CMakeFiles/imu_adapter.dir/all] Error 2
make: *** [all] Error 2
