-- Found ament_cmake: 0.7.6 (/home/matheuswagner/ros2_dashing/ros2-linux/share/ament_cmake/cmake)
-- Using PYTHON_EXECUTABLE: /usr/bin/python3
-- Found rosidl_default_generators: 0.7.0 (/home/matheuswagner/ros2_dashing/ros2-linux/share/rosidl_default_generators/cmake)
-- Could not find RTI Connext - skipping rosidl_typesupport_connext_c
-- Found rosidl_adapter: 0.7.10 (/home/matheuswagner/ros2_dashing/ros2-linux/share/rosidl_adapter/cmake)
-- Could not find RTI Connext - skipping rosidl_typesupport_connext_cpp
-- Could not find PrismTech OpenSplice - skipping rosidl_typesupport_opensplice_c
-- Could not find PrismTech OpenSplice - skipping rosidl_typesupport_opensplice_cpp
-- Could not find RTI Connext - skipping rmw_connext_cpp
-- Found PythonInterp: /usr/bin/python3 (found version "3.6.9") 
-- Using all available rosidl_typesupport_c: rosidl_typesupport_connext_c;rosidl_typesupport_fastrtps_c;rosidl_typesupport_introspection_c;rosidl_typesupport_opensplice_c
-- Using all available rosidl_typesupport_cpp: rosidl_typesupport_connext_cpp;rosidl_typesupport_fastrtps_cpp;rosidl_typesupport_introspection_cpp;rosidl_typesupport_opensplice_cpp
-- Found rmw_implementation_cmake: 0.7.2 (/home/matheuswagner/ros2_dashing/ros2-linux/share/rmw_implementation_cmake/cmake)
-- Found PythonInterp: /usr/bin/python3 (found suitable version "3.6.9", minimum required is "3.5") 
-- Found python_cmake_module: 0.7.11 (/home/matheuswagner/ros2_dashing/ros2-linux/share/python_cmake_module/cmake)
-- Using PYTHON_EXECUTABLE: /usr/bin/python3
-- Using PYTHON_INCLUDE_DIRS: /usr/include/python3.6m
-- Using PYTHON_LIBRARIES: /usr/lib/x86_64-linux-gnu/libpython3.6m.so
-- Could not find RTI Connext - skipping rmw_connext_shared_cpp
-- Configuring incomplete, errors occurred!
See also "/home/matheuswagner/repos/adaptive-cubesat-adcs/cubesat-simulation/build/smartdata_msgs/CMakeFiles/CMakeOutput.log".
