[0.111s] Invoking command in '/home/matheuswagner/repos/adaptive-cubesat-adcs/cubesat-simulation/build/cubesat_controllers': CMAKE_PREFIX_PATH=${CMAKE_PREFIX_PATH}:/home/matheuswagner/repos/adaptive-cubesat-adcs/cubesat-simulation/install/cubesat_description:/opt/ros/foxy /usr/bin/cmake /home/matheuswagner/repos/adaptive-cubesat-adcs/cubesat-simulation/src/cubesat_controllers -DCMAKE_INSTALL_PREFIX=/home/matheuswagner/repos/adaptive-cubesat-adcs/cubesat-simulation/install/cubesat_controllers
[0.478s] -- The C compiler identification is GNU 9.4.0
[0.479s] -- The CXX compiler identification is GNU 9.4.0
[0.479s] -- Check for working C compiler: /usr/bin/cc
[0.575s] -- Check for working C compiler: /usr/bin/cc -- works
[0.580s] -- Detecting C compiler ABI info
[0.735s] -- Detecting C compiler ABI info - done
[0.758s] -- Detecting C compile features
[0.758s] -- Detecting C compile features - done
[0.763s] -- Check for working CXX compiler: /usr/bin/c++
[0.908s] -- Check for working CXX compiler: /usr/bin/c++ -- works
[0.910s] -- Detecting CXX compiler ABI info
[1.050s] -- Detecting CXX compiler ABI info - done
[1.072s] -- Detecting CXX compile features
[1.073s] -- Detecting CXX compile features - done
[1.077s] -- Found ament_cmake: 0.9.9 (/opt/ros/foxy/share/ament_cmake/cmake)
[1.137s] -- Found PythonInterp: /usr/bin/python3 (found suitable version "3.8.10", minimum required is "3") 
[1.137s] -- Using PYTHON_EXECUTABLE: /usr/bin/python3
[1.542s] -- Found rclcpp: 2.4.1 (/opt/ros/foxy/share/rclcpp/cmake)
[1.636s] -- Using all available rosidl_typesupport_c: rosidl_typesupport_fastrtps_c;rosidl_typesupport_introspection_c
[1.650s] -- Found rosidl_adapter: 1.2.1 (/opt/ros/foxy/share/rosidl_adapter/cmake)
[1.829s] -- Found OpenSSL: /usr/lib/x86_64-linux-gnu/libcrypto.so (found version "1.1.1f")  
[1.904s] -- Found FastRTPS: /opt/ros/foxy/include  
[2.040s] -- Using all available rosidl_typesupport_cpp: rosidl_typesupport_fastrtps_cpp;rosidl_typesupport_introspection_cpp
[2.159s] -- Found rmw_implementation_cmake: 1.0.3 (/opt/ros/foxy/share/rmw_implementation_cmake/cmake)
[2.169s] -- Using RMW implementation 'rmw_fastrtps_cpp' as default
[2.178s] -- Looking for pthread.h
[2.293s] -- Looking for pthread.h - found
[2.293s] -- Performing Test CMAKE_HAVE_LIBC_PTHREAD
[2.389s] -- Performing Test CMAKE_HAVE_LIBC_PTHREAD - Failed
[2.390s] -- Looking for pthread_create in pthreads
[2.471s] -- Looking for pthread_create in pthreads - not found
[2.471s] -- Looking for pthread_create in pthread
[2.565s] -- Looking for pthread_create in pthread - found
[2.565s] -- Found Threads: TRUE  
[2.806s] -- Found sensor_msgs: 2.0.5 (/opt/ros/foxy/share/sensor_msgs/cmake)
[3.137s] -- Found ament_lint_auto: 0.9.6 (/opt/ros/foxy/share/ament_lint_auto/cmake)
[3.310s] -- Added test 'copyright' to check source files copyright and LICENSE
[3.311s] -- Added test 'cppcheck' to perform static code analysis on C / C++ code
[3.311s] -- Configured cppcheck include dirs: 
[3.311s] -- Configured cppcheck exclude dirs and/or files: 
[3.312s] -- Added test 'cpplint' to check C / C++ code against the Google style
[3.312s] -- Configured cpplint exclude dirs and/or files: 
[3.313s] -- Added test 'lint_cmake' to check CMake code style
[3.314s] -- Added test 'uncrustify' to check C / C++ code style
[3.314s] -- Configured uncrustify additional arguments: 
[3.315s] -- Added test 'xmllint' to check XML markup files
[3.319s] -- Configuring done
[3.332s] -- Generating done
[3.334s] -- Build files have been written to: /home/matheuswagner/repos/adaptive-cubesat-adcs/cubesat-simulation/build/cubesat_controllers
[3.345s] Invoked command in '/home/matheuswagner/repos/adaptive-cubesat-adcs/cubesat-simulation/build/cubesat_controllers' returned '0': CMAKE_PREFIX_PATH=${CMAKE_PREFIX_PATH}:/home/matheuswagner/repos/adaptive-cubesat-adcs/cubesat-simulation/install/cubesat_description:/opt/ros/foxy /usr/bin/cmake /home/matheuswagner/repos/adaptive-cubesat-adcs/cubesat-simulation/src/cubesat_controllers -DCMAKE_INSTALL_PREFIX=/home/matheuswagner/repos/adaptive-cubesat-adcs/cubesat-simulation/install/cubesat_controllers
[3.349s] Invoking command in '/home/matheuswagner/repos/adaptive-cubesat-adcs/cubesat-simulation/build/cubesat_controllers': CMAKE_PREFIX_PATH=${CMAKE_PREFIX_PATH}:/home/matheuswagner/repos/adaptive-cubesat-adcs/cubesat-simulation/install/cubesat_description:/opt/ros/foxy /usr/bin/cmake --build /home/matheuswagner/repos/adaptive-cubesat-adcs/cubesat-simulation/build/cubesat_controllers -- -j8 -l8
[3.400s] [35m[1mScanning dependencies of target controller_sd[0m
[3.450s] [ 50%] [32mBuilding CXX object CMakeFiles/controller_sd.dir/src/controller_sd.cpp.o[0m
[3.459s] [01m[K/home/matheuswagner/repos/adaptive-cubesat-adcs/cubesat-simulation/src/cubesat_controllers/src/controller_sd.cpp:1:10:[m[K [01;31m[Kfatal error: [m[K../../../include/responsiveSmartdata.h: No such file or directory
[3.459s]     1 | #include [01;31m[K"../../../include/responsiveSmartdata.h"[m[K
[3.459s]       |          [01;31m[K^~~~~~~~~~~~~~~~~~~~~~~~~~~~~~~~~~~~~~~~[m[K
[3.459s] compilation terminated.
[3.464s] make[2]: *** [CMakeFiles/controller_sd.dir/build.make:63: CMakeFiles/controller_sd.dir/src/controller_sd.cpp.o] Error 1
[3.464s] make[1]: *** [CMakeFiles/Makefile2:78: CMakeFiles/controller_sd.dir/all] Error 2
[3.465s] make: *** [Makefile:141: all] Error 2
[3.471s] Invoked command in '/home/matheuswagner/repos/adaptive-cubesat-adcs/cubesat-simulation/build/cubesat_controllers' returned '2': CMAKE_PREFIX_PATH=${CMAKE_PREFIX_PATH}:/home/matheuswagner/repos/adaptive-cubesat-adcs/cubesat-simulation/install/cubesat_description:/opt/ros/foxy /usr/bin/cmake --build /home/matheuswagner/repos/adaptive-cubesat-adcs/cubesat-simulation/build/cubesat_controllers -- -j8 -l8
