[35m[1mScanning dependencies of target concept[0m
[ 50%] [32mBuilding CXX object CMakeFiles/concept.dir/src/concept.cpp.o[0m
In file included from [01m[K/home/matheuswagner/repos/adaptive-cubesat-adcs/cubesat-simulation/src/concept/src/../include/smartdata.h:5:0[m[K,
                 from [01m[K/home/matheuswagner/repos/adaptive-cubesat-adcs/cubesat-simulation/src/concept/src/../include/local_smartdata.h:4[m[K,
                 from [01m[K/home/matheuswagner/repos/adaptive-cubesat-adcs/cubesat-simulation/src/concept/src/concept.cpp:1[m[K:
[01m[K/home/matheuswagner/repos/adaptive-cubesat-adcs/cubesat-simulation/src/concept/src/../include/observer.h:[m[K In member function ‘[01m[Kvirtual void Observer::notify(int)[m[K’:
[01m[K/home/matheuswagner/repos/adaptive-cubesat-adcs/cubesat-simulation/src/concept/src/../include/observer.h:8:33:[m[K [01;35m[Kwarning: [m[Kunused parameter ‘[01m[Kid[m[K’ [[01;35m[K-Wunused-parameter[m[K]
         virtual void notify(int [01;35m[Kid[m[K){};
                                 [01;35m[K^~[m[K
In file included from [01m[K/home/matheuswagner/repos/adaptive-cubesat-adcs/cubesat-simulation/src/concept/src/../include/local_smartdata.h:4:0[m[K,
                 from [01m[K/home/matheuswagner/repos/adaptive-cubesat-adcs/cubesat-simulation/src/concept/src/concept.cpp:1[m[K:
[01m[K/home/matheuswagner/repos/adaptive-cubesat-adcs/cubesat-simulation/src/concept/src/../include/smartdata.h:[m[K In member function ‘[01m[Kfloat SmartData::value()[m[K’:
[01m[K/home/matheuswagner/repos/adaptive-cubesat-adcs/cubesat-simulation/src/concept/src/../include/smartdata.h:34:23:[m[K [01;35m[Kwarning: [m[Kno return statement in function returning non-void [[01;35m[K-Wreturn-type[m[K]
         float value(){[01;35m[K}[m[K
                       [01;35m[K^[m[K
[01m[K/home/matheuswagner/repos/adaptive-cubesat-adcs/cubesat-simulation/src/concept/src/../include/smartdata.h:[m[K In member function ‘[01m[Kfloat SmartData::update()[m[K’:
[01m[K/home/matheuswagner/repos/adaptive-cubesat-adcs/cubesat-simulation/src/concept/src/../include/smartdata.h:36:24:[m[K [01;35m[Kwarning: [m[Kno return statement in function returning non-void [[01;35m[K-Wreturn-type[m[K]
         float update(){[01;35m[K}[m[K
                        [01;35m[K^[m[K
[01m[K/home/matheuswagner/repos/adaptive-cubesat-adcs/cubesat-simulation/src/concept/src/../include/smartdata.h:[m[K In member function ‘[01m[Kvoid SmartData::setValue(float)[m[K’:
[01m[K/home/matheuswagner/repos/adaptive-cubesat-adcs/cubesat-simulation/src/concept/src/../include/smartdata.h:38:29:[m[K [01;35m[Kwarning: [m[Kunused parameter ‘[01m[Kvalue[m[K’ [[01;35m[K-Wunused-parameter[m[K]
         void setValue(float [01;35m[Kvalue[m[K){}
                             [01;35m[K^~~~~[m[K
In file included from [01m[K/home/matheuswagner/repos/adaptive-cubesat-adcs/cubesat-simulation/src/concept/src/concept.cpp:5:0[m[K:
[01m[K/home/matheuswagner/repos/adaptive-cubesat-adcs/cubesat-simulation/src/concept/src/../include/plugin_motor_driver.h:[m[K In member function ‘[01m[Kvoid PluginMotorDriver::handleValueUpdate()[m[K’:
[01m[K/home/matheuswagner/repos/adaptive-cubesat-adcs/cubesat-simulation/src/concept/src/../include/plugin_motor_driver.h:45:51:[m[K [01;31m[Kerror: [m[Kexpected primary-expression before ‘[01m[Kfloat[m[K’
             message.data = this->smartdata->value<[01;31m[Kfloat[m[K>();
                                                   [01;31m[K^~~~~[m[K
[01m[K/home/matheuswagner/repos/adaptive-cubesat-adcs/cubesat-simulation/src/concept/src/concept.cpp:[m[K In function ‘[01m[Kint main(int, char**)[m[K’:
[01m[K/home/matheuswagner/repos/adaptive-cubesat-adcs/cubesat-simulation/src/concept/src/concept.cpp:15:42:[m[K [01;31m[Kerror: [m[Ktype/value mismatch at argument 2 in template parameter list for ‘[01m[Ktemplate<class Value, class Transducer> class LocalSmartData[m[K’
     std::shared_ptr<LocalSmartData<float,[01;31m[KPluginAmperimeter[m[K>> amperimeterX = std::make_shared<LocalSmartData<float,PluginAmperimeter>>(1, 100, 10, 0);
                                          [01;31m[K^~~~~~~~~~~~~~~~~[m[K
[01m[K/home/matheuswagner/repos/adaptive-cubesat-adcs/cubesat-simulation/src/concept/src/concept.cpp:15:42:[m[K [01;36m[Knote: [m[K  expected a type, got ‘[01m[KPluginAmperimeter[m[K’
[01m[K/home/matheuswagner/repos/adaptive-cubesat-adcs/cubesat-simulation/src/concept/src/concept.cpp:15:59:[m[K [01;31m[Kerror: [m[Ktemplate argument 1 is invalid
     std::shared_ptr<LocalSmartData<float,PluginAmperimeter[01;31m[K>>[m[K amperimeterX = std::make_shared<LocalSmartData<float,PluginAmperimeter>>(1, 100, 10, 0);
                                                           [01;31m[K^~[m[K
[01m[K/home/matheuswagner/repos/adaptive-cubesat-adcs/cubesat-simulation/src/concept/src/concept.cpp:15:115:[m[K [01;31m[Kerror: [m[Ktype/value mismatch at argument 2 in template parameter list for ‘[01m[Ktemplate<class Value, class Transducer> class LocalSmartData[m[K’
     std::shared_ptr<LocalSmartData<float,PluginAmperimeter>> amperimeterX = std::make_shared<LocalSmartData<float,[01;31m[KPluginAmperimeter[m[K>>(1, 100, 10, 0);
                                                                                                                   [01;31m[K^~~~~~~~~~~~~~~~~[m[K
[01m[K/home/matheuswagner/repos/adaptive-cubesat-adcs/cubesat-simulation/src/concept/src/concept.cpp:15:115:[m[K [01;36m[Knote: [m[K  expected a type, got ‘[01m[KPluginAmperimeter[m[K’
[01m[K/home/matheuswagner/repos/adaptive-cubesat-adcs/cubesat-simulation/src/concept/src/concept.cpp:15:148:[m[K [01;31m[Kerror: [m[Kno matching function for call to ‘[01m[Kmake_shared<<expression error> >(int, int, int, int)[m[K’
     std::shared_ptr<LocalSmartData<float,PluginAmperimeter>> amperimeterX = std::make_shared<LocalSmartData<float,PluginAmperimeter>>(1, 100, 10, 0[01;31m[K)[m[K;
                                                                                                                                                    [01;31m[K^[m[K
In file included from [01m[K/usr/include/c++/7/memory:81:0[m[K,
                 from [01m[K/home/matheuswagner/ros2_dashing/ros2-linux/include/rclcpp/rclcpp.hpp:142[m[K,
                 from [01m[K/home/matheuswagner/repos/adaptive-cubesat-adcs/cubesat-simulation/src/concept/src/../include/local_smartdata.h:7[m[K,
                 from [01m[K/home/matheuswagner/repos/adaptive-cubesat-adcs/cubesat-simulation/src/concept/src/concept.cpp:1[m[K:
[01m[K/usr/include/c++/7/bits/shared_ptr.h:703:5:[m[K [01;36m[Knote: [m[Kcandidate: template<class _Tp, class ... _Args> std::shared_ptr<_Tp> std::make_shared(_Args&& ...)
     [01;36m[Kmake_shared[m[K(_Args&&... __args)
     [01;36m[K^~~~~~~~~~~[m[K
[01m[K/usr/include/c++/7/bits/shared_ptr.h:703:5:[m[K [01;36m[Knote: [m[K  template argument deduction/substitution failed:
[01m[K/home/matheuswagner/repos/adaptive-cubesat-adcs/cubesat-simulation/src/concept/src/concept.cpp:15:148:[m[K [01;31m[Kerror: [m[Ktemplate argument 1 is invalid
     std::shared_ptr<LocalSmartData<float,PluginAmperimeter>> amperimeterX = std::make_shared<LocalSmartData<float,PluginAmperimeter>>(1, 100, 10, 0[01;31m[K)[m[K;
                                                                                                                                                    [01;31m[K^[m[K
[01m[K/home/matheuswagner/repos/adaptive-cubesat-adcs/cubesat-simulation/src/concept/src/concept.cpp:16:42:[m[K [01;31m[Kerror: [m[Ktype/value mismatch at argument 2 in template parameter list for ‘[01m[Ktemplate<class Value, class Transducer> class LocalSmartData[m[K’
     std::shared_ptr<LocalSmartData<float,[01;31m[KPluginAmperimeter[m[K>> amperimeterY = std::make_shared<LocalSmartData<float,PluginAmperimeter>>(2, 100, 10, 0);
                                          [01;31m[K^~~~~~~~~~~~~~~~~[m[K
[01m[K/home/matheuswagner/repos/adaptive-cubesat-adcs/cubesat-simulation/src/concept/src/concept.cpp:16:42:[m[K [01;36m[Knote: [m[K  expected a type, got ‘[01m[KPluginAmperimeter[m[K’
[01m[K/home/matheuswagner/repos/adaptive-cubesat-adcs/cubesat-simulation/src/concept/src/concept.cpp:16:59:[m[K [01;31m[Kerror: [m[Ktemplate argument 1 is invalid
     std::shared_ptr<LocalSmartData<float,PluginAmperimeter[01;31m[K>>[m[K amperimeterY = std::make_shared<LocalSmartData<float,PluginAmperimeter>>(2, 100, 10, 0);
                                                           [01;31m[K^~[m[K
[01m[K/home/matheuswagner/repos/adaptive-cubesat-adcs/cubesat-simulation/src/concept/src/concept.cpp:16:115:[m[K [01;31m[Kerror: [m[Ktype/value mismatch at argument 2 in template parameter list for ‘[01m[Ktemplate<class Value, class Transducer> class LocalSmartData[m[K’
     std::shared_ptr<LocalSmartData<float,PluginAmperimeter>> amperimeterY = std::make_shared<LocalSmartData<float,[01;31m[KPluginAmperimeter[m[K>>(2, 100, 10, 0);
                                                                                                                   [01;31m[K^~~~~~~~~~~~~~~~~[m[K
[01m[K/home/matheuswagner/repos/adaptive-cubesat-adcs/cubesat-simulation/src/concept/src/concept.cpp:16:115:[m[K [01;36m[Knote: [m[K  expected a type, got ‘[01m[KPluginAmperimeter[m[K’
[01m[K/home/matheuswagner/repos/adaptive-cubesat-adcs/cubesat-simulation/src/concept/src/concept.cpp:16:148:[m[K [01;31m[Kerror: [m[Kno matching function for call to ‘[01m[Kmake_shared<<expression error> >(int, int, int, int)[m[K’
     std::shared_ptr<LocalSmartData<float,PluginAmperimeter>> amperimeterY = std::make_shared<LocalSmartData<float,PluginAmperimeter>>(2, 100, 10, 0[01;31m[K)[m[K;
                                                                                                                                                    [01;31m[K^[m[K
In file included from [01m[K/usr/include/c++/7/memory:81:0[m[K,
                 from [01m[K/home/matheuswagner/ros2_dashing/ros2-linux/include/rclcpp/rclcpp.hpp:142[m[K,
                 from [01m[K/home/matheuswagner/repos/adaptive-cubesat-adcs/cubesat-simulation/src/concept/src/../include/local_smartdata.h:7[m[K,
                 from [01m[K/home/matheuswagner/repos/adaptive-cubesat-adcs/cubesat-simulation/src/concept/src/concept.cpp:1[m[K:
[01m[K/usr/include/c++/7/bits/shared_ptr.h:703:5:[m[K [01;36m[Knote: [m[Kcandidate: template<class _Tp, class ... _Args> std::shared_ptr<_Tp> std::make_shared(_Args&& ...)
     [01;36m[Kmake_shared[m[K(_Args&&... __args)
     [01;36m[K^~~~~~~~~~~[m[K
[01m[K/usr/include/c++/7/bits/shared_ptr.h:703:5:[m[K [01;36m[Knote: [m[K  template argument deduction/substitution failed:
[01m[K/home/matheuswagner/repos/adaptive-cubesat-adcs/cubesat-simulation/src/concept/src/concept.cpp:16:148:[m[K [01;31m[Kerror: [m[Ktemplate argument 1 is invalid
     std::shared_ptr<LocalSmartData<float,PluginAmperimeter>> amperimeterY = std::make_shared<LocalSmartData<float,PluginAmperimeter>>(2, 100, 10, 0[01;31m[K)[m[K;
                                                                                                                                                    [01;31m[K^[m[K
[01m[K/home/matheuswagner/repos/adaptive-cubesat-adcs/cubesat-simulation/src/concept/src/concept.cpp:18:52:[m[K [01;31m[Kerror: [m[Ktype/value mismatch at argument 2 in template parameter list for ‘[01m[Ktemplate<class Value, class Transducer> class LocalSmartData[m[K’
     std::list<std::shared_ptr<LocalSmartData<float,[01;31m[KPluginAmperimeter[m[K>>> inputs;
                                                    [01;31m[K^~~~~~~~~~~~~~~~~[m[K
[01m[K/home/matheuswagner/repos/adaptive-cubesat-adcs/cubesat-simulation/src/concept/src/concept.cpp:18:52:[m[K [01;36m[Knote: [m[K  expected a type, got ‘[01m[KPluginAmperimeter[m[K’
[01m[K/home/matheuswagner/repos/adaptive-cubesat-adcs/cubesat-simulation/src/concept/src/concept.cpp:18:69:[m[K [01;31m[Kerror: [m[Ktemplate argument 1 is invalid
     std::list<std::shared_ptr<LocalSmartData<float,PluginAmperimeter[01;31m[K>>[m[K> inputs;
                                                                     [01;31m[K^~[m[K
[01m[K/home/matheuswagner/repos/adaptive-cubesat-adcs/cubesat-simulation/src/concept/src/concept.cpp:18:71:[m[K [01;31m[Kerror: [m[Ktemplate argument 1 is invalid
     std::list<std::shared_ptr<LocalSmartData<float,PluginAmperimeter>>[01;31m[K>[m[K inputs;
                                                                       [01;31m[K^[m[K
[01m[K/home/matheuswagner/repos/adaptive-cubesat-adcs/cubesat-simulation/src/concept/src/concept.cpp:18:71:[m[K [01;31m[Kerror: [m[Ktemplate argument 2 is invalid
[01m[K/home/matheuswagner/repos/adaptive-cubesat-adcs/cubesat-simulation/src/concept/src/concept.cpp:19:12:[m[K [01;31m[Kerror: [m[Krequest for member ‘[01m[Kpush_back[m[K’ in ‘[01m[Kinputs[m[K’, which is of non-class type ‘[01m[Kint[m[K’
     inputs.[01;31m[Kpush_back[m[K(amperimeterX);
            [01;31m[K^~~~~~~~~[m[K
[01m[K/home/matheuswagner/repos/adaptive-cubesat-adcs/cubesat-simulation/src/concept/src/concept.cpp:20:12:[m[K [01;31m[Kerror: [m[Krequest for member ‘[01m[Kpush_back[m[K’ in ‘[01m[Kinputs[m[K’, which is of non-class type ‘[01m[Kint[m[K’
     inputs.[01;31m[Kpush_back[m[K(amperimeterY);
            [01;31m[K^~~~~~~~~[m[K
[01m[K/home/matheuswagner/repos/adaptive-cubesat-adcs/cubesat-simulation/src/concept/src/concept.cpp:31:87:[m[K [01;31m[Kerror: [m[Ktype/value mismatch at argument 2 in template parameter list for ‘[01m[Ktemplate<class Value, class Transducer> class LocalSmartData[m[K’
     ControllerSmartData<ProportionalController<LocalSmartData<float, PluginAmperimeter[01;31m[K>[m[K, LocalSmartData<float,PluginMotorDriver>>
                                                                                       [01;31m[K^[m[K
[01m[K/home/matheuswagner/repos/adaptive-cubesat-adcs/cubesat-simulation/src/concept/src/concept.cpp:31:87:[m[K [01;36m[Knote: [m[K  expected a type, got ‘[01m[KPluginAmperimeter[m[K’
[01m[K/home/matheuswagner/repos/adaptive-cubesat-adcs/cubesat-simulation/src/concept/src/concept.cpp:31:128:[m[K [01;31m[Kerror: [m[Ktemplate argument 1 is invalid
     ControllerSmartData<ProportionalController<LocalSmartData<float, PluginAmperimeter>, LocalSmartData<float,PluginMotorDriver[01;31m[K>>[m[K
                                                                                                                                [01;31m[K^~[m[K
[01m[K/home/matheuswagner/repos/adaptive-cubesat-adcs/cubesat-simulation/src/concept/src/concept.cpp:32:65:[m[K [01;31m[Kerror: [m[Ktype/value mismatch at argument 2 in template parameter list for ‘[01m[Ktemplate<class Value, class Transducer> class LocalSmartData[m[K’
                         ,LocalSmartData<float, PluginAmperimeter[01;31m[K>[m[K,LocalSmartData<float, PluginMotorDriver>> controller(inputs, outputs);
                                                                 [01;31m[K^[m[K
[01m[K/home/matheuswagner/repos/adaptive-cubesat-adcs/cubesat-simulation/src/concept/src/concept.cpp:32:65:[m[K [01;36m[Knote: [m[K  expected a type, got ‘[01m[KPluginAmperimeter[m[K’
[01m[K/home/matheuswagner/repos/adaptive-cubesat-adcs/cubesat-simulation/src/concept/src/concept.cpp:32:106:[m[K [01;31m[Kerror: [m[Ktemplate argument 1 is invalid
                         ,LocalSmartData<float, PluginAmperimeter>,LocalSmartData<float, PluginMotorDriver[01;31m[K>>[m[K controller(inputs, outputs);
                                                                                                          [01;31m[K^~[m[K
[01m[K/home/matheuswagner/repos/adaptive-cubesat-adcs/cubesat-simulation/src/concept/src/concept.cpp:32:106:[m[K [01;31m[Kerror: [m[Ktemplate argument 2 is invalid
[01m[K/home/matheuswagner/repos/adaptive-cubesat-adcs/cubesat-simulation/src/concept/src/concept.cpp:32:135:[m[K [01;31m[Kerror: [m[Kexpression list treated as compound expression in initializer [[01;31m[K-fpermissive[m[K]
                         ,LocalSmartData<float, PluginAmperimeter>,LocalSmartData<float, PluginMotorDriver>> controller(inputs, outputs[01;31m[K)[m[K;
                                                                                                                                       [01;31m[K^[m[K
[01m[K/home/matheuswagner/repos/adaptive-cubesat-adcs/cubesat-simulation/src/concept/src/concept.cpp:32:135:[m[K [01;35m[Kwarning: [m[Kleft operand of comma operator has no effect [[01;35m[K-Wunused-value[m[K]
[01m[K/home/matheuswagner/repos/adaptive-cubesat-adcs/cubesat-simulation/src/concept/src/concept.cpp:32:135:[m[K [01;31m[Kerror: [m[Kcannot convert ‘[01m[Kstd::__cxx11::list<std::shared_ptr<LocalSmartData<float, PluginMotorDriver> > >[m[K’ to ‘[01m[Kint[m[K’ in initialization
[01m[K/home/matheuswagner/repos/adaptive-cubesat-adcs/cubesat-simulation/src/concept/src/concept.cpp:39:21:[m[K [01;31m[Kerror: [m[Kbase operand of ‘[01m[K->[m[K’ is not a pointer
         amperimeterX[01;31m[K->[m[KspinIt();
                     [01;31m[K^~[m[K
[01m[K/home/matheuswagner/repos/adaptive-cubesat-adcs/cubesat-simulation/src/concept/src/concept.cpp:40:21:[m[K [01;31m[Kerror: [m[Kbase operand of ‘[01m[K->[m[K’ is not a pointer
         amperimeterY[01;31m[K->[m[KspinIt();
                     [01;31m[K^~[m[K
[01m[K/home/matheuswagner/repos/adaptive-cubesat-adcs/cubesat-simulation/src/concept/src/concept.cpp:32:109:[m[K [01;35m[Kwarning: [m[Kunused variable ‘[01m[Kcontroller[m[K’ [[01;35m[K-Wunused-variable[m[K]
                         ,LocalSmartData<float, PluginAmperimeter>,LocalSmartData<float, PluginMotorDriver>> [01;35m[Kcontroller[m[K(inputs, outputs);
                                                                                                             [01;35m[K^~~~~~~~~~[m[K
In file included from [01m[K/home/matheuswagner/repos/adaptive-cubesat-adcs/cubesat-simulation/src/concept/src/../include/smartdata.h:7:0[m[K,
                 from [01m[K/home/matheuswagner/repos/adaptive-cubesat-adcs/cubesat-simulation/src/concept/src/../include/local_smartdata.h:4[m[K,
                 from [01m[K/home/matheuswagner/repos/adaptive-cubesat-adcs/cubesat-simulation/src/concept/src/concept.cpp:1[m[K:
/home/matheuswagner/repos/adaptive-cubesat-adcs/cubesat-simulation/src/concept/src/../include/transducer.h: In instantiation of ‘[01m[Kvoid Transducer<UNIT, Value>::actuate(const Value&) [with long unsigned int UNIT = 2; Value = float][m[K’:
[01m[K/home/matheuswagner/repos/adaptive-cubesat-adcs/cubesat-simulation/src/concept/src/concept.cpp:47:1:[m[K   required from here
[01m[K/home/matheuswagner/repos/adaptive-cubesat-adcs/cubesat-simulation/src/concept/src/../include/transducer.h:17:43:[m[K [01;35m[Kwarning: [m[Kunused parameter ‘[01m[Kvalue[m[K’ [[01;35m[K-Wunused-parameter[m[K]
         virtual void actuate(const Value &[01;35m[Kvalue[m[K){}
                                           [01;35m[K^~~~~[m[K
/home/matheuswagner/repos/adaptive-cubesat-adcs/cubesat-simulation/src/concept/src/../include/transducer.h: In instantiation of ‘[01m[KValue Transducer<UNIT, Value>::sense() [with long unsigned int UNIT = 2; Value = float][m[K’:
[01m[K/home/matheuswagner/repos/adaptive-cubesat-adcs/cubesat-simulation/src/concept/src/concept.cpp:47:1:[m[K   required from here
[01m[K/home/matheuswagner/repos/adaptive-cubesat-adcs/cubesat-simulation/src/concept/src/../include/transducer.h:16:31:[m[K [01;35m[Kwarning: [m[Kno return statement in function returning non-void [[01;35m[K-Wreturn-type[m[K]
         virtual Value sense(){[01;35m[K}[m[K
                               [01;35m[K^[m[K
CMakeFiles/concept.dir/build.make:81: recipe for target 'CMakeFiles/concept.dir/src/concept.cpp.o' failed
make[2]: *** [CMakeFiles/concept.dir/src/concept.cpp.o] Error 1
CMakeFiles/Makefile2:122: recipe for target 'CMakeFiles/concept.dir/all' failed
make[1]: *** [CMakeFiles/concept.dir/all] Error 2
Makefile:159: recipe for target 'all' failed
make: *** [all] Error 2
