[0.056s] Invoking command in '/home/matheuswagner/repos/adaptive-cubesat-adcs/cubesat-simulation/build/concept': CMAKE_PREFIX_PATH=${CMAKE_PREFIX_PATH}:/home/matheuswagner/repos/adaptive-cubesat-adcs/cubesat-simulation/install/cubesat_description:/opt/ros/foxy /usr/bin/cmake --build /home/matheuswagner/repos/adaptive-cubesat-adcs/cubesat-simulation/build/concept -- -j8 -l8
[0.577s] [ 50%] [32mBuilding CXX object CMakeFiles/concept.dir/src/concept.cpp.o[0m
[0.726s] In file included from [01m[K/home/matheuswagner/repos/adaptive-cubesat-adcs/cubesat-simulation/src/concept/src/../include/smartdata.h:5[m[K,
[0.726s]                  from [01m[K/home/matheuswagner/repos/adaptive-cubesat-adcs/cubesat-simulation/src/concept/src/../include/local_smartdata.h:4[m[K,
[0.727s]                  from [01m[K/home/matheuswagner/repos/adaptive-cubesat-adcs/cubesat-simulation/src/concept/src/concept.cpp:1[m[K:
[0.727s] [01m[K/home/matheuswagner/repos/adaptive-cubesat-adcs/cubesat-simulation/src/concept/src/../include/observer.h:[m[K In member function ‘[01m[Kvirtual void Observer::notify(int)[m[K’:
[0.727s] [01m[K/home/matheuswagner/repos/adaptive-cubesat-adcs/cubesat-simulation/src/concept/src/../include/observer.h:8:33:[m[K [01;35m[Kwarning: [m[Kunused parameter ‘[01m[Kid[m[K’ [[01;35m[K-Wunused-parameter[m[K]
[0.735s]     8 |         virtual void notify([01;35m[Kint id[m[K){};
[0.735s]       |                             [01;35m[K~~~~^~[m[K
[0.735s] In file included from [01m[K/home/matheuswagner/repos/adaptive-cubesat-adcs/cubesat-simulation/src/concept/src/../include/local_smartdata.h:4[m[K,
[0.736s]                  from [01m[K/home/matheuswagner/repos/adaptive-cubesat-adcs/cubesat-simulation/src/concept/src/concept.cpp:1[m[K:
[0.736s] [01m[K/home/matheuswagner/repos/adaptive-cubesat-adcs/cubesat-simulation/src/concept/src/../include/smartdata.h:[m[K In member function ‘[01m[Kvirtual float SmartData::value()[m[K’:
[0.736s] [01m[K/home/matheuswagner/repos/adaptive-cubesat-adcs/cubesat-simulation/src/concept/src/../include/smartdata.h:34:31:[m[K [01;35m[Kwarning: [m[Kno return statement in function returning non-void [[01;35m[K-Wreturn-type[m[K]
[0.736s]    34 |         virtual float value(){[01;35m[K}[m[K
[0.736s]       |                               [01;35m[K^[m[K
[0.737s] [01m[K/home/matheuswagner/repos/adaptive-cubesat-adcs/cubesat-simulation/src/concept/src/../include/smartdata.h:[m[K In member function ‘[01m[Kvirtual float SmartData::update()[m[K’:
[0.737s] [01m[K/home/matheuswagner/repos/adaptive-cubesat-adcs/cubesat-simulation/src/concept/src/../include/smartdata.h:36:32:[m[K [01;35m[Kwarning: [m[Kno return statement in function returning non-void [[01;35m[K-Wreturn-type[m[K]
[0.737s]    36 |         virtual float update(){[01;35m[K}[m[K
[0.737s]       |                                [01;35m[K^[m[K
[0.737s] [01m[K/home/matheuswagner/repos/adaptive-cubesat-adcs/cubesat-simulation/src/concept/src/../include/smartdata.h:[m[K In member function ‘[01m[Kvirtual void SmartData::setValue(float)[m[K’:
[0.738s] [01m[K/home/matheuswagner/repos/adaptive-cubesat-adcs/cubesat-simulation/src/concept/src/../include/smartdata.h:38:37:[m[K [01;35m[Kwarning: [m[Kunused parameter ‘[01m[Kvalue[m[K’ [[01;35m[K-Wunused-parameter[m[K]
[0.738s]    38 |         virtual void setValue([01;35m[Kfloat value[m[K){}
[0.738s]       |                               [01;35m[K~~~~~~^~~~~[m[K
[2.758s] In file included from [01m[K/opt/ros/foxy/include/rclcpp/service.hpp:34[m[K,
[2.759s]                  from [01m[K/opt/ros/foxy/include/rclcpp/callback_group.hpp:25[m[K,
[2.759s]                  from [01m[K/opt/ros/foxy/include/rclcpp/any_executable.hpp:20[m[K,
[2.759s]                  from [01m[K/opt/ros/foxy/include/rclcpp/memory_strategy.hpp:24[m[K,
[2.759s]                  from [01m[K/opt/ros/foxy/include/rclcpp/memory_strategies.hpp:18[m[K,
[2.759s]                  from [01m[K/opt/ros/foxy/include/rclcpp/executor_options.hpp:20[m[K,
[2.759s]                  from [01m[K/opt/ros/foxy/include/rclcpp/executor.hpp:33[m[K,
[2.760s]                  from [01m[K/opt/ros/foxy/include/rclcpp/executors/multi_threaded_executor.hpp:26[m[K,
[2.760s]                  from [01m[K/opt/ros/foxy/include/rclcpp/executors.hpp:21[m[K,
[2.760s]                  from [01m[K/opt/ros/foxy/include/rclcpp/rclcpp.hpp:146[m[K,
[2.760s]                  from [01m[K/home/matheuswagner/repos/adaptive-cubesat-adcs/cubesat-simulation/src/concept/src/../include/local_smartdata.h:7[m[K,
[2.760s]                  from [01m[K/home/matheuswagner/repos/adaptive-cubesat-adcs/cubesat-simulation/src/concept/src/concept.cpp:1[m[K:
[2.760s] [01m[K/home/matheuswagner/repos/adaptive-cubesat-adcs/cubesat-simulation/src/concept/src/../include/plugin_motor_driver.h:[m[K In member function ‘[01m[Kvoid PluginMotorDriver::handleValueUpdate()[m[K’:
[2.760s] [01m[K/home/matheuswagner/repos/adaptive-cubesat-adcs/cubesat-simulation/src/concept/src/../include/plugin_motor_driver.h:46:31:[m[K [01;31m[Kerror: [m[K‘[01m[Kclass PluginMotorDriver[m[K’ has no member named ‘[01m[Ktransducer[m[K’; did you mean ‘[01m[KTransducer[m[K’?
[2.761s]    46 |             RCLCPP_INFO(this->[01;31m[Ktransducer[m[K->get_logger(), "I'm publishing");
[2.761s]       |                               [01;31m[K^~~~~~~~~~[m[K
[2.761s] [01m[K/home/matheuswagner/repos/adaptive-cubesat-adcs/cubesat-simulation/src/concept/src/../include/plugin_motor_driver.h:46:31:[m[K [01;31m[Kerror: [m[K‘[01m[Kclass PluginMotorDriver[m[K’ has no member named ‘[01m[Ktransducer[m[K’; did you mean ‘[01m[KTransducer[m[K’?
[2.761s] [01m[K/home/matheuswagner/repos/adaptive-cubesat-adcs/cubesat-simulation/src/concept/src/../include/plugin_motor_driver.h:46:13:[m[K [01;31m[Kerror: [m[Ktemplate argument 1 is invalid
[2.762s]    46 |             [01;31m[KRCLCPP_INFO[m[K(this->transducer->get_logger(), "I'm publishing");
[2.763s]       |             [01;31m[K^~~~~~~~~~~[m[K
[2.763s] [01m[K/home/matheuswagner/repos/adaptive-cubesat-adcs/cubesat-simulation/src/concept/src/../include/plugin_motor_driver.h:46:13:[m[K [01;31m[Kerror: [m[Ktemplate argument 1 is invalid
[2.764s]    46 |             [01;31m[KRCLCPP_INFO[m[K(this->transducer->get_logger(), "I'm publishing");
[2.765s]       |             [01;31m[K^~~~~~~~~~~[m[K
[2.766s] [01m[K/home/matheuswagner/repos/adaptive-cubesat-adcs/cubesat-simulation/src/concept/src/../include/plugin_motor_driver.h:46:13:[m[K [01;31m[Kerror: [m[Ktemplate argument 1 is invalid
[2.767s]    46 |             [01;31m[KRCLCPP_INFO[m[K(this->transducer->get_logger(), "I'm publishing");
[2.768s]       |             [01;31m[K^~~~~~~~~~~[m[K
[2.769s] In file included from [01m[K/opt/ros/foxy/include/rclcpp/client.hpp:40[m[K,
[2.770s]                  from [01m[K/opt/ros/foxy/include/rclcpp/callback_group.hpp:23[m[K,
[2.770s]                  from [01m[K/opt/ros/foxy/include/rclcpp/any_executable.hpp:20[m[K,
[2.771s]                  from [01m[K/opt/ros/foxy/include/rclcpp/memory_strategy.hpp:24[m[K,
[2.771s]                  from [01m[K/opt/ros/foxy/include/rclcpp/memory_strategies.hpp:18[m[K,
[2.772s]                  from [01m[K/opt/ros/foxy/include/rclcpp/executor_options.hpp:20[m[K,
[2.772s]                  from [01m[K/opt/ros/foxy/include/rclcpp/executor.hpp:33[m[K,
[2.772s]                  from [01m[K/opt/ros/foxy/include/rclcpp/executors/multi_threaded_executor.hpp:26[m[K,
[2.773s]                  from [01m[K/opt/ros/foxy/include/rclcpp/executors.hpp:21[m[K,
[2.773s]                  from [01m[K/opt/ros/foxy/include/rclcpp/rclcpp.hpp:146[m[K,
[2.774s]                  from [01m[K/home/matheuswagner/repos/adaptive-cubesat-adcs/cubesat-simulation/src/concept/src/../include/local_smartdata.h:7[m[K,
[2.774s]                  from [01m[K/home/matheuswagner/repos/adaptive-cubesat-adcs/cubesat-simulation/src/concept/src/concept.cpp:1[m[K:
[2.775s] [01m[K/home/matheuswagner/repos/adaptive-cubesat-adcs/cubesat-simulation/src/concept/src/../include/plugin_motor_driver.h:46:31:[m[K [01;31m[Kerror: [m[K‘[01m[Kclass PluginMotorDriver[m[K’ has no member named ‘[01m[Ktransducer[m[K’; did you mean ‘[01m[KTransducer[m[K’?
[2.776s]    46 |             RCLCPP_INFO(this->[01;31m[Ktransducer[m[K->get_logger(), "I'm publishing");
[2.776s]       |                               [01;31m[K^~~~~~~~~~[m[K
[2.776s] [01m[K/home/matheuswagner/repos/adaptive-cubesat-adcs/cubesat-simulation/src/concept/src/../include/plugin_motor_driver.h:46:31:[m[K [01;31m[Kerror: [m[K‘[01m[Kclass PluginMotorDriver[m[K’ has no member named ‘[01m[Ktransducer[m[K’; did you mean ‘[01m[KTransducer[m[K’?
[2.777s]    46 |             RCLCPP_INFO(this->[01;31m[Ktransducer[m[K->get_logger(), "I'm publishing");
[2.777s]       |                               [01;31m[K^~~~~~~~~~[m[K
[5.184s] In file included from [01m[K/home/matheuswagner/repos/adaptive-cubesat-adcs/cubesat-simulation/src/concept/src/concept.cpp:3[m[K:
[5.184s] /home/matheuswagner/repos/adaptive-cubesat-adcs/cubesat-simulation/src/concept/src/../include/controller_smartdata.h: In instantiation of ‘[01m[Kfloat ControllerSmartData<Controller, SDIN, SDOUT>::update() [with Controller = ProportionalController<LocalSmartData<float, PluginAmperimeter>, LocalSmartData<float, PluginMotorDriver> >; SDIN = LocalSmartData<float, PluginAmperimeter>; SDOUT = LocalSmartData<float, PluginMotorDriver>][m[K’:
[5.184s] [01m[K/home/matheuswagner/repos/adaptive-cubesat-adcs/cubesat-simulation/src/concept/src/../include/controller_smartdata.h:53:15:[m[K   required from here
[5.184s] [01m[K/home/matheuswagner/repos/adaptive-cubesat-adcs/cubesat-simulation/src/concept/src/../include/controller_smartdata.h:55:29:[m[K [01;35m[Kwarning: [m[Kcomparison of integer expressions of different signedness: ‘[01m[Kint[m[K’ and ‘[01m[Kstd::vector<bool, std::allocator<bool> >::size_type[m[K’ {aka ‘[01m[Klong unsigned int[m[K’} [[01;35m[K-Wsign-compare[m[K]
[5.185s]    55 |             for(int i = 0; [01;35m[Ki<this->freshnessList.size()[m[K; i++)
[5.185s]       |                            [01;35m[K~^~~~~~~~~~~~~~~~~~~~~~~~~~~[m[K
[5.185s] /home/matheuswagner/repos/adaptive-cubesat-adcs/cubesat-simulation/src/concept/src/../include/controller_smartdata.h: In instantiation of ‘[01m[Kvoid ControllerSmartData<Controller, SDIN, SDOUT>::notify(int) [with Controller = ProportionalController<LocalSmartData<float, PluginAmperimeter>, LocalSmartData<float, PluginMotorDriver> >; SDIN = LocalSmartData<float, PluginAmperimeter>; SDOUT = LocalSmartData<float, PluginMotorDriver>][m[K’:
[5.185s] [01m[K/home/matheuswagner/repos/adaptive-cubesat-adcs/cubesat-simulation/src/concept/src/../include/controller_smartdata.h:75:14:[m[K   required from here
[5.185s] [01m[K/home/matheuswagner/repos/adaptive-cubesat-adcs/cubesat-simulation/src/concept/src/../include/controller_smartdata.h:81:29:[m[K [01;35m[Kwarning: [m[Kcomparison of integer expressions of different signedness: ‘[01m[Kint[m[K’ and ‘[01m[Kstd::vector<bool, std::allocator<bool> >::size_type[m[K’ {aka ‘[01m[Klong unsigned int[m[K’} [[01;35m[K-Wsign-compare[m[K]
[5.186s]    81 |             for(int i = 0; [01;35m[Ki<this->freshnessList.size()[m[K; i++)
[5.186s]       |                            [01;35m[K~^~~~~~~~~~~~~~~~~~~~~~~~~~~[m[K
[5.186s] In file included from [01m[K/home/matheuswagner/repos/adaptive-cubesat-adcs/cubesat-simulation/src/concept/src/concept.cpp:6[m[K:
[5.186s] /home/matheuswagner/repos/adaptive-cubesat-adcs/cubesat-simulation/src/concept/src/../include/proportional_controller.h: In instantiation of ‘[01m[Kvoid ProportionalController<SDIN, SDOUT>::control() [with SDIN = LocalSmartData<float, PluginAmperimeter>; SDOUT = LocalSmartData<float, PluginMotorDriver>][m[K’:
[5.186s] [01m[K/home/matheuswagner/repos/adaptive-cubesat-adcs/cubesat-simulation/src/concept/src/../include/proportional_controller.h:34:14:[m[K   required from here
[5.186s] [01m[K/home/matheuswagner/repos/adaptive-cubesat-adcs/cubesat-simulation/src/concept/src/../include/proportional_controller.h:36:29:[m[K [01;35m[Kwarning: [m[Kcomparison of integer expressions of different signedness: ‘[01m[Kint[m[K’ and ‘[01m[Kstd::vector<std::shared_ptr<LocalSmartData<float, PluginAmperimeter> >, std::allocator<std::shared_ptr<LocalSmartData<float, PluginAmperimeter> > > >::size_type[m[K’ {aka ‘[01m[Klong unsigned int[m[K’} [[01;35m[K-Wsign-compare[m[K]
[5.186s]    36 |             for(int i = 0; i<this->inputSmartData.size(); i++)
[5.187s] [01m[K/home/matheuswagner/repos/adaptive-cubesat-adcs/cubesat-simulation/src/concept/src/../include/proportional_controller.h:50:29:[m[K [01;35m[Kwarning: [m[Kcomparison of integer expressions of different signedness: ‘[01m[Kint[m[K’ and ‘[01m[Kstd::vector<std::shared_ptr<LocalSmartData<float, PluginMotorDriver> >, std::allocator<std::shared_ptr<LocalSmartData<float, PluginMotorDriver> > > >::size_type[m[K’ {aka ‘[01m[Klong unsigned int[m[K’} [[01;35m[K-Wsign-compare[m[K]
[5.187s]    50 |             for(int i = 0; i<this->outputSmartData.size(); i++)
[5.187s] In file included from [01m[K/home/matheuswagner/repos/adaptive-cubesat-adcs/cubesat-simulation/src/concept/src/../include/smartdata.h:7[m[K,
[5.187s]                  from [01m[K/home/matheuswagner/repos/adaptive-cubesat-adcs/cubesat-simulation/src/concept/src/../include/local_smartdata.h:4[m[K,
[5.187s]                  from [01m[K/home/matheuswagner/repos/adaptive-cubesat-adcs/cubesat-simulation/src/concept/src/concept.cpp:1[m[K:
[5.187s] /home/matheuswagner/repos/adaptive-cubesat-adcs/cubesat-simulation/src/concept/src/../include/transducer.h: In instantiation of ‘[01m[Kvoid Transducer<UNIT, Value>::actuate(const Value&) [with long unsigned int UNIT = 2; Value = float][m[K’:
[5.187s] [01m[K/home/matheuswagner/repos/adaptive-cubesat-adcs/cubesat-simulation/src/concept/src/../include/transducer.h:17:22:[m[K   required from here
[5.188s] [01m[K/home/matheuswagner/repos/adaptive-cubesat-adcs/cubesat-simulation/src/concept/src/../include/transducer.h:17:43:[m[K [01;35m[Kwarning: [m[Kunused parameter ‘[01m[Kvalue[m[K’ [[01;35m[K-Wunused-parameter[m[K]
[5.188s]    17 |         virtual void actuate([01;35m[Kconst Value &value[m[K){}
[5.188s]       |                              [01;35m[K~~~~~~~~~~~~~^~~~~[m[K
[5.188s] /home/matheuswagner/repos/adaptive-cubesat-adcs/cubesat-simulation/src/concept/src/../include/transducer.h: In instantiation of ‘[01m[KValue Transducer<UNIT, Value>::sense() [with long unsigned int UNIT = 2; Value = float][m[K’:
[5.188s] [01m[K/home/matheuswagner/repos/adaptive-cubesat-adcs/cubesat-simulation/src/concept/src/../include/transducer.h:16:23:[m[K   required from here
[5.188s] [01m[K/home/matheuswagner/repos/adaptive-cubesat-adcs/cubesat-simulation/src/concept/src/../include/transducer.h:16:31:[m[K [01;35m[Kwarning: [m[Kno return statement in function returning non-void [[01;35m[K-Wreturn-type[m[K]
[5.189s]    16 |         virtual Value sense(){[01;35m[K}[m[K
[5.189s]       |                               [01;35m[K^[m[K
[5.189s] /home/matheuswagner/repos/adaptive-cubesat-adcs/cubesat-simulation/src/concept/src/../include/transducer.h: In instantiation of ‘[01m[Kvoid Transducer<UNIT, Value>::actuate(const Value&) [with long unsigned int UNIT = 1; Value = float][m[K’:
[5.189s] [01m[K/home/matheuswagner/repos/adaptive-cubesat-adcs/cubesat-simulation/src/concept/src/../include/transducer.h:17:22:[m[K   required from here
[5.189s] [01m[K/home/matheuswagner/repos/adaptive-cubesat-adcs/cubesat-simulation/src/concept/src/../include/transducer.h:17:43:[m[K [01;35m[Kwarning: [m[Kunused parameter ‘[01m[Kvalue[m[K’ [[01;35m[K-Wunused-parameter[m[K]
[5.189s]    17 |         virtual void actuate([01;35m[Kconst Value &value[m[K){}
[5.190s]       |                              [01;35m[K~~~~~~~~~~~~~^~~~~[m[K
[5.190s] /home/matheuswagner/repos/adaptive-cubesat-adcs/cubesat-simulation/src/concept/src/../include/transducer.h: In instantiation of ‘[01m[KValue Transducer<UNIT, Value>::sense() [with long unsigned int UNIT = 1; Value = float][m[K’:
[5.190s] [01m[K/home/matheuswagner/repos/adaptive-cubesat-adcs/cubesat-simulation/src/concept/src/../include/transducer.h:16:23:[m[K   required from here
[5.190s] [01m[K/home/matheuswagner/repos/adaptive-cubesat-adcs/cubesat-simulation/src/concept/src/../include/transducer.h:16:31:[m[K [01;35m[Kwarning: [m[Kno return statement in function returning non-void [[01;35m[K-Wreturn-type[m[K]
[5.190s]    16 |         virtual Value sense(){[01;35m[K}[m[K
[5.190s]       |                               [01;35m[K^[m[K
[5.646s] make[2]: *** [CMakeFiles/concept.dir/build.make:63: CMakeFiles/concept.dir/src/concept.cpp.o] Error 1
[5.647s] make[1]: *** [CMakeFiles/Makefile2:78: CMakeFiles/concept.dir/all] Error 2
[5.647s] make: *** [Makefile:141: all] Error 2
[5.650s] Invoked command in '/home/matheuswagner/repos/adaptive-cubesat-adcs/cubesat-simulation/build/concept' returned '2': CMAKE_PREFIX_PATH=${CMAKE_PREFIX_PATH}:/home/matheuswagner/repos/adaptive-cubesat-adcs/cubesat-simulation/install/cubesat_description:/opt/ros/foxy /usr/bin/cmake --build /home/matheuswagner/repos/adaptive-cubesat-adcs/cubesat-simulation/build/concept -- -j8 -l8
