[0.548s] Invoking command in '/home/matheuswagner/repos/adaptive-cubesat-adcs/cubesat-simulation/build/cubesat_sensors': CMAKE_PREFIX_PATH=${CMAKE_PREFIX_PATH}:/home/matheuswagner/repos/adaptive-cubesat-adcs/cubesat-simulation/install/cubesat_description:/opt/ros/dashing /usr/local/bin/cmake --build /home/matheuswagner/repos/adaptive-cubesat-adcs/cubesat-simulation/build/cubesat_sensors -- -j8 -l8
[0.575s] [35m[1mScanning dependencies of target imu_adapter[0m
[0.585s] [ 50%] [32mBuilding CXX object CMakeFiles/imu_adapter.dir/src/imu_adapter.cpp.o[0m
[3.562s] [100%] [32m[1mLinking CXX executable imu_adapter[0m
[3.757s] [100%] Built target imu_adapter
[3.762s] Invoked command in '/home/matheuswagner/repos/adaptive-cubesat-adcs/cubesat-simulation/build/cubesat_sensors' returned '0': CMAKE_PREFIX_PATH=${CMAKE_PREFIX_PATH}:/home/matheuswagner/repos/adaptive-cubesat-adcs/cubesat-simulation/install/cubesat_description:/opt/ros/dashing /usr/local/bin/cmake --build /home/matheuswagner/repos/adaptive-cubesat-adcs/cubesat-simulation/build/cubesat_sensors -- -j8 -l8
[3.784s] Invoking command in '/home/matheuswagner/repos/adaptive-cubesat-adcs/cubesat-simulation/build/cubesat_sensors': CMAKE_PREFIX_PATH=${CMAKE_PREFIX_PATH}:/home/matheuswagner/repos/adaptive-cubesat-adcs/cubesat-simulation/install/cubesat_description:/opt/ros/dashing /usr/local/bin/cmake --install /home/matheuswagner/repos/adaptive-cubesat-adcs/cubesat-simulation/build/cubesat_sensors
[3.790s] -- Install configuration: ""
[3.790s] -- Installing: /home/matheuswagner/repos/adaptive-cubesat-adcs/cubesat-simulation/install/cubesat_sensors/lib/cubesat_sensors/imu_adapter
[3.791s] -- Set runtime path of "/home/matheuswagner/repos/adaptive-cubesat-adcs/cubesat-simulation/install/cubesat_sensors/lib/cubesat_sensors/imu_adapter" to ""
[3.791s] -- Up-to-date: /home/matheuswagner/repos/adaptive-cubesat-adcs/cubesat-simulation/install/cubesat_sensors/share/ament_index/resource_index/package_run_dependencies/cubesat_sensors
[3.791s] -- Up-to-date: /home/matheuswagner/repos/adaptive-cubesat-adcs/cubesat-simulation/install/cubesat_sensors/share/ament_index/resource_index/parent_prefix_path/cubesat_sensors
[3.791s] -- Up-to-date: /home/matheuswagner/repos/adaptive-cubesat-adcs/cubesat-simulation/install/cubesat_sensors/share/cubesat_sensors/environment/ament_prefix_path.sh
[3.792s] -- Up-to-date: /home/matheuswagner/repos/adaptive-cubesat-adcs/cubesat-simulation/install/cubesat_sensors/share/cubesat_sensors/environment/path.sh
[3.792s] -- Up-to-date: /home/matheuswagner/repos/adaptive-cubesat-adcs/cubesat-simulation/install/cubesat_sensors/share/cubesat_sensors/local_setup.bash
[3.792s] -- Up-to-date: /home/matheuswagner/repos/adaptive-cubesat-adcs/cubesat-simulation/install/cubesat_sensors/share/cubesat_sensors/local_setup.sh
[3.792s] -- Up-to-date: /home/matheuswagner/repos/adaptive-cubesat-adcs/cubesat-simulation/install/cubesat_sensors/share/cubesat_sensors/local_setup.zsh
[3.792s] -- Up-to-date: /home/matheuswagner/repos/adaptive-cubesat-adcs/cubesat-simulation/install/cubesat_sensors/share/ament_index/resource_index/packages/cubesat_sensors
[3.792s] -- Up-to-date: /home/matheuswagner/repos/adaptive-cubesat-adcs/cubesat-simulation/install/cubesat_sensors/share/cubesat_sensors/cmake/cubesat_sensorsConfig.cmake
[3.793s] -- Up-to-date: /home/matheuswagner/repos/adaptive-cubesat-adcs/cubesat-simulation/install/cubesat_sensors/share/cubesat_sensors/cmake/cubesat_sensorsConfig-version.cmake
[3.793s] -- Up-to-date: /home/matheuswagner/repos/adaptive-cubesat-adcs/cubesat-simulation/install/cubesat_sensors/share/cubesat_sensors/package.xml
[3.804s] Invoked command in '/home/matheuswagner/repos/adaptive-cubesat-adcs/cubesat-simulation/build/cubesat_sensors' returned '0': CMAKE_PREFIX_PATH=${CMAKE_PREFIX_PATH}:/home/matheuswagner/repos/adaptive-cubesat-adcs/cubesat-simulation/install/cubesat_description:/opt/ros/dashing /usr/local/bin/cmake --install /home/matheuswagner/repos/adaptive-cubesat-adcs/cubesat-simulation/build/cubesat_sensors
