[0.416s] Invoking command in '/home/matheuswagner/repos/adaptive-cubesat-adcs/cubesat-simulation/build/cubesat_controller': CMAKE_PREFIX_PATH=${CMAKE_PREFIX_PATH}:/opt/ros/dashing /usr/local/bin/cmake /home/matheuswagner/repos/adaptive-cubesat-adcs/cubesat-simulation/src/cubesat_controller -DCMAKE_INSTALL_PREFIX=/home/matheuswagner/repos/adaptive-cubesat-adcs/cubesat-simulation/install/cubesat_controller
[1.273s] -- Found ament_cmake: 0.7.6 (/home/matheuswagner/ros2_dashing/ros2-linux/share/ament_cmake/cmake)
[1.273s] -- Using PYTHON_EXECUTABLE: /usr/bin/python3
[1.273s] -- Override CMake install command with custom implementation using symlinks instead of copying resources
[1.274s] -- Found rclcpp: 0.7.16 (/home/matheuswagner/ros2_dashing/ros2-linux/share/rclcpp/cmake)
[1.469s] -- Found rosidl_adapter: 0.7.10 (/home/matheuswagner/ros2_dashing/ros2-linux/share/rosidl_adapter/cmake)
[1.529s] -- Found rmw_implementation_cmake: 0.7.2 (/home/matheuswagner/ros2_dashing/ros2-linux/share/rmw_implementation_cmake/cmake)
[1.531s] -- Using RMW implementation 'rmw_fastrtps_cpp' as default
[1.727s] -- Found std_msgs: 0.7.1 (/home/matheuswagner/ros2_dashing/ros2-linux/share/std_msgs/cmake)
[1.751s] -- Found ament_lint_auto: 0.7.12 (/home/matheuswagner/ros2_dashing/ros2-linux/share/ament_lint_auto/cmake)
[2.032s] -- Added test 'copyright' to check for copyright in CMake / C / C++ / Python code
[2.038s] -- Added test 'cppcheck' to perform static code analysis on C / C++ code
[2.038s] -- Configured cppcheck include dirs: $<BUILD_INTERFACE:/home/matheuswagner/repos/adaptive-cubesat-adcs/cubesat-simulation/src/cubesat_controller/include>
[2.045s] -- Added test 'cpplint' to check C / C++ code against the Google style
[2.048s] -- Added test 'lint_cmake' to check CMake code style
[2.057s] -- Added test 'uncrustify' to check C / C++ code style
[2.059s] -- Added test 'xmllint' to check XML markup files
[2.072s] -- Configuring done
[3.513s] -- Generating done
[3.516s] -- Build files have been written to: /home/matheuswagner/repos/adaptive-cubesat-adcs/cubesat-simulation/build/cubesat_controller
[3.521s] Invoked command in '/home/matheuswagner/repos/adaptive-cubesat-adcs/cubesat-simulation/build/cubesat_controller' returned '0': CMAKE_PREFIX_PATH=${CMAKE_PREFIX_PATH}:/opt/ros/dashing /usr/local/bin/cmake /home/matheuswagner/repos/adaptive-cubesat-adcs/cubesat-simulation/src/cubesat_controller -DCMAKE_INSTALL_PREFIX=/home/matheuswagner/repos/adaptive-cubesat-adcs/cubesat-simulation/install/cubesat_controller
[3.523s] Invoking command in '/home/matheuswagner/repos/adaptive-cubesat-adcs/cubesat-simulation/build/cubesat_controller': CMAKE_PREFIX_PATH=${CMAKE_PREFIX_PATH}:/opt/ros/dashing /usr/local/bin/cmake --build /home/matheuswagner/repos/adaptive-cubesat-adcs/cubesat-simulation/build/cubesat_controller -- -j8 -l8
[3.557s] [35m[1mScanning dependencies of target motor_controller[0m
[4.587s] [ 50%] [32mBuilding CXX object CMakeFiles/motor_controller.dir/src/motor_controller.cpp.o[0m
[7.171s] [100%] [32m[1mLinking CXX executable motor_controller[0m
[7.944s] [100%] Built target motor_controller
[7.949s] Invoked command in '/home/matheuswagner/repos/adaptive-cubesat-adcs/cubesat-simulation/build/cubesat_controller' returned '0': CMAKE_PREFIX_PATH=${CMAKE_PREFIX_PATH}:/opt/ros/dashing /usr/local/bin/cmake --build /home/matheuswagner/repos/adaptive-cubesat-adcs/cubesat-simulation/build/cubesat_controller -- -j8 -l8
[7.981s] Invoking command in '/home/matheuswagner/repos/adaptive-cubesat-adcs/cubesat-simulation/build/cubesat_controller': CMAKE_PREFIX_PATH=${CMAKE_PREFIX_PATH}:/opt/ros/dashing /usr/local/bin/cmake --install /home/matheuswagner/repos/adaptive-cubesat-adcs/cubesat-simulation/build/cubesat_controller
[7.985s] -- Install configuration: ""
[7.986s] -- Execute custom install script
[7.987s] -- Symlinking: /home/matheuswagner/repos/adaptive-cubesat-adcs/cubesat-simulation/install/cubesat_controller/lib/cubesat_controller/motor_controller
[8.002s] -- Up-to-date symlink: /home/matheuswagner/repos/adaptive-cubesat-adcs/cubesat-simulation/install/cubesat_controller/share/ament_index/resource_index/package_run_dependencies/cubesat_controller
[8.002s] -- Up-to-date symlink: /home/matheuswagner/repos/adaptive-cubesat-adcs/cubesat-simulation/install/cubesat_controller/share/ament_index/resource_index/parent_prefix_path/cubesat_controller
[8.002s] -- Up-to-date symlink: /home/matheuswagner/repos/adaptive-cubesat-adcs/cubesat-simulation/install/cubesat_controller/share/cubesat_controller/environment/ament_prefix_path.sh
[8.003s] -- Up-to-date symlink: /home/matheuswagner/repos/adaptive-cubesat-adcs/cubesat-simulation/install/cubesat_controller/share/cubesat_controller/environment/path.sh
[8.003s] -- Up-to-date symlink: /home/matheuswagner/repos/adaptive-cubesat-adcs/cubesat-simulation/install/cubesat_controller/share/cubesat_controller/local_setup.bash
[8.003s] -- Up-to-date symlink: /home/matheuswagner/repos/adaptive-cubesat-adcs/cubesat-simulation/install/cubesat_controller/share/cubesat_controller/local_setup.sh
[8.004s] -- Up-to-date symlink: /home/matheuswagner/repos/adaptive-cubesat-adcs/cubesat-simulation/install/cubesat_controller/share/cubesat_controller/local_setup.zsh
[8.004s] -- Up-to-date symlink: /home/matheuswagner/repos/adaptive-cubesat-adcs/cubesat-simulation/install/cubesat_controller/share/ament_index/resource_index/packages/cubesat_controller
[8.005s] -- Up-to-date symlink: /home/matheuswagner/repos/adaptive-cubesat-adcs/cubesat-simulation/install/cubesat_controller/share/cubesat_controller/cmake/cubesat_controllerConfig.cmake
[8.005s] -- Up-to-date symlink: /home/matheuswagner/repos/adaptive-cubesat-adcs/cubesat-simulation/install/cubesat_controller/share/cubesat_controller/cmake/cubesat_controllerConfig-version.cmake
[8.005s] -- Up-to-date symlink: /home/matheuswagner/repos/adaptive-cubesat-adcs/cubesat-simulation/install/cubesat_controller/share/cubesat_controller/package.xml
[8.017s] Invoked command in '/home/matheuswagner/repos/adaptive-cubesat-adcs/cubesat-simulation/build/cubesat_controller' returned '0': CMAKE_PREFIX_PATH=${CMAKE_PREFIX_PATH}:/opt/ros/dashing /usr/local/bin/cmake --install /home/matheuswagner/repos/adaptive-cubesat-adcs/cubesat-simulation/build/cubesat_controller
