[1.203s] Invoking command in '/home/matheuswagner/repos/adaptive-cubesat-adcs/cubesat-simulation/src/cubesat_description': PYTHONPATH=/home/matheuswagner/repos/adaptive-cubesat-adcs/cubesat-simulation/src/install/cubesat_description/lib/python3.6/site-packages:${PYTHONPATH} /usr/bin/python3 setup.py egg_info --egg-base ../build/cubesat_description build --build-base /home/matheuswagner/repos/adaptive-cubesat-adcs/cubesat-simulation/src/build/cubesat_description/build install --prefix /home/matheuswagner/repos/adaptive-cubesat-adcs/cubesat-simulation/src/install/cubesat_description --record /home/matheuswagner/repos/adaptive-cubesat-adcs/cubesat-simulation/src/build/cubesat_description/install.log --single-version-externally-managed
[1.509s] /home/matheuswagner/.local/lib/python3.6/site-packages/setuptools/dist.py:726: UserWarning: Usage of dash-separated 'script-dir' will not be supported in future versions. Please use the underscore name 'script_dir' instead
[1.509s]   % (opt, underscore_opt)
[1.509s] /home/matheuswagner/.local/lib/python3.6/site-packages/setuptools/dist.py:726: UserWarning: Usage of dash-separated 'install-scripts' will not be supported in future versions. Please use the underscore name 'install_scripts' instead
[1.509s]   % (opt, underscore_opt)
[1.546s] running egg_info
[1.547s] writing ../build/cubesat_description/cubesat_description.egg-info/PKG-INFO
[1.547s] writing dependency_links to ../build/cubesat_description/cubesat_description.egg-info/dependency_links.txt
[1.547s] writing entry points to ../build/cubesat_description/cubesat_description.egg-info/entry_points.txt
[1.547s] writing requirements to ../build/cubesat_description/cubesat_description.egg-info/requires.txt
[1.548s] writing top-level names to ../build/cubesat_description/cubesat_description.egg-info/top_level.txt
[1.550s] reading manifest file '../build/cubesat_description/cubesat_description.egg-info/SOURCES.txt'
[1.553s] writing manifest file '../build/cubesat_description/cubesat_description.egg-info/SOURCES.txt'
[1.553s] running build
[1.553s] running build_py
[1.553s] running install
[1.554s] /home/matheuswagner/.local/lib/python3.6/site-packages/setuptools/command/install.py:37: SetuptoolsDeprecationWarning: setup.py install is deprecated. Use build and pip and other standards-based tools.
[1.554s]   setuptools.SetuptoolsDeprecationWarning,
[1.555s] running install_lib
[1.556s] running install_data
[1.557s] running install_egg_info
[1.559s] removing '/home/matheuswagner/repos/adaptive-cubesat-adcs/cubesat-simulation/src/install/cubesat_description/lib/python3.6/site-packages/cubesat_description-0.0.0-py3.6.egg-info' (and everything under it)
[1.559s] Copying ../build/cubesat_description/cubesat_description.egg-info to /home/matheuswagner/repos/adaptive-cubesat-adcs/cubesat-simulation/src/install/cubesat_description/lib/python3.6/site-packages/cubesat_description-0.0.0-py3.6.egg-info
[1.561s] running install_scripts
[1.591s] writing list of installed files to '/home/matheuswagner/repos/adaptive-cubesat-adcs/cubesat-simulation/src/build/cubesat_description/install.log'
[1.631s] Invoked command in '/home/matheuswagner/repos/adaptive-cubesat-adcs/cubesat-simulation/src/cubesat_description' returned '0': PYTHONPATH=/home/matheuswagner/repos/adaptive-cubesat-adcs/cubesat-simulation/src/install/cubesat_description/lib/python3.6/site-packages:${PYTHONPATH} /usr/bin/python3 setup.py egg_info --egg-base ../build/cubesat_description build --build-base /home/matheuswagner/repos/adaptive-cubesat-adcs/cubesat-simulation/src/build/cubesat_description/build install --prefix /home/matheuswagner/repos/adaptive-cubesat-adcs/cubesat-simulation/src/install/cubesat_description --record /home/matheuswagner/repos/adaptive-cubesat-adcs/cubesat-simulation/src/build/cubesat_description/install.log --single-version-externally-managed
