-- The C compiler identification is GNU 7.5.0
-- The CXX compiler identification is GNU 7.5.0
-- Detecting C compiler ABI info
-- Detecting C compiler ABI info - done
-- Check for working C compiler: /usr/bin/cc - skipped
-- Detecting C compile features
-- Detecting C compile features - done
-- Detecting CXX compiler ABI info
-- Detecting CXX compiler ABI info - done
-- Check for working CXX compiler: /usr/bin/c++ - skipped
-- Detecting CXX compile features
-- Detecting CXX compile features - done
-- Found ament_cmake: 0.7.6 (/home/matheuswagner/ros2_dashing/ros2-linux/share/ament_cmake/cmake)
-- Found PythonInterp: /usr/bin/python3 (found suitable version "3.6.9", minimum required is "3") 
-- Using PYTHON_EXECUTABLE: /usr/bin/python3
-- Found ament_lint_auto: 0.7.12 (/home/matheuswagner/ros2_dashing/ros2-linux/share/ament_lint_auto/cmake)
-- Added test 'copyright' to check for copyright in CMake / C / C++ / Python code
-- Added test 'cppcheck' to perform static code analysis on C / C++ code
-- Configured cppcheck include dirs: 
-- Added test 'cpplint' to check C / C++ code against the Google style
-- Added test 'lint_cmake' to check CMake code style
-- Added test 'uncrustify' to check C / C++ code style
-- Added test 'xmllint' to check XML markup files
-- Configuring done
-- Generating done
-- Build files have been written to: /home/matheuswagner/repos/adaptive-cubesat-adcs/cubesat-simulation/build/cubesat_controllers
-- Install configuration: ""
-- Installing: /home/matheuswagner/repos/adaptive-cubesat-adcs/cubesat-simulation/install/cubesat_controllers/share/ament_index/resource_index/package_run_dependencies/cubesat_controllers
-- Installing: /home/matheuswagner/repos/adaptive-cubesat-adcs/cubesat-simulation/install/cubesat_controllers/share/ament_index/resource_index/parent_prefix_path/cubesat_controllers
-- Installing: /home/matheuswagner/repos/adaptive-cubesat-adcs/cubesat-simulation/install/cubesat_controllers/share/cubesat_controllers/environment/ament_prefix_path.sh
-- Installing: /home/matheuswagner/repos/adaptive-cubesat-adcs/cubesat-simulation/install/cubesat_controllers/share/cubesat_controllers/environment/path.sh
-- Installing: /home/matheuswagner/repos/adaptive-cubesat-adcs/cubesat-simulation/install/cubesat_controllers/share/cubesat_controllers/local_setup.bash
-- Installing: /home/matheuswagner/repos/adaptive-cubesat-adcs/cubesat-simulation/install/cubesat_controllers/share/cubesat_controllers/local_setup.sh
-- Installing: /home/matheuswagner/repos/adaptive-cubesat-adcs/cubesat-simulation/install/cubesat_controllers/share/cubesat_controllers/local_setup.zsh
-- Installing: /home/matheuswagner/repos/adaptive-cubesat-adcs/cubesat-simulation/install/cubesat_controllers/share/ament_index/resource_index/packages/cubesat_controllers
-- Installing: /home/matheuswagner/repos/adaptive-cubesat-adcs/cubesat-simulation/install/cubesat_controllers/share/cubesat_controllers/cmake/cubesat_controllersConfig.cmake
-- Installing: /home/matheuswagner/repos/adaptive-cubesat-adcs/cubesat-simulation/install/cubesat_controllers/share/cubesat_controllers/cmake/cubesat_controllersConfig-version.cmake
-- Installing: /home/matheuswagner/repos/adaptive-cubesat-adcs/cubesat-simulation/install/cubesat_controllers/share/cubesat_controllers/package.xml
