[01m[K/home/matheuswagner/repos/adaptive-cubesat-adcs/cubesat-simulation/src/cubesat_controllers/src/controller_sd.cpp:[m[K In function ‘[01m[Kint main(int, char**)[m[K’:
[01m[K/home/matheuswagner/repos/adaptive-cubesat-adcs/cubesat-simulation/src/cubesat_controllers/src/controller_sd.cpp:116:60:[m[K [01;31m[Kerror: [m[Kno matching function for call to ‘[01m[Kstd::shared_ptr<rclcpp::Node>::shared_ptr(std::shared_ptr<SmartData>&)[m[K’
             rclcpp::spin_some((rclcpp::Node::SharedPtr)(*it[01;31m[K)[m[K);
                                                            [01;31m[K^[m[K
In file included from [01m[K/usr/include/c++/7/memory:81:0[m[K,
                 from [01m[K/home/matheuswagner/ros2_dashing/ros2-linux/include/rclcpp/rclcpp.hpp:142[m[K,
                 from [01m[K/home/matheuswagner/repos/adaptive-cubesat-adcs/cubesat-simulation/src/cubesat_controllers/src/../../../include/transformerSmartdata.h:7[m[K,
                 from [01m[K/home/matheuswagner/repos/adaptive-cubesat-adcs/cubesat-simulation/src/cubesat_controllers/src/../../../include/responsiveSmartdata.h:5[m[K,
                 from [01m[K/home/matheuswagner/repos/adaptive-cubesat-adcs/cubesat-simulation/src/cubesat_controllers/src/controller_sd.cpp:1[m[K:
[01m[K/usr/include/c++/7/bits/shared_ptr.h:352:7:[m[K [01;36m[Knote: [m[Kcandidate: std::shared_ptr<_Tp>::shared_ptr(const std::weak_ptr<_Tp>&, std::nothrow_t) [with _Tp = rclcpp::Node]
       [01;36m[Kshared_ptr[m[K(const weak_ptr<_Tp>& __r, std::nothrow_t)
       [01;36m[K^~~~~~~~~~[m[K
[01m[K/usr/include/c++/7/bits/shared_ptr.h:352:7:[m[K [01;36m[Knote: [m[K  candidate expects 2 arguments, 1 provided
[01m[K/usr/include/c++/7/bits/shared_ptr.h:342:2:[m[K [01;36m[Knote: [m[Kcandidate: template<class _Alloc, class ... _Args> std::shared_ptr<_Tp>::shared_ptr(std::_Sp_make_shared_tag, const _Alloc&, _Args&& ...)
  [01;36m[Kshared_ptr[m[K(_Sp_make_shared_tag __tag, const _Alloc& __a,
  [01;36m[K^~~~~~~~~~[m[K
[01m[K/usr/include/c++/7/bits/shared_ptr.h:342:2:[m[K [01;36m[Knote: [m[K  template argument deduction/substitution failed:
[01m[K/home/matheuswagner/repos/adaptive-cubesat-adcs/cubesat-simulation/src/cubesat_controllers/src/controller_sd.cpp:116:60:[m[K [01;36m[Knote: [m[K  candidate expects at least 2 arguments, 1 provided
             rclcpp::spin_some((rclcpp::Node::SharedPtr)(*it[01;36m[K)[m[K);
                                                            [01;36m[K^[m[K
In file included from [01m[K/usr/include/c++/7/memory:81:0[m[K,
                 from [01m[K/home/matheuswagner/ros2_dashing/ros2-linux/include/rclcpp/rclcpp.hpp:142[m[K,
                 from [01m[K/home/matheuswagner/repos/adaptive-cubesat-adcs/cubesat-simulation/src/cubesat_controllers/src/../../../include/transformerSmartdata.h:7[m[K,
                 from [01m[K/home/matheuswagner/repos/adaptive-cubesat-adcs/cubesat-simulation/src/cubesat_controllers/src/../../../include/responsiveSmartdata.h:5[m[K,
                 from [01m[K/home/matheuswagner/repos/adaptive-cubesat-adcs/cubesat-simulation/src/cubesat_controllers/src/controller_sd.cpp:1[m[K:
[01m[K/usr/include/c++/7/bits/shared_ptr.h:294:17:[m[K [01;36m[Knote: [m[Kcandidate: constexpr std::shared_ptr<_Tp>::shared_ptr(std::nullptr_t) [with _Tp = rclcpp::Node; std::nullptr_t = std::nullptr_t]
       constexpr [01;36m[Kshared_ptr[m[K(nullptr_t) noexcept : shared_ptr() { }
                 [01;36m[K^~~~~~~~~~[m[K
[01m[K/usr/include/c++/7/bits/shared_ptr.h:294:17:[m[K [01;36m[Knote: [m[K  no known conversion for argument 1 from ‘[01m[Kstd::shared_ptr<SmartData>[m[K’ to ‘[01m[Kstd::nullptr_t[m[K’
[01m[K/usr/include/c++/7/bits/shared_ptr.h:286:2:[m[K [01;36m[Knote: [m[Kcandidate: template<class _Yp, class _Del, std::shared_ptr<rclcpp::Node>::_Constructible<std::unique_ptr<_Tp, _Dp>, std::__sp_array_delete>* <anonymous> > std::shared_ptr<_Tp>::shared_ptr(std::unique_ptr<_Up, _Ep>&&)
  [01;36m[Kshared_ptr[m[K(unique_ptr<_Yp, _Del>&& __r)
  [01;36m[K^~~~~~~~~~[m[K
[01m[K/usr/include/c++/7/bits/shared_ptr.h:286:2:[m[K [01;36m[Knote: [m[K  template argument deduction/substitution failed:
[01m[K/home/matheuswagner/repos/adaptive-cubesat-adcs/cubesat-simulation/src/cubesat_controllers/src/controller_sd.cpp:116:60:[m[K [01;36m[Knote: [m[K  ‘[01m[Kstd::shared_ptr<SmartData>[m[K’ is not derived from ‘[01m[Kstd::unique_ptr<_Tp, _Dp>[m[K’
             rclcpp::spin_some((rclcpp::Node::SharedPtr)(*it[01;36m[K)[m[K);
                                                            [01;36m[K^[m[K
In file included from [01m[K/usr/include/c++/7/memory:81:0[m[K,
                 from [01m[K/home/matheuswagner/ros2_dashing/ros2-linux/include/rclcpp/rclcpp.hpp:142[m[K,
                 from [01m[K/home/matheuswagner/repos/adaptive-cubesat-adcs/cubesat-simulation/src/cubesat_controllers/src/../../../include/transformerSmartdata.h:7[m[K,
                 from [01m[K/home/matheuswagner/repos/adaptive-cubesat-adcs/cubesat-simulation/src/cubesat_controllers/src/../../../include/responsiveSmartdata.h:5[m[K,
                 from [01m[K/home/matheuswagner/repos/adaptive-cubesat-adcs/cubesat-simulation/src/cubesat_controllers/src/controller_sd.cpp:1[m[K:
[01m[K/usr/include/c++/7/bits/shared_ptr.h:277:2:[m[K [01;36m[Knote: [m[Kcandidate: template<class _Yp, class _Del, class> std::shared_ptr<_Tp>::shared_ptr(std::unique_ptr<_Up, _Ep>&&)
  [01;36m[Kshared_ptr[m[K(unique_ptr<_Yp, _Del>&& __r)
  [01;36m[K^~~~~~~~~~[m[K
[01m[K/usr/include/c++/7/bits/shared_ptr.h:277:2:[m[K [01;36m[Knote: [m[K  template argument deduction/substitution failed:
[01m[K/home/matheuswagner/repos/adaptive-cubesat-adcs/cubesat-simulation/src/cubesat_controllers/src/controller_sd.cpp:116:60:[m[K [01;36m[Knote: [m[K  ‘[01m[Kstd::shared_ptr<SmartData>[m[K’ is not derived from ‘[01m[Kstd::unique_ptr<_Tp, _Dp>[m[K’
             rclcpp::spin_some((rclcpp::Node::SharedPtr)(*it[01;36m[K)[m[K);
                                                            [01;36m[K^[m[K
In file included from [01m[K/usr/include/c++/7/memory:81:0[m[K,
                 from [01m[K/home/matheuswagner/ros2_dashing/ros2-linux/include/rclcpp/rclcpp.hpp:142[m[K,
                 from [01m[K/home/matheuswagner/repos/adaptive-cubesat-adcs/cubesat-simulation/src/cubesat_controllers/src/../../../include/transformerSmartdata.h:7[m[K,
                 from [01m[K/home/matheuswagner/repos/adaptive-cubesat-adcs/cubesat-simulation/src/cubesat_controllers/src/../../../include/responsiveSmartdata.h:5[m[K,
                 from [01m[K/home/matheuswagner/repos/adaptive-cubesat-adcs/cubesat-simulation/src/cubesat_controllers/src/controller_sd.cpp:1[m[K:
[01m[K/usr/include/c++/7/bits/shared_ptr.h:270:2:[m[K [01;36m[Knote: [m[Kcandidate: template<class _Yp, class> std::shared_ptr<_Tp>::shared_ptr(std::auto_ptr<_Up>&&)
  [01;36m[Kshared_ptr[m[K(auto_ptr<_Yp>&& __r);
  [01;36m[K^~~~~~~~~~[m[K
[01m[K/usr/include/c++/7/bits/shared_ptr.h:270:2:[m[K [01;36m[Knote: [m[K  template argument deduction/substitution failed:
[01m[K/home/matheuswagner/repos/adaptive-cubesat-adcs/cubesat-simulation/src/cubesat_controllers/src/controller_sd.cpp:116:60:[m[K [01;36m[Knote: [m[K  ‘[01m[Kstd::shared_ptr<SmartData>[m[K’ is not derived from ‘[01m[Kstd::auto_ptr<_Up>[m[K’
             rclcpp::spin_some((rclcpp::Node::SharedPtr)(*it[01;36m[K)[m[K);
                                                            [01;36m[K^[m[K
In file included from [01m[K/usr/include/c++/7/memory:81:0[m[K,
                 from [01m[K/home/matheuswagner/ros2_dashing/ros2-linux/include/rclcpp/rclcpp.hpp:142[m[K,
                 from [01m[K/home/matheuswagner/repos/adaptive-cubesat-adcs/cubesat-simulation/src/cubesat_controllers/src/../../../include/transformerSmartdata.h:7[m[K,
                 from [01m[K/home/matheuswagner/repos/adaptive-cubesat-adcs/cubesat-simulation/src/cubesat_controllers/src/../../../include/responsiveSmartdata.h:5[m[K,
                 from [01m[K/home/matheuswagner/repos/adaptive-cubesat-adcs/cubesat-simulation/src/cubesat_controllers/src/controller_sd.cpp:1[m[K:
[01m[K/usr/include/c++/7/bits/shared_ptr.h:265:11:[m[K [01;36m[Knote: [m[Kcandidate: template<class _Yp, class> std::shared_ptr<_Tp>::shared_ptr(const std::weak_ptr<_Yp>&)
  explicit [01;36m[Kshared_ptr[m[K(const weak_ptr<_Yp>& __r)
           [01;36m[K^~~~~~~~~~[m[K
[01m[K/usr/include/c++/7/bits/shared_ptr.h:265:11:[m[K [01;36m[Knote: [m[K  template argument deduction/substitution failed:
[01m[K/home/matheuswagner/repos/adaptive-cubesat-adcs/cubesat-simulation/src/cubesat_controllers/src/controller_sd.cpp:116:60:[m[K [01;36m[Knote: [m[K  ‘[01m[Kstd::shared_ptr<SmartData>[m[K’ is not derived from ‘[01m[Kconst std::weak_ptr<_Tp>[m[K’
             rclcpp::spin_some((rclcpp::Node::SharedPtr)(*it[01;36m[K)[m[K);
                                                            [01;36m[K^[m[K
In file included from [01m[K/usr/include/c++/7/memory:81:0[m[K,
                 from [01m[K/home/matheuswagner/ros2_dashing/ros2-linux/include/rclcpp/rclcpp.hpp:142[m[K,
                 from [01m[K/home/matheuswagner/repos/adaptive-cubesat-adcs/cubesat-simulation/src/cubesat_controllers/src/../../../include/transformerSmartdata.h:7[m[K,
                 from [01m[K/home/matheuswagner/repos/adaptive-cubesat-adcs/cubesat-simulation/src/cubesat_controllers/src/../../../include/responsiveSmartdata.h:5[m[K,
                 from [01m[K/home/matheuswagner/repos/adaptive-cubesat-adcs/cubesat-simulation/src/cubesat_controllers/src/controller_sd.cpp:1[m[K:
[01m[K/usr/include/c++/7/bits/shared_ptr.h:253:2:[m[K [01;36m[Knote: [m[Kcandidate: template<class _Yp, class> std::shared_ptr<_Tp>::shared_ptr(std::shared_ptr<_Yp>&&)
  [01;36m[Kshared_ptr[m[K(shared_ptr<_Yp>&& __r) noexcept
  [01;36m[K^~~~~~~~~~[m[K
[01m[K/usr/include/c++/7/bits/shared_ptr.h:253:2:[m[K [01;36m[Knote: [m[K  template argument deduction/substitution failed:
[01m[K/usr/include/c++/7/bits/shared_ptr.h:244:7:[m[K [01;36m[Knote: [m[Kcandidate: std::shared_ptr<_Tp>::shared_ptr(std::shared_ptr<_Tp>&&) [with _Tp = rclcpp::Node]
       [01;36m[Kshared_ptr[m[K(shared_ptr&& __r) noexcept
       [01;36m[K^~~~~~~~~~[m[K
[01m[K/usr/include/c++/7/bits/shared_ptr.h:244:7:[m[K [01;36m[Knote: [m[K  no known conversion for argument 1 from ‘[01m[Kstd::shared_ptr<SmartData>[m[K’ to ‘[01m[Kstd::shared_ptr<rclcpp::Node>&&[m[K’
[01m[K/usr/include/c++/7/bits/shared_ptr.h:236:2:[m[K [01;36m[Knote: [m[Kcandidate: template<class _Yp, class> std::shared_ptr<_Tp>::shared_ptr(const std::shared_ptr<_Yp>&)
  [01;36m[Kshared_ptr[m[K(const shared_ptr<_Yp>& __r) noexcept
  [01;36m[K^~~~~~~~~~[m[K
[01m[K/usr/include/c++/7/bits/shared_ptr.h:236:2:[m[K [01;36m[Knote: [m[K  template argument deduction/substitution failed:
[01m[K/usr/include/c++/7/bits/shared_ptr.h:224:2:[m[K [01;36m[Knote: [m[Kcandidate: template<class _Yp> std::shared_ptr<_Tp>::shared_ptr(const std::shared_ptr<_Yp>&, std::shared_ptr<_Tp>::element_type*)
  [01;36m[Kshared_ptr[m[K(const shared_ptr<_Yp>& __r, element_type* __p) noexcept
  [01;36m[K^~~~~~~~~~[m[K
[01m[K/usr/include/c++/7/bits/shared_ptr.h:224:2:[m[K [01;36m[Knote: [m[K  template argument deduction/substitution failed:
[01m[K/home/matheuswagner/repos/adaptive-cubesat-adcs/cubesat-simulation/src/cubesat_controllers/src/controller_sd.cpp:116:60:[m[K [01;36m[Knote: [m[K  candidate expects 2 arguments, 1 provided
             rclcpp::spin_some((rclcpp::Node::SharedPtr)(*it[01;36m[K)[m[K);
                                                            [01;36m[K^[m[K
In file included from [01m[K/usr/include/c++/7/memory:81:0[m[K,
                 from [01m[K/home/matheuswagner/ros2_dashing/ros2-linux/include/rclcpp/rclcpp.hpp:142[m[K,
                 from [01m[K/home/matheuswagner/repos/adaptive-cubesat-adcs/cubesat-simulation/src/cubesat_controllers/src/../../../include/transformerSmartdata.h:7[m[K,
                 from [01m[K/home/matheuswagner/repos/adaptive-cubesat-adcs/cubesat-simulation/src/cubesat_controllers/src/../../../include/responsiveSmartdata.h:5[m[K,
                 from [01m[K/home/matheuswagner/repos/adaptive-cubesat-adcs/cubesat-simulation/src/cubesat_controllers/src/controller_sd.cpp:1[m[K:
[01m[K/usr/include/c++/7/bits/shared_ptr.h:202:2:[m[K [01;36m[Knote: [m[Kcandidate: template<class _Deleter, class _Alloc> std::shared_ptr<_Tp>::shared_ptr(std::nullptr_t, _Deleter, _Alloc)
  [01;36m[Kshared_ptr[m[K(nullptr_t __p, _Deleter __d, _Alloc __a)
  [01;36m[K^~~~~~~~~~[m[K
[01m[K/usr/include/c++/7/bits/shared_ptr.h:202:2:[m[K [01;36m[Knote: [m[K  template argument deduction/substitution failed:
[01m[K/home/matheuswagner/repos/adaptive-cubesat-adcs/cubesat-simulation/src/cubesat_controllers/src/controller_sd.cpp:116:60:[m[K [01;36m[Knote: [m[K  candidate expects 3 arguments, 1 provided
             rclcpp::spin_some((rclcpp::Node::SharedPtr)(*it[01;36m[K)[m[K);
                                                            [01;36m[K^[m[K
In file included from [01m[K/usr/include/c++/7/memory:81:0[m[K,
                 from [01m[K/home/matheuswagner/ros2_dashing/ros2-linux/include/rclcpp/rclcpp.hpp:142[m[K,
                 from [01m[K/home/matheuswagner/repos/adaptive-cubesat-adcs/cubesat-simulation/src/cubesat_controllers/src/../../../include/transformerSmartdata.h:7[m[K,
                 from [01m[K/home/matheuswagner/repos/adaptive-cubesat-adcs/cubesat-simulation/src/cubesat_controllers/src/../../../include/responsiveSmartdata.h:5[m[K,
                 from [01m[K/home/matheuswagner/repos/adaptive-cubesat-adcs/cubesat-simulation/src/cubesat_controllers/src/controller_sd.cpp:1[m[K:
[01m[K/usr/include/c++/7/bits/shared_ptr.h:183:2:[m[K [01;36m[Knote: [m[Kcandidate: template<class _Yp, class _Deleter, class _Alloc, class> std::shared_ptr<_Tp>::shared_ptr(_Yp*, _Deleter, _Alloc)
  [01;36m[Kshared_ptr[m[K(_Yp* __p, _Deleter __d, _Alloc __a)
  [01;36m[K^~~~~~~~~~[m[K
[01m[K/usr/include/c++/7/bits/shared_ptr.h:183:2:[m[K [01;36m[Knote: [m[K  template argument deduction/substitution failed:
[01m[K/home/matheuswagner/repos/adaptive-cubesat-adcs/cubesat-simulation/src/cubesat_controllers/src/controller_sd.cpp:116:60:[m[K [01;36m[Knote: [m[K  mismatched types ‘[01m[K_Yp*[m[K’ and ‘[01m[Kstd::shared_ptr<SmartData>[m[K’
             rclcpp::spin_some((rclcpp::Node::SharedPtr)(*it[01;36m[K)[m[K);
                                                            [01;36m[K^[m[K
In file included from [01m[K/usr/include/c++/7/memory:81:0[m[K,
                 from [01m[K/home/matheuswagner/ros2_dashing/ros2-linux/include/rclcpp/rclcpp.hpp:142[m[K,
                 from [01m[K/home/matheuswagner/repos/adaptive-cubesat-adcs/cubesat-simulation/src/cubesat_controllers/src/../../../include/transformerSmartdata.h:7[m[K,
                 from [01m[K/home/matheuswagner/repos/adaptive-cubesat-adcs/cubesat-simulation/src/cubesat_controllers/src/../../../include/responsiveSmartdata.h:5[m[K,
                 from [01m[K/home/matheuswagner/repos/adaptive-cubesat-adcs/cubesat-simulation/src/cubesat_controllers/src/controller_sd.cpp:1[m[K:
[01m[K/usr/include/c++/7/bits/shared_ptr.h:163:2:[m[K [01;36m[Knote: [m[Kcandidate: template<class _Deleter> std::shared_ptr<_Tp>::shared_ptr(std::nullptr_t, _Deleter)
  [01;36m[Kshared_ptr[m[K(nullptr_t __p, _Deleter __d)
  [01;36m[K^~~~~~~~~~[m[K
[01m[K/usr/include/c++/7/bits/shared_ptr.h:163:2:[m[K [01;36m[Knote: [m[K  template argument deduction/substitution failed:
[01m[K/home/matheuswagner/repos/adaptive-cubesat-adcs/cubesat-simulation/src/cubesat_controllers/src/controller_sd.cpp:116:60:[m[K [01;36m[Knote: [m[K  candidate expects 2 arguments, 1 provided
             rclcpp::spin_some((rclcpp::Node::SharedPtr)(*it[01;36m[K)[m[K);
                                                            [01;36m[K^[m[K
In file included from [01m[K/usr/include/c++/7/memory:81:0[m[K,
                 from [01m[K/home/matheuswagner/ros2_dashing/ros2-linux/include/rclcpp/rclcpp.hpp:142[m[K,
                 from [01m[K/home/matheuswagner/repos/adaptive-cubesat-adcs/cubesat-simulation/src/cubesat_controllers/src/../../../include/transformerSmartdata.h:7[m[K,
                 from [01m[K/home/matheuswagner/repos/adaptive-cubesat-adcs/cubesat-simulation/src/cubesat_controllers/src/../../../include/responsiveSmartdata.h:5[m[K,
                 from [01m[K/home/matheuswagner/repos/adaptive-cubesat-adcs/cubesat-simulation/src/cubesat_controllers/src/controller_sd.cpp:1[m[K:
[01m[K/usr/include/c++/7/bits/shared_ptr.h:146:2:[m[K [01;36m[Knote: [m[Kcandidate: template<class _Yp, class _Deleter, class> std::shared_ptr<_Tp>::shared_ptr(_Yp*, _Deleter)
  [01;36m[Kshared_ptr[m[K(_Yp* __p, _Deleter __d)
  [01;36m[K^~~~~~~~~~[m[K
[01m[K/usr/include/c++/7/bits/shared_ptr.h:146:2:[m[K [01;36m[Knote: [m[K  template argument deduction/substitution failed:
[01m[K/home/matheuswagner/repos/adaptive-cubesat-adcs/cubesat-simulation/src/cubesat_controllers/src/controller_sd.cpp:116:60:[m[K [01;36m[Knote: [m[K  mismatched types ‘[01m[K_Yp*[m[K’ and ‘[01m[Kstd::shared_ptr<SmartData>[m[K’
             rclcpp::spin_some((rclcpp::Node::SharedPtr)(*it[01;36m[K)[m[K);
                                                            [01;36m[K^[m[K
In file included from [01m[K/usr/include/c++/7/memory:81:0[m[K,
                 from [01m[K/home/matheuswagner/ros2_dashing/ros2-linux/include/rclcpp/rclcpp.hpp:142[m[K,
                 from [01m[K/home/matheuswagner/repos/adaptive-cubesat-adcs/cubesat-simulation/src/cubesat_controllers/src/../../../include/transformerSmartdata.h:7[m[K,
                 from [01m[K/home/matheuswagner/repos/adaptive-cubesat-adcs/cubesat-simulation/src/cubesat_controllers/src/../../../include/responsiveSmartdata.h:5[m[K,
                 from [01m[K/home/matheuswagner/repos/adaptive-cubesat-adcs/cubesat-simulation/src/cubesat_controllers/src/controller_sd.cpp:1[m[K:
[01m[K/usr/include/c++/7/bits/shared_ptr.h:129:2:[m[K [01;36m[Knote: [m[Kcandidate: template<class _Yp, class> std::shared_ptr<_Tp>::shared_ptr(_Yp*)
  [01;36m[Kshared_ptr[m[K(_Yp* __p) : __shared_ptr<_Tp>(__p) { }
  [01;36m[K^~~~~~~~~~[m[K
[01m[K/usr/include/c++/7/bits/shared_ptr.h:129:2:[m[K [01;36m[Knote: [m[K  template argument deduction/substitution failed:
[01m[K/home/matheuswagner/repos/adaptive-cubesat-adcs/cubesat-simulation/src/cubesat_controllers/src/controller_sd.cpp:116:60:[m[K [01;36m[Knote: [m[K  mismatched types ‘[01m[K_Yp*[m[K’ and ‘[01m[Kstd::shared_ptr<SmartData>[m[K’
             rclcpp::spin_some((rclcpp::Node::SharedPtr)(*it[01;36m[K)[m[K);
                                                            [01;36m[K^[m[K
In file included from [01m[K/usr/include/c++/7/memory:81:0[m[K,
                 from [01m[K/home/matheuswagner/ros2_dashing/ros2-linux/include/rclcpp/rclcpp.hpp:142[m[K,
                 from [01m[K/home/matheuswagner/repos/adaptive-cubesat-adcs/cubesat-simulation/src/cubesat_controllers/src/../../../include/transformerSmartdata.h:7[m[K,
                 from [01m[K/home/matheuswagner/repos/adaptive-cubesat-adcs/cubesat-simulation/src/cubesat_controllers/src/../../../include/responsiveSmartdata.h:5[m[K,
                 from [01m[K/home/matheuswagner/repos/adaptive-cubesat-adcs/cubesat-simulation/src/cubesat_controllers/src/controller_sd.cpp:1[m[K:
[01m[K/usr/include/c++/7/bits/shared_ptr.h:119:7:[m[K [01;36m[Knote: [m[Kcandidate: std::shared_ptr<_Tp>::shared_ptr(const std::shared_ptr<_Tp>&) [with _Tp = rclcpp::Node]
       [01;36m[Kshared_ptr[m[K(const shared_ptr&) noexcept = default;
       [01;36m[K^~~~~~~~~~[m[K
[01m[K/usr/include/c++/7/bits/shared_ptr.h:119:7:[m[K [01;36m[Knote: [m[K  no known conversion for argument 1 from ‘[01m[Kstd::shared_ptr<SmartData>[m[K’ to ‘[01m[Kconst std::shared_ptr<rclcpp::Node>&[m[K’
[01m[K/usr/include/c++/7/bits/shared_ptr.h:117:17:[m[K [01;36m[Knote: [m[Kcandidate: constexpr std::shared_ptr<_Tp>::shared_ptr() [with _Tp = rclcpp::Node]
       constexpr [01;36m[Kshared_ptr[m[K() noexcept : __shared_ptr<_Tp>() { }
                 [01;36m[K^~~~~~~~~~[m[K
[01m[K/usr/include/c++/7/bits/shared_ptr.h:117:17:[m[K [01;36m[Knote: [m[K  candidate expects 0 arguments, 1 provided
[01m[K/home/matheuswagner/repos/adaptive-cubesat-adcs/cubesat-simulation/src/cubesat_controllers/src/controller_sd.cpp:123:60:[m[K [01;31m[Kerror: [m[Kno matching function for call to ‘[01m[Kstd::shared_ptr<rclcpp::Node>::shared_ptr(std::shared_ptr<SmartData>&)[m[K’
             rclcpp::spin_some((rclcpp::Node::SharedPtr)(*it[01;31m[K)[m[K);
                                                            [01;31m[K^[m[K
In file included from [01m[K/usr/include/c++/7/memory:81:0[m[K,
                 from [01m[K/home/matheuswagner/ros2_dashing/ros2-linux/include/rclcpp/rclcpp.hpp:142[m[K,
                 from [01m[K/home/matheuswagner/repos/adaptive-cubesat-adcs/cubesat-simulation/src/cubesat_controllers/src/../../../include/transformerSmartdata.h:7[m[K,
                 from [01m[K/home/matheuswagner/repos/adaptive-cubesat-adcs/cubesat-simulation/src/cubesat_controllers/src/../../../include/responsiveSmartdata.h:5[m[K,
                 from [01m[K/home/matheuswagner/repos/adaptive-cubesat-adcs/cubesat-simulation/src/cubesat_controllers/src/controller_sd.cpp:1[m[K:
[01m[K/usr/include/c++/7/bits/shared_ptr.h:352:7:[m[K [01;36m[Knote: [m[Kcandidate: std::shared_ptr<_Tp>::shared_ptr(const std::weak_ptr<_Tp>&, std::nothrow_t) [with _Tp = rclcpp::Node]
       [01;36m[Kshared_ptr[m[K(const weak_ptr<_Tp>& __r, std::nothrow_t)
       [01;36m[K^~~~~~~~~~[m[K
[01m[K/usr/include/c++/7/bits/shared_ptr.h:352:7:[m[K [01;36m[Knote: [m[K  candidate expects 2 arguments, 1 provided
[01m[K/usr/include/c++/7/bits/shared_ptr.h:342:2:[m[K [01;36m[Knote: [m[Kcandidate: template<class _Alloc, class ... _Args> std::shared_ptr<_Tp>::shared_ptr(std::_Sp_make_shared_tag, const _Alloc&, _Args&& ...)
  [01;36m[Kshared_ptr[m[K(_Sp_make_shared_tag __tag, const _Alloc& __a,
  [01;36m[K^~~~~~~~~~[m[K
[01m[K/usr/include/c++/7/bits/shared_ptr.h:342:2:[m[K [01;36m[Knote: [m[K  template argument deduction/substitution failed:
[01m[K/home/matheuswagner/repos/adaptive-cubesat-adcs/cubesat-simulation/src/cubesat_controllers/src/controller_sd.cpp:123:60:[m[K [01;36m[Knote: [m[K  candidate expects at least 2 arguments, 1 provided
             rclcpp::spin_some((rclcpp::Node::SharedPtr)(*it[01;36m[K)[m[K);
                                                            [01;36m[K^[m[K
In file included from [01m[K/usr/include/c++/7/memory:81:0[m[K,
                 from [01m[K/home/matheuswagner/ros2_dashing/ros2-linux/include/rclcpp/rclcpp.hpp:142[m[K,
                 from [01m[K/home/matheuswagner/repos/adaptive-cubesat-adcs/cubesat-simulation/src/cubesat_controllers/src/../../../include/transformerSmartdata.h:7[m[K,
                 from [01m[K/home/matheuswagner/repos/adaptive-cubesat-adcs/cubesat-simulation/src/cubesat_controllers/src/../../../include/responsiveSmartdata.h:5[m[K,
                 from [01m[K/home/matheuswagner/repos/adaptive-cubesat-adcs/cubesat-simulation/src/cubesat_controllers/src/controller_sd.cpp:1[m[K:
[01m[K/usr/include/c++/7/bits/shared_ptr.h:294:17:[m[K [01;36m[Knote: [m[Kcandidate: constexpr std::shared_ptr<_Tp>::shared_ptr(std::nullptr_t) [with _Tp = rclcpp::Node; std::nullptr_t = std::nullptr_t]
       constexpr [01;36m[Kshared_ptr[m[K(nullptr_t) noexcept : shared_ptr() { }
                 [01;36m[K^~~~~~~~~~[m[K
[01m[K/usr/include/c++/7/bits/shared_ptr.h:294:17:[m[K [01;36m[Knote: [m[K  no known conversion for argument 1 from ‘[01m[Kstd::shared_ptr<SmartData>[m[K’ to ‘[01m[Kstd::nullptr_t[m[K’
[01m[K/usr/include/c++/7/bits/shared_ptr.h:286:2:[m[K [01;36m[Knote: [m[Kcandidate: template<class _Yp, class _Del, std::shared_ptr<rclcpp::Node>::_Constructible<std::unique_ptr<_Tp, _Dp>, std::__sp_array_delete>* <anonymous> > std::shared_ptr<_Tp>::shared_ptr(std::unique_ptr<_Up, _Ep>&&)
  [01;36m[Kshared_ptr[m[K(unique_ptr<_Yp, _Del>&& __r)
  [01;36m[K^~~~~~~~~~[m[K
[01m[K/usr/include/c++/7/bits/shared_ptr.h:286:2:[m[K [01;36m[Knote: [m[K  template argument deduction/substitution failed:
[01m[K/home/matheuswagner/repos/adaptive-cubesat-adcs/cubesat-simulation/src/cubesat_controllers/src/controller_sd.cpp:123:60:[m[K [01;36m[Knote: [m[K  ‘[01m[Kstd::shared_ptr<SmartData>[m[K’ is not derived from ‘[01m[Kstd::unique_ptr<_Tp, _Dp>[m[K’
             rclcpp::spin_some((rclcpp::Node::SharedPtr)(*it[01;36m[K)[m[K);
                                                            [01;36m[K^[m[K
In file included from [01m[K/usr/include/c++/7/memory:81:0[m[K,
                 from [01m[K/home/matheuswagner/ros2_dashing/ros2-linux/include/rclcpp/rclcpp.hpp:142[m[K,
                 from [01m[K/home/matheuswagner/repos/adaptive-cubesat-adcs/cubesat-simulation/src/cubesat_controllers/src/../../../include/transformerSmartdata.h:7[m[K,
                 from [01m[K/home/matheuswagner/repos/adaptive-cubesat-adcs/cubesat-simulation/src/cubesat_controllers/src/../../../include/responsiveSmartdata.h:5[m[K,
                 from [01m[K/home/matheuswagner/repos/adaptive-cubesat-adcs/cubesat-simulation/src/cubesat_controllers/src/controller_sd.cpp:1[m[K:
[01m[K/usr/include/c++/7/bits/shared_ptr.h:277:2:[m[K [01;36m[Knote: [m[Kcandidate: template<class _Yp, class _Del, class> std::shared_ptr<_Tp>::shared_ptr(std::unique_ptr<_Up, _Ep>&&)
  [01;36m[Kshared_ptr[m[K(unique_ptr<_Yp, _Del>&& __r)
  [01;36m[K^~~~~~~~~~[m[K
[01m[K/usr/include/c++/7/bits/shared_ptr.h:277:2:[m[K [01;36m[Knote: [m[K  template argument deduction/substitution failed:
[01m[K/home/matheuswagner/repos/adaptive-cubesat-adcs/cubesat-simulation/src/cubesat_controllers/src/controller_sd.cpp:123:60:[m[K [01;36m[Knote: [m[K  ‘[01m[Kstd::shared_ptr<SmartData>[m[K’ is not derived from ‘[01m[Kstd::unique_ptr<_Tp, _Dp>[m[K’
             rclcpp::spin_some((rclcpp::Node::SharedPtr)(*it[01;36m[K)[m[K);
                                                            [01;36m[K^[m[K
In file included from [01m[K/usr/include/c++/7/memory:81:0[m[K,
                 from [01m[K/home/matheuswagner/ros2_dashing/ros2-linux/include/rclcpp/rclcpp.hpp:142[m[K,
                 from [01m[K/home/matheuswagner/repos/adaptive-cubesat-adcs/cubesat-simulation/src/cubesat_controllers/src/../../../include/transformerSmartdata.h:7[m[K,
                 from [01m[K/home/matheuswagner/repos/adaptive-cubesat-adcs/cubesat-simulation/src/cubesat_controllers/src/../../../include/responsiveSmartdata.h:5[m[K,
                 from [01m[K/home/matheuswagner/repos/adaptive-cubesat-adcs/cubesat-simulation/src/cubesat_controllers/src/controller_sd.cpp:1[m[K:
[01m[K/usr/include/c++/7/bits/shared_ptr.h:270:2:[m[K [01;36m[Knote: [m[Kcandidate: template<class _Yp, class> std::shared_ptr<_Tp>::shared_ptr(std::auto_ptr<_Up>&&)
  [01;36m[Kshared_ptr[m[K(auto_ptr<_Yp>&& __r);
  [01;36m[K^~~~~~~~~~[m[K
[01m[K/usr/include/c++/7/bits/shared_ptr.h:270:2:[m[K [01;36m[Knote: [m[K  template argument deduction/substitution failed:
[01m[K/home/matheuswagner/repos/adaptive-cubesat-adcs/cubesat-simulation/src/cubesat_controllers/src/controller_sd.cpp:123:60:[m[K [01;36m[Knote: [m[K  ‘[01m[Kstd::shared_ptr<SmartData>[m[K’ is not derived from ‘[01m[Kstd::auto_ptr<_Up>[m[K’
             rclcpp::spin_some((rclcpp::Node::SharedPtr)(*it[01;36m[K)[m[K);
                                                            [01;36m[K^[m[K
In file included from [01m[K/usr/include/c++/7/memory:81:0[m[K,
                 from [01m[K/home/matheuswagner/ros2_dashing/ros2-linux/include/rclcpp/rclcpp.hpp:142[m[K,
                 from [01m[K/home/matheuswagner/repos/adaptive-cubesat-adcs/cubesat-simulation/src/cubesat_controllers/src/../../../include/transformerSmartdata.h:7[m[K,
                 from [01m[K/home/matheuswagner/repos/adaptive-cubesat-adcs/cubesat-simulation/src/cubesat_controllers/src/../../../include/responsiveSmartdata.h:5[m[K,
                 from [01m[K/home/matheuswagner/repos/adaptive-cubesat-adcs/cubesat-simulation/src/cubesat_controllers/src/controller_sd.cpp:1[m[K:
[01m[K/usr/include/c++/7/bits/shared_ptr.h:265:11:[m[K [01;36m[Knote: [m[Kcandidate: template<class _Yp, class> std::shared_ptr<_Tp>::shared_ptr(const std::weak_ptr<_Yp>&)
  explicit [01;36m[Kshared_ptr[m[K(const weak_ptr<_Yp>& __r)
           [01;36m[K^~~~~~~~~~[m[K
[01m[K/usr/include/c++/7/bits/shared_ptr.h:265:11:[m[K [01;36m[Knote: [m[K  template argument deduction/substitution failed:
[01m[K/home/matheuswagner/repos/adaptive-cubesat-adcs/cubesat-simulation/src/cubesat_controllers/src/controller_sd.cpp:123:60:[m[K [01;36m[Knote: [m[K  ‘[01m[Kstd::shared_ptr<SmartData>[m[K’ is not derived from ‘[01m[Kconst std::weak_ptr<_Tp>[m[K’
             rclcpp::spin_some((rclcpp::Node::SharedPtr)(*it[01;36m[K)[m[K);
                                                            [01;36m[K^[m[K
In file included from [01m[K/usr/include/c++/7/memory:81:0[m[K,
                 from [01m[K/home/matheuswagner/ros2_dashing/ros2-linux/include/rclcpp/rclcpp.hpp:142[m[K,
                 from [01m[K/home/matheuswagner/repos/adaptive-cubesat-adcs/cubesat-simulation/src/cubesat_controllers/src/../../../include/transformerSmartdata.h:7[m[K,
                 from [01m[K/home/matheuswagner/repos/adaptive-cubesat-adcs/cubesat-simulation/src/cubesat_controllers/src/../../../include/responsiveSmartdata.h:5[m[K,
                 from [01m[K/home/matheuswagner/repos/adaptive-cubesat-adcs/cubesat-simulation/src/cubesat_controllers/src/controller_sd.cpp:1[m[K:
[01m[K/usr/include/c++/7/bits/shared_ptr.h:253:2:[m[K [01;36m[Knote: [m[Kcandidate: template<class _Yp, class> std::shared_ptr<_Tp>::shared_ptr(std::shared_ptr<_Yp>&&)
  [01;36m[Kshared_ptr[m[K(shared_ptr<_Yp>&& __r) noexcept
  [01;36m[K^~~~~~~~~~[m[K
[01m[K/usr/include/c++/7/bits/shared_ptr.h:253:2:[m[K [01;36m[Knote: [m[K  template argument deduction/substitution failed:
[01m[K/usr/include/c++/7/bits/shared_ptr.h:244:7:[m[K [01;36m[Knote: [m[Kcandidate: std::shared_ptr<_Tp>::shared_ptr(std::shared_ptr<_Tp>&&) [with _Tp = rclcpp::Node]
       [01;36m[Kshared_ptr[m[K(shared_ptr&& __r) noexcept
       [01;36m[K^~~~~~~~~~[m[K
[01m[K/usr/include/c++/7/bits/shared_ptr.h:244:7:[m[K [01;36m[Knote: [m[K  no known conversion for argument 1 from ‘[01m[Kstd::shared_ptr<SmartData>[m[K’ to ‘[01m[Kstd::shared_ptr<rclcpp::Node>&&[m[K’
[01m[K/usr/include/c++/7/bits/shared_ptr.h:236:2:[m[K [01;36m[Knote: [m[Kcandidate: template<class _Yp, class> std::shared_ptr<_Tp>::shared_ptr(const std::shared_ptr<_Yp>&)
  [01;36m[Kshared_ptr[m[K(const shared_ptr<_Yp>& __r) noexcept
  [01;36m[K^~~~~~~~~~[m[K
[01m[K/usr/include/c++/7/bits/shared_ptr.h:236:2:[m[K [01;36m[Knote: [m[K  template argument deduction/substitution failed:
[01m[K/usr/include/c++/7/bits/shared_ptr.h:224:2:[m[K [01;36m[Knote: [m[Kcandidate: template<class _Yp> std::shared_ptr<_Tp>::shared_ptr(const std::shared_ptr<_Yp>&, std::shared_ptr<_Tp>::element_type*)
  [01;36m[Kshared_ptr[m[K(const shared_ptr<_Yp>& __r, element_type* __p) noexcept
  [01;36m[K^~~~~~~~~~[m[K
[01m[K/usr/include/c++/7/bits/shared_ptr.h:224:2:[m[K [01;36m[Knote: [m[K  template argument deduction/substitution failed:
[01m[K/home/matheuswagner/repos/adaptive-cubesat-adcs/cubesat-simulation/src/cubesat_controllers/src/controller_sd.cpp:123:60:[m[K [01;36m[Knote: [m[K  candidate expects 2 arguments, 1 provided
             rclcpp::spin_some((rclcpp::Node::SharedPtr)(*it[01;36m[K)[m[K);
                                                            [01;36m[K^[m[K
In file included from [01m[K/usr/include/c++/7/memory:81:0[m[K,
                 from [01m[K/home/matheuswagner/ros2_dashing/ros2-linux/include/rclcpp/rclcpp.hpp:142[m[K,
                 from [01m[K/home/matheuswagner/repos/adaptive-cubesat-adcs/cubesat-simulation/src/cubesat_controllers/src/../../../include/transformerSmartdata.h:7[m[K,
                 from [01m[K/home/matheuswagner/repos/adaptive-cubesat-adcs/cubesat-simulation/src/cubesat_controllers/src/../../../include/responsiveSmartdata.h:5[m[K,
                 from [01m[K/home/matheuswagner/repos/adaptive-cubesat-adcs/cubesat-simulation/src/cubesat_controllers/src/controller_sd.cpp:1[m[K:
[01m[K/usr/include/c++/7/bits/shared_ptr.h:202:2:[m[K [01;36m[Knote: [m[Kcandidate: template<class _Deleter, class _Alloc> std::shared_ptr<_Tp>::shared_ptr(std::nullptr_t, _Deleter, _Alloc)
  [01;36m[Kshared_ptr[m[K(nullptr_t __p, _Deleter __d, _Alloc __a)
  [01;36m[K^~~~~~~~~~[m[K
[01m[K/usr/include/c++/7/bits/shared_ptr.h:202:2:[m[K [01;36m[Knote: [m[K  template argument deduction/substitution failed:
[01m[K/home/matheuswagner/repos/adaptive-cubesat-adcs/cubesat-simulation/src/cubesat_controllers/src/controller_sd.cpp:123:60:[m[K [01;36m[Knote: [m[K  candidate expects 3 arguments, 1 provided
             rclcpp::spin_some((rclcpp::Node::SharedPtr)(*it[01;36m[K)[m[K);
                                                            [01;36m[K^[m[K
In file included from [01m[K/usr/include/c++/7/memory:81:0[m[K,
                 from [01m[K/home/matheuswagner/ros2_dashing/ros2-linux/include/rclcpp/rclcpp.hpp:142[m[K,
                 from [01m[K/home/matheuswagner/repos/adaptive-cubesat-adcs/cubesat-simulation/src/cubesat_controllers/src/../../../include/transformerSmartdata.h:7[m[K,
                 from [01m[K/home/matheuswagner/repos/adaptive-cubesat-adcs/cubesat-simulation/src/cubesat_controllers/src/../../../include/responsiveSmartdata.h:5[m[K,
                 from [01m[K/home/matheuswagner/repos/adaptive-cubesat-adcs/cubesat-simulation/src/cubesat_controllers/src/controller_sd.cpp:1[m[K:
[01m[K/usr/include/c++/7/bits/shared_ptr.h:183:2:[m[K [01;36m[Knote: [m[Kcandidate: template<class _Yp, class _Deleter, class _Alloc, class> std::shared_ptr<_Tp>::shared_ptr(_Yp*, _Deleter, _Alloc)
  [01;36m[Kshared_ptr[m[K(_Yp* __p, _Deleter __d, _Alloc __a)
  [01;36m[K^~~~~~~~~~[m[K
[01m[K/usr/include/c++/7/bits/shared_ptr.h:183:2:[m[K [01;36m[Knote: [m[K  template argument deduction/substitution failed:
[01m[K/home/matheuswagner/repos/adaptive-cubesat-adcs/cubesat-simulation/src/cubesat_controllers/src/controller_sd.cpp:123:60:[m[K [01;36m[Knote: [m[K  mismatched types ‘[01m[K_Yp*[m[K’ and ‘[01m[Kstd::shared_ptr<SmartData>[m[K’
             rclcpp::spin_some((rclcpp::Node::SharedPtr)(*it[01;36m[K)[m[K);
                                                            [01;36m[K^[m[K
In file included from [01m[K/usr/include/c++/7/memory:81:0[m[K,
                 from [01m[K/home/matheuswagner/ros2_dashing/ros2-linux/include/rclcpp/rclcpp.hpp:142[m[K,
                 from [01m[K/home/matheuswagner/repos/adaptive-cubesat-adcs/cubesat-simulation/src/cubesat_controllers/src/../../../include/transformerSmartdata.h:7[m[K,
                 from [01m[K/home/matheuswagner/repos/adaptive-cubesat-adcs/cubesat-simulation/src/cubesat_controllers/src/../../../include/responsiveSmartdata.h:5[m[K,
                 from [01m[K/home/matheuswagner/repos/adaptive-cubesat-adcs/cubesat-simulation/src/cubesat_controllers/src/controller_sd.cpp:1[m[K:
[01m[K/usr/include/c++/7/bits/shared_ptr.h:163:2:[m[K [01;36m[Knote: [m[Kcandidate: template<class _Deleter> std::shared_ptr<_Tp>::shared_ptr(std::nullptr_t, _Deleter)
  [01;36m[Kshared_ptr[m[K(nullptr_t __p, _Deleter __d)
  [01;36m[K^~~~~~~~~~[m[K
[01m[K/usr/include/c++/7/bits/shared_ptr.h:163:2:[m[K [01;36m[Knote: [m[K  template argument deduction/substitution failed:
[01m[K/home/matheuswagner/repos/adaptive-cubesat-adcs/cubesat-simulation/src/cubesat_controllers/src/controller_sd.cpp:123:60:[m[K [01;36m[Knote: [m[K  candidate expects 2 arguments, 1 provided
             rclcpp::spin_some((rclcpp::Node::SharedPtr)(*it[01;36m[K)[m[K);
                                                            [01;36m[K^[m[K
In file included from [01m[K/usr/include/c++/7/memory:81:0[m[K,
                 from [01m[K/home/matheuswagner/ros2_dashing/ros2-linux/include/rclcpp/rclcpp.hpp:142[m[K,
                 from [01m[K/home/matheuswagner/repos/adaptive-cubesat-adcs/cubesat-simulation/src/cubesat_controllers/src/../../../include/transformerSmartdata.h:7[m[K,
                 from [01m[K/home/matheuswagner/repos/adaptive-cubesat-adcs/cubesat-simulation/src/cubesat_controllers/src/../../../include/responsiveSmartdata.h:5[m[K,
                 from [01m[K/home/matheuswagner/repos/adaptive-cubesat-adcs/cubesat-simulation/src/cubesat_controllers/src/controller_sd.cpp:1[m[K:
[01m[K/usr/include/c++/7/bits/shared_ptr.h:146:2:[m[K [01;36m[Knote: [m[Kcandidate: template<class _Yp, class _Deleter, class> std::shared_ptr<_Tp>::shared_ptr(_Yp*, _Deleter)
  [01;36m[Kshared_ptr[m[K(_Yp* __p, _Deleter __d)
  [01;36m[K^~~~~~~~~~[m[K
[01m[K/usr/include/c++/7/bits/shared_ptr.h:146:2:[m[K [01;36m[Knote: [m[K  template argument deduction/substitution failed:
[01m[K/home/matheuswagner/repos/adaptive-cubesat-adcs/cubesat-simulation/src/cubesat_controllers/src/controller_sd.cpp:123:60:[m[K [01;36m[Knote: [m[K  mismatched types ‘[01m[K_Yp*[m[K’ and ‘[01m[Kstd::shared_ptr<SmartData>[m[K’
             rclcpp::spin_some((rclcpp::Node::SharedPtr)(*it[01;36m[K)[m[K);
                                                            [01;36m[K^[m[K
In file included from [01m[K/usr/include/c++/7/memory:81:0[m[K,
                 from [01m[K/home/matheuswagner/ros2_dashing/ros2-linux/include/rclcpp/rclcpp.hpp:142[m[K,
                 from [01m[K/home/matheuswagner/repos/adaptive-cubesat-adcs/cubesat-simulation/src/cubesat_controllers/src/../../../include/transformerSmartdata.h:7[m[K,
                 from [01m[K/home/matheuswagner/repos/adaptive-cubesat-adcs/cubesat-simulation/src/cubesat_controllers/src/../../../include/responsiveSmartdata.h:5[m[K,
                 from [01m[K/home/matheuswagner/repos/adaptive-cubesat-adcs/cubesat-simulation/src/cubesat_controllers/src/controller_sd.cpp:1[m[K:
[01m[K/usr/include/c++/7/bits/shared_ptr.h:129:2:[m[K [01;36m[Knote: [m[Kcandidate: template<class _Yp, class> std::shared_ptr<_Tp>::shared_ptr(_Yp*)
  [01;36m[Kshared_ptr[m[K(_Yp* __p) : __shared_ptr<_Tp>(__p) { }
  [01;36m[K^~~~~~~~~~[m[K
[01m[K/usr/include/c++/7/bits/shared_ptr.h:129:2:[m[K [01;36m[Knote: [m[K  template argument deduction/substitution failed:
[01m[K/home/matheuswagner/repos/adaptive-cubesat-adcs/cubesat-simulation/src/cubesat_controllers/src/controller_sd.cpp:123:60:[m[K [01;36m[Knote: [m[K  mismatched types ‘[01m[K_Yp*[m[K’ and ‘[01m[Kstd::shared_ptr<SmartData>[m[K’
             rclcpp::spin_some((rclcpp::Node::SharedPtr)(*it[01;36m[K)[m[K);
                                                            [01;36m[K^[m[K
In file included from [01m[K/usr/include/c++/7/memory:81:0[m[K,
                 from [01m[K/home/matheuswagner/ros2_dashing/ros2-linux/include/rclcpp/rclcpp.hpp:142[m[K,
                 from [01m[K/home/matheuswagner/repos/adaptive-cubesat-adcs/cubesat-simulation/src/cubesat_controllers/src/../../../include/transformerSmartdata.h:7[m[K,
                 from [01m[K/home/matheuswagner/repos/adaptive-cubesat-adcs/cubesat-simulation/src/cubesat_controllers/src/../../../include/responsiveSmartdata.h:5[m[K,
                 from [01m[K/home/matheuswagner/repos/adaptive-cubesat-adcs/cubesat-simulation/src/cubesat_controllers/src/controller_sd.cpp:1[m[K:
[01m[K/usr/include/c++/7/bits/shared_ptr.h:119:7:[m[K [01;36m[Knote: [m[Kcandidate: std::shared_ptr<_Tp>::shared_ptr(const std::shared_ptr<_Tp>&) [with _Tp = rclcpp::Node]
       [01;36m[Kshared_ptr[m[K(const shared_ptr&) noexcept = default;
       [01;36m[K^~~~~~~~~~[m[K
[01m[K/usr/include/c++/7/bits/shared_ptr.h:119:7:[m[K [01;36m[Knote: [m[K  no known conversion for argument 1 from ‘[01m[Kstd::shared_ptr<SmartData>[m[K’ to ‘[01m[Kconst std::shared_ptr<rclcpp::Node>&[m[K’
[01m[K/usr/include/c++/7/bits/shared_ptr.h:117:17:[m[K [01;36m[Knote: [m[Kcandidate: constexpr std::shared_ptr<_Tp>::shared_ptr() [with _Tp = rclcpp::Node]
       constexpr [01;36m[Kshared_ptr[m[K() noexcept : __shared_ptr<_Tp>() { }
                 [01;36m[K^~~~~~~~~~[m[K
[01m[K/usr/include/c++/7/bits/shared_ptr.h:117:17:[m[K [01;36m[Knote: [m[K  candidate expects 0 arguments, 1 provided
/home/matheuswagner/repos/adaptive-cubesat-adcs/cubesat-simulation/src/cubesat_controllers/src/controller_sd.cpp: In instantiation of ‘[01m[KDummy_Transducer<UNIT, Value>::Dummy_Transducer(SmartData*) [with long unsigned int UNIT = 1; Value = float][m[K’:
[01m[K/home/matheuswagner/repos/adaptive-cubesat-adcs/cubesat-simulation/src/cubesat_controllers/src/../../../include/remoteSmartdata.h:42:32:[m[K   required from ‘[01m[KRemoteSmartData<Transducer, Value>::RemoteSmartData(Region*, int, int, std::__cxx11::string, Coordinates*, std::__cxx11::string, std::__cxx11::string) [with Transducer = Dummy_Transducer<1, float>; Value = float; std::__cxx11::string = std::__cxx11::basic_string<char>][m[K’
[01m[K/usr/include/c++/7/ext/new_allocator.h:136:4:[m[K   required from ‘[01m[Kvoid __gnu_cxx::new_allocator<_Tp>::construct(_Up*, _Args&& ...) [with _Up = RemoteSmartData<Dummy_Transducer<1, float>, float>; _Args = {Region*, int, int, const char (&)[17], Coordinates*, const char (&)[34], const char (&)[7]}; _Tp = RemoteSmartData<Dummy_Transducer<1, float>, float>][m[K’
[01m[K/usr/include/c++/7/bits/alloc_traits.h:475:4:[m[K   required from ‘[01m[Kstatic void std::allocator_traits<std::allocator<_Tp1> >::construct(std::allocator_traits<std::allocator<_Tp1> >::allocator_type&, _Up*, _Args&& ...) [with _Up = RemoteSmartData<Dummy_Transducer<1, float>, float>; _Args = {Region*, int, int, const char (&)[17], Coordinates*, const char (&)[34], const char (&)[7]}; _Tp = RemoteSmartData<Dummy_Transducer<1, float>, float>; std::allocator_traits<std::allocator<_Tp1> >::allocator_type = std::allocator<RemoteSmartData<Dummy_Transducer<1, float>, float> >][m[K’
[01m[K/usr/include/c++/7/bits/shared_ptr_base.h:526:39:[m[K   required from ‘[01m[Kstd::_Sp_counted_ptr_inplace<_Tp, _Alloc, _Lp>::_Sp_counted_ptr_inplace(_Alloc, _Args&& ...) [with _Args = {Region*, int, int, const char (&)[17], Coordinates*, const char (&)[34], const char (&)[7]}; _Tp = RemoteSmartData<Dummy_Transducer<1, float>, float>; _Alloc = std::allocator<RemoteSmartData<Dummy_Transducer<1, float>, float> >; __gnu_cxx::_Lock_policy _Lp = (__gnu_cxx::_Lock_policy)2][m[K’
[01m[K/usr/include/c++/7/bits/shared_ptr_base.h:637:4:[m[K   required from ‘[01m[Kstd::__shared_count<_Lp>::__shared_count(std::_Sp_make_shared_tag, _Tp*, const _Alloc&, _Args&& ...) [with _Tp = RemoteSmartData<Dummy_Transducer<1, float>, float>; _Alloc = std::allocator<RemoteSmartData<Dummy_Transducer<1, float>, float> >; _Args = {Region*, int, int, const char (&)[17], Coordinates*, const char (&)[34], const char (&)[7]}; __gnu_cxx::_Lock_policy _Lp = (__gnu_cxx::_Lock_policy)2][m[K’
[01m[K/usr/include/c++/7/bits/shared_ptr_base.h:1295:35:[m[K   required from ‘[01m[Kstd::__shared_ptr<_Tp, _Lp>::__shared_ptr(std::_Sp_make_shared_tag, const _Alloc&, _Args&& ...) [with _Alloc = std::allocator<RemoteSmartData<Dummy_Transducer<1, float>, float> >; _Args = {Region*, int, int, const char (&)[17], Coordinates*, const char (&)[34], const char (&)[7]}; _Tp = RemoteSmartData<Dummy_Transducer<1, float>, float>; __gnu_cxx::_Lock_policy _Lp = (__gnu_cxx::_Lock_policy)2][m[K’
[01m[K/usr/include/c++/7/bits/shared_ptr.h:344:64:[m[K   required from ‘[01m[Kstd::shared_ptr<_Tp>::shared_ptr(std::_Sp_make_shared_tag, const _Alloc&, _Args&& ...) [with _Alloc = std::allocator<RemoteSmartData<Dummy_Transducer<1, float>, float> >; _Args = {Region*, int, int, const char (&)[17], Coordinates*, const char (&)[34], const char (&)[7]}; _Tp = RemoteSmartData<Dummy_Transducer<1, float>, float>][m[K’
[01m[K/usr/include/c++/7/bits/shared_ptr.h:690:14:[m[K   required from ‘[01m[Kstd::shared_ptr<_Tp> std::allocate_shared(const _Alloc&, _Args&& ...) [with _Tp = RemoteSmartData<Dummy_Transducer<1, float>, float>; _Alloc = std::allocator<RemoteSmartData<Dummy_Transducer<1, float>, float> >; _Args = {Region*, int, int, const char (&)[17], Coordinates*, const char (&)[34], const char (&)[7]}][m[K’
[01m[K/usr/include/c++/7/bits/shared_ptr.h:706:39:[m[K   required from ‘[01m[Kstd::shared_ptr<_Tp> std::make_shared(_Args&& ...) [with _Tp = RemoteSmartData<Dummy_Transducer<1, float>, float>; _Args = {Region*, int, int, const char (&)[17], Coordinates*, const char (&)[34], const char (&)[7]}][m[K’
[01m[K/home/matheuswagner/repos/adaptive-cubesat-adcs/cubesat-simulation/src/cubesat_controllers/src/controller_sd.cpp:66:215:[m[K   required from here
[01m[K/home/matheuswagner/repos/adaptive-cubesat-adcs/cubesat-simulation/src/cubesat_controllers/src/controller_sd.cpp:18:36:[m[K [01;31m[Kerror: [m[Kno matching function for call to ‘[01m[KTransducer<1, float>::Transducer()[m[K’
     Dummy_Transducer(SmartData* sd)[01;31m[K{[m[K}
                                    [01;31m[K^[m[K
In file included from [01m[K/home/matheuswagner/repos/adaptive-cubesat-adcs/cubesat-simulation/src/cubesat_controllers/src/controller_sd.cpp:4:0[m[K:
[01m[K/home/matheuswagner/repos/adaptive-cubesat-adcs/cubesat-simulation/src/cubesat_controllers/src/../../../include/transducer.h:13:9:[m[K [01;36m[Knote: [m[Kcandidate: Transducer<_UNIT, Value>::Transducer(SmartData*) [with long unsigned int _UNIT = 1; Value = float]
         [01;36m[KTransducer[m[K(SmartData* sd){}
         [01;36m[K^~~~~~~~~~[m[K
[01m[K/home/matheuswagner/repos/adaptive-cubesat-adcs/cubesat-simulation/src/cubesat_controllers/src/../../../include/transducer.h:13:9:[m[K [01;36m[Knote: [m[K  candidate expects 1 argument, 0 provided
[01m[K/home/matheuswagner/repos/adaptive-cubesat-adcs/cubesat-simulation/src/cubesat_controllers/src/../../../include/transducer.h:6:7:[m[K [01;36m[Knote: [m[Kcandidate: constexpr Transducer<1, float>::Transducer(const Transducer<1, float>&)
 class [01;36m[KTransducer[m[K
       [01;36m[K^~~~~~~~~~[m[K
[01m[K/home/matheuswagner/repos/adaptive-cubesat-adcs/cubesat-simulation/src/cubesat_controllers/src/../../../include/transducer.h:6:7:[m[K [01;36m[Knote: [m[K  candidate expects 1 argument, 0 provided
[01m[K/home/matheuswagner/repos/adaptive-cubesat-adcs/cubesat-simulation/src/cubesat_controllers/src/controller_sd.cpp:18:33:[m[K [01;35m[Kwarning: [m[Kunused parameter ‘[01m[Ksd[m[K’ [[01;35m[K-Wunused-parameter[m[K]
     Dummy_Transducer(SmartData* [01;35m[Ksd[m[K){}
                                 [01;35m[K^~[m[K
In file included from [01m[K/home/matheuswagner/repos/adaptive-cubesat-adcs/cubesat-simulation/src/cubesat_controllers/src/controller_sd.cpp:4:0[m[K:
/home/matheuswagner/repos/adaptive-cubesat-adcs/cubesat-simulation/src/cubesat_controllers/src/../../../include/transducer.h: In instantiation of ‘[01m[Kvoid Transducer<_UNIT, Value>::actuate(const Value&) [with long unsigned int _UNIT = 1; Value = float][m[K’:
[01m[K/home/matheuswagner/repos/adaptive-cubesat-adcs/cubesat-simulation/src/cubesat_controllers/src/controller_sd.cpp:130:1:[m[K   required from here
[01m[K/home/matheuswagner/repos/adaptive-cubesat-adcs/cubesat-simulation/src/cubesat_controllers/src/../../../include/transducer.h:18:43:[m[K [01;35m[Kwarning: [m[Kunused parameter ‘[01m[Kvalue[m[K’ [[01;35m[K-Wunused-parameter[m[K]
         virtual void actuate(const Value &[01;35m[Kvalue[m[K){}
                                           [01;35m[K^~~~~[m[K
make[2]: *** [CMakeFiles/controller_sd.dir/src/controller_sd.cpp.o] Error 1
make[1]: *** [CMakeFiles/controller_sd.dir/all] Error 2
make: *** [all] Error 2
