[0.061s] Invoking command in '/home/matheuswagner/repos/adaptive-cubesat-adcs/cubesat-simulation/build/cubesat_controllers': CMAKE_PREFIX_PATH=${CMAKE_PREFIX_PATH}:/home/matheuswagner/repos/adaptive-cubesat-adcs/cubesat-simulation/install/cubesat_description:/opt/ros/dashing /usr/local/bin/cmake --build /home/matheuswagner/repos/adaptive-cubesat-adcs/cubesat-simulation/build/cubesat_controllers -- -j8 -l8
[0.085s] [35m[1mScanning dependencies of target controller_sd[0m
[0.094s] [ 50%] [32mBuilding CXX object CMakeFiles/controller_sd.dir/src/controller_sd.cpp.o[0m
[1.244s] [01m[K/home/matheuswagner/repos/adaptive-cubesat-adcs/cubesat-simulation/src/cubesat_controllers/src/controller_sd.cpp:[m[K In function ‘[01m[Kint main(int, char**)[m[K’:
[1.244s] [01m[K/home/matheuswagner/repos/adaptive-cubesat-adcs/cubesat-simulation/src/cubesat_controllers/src/controller_sd.cpp:116:60:[m[K [01;31m[Kerror: [m[Kno matching function for call to ‘[01m[Kstd::shared_ptr<rclcpp::Node>::shared_ptr(std::shared_ptr<SmartData>&)[m[K’
[1.244s]              rclcpp::spin_some((rclcpp::Node::SharedPtr)(*it[01;31m[K)[m[K);
[1.244s]                                                             [01;31m[K^[m[K
[1.245s] In file included from [01m[K/usr/include/c++/7/memory:81:0[m[K,
[1.245s]                  from [01m[K/home/matheuswagner/ros2_dashing/ros2-linux/include/rclcpp/rclcpp.hpp:142[m[K,
[1.245s]                  from [01m[K/home/matheuswagner/repos/adaptive-cubesat-adcs/cubesat-simulation/src/cubesat_controllers/src/../../../include/transformerSmartdata.h:7[m[K,
[1.245s]                  from [01m[K/home/matheuswagner/repos/adaptive-cubesat-adcs/cubesat-simulation/src/cubesat_controllers/src/../../../include/responsiveSmartdata.h:5[m[K,
[1.245s]                  from [01m[K/home/matheuswagner/repos/adaptive-cubesat-adcs/cubesat-simulation/src/cubesat_controllers/src/controller_sd.cpp:1[m[K:
[1.245s] [01m[K/usr/include/c++/7/bits/shared_ptr.h:352:7:[m[K [01;36m[Knote: [m[Kcandidate: std::shared_ptr<_Tp>::shared_ptr(const std::weak_ptr<_Tp>&, std::nothrow_t) [with _Tp = rclcpp::Node]
[1.245s]        [01;36m[Kshared_ptr[m[K(const weak_ptr<_Tp>& __r, std::nothrow_t)
[1.246s]        [01;36m[K^~~~~~~~~~[m[K
[1.246s] [01m[K/usr/include/c++/7/bits/shared_ptr.h:352:7:[m[K [01;36m[Knote: [m[K  candidate expects 2 arguments, 1 provided
[1.246s] [01m[K/usr/include/c++/7/bits/shared_ptr.h:342:2:[m[K [01;36m[Knote: [m[Kcandidate: template<class _Alloc, class ... _Args> std::shared_ptr<_Tp>::shared_ptr(std::_Sp_make_shared_tag, const _Alloc&, _Args&& ...)
[1.246s]   [01;36m[Kshared_ptr[m[K(_Sp_make_shared_tag __tag, const _Alloc& __a,
[1.246s]   [01;36m[K^~~~~~~~~~[m[K
[1.246s] [01m[K/usr/include/c++/7/bits/shared_ptr.h:342:2:[m[K [01;36m[Knote: [m[K  template argument deduction/substitution failed:
[1.246s] [01m[K/home/matheuswagner/repos/adaptive-cubesat-adcs/cubesat-simulation/src/cubesat_controllers/src/controller_sd.cpp:116:60:[m[K [01;36m[Knote: [m[K  candidate expects at least 2 arguments, 1 provided
[1.246s]              rclcpp::spin_some((rclcpp::Node::SharedPtr)(*it[01;36m[K)[m[K);
[1.247s]                                                             [01;36m[K^[m[K
[1.247s] In file included from [01m[K/usr/include/c++/7/memory:81:0[m[K,
[1.247s]                  from [01m[K/home/matheuswagner/ros2_dashing/ros2-linux/include/rclcpp/rclcpp.hpp:142[m[K,
[1.247s]                  from [01m[K/home/matheuswagner/repos/adaptive-cubesat-adcs/cubesat-simulation/src/cubesat_controllers/src/../../../include/transformerSmartdata.h:7[m[K,
[1.247s]                  from [01m[K/home/matheuswagner/repos/adaptive-cubesat-adcs/cubesat-simulation/src/cubesat_controllers/src/../../../include/responsiveSmartdata.h:5[m[K,
[1.247s]                  from [01m[K/home/matheuswagner/repos/adaptive-cubesat-adcs/cubesat-simulation/src/cubesat_controllers/src/controller_sd.cpp:1[m[K:
[1.247s] [01m[K/usr/include/c++/7/bits/shared_ptr.h:294:17:[m[K [01;36m[Knote: [m[Kcandidate: constexpr std::shared_ptr<_Tp>::shared_ptr(std::nullptr_t) [with _Tp = rclcpp::Node; std::nullptr_t = std::nullptr_t]
[1.247s]        constexpr [01;36m[Kshared_ptr[m[K(nullptr_t) noexcept : shared_ptr() { }
[1.248s]                  [01;36m[K^~~~~~~~~~[m[K
[1.248s] [01m[K/usr/include/c++/7/bits/shared_ptr.h:294:17:[m[K [01;36m[Knote: [m[K  no known conversion for argument 1 from ‘[01m[Kstd::shared_ptr<SmartData>[m[K’ to ‘[01m[Kstd::nullptr_t[m[K’
[1.248s] [01m[K/usr/include/c++/7/bits/shared_ptr.h:286:2:[m[K [01;36m[Knote: [m[Kcandidate: template<class _Yp, class _Del, std::shared_ptr<rclcpp::Node>::_Constructible<std::unique_ptr<_Tp, _Dp>, std::__sp_array_delete>* <anonymous> > std::shared_ptr<_Tp>::shared_ptr(std::unique_ptr<_Up, _Ep>&&)
[1.248s]   [01;36m[Kshared_ptr[m[K(unique_ptr<_Yp, _Del>&& __r)
[1.248s]   [01;36m[K^~~~~~~~~~[m[K
[1.248s] [01m[K/usr/include/c++/7/bits/shared_ptr.h:286:2:[m[K [01;36m[Knote: [m[K  template argument deduction/substitution failed:
[1.248s] [01m[K/home/matheuswagner/repos/adaptive-cubesat-adcs/cubesat-simulation/src/cubesat_controllers/src/controller_sd.cpp:116:60:[m[K [01;36m[Knote: [m[K  ‘[01m[Kstd::shared_ptr<SmartData>[m[K’ is not derived from ‘[01m[Kstd::unique_ptr<_Tp, _Dp>[m[K’
[1.249s]              rclcpp::spin_some((rclcpp::Node::SharedPtr)(*it[01;36m[K)[m[K);
[1.249s]                                                             [01;36m[K^[m[K
[1.249s] In file included from [01m[K/usr/include/c++/7/memory:81:0[m[K,
[1.249s]                  from [01m[K/home/matheuswagner/ros2_dashing/ros2-linux/include/rclcpp/rclcpp.hpp:142[m[K,
[1.250s]                  from [01m[K/home/matheuswagner/repos/adaptive-cubesat-adcs/cubesat-simulation/src/cubesat_controllers/src/../../../include/transformerSmartdata.h:7[m[K,
[1.250s]                  from [01m[K/home/matheuswagner/repos/adaptive-cubesat-adcs/cubesat-simulation/src/cubesat_controllers/src/../../../include/responsiveSmartdata.h:5[m[K,
[1.250s]                  from [01m[K/home/matheuswagner/repos/adaptive-cubesat-adcs/cubesat-simulation/src/cubesat_controllers/src/controller_sd.cpp:1[m[K:
[1.250s] [01m[K/usr/include/c++/7/bits/shared_ptr.h:277:2:[m[K [01;36m[Knote: [m[Kcandidate: template<class _Yp, class _Del, class> std::shared_ptr<_Tp>::shared_ptr(std::unique_ptr<_Up, _Ep>&&)
[1.250s]   [01;36m[Kshared_ptr[m[K(unique_ptr<_Yp, _Del>&& __r)
[1.250s]   [01;36m[K^~~~~~~~~~[m[K
[1.250s] [01m[K/usr/include/c++/7/bits/shared_ptr.h:277:2:[m[K [01;36m[Knote: [m[K  template argument deduction/substitution failed:
[1.251s] [01m[K/home/matheuswagner/repos/adaptive-cubesat-adcs/cubesat-simulation/src/cubesat_controllers/src/controller_sd.cpp:116:60:[m[K [01;36m[Knote: [m[K  ‘[01m[Kstd::shared_ptr<SmartData>[m[K’ is not derived from ‘[01m[Kstd::unique_ptr<_Tp, _Dp>[m[K’
[1.251s]              rclcpp::spin_some((rclcpp::Node::SharedPtr)(*it[01;36m[K)[m[K);
[1.251s]                                                             [01;36m[K^[m[K
[1.252s] In file included from [01m[K/usr/include/c++/7/memory:81:0[m[K,
[1.252s]                  from [01m[K/home/matheuswagner/ros2_dashing/ros2-linux/include/rclcpp/rclcpp.hpp:142[m[K,
[1.252s]                  from [01m[K/home/matheuswagner/repos/adaptive-cubesat-adcs/cubesat-simulation/src/cubesat_controllers/src/../../../include/transformerSmartdata.h:7[m[K,
[1.252s]                  from [01m[K/home/matheuswagner/repos/adaptive-cubesat-adcs/cubesat-simulation/src/cubesat_controllers/src/../../../include/responsiveSmartdata.h:5[m[K,
[1.252s]                  from [01m[K/home/matheuswagner/repos/adaptive-cubesat-adcs/cubesat-simulation/src/cubesat_controllers/src/controller_sd.cpp:1[m[K:
[1.252s] [01m[K/usr/include/c++/7/bits/shared_ptr.h:270:2:[m[K [01;36m[Knote: [m[Kcandidate: template<class _Yp, class> std::shared_ptr<_Tp>::shared_ptr(std::auto_ptr<_Up>&&)
[1.252s]   [01;36m[Kshared_ptr[m[K(auto_ptr<_Yp>&& __r);
[1.252s]   [01;36m[K^~~~~~~~~~[m[K
[1.252s] [01m[K/usr/include/c++/7/bits/shared_ptr.h:270:2:[m[K [01;36m[Knote: [m[K  template argument deduction/substitution failed:
[1.253s] [01m[K/home/matheuswagner/repos/adaptive-cubesat-adcs/cubesat-simulation/src/cubesat_controllers/src/controller_sd.cpp:116:60:[m[K [01;36m[Knote: [m[K  ‘[01m[Kstd::shared_ptr<SmartData>[m[K’ is not derived from ‘[01m[Kstd::auto_ptr<_Up>[m[K’
[1.253s]              rclcpp::spin_some((rclcpp::Node::SharedPtr)(*it[01;36m[K)[m[K);
[1.253s]                                                             [01;36m[K^[m[K
[1.253s] In file included from [01m[K/usr/include/c++/7/memory:81:0[m[K,
[1.253s]                  from [01m[K/home/matheuswagner/ros2_dashing/ros2-linux/include/rclcpp/rclcpp.hpp:142[m[K,
[1.253s]                  from [01m[K/home/matheuswagner/repos/adaptive-cubesat-adcs/cubesat-simulation/src/cubesat_controllers/src/../../../include/transformerSmartdata.h:7[m[K,
[1.253s]                  from [01m[K/home/matheuswagner/repos/adaptive-cubesat-adcs/cubesat-simulation/src/cubesat_controllers/src/../../../include/responsiveSmartdata.h:5[m[K,
[1.253s]                  from [01m[K/home/matheuswagner/repos/adaptive-cubesat-adcs/cubesat-simulation/src/cubesat_controllers/src/controller_sd.cpp:1[m[K:
[1.253s] [01m[K/usr/include/c++/7/bits/shared_ptr.h:265:11:[m[K [01;36m[Knote: [m[Kcandidate: template<class _Yp, class> std::shared_ptr<_Tp>::shared_ptr(const std::weak_ptr<_Yp>&)
[1.253s]   explicit [01;36m[Kshared_ptr[m[K(const weak_ptr<_Yp>& __r)
[1.253s]            [01;36m[K^~~~~~~~~~[m[K
[1.254s] [01m[K/usr/include/c++/7/bits/shared_ptr.h:265:11:[m[K [01;36m[Knote: [m[K  template argument deduction/substitution failed:
[1.254s] [01m[K/home/matheuswagner/repos/adaptive-cubesat-adcs/cubesat-simulation/src/cubesat_controllers/src/controller_sd.cpp:116:60:[m[K [01;36m[Knote: [m[K  ‘[01m[Kstd::shared_ptr<SmartData>[m[K’ is not derived from ‘[01m[Kconst std::weak_ptr<_Tp>[m[K’
[1.254s]              rclcpp::spin_some((rclcpp::Node::SharedPtr)(*it[01;36m[K)[m[K);
[1.254s]                                                             [01;36m[K^[m[K
[1.254s] In file included from [01m[K/usr/include/c++/7/memory:81:0[m[K,
[1.254s]                  from [01m[K/home/matheuswagner/ros2_dashing/ros2-linux/include/rclcpp/rclcpp.hpp:142[m[K,
[1.254s]                  from [01m[K/home/matheuswagner/repos/adaptive-cubesat-adcs/cubesat-simulation/src/cubesat_controllers/src/../../../include/transformerSmartdata.h:7[m[K,
[1.254s]                  from [01m[K/home/matheuswagner/repos/adaptive-cubesat-adcs/cubesat-simulation/src/cubesat_controllers/src/../../../include/responsiveSmartdata.h:5[m[K,
[1.254s]                  from [01m[K/home/matheuswagner/repos/adaptive-cubesat-adcs/cubesat-simulation/src/cubesat_controllers/src/controller_sd.cpp:1[m[K:
[1.254s] [01m[K/usr/include/c++/7/bits/shared_ptr.h:253:2:[m[K [01;36m[Knote: [m[Kcandidate: template<class _Yp, class> std::shared_ptr<_Tp>::shared_ptr(std::shared_ptr<_Yp>&&)
[1.254s]   [01;36m[Kshared_ptr[m[K(shared_ptr<_Yp>&& __r) noexcept
[1.254s]   [01;36m[K^~~~~~~~~~[m[K
[1.254s] [01m[K/usr/include/c++/7/bits/shared_ptr.h:253:2:[m[K [01;36m[Knote: [m[K  template argument deduction/substitution failed:
[1.254s] [01m[K/usr/include/c++/7/bits/shared_ptr.h:244:7:[m[K [01;36m[Knote: [m[Kcandidate: std::shared_ptr<_Tp>::shared_ptr(std::shared_ptr<_Tp>&&) [with _Tp = rclcpp::Node]
[1.254s]        [01;36m[Kshared_ptr[m[K(shared_ptr&& __r) noexcept
[1.255s]        [01;36m[K^~~~~~~~~~[m[K
[1.255s] [01m[K/usr/include/c++/7/bits/shared_ptr.h:244:7:[m[K [01;36m[Knote: [m[K  no known conversion for argument 1 from ‘[01m[Kstd::shared_ptr<SmartData>[m[K’ to ‘[01m[Kstd::shared_ptr<rclcpp::Node>&&[m[K’
[1.255s] [01m[K/usr/include/c++/7/bits/shared_ptr.h:236:2:[m[K [01;36m[Knote: [m[Kcandidate: template<class _Yp, class> std::shared_ptr<_Tp>::shared_ptr(const std::shared_ptr<_Yp>&)
[1.255s]   [01;36m[Kshared_ptr[m[K(const shared_ptr<_Yp>& __r) noexcept
[1.255s]   [01;36m[K^~~~~~~~~~[m[K
[1.255s] [01m[K/usr/include/c++/7/bits/shared_ptr.h:236:2:[m[K [01;36m[Knote: [m[K  template argument deduction/substitution failed:
[1.255s] [01m[K/usr/include/c++/7/bits/shared_ptr.h:224:2:[m[K [01;36m[Knote: [m[Kcandidate: template<class _Yp> std::shared_ptr<_Tp>::shared_ptr(const std::shared_ptr<_Yp>&, std::shared_ptr<_Tp>::element_type*)
[1.255s]   [01;36m[Kshared_ptr[m[K(const shared_ptr<_Yp>& __r, element_type* __p) noexcept
[1.255s]   [01;36m[K^~~~~~~~~~[m[K
[1.255s] [01m[K/usr/include/c++/7/bits/shared_ptr.h:224:2:[m[K [01;36m[Knote: [m[K  template argument deduction/substitution failed:
[1.255s] [01m[K/home/matheuswagner/repos/adaptive-cubesat-adcs/cubesat-simulation/src/cubesat_controllers/src/controller_sd.cpp:116:60:[m[K [01;36m[Knote: [m[K  candidate expects 2 arguments, 1 provided
[1.255s]              rclcpp::spin_some((rclcpp::Node::SharedPtr)(*it[01;36m[K)[m[K);
[1.255s]                                                             [01;36m[K^[m[K
[1.255s] In file included from [01m[K/usr/include/c++/7/memory:81:0[m[K,
[1.255s]                  from [01m[K/home/matheuswagner/ros2_dashing/ros2-linux/include/rclcpp/rclcpp.hpp:142[m[K,
[1.256s]                  from [01m[K/home/matheuswagner/repos/adaptive-cubesat-adcs/cubesat-simulation/src/cubesat_controllers/src/../../../include/transformerSmartdata.h:7[m[K,
[1.256s]                  from [01m[K/home/matheuswagner/repos/adaptive-cubesat-adcs/cubesat-simulation/src/cubesat_controllers/src/../../../include/responsiveSmartdata.h:5[m[K,
[1.256s]                  from [01m[K/home/matheuswagner/repos/adaptive-cubesat-adcs/cubesat-simulation/src/cubesat_controllers/src/controller_sd.cpp:1[m[K:
[1.256s] [01m[K/usr/include/c++/7/bits/shared_ptr.h:202:2:[m[K [01;36m[Knote: [m[Kcandidate: template<class _Deleter, class _Alloc> std::shared_ptr<_Tp>::shared_ptr(std::nullptr_t, _Deleter, _Alloc)
[1.256s]   [01;36m[Kshared_ptr[m[K(nullptr_t __p, _Deleter __d, _Alloc __a)
[1.256s]   [01;36m[K^~~~~~~~~~[m[K
[1.256s] [01m[K/usr/include/c++/7/bits/shared_ptr.h:202:2:[m[K [01;36m[Knote: [m[K  template argument deduction/substitution failed:
[1.256s] [01m[K/home/matheuswagner/repos/adaptive-cubesat-adcs/cubesat-simulation/src/cubesat_controllers/src/controller_sd.cpp:116:60:[m[K [01;36m[Knote: [m[K  candidate expects 3 arguments, 1 provided
[1.256s]              rclcpp::spin_some((rclcpp::Node::SharedPtr)(*it[01;36m[K)[m[K);
[1.256s]                                                             [01;36m[K^[m[K
[1.256s] In file included from [01m[K/usr/include/c++/7/memory:81:0[m[K,
[1.256s]                  from [01m[K/home/matheuswagner/ros2_dashing/ros2-linux/include/rclcpp/rclcpp.hpp:142[m[K,
[1.256s]                  from [01m[K/home/matheuswagner/repos/adaptive-cubesat-adcs/cubesat-simulation/src/cubesat_controllers/src/../../../include/transformerSmartdata.h:7[m[K,
[1.256s]                  from [01m[K/home/matheuswagner/repos/adaptive-cubesat-adcs/cubesat-simulation/src/cubesat_controllers/src/../../../include/responsiveSmartdata.h:5[m[K,
[1.256s]                  from [01m[K/home/matheuswagner/repos/adaptive-cubesat-adcs/cubesat-simulation/src/cubesat_controllers/src/controller_sd.cpp:1[m[K:
[1.257s] [01m[K/usr/include/c++/7/bits/shared_ptr.h:183:2:[m[K [01;36m[Knote: [m[Kcandidate: template<class _Yp, class _Deleter, class _Alloc, class> std::shared_ptr<_Tp>::shared_ptr(_Yp*, _Deleter, _Alloc)
[1.257s]   [01;36m[Kshared_ptr[m[K(_Yp* __p, _Deleter __d, _Alloc __a)
[1.257s]   [01;36m[K^~~~~~~~~~[m[K
[1.257s] [01m[K/usr/include/c++/7/bits/shared_ptr.h:183:2:[m[K [01;36m[Knote: [m[K  template argument deduction/substitution failed:
[1.257s] [01m[K/home/matheuswagner/repos/adaptive-cubesat-adcs/cubesat-simulation/src/cubesat_controllers/src/controller_sd.cpp:116:60:[m[K [01;36m[Knote: [m[K  mismatched types ‘[01m[K_Yp*[m[K’ and ‘[01m[Kstd::shared_ptr<SmartData>[m[K’
[1.257s]              rclcpp::spin_some((rclcpp::Node::SharedPtr)(*it[01;36m[K)[m[K);
[1.257s]                                                             [01;36m[K^[m[K
[1.257s] In file included from [01m[K/usr/include/c++/7/memory:81:0[m[K,
[1.257s]                  from [01m[K/home/matheuswagner/ros2_dashing/ros2-linux/include/rclcpp/rclcpp.hpp:142[m[K,
[1.257s]                  from [01m[K/home/matheuswagner/repos/adaptive-cubesat-adcs/cubesat-simulation/src/cubesat_controllers/src/../../../include/transformerSmartdata.h:7[m[K,
[1.257s]                  from [01m[K/home/matheuswagner/repos/adaptive-cubesat-adcs/cubesat-simulation/src/cubesat_controllers/src/../../../include/responsiveSmartdata.h:5[m[K,
[1.257s]                  from [01m[K/home/matheuswagner/repos/adaptive-cubesat-adcs/cubesat-simulation/src/cubesat_controllers/src/controller_sd.cpp:1[m[K:
[1.257s] [01m[K/usr/include/c++/7/bits/shared_ptr.h:163:2:[m[K [01;36m[Knote: [m[Kcandidate: template<class _Deleter> std::shared_ptr<_Tp>::shared_ptr(std::nullptr_t, _Deleter)
[1.257s]   [01;36m[Kshared_ptr[m[K(nullptr_t __p, _Deleter __d)
[1.257s]   [01;36m[K^~~~~~~~~~[m[K
[1.258s] [01m[K/usr/include/c++/7/bits/shared_ptr.h:163:2:[m[K [01;36m[Knote: [m[K  template argument deduction/substitution failed:
[1.258s] [01m[K/home/matheuswagner/repos/adaptive-cubesat-adcs/cubesat-simulation/src/cubesat_controllers/src/controller_sd.cpp:116:60:[m[K [01;36m[Knote: [m[K  candidate expects 2 arguments, 1 provided
[1.258s]              rclcpp::spin_some((rclcpp::Node::SharedPtr)(*it[01;36m[K)[m[K);
[1.258s]                                                             [01;36m[K^[m[K
[1.258s] In file included from [01m[K/usr/include/c++/7/memory:81:0[m[K,
[1.258s]                  from [01m[K/home/matheuswagner/ros2_dashing/ros2-linux/include/rclcpp/rclcpp.hpp:142[m[K,
[1.258s]                  from [01m[K/home/matheuswagner/repos/adaptive-cubesat-adcs/cubesat-simulation/src/cubesat_controllers/src/../../../include/transformerSmartdata.h:7[m[K,
[1.258s]                  from [01m[K/home/matheuswagner/repos/adaptive-cubesat-adcs/cubesat-simulation/src/cubesat_controllers/src/../../../include/responsiveSmartdata.h:5[m[K,
[1.258s]                  from [01m[K/home/matheuswagner/repos/adaptive-cubesat-adcs/cubesat-simulation/src/cubesat_controllers/src/controller_sd.cpp:1[m[K:
[1.258s] [01m[K/usr/include/c++/7/bits/shared_ptr.h:146:2:[m[K [01;36m[Knote: [m[Kcandidate: template<class _Yp, class _Deleter, class> std::shared_ptr<_Tp>::shared_ptr(_Yp*, _Deleter)
[1.258s]   [01;36m[Kshared_ptr[m[K(_Yp* __p, _Deleter __d)
[1.258s]   [01;36m[K^~~~~~~~~~[m[K
[1.258s] [01m[K/usr/include/c++/7/bits/shared_ptr.h:146:2:[m[K [01;36m[Knote: [m[K  template argument deduction/substitution failed:
[1.258s] [01m[K/home/matheuswagner/repos/adaptive-cubesat-adcs/cubesat-simulation/src/cubesat_controllers/src/controller_sd.cpp:116:60:[m[K [01;36m[Knote: [m[K  mismatched types ‘[01m[K_Yp*[m[K’ and ‘[01m[Kstd::shared_ptr<SmartData>[m[K’
[1.258s]              rclcpp::spin_some((rclcpp::Node::SharedPtr)(*it[01;36m[K)[m[K);
[1.259s]                                                             [01;36m[K^[m[K
[1.259s] In file included from [01m[K/usr/include/c++/7/memory:81:0[m[K,
[1.259s]                  from [01m[K/home/matheuswagner/ros2_dashing/ros2-linux/include/rclcpp/rclcpp.hpp:142[m[K,
[1.259s]                  from [01m[K/home/matheuswagner/repos/adaptive-cubesat-adcs/cubesat-simulation/src/cubesat_controllers/src/../../../include/transformerSmartdata.h:7[m[K,
[1.259s]                  from [01m[K/home/matheuswagner/repos/adaptive-cubesat-adcs/cubesat-simulation/src/cubesat_controllers/src/../../../include/responsiveSmartdata.h:5[m[K,
[1.259s]                  from [01m[K/home/matheuswagner/repos/adaptive-cubesat-adcs/cubesat-simulation/src/cubesat_controllers/src/controller_sd.cpp:1[m[K:
[1.259s] [01m[K/usr/include/c++/7/bits/shared_ptr.h:129:2:[m[K [01;36m[Knote: [m[Kcandidate: template<class _Yp, class> std::shared_ptr<_Tp>::shared_ptr(_Yp*)
[1.259s]   [01;36m[Kshared_ptr[m[K(_Yp* __p) : __shared_ptr<_Tp>(__p) { }
[1.259s]   [01;36m[K^~~~~~~~~~[m[K
[1.259s] [01m[K/usr/include/c++/7/bits/shared_ptr.h:129:2:[m[K [01;36m[Knote: [m[K  template argument deduction/substitution failed:
[1.259s] [01m[K/home/matheuswagner/repos/adaptive-cubesat-adcs/cubesat-simulation/src/cubesat_controllers/src/controller_sd.cpp:116:60:[m[K [01;36m[Knote: [m[K  mismatched types ‘[01m[K_Yp*[m[K’ and ‘[01m[Kstd::shared_ptr<SmartData>[m[K’
[1.259s]              rclcpp::spin_some((rclcpp::Node::SharedPtr)(*it[01;36m[K)[m[K);
[1.259s]                                                             [01;36m[K^[m[K
[1.259s] In file included from [01m[K/usr/include/c++/7/memory:81:0[m[K,
[1.259s]                  from [01m[K/home/matheuswagner/ros2_dashing/ros2-linux/include/rclcpp/rclcpp.hpp:142[m[K,
[1.260s]                  from [01m[K/home/matheuswagner/repos/adaptive-cubesat-adcs/cubesat-simulation/src/cubesat_controllers/src/../../../include/transformerSmartdata.h:7[m[K,
[1.260s]                  from [01m[K/home/matheuswagner/repos/adaptive-cubesat-adcs/cubesat-simulation/src/cubesat_controllers/src/../../../include/responsiveSmartdata.h:5[m[K,
[1.260s]                  from [01m[K/home/matheuswagner/repos/adaptive-cubesat-adcs/cubesat-simulation/src/cubesat_controllers/src/controller_sd.cpp:1[m[K:
[1.260s] [01m[K/usr/include/c++/7/bits/shared_ptr.h:119:7:[m[K [01;36m[Knote: [m[Kcandidate: std::shared_ptr<_Tp>::shared_ptr(const std::shared_ptr<_Tp>&) [with _Tp = rclcpp::Node]
[1.260s]        [01;36m[Kshared_ptr[m[K(const shared_ptr&) noexcept = default;
[1.260s]        [01;36m[K^~~~~~~~~~[m[K
[1.260s] [01m[K/usr/include/c++/7/bits/shared_ptr.h:119:7:[m[K [01;36m[Knote: [m[K  no known conversion for argument 1 from ‘[01m[Kstd::shared_ptr<SmartData>[m[K’ to ‘[01m[Kconst std::shared_ptr<rclcpp::Node>&[m[K’
[1.260s] [01m[K/usr/include/c++/7/bits/shared_ptr.h:117:17:[m[K [01;36m[Knote: [m[Kcandidate: constexpr std::shared_ptr<_Tp>::shared_ptr() [with _Tp = rclcpp::Node]
[1.260s]        constexpr [01;36m[Kshared_ptr[m[K() noexcept : __shared_ptr<_Tp>() { }
[1.260s]                  [01;36m[K^~~~~~~~~~[m[K
[1.260s] [01m[K/usr/include/c++/7/bits/shared_ptr.h:117:17:[m[K [01;36m[Knote: [m[K  candidate expects 0 arguments, 1 provided
[1.260s] [01m[K/home/matheuswagner/repos/adaptive-cubesat-adcs/cubesat-simulation/src/cubesat_controllers/src/controller_sd.cpp:123:60:[m[K [01;31m[Kerror: [m[Kno matching function for call to ‘[01m[Kstd::shared_ptr<rclcpp::Node>::shared_ptr(std::shared_ptr<SmartData>&)[m[K’
[1.260s]              rclcpp::spin_some((rclcpp::Node::SharedPtr)(*it[01;31m[K)[m[K);
[1.260s]                                                             [01;31m[K^[m[K
[1.261s] In file included from [01m[K/usr/include/c++/7/memory:81:0[m[K,
[1.261s]                  from [01m[K/home/matheuswagner/ros2_dashing/ros2-linux/include/rclcpp/rclcpp.hpp:142[m[K,
[1.261s]                  from [01m[K/home/matheuswagner/repos/adaptive-cubesat-adcs/cubesat-simulation/src/cubesat_controllers/src/../../../include/transformerSmartdata.h:7[m[K,
[1.261s]                  from [01m[K/home/matheuswagner/repos/adaptive-cubesat-adcs/cubesat-simulation/src/cubesat_controllers/src/../../../include/responsiveSmartdata.h:5[m[K,
[1.261s]                  from [01m[K/home/matheuswagner/repos/adaptive-cubesat-adcs/cubesat-simulation/src/cubesat_controllers/src/controller_sd.cpp:1[m[K:
[1.261s] [01m[K/usr/include/c++/7/bits/shared_ptr.h:352:7:[m[K [01;36m[Knote: [m[Kcandidate: std::shared_ptr<_Tp>::shared_ptr(const std::weak_ptr<_Tp>&, std::nothrow_t) [with _Tp = rclcpp::Node]
[1.261s]        [01;36m[Kshared_ptr[m[K(const weak_ptr<_Tp>& __r, std::nothrow_t)
[1.261s]        [01;36m[K^~~~~~~~~~[m[K
[1.261s] [01m[K/usr/include/c++/7/bits/shared_ptr.h:352:7:[m[K [01;36m[Knote: [m[K  candidate expects 2 arguments, 1 provided
[1.261s] [01m[K/usr/include/c++/7/bits/shared_ptr.h:342:2:[m[K [01;36m[Knote: [m[Kcandidate: template<class _Alloc, class ... _Args> std::shared_ptr<_Tp>::shared_ptr(std::_Sp_make_shared_tag, const _Alloc&, _Args&& ...)
[1.261s]   [01;36m[Kshared_ptr[m[K(_Sp_make_shared_tag __tag, const _Alloc& __a,
[1.261s]   [01;36m[K^~~~~~~~~~[m[K
[1.261s] [01m[K/usr/include/c++/7/bits/shared_ptr.h:342:2:[m[K [01;36m[Knote: [m[K  template argument deduction/substitution failed:
[1.261s] [01m[K/home/matheuswagner/repos/adaptive-cubesat-adcs/cubesat-simulation/src/cubesat_controllers/src/controller_sd.cpp:123:60:[m[K [01;36m[Knote: [m[K  candidate expects at least 2 arguments, 1 provided
[1.261s]              rclcpp::spin_some((rclcpp::Node::SharedPtr)(*it[01;36m[K)[m[K);
[1.262s]                                                             [01;36m[K^[m[K
[1.262s] In file included from [01m[K/usr/include/c++/7/memory:81:0[m[K,
[1.262s]                  from [01m[K/home/matheuswagner/ros2_dashing/ros2-linux/include/rclcpp/rclcpp.hpp:142[m[K,
[1.262s]                  from [01m[K/home/matheuswagner/repos/adaptive-cubesat-adcs/cubesat-simulation/src/cubesat_controllers/src/../../../include/transformerSmartdata.h:7[m[K,
[1.262s]                  from [01m[K/home/matheuswagner/repos/adaptive-cubesat-adcs/cubesat-simulation/src/cubesat_controllers/src/../../../include/responsiveSmartdata.h:5[m[K,
[1.262s]                  from [01m[K/home/matheuswagner/repos/adaptive-cubesat-adcs/cubesat-simulation/src/cubesat_controllers/src/controller_sd.cpp:1[m[K:
[1.262s] [01m[K/usr/include/c++/7/bits/shared_ptr.h:294:17:[m[K [01;36m[Knote: [m[Kcandidate: constexpr std::shared_ptr<_Tp>::shared_ptr(std::nullptr_t) [with _Tp = rclcpp::Node; std::nullptr_t = std::nullptr_t]
[1.262s]        constexpr [01;36m[Kshared_ptr[m[K(nullptr_t) noexcept : shared_ptr() { }
[1.262s]                  [01;36m[K^~~~~~~~~~[m[K
[1.262s] [01m[K/usr/include/c++/7/bits/shared_ptr.h:294:17:[m[K [01;36m[Knote: [m[K  no known conversion for argument 1 from ‘[01m[Kstd::shared_ptr<SmartData>[m[K’ to ‘[01m[Kstd::nullptr_t[m[K’
[1.262s] [01m[K/usr/include/c++/7/bits/shared_ptr.h:286:2:[m[K [01;36m[Knote: [m[Kcandidate: template<class _Yp, class _Del, std::shared_ptr<rclcpp::Node>::_Constructible<std::unique_ptr<_Tp, _Dp>, std::__sp_array_delete>* <anonymous> > std::shared_ptr<_Tp>::shared_ptr(std::unique_ptr<_Up, _Ep>&&)
[1.262s]   [01;36m[Kshared_ptr[m[K(unique_ptr<_Yp, _Del>&& __r)
[1.262s]   [01;36m[K^~~~~~~~~~[m[K
[1.262s] [01m[K/usr/include/c++/7/bits/shared_ptr.h:286:2:[m[K [01;36m[Knote: [m[K  template argument deduction/substitution failed:
[1.262s] [01m[K/home/matheuswagner/repos/adaptive-cubesat-adcs/cubesat-simulation/src/cubesat_controllers/src/controller_sd.cpp:123:60:[m[K [01;36m[Knote: [m[K  ‘[01m[Kstd::shared_ptr<SmartData>[m[K’ is not derived from ‘[01m[Kstd::unique_ptr<_Tp, _Dp>[m[K’
[1.263s]              rclcpp::spin_some((rclcpp::Node::SharedPtr)(*it[01;36m[K)[m[K);
[1.263s]                                                             [01;36m[K^[m[K
[1.263s] In file included from [01m[K/usr/include/c++/7/memory:81:0[m[K,
[1.263s]                  from [01m[K/home/matheuswagner/ros2_dashing/ros2-linux/include/rclcpp/rclcpp.hpp:142[m[K,
[1.263s]                  from [01m[K/home/matheuswagner/repos/adaptive-cubesat-adcs/cubesat-simulation/src/cubesat_controllers/src/../../../include/transformerSmartdata.h:7[m[K,
[1.263s]                  from [01m[K/home/matheuswagner/repos/adaptive-cubesat-adcs/cubesat-simulation/src/cubesat_controllers/src/../../../include/responsiveSmartdata.h:5[m[K,
[1.263s]                  from [01m[K/home/matheuswagner/repos/adaptive-cubesat-adcs/cubesat-simulation/src/cubesat_controllers/src/controller_sd.cpp:1[m[K:
[1.263s] [01m[K/usr/include/c++/7/bits/shared_ptr.h:277:2:[m[K [01;36m[Knote: [m[Kcandidate: template<class _Yp, class _Del, class> std::shared_ptr<_Tp>::shared_ptr(std::unique_ptr<_Up, _Ep>&&)
[1.263s]   [01;36m[Kshared_ptr[m[K(unique_ptr<_Yp, _Del>&& __r)
[1.263s]   [01;36m[K^~~~~~~~~~[m[K
[1.263s] [01m[K/usr/include/c++/7/bits/shared_ptr.h:277:2:[m[K [01;36m[Knote: [m[K  template argument deduction/substitution failed:
[1.263s] [01m[K/home/matheuswagner/repos/adaptive-cubesat-adcs/cubesat-simulation/src/cubesat_controllers/src/controller_sd.cpp:123:60:[m[K [01;36m[Knote: [m[K  ‘[01m[Kstd::shared_ptr<SmartData>[m[K’ is not derived from ‘[01m[Kstd::unique_ptr<_Tp, _Dp>[m[K’
[1.263s]              rclcpp::spin_some((rclcpp::Node::SharedPtr)(*it[01;36m[K)[m[K);
[1.263s]                                                             [01;36m[K^[m[K
[1.263s] In file included from [01m[K/usr/include/c++/7/memory:81:0[m[K,
[1.264s]                  from [01m[K/home/matheuswagner/ros2_dashing/ros2-linux/include/rclcpp/rclcpp.hpp:142[m[K,
[1.264s]                  from [01m[K/home/matheuswagner/repos/adaptive-cubesat-adcs/cubesat-simulation/src/cubesat_controllers/src/../../../include/transformerSmartdata.h:7[m[K,
[1.264s]                  from [01m[K/home/matheuswagner/repos/adaptive-cubesat-adcs/cubesat-simulation/src/cubesat_controllers/src/../../../include/responsiveSmartdata.h:5[m[K,
[1.264s]                  from [01m[K/home/matheuswagner/repos/adaptive-cubesat-adcs/cubesat-simulation/src/cubesat_controllers/src/controller_sd.cpp:1[m[K:
[1.264s] [01m[K/usr/include/c++/7/bits/shared_ptr.h:270:2:[m[K [01;36m[Knote: [m[Kcandidate: template<class _Yp, class> std::shared_ptr<_Tp>::shared_ptr(std::auto_ptr<_Up>&&)
[1.264s]   [01;36m[Kshared_ptr[m[K(auto_ptr<_Yp>&& __r);
[1.264s]   [01;36m[K^~~~~~~~~~[m[K
[1.264s] [01m[K/usr/include/c++/7/bits/shared_ptr.h:270:2:[m[K [01;36m[Knote: [m[K  template argument deduction/substitution failed:
[1.264s] [01m[K/home/matheuswagner/repos/adaptive-cubesat-adcs/cubesat-simulation/src/cubesat_controllers/src/controller_sd.cpp:123:60:[m[K [01;36m[Knote: [m[K  ‘[01m[Kstd::shared_ptr<SmartData>[m[K’ is not derived from ‘[01m[Kstd::auto_ptr<_Up>[m[K’
[1.264s]              rclcpp::spin_some((rclcpp::Node::SharedPtr)(*it[01;36m[K)[m[K);
[1.264s]                                                             [01;36m[K^[m[K
[1.264s] In file included from [01m[K/usr/include/c++/7/memory:81:0[m[K,
[1.264s]                  from [01m[K/home/matheuswagner/ros2_dashing/ros2-linux/include/rclcpp/rclcpp.hpp:142[m[K,
[1.264s]                  from [01m[K/home/matheuswagner/repos/adaptive-cubesat-adcs/cubesat-simulation/src/cubesat_controllers/src/../../../include/transformerSmartdata.h:7[m[K,
[1.264s]                  from [01m[K/home/matheuswagner/repos/adaptive-cubesat-adcs/cubesat-simulation/src/cubesat_controllers/src/../../../include/responsiveSmartdata.h:5[m[K,
[1.265s]                  from [01m[K/home/matheuswagner/repos/adaptive-cubesat-adcs/cubesat-simulation/src/cubesat_controllers/src/controller_sd.cpp:1[m[K:
[1.265s] [01m[K/usr/include/c++/7/bits/shared_ptr.h:265:11:[m[K [01;36m[Knote: [m[Kcandidate: template<class _Yp, class> std::shared_ptr<_Tp>::shared_ptr(const std::weak_ptr<_Yp>&)
[1.265s]   explicit [01;36m[Kshared_ptr[m[K(const weak_ptr<_Yp>& __r)
[1.265s]            [01;36m[K^~~~~~~~~~[m[K
[1.265s] [01m[K/usr/include/c++/7/bits/shared_ptr.h:265:11:[m[K [01;36m[Knote: [m[K  template argument deduction/substitution failed:
[1.265s] [01m[K/home/matheuswagner/repos/adaptive-cubesat-adcs/cubesat-simulation/src/cubesat_controllers/src/controller_sd.cpp:123:60:[m[K [01;36m[Knote: [m[K  ‘[01m[Kstd::shared_ptr<SmartData>[m[K’ is not derived from ‘[01m[Kconst std::weak_ptr<_Tp>[m[K’
[1.265s]              rclcpp::spin_some((rclcpp::Node::SharedPtr)(*it[01;36m[K)[m[K);
[1.265s]                                                             [01;36m[K^[m[K
[1.265s] In file included from [01m[K/usr/include/c++/7/memory:81:0[m[K,
[1.265s]                  from [01m[K/home/matheuswagner/ros2_dashing/ros2-linux/include/rclcpp/rclcpp.hpp:142[m[K,
[1.265s]                  from [01m[K/home/matheuswagner/repos/adaptive-cubesat-adcs/cubesat-simulation/src/cubesat_controllers/src/../../../include/transformerSmartdata.h:7[m[K,
[1.265s]                  from [01m[K/home/matheuswagner/repos/adaptive-cubesat-adcs/cubesat-simulation/src/cubesat_controllers/src/../../../include/responsiveSmartdata.h:5[m[K,
[1.265s]                  from [01m[K/home/matheuswagner/repos/adaptive-cubesat-adcs/cubesat-simulation/src/cubesat_controllers/src/controller_sd.cpp:1[m[K:
[1.266s] [01m[K/usr/include/c++/7/bits/shared_ptr.h:253:2:[m[K [01;36m[Knote: [m[Kcandidate: template<class _Yp, class> std::shared_ptr<_Tp>::shared_ptr(std::shared_ptr<_Yp>&&)
[1.266s]   [01;36m[Kshared_ptr[m[K(shared_ptr<_Yp>&& __r) noexcept
[1.266s]   [01;36m[K^~~~~~~~~~[m[K
[1.266s] [01m[K/usr/include/c++/7/bits/shared_ptr.h:253:2:[m[K [01;36m[Knote: [m[K  template argument deduction/substitution failed:
[1.266s] [01m[K/usr/include/c++/7/bits/shared_ptr.h:244:7:[m[K [01;36m[Knote: [m[Kcandidate: std::shared_ptr<_Tp>::shared_ptr(std::shared_ptr<_Tp>&&) [with _Tp = rclcpp::Node]
[1.266s]        [01;36m[Kshared_ptr[m[K(shared_ptr&& __r) noexcept
[1.266s]        [01;36m[K^~~~~~~~~~[m[K
[1.266s] [01m[K/usr/include/c++/7/bits/shared_ptr.h:244:7:[m[K [01;36m[Knote: [m[K  no known conversion for argument 1 from ‘[01m[Kstd::shared_ptr<SmartData>[m[K’ to ‘[01m[Kstd::shared_ptr<rclcpp::Node>&&[m[K’
[1.266s] [01m[K/usr/include/c++/7/bits/shared_ptr.h:236:2:[m[K [01;36m[Knote: [m[Kcandidate: template<class _Yp, class> std::shared_ptr<_Tp>::shared_ptr(const std::shared_ptr<_Yp>&)
[1.266s]   [01;36m[Kshared_ptr[m[K(const shared_ptr<_Yp>& __r) noexcept
[1.267s]   [01;36m[K^~~~~~~~~~[m[K
[1.267s] [01m[K/usr/include/c++/7/bits/shared_ptr.h:236:2:[m[K [01;36m[Knote: [m[K  template argument deduction/substitution failed:
[1.267s] [01m[K/usr/include/c++/7/bits/shared_ptr.h:224:2:[m[K [01;36m[Knote: [m[Kcandidate: template<class _Yp> std::shared_ptr<_Tp>::shared_ptr(const std::shared_ptr<_Yp>&, std::shared_ptr<_Tp>::element_type*)
[1.267s]   [01;36m[Kshared_ptr[m[K(const shared_ptr<_Yp>& __r, element_type* __p) noexcept
[1.267s]   [01;36m[K^~~~~~~~~~[m[K
[1.267s] [01m[K/usr/include/c++/7/bits/shared_ptr.h:224:2:[m[K [01;36m[Knote: [m[K  template argument deduction/substitution failed:
[1.267s] [01m[K/home/matheuswagner/repos/adaptive-cubesat-adcs/cubesat-simulation/src/cubesat_controllers/src/controller_sd.cpp:123:60:[m[K [01;36m[Knote: [m[K  candidate expects 2 arguments, 1 provided
[1.267s]              rclcpp::spin_some((rclcpp::Node::SharedPtr)(*it[01;36m[K)[m[K);
[1.267s]                                                             [01;36m[K^[m[K
[1.267s] In file included from [01m[K/usr/include/c++/7/memory:81:0[m[K,
[1.268s]                  from [01m[K/home/matheuswagner/ros2_dashing/ros2-linux/include/rclcpp/rclcpp.hpp:142[m[K,
[1.268s]                  from [01m[K/home/matheuswagner/repos/adaptive-cubesat-adcs/cubesat-simulation/src/cubesat_controllers/src/../../../include/transformerSmartdata.h:7[m[K,
[1.268s]                  from [01m[K/home/matheuswagner/repos/adaptive-cubesat-adcs/cubesat-simulation/src/cubesat_controllers/src/../../../include/responsiveSmartdata.h:5[m[K,
[1.268s]                  from [01m[K/home/matheuswagner/repos/adaptive-cubesat-adcs/cubesat-simulation/src/cubesat_controllers/src/controller_sd.cpp:1[m[K:
[1.268s] [01m[K/usr/include/c++/7/bits/shared_ptr.h:202:2:[m[K [01;36m[Knote: [m[Kcandidate: template<class _Deleter, class _Alloc> std::shared_ptr<_Tp>::shared_ptr(std::nullptr_t, _Deleter, _Alloc)
[1.268s]   [01;36m[Kshared_ptr[m[K(nullptr_t __p, _Deleter __d, _Alloc __a)
[1.268s]   [01;36m[K^~~~~~~~~~[m[K
[1.268s] [01m[K/usr/include/c++/7/bits/shared_ptr.h:202:2:[m[K [01;36m[Knote: [m[K  template argument deduction/substitution failed:
[1.268s] [01m[K/home/matheuswagner/repos/adaptive-cubesat-adcs/cubesat-simulation/src/cubesat_controllers/src/controller_sd.cpp:123:60:[m[K [01;36m[Knote: [m[K  candidate expects 3 arguments, 1 provided
[1.268s]              rclcpp::spin_some((rclcpp::Node::SharedPtr)(*it[01;36m[K)[m[K);
[1.268s]                                                             [01;36m[K^[m[K
[1.268s] In file included from [01m[K/usr/include/c++/7/memory:81:0[m[K,
[1.268s]                  from [01m[K/home/matheuswagner/ros2_dashing/ros2-linux/include/rclcpp/rclcpp.hpp:142[m[K,
[1.268s]                  from [01m[K/home/matheuswagner/repos/adaptive-cubesat-adcs/cubesat-simulation/src/cubesat_controllers/src/../../../include/transformerSmartdata.h:7[m[K,
[1.268s]                  from [01m[K/home/matheuswagner/repos/adaptive-cubesat-adcs/cubesat-simulation/src/cubesat_controllers/src/../../../include/responsiveSmartdata.h:5[m[K,
[1.269s]                  from [01m[K/home/matheuswagner/repos/adaptive-cubesat-adcs/cubesat-simulation/src/cubesat_controllers/src/controller_sd.cpp:1[m[K:
[1.269s] [01m[K/usr/include/c++/7/bits/shared_ptr.h:183:2:[m[K [01;36m[Knote: [m[Kcandidate: template<class _Yp, class _Deleter, class _Alloc, class> std::shared_ptr<_Tp>::shared_ptr(_Yp*, _Deleter, _Alloc)
[1.269s]   [01;36m[Kshared_ptr[m[K(_Yp* __p, _Deleter __d, _Alloc __a)
[1.269s]   [01;36m[K^~~~~~~~~~[m[K
[1.269s] [01m[K/usr/include/c++/7/bits/shared_ptr.h:183:2:[m[K [01;36m[Knote: [m[K  template argument deduction/substitution failed:
[1.269s] [01m[K/home/matheuswagner/repos/adaptive-cubesat-adcs/cubesat-simulation/src/cubesat_controllers/src/controller_sd.cpp:123:60:[m[K [01;36m[Knote: [m[K  mismatched types ‘[01m[K_Yp*[m[K’ and ‘[01m[Kstd::shared_ptr<SmartData>[m[K’
[1.269s]              rclcpp::spin_some((rclcpp::Node::SharedPtr)(*it[01;36m[K)[m[K);
[1.269s]                                                             [01;36m[K^[m[K
[1.269s] In file included from [01m[K/usr/include/c++/7/memory:81:0[m[K,
[1.269s]                  from [01m[K/home/matheuswagner/ros2_dashing/ros2-linux/include/rclcpp/rclcpp.hpp:142[m[K,
[1.269s]                  from [01m[K/home/matheuswagner/repos/adaptive-cubesat-adcs/cubesat-simulation/src/cubesat_controllers/src/../../../include/transformerSmartdata.h:7[m[K,
[1.269s]                  from [01m[K/home/matheuswagner/repos/adaptive-cubesat-adcs/cubesat-simulation/src/cubesat_controllers/src/../../../include/responsiveSmartdata.h:5[m[K,
[1.269s]                  from [01m[K/home/matheuswagner/repos/adaptive-cubesat-adcs/cubesat-simulation/src/cubesat_controllers/src/controller_sd.cpp:1[m[K:
[1.269s] [01m[K/usr/include/c++/7/bits/shared_ptr.h:163:2:[m[K [01;36m[Knote: [m[Kcandidate: template<class _Deleter> std::shared_ptr<_Tp>::shared_ptr(std::nullptr_t, _Deleter)
[1.270s]   [01;36m[Kshared_ptr[m[K(nullptr_t __p, _Deleter __d)
[1.270s]   [01;36m[K^~~~~~~~~~[m[K
[1.270s] [01m[K/usr/include/c++/7/bits/shared_ptr.h:163:2:[m[K [01;36m[Knote: [m[K  template argument deduction/substitution failed:
[1.270s] [01m[K/home/matheuswagner/repos/adaptive-cubesat-adcs/cubesat-simulation/src/cubesat_controllers/src/controller_sd.cpp:123:60:[m[K [01;36m[Knote: [m[K  candidate expects 2 arguments, 1 provided
[1.270s]              rclcpp::spin_some((rclcpp::Node::SharedPtr)(*it[01;36m[K)[m[K);
[1.270s]                                                             [01;36m[K^[m[K
[1.270s] In file included from [01m[K/usr/include/c++/7/memory:81:0[m[K,
[1.270s]                  from [01m[K/home/matheuswagner/ros2_dashing/ros2-linux/include/rclcpp/rclcpp.hpp:142[m[K,
[1.270s]                  from [01m[K/home/matheuswagner/repos/adaptive-cubesat-adcs/cubesat-simulation/src/cubesat_controllers/src/../../../include/transformerSmartdata.h:7[m[K,
[1.270s]                  from [01m[K/home/matheuswagner/repos/adaptive-cubesat-adcs/cubesat-simulation/src/cubesat_controllers/src/../../../include/responsiveSmartdata.h:5[m[K,
[1.270s]                  from [01m[K/home/matheuswagner/repos/adaptive-cubesat-adcs/cubesat-simulation/src/cubesat_controllers/src/controller_sd.cpp:1[m[K:
[1.270s] [01m[K/usr/include/c++/7/bits/shared_ptr.h:146:2:[m[K [01;36m[Knote: [m[Kcandidate: template<class _Yp, class _Deleter, class> std::shared_ptr<_Tp>::shared_ptr(_Yp*, _Deleter)
[1.270s]   [01;36m[Kshared_ptr[m[K(_Yp* __p, _Deleter __d)
[1.270s]   [01;36m[K^~~~~~~~~~[m[K
[1.270s] [01m[K/usr/include/c++/7/bits/shared_ptr.h:146:2:[m[K [01;36m[Knote: [m[K  template argument deduction/substitution failed:
[1.271s] [01m[K/home/matheuswagner/repos/adaptive-cubesat-adcs/cubesat-simulation/src/cubesat_controllers/src/controller_sd.cpp:123:60:[m[K [01;36m[Knote: [m[K  mismatched types ‘[01m[K_Yp*[m[K’ and ‘[01m[Kstd::shared_ptr<SmartData>[m[K’
[1.271s]              rclcpp::spin_some((rclcpp::Node::SharedPtr)(*it[01;36m[K)[m[K);
[1.271s]                                                             [01;36m[K^[m[K
[1.271s] In file included from [01m[K/usr/include/c++/7/memory:81:0[m[K,
[1.271s]                  from [01m[K/home/matheuswagner/ros2_dashing/ros2-linux/include/rclcpp/rclcpp.hpp:142[m[K,
[1.271s]                  from [01m[K/home/matheuswagner/repos/adaptive-cubesat-adcs/cubesat-simulation/src/cubesat_controllers/src/../../../include/transformerSmartdata.h:7[m[K,
[1.271s]                  from [01m[K/home/matheuswagner/repos/adaptive-cubesat-adcs/cubesat-simulation/src/cubesat_controllers/src/../../../include/responsiveSmartdata.h:5[m[K,
[1.271s]                  from [01m[K/home/matheuswagner/repos/adaptive-cubesat-adcs/cubesat-simulation/src/cubesat_controllers/src/controller_sd.cpp:1[m[K:
[1.271s] [01m[K/usr/include/c++/7/bits/shared_ptr.h:129:2:[m[K [01;36m[Knote: [m[Kcandidate: template<class _Yp, class> std::shared_ptr<_Tp>::shared_ptr(_Yp*)
[1.271s]   [01;36m[Kshared_ptr[m[K(_Yp* __p) : __shared_ptr<_Tp>(__p) { }
[1.271s]   [01;36m[K^~~~~~~~~~[m[K
[1.271s] [01m[K/usr/include/c++/7/bits/shared_ptr.h:129:2:[m[K [01;36m[Knote: [m[K  template argument deduction/substitution failed:
[1.271s] [01m[K/home/matheuswagner/repos/adaptive-cubesat-adcs/cubesat-simulation/src/cubesat_controllers/src/controller_sd.cpp:123:60:[m[K [01;36m[Knote: [m[K  mismatched types ‘[01m[K_Yp*[m[K’ and ‘[01m[Kstd::shared_ptr<SmartData>[m[K’
[1.271s]              rclcpp::spin_some((rclcpp::Node::SharedPtr)(*it[01;36m[K)[m[K);
[1.272s]                                                             [01;36m[K^[m[K
[1.272s] In file included from [01m[K/usr/include/c++/7/memory:81:0[m[K,
[1.272s]                  from [01m[K/home/matheuswagner/ros2_dashing/ros2-linux/include/rclcpp/rclcpp.hpp:142[m[K,
[1.272s]                  from [01m[K/home/matheuswagner/repos/adaptive-cubesat-adcs/cubesat-simulation/src/cubesat_controllers/src/../../../include/transformerSmartdata.h:7[m[K,
[1.272s]                  from [01m[K/home/matheuswagner/repos/adaptive-cubesat-adcs/cubesat-simulation/src/cubesat_controllers/src/../../../include/responsiveSmartdata.h:5[m[K,
[1.272s]                  from [01m[K/home/matheuswagner/repos/adaptive-cubesat-adcs/cubesat-simulation/src/cubesat_controllers/src/controller_sd.cpp:1[m[K:
[1.272s] [01m[K/usr/include/c++/7/bits/shared_ptr.h:119:7:[m[K [01;36m[Knote: [m[Kcandidate: std::shared_ptr<_Tp>::shared_ptr(const std::shared_ptr<_Tp>&) [with _Tp = rclcpp::Node]
[1.272s]        [01;36m[Kshared_ptr[m[K(const shared_ptr&) noexcept = default;
[1.272s]        [01;36m[K^~~~~~~~~~[m[K
[1.272s] [01m[K/usr/include/c++/7/bits/shared_ptr.h:119:7:[m[K [01;36m[Knote: [m[K  no known conversion for argument 1 from ‘[01m[Kstd::shared_ptr<SmartData>[m[K’ to ‘[01m[Kconst std::shared_ptr<rclcpp::Node>&[m[K’
[1.272s] [01m[K/usr/include/c++/7/bits/shared_ptr.h:117:17:[m[K [01;36m[Knote: [m[Kcandidate: constexpr std::shared_ptr<_Tp>::shared_ptr() [with _Tp = rclcpp::Node]
[1.272s]        constexpr [01;36m[Kshared_ptr[m[K() noexcept : __shared_ptr<_Tp>() { }
[1.272s]                  [01;36m[K^~~~~~~~~~[m[K
[1.272s] [01m[K/usr/include/c++/7/bits/shared_ptr.h:117:17:[m[K [01;36m[Knote: [m[K  candidate expects 0 arguments, 1 provided
[1.473s] /home/matheuswagner/repos/adaptive-cubesat-adcs/cubesat-simulation/src/cubesat_controllers/src/controller_sd.cpp: In instantiation of ‘[01m[KDummy_Transducer<UNIT, Value>::Dummy_Transducer(SmartData*) [with long unsigned int UNIT = 1; Value = float][m[K’:
[1.473s] [01m[K/home/matheuswagner/repos/adaptive-cubesat-adcs/cubesat-simulation/src/cubesat_controllers/src/../../../include/remoteSmartdata.h:42:32:[m[K   required from ‘[01m[KRemoteSmartData<Transducer, Value>::RemoteSmartData(Region*, int, int, std::__cxx11::string, Coordinates*, std::__cxx11::string, std::__cxx11::string) [with Transducer = Dummy_Transducer<1, float>; Value = float; std::__cxx11::string = std::__cxx11::basic_string<char>][m[K’
[1.473s] [01m[K/usr/include/c++/7/ext/new_allocator.h:136:4:[m[K   required from ‘[01m[Kvoid __gnu_cxx::new_allocator<_Tp>::construct(_Up*, _Args&& ...) [with _Up = RemoteSmartData<Dummy_Transducer<1, float>, float>; _Args = {Region*, int, int, const char (&)[17], Coordinates*, const char (&)[34], const char (&)[7]}; _Tp = RemoteSmartData<Dummy_Transducer<1, float>, float>][m[K’
[1.473s] [01m[K/usr/include/c++/7/bits/alloc_traits.h:475:4:[m[K   required from ‘[01m[Kstatic void std::allocator_traits<std::allocator<_Tp1> >::construct(std::allocator_traits<std::allocator<_Tp1> >::allocator_type&, _Up*, _Args&& ...) [with _Up = RemoteSmartData<Dummy_Transducer<1, float>, float>; _Args = {Region*, int, int, const char (&)[17], Coordinates*, const char (&)[34], const char (&)[7]}; _Tp = RemoteSmartData<Dummy_Transducer<1, float>, float>; std::allocator_traits<std::allocator<_Tp1> >::allocator_type = std::allocator<RemoteSmartData<Dummy_Transducer<1, float>, float> >][m[K’
[1.473s] [01m[K/usr/include/c++/7/bits/shared_ptr_base.h:526:39:[m[K   required from ‘[01m[Kstd::_Sp_counted_ptr_inplace<_Tp, _Alloc, _Lp>::_Sp_counted_ptr_inplace(_Alloc, _Args&& ...) [with _Args = {Region*, int, int, const char (&)[17], Coordinates*, const char (&)[34], const char (&)[7]}; _Tp = RemoteSmartData<Dummy_Transducer<1, float>, float>; _Alloc = std::allocator<RemoteSmartData<Dummy_Transducer<1, float>, float> >; __gnu_cxx::_Lock_policy _Lp = (__gnu_cxx::_Lock_policy)2][m[K’
[1.473s] [01m[K/usr/include/c++/7/bits/shared_ptr_base.h:637:4:[m[K   required from ‘[01m[Kstd::__shared_count<_Lp>::__shared_count(std::_Sp_make_shared_tag, _Tp*, const _Alloc&, _Args&& ...) [with _Tp = RemoteSmartData<Dummy_Transducer<1, float>, float>; _Alloc = std::allocator<RemoteSmartData<Dummy_Transducer<1, float>, float> >; _Args = {Region*, int, int, const char (&)[17], Coordinates*, const char (&)[34], const char (&)[7]}; __gnu_cxx::_Lock_policy _Lp = (__gnu_cxx::_Lock_policy)2][m[K’
[1.473s] [01m[K/usr/include/c++/7/bits/shared_ptr_base.h:1295:35:[m[K   required from ‘[01m[Kstd::__shared_ptr<_Tp, _Lp>::__shared_ptr(std::_Sp_make_shared_tag, const _Alloc&, _Args&& ...) [with _Alloc = std::allocator<RemoteSmartData<Dummy_Transducer<1, float>, float> >; _Args = {Region*, int, int, const char (&)[17], Coordinates*, const char (&)[34], const char (&)[7]}; _Tp = RemoteSmartData<Dummy_Transducer<1, float>, float>; __gnu_cxx::_Lock_policy _Lp = (__gnu_cxx::_Lock_policy)2][m[K’
[1.473s] [01m[K/usr/include/c++/7/bits/shared_ptr.h:344:64:[m[K   required from ‘[01m[Kstd::shared_ptr<_Tp>::shared_ptr(std::_Sp_make_shared_tag, const _Alloc&, _Args&& ...) [with _Alloc = std::allocator<RemoteSmartData<Dummy_Transducer<1, float>, float> >; _Args = {Region*, int, int, const char (&)[17], Coordinates*, const char (&)[34], const char (&)[7]}; _Tp = RemoteSmartData<Dummy_Transducer<1, float>, float>][m[K’
[1.474s] [01m[K/usr/include/c++/7/bits/shared_ptr.h:690:14:[m[K   required from ‘[01m[Kstd::shared_ptr<_Tp> std::allocate_shared(const _Alloc&, _Args&& ...) [with _Tp = RemoteSmartData<Dummy_Transducer<1, float>, float>; _Alloc = std::allocator<RemoteSmartData<Dummy_Transducer<1, float>, float> >; _Args = {Region*, int, int, const char (&)[17], Coordinates*, const char (&)[34], const char (&)[7]}][m[K’
[1.474s] [01m[K/usr/include/c++/7/bits/shared_ptr.h:706:39:[m[K   required from ‘[01m[Kstd::shared_ptr<_Tp> std::make_shared(_Args&& ...) [with _Tp = RemoteSmartData<Dummy_Transducer<1, float>, float>; _Args = {Region*, int, int, const char (&)[17], Coordinates*, const char (&)[34], const char (&)[7]}][m[K’
[1.474s] [01m[K/home/matheuswagner/repos/adaptive-cubesat-adcs/cubesat-simulation/src/cubesat_controllers/src/controller_sd.cpp:66:215:[m[K   required from here
[1.474s] [01m[K/home/matheuswagner/repos/adaptive-cubesat-adcs/cubesat-simulation/src/cubesat_controllers/src/controller_sd.cpp:18:36:[m[K [01;31m[Kerror: [m[Kno matching function for call to ‘[01m[KTransducer<1, float>::Transducer()[m[K’
[1.474s]      Dummy_Transducer(SmartData* sd)[01;31m[K{[m[K}
[1.474s]                                     [01;31m[K^[m[K
[1.474s] In file included from [01m[K/home/matheuswagner/repos/adaptive-cubesat-adcs/cubesat-simulation/src/cubesat_controllers/src/controller_sd.cpp:4:0[m[K:
[1.474s] [01m[K/home/matheuswagner/repos/adaptive-cubesat-adcs/cubesat-simulation/src/cubesat_controllers/src/../../../include/transducer.h:13:9:[m[K [01;36m[Knote: [m[Kcandidate: Transducer<_UNIT, Value>::Transducer(SmartData*) [with long unsigned int _UNIT = 1; Value = float]
[1.474s]          [01;36m[KTransducer[m[K(SmartData* sd){}
[1.474s]          [01;36m[K^~~~~~~~~~[m[K
[1.474s] [01m[K/home/matheuswagner/repos/adaptive-cubesat-adcs/cubesat-simulation/src/cubesat_controllers/src/../../../include/transducer.h:13:9:[m[K [01;36m[Knote: [m[K  candidate expects 1 argument, 0 provided
[1.474s] [01m[K/home/matheuswagner/repos/adaptive-cubesat-adcs/cubesat-simulation/src/cubesat_controllers/src/../../../include/transducer.h:6:7:[m[K [01;36m[Knote: [m[Kcandidate: constexpr Transducer<1, float>::Transducer(const Transducer<1, float>&)
[1.474s]  class [01;36m[KTransducer[m[K
[1.474s]        [01;36m[K^~~~~~~~~~[m[K
[1.475s] [01m[K/home/matheuswagner/repos/adaptive-cubesat-adcs/cubesat-simulation/src/cubesat_controllers/src/../../../include/transducer.h:6:7:[m[K [01;36m[Knote: [m[K  candidate expects 1 argument, 0 provided
[1.475s] [01m[K/home/matheuswagner/repos/adaptive-cubesat-adcs/cubesat-simulation/src/cubesat_controllers/src/controller_sd.cpp:18:33:[m[K [01;35m[Kwarning: [m[Kunused parameter ‘[01m[Ksd[m[K’ [[01;35m[K-Wunused-parameter[m[K]
[1.475s]      Dummy_Transducer(SmartData* [01;35m[Ksd[m[K){}
[1.475s]                                  [01;35m[K^~[m[K
[2.057s] In file included from [01m[K/home/matheuswagner/repos/adaptive-cubesat-adcs/cubesat-simulation/src/cubesat_controllers/src/controller_sd.cpp:4:0[m[K:
[2.057s] /home/matheuswagner/repos/adaptive-cubesat-adcs/cubesat-simulation/src/cubesat_controllers/src/../../../include/transducer.h: In instantiation of ‘[01m[Kvoid Transducer<_UNIT, Value>::actuate(const Value&) [with long unsigned int _UNIT = 1; Value = float][m[K’:
[2.057s] [01m[K/home/matheuswagner/repos/adaptive-cubesat-adcs/cubesat-simulation/src/cubesat_controllers/src/controller_sd.cpp:130:1:[m[K   required from here
[2.057s] [01m[K/home/matheuswagner/repos/adaptive-cubesat-adcs/cubesat-simulation/src/cubesat_controllers/src/../../../include/transducer.h:18:43:[m[K [01;35m[Kwarning: [m[Kunused parameter ‘[01m[Kvalue[m[K’ [[01;35m[K-Wunused-parameter[m[K]
[2.057s]          virtual void actuate(const Value &[01;35m[Kvalue[m[K){}
[2.058s]                                            [01;35m[K^~~~~[m[K
[2.231s] CMakeFiles/controller_sd.dir/build.make:81: recipe for target 'CMakeFiles/controller_sd.dir/src/controller_sd.cpp.o' failed
[2.232s] make[2]: *** [CMakeFiles/controller_sd.dir/src/controller_sd.cpp.o] Error 1
[2.232s] CMakeFiles/Makefile2:95: recipe for target 'CMakeFiles/controller_sd.dir/all' failed
[2.232s] make[1]: *** [CMakeFiles/controller_sd.dir/all] Error 2
[2.232s] Makefile:159: recipe for target 'all' failed
[2.232s] make: *** [all] Error 2
[2.233s] Invoked command in '/home/matheuswagner/repos/adaptive-cubesat-adcs/cubesat-simulation/build/cubesat_controllers' returned '2': CMAKE_PREFIX_PATH=${CMAKE_PREFIX_PATH}:/home/matheuswagner/repos/adaptive-cubesat-adcs/cubesat-simulation/install/cubesat_description:/opt/ros/dashing /usr/local/bin/cmake --build /home/matheuswagner/repos/adaptive-cubesat-adcs/cubesat-simulation/build/cubesat_controllers -- -j8 -l8
