[0.551s] Invoking command in '/home/matheuswagner/repos/adaptive-cubesat-adcs/cubesat-simulation/build/cubesat_gazebo': CMAKE_PREFIX_PATH=${CMAKE_PREFIX_PATH}:/home/matheuswagner/repos/adaptive-cubesat-adcs/cubesat-simulation/install/cubesat_description:/opt/ros/dashing /usr/bin/cmake --build /home/matheuswagner/repos/adaptive-cubesat-adcs/cubesat-simulation/build/cubesat_gazebo -- -j8 -l8
[0.630s] Invoked command in '/home/matheuswagner/repos/adaptive-cubesat-adcs/cubesat-simulation/build/cubesat_gazebo' returned '0': CMAKE_PREFIX_PATH=${CMAKE_PREFIX_PATH}:/home/matheuswagner/repos/adaptive-cubesat-adcs/cubesat-simulation/install/cubesat_description:/opt/ros/dashing /usr/bin/cmake --build /home/matheuswagner/repos/adaptive-cubesat-adcs/cubesat-simulation/build/cubesat_gazebo -- -j8 -l8
[0.691s] Invoking command in '/home/matheuswagner/repos/adaptive-cubesat-adcs/cubesat-simulation/build/cubesat_gazebo': CMAKE_PREFIX_PATH=${CMAKE_PREFIX_PATH}:/home/matheuswagner/repos/adaptive-cubesat-adcs/cubesat-simulation/install/cubesat_description:/opt/ros/dashing /usr/bin/cmake --build /home/matheuswagner/repos/adaptive-cubesat-adcs/cubesat-simulation/build/cubesat_gazebo --target install -- -j8 -l8
[0.779s] [36mInstall the project...[0m
[0.796s] -- Install configuration: ""
[0.797s] -- Execute custom install script
[0.798s] -- Up-to-date symlink: /home/matheuswagner/repos/adaptive-cubesat-adcs/cubesat-simulation/install/cubesat_gazebo/share/cubesat_gazebo//launch/cubesat.launch.py
[0.798s] -- Up-to-date symlink: /home/matheuswagner/repos/adaptive-cubesat-adcs/cubesat-simulation/install/cubesat_gazebo/share/cubesat_gazebo//launch/world.launch.py
[0.799s] -- Up-to-date symlink: /home/matheuswagner/repos/adaptive-cubesat-adcs/cubesat-simulation/install/cubesat_gazebo/share/cubesat_gazebo//worlds/cubesat.world
[0.800s] -- Up-to-date symlink: /home/matheuswagner/repos/adaptive-cubesat-adcs/cubesat-simulation/install/cubesat_gazebo/share/ament_index/resource_index/package_run_dependencies/cubesat_gazebo
[0.801s] -- Up-to-date symlink: /home/matheuswagner/repos/adaptive-cubesat-adcs/cubesat-simulation/install/cubesat_gazebo/share/ament_index/resource_index/parent_prefix_path/cubesat_gazebo
[0.801s] -- Up-to-date symlink: /home/matheuswagner/repos/adaptive-cubesat-adcs/cubesat-simulation/install/cubesat_gazebo/share/cubesat_gazebo/environment/ament_prefix_path.sh
[0.801s] -- Up-to-date symlink: /home/matheuswagner/repos/adaptive-cubesat-adcs/cubesat-simulation/install/cubesat_gazebo/share/cubesat_gazebo/environment/path.sh
[0.802s] -- Up-to-date symlink: /home/matheuswagner/repos/adaptive-cubesat-adcs/cubesat-simulation/install/cubesat_gazebo/share/cubesat_gazebo/local_setup.bash
[0.802s] -- Up-to-date symlink: /home/matheuswagner/repos/adaptive-cubesat-adcs/cubesat-simulation/install/cubesat_gazebo/share/cubesat_gazebo/local_setup.sh
[0.803s] -- Up-to-date symlink: /home/matheuswagner/repos/adaptive-cubesat-adcs/cubesat-simulation/install/cubesat_gazebo/share/cubesat_gazebo/local_setup.zsh
[0.803s] -- Up-to-date symlink: /home/matheuswagner/repos/adaptive-cubesat-adcs/cubesat-simulation/install/cubesat_gazebo/share/ament_index/resource_index/packages/cubesat_gazebo
[0.804s] -- Up-to-date symlink: /home/matheuswagner/repos/adaptive-cubesat-adcs/cubesat-simulation/install/cubesat_gazebo/share/cubesat_gazebo/cmake/cubesat_gazeboConfig.cmake
[0.804s] -- Up-to-date symlink: /home/matheuswagner/repos/adaptive-cubesat-adcs/cubesat-simulation/install/cubesat_gazebo/share/cubesat_gazebo/cmake/cubesat_gazeboConfig-version.cmake
[0.804s] -- Up-to-date symlink: /home/matheuswagner/repos/adaptive-cubesat-adcs/cubesat-simulation/install/cubesat_gazebo/share/cubesat_gazebo/package.xml
[0.813s] Invoked command in '/home/matheuswagner/repos/adaptive-cubesat-adcs/cubesat-simulation/build/cubesat_gazebo' returned '0': CMAKE_PREFIX_PATH=${CMAKE_PREFIX_PATH}:/home/matheuswagner/repos/adaptive-cubesat-adcs/cubesat-simulation/install/cubesat_description:/opt/ros/dashing /usr/bin/cmake --build /home/matheuswagner/repos/adaptive-cubesat-adcs/cubesat-simulation/build/cubesat_gazebo --target install -- -j8 -l8
