[2.187s] DEBUG:colcon:Command line arguments: ['/usr/bin/colcon', 'build', '--packages-select', 'controller']
[2.187s] DEBUG:colcon:Parsed command line arguments: Namespace(allow_overriding=[], ament_cmake_args=None, base_paths=['.'], build_base='build', catkin_cmake_args=None, catkin_skip_building_tests=False, cmake_args=None, cmake_clean_cache=False, cmake_clean_first=False, cmake_force_configure=False, cmake_target=None, cmake_target_skip_unavailable=False, continue_on_error=False, event_handlers=None, executor='parallel', ignore_user_meta=False, install_base='install', log_base=None, log_level=None, main=<bound method BuildVerb.main of <colcon_core.verb.build.BuildVerb object at 0x7fddb3c4c310>>, merge_install=False, metas=['./colcon.meta'], packages_above=None, packages_above_and_dependencies=None, packages_above_depth=None, packages_end=None, packages_ignore=None, packages_ignore_regex=None, packages_select=['controller'], packages_select_build_failed=False, packages_select_by_dep=None, packages_select_regex=None, packages_select_test_failures=False, packages_skip=None, packages_skip_build_finished=False, packages_skip_by_dep=None, packages_skip_regex=None, packages_skip_test_passed=False, packages_skip_up_to=None, packages_start=None, packages_up_to=None, packages_up_to_regex=None, parallel_workers=8, paths=None, symlink_install=False, test_result_base=None, verb_extension=<colcon_core.verb.build.BuildVerb object at 0x7fddb3c4c310>, verb_name='build', verb_parser=<colcon_defaults.argument_parser.defaults.DefaultArgumentsDecorator object at 0x7fddb3c4c850>)
[2.380s] Level 1:colcon.colcon_core.package_discovery:discover_packages(colcon_meta) check parameters
[2.381s] Level 1:colcon.colcon_core.package_discovery:discover_packages(recursive) check parameters
[2.381s] Level 1:colcon.colcon_core.package_discovery:discover_packages(ignore) check parameters
[2.381s] Level 1:colcon.colcon_core.package_discovery:discover_packages(path) check parameters
[2.382s] Level 1:colcon.colcon_core.package_discovery:discover_packages(colcon_meta) discover
[2.382s] Level 1:colcon.colcon_core.package_discovery:discover_packages(recursive) discover
[2.383s] INFO:colcon.colcon_core.package_discovery:Crawling recursively for packages in '/home/matheuswagner/repos/adaptive-cubesat-adcs/cubesat-simulation'
[2.383s] Level 1:colcon.colcon_core.package_identification:_identify(.) by extensions ['ignore', 'ignore_ament_install']
[2.384s] Level 1:colcon.colcon_core.package_identification:_identify(.) by extension 'ignore'
[2.384s] Level 1:colcon.colcon_core.package_identification:_identify(.) by extension 'ignore_ament_install'
[2.384s] Level 1:colcon.colcon_core.package_identification:_identify(.) by extensions ['colcon_pkg']
[2.385s] Level 1:colcon.colcon_core.package_identification:_identify(.) by extension 'colcon_pkg'
[2.385s] Level 1:colcon.colcon_core.package_identification:_identify(.) by extensions ['colcon_meta']
[2.385s] Level 1:colcon.colcon_core.package_identification:_identify(.) by extension 'colcon_meta'
[2.385s] Level 1:colcon.colcon_core.package_identification:_identify(.) by extensions ['ros']
[2.385s] Level 1:colcon.colcon_core.package_identification:_identify(.) by extension 'ros'
[2.497s] Level 1:colcon.colcon_core.package_identification:_identify(.) by extensions ['cmake', 'python']
[2.497s] Level 1:colcon.colcon_core.package_identification:_identify(.) by extension 'cmake'
[2.498s] Level 1:colcon.colcon_core.package_identification:_identify(.) by extension 'python'
[2.498s] Level 1:colcon.colcon_core.package_identification:_identify(.) by extensions ['python_setup_py']
[2.498s] Level 1:colcon.colcon_core.package_identification:_identify(.) by extension 'python_setup_py'
[2.499s] Level 1:colcon.colcon_core.package_identification:_identify(bags) by extensions ['ignore', 'ignore_ament_install']
[2.499s] Level 1:colcon.colcon_core.package_identification:_identify(bags) by extension 'ignore'
[2.499s] Level 1:colcon.colcon_core.package_identification:_identify(bags) by extension 'ignore_ament_install'
[2.500s] Level 1:colcon.colcon_core.package_identification:_identify(bags) by extensions ['colcon_pkg']
[2.500s] Level 1:colcon.colcon_core.package_identification:_identify(bags) by extension 'colcon_pkg'
[2.500s] Level 1:colcon.colcon_core.package_identification:_identify(bags) by extensions ['colcon_meta']
[2.500s] Level 1:colcon.colcon_core.package_identification:_identify(bags) by extension 'colcon_meta'
[2.501s] Level 1:colcon.colcon_core.package_identification:_identify(bags) by extensions ['ros']
[2.501s] Level 1:colcon.colcon_core.package_identification:_identify(bags) by extension 'ros'
[2.501s] Level 1:colcon.colcon_core.package_identification:_identify(bags) by extensions ['cmake', 'python']
[2.501s] Level 1:colcon.colcon_core.package_identification:_identify(bags) by extension 'cmake'
[2.502s] Level 1:colcon.colcon_core.package_identification:_identify(bags) by extension 'python'
[2.502s] Level 1:colcon.colcon_core.package_identification:_identify(bags) by extensions ['python_setup_py']
[2.502s] Level 1:colcon.colcon_core.package_identification:_identify(bags) by extension 'python_setup_py'
[2.502s] Level 1:colcon.colcon_core.package_identification:_identify(bags/rosbag2_2022_02_04-12_31_28) by extensions ['ignore', 'ignore_ament_install']
[2.503s] Level 1:colcon.colcon_core.package_identification:_identify(bags/rosbag2_2022_02_04-12_31_28) by extension 'ignore'
[2.503s] Level 1:colcon.colcon_core.package_identification:_identify(bags/rosbag2_2022_02_04-12_31_28) by extension 'ignore_ament_install'
[2.503s] Level 1:colcon.colcon_core.package_identification:_identify(bags/rosbag2_2022_02_04-12_31_28) by extensions ['colcon_pkg']
[2.503s] Level 1:colcon.colcon_core.package_identification:_identify(bags/rosbag2_2022_02_04-12_31_28) by extension 'colcon_pkg'
[2.503s] Level 1:colcon.colcon_core.package_identification:_identify(bags/rosbag2_2022_02_04-12_31_28) by extensions ['colcon_meta']
[2.503s] Level 1:colcon.colcon_core.package_identification:_identify(bags/rosbag2_2022_02_04-12_31_28) by extension 'colcon_meta'
[2.504s] Level 1:colcon.colcon_core.package_identification:_identify(bags/rosbag2_2022_02_04-12_31_28) by extensions ['ros']
[2.504s] Level 1:colcon.colcon_core.package_identification:_identify(bags/rosbag2_2022_02_04-12_31_28) by extension 'ros'
[2.504s] Level 1:colcon.colcon_core.package_identification:_identify(bags/rosbag2_2022_02_04-12_31_28) by extensions ['cmake', 'python']
[2.504s] Level 1:colcon.colcon_core.package_identification:_identify(bags/rosbag2_2022_02_04-12_31_28) by extension 'cmake'
[2.504s] Level 1:colcon.colcon_core.package_identification:_identify(bags/rosbag2_2022_02_04-12_31_28) by extension 'python'
[2.504s] Level 1:colcon.colcon_core.package_identification:_identify(bags/rosbag2_2022_02_04-12_31_28) by extensions ['python_setup_py']
[2.504s] Level 1:colcon.colcon_core.package_identification:_identify(bags/rosbag2_2022_02_04-12_31_28) by extension 'python_setup_py'
[2.505s] Level 1:colcon.colcon_core.package_identification:_identify(build) by extensions ['ignore', 'ignore_ament_install']
[2.505s] Level 1:colcon.colcon_core.package_identification:_identify(build) by extension 'ignore'
[2.505s] Level 1:colcon.colcon_core.package_identification:_identify(build) ignored
[2.506s] Level 1:colcon.colcon_core.package_identification:_identify(install) by extensions ['ignore', 'ignore_ament_install']
[2.506s] Level 1:colcon.colcon_core.package_identification:_identify(install) by extension 'ignore'
[2.506s] Level 1:colcon.colcon_core.package_identification:_identify(install) ignored
[2.507s] Level 1:colcon.colcon_core.package_identification:_identify(log) by extensions ['ignore', 'ignore_ament_install']
[2.507s] Level 1:colcon.colcon_core.package_identification:_identify(log) by extension 'ignore'
[2.507s] Level 1:colcon.colcon_core.package_identification:_identify(log) ignored
[2.508s] Level 1:colcon.colcon_core.package_identification:_identify(src) by extensions ['ignore', 'ignore_ament_install']
[2.508s] Level 1:colcon.colcon_core.package_identification:_identify(src) by extension 'ignore'
[2.508s] Level 1:colcon.colcon_core.package_identification:_identify(src) by extension 'ignore_ament_install'
[2.508s] Level 1:colcon.colcon_core.package_identification:_identify(src) by extensions ['colcon_pkg']
[2.508s] Level 1:colcon.colcon_core.package_identification:_identify(src) by extension 'colcon_pkg'
[2.508s] Level 1:colcon.colcon_core.package_identification:_identify(src) by extensions ['colcon_meta']
[2.508s] Level 1:colcon.colcon_core.package_identification:_identify(src) by extension 'colcon_meta'
[2.508s] Level 1:colcon.colcon_core.package_identification:_identify(src) by extensions ['ros']
[2.508s] Level 1:colcon.colcon_core.package_identification:_identify(src) by extension 'ros'
[2.509s] Level 1:colcon.colcon_core.package_identification:_identify(src) by extensions ['cmake', 'python']
[2.509s] Level 1:colcon.colcon_core.package_identification:_identify(src) by extension 'cmake'
[2.509s] Level 1:colcon.colcon_core.package_identification:_identify(src) by extension 'python'
[2.509s] Level 1:colcon.colcon_core.package_identification:_identify(src) by extensions ['python_setup_py']
[2.509s] Level 1:colcon.colcon_core.package_identification:_identify(src) by extension 'python_setup_py'
[2.509s] Level 1:colcon.colcon_core.package_identification:_identify(src/concept) by extensions ['ignore', 'ignore_ament_install']
[2.509s] Level 1:colcon.colcon_core.package_identification:_identify(src/concept) by extension 'ignore'
[2.510s] Level 1:colcon.colcon_core.package_identification:_identify(src/concept) by extension 'ignore_ament_install'
[2.510s] Level 1:colcon.colcon_core.package_identification:_identify(src/concept) by extensions ['colcon_pkg']
[2.510s] Level 1:colcon.colcon_core.package_identification:_identify(src/concept) by extension 'colcon_pkg'
[2.510s] Level 1:colcon.colcon_core.package_identification:_identify(src/concept) by extensions ['colcon_meta']
[2.510s] Level 1:colcon.colcon_core.package_identification:_identify(src/concept) by extension 'colcon_meta'
[2.510s] Level 1:colcon.colcon_core.package_identification:_identify(src/concept) by extensions ['ros']
[2.510s] Level 1:colcon.colcon_core.package_identification:_identify(src/concept) by extension 'ros'
[2.554s] DEBUG:colcon.colcon_core.package_identification:Package 'src/concept' with type 'ros.ament_cmake' and name 'concept'
[2.554s] Level 1:colcon.colcon_core.package_identification:_identify(src/controller) by extensions ['ignore', 'ignore_ament_install']
[2.554s] Level 1:colcon.colcon_core.package_identification:_identify(src/controller) by extension 'ignore'
[2.554s] Level 1:colcon.colcon_core.package_identification:_identify(src/controller) by extension 'ignore_ament_install'
[2.555s] Level 1:colcon.colcon_core.package_identification:_identify(src/controller) by extensions ['colcon_pkg']
[2.555s] Level 1:colcon.colcon_core.package_identification:_identify(src/controller) by extension 'colcon_pkg'
[2.555s] Level 1:colcon.colcon_core.package_identification:_identify(src/controller) by extensions ['colcon_meta']
[2.555s] Level 1:colcon.colcon_core.package_identification:_identify(src/controller) by extension 'colcon_meta'
[2.555s] Level 1:colcon.colcon_core.package_identification:_identify(src/controller) by extensions ['ros']
[2.555s] Level 1:colcon.colcon_core.package_identification:_identify(src/controller) by extension 'ros'
[2.588s] DEBUG:colcon.colcon_core.package_identification:Package 'src/controller' with type 'ros.ament_cmake' and name 'controller'
[2.588s] Level 1:colcon.colcon_core.package_identification:_identify(src/controllers) by extensions ['ignore', 'ignore_ament_install']
[2.589s] Level 1:colcon.colcon_core.package_identification:_identify(src/controllers) by extension 'ignore'
[2.589s] Level 1:colcon.colcon_core.package_identification:_identify(src/controllers) by extension 'ignore_ament_install'
[2.590s] Level 1:colcon.colcon_core.package_identification:_identify(src/controllers) by extensions ['colcon_pkg']
[2.590s] Level 1:colcon.colcon_core.package_identification:_identify(src/controllers) by extension 'colcon_pkg'
[2.590s] Level 1:colcon.colcon_core.package_identification:_identify(src/controllers) by extensions ['colcon_meta']
[2.590s] Level 1:colcon.colcon_core.package_identification:_identify(src/controllers) by extension 'colcon_meta'
[2.591s] Level 1:colcon.colcon_core.package_identification:_identify(src/controllers) by extensions ['ros']
[2.591s] Level 1:colcon.colcon_core.package_identification:_identify(src/controllers) by extension 'ros'
[2.591s] Level 1:colcon.colcon_core.package_identification:_identify(src/controllers) by extensions ['cmake', 'python']
[2.591s] Level 1:colcon.colcon_core.package_identification:_identify(src/controllers) by extension 'cmake'
[2.592s] Level 1:colcon.colcon_core.package_identification:_identify(src/controllers) by extension 'python'
[2.592s] Level 1:colcon.colcon_core.package_identification:_identify(src/controllers) by extensions ['python_setup_py']
[2.592s] Level 1:colcon.colcon_core.package_identification:_identify(src/controllers) by extension 'python_setup_py'
[2.593s] Level 1:colcon.colcon_core.package_identification:_identify(src/controllers/tests) by extensions ['ignore', 'ignore_ament_install']
[2.593s] Level 1:colcon.colcon_core.package_identification:_identify(src/controllers/tests) by extension 'ignore'
[2.594s] Level 1:colcon.colcon_core.package_identification:_identify(src/controllers/tests) by extension 'ignore_ament_install'
[2.594s] Level 1:colcon.colcon_core.package_identification:_identify(src/controllers/tests) by extensions ['colcon_pkg']
[2.594s] Level 1:colcon.colcon_core.package_identification:_identify(src/controllers/tests) by extension 'colcon_pkg'
[2.594s] Level 1:colcon.colcon_core.package_identification:_identify(src/controllers/tests) by extensions ['colcon_meta']
[2.594s] Level 1:colcon.colcon_core.package_identification:_identify(src/controllers/tests) by extension 'colcon_meta'
[2.595s] Level 1:colcon.colcon_core.package_identification:_identify(src/controllers/tests) by extensions ['ros']
[2.595s] Level 1:colcon.colcon_core.package_identification:_identify(src/controllers/tests) by extension 'ros'
[2.595s] Level 1:colcon.colcon_core.package_identification:_identify(src/controllers/tests) by extensions ['cmake', 'python']
[2.596s] Level 1:colcon.colcon_core.package_identification:_identify(src/controllers/tests) by extension 'cmake'
[2.596s] Level 1:colcon.colcon_core.package_identification:_identify(src/controllers/tests) by extension 'python'
[2.596s] Level 1:colcon.colcon_core.package_identification:_identify(src/controllers/tests) by extensions ['python_setup_py']
[2.596s] Level 1:colcon.colcon_core.package_identification:_identify(src/controllers/tests) by extension 'python_setup_py'
[2.597s] Level 1:colcon.colcon_core.package_identification:_identify(src/cubesat_actuators) by extensions ['ignore', 'ignore_ament_install']
[2.597s] Level 1:colcon.colcon_core.package_identification:_identify(src/cubesat_actuators) by extension 'ignore'
[2.597s] Level 1:colcon.colcon_core.package_identification:_identify(src/cubesat_actuators) by extension 'ignore_ament_install'
[2.598s] Level 1:colcon.colcon_core.package_identification:_identify(src/cubesat_actuators) by extensions ['colcon_pkg']
[2.598s] Level 1:colcon.colcon_core.package_identification:_identify(src/cubesat_actuators) by extension 'colcon_pkg'
[2.598s] Level 1:colcon.colcon_core.package_identification:_identify(src/cubesat_actuators) by extensions ['colcon_meta']
[2.598s] Level 1:colcon.colcon_core.package_identification:_identify(src/cubesat_actuators) by extension 'colcon_meta'
[2.598s] Level 1:colcon.colcon_core.package_identification:_identify(src/cubesat_actuators) by extensions ['ros']
[2.599s] Level 1:colcon.colcon_core.package_identification:_identify(src/cubesat_actuators) by extension 'ros'
[2.601s] DEBUG:colcon.colcon_core.package_identification:Package 'src/cubesat_actuators' with type 'ros.ament_cmake' and name 'cubesat_actuators'
[2.601s] Level 1:colcon.colcon_core.package_identification:_identify(src/cubesat_description) by extensions ['ignore', 'ignore_ament_install']
[2.602s] Level 1:colcon.colcon_core.package_identification:_identify(src/cubesat_description) by extension 'ignore'
[2.602s] Level 1:colcon.colcon_core.package_identification:_identify(src/cubesat_description) by extension 'ignore_ament_install'
[2.602s] Level 1:colcon.colcon_core.package_identification:_identify(src/cubesat_description) by extensions ['colcon_pkg']
[2.603s] Level 1:colcon.colcon_core.package_identification:_identify(src/cubesat_description) by extension 'colcon_pkg'
[2.603s] Level 1:colcon.colcon_core.package_identification:_identify(src/cubesat_description) by extensions ['colcon_meta']
[2.603s] Level 1:colcon.colcon_core.package_identification:_identify(src/cubesat_description) by extension 'colcon_meta'
[2.603s] Level 1:colcon.colcon_core.package_identification:_identify(src/cubesat_description) by extensions ['ros']
[2.604s] Level 1:colcon.colcon_core.package_identification:_identify(src/cubesat_description) by extension 'ros'
[2.606s] DEBUG:colcon.colcon_core.package_identification:Package 'src/cubesat_description' with type 'ros.ament_python' and name 'cubesat_description'
[2.606s] Level 1:colcon.colcon_core.package_identification:_identify(src/cubesat_gazebo) by extensions ['ignore', 'ignore_ament_install']
[2.607s] Level 1:colcon.colcon_core.package_identification:_identify(src/cubesat_gazebo) by extension 'ignore'
[2.607s] Level 1:colcon.colcon_core.package_identification:_identify(src/cubesat_gazebo) by extension 'ignore_ament_install'
[2.607s] Level 1:colcon.colcon_core.package_identification:_identify(src/cubesat_gazebo) by extensions ['colcon_pkg']
[2.608s] Level 1:colcon.colcon_core.package_identification:_identify(src/cubesat_gazebo) by extension 'colcon_pkg'
[2.608s] Level 1:colcon.colcon_core.package_identification:_identify(src/cubesat_gazebo) by extensions ['colcon_meta']
[2.608s] Level 1:colcon.colcon_core.package_identification:_identify(src/cubesat_gazebo) by extension 'colcon_meta'
[2.608s] Level 1:colcon.colcon_core.package_identification:_identify(src/cubesat_gazebo) by extensions ['ros']
[2.609s] Level 1:colcon.colcon_core.package_identification:_identify(src/cubesat_gazebo) by extension 'ros'
[2.620s] DEBUG:colcon.colcon_core.package_identification:Package 'src/cubesat_gazebo' with type 'ros.ament_cmake' and name 'cubesat_gazebo'
[2.621s] Level 1:colcon.colcon_core.package_identification:_identify(src/cubesat_sensors) by extensions ['ignore', 'ignore_ament_install']
[2.622s] Level 1:colcon.colcon_core.package_identification:_identify(src/cubesat_sensors) by extension 'ignore'
[2.622s] Level 1:colcon.colcon_core.package_identification:_identify(src/cubesat_sensors) by extension 'ignore_ament_install'
[2.622s] Level 1:colcon.colcon_core.package_identification:_identify(src/cubesat_sensors) by extensions ['colcon_pkg']
[2.622s] Level 1:colcon.colcon_core.package_identification:_identify(src/cubesat_sensors) by extension 'colcon_pkg'
[2.623s] Level 1:colcon.colcon_core.package_identification:_identify(src/cubesat_sensors) by extensions ['colcon_meta']
[2.623s] Level 1:colcon.colcon_core.package_identification:_identify(src/cubesat_sensors) by extension 'colcon_meta'
[2.623s] Level 1:colcon.colcon_core.package_identification:_identify(src/cubesat_sensors) by extensions ['ros']
[2.623s] Level 1:colcon.colcon_core.package_identification:_identify(src/cubesat_sensors) by extension 'ros'
[2.641s] DEBUG:colcon.colcon_core.package_identification:Package 'src/cubesat_sensors' with type 'ros.ament_cmake' and name 'cubesat_sensors'
[2.641s] Level 1:colcon.colcon_core.package_identification:_identify(src/smartdata_test) by extensions ['ignore', 'ignore_ament_install']
[2.642s] Level 1:colcon.colcon_core.package_identification:_identify(src/smartdata_test) by extension 'ignore'
[2.642s] Level 1:colcon.colcon_core.package_identification:_identify(src/smartdata_test) by extension 'ignore_ament_install'
[2.643s] Level 1:colcon.colcon_core.package_identification:_identify(src/smartdata_test) by extensions ['colcon_pkg']
[2.643s] Level 1:colcon.colcon_core.package_identification:_identify(src/smartdata_test) by extension 'colcon_pkg'
[2.643s] Level 1:colcon.colcon_core.package_identification:_identify(src/smartdata_test) by extensions ['colcon_meta']
[2.643s] Level 1:colcon.colcon_core.package_identification:_identify(src/smartdata_test) by extension 'colcon_meta'
[2.644s] Level 1:colcon.colcon_core.package_identification:_identify(src/smartdata_test) by extensions ['ros']
[2.644s] Level 1:colcon.colcon_core.package_identification:_identify(src/smartdata_test) by extension 'ros'
[2.657s] DEBUG:colcon.colcon_core.package_identification:Package 'src/smartdata_test' with type 'ros.ament_cmake' and name 'smartdata_test'
[2.657s] Level 1:colcon.colcon_core.package_discovery:discover_packages(recursive) using defaults
[2.658s] Level 1:colcon.colcon_core.package_discovery:discover_packages(ignore) discover
[2.658s] Level 1:colcon.colcon_core.package_discovery:discover_packages(ignore) using defaults
[2.658s] Level 1:colcon.colcon_core.package_discovery:discover_packages(path) discover
[2.658s] Level 1:colcon.colcon_core.package_discovery:discover_packages(path) using defaults
[2.782s] INFO:colcon.colcon_core.package_selection:Skipping not selected package 'concept' in 'src/concept'
[2.782s] INFO:colcon.colcon_core.package_selection:Skipping not selected package 'cubesat_actuators' in 'src/cubesat_actuators'
[2.782s] INFO:colcon.colcon_core.package_selection:Skipping not selected package 'cubesat_description' in 'src/cubesat_description'
[2.782s] INFO:colcon.colcon_core.package_selection:Skipping not selected package 'cubesat_gazebo' in 'src/cubesat_gazebo'
[2.782s] INFO:colcon.colcon_core.package_selection:Skipping not selected package 'cubesat_sensors' in 'src/cubesat_sensors'
[2.782s] INFO:colcon.colcon_core.package_selection:Skipping not selected package 'smartdata_test' in 'src/smartdata_test'
[2.783s] Level 5:colcon.colcon_core.verb:set package 'controller' build argument 'cmake_args' from command line to 'None'
[2.783s] Level 5:colcon.colcon_core.verb:set package 'controller' build argument 'cmake_target' from command line to 'None'
[2.784s] Level 5:colcon.colcon_core.verb:set package 'controller' build argument 'cmake_target_skip_unavailable' from command line to 'False'
[2.784s] Level 5:colcon.colcon_core.verb:set package 'controller' build argument 'cmake_clean_cache' from command line to 'False'
[2.784s] Level 5:colcon.colcon_core.verb:set package 'controller' build argument 'cmake_clean_first' from command line to 'False'
[2.784s] Level 5:colcon.colcon_core.verb:set package 'controller' build argument 'cmake_force_configure' from command line to 'False'
[2.784s] Level 5:colcon.colcon_core.verb:set package 'controller' build argument 'ament_cmake_args' from command line to 'None'
[2.784s] Level 5:colcon.colcon_core.verb:set package 'controller' build argument 'catkin_cmake_args' from command line to 'None'
[2.784s] Level 5:colcon.colcon_core.verb:set package 'controller' build argument 'catkin_skip_building_tests' from command line to 'False'
[2.784s] DEBUG:colcon.colcon_core.verb:Building package 'controller' with the following arguments: {'ament_cmake_args': None, 'build_base': '/home/matheuswagner/repos/adaptive-cubesat-adcs/cubesat-simulation/build/controller', 'catkin_cmake_args': None, 'catkin_skip_building_tests': False, 'cmake_args': None, 'cmake_clean_cache': False, 'cmake_clean_first': False, 'cmake_force_configure': False, 'cmake_target': None, 'cmake_target_skip_unavailable': False, 'install_base': '/home/matheuswagner/repos/adaptive-cubesat-adcs/cubesat-simulation/install/controller', 'merge_install': False, 'path': '/home/matheuswagner/repos/adaptive-cubesat-adcs/cubesat-simulation/src/controller', 'symlink_install': False, 'test_result_base': None}
[2.818s] INFO:colcon.colcon_core.executor:Executing jobs using 'parallel' executor
[2.821s] DEBUG:colcon.colcon_parallel_executor.executor.parallel:run_until_complete
[2.822s] INFO:colcon.colcon_ros.task.ament_cmake.build:Building ROS package in '/home/matheuswagner/repos/adaptive-cubesat-adcs/cubesat-simulation/src/controller' with build type 'ament_cmake'
[2.822s] INFO:colcon.colcon_cmake.task.cmake.build:Building CMake package in '/home/matheuswagner/repos/adaptive-cubesat-adcs/cubesat-simulation/src/controller'
[2.912s] INFO:colcon.colcon_core.plugin_system:Skipping extension 'colcon_core.shell.bat': Not used on non-Windows systems
[2.912s] INFO:colcon.colcon_core.shell:Skip shell extension 'powershell' for command environment: Not usable outside of PowerShell
[2.912s] DEBUG:colcon.colcon_core.shell:Skip shell extension 'dsv' for command environment
[2.966s] DEBUG:colcon.colcon_core.event_handler.log_command:Invoking command in '/home/matheuswagner/repos/adaptive-cubesat-adcs/cubesat-simulation/build/controller': CMAKE_PREFIX_PATH=/opt/ros/foxy /usr/bin/cmake --build /home/matheuswagner/repos/adaptive-cubesat-adcs/cubesat-simulation/build/controller -- -j8 -l8
[3.993s] DEBUG:colcon.colcon_core.event_handler.log_command:Invoked command in '/home/matheuswagner/repos/adaptive-cubesat-adcs/cubesat-simulation/build/controller' returned '0': CMAKE_PREFIX_PATH=/opt/ros/foxy /usr/bin/cmake --build /home/matheuswagner/repos/adaptive-cubesat-adcs/cubesat-simulation/build/controller -- -j8 -l8
[4.034s] DEBUG:colcon.colcon_core.event_handler.log_command:Invoking command in '/home/matheuswagner/repos/adaptive-cubesat-adcs/cubesat-simulation/build/controller': CMAKE_PREFIX_PATH=/opt/ros/foxy /usr/bin/cmake --install /home/matheuswagner/repos/adaptive-cubesat-adcs/cubesat-simulation/build/controller
[4.122s] Level 1:colcon.colcon_core.environment:create_environment_scripts_only(controller)
[4.127s] DEBUG:colcon.colcon_core.event_handler.log_command:Invoked command in '/home/matheuswagner/repos/adaptive-cubesat-adcs/cubesat-simulation/build/controller' returned '0': CMAKE_PREFIX_PATH=/opt/ros/foxy /usr/bin/cmake --install /home/matheuswagner/repos/adaptive-cubesat-adcs/cubesat-simulation/build/controller
[4.213s] Level 1:colcon.colcon_core.environment:checking '/home/matheuswagner/repos/adaptive-cubesat-adcs/cubesat-simulation/install/controller' for CMake module files
[4.216s] Level 1:colcon.colcon_core.environment:checking '/home/matheuswagner/repos/adaptive-cubesat-adcs/cubesat-simulation/install/controller' for CMake config files
[4.217s] Level 1:colcon.colcon_core.shell:create_environment_hook('controller', 'cmake_prefix_path')
[4.219s] INFO:colcon.colcon_core.shell:Creating environment hook '/home/matheuswagner/repos/adaptive-cubesat-adcs/cubesat-simulation/install/controller/share/controller/hook/cmake_prefix_path.ps1'
[4.223s] INFO:colcon.colcon_core.shell:Creating environment descriptor '/home/matheuswagner/repos/adaptive-cubesat-adcs/cubesat-simulation/install/controller/share/controller/hook/cmake_prefix_path.dsv'
[4.225s] INFO:colcon.colcon_core.shell:Creating environment hook '/home/matheuswagner/repos/adaptive-cubesat-adcs/cubesat-simulation/install/controller/share/controller/hook/cmake_prefix_path.sh'
[4.231s] Level 1:colcon.colcon_core.environment:checking '/home/matheuswagner/repos/adaptive-cubesat-adcs/cubesat-simulation/install/controller/lib'
[4.233s] Level 1:colcon.colcon_core.environment:checking '/home/matheuswagner/repos/adaptive-cubesat-adcs/cubesat-simulation/install/controller/bin'
[4.234s] Level 1:colcon.colcon_core.environment:checking '/home/matheuswagner/repos/adaptive-cubesat-adcs/cubesat-simulation/install/controller/lib/pkgconfig/controller.pc'
[4.234s] Level 1:colcon.colcon_core.environment:checking '/home/matheuswagner/repos/adaptive-cubesat-adcs/cubesat-simulation/install/controller/lib/python3.8/site-packages'
[4.238s] INFO:colcon.colcon_core.shell:Creating package script '/home/matheuswagner/repos/adaptive-cubesat-adcs/cubesat-simulation/install/controller/share/controller/package.ps1'
[4.244s] INFO:colcon.colcon_core.shell:Creating package descriptor '/home/matheuswagner/repos/adaptive-cubesat-adcs/cubesat-simulation/install/controller/share/controller/package.dsv'
[4.247s] INFO:colcon.colcon_core.shell:Creating package script '/home/matheuswagner/repos/adaptive-cubesat-adcs/cubesat-simulation/install/controller/share/controller/package.sh'
[4.252s] INFO:colcon.colcon_core.shell:Creating package script '/home/matheuswagner/repos/adaptive-cubesat-adcs/cubesat-simulation/install/controller/share/controller/package.bash'
[4.256s] INFO:colcon.colcon_core.shell:Creating package script '/home/matheuswagner/repos/adaptive-cubesat-adcs/cubesat-simulation/install/controller/share/controller/package.zsh'
[4.259s] Level 1:colcon.colcon_core.environment:create_file_with_runtime_dependencies(/home/matheuswagner/repos/adaptive-cubesat-adcs/cubesat-simulation/install/controller/share/colcon-core/packages/controller)
[4.329s] Level 1:colcon.colcon_core.environment:create_environment_scripts_only(controller)
[4.331s] Level 1:colcon.colcon_core.environment:checking '/home/matheuswagner/repos/adaptive-cubesat-adcs/cubesat-simulation/install/controller' for CMake module files
[4.331s] Level 1:colcon.colcon_core.environment:checking '/home/matheuswagner/repos/adaptive-cubesat-adcs/cubesat-simulation/install/controller' for CMake config files
[4.332s] Level 1:colcon.colcon_core.shell:create_environment_hook('controller', 'cmake_prefix_path')
[4.332s] INFO:colcon.colcon_core.shell:Creating environment hook '/home/matheuswagner/repos/adaptive-cubesat-adcs/cubesat-simulation/install/controller/share/controller/hook/cmake_prefix_path.ps1'
[4.334s] INFO:colcon.colcon_core.shell:Creating environment descriptor '/home/matheuswagner/repos/adaptive-cubesat-adcs/cubesat-simulation/install/controller/share/controller/hook/cmake_prefix_path.dsv'
[4.334s] INFO:colcon.colcon_core.shell:Creating environment hook '/home/matheuswagner/repos/adaptive-cubesat-adcs/cubesat-simulation/install/controller/share/controller/hook/cmake_prefix_path.sh'
[4.335s] Level 1:colcon.colcon_core.environment:checking '/home/matheuswagner/repos/adaptive-cubesat-adcs/cubesat-simulation/install/controller/lib'
[4.335s] Level 1:colcon.colcon_core.environment:checking '/home/matheuswagner/repos/adaptive-cubesat-adcs/cubesat-simulation/install/controller/bin'
[4.335s] Level 1:colcon.colcon_core.environment:checking '/home/matheuswagner/repos/adaptive-cubesat-adcs/cubesat-simulation/install/controller/lib/pkgconfig/controller.pc'
[4.335s] Level 1:colcon.colcon_core.environment:checking '/home/matheuswagner/repos/adaptive-cubesat-adcs/cubesat-simulation/install/controller/lib/python3.8/site-packages'
[4.337s] INFO:colcon.colcon_core.shell:Creating package script '/home/matheuswagner/repos/adaptive-cubesat-adcs/cubesat-simulation/install/controller/share/controller/package.ps1'
[4.337s] INFO:colcon.colcon_core.shell:Creating package descriptor '/home/matheuswagner/repos/adaptive-cubesat-adcs/cubesat-simulation/install/controller/share/controller/package.dsv'
[4.338s] INFO:colcon.colcon_core.shell:Creating package script '/home/matheuswagner/repos/adaptive-cubesat-adcs/cubesat-simulation/install/controller/share/controller/package.sh'
[4.339s] INFO:colcon.colcon_core.shell:Creating package script '/home/matheuswagner/repos/adaptive-cubesat-adcs/cubesat-simulation/install/controller/share/controller/package.bash'
[4.339s] INFO:colcon.colcon_core.shell:Creating package script '/home/matheuswagner/repos/adaptive-cubesat-adcs/cubesat-simulation/install/controller/share/controller/package.zsh'
[4.339s] Level 1:colcon.colcon_core.environment:create_file_with_runtime_dependencies(/home/matheuswagner/repos/adaptive-cubesat-adcs/cubesat-simulation/install/controller/share/colcon-core/packages/controller)
[4.340s] DEBUG:colcon.colcon_parallel_executor.executor.parallel:closing loop
[4.340s] DEBUG:colcon.colcon_parallel_executor.executor.parallel:loop closed
[4.340s] DEBUG:colcon.colcon_parallel_executor.executor.parallel:run_until_complete finished with '0'
[4.341s] DEBUG:colcon.colcon_core.event_reactor:joining thread
[4.369s] INFO:colcon.colcon_core.plugin_system:Skipping extension 'colcon_notification.desktop_notification.terminal_notifier': Not used on non-Darwin systems
[4.370s] INFO:colcon.colcon_core.plugin_system:Skipping extension 'colcon_notification.desktop_notification.win32': Not used on non-Windows systems
[4.370s] INFO:colcon.colcon_notification.desktop_notification:Sending desktop notification using 'notify2'
[4.409s] DEBUG:colcon.colcon_core.event_reactor:joined thread
[4.410s] INFO:colcon.colcon_core.shell:Creating prefix script '/home/matheuswagner/repos/adaptive-cubesat-adcs/cubesat-simulation/install/local_setup.ps1'
[4.411s] INFO:colcon.colcon_core.shell:Creating prefix util module '/home/matheuswagner/repos/adaptive-cubesat-adcs/cubesat-simulation/install/_local_setup_util_ps1.py'
[4.413s] INFO:colcon.colcon_core.shell:Creating prefix chain script '/home/matheuswagner/repos/adaptive-cubesat-adcs/cubesat-simulation/install/setup.ps1'
[4.414s] INFO:colcon.colcon_core.shell:Creating prefix script '/home/matheuswagner/repos/adaptive-cubesat-adcs/cubesat-simulation/install/local_setup.sh'
[4.415s] INFO:colcon.colcon_core.shell:Creating prefix util module '/home/matheuswagner/repos/adaptive-cubesat-adcs/cubesat-simulation/install/_local_setup_util_sh.py'
[4.416s] INFO:colcon.colcon_core.shell:Creating prefix chain script '/home/matheuswagner/repos/adaptive-cubesat-adcs/cubesat-simulation/install/setup.sh'
[4.418s] INFO:colcon.colcon_core.shell:Creating prefix script '/home/matheuswagner/repos/adaptive-cubesat-adcs/cubesat-simulation/install/local_setup.bash'
[4.419s] INFO:colcon.colcon_core.shell:Creating prefix chain script '/home/matheuswagner/repos/adaptive-cubesat-adcs/cubesat-simulation/install/setup.bash'
[4.420s] INFO:colcon.colcon_core.shell:Creating prefix script '/home/matheuswagner/repos/adaptive-cubesat-adcs/cubesat-simulation/install/local_setup.zsh'
[4.421s] INFO:colcon.colcon_core.shell:Creating prefix chain script '/home/matheuswagner/repos/adaptive-cubesat-adcs/cubesat-simulation/install/setup.zsh'
