[0.019s] Invoking command in '/home/matheuswagner/repos/adaptive-cubesat-adcs/cubesat-simulation/build/controller': CMAKE_PREFIX_PATH=${CMAKE_PREFIX_PATH}:/home/matheuswagner/repos/adaptive-cubesat-adcs/cubesat-simulation/install/cubesat_description:/opt/ros/foxy /usr/bin/cmake --build /home/matheuswagner/repos/adaptive-cubesat-adcs/cubesat-simulation/build/controller -- -j8 -l8
[0.086s] [ 50%] Building CXX object CMakeFiles/controller.dir/src/controller.cpp.o
[0.399s] In file included from /home/matheuswagner/repos/adaptive-cubesat-adcs/cubesat-simulation/src/controller/src/../include/smartdata.h:5,
[0.399s]                  from /home/matheuswagner/repos/adaptive-cubesat-adcs/cubesat-simulation/src/controller/src/../include/local_smartdata.h:4,
[0.399s]                  from /home/matheuswagner/repos/adaptive-cubesat-adcs/cubesat-simulation/src/controller/src/controller.cpp:1:
[0.399s] /home/matheuswagner/repos/adaptive-cubesat-adcs/cubesat-simulation/src/controller/src/../include/observer.h: In member function ‘virtual void Observer::notify(int)’:
[0.399s] /home/matheuswagner/repos/adaptive-cubesat-adcs/cubesat-simulation/src/controller/src/../include/observer.h:8:33: warning: unused parameter ‘id’ [-Wunused-parameter]
[0.399s]     8 |         virtual void notify(int id){};
[0.399s]       |                             ~~~~^~
[0.399s] In file included from /home/matheuswagner/repos/adaptive-cubesat-adcs/cubesat-simulation/src/controller/src/../include/local_smartdata.h:4,
[0.399s]                  from /home/matheuswagner/repos/adaptive-cubesat-adcs/cubesat-simulation/src/controller/src/controller.cpp:1:
[0.399s] /home/matheuswagner/repos/adaptive-cubesat-adcs/cubesat-simulation/src/controller/src/../include/smartdata.h: In member function ‘virtual float SmartData::value()’:
[0.399s] /home/matheuswagner/repos/adaptive-cubesat-adcs/cubesat-simulation/src/controller/src/../include/smartdata.h:34:31: warning: no return statement in function returning non-void [-Wreturn-type]
[0.400s]    34 |         virtual float value(){}
[0.400s]       |                               ^
[0.400s] /home/matheuswagner/repos/adaptive-cubesat-adcs/cubesat-simulation/src/controller/src/../include/smartdata.h: In member function ‘virtual float SmartData::update()’:
[0.400s] /home/matheuswagner/repos/adaptive-cubesat-adcs/cubesat-simulation/src/controller/src/../include/smartdata.h:36:32: warning: no return statement in function returning non-void [-Wreturn-type]
[0.400s]    36 |         virtual float update(){}
[0.400s]       |                                ^
[0.400s] /home/matheuswagner/repos/adaptive-cubesat-adcs/cubesat-simulation/src/controller/src/../include/smartdata.h: In member function ‘virtual void SmartData::setValue(float)’:
[0.400s] /home/matheuswagner/repos/adaptive-cubesat-adcs/cubesat-simulation/src/controller/src/../include/smartdata.h:38:37: warning: unused parameter ‘value’ [-Wunused-parameter]
[0.400s]    38 |         virtual void setValue(float value){}
[0.400s]       |                               ~~~~~~^~~~~
[0.509s] make[2]: *** [CMakeFiles/controller.dir/build.make:63: CMakeFiles/controller.dir/src/controller.cpp.o] Interrupt
[0.509s] make[1]: *** [CMakeFiles/Makefile2:78: CMakeFiles/controller.dir/all] Interrupt
[0.509s] make: *** [Makefile:141: all] Interrupt
[0.512s] Invoked command in '/home/matheuswagner/repos/adaptive-cubesat-adcs/cubesat-simulation/build/controller' returned '-2': CMAKE_PREFIX_PATH=${CMAKE_PREFIX_PATH}:/home/matheuswagner/repos/adaptive-cubesat-adcs/cubesat-simulation/install/cubesat_description:/opt/ros/foxy /usr/bin/cmake --build /home/matheuswagner/repos/adaptive-cubesat-adcs/cubesat-simulation/build/controller -- -j8 -l8
