[0.323s] Invoking command in '/home/matheuswagner/repos/adaptive-cubesat-adcs/cubesat-simulation/build/cubesat_sensors': CMAKE_PREFIX_PATH=${CMAKE_PREFIX_PATH}:/home/matheuswagner/repos/adaptive-cubesat-adcs/cubesat-simulation/install/cubesat_description:/opt/ros/foxy /usr/bin/cmake --build /home/matheuswagner/repos/adaptive-cubesat-adcs/cubesat-simulation/build/cubesat_sensors -- -j8 -l8
[0.376s] [35m[1mScanning dependencies of target imu_adapter[0m
[0.420s] [ 50%] [32mBuilding CXX object CMakeFiles/imu_adapter.dir/src/imu_adapter.cpp.o[0m
[7.650s] [100%] [32m[1mLinking CXX executable imu_adapter[0m
[7.979s] [100%] Built target imu_adapter
[7.991s] Invoked command in '/home/matheuswagner/repos/adaptive-cubesat-adcs/cubesat-simulation/build/cubesat_sensors' returned '0': CMAKE_PREFIX_PATH=${CMAKE_PREFIX_PATH}:/home/matheuswagner/repos/adaptive-cubesat-adcs/cubesat-simulation/install/cubesat_description:/opt/ros/foxy /usr/bin/cmake --build /home/matheuswagner/repos/adaptive-cubesat-adcs/cubesat-simulation/build/cubesat_sensors -- -j8 -l8
[8.022s] Invoking command in '/home/matheuswagner/repos/adaptive-cubesat-adcs/cubesat-simulation/build/cubesat_sensors': CMAKE_PREFIX_PATH=${CMAKE_PREFIX_PATH}:/home/matheuswagner/repos/adaptive-cubesat-adcs/cubesat-simulation/install/cubesat_description:/opt/ros/foxy /usr/bin/cmake --install /home/matheuswagner/repos/adaptive-cubesat-adcs/cubesat-simulation/build/cubesat_sensors
[8.033s] -- Install configuration: ""
[8.033s] -- Installing: /home/matheuswagner/repos/adaptive-cubesat-adcs/cubesat-simulation/install/cubesat_sensors/lib/cubesat_sensors/imu_adapter
[8.037s] -- Set runtime path of "/home/matheuswagner/repos/adaptive-cubesat-adcs/cubesat-simulation/install/cubesat_sensors/lib/cubesat_sensors/imu_adapter" to ""
[8.037s] -- Up-to-date: /home/matheuswagner/repos/adaptive-cubesat-adcs/cubesat-simulation/install/cubesat_sensors/share/ament_index/resource_index/package_run_dependencies/cubesat_sensors
[8.037s] -- Up-to-date: /home/matheuswagner/repos/adaptive-cubesat-adcs/cubesat-simulation/install/cubesat_sensors/share/ament_index/resource_index/parent_prefix_path/cubesat_sensors
[8.037s] -- Up-to-date: /home/matheuswagner/repos/adaptive-cubesat-adcs/cubesat-simulation/install/cubesat_sensors/share/cubesat_sensors/environment/ament_prefix_path.sh
[8.037s] -- Up-to-date: /home/matheuswagner/repos/adaptive-cubesat-adcs/cubesat-simulation/install/cubesat_sensors/share/cubesat_sensors/environment/ament_prefix_path.dsv
[8.037s] -- Up-to-date: /home/matheuswagner/repos/adaptive-cubesat-adcs/cubesat-simulation/install/cubesat_sensors/share/cubesat_sensors/environment/path.sh
[8.037s] -- Up-to-date: /home/matheuswagner/repos/adaptive-cubesat-adcs/cubesat-simulation/install/cubesat_sensors/share/cubesat_sensors/environment/path.dsv
[8.037s] -- Up-to-date: /home/matheuswagner/repos/adaptive-cubesat-adcs/cubesat-simulation/install/cubesat_sensors/share/cubesat_sensors/local_setup.bash
[8.038s] -- Up-to-date: /home/matheuswagner/repos/adaptive-cubesat-adcs/cubesat-simulation/install/cubesat_sensors/share/cubesat_sensors/local_setup.sh
[8.038s] -- Up-to-date: /home/matheuswagner/repos/adaptive-cubesat-adcs/cubesat-simulation/install/cubesat_sensors/share/cubesat_sensors/local_setup.zsh
[8.038s] -- Up-to-date: /home/matheuswagner/repos/adaptive-cubesat-adcs/cubesat-simulation/install/cubesat_sensors/share/cubesat_sensors/local_setup.dsv
[8.038s] -- Installing: /home/matheuswagner/repos/adaptive-cubesat-adcs/cubesat-simulation/install/cubesat_sensors/share/cubesat_sensors/package.dsv
[8.038s] -- Up-to-date: /home/matheuswagner/repos/adaptive-cubesat-adcs/cubesat-simulation/install/cubesat_sensors/share/ament_index/resource_index/packages/cubesat_sensors
[8.038s] -- Up-to-date: /home/matheuswagner/repos/adaptive-cubesat-adcs/cubesat-simulation/install/cubesat_sensors/share/cubesat_sensors/cmake/cubesat_sensorsConfig.cmake
[8.038s] -- Up-to-date: /home/matheuswagner/repos/adaptive-cubesat-adcs/cubesat-simulation/install/cubesat_sensors/share/cubesat_sensors/cmake/cubesat_sensorsConfig-version.cmake
[8.038s] -- Up-to-date: /home/matheuswagner/repos/adaptive-cubesat-adcs/cubesat-simulation/install/cubesat_sensors/share/cubesat_sensors/package.xml
[8.042s] Invoked command in '/home/matheuswagner/repos/adaptive-cubesat-adcs/cubesat-simulation/build/cubesat_sensors' returned '0': CMAKE_PREFIX_PATH=${CMAKE_PREFIX_PATH}:/home/matheuswagner/repos/adaptive-cubesat-adcs/cubesat-simulation/install/cubesat_description:/opt/ros/foxy /usr/bin/cmake --install /home/matheuswagner/repos/adaptive-cubesat-adcs/cubesat-simulation/build/cubesat_sensors
