[0.056s] Invoking command in '/home/matheuswagner/repos/adaptive-cubesat-adcs/cubesat-simulation/build/smartdata_msgs': CMAKE_PREFIX_PATH=${CMAKE_PREFIX_PATH}:/opt/ros/dashing /usr/local/bin/cmake /home/matheuswagner/repos/adaptive-cubesat-adcs/cubesat-simulation/src/smartdata_msgs -DCMAKE_INSTALL_PREFIX=/home/matheuswagner/repos/adaptive-cubesat-adcs/cubesat-simulation/install/smartdata_msgs
[0.067s] -- Found ament_cmake: 0.7.6 (/home/matheuswagner/ros2_dashing/ros2-linux/share/ament_cmake/cmake)
[0.093s] -- Found PythonInterp: /usr/bin/python3 (found suitable version "3.6.9", minimum required is "3") 
[0.093s] -- Using PYTHON_EXECUTABLE: /usr/bin/python3
[0.371s] -- Found rosidl_default_generators: 0.7.0 (/home/matheuswagner/ros2_dashing/ros2-linux/share/rosidl_default_generators/cmake)
[0.399s] -- Could not find RTI Connext - skipping rosidl_typesupport_connext_c
[0.406s] -- Found rosidl_adapter: 0.7.10 (/home/matheuswagner/ros2_dashing/ros2-linux/share/rosidl_adapter/cmake)
[0.416s] -- Could not find RTI Connext - skipping rosidl_typesupport_connext_cpp
[0.515s] -- Could not find PrismTech OpenSplice - skipping rosidl_typesupport_opensplice_c
[0.517s] -- Could not find PrismTech OpenSplice - skipping rosidl_typesupport_opensplice_cpp
[0.532s] -- Could not find RTI Connext - skipping rmw_connext_cpp
[0.532s] CMake Error in CMakeLists.txt:
[0.532s]   A logical block opening on the line
[0.532s] 
[0.532s]     /home/matheuswagner/repos/adaptive-cubesat-adcs/cubesat-simulation/src/smartdata_msgs/CMakeLists.txt:34 (if)
[0.533s] 
[0.533s]   is not closed.
[0.533s] 
[0.533s] 
[0.533s] -- Configuring incomplete, errors occurred!
[0.533s] See also "/home/matheuswagner/repos/adaptive-cubesat-adcs/cubesat-simulation/build/smartdata_msgs/CMakeFiles/CMakeOutput.log".
[0.537s] Invoked command in '/home/matheuswagner/repos/adaptive-cubesat-adcs/cubesat-simulation/build/smartdata_msgs' returned '1': CMAKE_PREFIX_PATH=${CMAKE_PREFIX_PATH}:/opt/ros/dashing /usr/local/bin/cmake /home/matheuswagner/repos/adaptive-cubesat-adcs/cubesat-simulation/src/smartdata_msgs -DCMAKE_INSTALL_PREFIX=/home/matheuswagner/repos/adaptive-cubesat-adcs/cubesat-simulation/install/smartdata_msgs
