CMake Error at /home/matheuswagner/ros2_dashing/ros2-linux/share/rosidl_adapter/cmake/rosidl_adapt_interfaces.cmake:60 (message):
  execute_process(/usr/bin/python3 -m rosidl_adapter --package-name
  smartdata_msgs --arguments-file
  /home/matheuswagner/repos/adaptive-cubesat-adcs/cubesat-simulation/src/build/smartdata_msgs/rosidl_adapter__arguments__new_msg.json
  --output-dir
  /home/matheuswagner/repos/adaptive-cubesat-adcs/cubesat-simulation/src/build/smartdata_msgs/rosidl_adapter/smartdata_msgs
  --output-file
  /home/matheuswagner/repos/adaptive-cubesat-adcs/cubesat-simulation/src/build/smartdata_msgs/rosidl_adapter/new_msg.idls)
  returned error code 1:

  Traceback (most recent call last):

    File "/usr/lib/python3.6/runpy.py", line 193, in _run_module_as_main
      "__main__", mod_spec)
    File "/usr/lib/python3.6/runpy.py", line 85, in _run_code
      exec(code, run_globals)
    File "/home/matheuswagner/ros2_dashing/ros2-linux/lib/python3.6/site-packages/rosidl_adapter/__main__.py", line 19, in <module>
      sys.exit(main())
    File "/home/matheuswagner/ros2_dashing/ros2-linux/lib/python3.6/site-packages/rosidl_adapter/main.py", line 55, in main
      pathlib.Path(relative_path), output_dir)
    File "/home/matheuswagner/ros2_dashing/ros2-linux/lib/python3.6/site-packages/rosidl_adapter/__init__.py", line 20, in convert_to_idl
      package_dir, package_name, interface_file, output_dir / 'msg')
    File "/home/matheuswagner/ros2_dashing/ros2-linux/lib/python3.6/site-packages/rosidl_adapter/msg/__init__.py", line 28, in convert_msg_to_idl
      msg = parse_message_string(package_name, input_file.stem, content)
    File "/home/matheuswagner/ros2_dashing/ros2-linux/lib/python3.6/site-packages/rosidl_adapter/parser.py", line 528, in parse_message_string
      msg = MessageSpecification(pkg_name, msg_name, fields, constants)
    File "/home/matheuswagner/ros2_dashing/ros2-linux/lib/python3.6/site-packages/rosidl_adapter/parser.py", line 379, in __init__
      pkg_name + PACKAGE_NAME_MESSAGE_TYPE_SEPARATOR + msg_name)
    File "/home/matheuswagner/ros2_dashing/ros2-linux/lib/python3.6/site-packages/rosidl_adapter/parser.py", line 202, in __init__
      raise InvalidResourceName(self.type)

  rosidl_adapter.parser.InvalidResourceName: smartdata

Call Stack (most recent call first):
  /home/matheuswagner/ros2_dashing/ros2-linux/share/rosidl_cmake/cmake/rosidl_generate_interfaces.cmake:130 (rosidl_adapt_interfaces)
  CMakeLists.txt:36 (rosidl_generate_interfaces)


