[0.394s] Invoking command in '/home/matheuswagner/repos/adaptive-cubesat-adcs/cubesat-simulation/build/cubesat_gazebo': CMAKE_PREFIX_PATH=${CMAKE_PREFIX_PATH}:/opt/ros/dashing /usr/bin/cmake --build /home/matheuswagner/repos/adaptive-cubesat-adcs/cubesat-simulation/build/cubesat_gazebo -- -j8 -l8
[0.445s] Invoked command in '/home/matheuswagner/repos/adaptive-cubesat-adcs/cubesat-simulation/build/cubesat_gazebo' returned '0': CMAKE_PREFIX_PATH=${CMAKE_PREFIX_PATH}:/opt/ros/dashing /usr/bin/cmake --build /home/matheuswagner/repos/adaptive-cubesat-adcs/cubesat-simulation/build/cubesat_gazebo -- -j8 -l8
[0.484s] Invoking command in '/home/matheuswagner/repos/adaptive-cubesat-adcs/cubesat-simulation/build/cubesat_gazebo': CMAKE_PREFIX_PATH=${CMAKE_PREFIX_PATH}:/opt/ros/dashing /usr/bin/cmake --build /home/matheuswagner/repos/adaptive-cubesat-adcs/cubesat-simulation/build/cubesat_gazebo --target install -- -j8 -l8
[0.540s] [36mInstall the project...[0m
[0.550s] -- Install configuration: ""
[0.551s] -- Execute custom install script
[0.552s] -- Up-to-date symlink: /home/matheuswagner/repos/adaptive-cubesat-adcs/cubesat-simulation/install/cubesat_gazebo/share/cubesat_gazebo//launch/cubesat.launch.py
[0.552s] -- Up-to-date symlink: /home/matheuswagner/repos/adaptive-cubesat-adcs/cubesat-simulation/install/cubesat_gazebo/share/cubesat_gazebo//launch/world.launch.py
[0.553s] -- Up-to-date symlink: /home/matheuswagner/repos/adaptive-cubesat-adcs/cubesat-simulation/install/cubesat_gazebo/share/cubesat_gazebo//worlds/cubesat.world
[0.553s] -- Up-to-date symlink: /home/matheuswagner/repos/adaptive-cubesat-adcs/cubesat-simulation/install/cubesat_gazebo/share/ament_index/resource_index/package_run_dependencies/cubesat_gazebo
[0.554s] -- Up-to-date symlink: /home/matheuswagner/repos/adaptive-cubesat-adcs/cubesat-simulation/install/cubesat_gazebo/share/ament_index/resource_index/parent_prefix_path/cubesat_gazebo
[0.554s] -- Up-to-date symlink: /home/matheuswagner/repos/adaptive-cubesat-adcs/cubesat-simulation/install/cubesat_gazebo/share/cubesat_gazebo/environment/ament_prefix_path.sh
[0.554s] -- Up-to-date symlink: /home/matheuswagner/repos/adaptive-cubesat-adcs/cubesat-simulation/install/cubesat_gazebo/share/cubesat_gazebo/environment/path.sh
[0.555s] -- Up-to-date symlink: /home/matheuswagner/repos/adaptive-cubesat-adcs/cubesat-simulation/install/cubesat_gazebo/share/cubesat_gazebo/local_setup.bash
[0.555s] -- Up-to-date symlink: /home/matheuswagner/repos/adaptive-cubesat-adcs/cubesat-simulation/install/cubesat_gazebo/share/cubesat_gazebo/local_setup.sh
[0.556s] -- Up-to-date symlink: /home/matheuswagner/repos/adaptive-cubesat-adcs/cubesat-simulation/install/cubesat_gazebo/share/cubesat_gazebo/local_setup.zsh
[0.556s] -- Up-to-date symlink: /home/matheuswagner/repos/adaptive-cubesat-adcs/cubesat-simulation/install/cubesat_gazebo/share/ament_index/resource_index/packages/cubesat_gazebo
[0.557s] -- Up-to-date symlink: /home/matheuswagner/repos/adaptive-cubesat-adcs/cubesat-simulation/install/cubesat_gazebo/share/cubesat_gazebo/cmake/cubesat_gazeboConfig.cmake
[0.557s] -- Up-to-date symlink: /home/matheuswagner/repos/adaptive-cubesat-adcs/cubesat-simulation/install/cubesat_gazebo/share/cubesat_gazebo/cmake/cubesat_gazeboConfig-version.cmake
[0.557s] -- Up-to-date symlink: /home/matheuswagner/repos/adaptive-cubesat-adcs/cubesat-simulation/install/cubesat_gazebo/share/cubesat_gazebo/package.xml
[0.563s] Invoked command in '/home/matheuswagner/repos/adaptive-cubesat-adcs/cubesat-simulation/build/cubesat_gazebo' returned '0': CMAKE_PREFIX_PATH=${CMAKE_PREFIX_PATH}:/opt/ros/dashing /usr/bin/cmake --build /home/matheuswagner/repos/adaptive-cubesat-adcs/cubesat-simulation/build/cubesat_gazebo --target install -- -j8 -l8
