[0.050s] Invoking command in '/home/matheuswagner/repos/adaptive-cubesat-adcs/cubesat-simulation/src/build/smartdata_msgs': CMAKE_PREFIX_PATH=${CMAKE_PREFIX_PATH}:/opt/ros/dashing /usr/local/bin/cmake /home/matheuswagner/repos/adaptive-cubesat-adcs/cubesat-simulation/src/smartdata_msgs -DCMAKE_INSTALL_PREFIX=/home/matheuswagner/repos/adaptive-cubesat-adcs/cubesat-simulation/src/install/smartdata_msgs
[0.061s] -- Found ament_cmake: 0.7.6 (/home/matheuswagner/ros2_dashing/ros2-linux/share/ament_cmake/cmake)
[0.088s] -- Found PythonInterp: /usr/bin/python3 (found suitable version "3.6.9", minimum required is "3") 
[0.088s] -- Using PYTHON_EXECUTABLE: /usr/bin/python3
[0.343s] -- Found rclcpp: 0.7.16 (/home/matheuswagner/ros2_dashing/ros2-linux/share/rclcpp/cmake)
[0.354s] -- Found rosidl_adapter: 0.7.10 (/home/matheuswagner/ros2_dashing/ros2-linux/share/rosidl_adapter/cmake)
[0.387s] -- Found rmw_implementation_cmake: 0.7.2 (/home/matheuswagner/ros2_dashing/ros2-linux/share/rmw_implementation_cmake/cmake)
[0.389s] -- Using RMW implementation 'rmw_fastrtps_cpp' as default
[0.415s] -- Found std_msgs: 0.7.1 (/home/matheuswagner/ros2_dashing/ros2-linux/share/std_msgs/cmake)
[0.420s] -- Found rosidl_default_generators: 0.7.0 (/home/matheuswagner/ros2_dashing/ros2-linux/share/rosidl_default_generators/cmake)
[0.424s] -- Found RTI Connext: /opt/rti.com/rti_connext_dds-5.3.1
[0.440s] CMake Warning (dev) in /home/matheuswagner/repos/adaptive-cubesat-adcs/cubesat-simulation/src/build/smartdata_msgs/connext_cmake_module/check_abi/CMakeLists.txt:
[0.440s]   No project() command is present.  The top-level CMakeLists.txt file must
[0.440s]   contain a literal, direct call to the project() command.  Add a line of
[0.441s]   code such as
[0.441s] 
[0.441s]     project(ProjectName)
[0.441s] 
[0.442s]   near the top of the file, but after cmake_minimum_required().
[0.442s] 
[0.442s]   CMake is pretending there is a "project(Project)" command on the first
[0.442s]   line.
[0.442s] This warning is for project developers.  Use -Wno-dev to suppress it.
[0.442s] 
[0.450s] CMake Deprecation Warning at /home/matheuswagner/repos/adaptive-cubesat-adcs/cubesat-simulation/src/build/smartdata_msgs/connext_cmake_module/check_abi/CMakeLists.txt:15 (cmake_minimum_required):
[0.451s]   Compatibility with CMake < 2.8.12 will be removed from a future version of
[0.451s]   CMake.
[0.451s] 
[0.451s]   Update the VERSION argument <min> value or use a ...<max> suffix to tell
[0.452s]   CMake that the project does not need compatibility with older versions.
[0.452s] 
[0.452s] 
[1.605s] -- Could not find PrismTech OpenSplice - skipping rosidl_typesupport_opensplice_c
[1.608s] -- Could not find PrismTech OpenSplice - skipping rosidl_typesupport_opensplice_cpp
[1.621s] -- Found ament_lint_auto: 0.7.12 (/home/matheuswagner/ros2_dashing/ros2-linux/share/ament_lint_auto/cmake)
[1.785s] -- Found PythonInterp: /usr/bin/python3 (found version "3.6.9") 
[1.858s] -- Using all available rosidl_typesupport_c: rosidl_typesupport_connext_c;rosidl_typesupport_fastrtps_c;rosidl_typesupport_introspection_c;rosidl_typesupport_opensplice_c
[1.864s] -- Using all available rosidl_typesupport_cpp: rosidl_typesupport_connext_cpp;rosidl_typesupport_fastrtps_cpp;rosidl_typesupport_introspection_cpp;rosidl_typesupport_opensplice_cpp
[2.125s] -- Found PythonInterp: /usr/bin/python3 (found suitable version "3.6.9", minimum required is "3.5") 
[2.125s] -- Found python_cmake_module: 0.7.11 (/home/matheuswagner/ros2_dashing/ros2-linux/share/python_cmake_module/cmake)
[2.155s] -- Using PYTHON_EXECUTABLE: /usr/bin/python3
[2.155s] -- Using PYTHON_INCLUDE_DIRS: /usr/include/python3.6m
[2.155s] -- Using PYTHON_LIBRARIES: /usr/lib/x86_64-linux-gnu/libpython3.6m.so
[2.162s] CMake Error at /home/matheuswagner/ros2_dashing/ros2-linux/share/rmw_connext_cpp/cmake/ament_cmake_export_dependencies-extras.cmake:21 (find_package):
[2.162s]   Found package configuration file:
[2.162s] 
[2.162s]     /home/matheuswagner/ros2_dashing/ros2-linux/share/rmw_connext_shared_cpp/cmake/rmw_connext_shared_cppConfig.cmake
[2.162s] 
[2.162s]   but it set rmw_connext_shared_cpp_FOUND to FALSE so package
[2.162s]   "rmw_connext_shared_cpp" is considered to be NOT FOUND.
[2.163s] Call Stack (most recent call first):
[2.163s]   /home/matheuswagner/ros2_dashing/ros2-linux/share/rmw_connext_cpp/cmake/rmw_connext_cppConfig.cmake:38 (include)
[2.163s]   /home/matheuswagner/ros2_dashing/ros2-linux/share/rmw_implementation_cmake/cmake/call_for_each_rmw_implementation.cmake:61 (find_package)
[2.163s]   /home/matheuswagner/ros2_dashing/ros2-linux/share/rosidl_generator_py/cmake/rosidl_generator_py_get_typesupports.cmake:26 (call_for_each_rmw_implementation)
[2.163s]   /home/matheuswagner/ros2_dashing/ros2-linux/share/rosidl_generator_py/cmake/rosidl_generator_py_generate_interfaces.cmake:27 (rosidl_generator_py_get_typesupports)
[2.163s]   /home/matheuswagner/ros2_dashing/ros2-linux/share/ament_cmake_core/cmake/core/ament_execute_extensions.cmake:48 (include)
[2.163s]   /home/matheuswagner/ros2_dashing/ros2-linux/share/rosidl_cmake/cmake/rosidl_generate_interfaces.cmake:286 (ament_execute_extensions)
[2.163s]   CMakeLists.txt:36 (rosidl_generate_interfaces)
[2.164s] 
[2.164s] 
[2.164s] -- Configuring incomplete, errors occurred!
[2.164s] See also "/home/matheuswagner/repos/adaptive-cubesat-adcs/cubesat-simulation/src/build/smartdata_msgs/CMakeFiles/CMakeOutput.log".
[2.164s] See also "/home/matheuswagner/repos/adaptive-cubesat-adcs/cubesat-simulation/src/build/smartdata_msgs/CMakeFiles/CMakeError.log".
[2.169s] Invoked command in '/home/matheuswagner/repos/adaptive-cubesat-adcs/cubesat-simulation/src/build/smartdata_msgs' returned '1': CMAKE_PREFIX_PATH=${CMAKE_PREFIX_PATH}:/opt/ros/dashing /usr/local/bin/cmake /home/matheuswagner/repos/adaptive-cubesat-adcs/cubesat-simulation/src/smartdata_msgs -DCMAKE_INSTALL_PREFIX=/home/matheuswagner/repos/adaptive-cubesat-adcs/cubesat-simulation/src/install/smartdata_msgs
