[0.071s] Invoking command in '/home/matheuswagner/repos/adaptive-cubesat-adcs/cubesat-simulation/build/concept': CMAKE_PREFIX_PATH=${CMAKE_PREFIX_PATH}:/home/matheuswagner/repos/adaptive-cubesat-adcs/cubesat-simulation/install/cubesat_description:/opt/ros/dashing /usr/local/bin/cmake --build /home/matheuswagner/repos/adaptive-cubesat-adcs/cubesat-simulation/build/concept -- -j8 -l8
[0.104s] [35m[1mScanning dependencies of target concept[0m
[0.248s] [ 50%] [32mBuilding CXX object CMakeFiles/concept.dir/src/concept.cpp.o[0m
[1.425s] In file included from [01m[K/home/matheuswagner/repos/adaptive-cubesat-adcs/cubesat-simulation/src/concept/src/concept.cpp:1:0[m[K:
[1.425s] [01m[K/home/matheuswagner/repos/adaptive-cubesat-adcs/cubesat-simulation/src/concept/src/../include/local_smartdata.h:[m[K In member function ‘[01m[KValue LocalSmartData<Value, Transducer>::update()[m[K’:
[1.425s] [01m[K/home/matheuswagner/repos/adaptive-cubesat-adcs/cubesat-simulation/src/concept/src/../include/local_smartdata.h:60:19:[m[K [01;31m[Kerror: [m[Krequest for member ‘[01m[KnotifyObservers[m[K’ is ambiguous
[1.426s]              this->[01;31m[KnotifyObservers[m[K();
[1.426s]                    [01;31m[K^~~~~~~~~~~~~~~[m[K
[1.426s] In file included from [01m[K/home/matheuswagner/repos/adaptive-cubesat-adcs/cubesat-simulation/src/concept/src/../include/smartdata.h:4:0[m[K,
[1.426s]                  from [01m[K/home/matheuswagner/repos/adaptive-cubesat-adcs/cubesat-simulation/src/concept/src/../include/local_smartdata.h:4[m[K,
[1.426s]                  from [01m[K/home/matheuswagner/repos/adaptive-cubesat-adcs/cubesat-simulation/src/concept/src/concept.cpp:1[m[K:
[1.427s] [01m[K/home/matheuswagner/repos/adaptive-cubesat-adcs/cubesat-simulation/src/concept/src/../include/observed.h:19:14:[m[K [01;36m[Knote: [m[Kcandidates are: void Observed<T>::notifyObservers() [with T = Controller]
[1.427s]          void [01;36m[KnotifyObservers[m[K()
[1.428s]               [01;36m[K^~~~~~~~~~~~~~~[m[K
[1.428s] [01m[K/home/matheuswagner/repos/adaptive-cubesat-adcs/cubesat-simulation/src/concept/src/../include/observed.h:19:14:[m[K [01;36m[Knote: [m[K                void Observed<T>::notifyObservers() [with T = Controller]
[1.519s] In file included from [01m[K/home/matheuswagner/repos/adaptive-cubesat-adcs/cubesat-simulation/src/concept/src/concept.cpp:5:0[m[K:
[1.519s] [01m[K/home/matheuswagner/repos/adaptive-cubesat-adcs/cubesat-simulation/src/concept/src/../include/proportional_controller.h:[m[K In member function ‘[01m[Kvirtual void ProportionalController::control()[m[K’:
[1.519s] [01m[K/home/matheuswagner/repos/adaptive-cubesat-adcs/cubesat-simulation/src/concept/src/../include/proportional_controller.h:36:29:[m[K [01;35m[Kwarning: [m[Kcomparison between signed and unsigned integer expressions [[01;35m[K-Wsign-compare[m[K]
[1.519s]              for(int i = 0; [01;35m[Ki<this->inputSmartData->size()[m[K; i++)
[1.519s]                             [01;35m[K~^~~~~~~~~~~~~~~~~~~~~~~~~~~~~[m[K
[1.519s] [01m[K/home/matheuswagner/repos/adaptive-cubesat-adcs/cubesat-simulation/src/concept/src/../include/proportional_controller.h:40:29:[m[K [01;35m[Kwarning: [m[Kcomparison between signed and unsigned integer expressions [[01;35m[K-Wsign-compare[m[K]
[1.520s]              for(int i = 0; [01;35m[Ki<this->outputSmartData->size()[m[K; i++)
[1.520s]                             [01;35m[K~^~~~~~~~~~~~~~~~~~~~~~~~~~~~~~[m[K
[1.524s] In file included from [01m[K/home/matheuswagner/repos/adaptive-cubesat-adcs/cubesat-simulation/src/concept/src/concept.cpp:1:0[m[K:
[1.525s] /home/matheuswagner/repos/adaptive-cubesat-adcs/cubesat-simulation/src/concept/src/../include/local_smartdata.h: In instantiation of ‘[01m[Kclass LocalSmartData<float, PluginAmperimeter>[m[K’:
[1.525s] [01m[K/home/matheuswagner/repos/adaptive-cubesat-adcs/cubesat-simulation/src/concept/src/concept.cpp:13:57:[m[K   required from here
[1.525s] [01m[K/home/matheuswagner/repos/adaptive-cubesat-adcs/cubesat-simulation/src/concept/src/../include/local_smartdata.h:23:7:[m[K [01;35m[Kwarning: [m[Kdirect base ‘[01m[KObserved<Controller>[m[K’ inaccessible in ‘[01m[KLocalSmartData<float, PluginAmperimeter>[m[K’ due to ambiguity
[1.525s]  class [01;35m[KLocalSmartData[m[K : public SmartData, public Observed<Controller>
[1.525s]        [01;35m[K^~~~~~~~~~~~~~[m[K
[1.629s] In file included from [01m[K/home/matheuswagner/repos/adaptive-cubesat-adcs/cubesat-simulation/src/concept/src/../include/local_smartdata.h:4:0[m[K,
[1.629s]                  from [01m[K/home/matheuswagner/repos/adaptive-cubesat-adcs/cubesat-simulation/src/concept/src/concept.cpp:1[m[K:
[1.630s] /home/matheuswagner/repos/adaptive-cubesat-adcs/cubesat-simulation/src/concept/src/../include/smartdata.h: In instantiation of ‘[01m[Kvoid SmartData::setValue(Value) [with Value = float][m[K’:
[1.630s] [01m[K/home/matheuswagner/repos/adaptive-cubesat-adcs/cubesat-simulation/src/concept/src/../include/plugin_amperimeter.h:46:50:[m[K   required from here
[1.630s] [01m[K/home/matheuswagner/repos/adaptive-cubesat-adcs/cubesat-simulation/src/concept/src/../include/smartdata.h:41:29:[m[K [01;35m[Kwarning: [m[Kunused parameter ‘[01m[Kvalue[m[K’ [[01;35m[K-Wunused-parameter[m[K]
[1.630s]          void setValue(Value [01;35m[Kvalue[m[K){}
[1.630s]                              [01;35m[K^~~~~[m[K
[1.630s] /home/matheuswagner/repos/adaptive-cubesat-adcs/cubesat-simulation/src/concept/src/../include/smartdata.h: In instantiation of ‘[01m[KValue SmartData::update() [with Value = float][m[K’:
[1.631s] [01m[K/home/matheuswagner/repos/adaptive-cubesat-adcs/cubesat-simulation/src/concept/src/../include/plugin_amperimeter.h:47:44:[m[K   required from here
[1.631s] [01m[K/home/matheuswagner/repos/adaptive-cubesat-adcs/cubesat-simulation/src/concept/src/../include/smartdata.h:38:24:[m[K [01;35m[Kwarning: [m[Kno return statement in function returning non-void [[01;35m[K-Wreturn-type[m[K]
[1.631s]          Value update(){[01;35m[K}[m[K
[1.631s]                         [01;35m[K^[m[K
[1.633s] /home/matheuswagner/repos/adaptive-cubesat-adcs/cubesat-simulation/src/concept/src/../include/smartdata.h: In instantiation of ‘[01m[KValue SmartData::value() [with Value = float][m[K’:
[1.633s] [01m[K/home/matheuswagner/repos/adaptive-cubesat-adcs/cubesat-simulation/src/concept/src/../include/plugin_motor_driver.h:44:58:[m[K   required from here
[1.633s] [01m[K/home/matheuswagner/repos/adaptive-cubesat-adcs/cubesat-simulation/src/concept/src/../include/smartdata.h:35:23:[m[K [01;35m[Kwarning: [m[Kno return statement in function returning non-void [[01;35m[K-Wreturn-type[m[K]
[1.633s]          Value value(){[01;35m[K}[m[K
[1.633s]                        [01;35m[K^[m[K
[2.296s] In file included from [01m[K/home/matheuswagner/repos/adaptive-cubesat-adcs/cubesat-simulation/src/concept/src/../include/smartdata.h:7:0[m[K,
[2.296s]                  from [01m[K/home/matheuswagner/repos/adaptive-cubesat-adcs/cubesat-simulation/src/concept/src/../include/local_smartdata.h:4[m[K,
[2.296s]                  from [01m[K/home/matheuswagner/repos/adaptive-cubesat-adcs/cubesat-simulation/src/concept/src/concept.cpp:1[m[K:
[2.296s] /home/matheuswagner/repos/adaptive-cubesat-adcs/cubesat-simulation/src/concept/src/../include/transducer.h: In instantiation of ‘[01m[Kvoid Transducer<UNIT, Value>::actuate(const Value&) [with long unsigned int UNIT = 2; Value = float][m[K’:
[2.296s] [01m[K/home/matheuswagner/repos/adaptive-cubesat-adcs/cubesat-simulation/src/concept/src/concept.cpp:46:1:[m[K   required from here
[2.296s] [01m[K/home/matheuswagner/repos/adaptive-cubesat-adcs/cubesat-simulation/src/concept/src/../include/transducer.h:17:43:[m[K [01;35m[Kwarning: [m[Kunused parameter ‘[01m[Kvalue[m[K’ [[01;35m[K-Wunused-parameter[m[K]
[2.297s]          virtual void actuate(const Value &[01;35m[Kvalue[m[K){}
[2.297s]                                            [01;35m[K^~~~~[m[K
[2.334s] /home/matheuswagner/repos/adaptive-cubesat-adcs/cubesat-simulation/src/concept/src/../include/transducer.h: In instantiation of ‘[01m[KValue Transducer<UNIT, Value>::sense() [with long unsigned int UNIT = 2; Value = float][m[K’:
[2.335s] [01m[K/home/matheuswagner/repos/adaptive-cubesat-adcs/cubesat-simulation/src/concept/src/concept.cpp:46:1:[m[K   required from here
[2.335s] [01m[K/home/matheuswagner/repos/adaptive-cubesat-adcs/cubesat-simulation/src/concept/src/../include/transducer.h:16:31:[m[K [01;35m[Kwarning: [m[Kno return statement in function returning non-void [[01;35m[K-Wreturn-type[m[K]
[2.335s]          virtual Value sense(){[01;35m[K}[m[K
[2.335s]                                [01;35m[K^[m[K
[2.335s] /home/matheuswagner/repos/adaptive-cubesat-adcs/cubesat-simulation/src/concept/src/../include/transducer.h: In instantiation of ‘[01m[Kvoid Transducer<UNIT, Value>::actuate(const Value&) [with long unsigned int UNIT = 1; Value = float][m[K’:
[2.336s] [01m[K/home/matheuswagner/repos/adaptive-cubesat-adcs/cubesat-simulation/src/concept/src/concept.cpp:46:1:[m[K   required from here
[2.336s] [01m[K/home/matheuswagner/repos/adaptive-cubesat-adcs/cubesat-simulation/src/concept/src/../include/transducer.h:17:43:[m[K [01;35m[Kwarning: [m[Kunused parameter ‘[01m[Kvalue[m[K’ [[01;35m[K-Wunused-parameter[m[K]
[2.336s]          virtual void actuate(const Value &[01;35m[Kvalue[m[K){}
[2.336s]                                            [01;35m[K^~~~~[m[K
[2.351s] /home/matheuswagner/repos/adaptive-cubesat-adcs/cubesat-simulation/src/concept/src/../include/transducer.h: In instantiation of ‘[01m[KValue Transducer<UNIT, Value>::sense() [with long unsigned int UNIT = 1; Value = float][m[K’:
[2.351s] [01m[K/home/matheuswagner/repos/adaptive-cubesat-adcs/cubesat-simulation/src/concept/src/concept.cpp:46:1:[m[K   required from here
[2.351s] [01m[K/home/matheuswagner/repos/adaptive-cubesat-adcs/cubesat-simulation/src/concept/src/../include/transducer.h:16:31:[m[K [01;35m[Kwarning: [m[Kno return statement in function returning non-void [[01;35m[K-Wreturn-type[m[K]
[2.351s]          virtual Value sense(){[01;35m[K}[m[K
[2.351s]                                [01;35m[K^[m[K
[2.514s] CMakeFiles/concept.dir/build.make:81: recipe for target 'CMakeFiles/concept.dir/src/concept.cpp.o' failed
[2.514s] make[2]: *** [CMakeFiles/concept.dir/src/concept.cpp.o] Error 1
[2.514s] make[1]: *** [CMakeFiles/concept.dir/all] Error 2
[2.514s] CMakeFiles/Makefile2:122: recipe for target 'CMakeFiles/concept.dir/all' failed
[2.514s] Makefile:159: recipe for target 'all' failed
[2.515s] make: *** [all] Error 2
[2.516s] Invoked command in '/home/matheuswagner/repos/adaptive-cubesat-adcs/cubesat-simulation/build/concept' returned '2': CMAKE_PREFIX_PATH=${CMAKE_PREFIX_PATH}:/home/matheuswagner/repos/adaptive-cubesat-adcs/cubesat-simulation/install/cubesat_description:/opt/ros/dashing /usr/local/bin/cmake --build /home/matheuswagner/repos/adaptive-cubesat-adcs/cubesat-simulation/build/concept -- -j8 -l8
