[35m[1mScanning dependencies of target imu_adapter[0m
[ 50%] [32mBuilding CXX object CMakeFiles/imu_adapter.dir/src/imu_adapter.cpp.o[0m
[01m[K/home/matheuswagner/repos/adaptive-cubesat-adcs/cubesat-simulation/src/cubesat_sensors/src/imu_adapter.cpp:[m[K In member function ‘[01m[Kvoid ImuAdapter::AtMessageArival(sensor_msgs::msg::Imu_<std::allocator<void> >::SharedPtr)[m[K’:
[01m[K/home/matheuswagner/repos/adaptive-cubesat-adcs/cubesat-simulation/src/cubesat_sensors/src/imu_adapter.cpp:58:65:[m[K [01;35m[Kwarning: [m[Kunused parameter ‘[01m[Kmsg[m[K’ [[01;35m[K-Wunused-parameter[m[K]
     void AtMessageArival(const sensor_msgs::msg::Imu::SharedPtr [01;35m[Kmsg[m[K)
                                                                 [01;35m[K^~~[m[K
[100%] [32m[1mLinking CXX executable imu_adapter[0m
[100%] Built target imu_adapter
-- Install configuration: ""
-- Installing: /home/matheuswagner/repos/adaptive-cubesat-adcs/cubesat-simulation/install/cubesat_sensors/lib/cubesat_sensors/imu_adapter
-- Set runtime path of "/home/matheuswagner/repos/adaptive-cubesat-adcs/cubesat-simulation/install/cubesat_sensors/lib/cubesat_sensors/imu_adapter" to ""
-- Up-to-date: /home/matheuswagner/repos/adaptive-cubesat-adcs/cubesat-simulation/install/cubesat_sensors/share/ament_index/resource_index/package_run_dependencies/cubesat_sensors
-- Up-to-date: /home/matheuswagner/repos/adaptive-cubesat-adcs/cubesat-simulation/install/cubesat_sensors/share/ament_index/resource_index/parent_prefix_path/cubesat_sensors
-- Up-to-date: /home/matheuswagner/repos/adaptive-cubesat-adcs/cubesat-simulation/install/cubesat_sensors/share/cubesat_sensors/environment/ament_prefix_path.sh
-- Up-to-date: /home/matheuswagner/repos/adaptive-cubesat-adcs/cubesat-simulation/install/cubesat_sensors/share/cubesat_sensors/environment/path.sh
-- Up-to-date: /home/matheuswagner/repos/adaptive-cubesat-adcs/cubesat-simulation/install/cubesat_sensors/share/cubesat_sensors/local_setup.bash
-- Up-to-date: /home/matheuswagner/repos/adaptive-cubesat-adcs/cubesat-simulation/install/cubesat_sensors/share/cubesat_sensors/local_setup.sh
-- Up-to-date: /home/matheuswagner/repos/adaptive-cubesat-adcs/cubesat-simulation/install/cubesat_sensors/share/cubesat_sensors/local_setup.zsh
-- Up-to-date: /home/matheuswagner/repos/adaptive-cubesat-adcs/cubesat-simulation/install/cubesat_sensors/share/ament_index/resource_index/packages/cubesat_sensors
-- Up-to-date: /home/matheuswagner/repos/adaptive-cubesat-adcs/cubesat-simulation/install/cubesat_sensors/share/cubesat_sensors/cmake/cubesat_sensorsConfig.cmake
-- Up-to-date: /home/matheuswagner/repos/adaptive-cubesat-adcs/cubesat-simulation/install/cubesat_sensors/share/cubesat_sensors/cmake/cubesat_sensorsConfig-version.cmake
-- Up-to-date: /home/matheuswagner/repos/adaptive-cubesat-adcs/cubesat-simulation/install/cubesat_sensors/share/cubesat_sensors/package.xml
