[35m[1mScanning dependencies of target controller[0m
[ 50%] [32mBuilding CXX object CMakeFiles/controller.dir/src/controller.cpp.o[0m
In file included from [01m[K/home/matheuswagner/repos/adaptive-cubesat-adcs/cubesat-simulation/src/controller/src/../include/smartdata.h:5[m[K,
                 from [01m[K/home/matheuswagner/repos/adaptive-cubesat-adcs/cubesat-simulation/src/controller/src/../include/local_smartdata.h:4[m[K,
                 from [01m[K/home/matheuswagner/repos/adaptive-cubesat-adcs/cubesat-simulation/src/controller/src/controller.cpp:1[m[K:
[01m[K/home/matheuswagner/repos/adaptive-cubesat-adcs/cubesat-simulation/src/controller/src/../include/observer.h:[m[K In member function ‘[01m[Kvirtual void Observer::notify(int)[m[K’:
[01m[K/home/matheuswagner/repos/adaptive-cubesat-adcs/cubesat-simulation/src/controller/src/../include/observer.h:8:33:[m[K [01;35m[Kwarning: [m[Kunused parameter ‘[01m[Kid[m[K’ [[01;35m[K-Wunused-parameter[m[K]
    8 |         virtual void notify([01;35m[Kint id[m[K){};
      |                             [01;35m[K~~~~^~[m[K
In file included from [01m[K/home/matheuswagner/repos/adaptive-cubesat-adcs/cubesat-simulation/src/controller/src/../include/../../controllers/disturbance_predictor.h:8[m[K,
                 from [01m[K/home/matheuswagner/repos/adaptive-cubesat-adcs/cubesat-simulation/src/controller/src/../include/../../controllers/satellite_model.h:8[m[K,
                 from [01m[K/home/matheuswagner/repos/adaptive-cubesat-adcs/cubesat-simulation/src/controller/src/../include/../../controllers/feedback_linearization_controller.h:6[m[K,
                 from [01m[K/home/matheuswagner/repos/adaptive-cubesat-adcs/cubesat-simulation/src/controller/src/../include/../../controllers/adaptive_controller_system.h:4[m[K,
                 from [01m[K/home/matheuswagner/repos/adaptive-cubesat-adcs/cubesat-simulation/src/controller/src/../include/../../controllers/hybrid_controller.h:6[m[K,
                 from [01m[K/home/matheuswagner/repos/adaptive-cubesat-adcs/cubesat-simulation/src/controller/src/../include/controller_smartdata.h:11[m[K,
                 from [01m[K/home/matheuswagner/repos/adaptive-cubesat-adcs/cubesat-simulation/src/controller/src/../include/local_smartdata.h:9[m[K,
                 from [01m[K/home/matheuswagner/repos/adaptive-cubesat-adcs/cubesat-simulation/src/controller/src/controller.cpp:1[m[K:
[01m[K/home/matheuswagner/repos/adaptive-cubesat-adcs/cubesat-simulation/src/controller/src/../include/../../controllers/chebyshev_polynomials.h:[m[K In static member function ‘[01m[Kstatic float ChebyshevPolynomials::T0(float)[m[K’:
[01m[K/home/matheuswagner/repos/adaptive-cubesat-adcs/cubesat-simulation/src/controller/src/../include/../../controllers/chebyshev_polynomials.h:9:31:[m[K [01;35m[Kwarning: [m[Kunused parameter ‘[01m[Kx[m[K’ [[01;35m[K-Wunused-parameter[m[K]
    9 |         static float T0([01;35m[Kfloat x[m[K)
      |                         [01;35m[K~~~~~~^[m[K
In file included from [01m[K/home/matheuswagner/repos/adaptive-cubesat-adcs/cubesat-simulation/src/controller/src/../include/../../controllers/feedback_linearization_controller.h:6[m[K,
                 from [01m[K/home/matheuswagner/repos/adaptive-cubesat-adcs/cubesat-simulation/src/controller/src/../include/../../controllers/adaptive_controller_system.h:4[m[K,
                 from [01m[K/home/matheuswagner/repos/adaptive-cubesat-adcs/cubesat-simulation/src/controller/src/../include/../../controllers/hybrid_controller.h:6[m[K,
                 from [01m[K/home/matheuswagner/repos/adaptive-cubesat-adcs/cubesat-simulation/src/controller/src/../include/controller_smartdata.h:11[m[K,
                 from [01m[K/home/matheuswagner/repos/adaptive-cubesat-adcs/cubesat-simulation/src/controller/src/../include/local_smartdata.h:9[m[K,
                 from [01m[K/home/matheuswagner/repos/adaptive-cubesat-adcs/cubesat-simulation/src/controller/src/controller.cpp:1[m[K:
[01m[K/home/matheuswagner/repos/adaptive-cubesat-adcs/cubesat-simulation/src/controller/src/../include/../../controllers/satellite_model.h:[m[K In member function ‘[01m[Kvoid SatelliteModel::UpdateDynamicMatrix(Eigen::Matrix<float, 3, 1>, Eigen::Matrix<float, 3, 1>, Eigen::Matrix<float, 3, 1>, Eigen::Quaternion<float>)[m[K’:
[01m[K/home/matheuswagner/repos/adaptive-cubesat-adcs/cubesat-simulation/src/controller/src/../include/../../controllers/satellite_model.h:25:195:[m[K [01;35m[Kwarning: [m[Kunused parameter ‘[01m[Kattitude[m[K’ [[01;35m[K-Wunused-parameter[m[K]
   25 | loat,3,1> slidingVariable, Eigen::Matrix<float,3,1> satelliteVelocity, Eigen::Matrix<float,3,1> reactionWheelVelocities, [01;35m[KEigen::Quaternion<float> attitude[m[K)
      |                                                                                                                          [01;35m[K~~~~~~~~~~~~~~~~~~~~~~~~~^~~~~~~~[m[K

In file included from [01m[K/home/matheuswagner/repos/adaptive-cubesat-adcs/cubesat-simulation/src/controller/src/../include/../../controllers/feedback_linearization_controller.h:6[m[K,
                 from [01m[K/home/matheuswagner/repos/adaptive-cubesat-adcs/cubesat-simulation/src/controller/src/../include/../../controllers/adaptive_controller_system.h:4[m[K,
                 from [01m[K/home/matheuswagner/repos/adaptive-cubesat-adcs/cubesat-simulation/src/controller/src/../include/../../controllers/hybrid_controller.h:6[m[K,
                 from [01m[K/home/matheuswagner/repos/adaptive-cubesat-adcs/cubesat-simulation/src/controller/src/../include/controller_smartdata.h:11[m[K,
                 from [01m[K/home/matheuswagner/repos/adaptive-cubesat-adcs/cubesat-simulation/src/controller/src/../include/local_smartdata.h:9[m[K,
                 from [01m[K/home/matheuswagner/repos/adaptive-cubesat-adcs/cubesat-simulation/src/controller/src/controller.cpp:1[m[K:
[01m[K/home/matheuswagner/repos/adaptive-cubesat-adcs/cubesat-simulation/src/controller/src/../include/../../controllers/satellite_model.h:[m[K In member function ‘[01m[KEigen::Matrix<float, 3, 1> SatelliteModel::InverseDynamicsSignal(Eigen::Matrix<float, 3, 1>, Eigen::Matrix<float, 3, 1>, Eigen::Matrix<float, 3, 1>, Eigen::Quaternion<float>)[m[K’:
[01m[K/home/matheuswagner/repos/adaptive-cubesat-adcs/cubesat-simulation/src/controller/src/../include/../../controllers/satellite_model.h:120:81:[m[K [01;35m[Kwarning: [m[Kunused parameter ‘[01m[KslidingVariable[m[K’ [[01;35m[K-Wunused-parameter[m[K]
  120 |         Eigen::Matrix<float,3,1> InverseDynamicsSignal([01;35m[KEigen::Matrix<float,3,1> slidingVariable[m[K, Eigen::Matrix<float,3,1> satelliteVelocity, Eigen::Matrix<float,3,1> reactionWheelVelocities, Eigen::Quaternion<float> attitude)
      |                                                        [01;35m[K~~~~~~~~~~~~~~~~~~~~~~~~~^~~~~~~~~~~~~~~[m[K
In file included from [01m[K/home/matheuswagner/repos/adaptive-cubesat-adcs/cubesat-simulation/src/controller/src/../include/../../controllers/hybrid_controller.h:6[m[K,
                 from [01m[K/home/matheuswagner/repos/adaptive-cubesat-adcs/cubesat-simulation/src/controller/src/../include/controller_smartdata.h:11[m[K,
                 from [01m[K/home/matheuswagner/repos/adaptive-cubesat-adcs/cubesat-simulation/src/controller/src/../include/local_smartdata.h:9[m[K,
                 from [01m[K/home/matheuswagner/repos/adaptive-cubesat-adcs/cubesat-simulation/src/controller/src/controller.cpp:1[m[K:
[01m[K/home/matheuswagner/repos/adaptive-cubesat-adcs/cubesat-simulation/src/controller/src/../include/../../controllers/adaptive_controller_system.h:[m[K In constructor ‘[01m[KAdaptiveControllerControlSystem::AdaptiveControllerControlSystem(DisturbancePredictor, SatelliteModel, FeedbackLinearizationControler, bool)[m[K’:
[01m[K/home/matheuswagner/repos/adaptive-cubesat-adcs/cubesat-simulation/src/controller/src/../include/../../controllers/adaptive_controller_system.h:52:89:[m[K [01;35m[Kwarning: [m[Kunused parameter ‘[01m[Kadaptive[m[K’ [[01;35m[K-Wunused-parameter[m[K]
   52 |                                         FeedbackLinearizationControler controller, [01;35m[Kbool adaptive[m[K)
      |                                                                                    [01;35m[K~~~~~^~~~~~~~[m[K
In file included from [01m[K/home/matheuswagner/repos/adaptive-cubesat-adcs/cubesat-simulation/src/controller/src/../include/../../controllers/nonadaptive_control_system.h:12[m[K,
                 from [01m[K/home/matheuswagner/repos/adaptive-cubesat-adcs/cubesat-simulation/src/controller/src/../include/../../controllers/hybrid_controller.h:7[m[K,
                 from [01m[K/home/matheuswagner/repos/adaptive-cubesat-adcs/cubesat-simulation/src/controller/src/../include/controller_smartdata.h:11[m[K,
                 from [01m[K/home/matheuswagner/repos/adaptive-cubesat-adcs/cubesat-simulation/src/controller/src/../include/local_smartdata.h:9[m[K,
                 from [01m[K/home/matheuswagner/repos/adaptive-cubesat-adcs/cubesat-simulation/src/controller/src/controller.cpp:1[m[K:
[01m[K/home/matheuswagner/repos/adaptive-cubesat-adcs/cubesat-simulation/src/controller/src/../include/../../controllers/adaptive_square_root_cubature_kalman_filter.h:[m[K In member function ‘[01m[KEigen::Matrix<float, 10, 1> AdaptiveSquareRootCubatureKalmanFilter::Filter(Eigen::Matrix<float, 10, 1>, Eigen::Matrix<float, 3, 1>)[m[K’:
[01m[K/home/matheuswagner/repos/adaptive-cubesat-adcs/cubesat-simulation/src/controller/src/../include/../../controllers/adaptive_square_root_cubature_kalman_filter.h:229:41:[m[K [01;35m[Kwarning: [m[Kvariable ‘[01m[KpriorPredictedErrorCovarianceNoQ[m[K’ set but not used [[01;35m[K-Wunused-but-set-variable[m[K]
  229 |             Eigen::Matrix<float, 10,10> [01;35m[KpriorPredictedErrorCovarianceNoQ[m[K = QRDecomposition(matrixForDecomposition);
      |                                         [01;35m[K^~~~~~~~~~~~~~~~~~~~~~~~~~~~~~~~[m[K
In file included from [01m[K/home/matheuswagner/repos/adaptive-cubesat-adcs/cubesat-simulation/src/controller/src/../include/local_smartdata.h:9[m[K,
                 from [01m[K/home/matheuswagner/repos/adaptive-cubesat-adcs/cubesat-simulation/src/controller/src/controller.cpp:1[m[K:
[01m[K/home/matheuswagner/repos/adaptive-cubesat-adcs/cubesat-simulation/src/controller/src/../include/controller_smartdata.h:[m[K At global scope:
[01m[K/home/matheuswagner/repos/adaptive-cubesat-adcs/cubesat-simulation/src/controller/src/../include/controller_smartdata.h:28:67:[m[K [01;31m[Kerror: [m[K‘[01m[KLocalSmartData[m[K’ was not declared in this scope; did you mean ‘[01m[KSmartData[m[K’?
   28 |     : public SmartData<Value>, public Controller, public Observed<[01;31m[KLocalSmartData[m[K<float,PluginMotorDriver>>
      |                                                                   [01;31m[K^~~~~~~~~~~~~~[m[K
      |                                                                   [32m[KSmartData[m[K
[01m[K/home/matheuswagner/repos/adaptive-cubesat-adcs/cubesat-simulation/src/controller/src/../include/controller_smartdata.h:28:105:[m[K [01;31m[Kerror: [m[Ktemplate argument 1 is invalid
   28 |     : public SmartData<Value>, public Controller, public Observed<LocalSmartData<float,PluginMotorDriver[01;31m[K>>[m[K
      |                                                                                                         [01;31m[K^~[m[K
[01m[K/home/matheuswagner/repos/adaptive-cubesat-adcs/cubesat-simulation/src/controller/src/../include/controller_smartdata.h:31:25:[m[K [01;31m[Kerror: [m[K‘[01m[KLocalSmartData[m[K’ was not declared in this scope; did you mean ‘[01m[KSmartData[m[K’?
   31 |         std::shared_ptr<[01;31m[KLocalSmartData[m[K<float,PluginGyroscope>> gyroX;
      |                         [01;31m[K^~~~~~~~~~~~~~[m[K
      |                         [32m[KSmartData[m[K
[01m[K/home/matheuswagner/repos/adaptive-cubesat-adcs/cubesat-simulation/src/controller/src/../include/controller_smartdata.h:31:61:[m[K [01;31m[Kerror: [m[Ktemplate argument 1 is invalid
   31 |         std::shared_ptr<LocalSmartData<float,PluginGyroscope[01;31m[K>>[m[K gyroX;
      |                                                             [01;31m[K^~[m[K
[01m[K/home/matheuswagner/repos/adaptive-cubesat-adcs/cubesat-simulation/src/controller/src/../include/controller_smartdata.h:32:25:[m[K [01;31m[Kerror: [m[K‘[01m[KLocalSmartData[m[K’ was not declared in this scope; did you mean ‘[01m[KSmartData[m[K’?
   32 |         std::shared_ptr<[01;31m[KLocalSmartData[m[K<float,PluginGyroscope>> gyroY;
      |                         [01;31m[K^~~~~~~~~~~~~~[m[K
      |                         [32m[KSmartData[m[K
[01m[K/home/matheuswagner/repos/adaptive-cubesat-adcs/cubesat-simulation/src/controller/src/../include/controller_smartdata.h:32:61:[m[K [01;31m[Kerror: [m[Ktemplate argument 1 is invalid
   32 |         std::shared_ptr<LocalSmartData<float,PluginGyroscope[01;31m[K>>[m[K gyroY;
      |                                                             [01;31m[K^~[m[K
[01m[K/home/matheuswagner/repos/adaptive-cubesat-adcs/cubesat-simulation/src/controller/src/../include/controller_smartdata.h:33:25:[m[K [01;31m[Kerror: [m[K‘[01m[KLocalSmartData[m[K’ was not declared in this scope; did you mean ‘[01m[KSmartData[m[K’?
   33 |         std::shared_ptr<[01;31m[KLocalSmartData[m[K<float,PluginGyroscope>> gyroZ;
      |                         [01;31m[K^~~~~~~~~~~~~~[m[K
      |                         [32m[KSmartData[m[K
[01m[K/home/matheuswagner/repos/adaptive-cubesat-adcs/cubesat-simulation/src/controller/src/../include/controller_smartdata.h:33:61:[m[K [01;31m[Kerror: [m[Ktemplate argument 1 is invalid
   33 |         std::shared_ptr<LocalSmartData<float,PluginGyroscope[01;31m[K>>[m[K gyroZ;
      |                                                             [01;31m[K^~[m[K
[01m[K/home/matheuswagner/repos/adaptive-cubesat-adcs/cubesat-simulation/src/controller/src/../include/controller_smartdata.h:34:25:[m[K [01;31m[Kerror: [m[K‘[01m[KLocalSmartData[m[K’ was not declared in this scope; did you mean ‘[01m[KSmartData[m[K’?
   34 |         std::shared_ptr<[01;31m[KLocalSmartData[m[K<float,PluginMotorVelocitySensor>> velocimeterX;
      |                         [01;31m[K^~~~~~~~~~~~~~[m[K
      |                         [32m[KSmartData[m[K
[01m[K/home/matheuswagner/repos/adaptive-cubesat-adcs/cubesat-simulation/src/controller/src/../include/controller_smartdata.h:34:71:[m[K [01;31m[Kerror: [m[Ktemplate argument 1 is invalid
   34 |         std::shared_ptr<LocalSmartData<float,PluginMotorVelocitySensor[01;31m[K>>[m[K velocimeterX;
      |                                                                       [01;31m[K^~[m[K
[01m[K/home/matheuswagner/repos/adaptive-cubesat-adcs/cubesat-simulation/src/controller/src/../include/controller_smartdata.h:35:25:[m[K [01;31m[Kerror: [m[K‘[01m[KLocalSmartData[m[K’ was not declared in this scope; did you mean ‘[01m[KSmartData[m[K’?
   35 |         std::shared_ptr<[01;31m[KLocalSmartData[m[K<float,PluginMotorVelocitySensor>> velocimeterY;
      |                         [01;31m[K^~~~~~~~~~~~~~[m[K
      |                         [32m[KSmartData[m[K
[01m[K/home/matheuswagner/repos/adaptive-cubesat-adcs/cubesat-simulation/src/controller/src/../include/controller_smartdata.h:35:71:[m[K [01;31m[Kerror: [m[Ktemplate argument 1 is invalid
   35 |         std::shared_ptr<LocalSmartData<float,PluginMotorVelocitySensor[01;31m[K>>[m[K velocimeterY;
      |                                                                       [01;31m[K^~[m[K
[01m[K/home/matheuswagner/repos/adaptive-cubesat-adcs/cubesat-simulation/src/controller/src/../include/controller_smartdata.h:36:25:[m[K [01;31m[Kerror: [m[K‘[01m[KLocalSmartData[m[K’ was not declared in this scope; did you mean ‘[01m[KSmartData[m[K’?
   36 |         std::shared_ptr<[01;31m[KLocalSmartData[m[K<float,PluginMotorVelocitySensor>> velocimeterZ;
      |                         [01;31m[K^~~~~~~~~~~~~~[m[K
      |                         [32m[KSmartData[m[K
[01m[K/home/matheuswagner/repos/adaptive-cubesat-adcs/cubesat-simulation/src/controller/src/../include/controller_smartdata.h:36:71:[m[K [01;31m[Kerror: [m[Ktemplate argument 1 is invalid
   36 |         std::shared_ptr<LocalSmartData<float,PluginMotorVelocitySensor[01;31m[K>>[m[K velocimeterZ;
      |                                                                       [01;31m[K^~[m[K
[01m[K/home/matheuswagner/repos/adaptive-cubesat-adcs/cubesat-simulation/src/controller/src/../include/controller_smartdata.h:37:25:[m[K [01;31m[Kerror: [m[K‘[01m[KLocalSmartData[m[K’ was not declared in this scope; did you mean ‘[01m[KSmartData[m[K’?
   37 |         std::shared_ptr<[01;31m[KLocalSmartData[m[K<Eigen::Quaternion<float>,PluginOrientationSensor>> orientation;;
      |                         [01;31m[K^~~~~~~~~~~~~~[m[K
      |                         [32m[KSmartData[m[K
[01m[K/home/matheuswagner/repos/adaptive-cubesat-adcs/cubesat-simulation/src/controller/src/../include/controller_smartdata.h:37:65:[m[K [01;31m[Kerror: [m[Kwrong number of template arguments (2, should be 1)
   37 |         std::shared_ptr<LocalSmartData<Eigen::Quaternion<float>,[01;31m[KPluginOrientationSensor[m[K>> orientation;;
      |                                                                 [01;31m[K^~~~~~~~~~~~~~~~~~~~~~~[m[K
In file included from [01m[K/usr/include/c++/9/bits/shared_ptr.h:52[m[K,
                 from [01m[K/usr/include/c++/9/memory:81[m[K,
                 from [01m[K/opt/ros/foxy/include/rclcpp/rclcpp.hpp:144[m[K,
                 from [01m[K/home/matheuswagner/repos/adaptive-cubesat-adcs/cubesat-simulation/src/controller/src/../include/local_smartdata.h:6[m[K,
                 from [01m[K/home/matheuswagner/repos/adaptive-cubesat-adcs/cubesat-simulation/src/controller/src/controller.cpp:1[m[K:
[01m[K/usr/include/c++/9/bits/shared_ptr_base.h:348:11:[m[K [01;36m[Knote: [m[Kprovided for ‘[01m[Ktemplate<class _Tp> class std::shared_ptr[m[K’
  348 |     class [01;36m[Kshared_ptr[m[K;
      |           [01;36m[K^~~~~~~~~~[m[K
In file included from [01m[K/home/matheuswagner/repos/adaptive-cubesat-adcs/cubesat-simulation/src/controller/src/../include/local_smartdata.h:9[m[K,
                 from [01m[K/home/matheuswagner/repos/adaptive-cubesat-adcs/cubesat-simulation/src/controller/src/controller.cpp:1[m[K:
[01m[K/home/matheuswagner/repos/adaptive-cubesat-adcs/cubesat-simulation/src/controller/src/../include/controller_smartdata.h:37:88:[m[K [01;31m[Kerror: [m[Kexpected unqualified-id before ‘[01m[K>[m[K’ token
   37 |         std::shared_ptr<LocalSmartData<Eigen::Quaternion<float>,PluginOrientationSensor[01;31m[K>>[m[K orientation;;
      |                                                                                        [01;31m[K^~[m[K
[01m[K/home/matheuswagner/repos/adaptive-cubesat-adcs/cubesat-simulation/src/controller/src/../include/controller_smartdata.h:37:103:[m[K [01;35m[Kwarning: [m[Kextra ‘[01m[K;[m[K’ [[01;35m[K-Wpedantic[m[K]
   37 |         std::shared_ptr<LocalSmartData<Eigen::Quaternion<float>,PluginOrientationSensor>> orientation;[01;35m[K;[m[K
      |                                                                                                       [01;35m[K^[m[K
      |                                                                                                       [31m[K-[m[K
[01m[K/home/matheuswagner/repos/adaptive-cubesat-adcs/cubesat-simulation/src/controller/src/../include/controller_smartdata.h:38:25:[m[K [01;31m[Kerror: [m[K‘[01m[KLocalSmartData[m[K’ was not declared in this scope; did you mean ‘[01m[KSmartData[m[K’?
   38 |         std::shared_ptr<[01;31m[KLocalSmartData[m[K<float,PluginMotorDriver>> driverX;
      |                         [01;31m[K^~~~~~~~~~~~~~[m[K
      |                         [32m[KSmartData[m[K
[01m[K/home/matheuswagner/repos/adaptive-cubesat-adcs/cubesat-simulation/src/controller/src/../include/controller_smartdata.h:38:63:[m[K [01;31m[Kerror: [m[Ktemplate argument 1 is invalid
   38 |         std::shared_ptr<LocalSmartData<float,PluginMotorDriver[01;31m[K>>[m[K driverX;
      |                                                               [01;31m[K^~[m[K
[01m[K/home/matheuswagner/repos/adaptive-cubesat-adcs/cubesat-simulation/src/controller/src/../include/controller_smartdata.h:39:25:[m[K [01;31m[Kerror: [m[K‘[01m[KLocalSmartData[m[K’ was not declared in this scope; did you mean ‘[01m[KSmartData[m[K’?
   39 |         std::shared_ptr<[01;31m[KLocalSmartData[m[K<float,PluginMotorDriver>> driverY;
      |                         [01;31m[K^~~~~~~~~~~~~~[m[K
      |                         [32m[KSmartData[m[K
[01m[K/home/matheuswagner/repos/adaptive-cubesat-adcs/cubesat-simulation/src/controller/src/../include/controller_smartdata.h:39:63:[m[K [01;31m[Kerror: [m[Ktemplate argument 1 is invalid
   39 |         std::shared_ptr<LocalSmartData<float,PluginMotorDriver[01;31m[K>>[m[K driverY;
      |                                                               [01;31m[K^~[m[K
[01m[K/home/matheuswagner/repos/adaptive-cubesat-adcs/cubesat-simulation/src/controller/src/../include/controller_smartdata.h:40:25:[m[K [01;31m[Kerror: [m[K‘[01m[KLocalSmartData[m[K’ was not declared in this scope; did you mean ‘[01m[KSmartData[m[K’?
   40 |         std::shared_ptr<[01;31m[KLocalSmartData[m[K<float,PluginMotorDriver>> driverZ;
      |                         [01;31m[K^~~~~~~~~~~~~~[m[K
      |                         [32m[KSmartData[m[K
[01m[K/home/matheuswagner/repos/adaptive-cubesat-adcs/cubesat-simulation/src/controller/src/../include/controller_smartdata.h:40:63:[m[K [01;31m[Kerror: [m[Ktemplate argument 1 is invalid
   40 |         std::shared_ptr<LocalSmartData<float,PluginMotorDriver[01;31m[K>>[m[K driverZ;
      |                                                               [01;31m[K^~[m[K
[01m[K/home/matheuswagner/repos/adaptive-cubesat-adcs/cubesat-simulation/src/controller/src/../include/controller_smartdata.h:51:45:[m[K [01;31m[Kerror: [m[K‘[01m[KLocalSmartData[m[K’ was not declared in this scope; did you mean ‘[01m[KSmartData[m[K’?
   51 |         ControllerSmartData(std::shared_ptr<[01;31m[KLocalSmartData[m[K<float,PluginGyroscope>> gyroX, std::shared_ptr<LocalSmartData<float,PluginGyroscope>> gyroY,
      |                                             [01;31m[K^~~~~~~~~~~~~~[m[K
      |                                             [32m[KSmartData[m[K
[01m[K/home/matheuswagner/repos/adaptive-cubesat-adcs/cubesat-simulation/src/controller/src/../include/controller_smartdata.h:51:81:[m[K [01;31m[Kerror: [m[Ktemplate argument 1 is invalid
   51 |         ControllerSmartData(std::shared_ptr<LocalSmartData<float,PluginGyroscope[01;31m[K>>[m[K gyroX, std::shared_ptr<LocalSmartData<float,PluginGyroscope>> gyroY,
      |                                                                                 [01;31m[K^~[m[K
[01m[K/home/matheuswagner/repos/adaptive-cubesat-adcs/cubesat-simulation/src/controller/src/../include/controller_smartdata.h:51:107:[m[K [01;31m[Kerror: [m[K‘[01m[KLocalSmartData[m[K’ was not declared in this scope; did you mean ‘[01m[KSmartData[m[K’?
   51 |         ControllerSmartData(std::shared_ptr<LocalSmartData<float,PluginGyroscope>> gyroX, std::shared_ptr<[01;31m[KLocalSmartData[m[K<float,PluginGyroscope>> gyroY,
      |                                                                                                           [01;31m[K^~~~~~~~~~~~~~[m[K
      |                                                                                                           [32m[KSmartData[m[K
In file included from [01m[K/home/matheuswagner/repos/adaptive-cubesat-adcs/cubesat-simulation/src/controller/src/../include/local_smartdata.h:9[m[K,
                 from [01m[K/home/matheuswagner/repos/adaptive-cubesat-adcs/cubesat-simulation/src/controller/src/controller.cpp:1[m[K:
[01m[K/home/matheuswagner/repos/adaptive-cubesat-adcs/cubesat-simulation/src/controller/src/../include/controller_smartdata.h:51:143:[m[K [01;31m[Kerror: [m[Ktemplate argument 1 is invalid
   51 |         ControllerSmartData(std::shared_ptr<LocalSmartData<float,PluginGyroscope>> gyroX, std::shared_ptr<LocalSmartData<float,PluginGyroscope[01;31m[K>>[m[K gyroY,
      |                                                                                                                                               [01;31m[K^~[m[K
In file included from [01m[K/home/matheuswagner/repos/adaptive-cubesat-adcs/cubesat-simulation/src/controller/src/../include/local_smartdata.h:9[m[K,
                 from [01m[K/home/matheuswagner/repos/adaptive-cubesat-adcs/cubesat-simulation/src/controller/src/controller.cpp:1[m[K:
[01m[K/home/matheuswagner/repos/adaptive-cubesat-adcs/cubesat-simulation/src/controller/src/../include/controller_smartdata.h:51:107:[m[K [01;31m[Kerror: [m[K‘[01m[KLocalSmartData[m[K’ was not declared in this scope; did you mean ‘[01m[KSmartData[m[K’?
   51 |         ControllerSmartData(std::shared_ptr<LocalSmartData<float,PluginGyroscope>> gyroX, std::shared_ptr<[01;31m[KLocalSmartData[m[K<float,PluginGyroscope>> gyroY,
      |                                                                                                           [01;31m[K^~~~~~~~~~~~~~[m[K
      |                                                                                                           [32m[KSmartData[m[K
In file included from [01m[K/home/matheuswagner/repos/adaptive-cubesat-adcs/cubesat-simulation/src/controller/src/../include/local_smartdata.h:9[m[K,
                 from [01m[K/home/matheuswagner/repos/adaptive-cubesat-adcs/cubesat-simulation/src/controller/src/controller.cpp:1[m[K:
[01m[K/home/matheuswagner/repos/adaptive-cubesat-adcs/cubesat-simulation/src/controller/src/../include/controller_smartdata.h:51:143:[m[K [01;31m[Kerror: [m[Ktemplate argument 1 is invalid
   51 |         ControllerSmartData(std::shared_ptr<LocalSmartData<float,PluginGyroscope>> gyroX, std::shared_ptr<LocalSmartData<float,PluginGyroscope[01;31m[K>>[m[K gyroY,
      |                                                                                                                                               [01;31m[K^~[m[K
In file included from [01m[K/home/matheuswagner/repos/adaptive-cubesat-adcs/cubesat-simulation/src/controller/src/../include/local_smartdata.h:9[m[K,
                 from [01m[K/home/matheuswagner/repos/adaptive-cubesat-adcs/cubesat-simulation/src/controller/src/controller.cpp:1[m[K:
[01m[K/home/matheuswagner/repos/adaptive-cubesat-adcs/cubesat-simulation/src/controller/src/../include/controller_smartdata.h:51:107:[m[K [01;31m[Kerror: [m[K‘[01m[KLocalSmartData[m[K’ was not declared in this scope; did you mean ‘[01m[KSmartData[m[K’?
   51 |         ControllerSmartData(std::shared_ptr<LocalSmartData<float,PluginGyroscope>> gyroX, std::shared_ptr<[01;31m[KLocalSmartData[m[K<float,PluginGyroscope>> gyroY,
      |                                                                                                           [01;31m[K^~~~~~~~~~~~~~[m[K
      |                                                                                                           [32m[KSmartData[m[K
In file included from [01m[K/home/matheuswagner/repos/adaptive-cubesat-adcs/cubesat-simulation/src/controller/src/../include/local_smartdata.h:9[m[K,
                 from [01m[K/home/matheuswagner/repos/adaptive-cubesat-adcs/cubesat-simulation/src/controller/src/controller.cpp:1[m[K:
[01m[K/home/matheuswagner/repos/adaptive-cubesat-adcs/cubesat-simulation/src/controller/src/../include/controller_smartdata.h:51:143:[m[K [01;31m[Kerror: [m[Ktemplate argument 1 is invalid
   51 |         ControllerSmartData(std::shared_ptr<LocalSmartData<float,PluginGyroscope>> gyroX, std::shared_ptr<LocalSmartData<float,PluginGyroscope[01;31m[K>>[m[K gyroY,
      |                                                                                                                                               [01;31m[K^~[m[K
In file included from [01m[K/home/matheuswagner/repos/adaptive-cubesat-adcs/cubesat-simulation/src/controller/src/../include/local_smartdata.h:9[m[K,
                 from [01m[K/home/matheuswagner/repos/adaptive-cubesat-adcs/cubesat-simulation/src/controller/src/controller.cpp:1[m[K:
[01m[K/home/matheuswagner/repos/adaptive-cubesat-adcs/cubesat-simulation/src/controller/src/../include/controller_smartdata.h:51:96:[m[K [01;31m[Kerror: [m[K‘[01m[Kstd::shared_ptr[m[K’ is not a type
   51 |         ControllerSmartData(std::shared_ptr<LocalSmartData<float,PluginGyroscope>> gyroX, std::[01;31m[Kshared_ptr[m[K<LocalSmartData<float,PluginGyroscope>> gyroY,
      |                                                                                                [01;31m[K^~~~~~~~~~[m[K
[01m[K/home/matheuswagner/repos/adaptive-cubesat-adcs/cubesat-simulation/src/controller/src/../include/controller_smartdata.h:51:106:[m[K [01;31m[Kerror: [m[Kexpected ‘[01m[K,[m[K’ or ‘[01m[K...[m[K’ before ‘[01m[K<[m[K’ token
   51 |         ControllerSmartData(std::shared_ptr<LocalSmartData<float,PluginGyroscope>> gyroX, std::shared_ptr[01;31m[K<[m[KLocalSmartData<float,PluginGyroscope>> gyroY,
      |                                                                                                          [01;31m[K^[m[K
In file included from [01m[K/home/matheuswagner/repos/adaptive-cubesat-adcs/cubesat-simulation/src/controller/src/../include/local_smartdata.h:9[m[K,
                 from [01m[K/home/matheuswagner/repos/adaptive-cubesat-adcs/cubesat-simulation/src/controller/src/controller.cpp:1[m[K:
[01m[K/home/matheuswagner/repos/adaptive-cubesat-adcs/cubesat-simulation/src/controller/src/../include/controller_smartdata.h:[m[K In constructor ‘[01m[KControllerSmartData<Controller, Value>::ControllerSmartData(int, int)[m[K’:
[01m[K/home/matheuswagner/repos/adaptive-cubesat-adcs/cubesat-simulation/src/controller/src/../include/controller_smartdata.h:61:24:[m[K [01;31m[Kerror: [m[Kbase operand of ‘[01m[K->[m[K’ is not a pointer
   61 |             this->gyroX[01;31m[K->[m[KgiveId(0);
      |                        [01;31m[K^~[m[K
[01m[K/home/matheuswagner/repos/adaptive-cubesat-adcs/cubesat-simulation/src/controller/src/../include/controller_smartdata.h:62:24:[m[K [01;31m[Kerror: [m[Kbase operand of ‘[01m[K->[m[K’ is not a pointer
   62 |             this->gyroY[01;31m[K->[m[KgiveId(1);
      |                        [01;31m[K^~[m[K
[01m[K/home/matheuswagner/repos/adaptive-cubesat-adcs/cubesat-simulation/src/controller/src/../include/controller_smartdata.h:63:24:[m[K [01;31m[Kerror: [m[Kbase operand of ‘[01m[K->[m[K’ is not a pointer
   63 |             this->gyroZ[01;31m[K->[m[KgiveId(2);
      |                        [01;31m[K^~[m[K
[01m[K/home/matheuswagner/repos/adaptive-cubesat-adcs/cubesat-simulation/src/controller/src/../include/controller_smartdata.h:73:31:[m[K [01;31m[Kerror: [m[Kbase operand of ‘[01m[K->[m[K’ is not a pointer
   73 |             this->velocimeterX[01;31m[K->[m[KgiveId(3);
      |                               [01;31m[K^~[m[K
[01m[K/home/matheuswagner/repos/adaptive-cubesat-adcs/cubesat-simulation/src/controller/src/../include/controller_smartdata.h:74:31:[m[K [01;31m[Kerror: [m[Kbase operand of ‘[01m[K->[m[K’ is not a pointer
   74 |             this->velocimeterY[01;31m[K->[m[KgiveId(4);
      |                               [01;31m[K^~[m[K
[01m[K/home/matheuswagner/repos/adaptive-cubesat-adcs/cubesat-simulation/src/controller/src/../include/controller_smartdata.h:75:31:[m[K [01;31m[Kerror: [m[Kbase operand of ‘[01m[K->[m[K’ is not a pointer
   75 |             this->velocimeterZ[01;31m[K->[m[KgiveId(5);
      |                               [01;31m[K^~[m[K
[01m[K/home/matheuswagner/repos/adaptive-cubesat-adcs/cubesat-simulation/src/controller/src/../include/controller_smartdata.h:81:33:[m[K [01;31m[Kerror: [m[K‘[01m[Korientation[m[K’ was not declared in this scope
   81 |             this->orientation = [01;31m[Korientation[m[K;
      |                                 [01;31m[K^~~~~~~~~~~[m[K
[01m[K/home/matheuswagner/repos/adaptive-cubesat-adcs/cubesat-simulation/src/controller/src/../include/controller_smartdata.h:91:24:[m[K [01;31m[Kerror: [m[Kbase operand of ‘[01m[K->[m[K’ is not a pointer
   91 |             this->gyroX[01;31m[K->[m[KstartObserving(this);
      |                        [01;31m[K^~[m[K
[01m[K/home/matheuswagner/repos/adaptive-cubesat-adcs/cubesat-simulation/src/controller/src/../include/controller_smartdata.h:92:24:[m[K [01;31m[Kerror: [m[Kbase operand of ‘[01m[K->[m[K’ is not a pointer
   92 |             this->gyroY[01;31m[K->[m[KstartObserving(this);
      |                        [01;31m[K^~[m[K
[01m[K/home/matheuswagner/repos/adaptive-cubesat-adcs/cubesat-simulation/src/controller/src/../include/controller_smartdata.h:93:24:[m[K [01;31m[Kerror: [m[Kbase operand of ‘[01m[K->[m[K’ is not a pointer
   93 |             this->gyroZ[01;31m[K->[m[KstartObserving(this);
      |                        [01;31m[K^~[m[K
[01m[K/home/matheuswagner/repos/adaptive-cubesat-adcs/cubesat-simulation/src/controller/src/../include/controller_smartdata.h:95:31:[m[K [01;31m[Kerror: [m[Kbase operand of ‘[01m[K->[m[K’ is not a pointer
   95 |             this->velocimeterX[01;31m[K->[m[KstartObserving(this);
      |                               [01;31m[K^~[m[K
[01m[K/home/matheuswagner/repos/adaptive-cubesat-adcs/cubesat-simulation/src/controller/src/../include/controller_smartdata.h:96:31:[m[K [01;31m[Kerror: [m[Kbase operand of ‘[01m[K->[m[K’ is not a pointer
   96 |             this->velocimeterY[01;31m[K->[m[KstartObserving(this);
      |                               [01;31m[K^~[m[K
[01m[K/home/matheuswagner/repos/adaptive-cubesat-adcs/cubesat-simulation/src/controller/src/../include/controller_smartdata.h:97:31:[m[K [01;31m[Kerror: [m[Kbase operand of ‘[01m[K->[m[K’ is not a pointer
   97 |             this->velocimeterZ[01;31m[K->[m[KstartObserving(this);
      |                               [01;31m[K^~[m[K
[01m[K/home/matheuswagner/repos/adaptive-cubesat-adcs/cubesat-simulation/src/controller/src/../include/controller_smartdata.h:101:42:[m[K [01;31m[Kerror: [m[Krequest for member ‘[01m[Kget[m[K’ in ‘[01m[K((ControllerSmartData<Controller, Value>*)this)->ControllerSmartData<Controller, Value>::driverX[m[K’, which is of non-class type ‘[01m[Kint[m[K’
  101 |             this->startObserving(driverX.[01;31m[Kget[m[K());
      |                                          [01;31m[K^~~[m[K
[01m[K/home/matheuswagner/repos/adaptive-cubesat-adcs/cubesat-simulation/src/controller/src/../include/controller_smartdata.h:102:42:[m[K [01;31m[Kerror: [m[Krequest for member ‘[01m[Kget[m[K’ in ‘[01m[K((ControllerSmartData<Controller, Value>*)this)->ControllerSmartData<Controller, Value>::driverY[m[K’, which is of non-class type ‘[01m[Kint[m[K’
  102 |             this->startObserving(driverY.[01;31m[Kget[m[K());
      |                                          [01;31m[K^~~[m[K
[01m[K/home/matheuswagner/repos/adaptive-cubesat-adcs/cubesat-simulation/src/controller/src/../include/controller_smartdata.h:103:42:[m[K [01;31m[Kerror: [m[Krequest for member ‘[01m[Kget[m[K’ in ‘[01m[K((ControllerSmartData<Controller, Value>*)this)->ControllerSmartData<Controller, Value>::driverZ[m[K’, which is of non-class type ‘[01m[Kint[m[K’
  103 |             this->startObserving(driverZ.[01;31m[Kget[m[K());
      |                                          [01;31m[K^~~[m[K
[01m[K/home/matheuswagner/repos/adaptive-cubesat-adcs/cubesat-simulation/src/controller/src/../include/controller_smartdata.h:[m[K In member function ‘[01m[Kfloat ControllerSmartData<Controller, Value>::value()[m[K’:
[01m[K/home/matheuswagner/repos/adaptive-cubesat-adcs/cubesat-simulation/src/controller/src/../include/controller_smartdata.h:160:33:[m[K [01;31m[Kerror: [m[Kbase operand of ‘[01m[K->[m[K’ is not a pointer
  160 |             return this->driverX[01;31m[K->[m[Kvalue();
      |                                 [01;31m[K^~[m[K
[01m[K/home/matheuswagner/repos/adaptive-cubesat-adcs/cubesat-simulation/src/controller/src/../include/controller_smartdata.h:[m[K In member function ‘[01m[Kfloat ControllerSmartData<Controller, Value>::update()[m[K’:
[01m[K/home/matheuswagner/repos/adaptive-cubesat-adcs/cubesat-simulation/src/controller/src/../include/controller_smartdata.h:170:41:[m[K [01;31m[Kerror: [m[Kbase operand of ‘[01m[K->[m[K’ is not a pointer
  170 |             satelliteVelocity(0) = gyroX[01;31m[K->[m[Kvalue();
      |                                         [01;31m[K^~[m[K
[01m[K/home/matheuswagner/repos/adaptive-cubesat-adcs/cubesat-simulation/src/controller/src/../include/controller_smartdata.h:171:41:[m[K [01;31m[Kerror: [m[Kbase operand of ‘[01m[K->[m[K’ is not a pointer
  171 |             satelliteVelocity(1) = gyroY[01;31m[K->[m[Kvalue();
      |                                         [01;31m[K^~[m[K
[01m[K/home/matheuswagner/repos/adaptive-cubesat-adcs/cubesat-simulation/src/controller/src/../include/controller_smartdata.h:172:41:[m[K [01;31m[Kerror: [m[Kbase operand of ‘[01m[K->[m[K’ is not a pointer
  172 |             satelliteVelocity(2) = gyroZ[01;31m[K->[m[Kvalue();
      |                                         [01;31m[K^~[m[K
[01m[K/home/matheuswagner/repos/adaptive-cubesat-adcs/cubesat-simulation/src/controller/src/../include/controller_smartdata.h:174:54:[m[K [01;31m[Kerror: [m[Kbase operand of ‘[01m[K->[m[K’ is not a pointer
  174 |             reactionWheelVelocities(0) = velocimeterX[01;31m[K->[m[Kvalue();
      |                                                      [01;31m[K^~[m[K
[01m[K/home/matheuswagner/repos/adaptive-cubesat-adcs/cubesat-simulation/src/controller/src/../include/controller_smartdata.h:175:54:[m[K [01;31m[Kerror: [m[Kbase operand of ‘[01m[K->[m[K’ is not a pointer
  175 |             reactionWheelVelocities(1) = velocimeterY[01;31m[K->[m[Kvalue();
      |                                                      [01;31m[K^~[m[K
[01m[K/home/matheuswagner/repos/adaptive-cubesat-adcs/cubesat-simulation/src/controller/src/../include/controller_smartdata.h:176:54:[m[K [01;31m[Kerror: [m[Kbase operand of ‘[01m[K->[m[K’ is not a pointer
  176 |             reactionWheelVelocities(2) = velocimeterZ[01;31m[K->[m[Kvalue();
      |                                                      [01;31m[K^~[m[K
[01m[K/home/matheuswagner/repos/adaptive-cubesat-adcs/cubesat-simulation/src/controller/src/../include/controller_smartdata.h:178:24:[m[K [01;31m[Kerror: [m[K‘[01m[Korientation[m[K’ was not declared in this scope
  178 |             attitude = [01;31m[Korientation[m[K->value();
      |                        [01;31m[K^~~~~~~~~~~[m[K
[01m[K/home/matheuswagner/repos/adaptive-cubesat-adcs/cubesat-simulation/src/controller/src/controller.cpp:[m[K In function ‘[01m[Kint main(int, char**)[m[K’:
[01m[K/home/matheuswagner/repos/adaptive-cubesat-adcs/cubesat-simulation/src/controller/src/controller.cpp:34:161:[m[K [01;31m[Kerror: [m[Kno matching function for call to ‘[01m[KControllerSmartData<HybridController, float>::ControllerSmartData(std::shared_ptr<LocalSmartData<float, PluginGyroscope> >&, std::shared_ptr<LocalSmartData<float, PluginGyroscope> >&, std::shared_ptr<LocalSmartData<float, PluginGyroscope> >&, std::shared_ptr<LocalSmartData<float, PluginMotorVelocitySensor> >&, std::shared_ptr<LocalSmartData<float, PluginMotorVelocitySensor> >&, std::shared_ptr<LocalSmartData<float, PluginMotorVelocitySensor> >&, std::shared_ptr<LocalSmartData<Eigen::Quaternion<float>, PluginOrientationSensor> >&, std::shared_ptr<LocalSmartData<float, PluginMotorDriver> >&, std::shared_ptr<LocalSmartData<float, PluginMotorDriver> >&, std::shared_ptr<LocalSmartData<float, PluginMotorDriver> >&)[m[K’
   34 | <HybridController,float> controller(gyroX, gyroY, gyroZ, velocimeterX, velocimeterY, velocimeterZ, orientation, driverX, driverY, driverZ[01;31m[K)[m[K;
      |                                                                                                                                          [01;31m[K^[m[K

In file included from [01m[K/home/matheuswagner/repos/adaptive-cubesat-adcs/cubesat-simulation/src/controller/src/../include/local_smartdata.h:9[m[K,
                 from [01m[K/home/matheuswagner/repos/adaptive-cubesat-adcs/cubesat-simulation/src/controller/src/controller.cpp:1[m[K:
[01m[K/home/matheuswagner/repos/adaptive-cubesat-adcs/cubesat-simulation/src/controller/src/../include/controller_smartdata.h:51:9:[m[K [01;36m[Knote: [m[Kcandidate: ‘[01m[KControllerSmartData<Controller, Value>::ControllerSmartData(int, int) [with Controller = HybridController; Value = float][m[K’
   51 |         [01;36m[KControllerSmartData[m[K(std::shared_ptr<LocalSmartData<float,PluginGyroscope>> gyroX, std::shared_ptr<LocalSmartData<float,PluginGyroscope>> gyroY,
      |         [01;36m[K^~~~~~~~~~~~~~~~~~~[m[K
[01m[K/home/matheuswagner/repos/adaptive-cubesat-adcs/cubesat-simulation/src/controller/src/../include/controller_smartdata.h:51:9:[m[K [01;36m[Knote: [m[K  candidate expects 2 arguments, 10 provided
[01m[K/home/matheuswagner/repos/adaptive-cubesat-adcs/cubesat-simulation/src/controller/src/../include/controller_smartdata.h:27:7:[m[K [01;36m[Knote: [m[Kcandidate: ‘[01m[KControllerSmartData<HybridController, float>::ControllerSmartData(const ControllerSmartData<HybridController, float>&)[m[K’
   27 | class [01;36m[KControllerSmartData[m[K
      |       [01;36m[K^~~~~~~~~~~~~~~~~~~[m[K
[01m[K/home/matheuswagner/repos/adaptive-cubesat-adcs/cubesat-simulation/src/controller/src/../include/controller_smartdata.h:27:7:[m[K [01;36m[Knote: [m[K  candidate expects 1 argument, 10 provided
[01m[K/home/matheuswagner/repos/adaptive-cubesat-adcs/cubesat-simulation/src/controller/src/../include/controller_smartdata.h:27:7:[m[K [01;36m[Knote: [m[Kcandidate: ‘[01m[KControllerSmartData<HybridController, float>::ControllerSmartData(ControllerSmartData<HybridController, float>&&)[m[K’
[01m[K/home/matheuswagner/repos/adaptive-cubesat-adcs/cubesat-simulation/src/controller/src/../include/controller_smartdata.h:27:7:[m[K [01;36m[Knote: [m[K  candidate expects 1 argument, 10 provided
In file included from [01m[K/home/matheuswagner/repos/adaptive-cubesat-adcs/cubesat-simulation/src/controller/src/../include/local_smartdata.h:4[m[K,
                 from [01m[K/home/matheuswagner/repos/adaptive-cubesat-adcs/cubesat-simulation/src/controller/src/controller.cpp:1[m[K:
/home/matheuswagner/repos/adaptive-cubesat-adcs/cubesat-simulation/src/controller/src/../include/smartdata.h: In instantiation of ‘[01m[Kvoid SmartData<Value>::setValue(Value) [with Value = Eigen::Quaternion<float>][m[K’:
[01m[K/home/matheuswagner/repos/adaptive-cubesat-adcs/cubesat-simulation/src/controller/src/../include/../include/plugin_orientation_sensor.h:55:50:[m[K   required from here
[01m[K/home/matheuswagner/repos/adaptive-cubesat-adcs/cubesat-simulation/src/controller/src/../include/smartdata.h:40:37:[m[K [01;35m[Kwarning: [m[Kunused parameter ‘[01m[Kvalue[m[K’ [[01;35m[K-Wunused-parameter[m[K]
   40 |         virtual void setValue([01;35m[KValue value[m[K){}
      |                               [01;35m[K~~~~~~^~~~~[m[K
/home/matheuswagner/repos/adaptive-cubesat-adcs/cubesat-simulation/src/controller/src/../include/smartdata.h: In instantiation of ‘[01m[KValue SmartData<Value>::update() [with Value = Eigen::Quaternion<float>][m[K’:
[01m[K/home/matheuswagner/repos/adaptive-cubesat-adcs/cubesat-simulation/src/controller/src/../include/../include/plugin_orientation_sensor.h:56:37:[m[K   required from here
[01m[K/home/matheuswagner/repos/adaptive-cubesat-adcs/cubesat-simulation/src/controller/src/../include/smartdata.h:38:32:[m[K [01;35m[Kwarning: [m[Kno return statement in function returning non-void [[01;35m[K-Wreturn-type[m[K]
   38 |         virtual Value update(){[01;35m[K}[m[K
      |                                [01;35m[K^[m[K
/home/matheuswagner/repos/adaptive-cubesat-adcs/cubesat-simulation/src/controller/src/../include/smartdata.h: In instantiation of ‘[01m[Kvoid SmartData<Value>::setValue(Value) [with Value = float][m[K’:
[01m[K/home/matheuswagner/repos/adaptive-cubesat-adcs/cubesat-simulation/src/controller/src/../include/../include/plugin_gyroscope.h:49:50:[m[K   required from here
[01m[K/home/matheuswagner/repos/adaptive-cubesat-adcs/cubesat-simulation/src/controller/src/../include/smartdata.h:40:37:[m[K [01;35m[Kwarning: [m[Kunused parameter ‘[01m[Kvalue[m[K’ [[01;35m[K-Wunused-parameter[m[K]
   40 |         virtual void setValue([01;35m[KValue value[m[K){}
      |                               [01;35m[K~~~~~~^~~~~[m[K
/home/matheuswagner/repos/adaptive-cubesat-adcs/cubesat-simulation/src/controller/src/../include/smartdata.h: In instantiation of ‘[01m[KValue SmartData<Value>::update() [with Value = float][m[K’:
[01m[K/home/matheuswagner/repos/adaptive-cubesat-adcs/cubesat-simulation/src/controller/src/../include/../include/plugin_gyroscope.h:50:37:[m[K   required from here
[01m[K/home/matheuswagner/repos/adaptive-cubesat-adcs/cubesat-simulation/src/controller/src/../include/smartdata.h:38:32:[m[K [01;35m[Kwarning: [m[Kno return statement in function returning non-void [[01;35m[K-Wreturn-type[m[K]
   38 |         virtual Value update(){[01;35m[K}[m[K
      |                                [01;35m[K^[m[K
/home/matheuswagner/repos/adaptive-cubesat-adcs/cubesat-simulation/src/controller/src/../include/smartdata.h: In instantiation of ‘[01m[KValue SmartData<Value>::value() [with Value = float][m[K’:
[01m[K/home/matheuswagner/repos/adaptive-cubesat-adcs/cubesat-simulation/src/controller/src/../include/../include/plugin_motor_driver.h:45:51:[m[K   required from here
[01m[K/home/matheuswagner/repos/adaptive-cubesat-adcs/cubesat-simulation/src/controller/src/../include/smartdata.h:36:31:[m[K [01;35m[Kwarning: [m[Kno return statement in function returning non-void [[01;35m[K-Wreturn-type[m[K]
   36 |         virtual Value value(){[01;35m[K}[m[K
      |                               [01;35m[K^[m[K
In file included from [01m[K/home/matheuswagner/repos/adaptive-cubesat-adcs/cubesat-simulation/src/controller/src/../include/local_smartdata.h:9[m[K,
                 from [01m[K/home/matheuswagner/repos/adaptive-cubesat-adcs/cubesat-simulation/src/controller/src/controller.cpp:1[m[K:
/home/matheuswagner/repos/adaptive-cubesat-adcs/cubesat-simulation/src/controller/src/../include/controller_smartdata.h: In instantiation of ‘[01m[Kfloat ControllerSmartData<Controller, Value>::update() [with Controller = HybridController; Value = float][m[K’:
[01m[K/home/matheuswagner/repos/adaptive-cubesat-adcs/cubesat-simulation/src/controller/src/../include/controller_smartdata.h:163:15:[m[K   required from here
[01m[K/home/matheuswagner/repos/adaptive-cubesat-adcs/cubesat-simulation/src/controller/src/../include/controller_smartdata.h:165:29:[m[K [01;35m[Kwarning: [m[Kcomparison of integer expressions of different signedness: ‘[01m[Kint[m[K’ and ‘[01m[Kstd::vector<bool, std::allocator<bool> >::size_type[m[K’ {aka ‘[01m[Klong unsigned int[m[K’} [[01;35m[K-Wsign-compare[m[K]
  165 |             for(int i = 0; [01;35m[Ki<this->freshnessList.size()[m[K; i++)
      |                            [01;35m[K~^~~~~~~~~~~~~~~~~~~~~~~~~~~[m[K
[01m[K/home/matheuswagner/repos/adaptive-cubesat-adcs/cubesat-simulation/src/controller/src/../include/controller_smartdata.h:182:19:[m[K [01;31m[Kerror: [m[K‘[01m[Kclass ControllerSmartData<HybridController, float>[m[K’ has no member named ‘[01m[KnotifyObservers[m[K’
  182 |             [01;31m[Kthis->notifyObservers[m[K();
      |             [01;31m[K~~~~~~^~~~~~~~~~~~~~~[m[K
/home/matheuswagner/repos/adaptive-cubesat-adcs/cubesat-simulation/src/controller/src/../include/controller_smartdata.h: In instantiation of ‘[01m[Kvoid ControllerSmartData<Controller, Value>::notify(int) [with Controller = HybridController; Value = float][m[K’:
[01m[K/home/matheuswagner/repos/adaptive-cubesat-adcs/cubesat-simulation/src/controller/src/../include/controller_smartdata.h:196:14:[m[K   required from here
[01m[K/home/matheuswagner/repos/adaptive-cubesat-adcs/cubesat-simulation/src/controller/src/../include/controller_smartdata.h:202:29:[m[K [01;35m[Kwarning: [m[Kcomparison of integer expressions of different signedness: ‘[01m[Kint[m[K’ and ‘[01m[Kstd::vector<bool, std::allocator<bool> >::size_type[m[K’ {aka ‘[01m[Klong unsigned int[m[K’} [[01;35m[K-Wsign-compare[m[K]
  202 |             for(int i = 0; [01;35m[Ki<this->freshnessList.size()[m[K; i++)
      |                            [01;35m[K~^~~~~~~~~~~~~~~~~~~~~~~~~~~[m[K
In file included from [01m[K/home/matheuswagner/repos/adaptive-cubesat-adcs/cubesat-simulation/src/controller/src/../include/smartdata.h:7[m[K,
                 from [01m[K/home/matheuswagner/repos/adaptive-cubesat-adcs/cubesat-simulation/src/controller/src/../include/local_smartdata.h:4[m[K,
                 from [01m[K/home/matheuswagner/repos/adaptive-cubesat-adcs/cubesat-simulation/src/controller/src/controller.cpp:1[m[K:
/home/matheuswagner/repos/adaptive-cubesat-adcs/cubesat-simulation/src/controller/src/../include/transducer.h: In instantiation of ‘[01m[Kvoid Transducer<UNIT, Value>::actuate(const Value&) [with long unsigned int UNIT = 2; Value = float][m[K’:
[01m[K/home/matheuswagner/repos/adaptive-cubesat-adcs/cubesat-simulation/src/controller/src/../include/transducer.h:17:22:[m[K   required from here
[01m[K/home/matheuswagner/repos/adaptive-cubesat-adcs/cubesat-simulation/src/controller/src/../include/transducer.h:17:43:[m[K [01;35m[Kwarning: [m[Kunused parameter ‘[01m[Kvalue[m[K’ [[01;35m[K-Wunused-parameter[m[K]
   17 |         virtual void actuate([01;35m[Kconst Value &value[m[K){}
      |                              [01;35m[K~~~~~~~~~~~~~^~~~~[m[K
/home/matheuswagner/repos/adaptive-cubesat-adcs/cubesat-simulation/src/controller/src/../include/transducer.h: In instantiation of ‘[01m[KValue Transducer<UNIT, Value>::sense() [with long unsigned int UNIT = 2; Value = float][m[K’:
[01m[K/home/matheuswagner/repos/adaptive-cubesat-adcs/cubesat-simulation/src/controller/src/../include/transducer.h:16:23:[m[K   required from here
[01m[K/home/matheuswagner/repos/adaptive-cubesat-adcs/cubesat-simulation/src/controller/src/../include/transducer.h:16:31:[m[K [01;35m[Kwarning: [m[Kno return statement in function returning non-void [[01;35m[K-Wreturn-type[m[K]
   16 |         virtual Value sense(){[01;35m[K}[m[K
      |                               [01;35m[K^[m[K
/home/matheuswagner/repos/adaptive-cubesat-adcs/cubesat-simulation/src/controller/src/../include/transducer.h: In instantiation of ‘[01m[Kvoid Transducer<UNIT, Value>::actuate(const Value&) [with long unsigned int UNIT = 3; Value = float][m[K’:
[01m[K/home/matheuswagner/repos/adaptive-cubesat-adcs/cubesat-simulation/src/controller/src/../include/transducer.h:17:22:[m[K   required from here
[01m[K/home/matheuswagner/repos/adaptive-cubesat-adcs/cubesat-simulation/src/controller/src/../include/transducer.h:17:43:[m[K [01;35m[Kwarning: [m[Kunused parameter ‘[01m[Kvalue[m[K’ [[01;35m[K-Wunused-parameter[m[K]
   17 |         virtual void actuate([01;35m[Kconst Value &value[m[K){}
      |                              [01;35m[K~~~~~~~~~~~~~^~~~~[m[K
/home/matheuswagner/repos/adaptive-cubesat-adcs/cubesat-simulation/src/controller/src/../include/transducer.h: In instantiation of ‘[01m[KValue Transducer<UNIT, Value>::sense() [with long unsigned int UNIT = 3; Value = float][m[K’:
[01m[K/home/matheuswagner/repos/adaptive-cubesat-adcs/cubesat-simulation/src/controller/src/../include/transducer.h:16:23:[m[K   required from here
[01m[K/home/matheuswagner/repos/adaptive-cubesat-adcs/cubesat-simulation/src/controller/src/../include/transducer.h:16:31:[m[K [01;35m[Kwarning: [m[Kno return statement in function returning non-void [[01;35m[K-Wreturn-type[m[K]
   16 |         virtual Value sense(){[01;35m[K}[m[K
      |                               [01;35m[K^[m[K
In file included from [01m[K/home/matheuswagner/repos/adaptive-cubesat-adcs/cubesat-simulation/src/controller/src/../include/local_smartdata.h:4[m[K,
                 from [01m[K/home/matheuswagner/repos/adaptive-cubesat-adcs/cubesat-simulation/src/controller/src/controller.cpp:1[m[K:
/home/matheuswagner/repos/adaptive-cubesat-adcs/cubesat-simulation/src/controller/src/../include/smartdata.h: In instantiation of ‘[01m[KValue SmartData<Value>::value() [with Value = Eigen::Quaternion<float>][m[K’:
[01m[K/home/matheuswagner/repos/adaptive-cubesat-adcs/cubesat-simulation/src/controller/src/../include/smartdata.h:36:23:[m[K   required from here
[01m[K/home/matheuswagner/repos/adaptive-cubesat-adcs/cubesat-simulation/src/controller/src/../include/smartdata.h:36:31:[m[K [01;35m[Kwarning: [m[Kno return statement in function returning non-void [[01;35m[K-Wreturn-type[m[K]
   36 |         virtual Value value(){[01;35m[K}[m[K
      |                               [01;35m[K^[m[K
In file included from [01m[K/home/matheuswagner/repos/adaptive-cubesat-adcs/cubesat-simulation/src/controller/src/../include/smartdata.h:7[m[K,
                 from [01m[K/home/matheuswagner/repos/adaptive-cubesat-adcs/cubesat-simulation/src/controller/src/../include/local_smartdata.h:4[m[K,
                 from [01m[K/home/matheuswagner/repos/adaptive-cubesat-adcs/cubesat-simulation/src/controller/src/controller.cpp:1[m[K:
/home/matheuswagner/repos/adaptive-cubesat-adcs/cubesat-simulation/src/controller/src/../include/transducer.h: In instantiation of ‘[01m[Kvoid Transducer<UNIT, Value>::actuate(const Value&) [with long unsigned int UNIT = 4; Value = Eigen::Quaternion<float>][m[K’:
[01m[K/home/matheuswagner/repos/adaptive-cubesat-adcs/cubesat-simulation/src/controller/src/../include/transducer.h:17:22:[m[K   required from here
[01m[K/home/matheuswagner/repos/adaptive-cubesat-adcs/cubesat-simulation/src/controller/src/../include/transducer.h:17:43:[m[K [01;35m[Kwarning: [m[Kunused parameter ‘[01m[Kvalue[m[K’ [[01;35m[K-Wunused-parameter[m[K]
   17 |         virtual void actuate([01;35m[Kconst Value &value[m[K){}
      |                              [01;35m[K~~~~~~~~~~~~~^~~~~[m[K
/home/matheuswagner/repos/adaptive-cubesat-adcs/cubesat-simulation/src/controller/src/../include/transducer.h: In instantiation of ‘[01m[KValue Transducer<UNIT, Value>::sense() [with long unsigned int UNIT = 4; Value = Eigen::Quaternion<float>][m[K’:
[01m[K/home/matheuswagner/repos/adaptive-cubesat-adcs/cubesat-simulation/src/controller/src/../include/transducer.h:16:23:[m[K   required from here
[01m[K/home/matheuswagner/repos/adaptive-cubesat-adcs/cubesat-simulation/src/controller/src/../include/transducer.h:16:31:[m[K [01;35m[Kwarning: [m[Kno return statement in function returning non-void [[01;35m[K-Wreturn-type[m[K]
   16 |         virtual Value sense(){[01;35m[K}[m[K
      |                               [01;35m[K^[m[K
make[2]: *** [CMakeFiles/controller.dir/build.make:63: CMakeFiles/controller.dir/src/controller.cpp.o] Error 1
make[1]: *** [CMakeFiles/Makefile2:78: CMakeFiles/controller.dir/all] Error 2
make: *** [Makefile:141: all] Error 2
