[01m[K/home/matheuswagner/repos/adaptive-cubesat-adcs/cubesat-simulation/src/cubesat_sensors/src/imu_adapter.cpp:[m[K In constructor ‘[01m[KImuAdapter::ImuAdapter()[m[K’:
[01m[K/home/matheuswagner/repos/adaptive-cubesat-adcs/cubesat-simulation/src/cubesat_sensors/src/imu_adapter.cpp:30:66:[m[K [01;31m[Kerror: [m[Kfound ‘[01m[K:[m[K’ in nested-name-specifier, expected ‘[01m[K::[m[K’
   30 |       orientationPublisher = this->create_publisher<geometry_msgs[01;31m[K:[m[Kmsg:::Quaternion>("imu_orientation", 10);
      |                                                                  [01;31m[K^[m[K
      |                                                                  [32m[K::[m[K
[01m[K/home/matheuswagner/repos/adaptive-cubesat-adcs/cubesat-simulation/src/cubesat_sensors/src/imu_adapter.cpp:30:36:[m[K [01;31m[Kerror: [m[Kparse error in template argument list
   30 |       orientationPublisher = this->[01;31m[Kcreate_publisher<geometry_msgs:msg:::Quaternion>[m[K("imu_orientation", 10);
      |                                    [01;31m[K^~~~~~~~~~~~~~~~~~~~~~~~~~~~~~~~~~~~~~~~~~~~~~~~[m[K
[01m[K/home/matheuswagner/repos/adaptive-cubesat-adcs/cubesat-simulation/src/cubesat_sensors/src/imu_adapter.cpp:30:106:[m[K [01;31m[Kerror: [m[Kno matching function for call to ‘[01m[KImuAdapter::create_publisher<<expression error> >(const char [16], int)[m[K’
   30 |       orientationPublisher = this->create_publisher<geometry_msgs:msg:::Quaternion>("imu_orientation", 10[01;31m[K)[m[K;
      |                                                                                                          [01;31m[K^[m[K
In file included from [01m[K/opt/ros/foxy/include/rclcpp/node.hpp:1224[m[K,
                 from [01m[K/opt/ros/foxy/include/rclcpp/executors/single_threaded_executor.hpp:28[m[K,
                 from [01m[K/opt/ros/foxy/include/rclcpp/executors.hpp:22[m[K,
                 from [01m[K/opt/ros/foxy/include/rclcpp/rclcpp.hpp:146[m[K,
                 from [01m[K/home/matheuswagner/repos/adaptive-cubesat-adcs/cubesat-simulation/src/cubesat_sensors/src/imu_adapter.cpp:8[m[K:
[01m[K/opt/ros/foxy/include/rclcpp/node_impl.hpp:71:1:[m[K [01;36m[Knote: [m[Kcandidate: ‘[01m[Ktemplate<class MessageT, class AllocatorT, class PublisherT> std::shared_ptr<PublisherT> rclcpp::Node::create_publisher(const string&, const rclcpp::QoS&, const rclcpp::PublisherOptionsWithAllocator<AllocatorT>&)[m[K’
   71 | [01;36m[KNode[m[K::create_publisher(
      | [01;36m[K^~~~[m[K
[01m[K/opt/ros/foxy/include/rclcpp/node_impl.hpp:71:1:[m[K [01;36m[Knote: [m[K  template argument deduction/substitution failed:
[01m[K/home/matheuswagner/repos/adaptive-cubesat-adcs/cubesat-simulation/src/cubesat_sensors/src/imu_adapter.cpp:30:106:[m[K [01;31m[Kerror: [m[Ktemplate argument 1 is invalid
   30 |       orientationPublisher = this->create_publisher<geometry_msgs:msg:::Quaternion>("imu_orientation", 10[01;31m[K)[m[K;
      |                                                                                                          [01;31m[K^[m[K
[01m[K/home/matheuswagner/repos/adaptive-cubesat-adcs/cubesat-simulation/src/cubesat_sensors/src/imu_adapter.cpp:[m[K In member function ‘[01m[Kvoid ImuAdapter::AtMessageArival(sensor_msgs::msg::Imu_<std::allocator<void> >::SharedPtr)[m[K’:
[01m[K/home/matheuswagner/repos/adaptive-cubesat-adcs/cubesat-simulation/src/cubesat_sensors/src/imu_adapter.cpp:106:46:[m[K [01;31m[Kerror: [m[Kfound ‘[01m[K:[m[K’ in nested-name-specifier, expected ‘[01m[K::[m[K’
  106 |       auto messageOrientation = geometry_msgs[01;31m[K:[m[Kmsg:::Quaternion();
      |                                              [01;31m[K^[m[K
      |                                              [32m[K::[m[K
[01m[K/home/matheuswagner/repos/adaptive-cubesat-adcs/cubesat-simulation/src/cubesat_sensors/src/imu_adapter.cpp:106:52:[m[K [01;31m[Kerror: [m[Kexpected unqualified-id before ‘[01m[K:[m[K’ token
  106 |       auto messageOrientation = geometry_msgs:msg::[01;31m[K:[m[KQuaternion();
      |                                                    [01;31m[K^[m[K
make[2]: *** [CMakeFiles/imu_adapter.dir/build.make:63: CMakeFiles/imu_adapter.dir/src/imu_adapter.cpp.o] Error 1
make[1]: *** [CMakeFiles/Makefile2:78: CMakeFiles/imu_adapter.dir/all] Error 2
make: *** [Makefile:141: all] Error 2
