In file included from [01m[K/home/matheuswagner/repos/adaptive-cubesat-adcs/cubesat-simulation/src/concept/src/../include/smartdata.h:5:0[m[K,
                 from [01m[K/home/matheuswagner/repos/adaptive-cubesat-adcs/cubesat-simulation/src/concept/src/../include/local_smartdata.h:4[m[K,
                 from [01m[K/home/matheuswagner/repos/adaptive-cubesat-adcs/cubesat-simulation/src/concept/src/concept.cpp:1[m[K:
[01m[K/home/matheuswagner/repos/adaptive-cubesat-adcs/cubesat-simulation/src/concept/src/../include/observer.h:[m[K In member function ‘[01m[Kvirtual void Observer::notify(int)[m[K’:
[01m[K/home/matheuswagner/repos/adaptive-cubesat-adcs/cubesat-simulation/src/concept/src/../include/observer.h:8:33:[m[K [01;35m[Kwarning: [m[Kunused parameter ‘[01m[Kid[m[K’ [[01;35m[K-Wunused-parameter[m[K]
         virtual void notify(int [01;35m[Kid[m[K){};
                                 [01;35m[K^~[m[K
In file included from [01m[K/home/matheuswagner/repos/adaptive-cubesat-adcs/cubesat-simulation/src/concept/src/concept.cpp:5:0[m[K:
[01m[K/home/matheuswagner/repos/adaptive-cubesat-adcs/cubesat-simulation/src/concept/src/../include/proportional_controller.h:[m[K In member function ‘[01m[Kvirtual void ProportionalController::control()[m[K’:
[01m[K/home/matheuswagner/repos/adaptive-cubesat-adcs/cubesat-simulation/src/concept/src/../include/proportional_controller.h:36:29:[m[K [01;35m[Kwarning: [m[Kcomparison between signed and unsigned integer expressions [[01;35m[K-Wsign-compare[m[K]
             for(int i = 0; [01;35m[Ki<this->inputSmartData->size()[m[K; i++)
                            [01;35m[K~^~~~~~~~~~~~~~~~~~~~~~~~~~~~~[m[K
[01m[K/home/matheuswagner/repos/adaptive-cubesat-adcs/cubesat-simulation/src/concept/src/../include/proportional_controller.h:40:29:[m[K [01;35m[Kwarning: [m[Kcomparison between signed and unsigned integer expressions [[01;35m[K-Wsign-compare[m[K]
             for(int i = 0; [01;35m[Ki<this->outputSmartData->size()[m[K; i++)
                            [01;35m[K~^~~~~~~~~~~~~~~~~~~~~~~~~~~~~~[m[K
In file included from [01m[K/home/matheuswagner/repos/adaptive-cubesat-adcs/cubesat-simulation/src/concept/src/../include/local_smartdata.h:4:0[m[K,
                 from [01m[K/home/matheuswagner/repos/adaptive-cubesat-adcs/cubesat-simulation/src/concept/src/concept.cpp:1[m[K:
/home/matheuswagner/repos/adaptive-cubesat-adcs/cubesat-simulation/src/concept/src/../include/smartdata.h: In instantiation of ‘[01m[Kvoid SmartData::setValue(Value) [with Value = float][m[K’:
[01m[K/home/matheuswagner/repos/adaptive-cubesat-adcs/cubesat-simulation/src/concept/src/../include/plugin_amperimeter.h:47:50:[m[K   required from here
[01m[K/home/matheuswagner/repos/adaptive-cubesat-adcs/cubesat-simulation/src/concept/src/../include/smartdata.h:41:29:[m[K [01;35m[Kwarning: [m[Kunused parameter ‘[01m[Kvalue[m[K’ [[01;35m[K-Wunused-parameter[m[K]
         void setValue(Value [01;35m[Kvalue[m[K){}
                             [01;35m[K^~~~~[m[K
/home/matheuswagner/repos/adaptive-cubesat-adcs/cubesat-simulation/src/concept/src/../include/smartdata.h: In instantiation of ‘[01m[KValue SmartData::update() [with Value = float][m[K’:
[01m[K/home/matheuswagner/repos/adaptive-cubesat-adcs/cubesat-simulation/src/concept/src/../include/plugin_amperimeter.h:48:44:[m[K   required from here
[01m[K/home/matheuswagner/repos/adaptive-cubesat-adcs/cubesat-simulation/src/concept/src/../include/smartdata.h:38:24:[m[K [01;35m[Kwarning: [m[Kno return statement in function returning non-void [[01;35m[K-Wreturn-type[m[K]
         Value update(){[01;35m[K}[m[K
                        [01;35m[K^[m[K
/home/matheuswagner/repos/adaptive-cubesat-adcs/cubesat-simulation/src/concept/src/../include/smartdata.h: In instantiation of ‘[01m[KValue SmartData::value() [with Value = float][m[K’:
[01m[K/home/matheuswagner/repos/adaptive-cubesat-adcs/cubesat-simulation/src/concept/src/../include/plugin_motor_driver.h:44:58:[m[K   required from here
[01m[K/home/matheuswagner/repos/adaptive-cubesat-adcs/cubesat-simulation/src/concept/src/../include/smartdata.h:35:23:[m[K [01;35m[Kwarning: [m[Kno return statement in function returning non-void [[01;35m[K-Wreturn-type[m[K]
         Value value(){[01;35m[K}[m[K
                       [01;35m[K^[m[K
In file included from [01m[K/usr/include/c++/7/bits/stl_list.h:64:0[m[K,
                 from [01m[K/usr/include/c++/7/list:63[m[K,
                 from [01m[K/home/matheuswagner/repos/adaptive-cubesat-adcs/cubesat-simulation/src/concept/src/../include/observed.h:4[m[K,
                 from [01m[K/home/matheuswagner/repos/adaptive-cubesat-adcs/cubesat-simulation/src/concept/src/../include/smartdata.h:4[m[K,
                 from [01m[K/home/matheuswagner/repos/adaptive-cubesat-adcs/cubesat-simulation/src/concept/src/../include/local_smartdata.h:4[m[K,
                 from [01m[K/home/matheuswagner/repos/adaptive-cubesat-adcs/cubesat-simulation/src/concept/src/concept.cpp:1[m[K:
/usr/include/c++/7/ext/aligned_buffer.h: In instantiation of ‘[01m[Kstruct __gnu_cxx::__aligned_membuf<SmartData>::_Tp2[m[K’:
[01m[K/usr/include/c++/7/ext/aligned_buffer.h:54:27:[m[K   required from ‘[01m[Kstruct __gnu_cxx::__aligned_membuf<SmartData>[m[K’
[01m[K/usr/include/c++/7/bits/stl_list.h:112:40:[m[K   required from ‘[01m[Kstruct std::_List_node<SmartData>[m[K’
[01m[K/usr/include/c++/7/bits/list.tcc:72:19:[m[K   required from ‘[01m[Kvoid std::__cxx11::_List_base<_Tp, _Alloc>::_M_clear() [with _Tp = SmartData; _Alloc = std::allocator<SmartData>][m[K’
[01m[K/usr/include/c++/7/bits/stl_list.h:442:17:[m[K   required from ‘[01m[Kstd::__cxx11::_List_base<_Tp, _Alloc>::~_List_base() [with _Tp = SmartData; _Alloc = std::allocator<SmartData>][m[K’
[01m[K/usr/include/c++/7/bits/stl_list.h:733:7:[m[K   required from here
[01m[K/usr/include/c++/7/ext/aligned_buffer.h:52:25:[m[K [01;31m[Kerror: [m[Kcannot declare field ‘[01m[K__gnu_cxx::__aligned_membuf<SmartData>::_Tp2::_M_t[m[K’ to be of abstract type ‘[01m[KSmartData[m[K’
       struct _Tp2 { _Tp [01;31m[K_M_t[m[K; };
                         [01;31m[K^~~~[m[K
In file included from [01m[K/home/matheuswagner/repos/adaptive-cubesat-adcs/cubesat-simulation/src/concept/src/../include/local_smartdata.h:4:0[m[K,
                 from [01m[K/home/matheuswagner/repos/adaptive-cubesat-adcs/cubesat-simulation/src/concept/src/concept.cpp:1[m[K:
[01m[K/home/matheuswagner/repos/adaptive-cubesat-adcs/cubesat-simulation/src/concept/src/../include/smartdata.h:9:7:[m[K [01;36m[Knote: [m[K  because the following virtual functions are pure within ‘[01m[KSmartData[m[K’:
 class [01;36m[KSmartData[m[K
       [01;36m[K^~~~~~~~~[m[K
[01m[K/home/matheuswagner/repos/adaptive-cubesat-adcs/cubesat-simulation/src/concept/src/../include/smartdata.h:43:22:[m[K [01;36m[Knote: [m[K	virtual void SmartData::wait()
         virtual void [01;36m[Kwait[m[K() =0;
                      [01;36m[K^~~~[m[K
In file included from [01m[K/usr/include/x86_64-linux-gnu/c++/7/bits/c++allocator.h:33:0[m[K,
                 from [01m[K/usr/include/c++/7/bits/allocator.h:46[m[K,
                 from [01m[K/usr/include/c++/7/list:61[m[K,
                 from [01m[K/home/matheuswagner/repos/adaptive-cubesat-adcs/cubesat-simulation/src/concept/src/../include/observed.h:4[m[K,
                 from [01m[K/home/matheuswagner/repos/adaptive-cubesat-adcs/cubesat-simulation/src/concept/src/../include/smartdata.h:4[m[K,
                 from [01m[K/home/matheuswagner/repos/adaptive-cubesat-adcs/cubesat-simulation/src/concept/src/../include/local_smartdata.h:4[m[K,
                 from [01m[K/home/matheuswagner/repos/adaptive-cubesat-adcs/cubesat-simulation/src/concept/src/concept.cpp:1[m[K:
/usr/include/c++/7/ext/new_allocator.h: In instantiation of ‘[01m[Kvoid __gnu_cxx::new_allocator<_Tp>::construct(_Up*, _Args&& ...) [with _Up = SmartData; _Args = {const SmartData&}; _Tp = std::_List_node<SmartData>][m[K’:
[01m[K/usr/include/c++/7/bits/alloc_traits.h:475:4:[m[K   required from ‘[01m[Kstatic void std::allocator_traits<std::allocator<_Tp1> >::construct(std::allocator_traits<std::allocator<_Tp1> >::allocator_type&, _Up*, _Args&& ...) [with _Up = SmartData; _Args = {const SmartData&}; _Tp = std::_List_node<SmartData>; std::allocator_traits<std::allocator<_Tp1> >::allocator_type = std::allocator<std::_List_node<SmartData> >][m[K’
[01m[K/usr/include/c++/7/bits/stl_list.h:575:33:[m[K   required from ‘[01m[Kstd::__cxx11::list<_Tp, _Alloc>::_Node* std::__cxx11::list<_Tp, _Alloc>::_M_create_node(_Args&& ...) [with _Args = {const SmartData&}; _Tp = SmartData; _Alloc = std::allocator<SmartData>; std::__cxx11::list<_Tp, _Alloc>::_Node = std::_List_node<SmartData>][m[K’
[01m[K/usr/include/c++/7/bits/stl_list.h:1801:32:[m[K   required from ‘[01m[Kvoid std::__cxx11::list<_Tp, _Alloc>::_M_insert(std::__cxx11::list<_Tp, _Alloc>::iterator, _Args&& ...) [with _Args = {const SmartData&}; _Tp = SmartData; _Alloc = std::allocator<SmartData>; std::__cxx11::list<_Tp, _Alloc>::iterator = std::_List_iterator<SmartData>][m[K’
[01m[K/usr/include/c++/7/bits/stl_list.h:1118:9:[m[K   required from ‘[01m[Kvoid std::__cxx11::list<_Tp, _Alloc>::push_back(const value_type&) [with _Tp = SmartData; _Alloc = std::allocator<SmartData>; std::__cxx11::list<_Tp, _Alloc>::value_type = SmartData][m[K’
[01m[K/home/matheuswagner/repos/adaptive-cubesat-adcs/cubesat-simulation/src/concept/src/concept.cpp:17:34:[m[K   required from here
[01m[K/usr/include/c++/7/ext/new_allocator.h:136:4:[m[K [01;31m[Kerror: [m[Kinvalid new-expression of abstract class type ‘[01m[KSmartData[m[K’
  { [01;31m[K::new((void *)__p) _Up(std::forward<_Args>(__args)...)[m[K; }
    [01;31m[K^~~~~~~~~~~~~~~~~~~~~~~~~~~~~~~~~~~~~~~~~~~~~~~~~~~~~~[m[K
In file included from [01m[K/home/matheuswagner/repos/adaptive-cubesat-adcs/cubesat-simulation/src/concept/src/../include/smartdata.h:7:0[m[K,
                 from [01m[K/home/matheuswagner/repos/adaptive-cubesat-adcs/cubesat-simulation/src/concept/src/../include/local_smartdata.h:4[m[K,
                 from [01m[K/home/matheuswagner/repos/adaptive-cubesat-adcs/cubesat-simulation/src/concept/src/concept.cpp:1[m[K:
/home/matheuswagner/repos/adaptive-cubesat-adcs/cubesat-simulation/src/concept/src/../include/transducer.h: In instantiation of ‘[01m[Kvoid Transducer<UNIT, Value>::actuate(const Value&) [with long unsigned int UNIT = 2; Value = float][m[K’:
[01m[K/home/matheuswagner/repos/adaptive-cubesat-adcs/cubesat-simulation/src/concept/src/concept.cpp:46:1:[m[K   required from here
[01m[K/home/matheuswagner/repos/adaptive-cubesat-adcs/cubesat-simulation/src/concept/src/../include/transducer.h:17:43:[m[K [01;35m[Kwarning: [m[Kunused parameter ‘[01m[Kvalue[m[K’ [[01;35m[K-Wunused-parameter[m[K]
         virtual void actuate(const Value &[01;35m[Kvalue[m[K){}
                                           [01;35m[K^~~~~[m[K
/home/matheuswagner/repos/adaptive-cubesat-adcs/cubesat-simulation/src/concept/src/../include/transducer.h: In instantiation of ‘[01m[KValue Transducer<UNIT, Value>::sense() [with long unsigned int UNIT = 2; Value = float][m[K’:
[01m[K/home/matheuswagner/repos/adaptive-cubesat-adcs/cubesat-simulation/src/concept/src/concept.cpp:46:1:[m[K   required from here
[01m[K/home/matheuswagner/repos/adaptive-cubesat-adcs/cubesat-simulation/src/concept/src/../include/transducer.h:16:31:[m[K [01;35m[Kwarning: [m[Kno return statement in function returning non-void [[01;35m[K-Wreturn-type[m[K]
         virtual Value sense(){[01;35m[K}[m[K
                               [01;35m[K^[m[K
/home/matheuswagner/repos/adaptive-cubesat-adcs/cubesat-simulation/src/concept/src/../include/transducer.h: In instantiation of ‘[01m[Kvoid Transducer<UNIT, Value>::actuate(const Value&) [with long unsigned int UNIT = 1; Value = float][m[K’:
[01m[K/home/matheuswagner/repos/adaptive-cubesat-adcs/cubesat-simulation/src/concept/src/concept.cpp:46:1:[m[K   required from here
[01m[K/home/matheuswagner/repos/adaptive-cubesat-adcs/cubesat-simulation/src/concept/src/../include/transducer.h:17:43:[m[K [01;35m[Kwarning: [m[Kunused parameter ‘[01m[Kvalue[m[K’ [[01;35m[K-Wunused-parameter[m[K]
         virtual void actuate(const Value &[01;35m[Kvalue[m[K){}
                                           [01;35m[K^~~~~[m[K
/home/matheuswagner/repos/adaptive-cubesat-adcs/cubesat-simulation/src/concept/src/../include/transducer.h: In instantiation of ‘[01m[KValue Transducer<UNIT, Value>::sense() [with long unsigned int UNIT = 1; Value = float][m[K’:
[01m[K/home/matheuswagner/repos/adaptive-cubesat-adcs/cubesat-simulation/src/concept/src/concept.cpp:46:1:[m[K   required from here
[01m[K/home/matheuswagner/repos/adaptive-cubesat-adcs/cubesat-simulation/src/concept/src/../include/transducer.h:16:31:[m[K [01;35m[Kwarning: [m[Kno return statement in function returning non-void [[01;35m[K-Wreturn-type[m[K]
         virtual Value sense(){[01;35m[K}[m[K
                               [01;35m[K^[m[K
make[2]: *** [CMakeFiles/concept.dir/src/concept.cpp.o] Error 1
make[1]: *** [CMakeFiles/concept.dir/all] Error 2
make: *** [all] Error 2
