[0.065s] Invoking command in '/home/matheuswagner/repos/adaptive-cubesat-adcs/cubesat-simulation/build/concept': CMAKE_PREFIX_PATH=${CMAKE_PREFIX_PATH}:/home/matheuswagner/repos/adaptive-cubesat-adcs/cubesat-simulation/install/cubesat_description:/opt/ros/dashing /usr/local/bin/cmake --build /home/matheuswagner/repos/adaptive-cubesat-adcs/cubesat-simulation/build/concept -- -j8 -l8
[0.101s] [ 50%] [32mBuilding CXX object CMakeFiles/concept.dir/src/concept.cpp.o[0m
[0.253s] In file included from [01m[K/home/matheuswagner/repos/adaptive-cubesat-adcs/cubesat-simulation/src/concept/src/../include/smartdata.h:5:0[m[K,
[0.253s]                  from [01m[K/home/matheuswagner/repos/adaptive-cubesat-adcs/cubesat-simulation/src/concept/src/../include/local_smartdata.h:4[m[K,
[0.253s]                  from [01m[K/home/matheuswagner/repos/adaptive-cubesat-adcs/cubesat-simulation/src/concept/src/concept.cpp:1[m[K:
[0.253s] [01m[K/home/matheuswagner/repos/adaptive-cubesat-adcs/cubesat-simulation/src/concept/src/../include/observer.h:[m[K In member function ‘[01m[Kvirtual void Observer::notify(int)[m[K’:
[0.253s] [01m[K/home/matheuswagner/repos/adaptive-cubesat-adcs/cubesat-simulation/src/concept/src/../include/observer.h:8:33:[m[K [01;35m[Kwarning: [m[Kunused parameter ‘[01m[Kid[m[K’ [[01;35m[K-Wunused-parameter[m[K]
[0.253s]          virtual void notify(int [01;35m[Kid[m[K){};
[0.253s]                                  [01;35m[K^~[m[K
[1.554s] In file included from [01m[K/home/matheuswagner/ros2_dashing/ros2-linux/include/rclcpp/client.hpp:39:0[m[K,
[1.555s]                  from [01m[K/home/matheuswagner/ros2_dashing/ros2-linux/include/rclcpp/callback_group.hpp:23[m[K,
[1.555s]                  from [01m[K/home/matheuswagner/ros2_dashing/ros2-linux/include/rclcpp/any_executable.hpp:20[m[K,
[1.555s]                  from [01m[K/home/matheuswagner/ros2_dashing/ros2-linux/include/rclcpp/memory_strategy.hpp:24[m[K,
[1.555s]                  from [01m[K/home/matheuswagner/ros2_dashing/ros2-linux/include/rclcpp/memory_strategies.hpp:18[m[K,
[1.555s]                  from [01m[K/home/matheuswagner/ros2_dashing/ros2-linux/include/rclcpp/executor.hpp:33[m[K,
[1.555s]                  from [01m[K/home/matheuswagner/ros2_dashing/ros2-linux/include/rclcpp/executors/multi_threaded_executor.hpp:24[m[K,
[1.555s]                  from [01m[K/home/matheuswagner/ros2_dashing/ros2-linux/include/rclcpp/executors.hpp:21[m[K,
[1.555s]                  from [01m[K/home/matheuswagner/ros2_dashing/ros2-linux/include/rclcpp/rclcpp.hpp:144[m[K,
[1.555s]                  from [01m[K/home/matheuswagner/repos/adaptive-cubesat-adcs/cubesat-simulation/src/concept/src/../include/local_smartdata.h:7[m[K,
[1.556s]                  from [01m[K/home/matheuswagner/repos/adaptive-cubesat-adcs/cubesat-simulation/src/concept/src/concept.cpp:1[m[K:
[1.556s] [01m[K/home/matheuswagner/repos/adaptive-cubesat-adcs/cubesat-simulation/src/concept/src/../include/plugin_amperimeter.h:[m[K In member function ‘[01m[Kvoid PluginAmperimeter::handleInterrupt(std_msgs::msg::Float32_<std::allocator<void> >::SharedPtr)[m[K’:
[1.556s] [01m[K/home/matheuswagner/repos/adaptive-cubesat-adcs/cubesat-simulation/src/concept/src/../include/plugin_amperimeter.h:48:75:[m[K [01;31m[Kerror: [m[K‘[01m[Kclass PluginAmperimeter[m[K’ has no member named ‘[01m[Ksmardata[m[K’; did you mean ‘[01m[Ksmartdata[m[K’?
[1.556s]              RCLCPP_INFO(this->get_logger(), "I'm Reading data! %f", this->[01;31m[Ks[m[Kmardata->value());
[1.556s]                                                                            [01;31m[K^[m[K
[1.556s] [01m[K/home/matheuswagner/ros2_dashing/ros2-linux/include/rcutils/logging_macros.h:72:64:[m[K [01;36m[Knote: [m[Kin definition of macro ‘[01m[KRCUTILS_LOG_COND_NAMED[m[K’
[1.556s]        rcutils_log(&__rcutils_logging_location, severity, name, [01;36m[K__VA_ARGS__[m[K); \
[1.556s]                                                                 [01;36m[K^~~~~~~~~~~[m[K
[1.557s] [01m[K/home/matheuswagner/ros2_dashing/ros2-linux/include/rclcpp/logging.hpp:218:5:[m[K [01;36m[Knote: [m[Kin expansion of macro ‘[01m[KRCUTILS_LOG_INFO_NAMED[m[K’
[1.557s]      [01;36m[KRCUTILS_LOG_INFO_NAMED[m[K( \
[1.557s]      [01;36m[K^~~~~~~~~~~~~~~~~~~~~~[m[K
[1.557s] [01m[K/home/matheuswagner/ros2_dashing/ros2-linux/include/rclcpp/logging.hpp:221:9:[m[K [01;36m[Knote: [m[Kin expansion of macro ‘[01m[KRCLCPP_ALL_BUT_FIRST_ARGS[m[K’
[1.557s]          [01;36m[KRCLCPP_ALL_BUT_FIRST_ARGS[m[K(__VA_ARGS__,"")); \
[1.557s]          [01;36m[K^~~~~~~~~~~~~~~~~~~~~~~~~[m[K
[1.557s] [01m[K/home/matheuswagner/repos/adaptive-cubesat-adcs/cubesat-simulation/src/concept/src/../include/plugin_amperimeter.h:48:13:[m[K [01;36m[Knote: [m[Kin expansion of macro ‘[01m[KRCLCPP_INFO[m[K’
[1.557s]              [01;36m[KRCLCPP_INFO[m[K(this->get_logger(), "I'm Reading data! %f", this->smardata->value());
[1.558s]              [01;36m[K^~~~~~~~~~~[m[K
[1.580s] In file included from [01m[K/home/matheuswagner/repos/adaptive-cubesat-adcs/cubesat-simulation/src/concept/src/concept.cpp:5:0[m[K:
[1.581s] [01m[K/home/matheuswagner/repos/adaptive-cubesat-adcs/cubesat-simulation/src/concept/src/../include/proportional_controller.h:[m[K In member function ‘[01m[Kvirtual void ProportionalController::control()[m[K’:
[1.581s] [01m[K/home/matheuswagner/repos/adaptive-cubesat-adcs/cubesat-simulation/src/concept/src/../include/proportional_controller.h:36:29:[m[K [01;35m[Kwarning: [m[Kcomparison between signed and unsigned integer expressions [[01;35m[K-Wsign-compare[m[K]
[1.581s]              for(int i = 0; [01;35m[Ki<this->inputSmartData.size()[m[K; i++)
[1.581s]                             [01;35m[K~^~~~~~~~~~~~~~~~~~~~~~~~~~~~[m[K
[1.581s] [01m[K/home/matheuswagner/repos/adaptive-cubesat-adcs/cubesat-simulation/src/concept/src/../include/proportional_controller.h:40:29:[m[K [01;35m[Kwarning: [m[Kcomparison between signed and unsigned integer expressions [[01;35m[K-Wsign-compare[m[K]
[1.581s]              for(int i = 0; [01;35m[Ki<this->outputSmartData.size()[m[K; i++)
[1.581s]                             [01;35m[K~^~~~~~~~~~~~~~~~~~~~~~~~~~~~~[m[K
[1.689s] In file included from [01m[K/home/matheuswagner/repos/adaptive-cubesat-adcs/cubesat-simulation/src/concept/src/../include/local_smartdata.h:4:0[m[K,
[1.689s]                  from [01m[K/home/matheuswagner/repos/adaptive-cubesat-adcs/cubesat-simulation/src/concept/src/concept.cpp:1[m[K:
[1.690s] /home/matheuswagner/repos/adaptive-cubesat-adcs/cubesat-simulation/src/concept/src/../include/smartdata.h: In instantiation of ‘[01m[Kvoid SmartData::setValue(Value) [with Value = float][m[K’:
[1.690s] [01m[K/home/matheuswagner/repos/adaptive-cubesat-adcs/cubesat-simulation/src/concept/src/../include/plugin_amperimeter.h:47:50:[m[K   required from here
[1.690s] [01m[K/home/matheuswagner/repos/adaptive-cubesat-adcs/cubesat-simulation/src/concept/src/../include/smartdata.h:41:29:[m[K [01;35m[Kwarning: [m[Kunused parameter ‘[01m[Kvalue[m[K’ [[01;35m[K-Wunused-parameter[m[K]
[1.690s]          void setValue(Value [01;35m[Kvalue[m[K){}
[1.690s]                              [01;35m[K^~~~~[m[K
[1.690s] /home/matheuswagner/repos/adaptive-cubesat-adcs/cubesat-simulation/src/concept/src/../include/smartdata.h: In instantiation of ‘[01m[KValue SmartData::update() [with Value = float][m[K’:
[1.690s] [01m[K/home/matheuswagner/repos/adaptive-cubesat-adcs/cubesat-simulation/src/concept/src/../include/plugin_amperimeter.h:49:44:[m[K   required from here
[1.691s] [01m[K/home/matheuswagner/repos/adaptive-cubesat-adcs/cubesat-simulation/src/concept/src/../include/smartdata.h:38:24:[m[K [01;35m[Kwarning: [m[Kno return statement in function returning non-void [[01;35m[K-Wreturn-type[m[K]
[1.691s]          Value update(){[01;35m[K}[m[K
[1.691s]                         [01;35m[K^[m[K
[1.691s] /home/matheuswagner/repos/adaptive-cubesat-adcs/cubesat-simulation/src/concept/src/../include/smartdata.h: In instantiation of ‘[01m[KValue SmartData::value() [with Value = float][m[K’:
[1.691s] [01m[K/home/matheuswagner/repos/adaptive-cubesat-adcs/cubesat-simulation/src/concept/src/../include/plugin_motor_driver.h:44:58:[m[K   required from here
[1.692s] [01m[K/home/matheuswagner/repos/adaptive-cubesat-adcs/cubesat-simulation/src/concept/src/../include/smartdata.h:35:23:[m[K [01;35m[Kwarning: [m[Kno return statement in function returning non-void [[01;35m[K-Wreturn-type[m[K]
[1.692s]          Value value(){[01;35m[K}[m[K
[1.692s]                        [01;35m[K^[m[K
[1.703s] In file included from [01m[K/home/matheuswagner/repos/adaptive-cubesat-adcs/cubesat-simulation/src/concept/src/concept.cpp:2:0[m[K:
[1.703s] /home/matheuswagner/repos/adaptive-cubesat-adcs/cubesat-simulation/src/concept/src/../include/controller_smartdata.h: In instantiation of ‘[01m[KControllerSmartData<Controller>::ControllerSmartData(std::__cxx11::list<std::shared_ptr<SmartData> >&, std::__cxx11::list<std::shared_ptr<SmartData> >&) [with Controller = ProportionalController][m[K’:
[1.703s] [01m[K/home/matheuswagner/repos/adaptive-cubesat-adcs/cubesat-simulation/src/concept/src/concept.cpp:30:75:[m[K   required from here
[1.704s] [01m[K/home/matheuswagner/repos/adaptive-cubesat-adcs/cubesat-simulation/src/concept/src/../include/controller_smartdata.h:30:17:[m[K [01;35m[Kwarning: [m[Kunused variable ‘[01m[Ki[m[K’ [[01;35m[K-Wunused-variable[m[K]
[1.704s]              int [01;35m[Ki[m[K = 0;
[1.704s]                  [01;35m[K^[m[K
[2.431s] /home/matheuswagner/repos/adaptive-cubesat-adcs/cubesat-simulation/src/concept/src/../include/controller_smartdata.h: In instantiation of ‘[01m[Kvoid ControllerSmartData<Controller>::notify(int) [with Controller = ProportionalController][m[K’:
[2.431s] [01m[K/home/matheuswagner/repos/adaptive-cubesat-adcs/cubesat-simulation/src/concept/src/concept.cpp:49:1:[m[K   required from here
[2.431s] [01m[K/home/matheuswagner/repos/adaptive-cubesat-adcs/cubesat-simulation/src/concept/src/../include/controller_smartdata.h:73:29:[m[K [01;35m[Kwarning: [m[Kcomparison between signed and unsigned integer expressions [[01;35m[K-Wsign-compare[m[K]
[2.431s]              for(int i = 0; [01;35m[Ki<this->freshnessList.size()[m[K; i++)
[2.431s]                             [01;35m[K~^~~~~~~~~~~~~~~~~~~~~~~~~~~[m[K
[2.431s] In file included from [01m[K/home/matheuswagner/repos/adaptive-cubesat-adcs/cubesat-simulation/src/concept/src/../include/smartdata.h:7:0[m[K,
[2.432s]                  from [01m[K/home/matheuswagner/repos/adaptive-cubesat-adcs/cubesat-simulation/src/concept/src/../include/local_smartdata.h:4[m[K,
[2.432s]                  from [01m[K/home/matheuswagner/repos/adaptive-cubesat-adcs/cubesat-simulation/src/concept/src/concept.cpp:1[m[K:
[2.432s] /home/matheuswagner/repos/adaptive-cubesat-adcs/cubesat-simulation/src/concept/src/../include/transducer.h: In instantiation of ‘[01m[Kvoid Transducer<UNIT, Value>::actuate(const Value&) [with long unsigned int UNIT = 2; Value = float][m[K’:
[2.432s] [01m[K/home/matheuswagner/repos/adaptive-cubesat-adcs/cubesat-simulation/src/concept/src/concept.cpp:49:1:[m[K   required from here
[2.433s] [01m[K/home/matheuswagner/repos/adaptive-cubesat-adcs/cubesat-simulation/src/concept/src/../include/transducer.h:17:43:[m[K [01;35m[Kwarning: [m[Kunused parameter ‘[01m[Kvalue[m[K’ [[01;35m[K-Wunused-parameter[m[K]
[2.433s]          virtual void actuate(const Value &[01;35m[Kvalue[m[K){}
[2.433s]                                            [01;35m[K^~~~~[m[K
[2.434s] /home/matheuswagner/repos/adaptive-cubesat-adcs/cubesat-simulation/src/concept/src/../include/transducer.h: In instantiation of ‘[01m[KValue Transducer<UNIT, Value>::sense() [with long unsigned int UNIT = 2; Value = float][m[K’:
[2.434s] [01m[K/home/matheuswagner/repos/adaptive-cubesat-adcs/cubesat-simulation/src/concept/src/concept.cpp:49:1:[m[K   required from here
[2.434s] [01m[K/home/matheuswagner/repos/adaptive-cubesat-adcs/cubesat-simulation/src/concept/src/../include/transducer.h:16:31:[m[K [01;35m[Kwarning: [m[Kno return statement in function returning non-void [[01;35m[K-Wreturn-type[m[K]
[2.434s]          virtual Value sense(){[01;35m[K}[m[K
[2.434s]                                [01;35m[K^[m[K
[2.434s] /home/matheuswagner/repos/adaptive-cubesat-adcs/cubesat-simulation/src/concept/src/../include/transducer.h: In instantiation of ‘[01m[Kvoid Transducer<UNIT, Value>::actuate(const Value&) [with long unsigned int UNIT = 1; Value = float][m[K’:
[2.434s] [01m[K/home/matheuswagner/repos/adaptive-cubesat-adcs/cubesat-simulation/src/concept/src/concept.cpp:49:1:[m[K   required from here
[2.435s] [01m[K/home/matheuswagner/repos/adaptive-cubesat-adcs/cubesat-simulation/src/concept/src/../include/transducer.h:17:43:[m[K [01;35m[Kwarning: [m[Kunused parameter ‘[01m[Kvalue[m[K’ [[01;35m[K-Wunused-parameter[m[K]
[2.435s]          virtual void actuate(const Value &[01;35m[Kvalue[m[K){}
[2.435s]                                            [01;35m[K^~~~~[m[K
[2.446s] /home/matheuswagner/repos/adaptive-cubesat-adcs/cubesat-simulation/src/concept/src/../include/transducer.h: In instantiation of ‘[01m[KValue Transducer<UNIT, Value>::sense() [with long unsigned int UNIT = 1; Value = float][m[K’:
[2.446s] [01m[K/home/matheuswagner/repos/adaptive-cubesat-adcs/cubesat-simulation/src/concept/src/concept.cpp:49:1:[m[K   required from here
[2.446s] [01m[K/home/matheuswagner/repos/adaptive-cubesat-adcs/cubesat-simulation/src/concept/src/../include/transducer.h:16:31:[m[K [01;35m[Kwarning: [m[Kno return statement in function returning non-void [[01;35m[K-Wreturn-type[m[K]
[2.447s]          virtual Value sense(){[01;35m[K}[m[K
[2.447s]                                [01;35m[K^[m[K
[2.449s] In file included from [01m[K/home/matheuswagner/repos/adaptive-cubesat-adcs/cubesat-simulation/src/concept/src/concept.cpp:2:0[m[K:
[2.450s] /home/matheuswagner/repos/adaptive-cubesat-adcs/cubesat-simulation/src/concept/src/../include/controller_smartdata.h: In instantiation of ‘[01m[Kvoid ControllerSmartData<Controller>::update() [with Controller = ProportionalController][m[K’:
[2.450s] [01m[K/home/matheuswagner/repos/adaptive-cubesat-adcs/cubesat-simulation/src/concept/src/../include/controller_smartdata.h:83:23:[m[K   required from ‘[01m[Kvoid ControllerSmartData<Controller>::notify(int) [with Controller = ProportionalController][m[K’
[2.450s] [01m[K/home/matheuswagner/repos/adaptive-cubesat-adcs/cubesat-simulation/src/concept/src/concept.cpp:49:1:[m[K   required from here
[2.450s] [01m[K/home/matheuswagner/repos/adaptive-cubesat-adcs/cubesat-simulation/src/concept/src/../include/controller_smartdata.h:54:29:[m[K [01;35m[Kwarning: [m[Kcomparison between signed and unsigned integer expressions [[01;35m[K-Wsign-compare[m[K]
[2.450s]              for(int i = 0; [01;35m[Ki<this->freshnessList.size()[m[K; i++)
[2.451s]                             [01;35m[K~^~~~~~~~~~~~~~~~~~~~~~~~~~~[m[K
[2.650s] CMakeFiles/concept.dir/build.make:81: recipe for target 'CMakeFiles/concept.dir/src/concept.cpp.o' failed
[2.650s] make[2]: *** [CMakeFiles/concept.dir/src/concept.cpp.o] Error 1
[2.651s] CMakeFiles/Makefile2:122: recipe for target 'CMakeFiles/concept.dir/all' failed
[2.651s] make[1]: *** [CMakeFiles/concept.dir/all] Error 2
[2.652s] Makefile:159: recipe for target 'all' failed
[2.652s] make: *** [all] Error 2
[2.658s] Invoked command in '/home/matheuswagner/repos/adaptive-cubesat-adcs/cubesat-simulation/build/concept' returned '2': CMAKE_PREFIX_PATH=${CMAKE_PREFIX_PATH}:/home/matheuswagner/repos/adaptive-cubesat-adcs/cubesat-simulation/install/cubesat_description:/opt/ros/dashing /usr/local/bin/cmake --build /home/matheuswagner/repos/adaptive-cubesat-adcs/cubesat-simulation/build/concept -- -j8 -l8
