In file included from [01m[K/home/matheuswagner/ros2_dashing/ros2-linux/include/rclcpp/service.hpp:33:0[m[K,
                 from [01m[K/home/matheuswagner/ros2_dashing/ros2-linux/include/rclcpp/callback_group.hpp:25[m[K,
                 from [01m[K/home/matheuswagner/ros2_dashing/ros2-linux/include/rclcpp/any_executable.hpp:20[m[K,
                 from [01m[K/home/matheuswagner/ros2_dashing/ros2-linux/include/rclcpp/memory_strategy.hpp:24[m[K,
                 from [01m[K/home/matheuswagner/ros2_dashing/ros2-linux/include/rclcpp/memory_strategies.hpp:18[m[K,
                 from [01m[K/home/matheuswagner/ros2_dashing/ros2-linux/include/rclcpp/executor.hpp:33[m[K,
                 from [01m[K/home/matheuswagner/ros2_dashing/ros2-linux/include/rclcpp/executors/multi_threaded_executor.hpp:24[m[K,
                 from [01m[K/home/matheuswagner/ros2_dashing/ros2-linux/include/rclcpp/executors.hpp:21[m[K,
                 from [01m[K/home/matheuswagner/ros2_dashing/ros2-linux/include/rclcpp/rclcpp.hpp:144[m[K,
                 from [01m[K/home/matheuswagner/repos/adaptive-cubesat-adcs/cubesat-simulation/src/concept/src/concept.cpp:3[m[K:
[01m[K/home/matheuswagner/repos/adaptive-cubesat-adcs/cubesat-simulation/src/concept/src/concept.cpp:[m[K In constructor ‘[01m[KLocalSensorSmartData<Value, Transducer>::LocalSensorSmartData(int, long unsigned int, long unsigned int, int)[m[K’:
[01m[K/home/matheuswagner/repos/adaptive-cubesat-adcs/cubesat-simulation/src/concept/src/concept.cpp:130:30:[m[K [01;31m[Kerror: [m[Kexpected primary-expression before ‘[01m[K>[m[K’ token
             RCLCPP_INFO(this=[01;31m[K>[m[Ktransducer->get_logger(),"CREATED!");
                              [01;31m[K^[m[K
[01m[K/home/matheuswagner/ros2_dashing/ros2-linux/include/rclcpp/logging.hpp:215:86:[m[K [01;36m[Knote: [m[Kin definition of macro ‘[01m[KRCLCPP_INFO[m[K’
       ::std::is_same<typename std::remove_reference<typename std::remove_cv<decltype([01;36m[Klogger[m[K)>::type>::type, \
                                                                                      [01;36m[K^~~~~~[m[K
In file included from [01m[K/home/matheuswagner/ros2_dashing/ros2-linux/include/rclcpp/client.hpp:39:0[m[K,
                 from [01m[K/home/matheuswagner/ros2_dashing/ros2-linux/include/rclcpp/callback_group.hpp:23[m[K,
                 from [01m[K/home/matheuswagner/ros2_dashing/ros2-linux/include/rclcpp/any_executable.hpp:20[m[K,
                 from [01m[K/home/matheuswagner/ros2_dashing/ros2-linux/include/rclcpp/memory_strategy.hpp:24[m[K,
                 from [01m[K/home/matheuswagner/ros2_dashing/ros2-linux/include/rclcpp/memory_strategies.hpp:18[m[K,
                 from [01m[K/home/matheuswagner/ros2_dashing/ros2-linux/include/rclcpp/executor.hpp:33[m[K,
                 from [01m[K/home/matheuswagner/ros2_dashing/ros2-linux/include/rclcpp/executors/multi_threaded_executor.hpp:24[m[K,
                 from [01m[K/home/matheuswagner/ros2_dashing/ros2-linux/include/rclcpp/executors.hpp:21[m[K,
                 from [01m[K/home/matheuswagner/ros2_dashing/ros2-linux/include/rclcpp/rclcpp.hpp:144[m[K,
                 from [01m[K/home/matheuswagner/repos/adaptive-cubesat-adcs/cubesat-simulation/src/concept/src/concept.cpp:3[m[K:
[01m[K/home/matheuswagner/repos/adaptive-cubesat-adcs/cubesat-simulation/src/concept/src/concept.cpp:130:30:[m[K [01;31m[Kerror: [m[Kexpected primary-expression before ‘[01m[K>[m[K’ token
             RCLCPP_INFO(this=[01;31m[K>[m[Ktransducer->get_logger(),"CREATED!");
                              [01;31m[K^[m[K
[01m[K/home/matheuswagner/ros2_dashing/ros2-linux/include/rcutils/logging_macros.h:70:47:[m[K [01;36m[Knote: [m[Kin definition of macro ‘[01m[KRCUTILS_LOG_COND_NAMED[m[K’
     if (rcutils_logging_logger_is_enabled_for([01;36m[Kname[m[K, severity)) { \
                                               [01;36m[K^~~~[m[K
[01m[K/home/matheuswagner/ros2_dashing/ros2-linux/include/rclcpp/logging.hpp:218:5:[m[K [01;36m[Knote: [m[Kin expansion of macro ‘[01m[KRCUTILS_LOG_INFO_NAMED[m[K’
     [01;36m[KRCUTILS_LOG_INFO_NAMED[m[K( \
     [01;36m[K^~~~~~~~~~~~~~~~~~~~~~[m[K
[01m[K/home/matheuswagner/repos/adaptive-cubesat-adcs/cubesat-simulation/src/concept/src/concept.cpp:130:13:[m[K [01;36m[Knote: [m[Kin expansion of macro ‘[01m[KRCLCPP_INFO[m[K’
             [01;36m[KRCLCPP_INFO[m[K(this=>transducer->get_logger(),"CREATED!");
             [01;36m[K^~~~~~~~~~~[m[K
[01m[K/home/matheuswagner/repos/adaptive-cubesat-adcs/cubesat-simulation/src/concept/src/concept.cpp:130:30:[m[K [01;31m[Kerror: [m[Kexpected primary-expression before ‘[01m[K>[m[K’ token
             RCLCPP_INFO(this=[01;31m[K>[m[Ktransducer->get_logger(),"CREATED!");
                              [01;31m[K^[m[K
[01m[K/home/matheuswagner/ros2_dashing/ros2-linux/include/rcutils/logging_macros.h:72:58:[m[K [01;36m[Knote: [m[Kin definition of macro ‘[01m[KRCUTILS_LOG_COND_NAMED[m[K’
       rcutils_log(&__rcutils_logging_location, severity, [01;36m[Kname[m[K, __VA_ARGS__); \
                                                          [01;36m[K^~~~[m[K
[01m[K/home/matheuswagner/ros2_dashing/ros2-linux/include/rclcpp/logging.hpp:218:5:[m[K [01;36m[Knote: [m[Kin expansion of macro ‘[01m[KRCUTILS_LOG_INFO_NAMED[m[K’
     [01;36m[KRCUTILS_LOG_INFO_NAMED[m[K( \
     [01;36m[K^~~~~~~~~~~~~~~~~~~~~~[m[K
[01m[K/home/matheuswagner/repos/adaptive-cubesat-adcs/cubesat-simulation/src/concept/src/concept.cpp:130:13:[m[K [01;36m[Knote: [m[Kin expansion of macro ‘[01m[KRCLCPP_INFO[m[K’
             [01;36m[KRCLCPP_INFO[m[K(this=>transducer->get_logger(),"CREATED!");
             [01;36m[K^~~~~~~~~~~[m[K
[01m[K/home/matheuswagner/repos/adaptive-cubesat-adcs/cubesat-simulation/src/concept/src/concept.cpp:[m[K In function ‘[01m[Kint main(int, char**)[m[K’:
[01m[K/home/matheuswagner/repos/adaptive-cubesat-adcs/cubesat-simulation/src/concept/src/concept.cpp:140:14:[m[K [01;35m[Kwarning: [m[Kunused parameter ‘[01m[Kargc[m[K’ [[01;35m[K-Wunused-parameter[m[K]
 int main(int [01;35m[Kargc[m[K, char * argv[])
              [01;35m[K^~~~[m[K
[01m[K/home/matheuswagner/repos/adaptive-cubesat-adcs/cubesat-simulation/src/concept/src/concept.cpp:140:32:[m[K [01;35m[Kwarning: [m[Kunused parameter ‘[01m[Kargv[m[K’ [[01;35m[K-Wunused-parameter[m[K]
 int main(int argc, char * argv[[01;35m[K][m[K)
                                [01;35m[K^[m[K
/home/matheuswagner/repos/adaptive-cubesat-adcs/cubesat-simulation/src/concept/src/concept.cpp: In instantiation of ‘[01m[Kvoid Transducer<UNIT, Value>::actuate(const Value&) [with long unsigned int UNIT = 1; Value = float][m[K’:
[01m[K/home/matheuswagner/repos/adaptive-cubesat-adcs/cubesat-simulation/src/concept/src/concept.cpp:144:1:[m[K   required from here
[01m[K/home/matheuswagner/repos/adaptive-cubesat-adcs/cubesat-simulation/src/concept/src/concept.cpp:22:43:[m[K [01;35m[Kwarning: [m[Kunused parameter ‘[01m[Kvalue[m[K’ [[01;35m[K-Wunused-parameter[m[K]
         virtual void actuate(const Value &[01;35m[Kvalue[m[K){}
                                           [01;35m[K^~~~~[m[K
/home/matheuswagner/repos/adaptive-cubesat-adcs/cubesat-simulation/src/concept/src/concept.cpp: In instantiation of ‘[01m[KValue Transducer<UNIT, Value>::sense() [with long unsigned int UNIT = 1; Value = float][m[K’:
[01m[K/home/matheuswagner/repos/adaptive-cubesat-adcs/cubesat-simulation/src/concept/src/concept.cpp:144:1:[m[K   required from here
[01m[K/home/matheuswagner/repos/adaptive-cubesat-adcs/cubesat-simulation/src/concept/src/concept.cpp:21:31:[m[K [01;35m[Kwarning: [m[Kno return statement in function returning non-void [[01;35m[K-Wreturn-type[m[K]
         virtual Value sense(){[01;35m[K}[m[K
                               [01;35m[K^[m[K
make[2]: *** [CMakeFiles/concept.dir/src/concept.cpp.o] Error 1
make[1]: *** [CMakeFiles/concept.dir/all] Error 2
make: *** [all] Error 2
