[4.747s] Invoking command in '/home/matheuswagner/repos/adaptive-cubesat-adcs/cubesat-simulation/src/cubesat_description': PYTHONPATH=/home/matheuswagner/repos/adaptive-cubesat-adcs/cubesat-simulation/install/cubesat_description/lib/python3.8/site-packages:${PYTHONPATH} /usr/bin/python3 setup.py egg_info --egg-base ../../build/cubesat_description build --build-base /home/matheuswagner/repos/adaptive-cubesat-adcs/cubesat-simulation/build/cubesat_description/build install --prefix /home/matheuswagner/repos/adaptive-cubesat-adcs/cubesat-simulation/install/cubesat_description --record /home/matheuswagner/repos/adaptive-cubesat-adcs/cubesat-simulation/build/cubesat_description/install.log --single-version-externally-managed
[4.981s] running egg_info
[4.982s] writing ../../build/cubesat_description/cubesat_description.egg-info/PKG-INFO
[4.982s] writing dependency_links to ../../build/cubesat_description/cubesat_description.egg-info/dependency_links.txt
[4.982s] writing entry points to ../../build/cubesat_description/cubesat_description.egg-info/entry_points.txt
[4.982s] writing requirements to ../../build/cubesat_description/cubesat_description.egg-info/requires.txt
[4.982s] writing top-level names to ../../build/cubesat_description/cubesat_description.egg-info/top_level.txt
[5.256s] reading manifest file '../../build/cubesat_description/cubesat_description.egg-info/SOURCES.txt'
[5.258s] writing manifest file '../../build/cubesat_description/cubesat_description.egg-info/SOURCES.txt'
[5.258s] running build
[5.258s] running build_py
[5.258s] running install
[5.259s] running install_lib
[5.260s] running install_data
[5.261s] running install_egg_info
[5.262s] removing '/home/matheuswagner/repos/adaptive-cubesat-adcs/cubesat-simulation/install/cubesat_description/lib/python3.8/site-packages/cubesat_description-0.0.0-py3.8.egg-info' (and everything under it)
[5.263s] Copying ../../build/cubesat_description/cubesat_description.egg-info to /home/matheuswagner/repos/adaptive-cubesat-adcs/cubesat-simulation/install/cubesat_description/lib/python3.8/site-packages/cubesat_description-0.0.0-py3.8.egg-info
[5.264s] running install_scripts
[5.281s] writing list of installed files to '/home/matheuswagner/repos/adaptive-cubesat-adcs/cubesat-simulation/build/cubesat_description/install.log'
[5.308s] Invoked command in '/home/matheuswagner/repos/adaptive-cubesat-adcs/cubesat-simulation/src/cubesat_description' returned '0': PYTHONPATH=/home/matheuswagner/repos/adaptive-cubesat-adcs/cubesat-simulation/install/cubesat_description/lib/python3.8/site-packages:${PYTHONPATH} /usr/bin/python3 setup.py egg_info --egg-base ../../build/cubesat_description build --build-base /home/matheuswagner/repos/adaptive-cubesat-adcs/cubesat-simulation/build/cubesat_description/build install --prefix /home/matheuswagner/repos/adaptive-cubesat-adcs/cubesat-simulation/install/cubesat_description --record /home/matheuswagner/repos/adaptive-cubesat-adcs/cubesat-simulation/build/cubesat_description/install.log --single-version-externally-managed
