[0.795s] DEBUG:colcon:Command line arguments: ['/home/matheuswagner/.local/bin/colcon', 'build', '--packages-select', 'cubesat_gazebo', 'cubesat_description']
[0.795s] DEBUG:colcon:Parsed command line arguments: Namespace(allow_overriding=[], ament_cmake_args=None, base_paths=['.'], build_base='build', catkin_cmake_args=None, catkin_skip_building_tests=False, cmake_args=None, cmake_clean_cache=False, cmake_clean_first=False, cmake_force_configure=False, cmake_target=None, cmake_target_skip_unavailable=False, continue_on_error=False, event_handlers=None, executor='parallel', ignore_user_meta=False, install_base='install', log_base=None, log_level=None, main=<bound method BuildVerb.main of <colcon_core.verb.build.BuildVerb object at 0x7f5b87442780>>, merge_install=False, metas=['./colcon.meta'], packages_above=None, packages_above_and_dependencies=None, packages_above_depth=None, packages_end=None, packages_ignore=None, packages_ignore_regex=None, packages_select=['cubesat_gazebo', 'cubesat_description'], packages_select_build_failed=False, packages_select_by_dep=None, packages_select_regex=None, packages_select_test_failures=False, packages_skip=None, packages_skip_build_finished=False, packages_skip_by_dep=None, packages_skip_regex=None, packages_skip_test_passed=False, packages_skip_up_to=None, packages_start=None, packages_up_to=None, packages_up_to_regex=None, parallel_workers=8, paths=None, symlink_install=False, test_result_base=None, verb_extension=<colcon_core.verb.build.BuildVerb object at 0x7f5b87442780>, verb_name='build', verb_parser=<colcon_defaults.argument_parser.defaults.DefaultArgumentsDecorator object at 0x7f5b86e75438>)
[0.818s] Level 1:colcon.colcon_core.package_discovery:discover_packages(colcon_meta) check parameters
[0.819s] Level 1:colcon.colcon_core.package_discovery:discover_packages(recursive) check parameters
[0.819s] Level 1:colcon.colcon_core.package_discovery:discover_packages(ignore) check parameters
[0.819s] Level 1:colcon.colcon_core.package_discovery:discover_packages(path) check parameters
[0.819s] Level 1:colcon.colcon_core.package_discovery:discover_packages(colcon_meta) discover
[0.819s] Level 1:colcon.colcon_core.package_discovery:discover_packages(recursive) discover
[0.819s] INFO:colcon.colcon_core.package_discovery:Crawling recursively for packages in '/home/matheuswagner/repos/adaptive-cubesat-adcs/cubesat-simulation'
[0.819s] Level 1:colcon.colcon_core.package_identification:_identify(.) by extensions ['ignore', 'ignore_ament_install']
[0.819s] Level 1:colcon.colcon_core.package_identification:_identify(.) by extension 'ignore'
[0.819s] Level 1:colcon.colcon_core.package_identification:_identify(.) by extension 'ignore_ament_install'
[0.819s] Level 1:colcon.colcon_core.package_identification:_identify(.) by extensions ['colcon_pkg']
[0.819s] Level 1:colcon.colcon_core.package_identification:_identify(.) by extension 'colcon_pkg'
[0.819s] Level 1:colcon.colcon_core.package_identification:_identify(.) by extensions ['colcon_meta']
[0.819s] Level 1:colcon.colcon_core.package_identification:_identify(.) by extension 'colcon_meta'
[0.819s] Level 1:colcon.colcon_core.package_identification:_identify(.) by extensions ['ros']
[0.820s] Level 1:colcon.colcon_core.package_identification:_identify(.) by extension 'ros'
[0.880s] Level 1:colcon.colcon_core.package_identification:_identify(.) by extensions ['cmake', 'python']
[0.881s] Level 1:colcon.colcon_core.package_identification:_identify(.) by extension 'cmake'
[0.881s] Level 1:colcon.colcon_core.package_identification:_identify(.) by extension 'python'
[0.881s] Level 1:colcon.colcon_core.package_identification:_identify(.) by extensions ['python_setup_py']
[0.881s] Level 1:colcon.colcon_core.package_identification:_identify(.) by extension 'python_setup_py'
[0.881s] Level 1:colcon.colcon_core.package_identification:_identify(bags) by extensions ['ignore', 'ignore_ament_install']
[0.881s] Level 1:colcon.colcon_core.package_identification:_identify(bags) by extension 'ignore'
[0.881s] Level 1:colcon.colcon_core.package_identification:_identify(bags) by extension 'ignore_ament_install'
[0.881s] Level 1:colcon.colcon_core.package_identification:_identify(bags) by extensions ['colcon_pkg']
[0.881s] Level 1:colcon.colcon_core.package_identification:_identify(bags) by extension 'colcon_pkg'
[0.881s] Level 1:colcon.colcon_core.package_identification:_identify(bags) by extensions ['colcon_meta']
[0.881s] Level 1:colcon.colcon_core.package_identification:_identify(bags) by extension 'colcon_meta'
[0.881s] Level 1:colcon.colcon_core.package_identification:_identify(bags) by extensions ['ros']
[0.881s] Level 1:colcon.colcon_core.package_identification:_identify(bags) by extension 'ros'
[0.882s] Level 1:colcon.colcon_core.package_identification:_identify(bags) by extensions ['cmake', 'python']
[0.882s] Level 1:colcon.colcon_core.package_identification:_identify(bags) by extension 'cmake'
[0.882s] Level 1:colcon.colcon_core.package_identification:_identify(bags) by extension 'python'
[0.882s] Level 1:colcon.colcon_core.package_identification:_identify(bags) by extensions ['python_setup_py']
[0.882s] Level 1:colcon.colcon_core.package_identification:_identify(bags) by extension 'python_setup_py'
[0.882s] Level 1:colcon.colcon_core.package_identification:_identify(bags/rosbag2_2022_02_04-12_31_28) by extensions ['ignore', 'ignore_ament_install']
[0.882s] Level 1:colcon.colcon_core.package_identification:_identify(bags/rosbag2_2022_02_04-12_31_28) by extension 'ignore'
[0.882s] Level 1:colcon.colcon_core.package_identification:_identify(bags/rosbag2_2022_02_04-12_31_28) by extension 'ignore_ament_install'
[0.882s] Level 1:colcon.colcon_core.package_identification:_identify(bags/rosbag2_2022_02_04-12_31_28) by extensions ['colcon_pkg']
[0.882s] Level 1:colcon.colcon_core.package_identification:_identify(bags/rosbag2_2022_02_04-12_31_28) by extension 'colcon_pkg'
[0.882s] Level 1:colcon.colcon_core.package_identification:_identify(bags/rosbag2_2022_02_04-12_31_28) by extensions ['colcon_meta']
[0.882s] Level 1:colcon.colcon_core.package_identification:_identify(bags/rosbag2_2022_02_04-12_31_28) by extension 'colcon_meta'
[0.882s] Level 1:colcon.colcon_core.package_identification:_identify(bags/rosbag2_2022_02_04-12_31_28) by extensions ['ros']
[0.882s] Level 1:colcon.colcon_core.package_identification:_identify(bags/rosbag2_2022_02_04-12_31_28) by extension 'ros'
[0.883s] Level 1:colcon.colcon_core.package_identification:_identify(bags/rosbag2_2022_02_04-12_31_28) by extensions ['cmake', 'python']
[0.883s] Level 1:colcon.colcon_core.package_identification:_identify(bags/rosbag2_2022_02_04-12_31_28) by extension 'cmake'
[0.883s] Level 1:colcon.colcon_core.package_identification:_identify(bags/rosbag2_2022_02_04-12_31_28) by extension 'python'
[0.883s] Level 1:colcon.colcon_core.package_identification:_identify(bags/rosbag2_2022_02_04-12_31_28) by extensions ['python_setup_py']
[0.883s] Level 1:colcon.colcon_core.package_identification:_identify(bags/rosbag2_2022_02_04-12_31_28) by extension 'python_setup_py'
[0.883s] Level 1:colcon.colcon_core.package_identification:_identify(build) by extensions ['ignore', 'ignore_ament_install']
[0.883s] Level 1:colcon.colcon_core.package_identification:_identify(build) by extension 'ignore'
[0.883s] Level 1:colcon.colcon_core.package_identification:_identify(build) ignored
[0.884s] Level 1:colcon.colcon_core.package_identification:_identify(include) by extensions ['ignore', 'ignore_ament_install']
[0.884s] Level 1:colcon.colcon_core.package_identification:_identify(include) by extension 'ignore'
[0.884s] Level 1:colcon.colcon_core.package_identification:_identify(include) by extension 'ignore_ament_install'
[0.884s] Level 1:colcon.colcon_core.package_identification:_identify(include) by extensions ['colcon_pkg']
[0.884s] Level 1:colcon.colcon_core.package_identification:_identify(include) by extension 'colcon_pkg'
[0.884s] Level 1:colcon.colcon_core.package_identification:_identify(include) by extensions ['colcon_meta']
[0.884s] Level 1:colcon.colcon_core.package_identification:_identify(include) by extension 'colcon_meta'
[0.884s] Level 1:colcon.colcon_core.package_identification:_identify(include) by extensions ['ros']
[0.884s] Level 1:colcon.colcon_core.package_identification:_identify(include) by extension 'ros'
[0.884s] Level 1:colcon.colcon_core.package_identification:_identify(include) by extensions ['cmake', 'python']
[0.884s] Level 1:colcon.colcon_core.package_identification:_identify(include) by extension 'cmake'
[0.884s] Level 1:colcon.colcon_core.package_identification:_identify(include) by extension 'python'
[0.884s] Level 1:colcon.colcon_core.package_identification:_identify(include) by extensions ['python_setup_py']
[0.884s] Level 1:colcon.colcon_core.package_identification:_identify(include) by extension 'python_setup_py'
[0.885s] Level 1:colcon.colcon_core.package_identification:_identify(install) by extensions ['ignore', 'ignore_ament_install']
[0.885s] Level 1:colcon.colcon_core.package_identification:_identify(install) by extension 'ignore'
[0.885s] Level 1:colcon.colcon_core.package_identification:_identify(install) ignored
[0.885s] Level 1:colcon.colcon_core.package_identification:_identify(log) by extensions ['ignore', 'ignore_ament_install']
[0.885s] Level 1:colcon.colcon_core.package_identification:_identify(log) by extension 'ignore'
[0.885s] Level 1:colcon.colcon_core.package_identification:_identify(log) ignored
[0.886s] Level 1:colcon.colcon_core.package_identification:_identify(rosbag2_2022_02_18-14_58_27) by extensions ['ignore', 'ignore_ament_install']
[0.886s] Level 1:colcon.colcon_core.package_identification:_identify(rosbag2_2022_02_18-14_58_27) by extension 'ignore'
[0.886s] Level 1:colcon.colcon_core.package_identification:_identify(rosbag2_2022_02_18-14_58_27) by extension 'ignore_ament_install'
[0.886s] Level 1:colcon.colcon_core.package_identification:_identify(rosbag2_2022_02_18-14_58_27) by extensions ['colcon_pkg']
[0.886s] Level 1:colcon.colcon_core.package_identification:_identify(rosbag2_2022_02_18-14_58_27) by extension 'colcon_pkg'
[0.886s] Level 1:colcon.colcon_core.package_identification:_identify(rosbag2_2022_02_18-14_58_27) by extensions ['colcon_meta']
[0.886s] Level 1:colcon.colcon_core.package_identification:_identify(rosbag2_2022_02_18-14_58_27) by extension 'colcon_meta'
[0.886s] Level 1:colcon.colcon_core.package_identification:_identify(rosbag2_2022_02_18-14_58_27) by extensions ['ros']
[0.886s] Level 1:colcon.colcon_core.package_identification:_identify(rosbag2_2022_02_18-14_58_27) by extension 'ros'
[0.886s] Level 1:colcon.colcon_core.package_identification:_identify(rosbag2_2022_02_18-14_58_27) by extensions ['cmake', 'python']
[0.886s] Level 1:colcon.colcon_core.package_identification:_identify(rosbag2_2022_02_18-14_58_27) by extension 'cmake'
[0.886s] Level 1:colcon.colcon_core.package_identification:_identify(rosbag2_2022_02_18-14_58_27) by extension 'python'
[0.886s] Level 1:colcon.colcon_core.package_identification:_identify(rosbag2_2022_02_18-14_58_27) by extensions ['python_setup_py']
[0.886s] Level 1:colcon.colcon_core.package_identification:_identify(rosbag2_2022_02_18-14_58_27) by extension 'python_setup_py'
[0.887s] Level 1:colcon.colcon_core.package_identification:_identify(rosbag2_2022_02_18-16_01_48) by extensions ['ignore', 'ignore_ament_install']
[0.887s] Level 1:colcon.colcon_core.package_identification:_identify(rosbag2_2022_02_18-16_01_48) by extension 'ignore'
[0.887s] Level 1:colcon.colcon_core.package_identification:_identify(rosbag2_2022_02_18-16_01_48) by extension 'ignore_ament_install'
[0.887s] Level 1:colcon.colcon_core.package_identification:_identify(rosbag2_2022_02_18-16_01_48) by extensions ['colcon_pkg']
[0.887s] Level 1:colcon.colcon_core.package_identification:_identify(rosbag2_2022_02_18-16_01_48) by extension 'colcon_pkg'
[0.887s] Level 1:colcon.colcon_core.package_identification:_identify(rosbag2_2022_02_18-16_01_48) by extensions ['colcon_meta']
[0.887s] Level 1:colcon.colcon_core.package_identification:_identify(rosbag2_2022_02_18-16_01_48) by extension 'colcon_meta'
[0.887s] Level 1:colcon.colcon_core.package_identification:_identify(rosbag2_2022_02_18-16_01_48) by extensions ['ros']
[0.887s] Level 1:colcon.colcon_core.package_identification:_identify(rosbag2_2022_02_18-16_01_48) by extension 'ros'
[0.887s] Level 1:colcon.colcon_core.package_identification:_identify(rosbag2_2022_02_18-16_01_48) by extensions ['cmake', 'python']
[0.887s] Level 1:colcon.colcon_core.package_identification:_identify(rosbag2_2022_02_18-16_01_48) by extension 'cmake'
[0.887s] Level 1:colcon.colcon_core.package_identification:_identify(rosbag2_2022_02_18-16_01_48) by extension 'python'
[0.887s] Level 1:colcon.colcon_core.package_identification:_identify(rosbag2_2022_02_18-16_01_48) by extensions ['python_setup_py']
[0.887s] Level 1:colcon.colcon_core.package_identification:_identify(rosbag2_2022_02_18-16_01_48) by extension 'python_setup_py'
[0.888s] Level 1:colcon.colcon_core.package_identification:_identify(rosbag2_2022_02_18-16_02_09) by extensions ['ignore', 'ignore_ament_install']
[0.888s] Level 1:colcon.colcon_core.package_identification:_identify(rosbag2_2022_02_18-16_02_09) by extension 'ignore'
[0.888s] Level 1:colcon.colcon_core.package_identification:_identify(rosbag2_2022_02_18-16_02_09) by extension 'ignore_ament_install'
[0.888s] Level 1:colcon.colcon_core.package_identification:_identify(rosbag2_2022_02_18-16_02_09) by extensions ['colcon_pkg']
[0.888s] Level 1:colcon.colcon_core.package_identification:_identify(rosbag2_2022_02_18-16_02_09) by extension 'colcon_pkg'
[0.888s] Level 1:colcon.colcon_core.package_identification:_identify(rosbag2_2022_02_18-16_02_09) by extensions ['colcon_meta']
[0.888s] Level 1:colcon.colcon_core.package_identification:_identify(rosbag2_2022_02_18-16_02_09) by extension 'colcon_meta'
[0.888s] Level 1:colcon.colcon_core.package_identification:_identify(rosbag2_2022_02_18-16_02_09) by extensions ['ros']
[0.888s] Level 1:colcon.colcon_core.package_identification:_identify(rosbag2_2022_02_18-16_02_09) by extension 'ros'
[0.888s] Level 1:colcon.colcon_core.package_identification:_identify(rosbag2_2022_02_18-16_02_09) by extensions ['cmake', 'python']
[0.888s] Level 1:colcon.colcon_core.package_identification:_identify(rosbag2_2022_02_18-16_02_09) by extension 'cmake'
[0.888s] Level 1:colcon.colcon_core.package_identification:_identify(rosbag2_2022_02_18-16_02_09) by extension 'python'
[0.888s] Level 1:colcon.colcon_core.package_identification:_identify(rosbag2_2022_02_18-16_02_09) by extensions ['python_setup_py']
[0.888s] Level 1:colcon.colcon_core.package_identification:_identify(rosbag2_2022_02_18-16_02_09) by extension 'python_setup_py'
[0.888s] Level 1:colcon.colcon_core.package_identification:_identify(rosbag2_2022_02_18-16_06_56) by extensions ['ignore', 'ignore_ament_install']
[0.889s] Level 1:colcon.colcon_core.package_identification:_identify(rosbag2_2022_02_18-16_06_56) by extension 'ignore'
[0.889s] Level 1:colcon.colcon_core.package_identification:_identify(rosbag2_2022_02_18-16_06_56) by extension 'ignore_ament_install'
[0.889s] Level 1:colcon.colcon_core.package_identification:_identify(rosbag2_2022_02_18-16_06_56) by extensions ['colcon_pkg']
[0.889s] Level 1:colcon.colcon_core.package_identification:_identify(rosbag2_2022_02_18-16_06_56) by extension 'colcon_pkg'
[0.889s] Level 1:colcon.colcon_core.package_identification:_identify(rosbag2_2022_02_18-16_06_56) by extensions ['colcon_meta']
[0.889s] Level 1:colcon.colcon_core.package_identification:_identify(rosbag2_2022_02_18-16_06_56) by extension 'colcon_meta'
[0.889s] Level 1:colcon.colcon_core.package_identification:_identify(rosbag2_2022_02_18-16_06_56) by extensions ['ros']
[0.889s] Level 1:colcon.colcon_core.package_identification:_identify(rosbag2_2022_02_18-16_06_56) by extension 'ros'
[0.889s] Level 1:colcon.colcon_core.package_identification:_identify(rosbag2_2022_02_18-16_06_56) by extensions ['cmake', 'python']
[0.889s] Level 1:colcon.colcon_core.package_identification:_identify(rosbag2_2022_02_18-16_06_56) by extension 'cmake'
[0.889s] Level 1:colcon.colcon_core.package_identification:_identify(rosbag2_2022_02_18-16_06_56) by extension 'python'
[0.889s] Level 1:colcon.colcon_core.package_identification:_identify(rosbag2_2022_02_18-16_06_56) by extensions ['python_setup_py']
[0.889s] Level 1:colcon.colcon_core.package_identification:_identify(rosbag2_2022_02_18-16_06_56) by extension 'python_setup_py'
[0.889s] Level 1:colcon.colcon_core.package_identification:_identify(rosbag2_2022_02_18-16_07_06) by extensions ['ignore', 'ignore_ament_install']
[0.890s] Level 1:colcon.colcon_core.package_identification:_identify(rosbag2_2022_02_18-16_07_06) by extension 'ignore'
[0.890s] Level 1:colcon.colcon_core.package_identification:_identify(rosbag2_2022_02_18-16_07_06) by extension 'ignore_ament_install'
[0.890s] Level 1:colcon.colcon_core.package_identification:_identify(rosbag2_2022_02_18-16_07_06) by extensions ['colcon_pkg']
[0.890s] Level 1:colcon.colcon_core.package_identification:_identify(rosbag2_2022_02_18-16_07_06) by extension 'colcon_pkg'
[0.890s] Level 1:colcon.colcon_core.package_identification:_identify(rosbag2_2022_02_18-16_07_06) by extensions ['colcon_meta']
[0.890s] Level 1:colcon.colcon_core.package_identification:_identify(rosbag2_2022_02_18-16_07_06) by extension 'colcon_meta'
[0.890s] Level 1:colcon.colcon_core.package_identification:_identify(rosbag2_2022_02_18-16_07_06) by extensions ['ros']
[0.890s] Level 1:colcon.colcon_core.package_identification:_identify(rosbag2_2022_02_18-16_07_06) by extension 'ros'
[0.890s] Level 1:colcon.colcon_core.package_identification:_identify(rosbag2_2022_02_18-16_07_06) by extensions ['cmake', 'python']
[0.890s] Level 1:colcon.colcon_core.package_identification:_identify(rosbag2_2022_02_18-16_07_06) by extension 'cmake'
[0.890s] Level 1:colcon.colcon_core.package_identification:_identify(rosbag2_2022_02_18-16_07_06) by extension 'python'
[0.890s] Level 1:colcon.colcon_core.package_identification:_identify(rosbag2_2022_02_18-16_07_06) by extensions ['python_setup_py']
[0.890s] Level 1:colcon.colcon_core.package_identification:_identify(rosbag2_2022_02_18-16_07_06) by extension 'python_setup_py'
[0.890s] Level 1:colcon.colcon_core.package_identification:_identify(rosbag2_2022_02_18-16_07_21) by extensions ['ignore', 'ignore_ament_install']
[0.890s] Level 1:colcon.colcon_core.package_identification:_identify(rosbag2_2022_02_18-16_07_21) by extension 'ignore'
[0.891s] Level 1:colcon.colcon_core.package_identification:_identify(rosbag2_2022_02_18-16_07_21) by extension 'ignore_ament_install'
[0.891s] Level 1:colcon.colcon_core.package_identification:_identify(rosbag2_2022_02_18-16_07_21) by extensions ['colcon_pkg']
[0.891s] Level 1:colcon.colcon_core.package_identification:_identify(rosbag2_2022_02_18-16_07_21) by extension 'colcon_pkg'
[0.891s] Level 1:colcon.colcon_core.package_identification:_identify(rosbag2_2022_02_18-16_07_21) by extensions ['colcon_meta']
[0.891s] Level 1:colcon.colcon_core.package_identification:_identify(rosbag2_2022_02_18-16_07_21) by extension 'colcon_meta'
[0.891s] Level 1:colcon.colcon_core.package_identification:_identify(rosbag2_2022_02_18-16_07_21) by extensions ['ros']
[0.891s] Level 1:colcon.colcon_core.package_identification:_identify(rosbag2_2022_02_18-16_07_21) by extension 'ros'
[0.891s] Level 1:colcon.colcon_core.package_identification:_identify(rosbag2_2022_02_18-16_07_21) by extensions ['cmake', 'python']
[0.891s] Level 1:colcon.colcon_core.package_identification:_identify(rosbag2_2022_02_18-16_07_21) by extension 'cmake'
[0.891s] Level 1:colcon.colcon_core.package_identification:_identify(rosbag2_2022_02_18-16_07_21) by extension 'python'
[0.891s] Level 1:colcon.colcon_core.package_identification:_identify(rosbag2_2022_02_18-16_07_21) by extensions ['python_setup_py']
[0.891s] Level 1:colcon.colcon_core.package_identification:_identify(rosbag2_2022_02_18-16_07_21) by extension 'python_setup_py'
[0.891s] Level 1:colcon.colcon_core.package_identification:_identify(rosbag2_2022_02_18-16_09_54) by extensions ['ignore', 'ignore_ament_install']
[0.891s] Level 1:colcon.colcon_core.package_identification:_identify(rosbag2_2022_02_18-16_09_54) by extension 'ignore'
[0.892s] Level 1:colcon.colcon_core.package_identification:_identify(rosbag2_2022_02_18-16_09_54) by extension 'ignore_ament_install'
[0.892s] Level 1:colcon.colcon_core.package_identification:_identify(rosbag2_2022_02_18-16_09_54) by extensions ['colcon_pkg']
[0.892s] Level 1:colcon.colcon_core.package_identification:_identify(rosbag2_2022_02_18-16_09_54) by extension 'colcon_pkg'
[0.892s] Level 1:colcon.colcon_core.package_identification:_identify(rosbag2_2022_02_18-16_09_54) by extensions ['colcon_meta']
[0.892s] Level 1:colcon.colcon_core.package_identification:_identify(rosbag2_2022_02_18-16_09_54) by extension 'colcon_meta'
[0.892s] Level 1:colcon.colcon_core.package_identification:_identify(rosbag2_2022_02_18-16_09_54) by extensions ['ros']
[0.892s] Level 1:colcon.colcon_core.package_identification:_identify(rosbag2_2022_02_18-16_09_54) by extension 'ros'
[0.892s] Level 1:colcon.colcon_core.package_identification:_identify(rosbag2_2022_02_18-16_09_54) by extensions ['cmake', 'python']
[0.892s] Level 1:colcon.colcon_core.package_identification:_identify(rosbag2_2022_02_18-16_09_54) by extension 'cmake'
[0.892s] Level 1:colcon.colcon_core.package_identification:_identify(rosbag2_2022_02_18-16_09_54) by extension 'python'
[0.892s] Level 1:colcon.colcon_core.package_identification:_identify(rosbag2_2022_02_18-16_09_54) by extensions ['python_setup_py']
[0.892s] Level 1:colcon.colcon_core.package_identification:_identify(rosbag2_2022_02_18-16_09_54) by extension 'python_setup_py'
[0.892s] Level 1:colcon.colcon_core.package_identification:_identify(rosbag2_2022_02_18-16_14_30) by extensions ['ignore', 'ignore_ament_install']
[0.893s] Level 1:colcon.colcon_core.package_identification:_identify(rosbag2_2022_02_18-16_14_30) by extension 'ignore'
[0.893s] Level 1:colcon.colcon_core.package_identification:_identify(rosbag2_2022_02_18-16_14_30) by extension 'ignore_ament_install'
[0.893s] Level 1:colcon.colcon_core.package_identification:_identify(rosbag2_2022_02_18-16_14_30) by extensions ['colcon_pkg']
[0.893s] Level 1:colcon.colcon_core.package_identification:_identify(rosbag2_2022_02_18-16_14_30) by extension 'colcon_pkg'
[0.893s] Level 1:colcon.colcon_core.package_identification:_identify(rosbag2_2022_02_18-16_14_30) by extensions ['colcon_meta']
[0.893s] Level 1:colcon.colcon_core.package_identification:_identify(rosbag2_2022_02_18-16_14_30) by extension 'colcon_meta'
[0.893s] Level 1:colcon.colcon_core.package_identification:_identify(rosbag2_2022_02_18-16_14_30) by extensions ['ros']
[0.893s] Level 1:colcon.colcon_core.package_identification:_identify(rosbag2_2022_02_18-16_14_30) by extension 'ros'
[0.893s] Level 1:colcon.colcon_core.package_identification:_identify(rosbag2_2022_02_18-16_14_30) by extensions ['cmake', 'python']
[0.893s] Level 1:colcon.colcon_core.package_identification:_identify(rosbag2_2022_02_18-16_14_30) by extension 'cmake'
[0.893s] Level 1:colcon.colcon_core.package_identification:_identify(rosbag2_2022_02_18-16_14_30) by extension 'python'
[0.893s] Level 1:colcon.colcon_core.package_identification:_identify(rosbag2_2022_02_18-16_14_30) by extensions ['python_setup_py']
[0.893s] Level 1:colcon.colcon_core.package_identification:_identify(rosbag2_2022_02_18-16_14_30) by extension 'python_setup_py'
[0.894s] Level 1:colcon.colcon_core.package_identification:_identify(rosbag2_2022_02_18-16_14_52) by extensions ['ignore', 'ignore_ament_install']
[0.894s] Level 1:colcon.colcon_core.package_identification:_identify(rosbag2_2022_02_18-16_14_52) by extension 'ignore'
[0.894s] Level 1:colcon.colcon_core.package_identification:_identify(rosbag2_2022_02_18-16_14_52) by extension 'ignore_ament_install'
[0.894s] Level 1:colcon.colcon_core.package_identification:_identify(rosbag2_2022_02_18-16_14_52) by extensions ['colcon_pkg']
[0.894s] Level 1:colcon.colcon_core.package_identification:_identify(rosbag2_2022_02_18-16_14_52) by extension 'colcon_pkg'
[0.894s] Level 1:colcon.colcon_core.package_identification:_identify(rosbag2_2022_02_18-16_14_52) by extensions ['colcon_meta']
[0.894s] Level 1:colcon.colcon_core.package_identification:_identify(rosbag2_2022_02_18-16_14_52) by extension 'colcon_meta'
[0.894s] Level 1:colcon.colcon_core.package_identification:_identify(rosbag2_2022_02_18-16_14_52) by extensions ['ros']
[0.894s] Level 1:colcon.colcon_core.package_identification:_identify(rosbag2_2022_02_18-16_14_52) by extension 'ros'
[0.894s] Level 1:colcon.colcon_core.package_identification:_identify(rosbag2_2022_02_18-16_14_52) by extensions ['cmake', 'python']
[0.894s] Level 1:colcon.colcon_core.package_identification:_identify(rosbag2_2022_02_18-16_14_52) by extension 'cmake'
[0.895s] Level 1:colcon.colcon_core.package_identification:_identify(rosbag2_2022_02_18-16_14_52) by extension 'python'
[0.895s] Level 1:colcon.colcon_core.package_identification:_identify(rosbag2_2022_02_18-16_14_52) by extensions ['python_setup_py']
[0.895s] Level 1:colcon.colcon_core.package_identification:_identify(rosbag2_2022_02_18-16_14_52) by extension 'python_setup_py'
[0.895s] Level 1:colcon.colcon_core.package_identification:_identify(rosbag2_2022_02_18-16_15_12) by extensions ['ignore', 'ignore_ament_install']
[0.895s] Level 1:colcon.colcon_core.package_identification:_identify(rosbag2_2022_02_18-16_15_12) by extension 'ignore'
[0.895s] Level 1:colcon.colcon_core.package_identification:_identify(rosbag2_2022_02_18-16_15_12) by extension 'ignore_ament_install'
[0.895s] Level 1:colcon.colcon_core.package_identification:_identify(rosbag2_2022_02_18-16_15_12) by extensions ['colcon_pkg']
[0.895s] Level 1:colcon.colcon_core.package_identification:_identify(rosbag2_2022_02_18-16_15_12) by extension 'colcon_pkg'
[0.895s] Level 1:colcon.colcon_core.package_identification:_identify(rosbag2_2022_02_18-16_15_12) by extensions ['colcon_meta']
[0.895s] Level 1:colcon.colcon_core.package_identification:_identify(rosbag2_2022_02_18-16_15_12) by extension 'colcon_meta'
[0.895s] Level 1:colcon.colcon_core.package_identification:_identify(rosbag2_2022_02_18-16_15_12) by extensions ['ros']
[0.896s] Level 1:colcon.colcon_core.package_identification:_identify(rosbag2_2022_02_18-16_15_12) by extension 'ros'
[0.896s] Level 1:colcon.colcon_core.package_identification:_identify(rosbag2_2022_02_18-16_15_12) by extensions ['cmake', 'python']
[0.896s] Level 1:colcon.colcon_core.package_identification:_identify(rosbag2_2022_02_18-16_15_12) by extension 'cmake'
[0.896s] Level 1:colcon.colcon_core.package_identification:_identify(rosbag2_2022_02_18-16_15_12) by extension 'python'
[0.896s] Level 1:colcon.colcon_core.package_identification:_identify(rosbag2_2022_02_18-16_15_12) by extensions ['python_setup_py']
[0.896s] Level 1:colcon.colcon_core.package_identification:_identify(rosbag2_2022_02_18-16_15_12) by extension 'python_setup_py'
[0.896s] Level 1:colcon.colcon_core.package_identification:_identify(rosbag2_2022_02_18-16_16_22) by extensions ['ignore', 'ignore_ament_install']
[0.896s] Level 1:colcon.colcon_core.package_identification:_identify(rosbag2_2022_02_18-16_16_22) by extension 'ignore'
[0.896s] Level 1:colcon.colcon_core.package_identification:_identify(rosbag2_2022_02_18-16_16_22) by extension 'ignore_ament_install'
[0.896s] Level 1:colcon.colcon_core.package_identification:_identify(rosbag2_2022_02_18-16_16_22) by extensions ['colcon_pkg']
[0.896s] Level 1:colcon.colcon_core.package_identification:_identify(rosbag2_2022_02_18-16_16_22) by extension 'colcon_pkg'
[0.896s] Level 1:colcon.colcon_core.package_identification:_identify(rosbag2_2022_02_18-16_16_22) by extensions ['colcon_meta']
[0.896s] Level 1:colcon.colcon_core.package_identification:_identify(rosbag2_2022_02_18-16_16_22) by extension 'colcon_meta'
[0.897s] Level 1:colcon.colcon_core.package_identification:_identify(rosbag2_2022_02_18-16_16_22) by extensions ['ros']
[0.897s] Level 1:colcon.colcon_core.package_identification:_identify(rosbag2_2022_02_18-16_16_22) by extension 'ros'
[0.897s] Level 1:colcon.colcon_core.package_identification:_identify(rosbag2_2022_02_18-16_16_22) by extensions ['cmake', 'python']
[0.897s] Level 1:colcon.colcon_core.package_identification:_identify(rosbag2_2022_02_18-16_16_22) by extension 'cmake'
[0.897s] Level 1:colcon.colcon_core.package_identification:_identify(rosbag2_2022_02_18-16_16_22) by extension 'python'
[0.897s] Level 1:colcon.colcon_core.package_identification:_identify(rosbag2_2022_02_18-16_16_22) by extensions ['python_setup_py']
[0.897s] Level 1:colcon.colcon_core.package_identification:_identify(rosbag2_2022_02_18-16_16_22) by extension 'python_setup_py'
[0.897s] Level 1:colcon.colcon_core.package_identification:_identify(rosbag2_2022_02_18-16_16_45) by extensions ['ignore', 'ignore_ament_install']
[0.897s] Level 1:colcon.colcon_core.package_identification:_identify(rosbag2_2022_02_18-16_16_45) by extension 'ignore'
[0.897s] Level 1:colcon.colcon_core.package_identification:_identify(rosbag2_2022_02_18-16_16_45) by extension 'ignore_ament_install'
[0.897s] Level 1:colcon.colcon_core.package_identification:_identify(rosbag2_2022_02_18-16_16_45) by extensions ['colcon_pkg']
[0.897s] Level 1:colcon.colcon_core.package_identification:_identify(rosbag2_2022_02_18-16_16_45) by extension 'colcon_pkg'
[0.898s] Level 1:colcon.colcon_core.package_identification:_identify(rosbag2_2022_02_18-16_16_45) by extensions ['colcon_meta']
[0.898s] Level 1:colcon.colcon_core.package_identification:_identify(rosbag2_2022_02_18-16_16_45) by extension 'colcon_meta'
[0.898s] Level 1:colcon.colcon_core.package_identification:_identify(rosbag2_2022_02_18-16_16_45) by extensions ['ros']
[0.898s] Level 1:colcon.colcon_core.package_identification:_identify(rosbag2_2022_02_18-16_16_45) by extension 'ros'
[0.898s] Level 1:colcon.colcon_core.package_identification:_identify(rosbag2_2022_02_18-16_16_45) by extensions ['cmake', 'python']
[0.898s] Level 1:colcon.colcon_core.package_identification:_identify(rosbag2_2022_02_18-16_16_45) by extension 'cmake'
[0.898s] Level 1:colcon.colcon_core.package_identification:_identify(rosbag2_2022_02_18-16_16_45) by extension 'python'
[0.898s] Level 1:colcon.colcon_core.package_identification:_identify(rosbag2_2022_02_18-16_16_45) by extensions ['python_setup_py']
[0.898s] Level 1:colcon.colcon_core.package_identification:_identify(rosbag2_2022_02_18-16_16_45) by extension 'python_setup_py'
[0.898s] Level 1:colcon.colcon_core.package_identification:_identify(rosbag2_2022_02_18-16_17_10) by extensions ['ignore', 'ignore_ament_install']
[0.898s] Level 1:colcon.colcon_core.package_identification:_identify(rosbag2_2022_02_18-16_17_10) by extension 'ignore'
[0.898s] Level 1:colcon.colcon_core.package_identification:_identify(rosbag2_2022_02_18-16_17_10) by extension 'ignore_ament_install'
[0.898s] Level 1:colcon.colcon_core.package_identification:_identify(rosbag2_2022_02_18-16_17_10) by extensions ['colcon_pkg']
[0.899s] Level 1:colcon.colcon_core.package_identification:_identify(rosbag2_2022_02_18-16_17_10) by extension 'colcon_pkg'
[0.899s] Level 1:colcon.colcon_core.package_identification:_identify(rosbag2_2022_02_18-16_17_10) by extensions ['colcon_meta']
[0.899s] Level 1:colcon.colcon_core.package_identification:_identify(rosbag2_2022_02_18-16_17_10) by extension 'colcon_meta'
[0.899s] Level 1:colcon.colcon_core.package_identification:_identify(rosbag2_2022_02_18-16_17_10) by extensions ['ros']
[0.899s] Level 1:colcon.colcon_core.package_identification:_identify(rosbag2_2022_02_18-16_17_10) by extension 'ros'
[0.899s] Level 1:colcon.colcon_core.package_identification:_identify(rosbag2_2022_02_18-16_17_10) by extensions ['cmake', 'python']
[0.899s] Level 1:colcon.colcon_core.package_identification:_identify(rosbag2_2022_02_18-16_17_10) by extension 'cmake'
[0.899s] Level 1:colcon.colcon_core.package_identification:_identify(rosbag2_2022_02_18-16_17_10) by extension 'python'
[0.899s] Level 1:colcon.colcon_core.package_identification:_identify(rosbag2_2022_02_18-16_17_10) by extensions ['python_setup_py']
[0.899s] Level 1:colcon.colcon_core.package_identification:_identify(rosbag2_2022_02_18-16_17_10) by extension 'python_setup_py'
[0.899s] Level 1:colcon.colcon_core.package_identification:_identify(rosbag2_2022_02_18-16_18_02) by extensions ['ignore', 'ignore_ament_install']
[0.899s] Level 1:colcon.colcon_core.package_identification:_identify(rosbag2_2022_02_18-16_18_02) by extension 'ignore'
[0.899s] Level 1:colcon.colcon_core.package_identification:_identify(rosbag2_2022_02_18-16_18_02) by extension 'ignore_ament_install'
[0.900s] Level 1:colcon.colcon_core.package_identification:_identify(rosbag2_2022_02_18-16_18_02) by extensions ['colcon_pkg']
[0.900s] Level 1:colcon.colcon_core.package_identification:_identify(rosbag2_2022_02_18-16_18_02) by extension 'colcon_pkg'
[0.900s] Level 1:colcon.colcon_core.package_identification:_identify(rosbag2_2022_02_18-16_18_02) by extensions ['colcon_meta']
[0.900s] Level 1:colcon.colcon_core.package_identification:_identify(rosbag2_2022_02_18-16_18_02) by extension 'colcon_meta'
[0.900s] Level 1:colcon.colcon_core.package_identification:_identify(rosbag2_2022_02_18-16_18_02) by extensions ['ros']
[0.900s] Level 1:colcon.colcon_core.package_identification:_identify(rosbag2_2022_02_18-16_18_02) by extension 'ros'
[0.900s] Level 1:colcon.colcon_core.package_identification:_identify(rosbag2_2022_02_18-16_18_02) by extensions ['cmake', 'python']
[0.900s] Level 1:colcon.colcon_core.package_identification:_identify(rosbag2_2022_02_18-16_18_02) by extension 'cmake'
[0.900s] Level 1:colcon.colcon_core.package_identification:_identify(rosbag2_2022_02_18-16_18_02) by extension 'python'
[0.900s] Level 1:colcon.colcon_core.package_identification:_identify(rosbag2_2022_02_18-16_18_02) by extensions ['python_setup_py']
[0.900s] Level 1:colcon.colcon_core.package_identification:_identify(rosbag2_2022_02_18-16_18_02) by extension 'python_setup_py'
[0.900s] Level 1:colcon.colcon_core.package_identification:_identify(rosbag2_2022_02_18-16_19_46) by extensions ['ignore', 'ignore_ament_install']
[0.901s] Level 1:colcon.colcon_core.package_identification:_identify(rosbag2_2022_02_18-16_19_46) by extension 'ignore'
[0.901s] Level 1:colcon.colcon_core.package_identification:_identify(rosbag2_2022_02_18-16_19_46) by extension 'ignore_ament_install'
[0.901s] Level 1:colcon.colcon_core.package_identification:_identify(rosbag2_2022_02_18-16_19_46) by extensions ['colcon_pkg']
[0.901s] Level 1:colcon.colcon_core.package_identification:_identify(rosbag2_2022_02_18-16_19_46) by extension 'colcon_pkg'
[0.901s] Level 1:colcon.colcon_core.package_identification:_identify(rosbag2_2022_02_18-16_19_46) by extensions ['colcon_meta']
[0.901s] Level 1:colcon.colcon_core.package_identification:_identify(rosbag2_2022_02_18-16_19_46) by extension 'colcon_meta'
[0.901s] Level 1:colcon.colcon_core.package_identification:_identify(rosbag2_2022_02_18-16_19_46) by extensions ['ros']
[0.901s] Level 1:colcon.colcon_core.package_identification:_identify(rosbag2_2022_02_18-16_19_46) by extension 'ros'
[0.901s] Level 1:colcon.colcon_core.package_identification:_identify(rosbag2_2022_02_18-16_19_46) by extensions ['cmake', 'python']
[0.901s] Level 1:colcon.colcon_core.package_identification:_identify(rosbag2_2022_02_18-16_19_46) by extension 'cmake'
[0.901s] Level 1:colcon.colcon_core.package_identification:_identify(rosbag2_2022_02_18-16_19_46) by extension 'python'
[0.901s] Level 1:colcon.colcon_core.package_identification:_identify(rosbag2_2022_02_18-16_19_46) by extensions ['python_setup_py']
[0.901s] Level 1:colcon.colcon_core.package_identification:_identify(rosbag2_2022_02_18-16_19_46) by extension 'python_setup_py'
[0.902s] Level 1:colcon.colcon_core.package_identification:_identify(rosbag2_2022_02_18-16_21_14) by extensions ['ignore', 'ignore_ament_install']
[0.902s] Level 1:colcon.colcon_core.package_identification:_identify(rosbag2_2022_02_18-16_21_14) by extension 'ignore'
[0.902s] Level 1:colcon.colcon_core.package_identification:_identify(rosbag2_2022_02_18-16_21_14) by extension 'ignore_ament_install'
[0.902s] Level 1:colcon.colcon_core.package_identification:_identify(rosbag2_2022_02_18-16_21_14) by extensions ['colcon_pkg']
[0.902s] Level 1:colcon.colcon_core.package_identification:_identify(rosbag2_2022_02_18-16_21_14) by extension 'colcon_pkg'
[0.902s] Level 1:colcon.colcon_core.package_identification:_identify(rosbag2_2022_02_18-16_21_14) by extensions ['colcon_meta']
[0.902s] Level 1:colcon.colcon_core.package_identification:_identify(rosbag2_2022_02_18-16_21_14) by extension 'colcon_meta'
[0.902s] Level 1:colcon.colcon_core.package_identification:_identify(rosbag2_2022_02_18-16_21_14) by extensions ['ros']
[0.902s] Level 1:colcon.colcon_core.package_identification:_identify(rosbag2_2022_02_18-16_21_14) by extension 'ros'
[0.902s] Level 1:colcon.colcon_core.package_identification:_identify(rosbag2_2022_02_18-16_21_14) by extensions ['cmake', 'python']
[0.902s] Level 1:colcon.colcon_core.package_identification:_identify(rosbag2_2022_02_18-16_21_14) by extension 'cmake'
[0.902s] Level 1:colcon.colcon_core.package_identification:_identify(rosbag2_2022_02_18-16_21_14) by extension 'python'
[0.902s] Level 1:colcon.colcon_core.package_identification:_identify(rosbag2_2022_02_18-16_21_14) by extensions ['python_setup_py']
[0.902s] Level 1:colcon.colcon_core.package_identification:_identify(rosbag2_2022_02_18-16_21_14) by extension 'python_setup_py'
[0.903s] Level 1:colcon.colcon_core.package_identification:_identify(src) by extensions ['ignore', 'ignore_ament_install']
[0.903s] Level 1:colcon.colcon_core.package_identification:_identify(src) by extension 'ignore'
[0.903s] Level 1:colcon.colcon_core.package_identification:_identify(src) by extension 'ignore_ament_install'
[0.903s] Level 1:colcon.colcon_core.package_identification:_identify(src) by extensions ['colcon_pkg']
[0.903s] Level 1:colcon.colcon_core.package_identification:_identify(src) by extension 'colcon_pkg'
[0.903s] Level 1:colcon.colcon_core.package_identification:_identify(src) by extensions ['colcon_meta']
[0.903s] Level 1:colcon.colcon_core.package_identification:_identify(src) by extension 'colcon_meta'
[0.903s] Level 1:colcon.colcon_core.package_identification:_identify(src) by extensions ['ros']
[0.903s] Level 1:colcon.colcon_core.package_identification:_identify(src) by extension 'ros'
[0.903s] Level 1:colcon.colcon_core.package_identification:_identify(src) by extensions ['cmake', 'python']
[0.903s] Level 1:colcon.colcon_core.package_identification:_identify(src) by extension 'cmake'
[0.903s] Level 1:colcon.colcon_core.package_identification:_identify(src) by extension 'python'
[0.903s] Level 1:colcon.colcon_core.package_identification:_identify(src) by extensions ['python_setup_py']
[0.903s] Level 1:colcon.colcon_core.package_identification:_identify(src) by extension 'python_setup_py'
[0.904s] Level 1:colcon.colcon_core.package_identification:_identify(src/build) by extensions ['ignore', 'ignore_ament_install']
[0.904s] Level 1:colcon.colcon_core.package_identification:_identify(src/build) by extension 'ignore'
[0.904s] Level 1:colcon.colcon_core.package_identification:_identify(src/build) ignored
[0.904s] Level 1:colcon.colcon_core.package_identification:_identify(src/cubesat_actuators) by extensions ['ignore', 'ignore_ament_install']
[0.904s] Level 1:colcon.colcon_core.package_identification:_identify(src/cubesat_actuators) by extension 'ignore'
[0.904s] Level 1:colcon.colcon_core.package_identification:_identify(src/cubesat_actuators) by extension 'ignore_ament_install'
[0.904s] Level 1:colcon.colcon_core.package_identification:_identify(src/cubesat_actuators) by extensions ['colcon_pkg']
[0.904s] Level 1:colcon.colcon_core.package_identification:_identify(src/cubesat_actuators) by extension 'colcon_pkg'
[0.904s] Level 1:colcon.colcon_core.package_identification:_identify(src/cubesat_actuators) by extensions ['colcon_meta']
[0.904s] Level 1:colcon.colcon_core.package_identification:_identify(src/cubesat_actuators) by extension 'colcon_meta'
[0.904s] Level 1:colcon.colcon_core.package_identification:_identify(src/cubesat_actuators) by extensions ['ros']
[0.904s] Level 1:colcon.colcon_core.package_identification:_identify(src/cubesat_actuators) by extension 'ros'
[0.907s] DEBUG:colcon.colcon_core.package_identification:Package 'src/cubesat_actuators' with type 'ros.ament_cmake' and name 'cubesat_actuators'
[0.907s] Level 1:colcon.colcon_core.package_identification:_identify(src/cubesat_controllers) by extensions ['ignore', 'ignore_ament_install']
[0.907s] Level 1:colcon.colcon_core.package_identification:_identify(src/cubesat_controllers) by extension 'ignore'
[0.907s] Level 1:colcon.colcon_core.package_identification:_identify(src/cubesat_controllers) by extension 'ignore_ament_install'
[0.907s] Level 1:colcon.colcon_core.package_identification:_identify(src/cubesat_controllers) by extensions ['colcon_pkg']
[0.907s] Level 1:colcon.colcon_core.package_identification:_identify(src/cubesat_controllers) by extension 'colcon_pkg'
[0.907s] Level 1:colcon.colcon_core.package_identification:_identify(src/cubesat_controllers) by extensions ['colcon_meta']
[0.907s] Level 1:colcon.colcon_core.package_identification:_identify(src/cubesat_controllers) by extension 'colcon_meta'
[0.907s] Level 1:colcon.colcon_core.package_identification:_identify(src/cubesat_controllers) by extensions ['ros']
[0.907s] Level 1:colcon.colcon_core.package_identification:_identify(src/cubesat_controllers) by extension 'ros'
[0.908s] DEBUG:colcon.colcon_core.package_identification:Package 'src/cubesat_controllers' with type 'ros.ament_cmake' and name 'cubesat_controllers'
[0.908s] Level 1:colcon.colcon_core.package_identification:_identify(src/cubesat_description) by extensions ['ignore', 'ignore_ament_install']
[0.908s] Level 1:colcon.colcon_core.package_identification:_identify(src/cubesat_description) by extension 'ignore'
[0.908s] Level 1:colcon.colcon_core.package_identification:_identify(src/cubesat_description) by extension 'ignore_ament_install'
[0.908s] Level 1:colcon.colcon_core.package_identification:_identify(src/cubesat_description) by extensions ['colcon_pkg']
[0.908s] Level 1:colcon.colcon_core.package_identification:_identify(src/cubesat_description) by extension 'colcon_pkg'
[0.909s] Level 1:colcon.colcon_core.package_identification:_identify(src/cubesat_description) by extensions ['colcon_meta']
[0.909s] Level 1:colcon.colcon_core.package_identification:_identify(src/cubesat_description) by extension 'colcon_meta'
[0.909s] Level 1:colcon.colcon_core.package_identification:_identify(src/cubesat_description) by extensions ['ros']
[0.909s] Level 1:colcon.colcon_core.package_identification:_identify(src/cubesat_description) by extension 'ros'
[0.909s] DEBUG:colcon.colcon_core.package_identification:Package 'src/cubesat_description' with type 'ros.ament_python' and name 'cubesat_description'
[0.909s] Level 1:colcon.colcon_core.package_identification:_identify(src/cubesat_gazebo) by extensions ['ignore', 'ignore_ament_install']
[0.909s] Level 1:colcon.colcon_core.package_identification:_identify(src/cubesat_gazebo) by extension 'ignore'
[0.910s] Level 1:colcon.colcon_core.package_identification:_identify(src/cubesat_gazebo) by extension 'ignore_ament_install'
[0.910s] Level 1:colcon.colcon_core.package_identification:_identify(src/cubesat_gazebo) by extensions ['colcon_pkg']
[0.910s] Level 1:colcon.colcon_core.package_identification:_identify(src/cubesat_gazebo) by extension 'colcon_pkg'
[0.910s] Level 1:colcon.colcon_core.package_identification:_identify(src/cubesat_gazebo) by extensions ['colcon_meta']
[0.910s] Level 1:colcon.colcon_core.package_identification:_identify(src/cubesat_gazebo) by extension 'colcon_meta'
[0.910s] Level 1:colcon.colcon_core.package_identification:_identify(src/cubesat_gazebo) by extensions ['ros']
[0.910s] Level 1:colcon.colcon_core.package_identification:_identify(src/cubesat_gazebo) by extension 'ros'
[0.910s] DEBUG:colcon.colcon_core.package_identification:Package 'src/cubesat_gazebo' with type 'ros.ament_cmake' and name 'cubesat_gazebo'
[0.910s] Level 1:colcon.colcon_core.package_identification:_identify(src/cubesat_sensors) by extensions ['ignore', 'ignore_ament_install']
[0.911s] Level 1:colcon.colcon_core.package_identification:_identify(src/cubesat_sensors) by extension 'ignore'
[0.911s] Level 1:colcon.colcon_core.package_identification:_identify(src/cubesat_sensors) by extension 'ignore_ament_install'
[0.911s] Level 1:colcon.colcon_core.package_identification:_identify(src/cubesat_sensors) by extensions ['colcon_pkg']
[0.911s] Level 1:colcon.colcon_core.package_identification:_identify(src/cubesat_sensors) by extension 'colcon_pkg'
[0.911s] Level 1:colcon.colcon_core.package_identification:_identify(src/cubesat_sensors) by extensions ['colcon_meta']
[0.911s] Level 1:colcon.colcon_core.package_identification:_identify(src/cubesat_sensors) by extension 'colcon_meta'
[0.911s] Level 1:colcon.colcon_core.package_identification:_identify(src/cubesat_sensors) by extensions ['ros']
[0.911s] Level 1:colcon.colcon_core.package_identification:_identify(src/cubesat_sensors) by extension 'ros'
[0.912s] DEBUG:colcon.colcon_core.package_identification:Package 'src/cubesat_sensors' with type 'ros.ament_cmake' and name 'cubesat_sensors'
[0.913s] Level 1:colcon.colcon_core.package_identification:_identify(src/install) by extensions ['ignore', 'ignore_ament_install']
[0.913s] Level 1:colcon.colcon_core.package_identification:_identify(src/install) by extension 'ignore'
[0.913s] Level 1:colcon.colcon_core.package_identification:_identify(src/install) ignored
[0.913s] Level 1:colcon.colcon_core.package_identification:_identify(src/log) by extensions ['ignore', 'ignore_ament_install']
[0.913s] Level 1:colcon.colcon_core.package_identification:_identify(src/log) by extension 'ignore'
[0.913s] Level 1:colcon.colcon_core.package_identification:_identify(src/log) ignored
[0.913s] Level 1:colcon.colcon_core.package_identification:_identify(src/smartdata_test) by extensions ['ignore', 'ignore_ament_install']
[0.914s] Level 1:colcon.colcon_core.package_identification:_identify(src/smartdata_test) by extension 'ignore'
[0.914s] Level 1:colcon.colcon_core.package_identification:_identify(src/smartdata_test) by extension 'ignore_ament_install'
[0.914s] Level 1:colcon.colcon_core.package_identification:_identify(src/smartdata_test) by extensions ['colcon_pkg']
[0.914s] Level 1:colcon.colcon_core.package_identification:_identify(src/smartdata_test) by extension 'colcon_pkg'
[0.914s] Level 1:colcon.colcon_core.package_identification:_identify(src/smartdata_test) by extensions ['colcon_meta']
[0.914s] Level 1:colcon.colcon_core.package_identification:_identify(src/smartdata_test) by extension 'colcon_meta'
[0.914s] Level 1:colcon.colcon_core.package_identification:_identify(src/smartdata_test) by extensions ['ros']
[0.914s] Level 1:colcon.colcon_core.package_identification:_identify(src/smartdata_test) by extension 'ros'
[0.915s] DEBUG:colcon.colcon_core.package_identification:Package 'src/smartdata_test' with type 'ros.ament_cmake' and name 'smartdata_test'
[0.915s] Level 1:colcon.colcon_core.package_discovery:discover_packages(recursive) using defaults
[0.915s] Level 1:colcon.colcon_core.package_discovery:discover_packages(ignore) discover
[0.915s] Level 1:colcon.colcon_core.package_discovery:discover_packages(ignore) using defaults
[0.915s] Level 1:colcon.colcon_core.package_discovery:discover_packages(path) discover
[0.915s] Level 1:colcon.colcon_core.package_discovery:discover_packages(path) using defaults
[0.994s] INFO:colcon.colcon_core.package_selection:Skipping not selected package 'cubesat_actuators' in 'src/cubesat_actuators'
[0.995s] INFO:colcon.colcon_core.package_selection:Skipping not selected package 'cubesat_controllers' in 'src/cubesat_controllers'
[0.995s] INFO:colcon.colcon_core.package_selection:Skipping not selected package 'cubesat_sensors' in 'src/cubesat_sensors'
[0.995s] INFO:colcon.colcon_core.package_selection:Skipping not selected package 'smartdata_test' in 'src/smartdata_test'
[1.010s] Level 5:colcon.colcon_core.verb:set package 'cubesat_description' build argument 'cmake_args' from command line to 'None'
[1.010s] Level 5:colcon.colcon_core.verb:set package 'cubesat_description' build argument 'cmake_target' from command line to 'None'
[1.010s] Level 5:colcon.colcon_core.verb:set package 'cubesat_description' build argument 'cmake_target_skip_unavailable' from command line to 'False'
[1.010s] Level 5:colcon.colcon_core.verb:set package 'cubesat_description' build argument 'cmake_clean_cache' from command line to 'False'
[1.010s] Level 5:colcon.colcon_core.verb:set package 'cubesat_description' build argument 'cmake_clean_first' from command line to 'False'
[1.010s] Level 5:colcon.colcon_core.verb:set package 'cubesat_description' build argument 'cmake_force_configure' from command line to 'False'
[1.010s] Level 5:colcon.colcon_core.verb:set package 'cubesat_description' build argument 'ament_cmake_args' from command line to 'None'
[1.010s] Level 5:colcon.colcon_core.verb:set package 'cubesat_description' build argument 'catkin_cmake_args' from command line to 'None'
[1.010s] Level 5:colcon.colcon_core.verb:set package 'cubesat_description' build argument 'catkin_skip_building_tests' from command line to 'False'
[1.010s] DEBUG:colcon.colcon_core.verb:Building package 'cubesat_description' with the following arguments: {'ament_cmake_args': None, 'build_base': '/home/matheuswagner/repos/adaptive-cubesat-adcs/cubesat-simulation/build/cubesat_description', 'catkin_cmake_args': None, 'catkin_skip_building_tests': False, 'cmake_args': None, 'cmake_clean_cache': False, 'cmake_clean_first': False, 'cmake_force_configure': False, 'cmake_target': None, 'cmake_target_skip_unavailable': False, 'install_base': '/home/matheuswagner/repos/adaptive-cubesat-adcs/cubesat-simulation/install/cubesat_description', 'merge_install': False, 'path': '/home/matheuswagner/repos/adaptive-cubesat-adcs/cubesat-simulation/src/cubesat_description', 'symlink_install': False, 'test_result_base': None}
[1.024s] Level 5:colcon.colcon_core.verb:set package 'cubesat_gazebo' build argument 'cmake_args' from command line to 'None'
[1.024s] Level 5:colcon.colcon_core.verb:set package 'cubesat_gazebo' build argument 'cmake_target' from command line to 'None'
[1.025s] Level 5:colcon.colcon_core.verb:set package 'cubesat_gazebo' build argument 'cmake_target_skip_unavailable' from command line to 'False'
[1.025s] Level 5:colcon.colcon_core.verb:set package 'cubesat_gazebo' build argument 'cmake_clean_cache' from command line to 'False'
[1.025s] Level 5:colcon.colcon_core.verb:set package 'cubesat_gazebo' build argument 'cmake_clean_first' from command line to 'False'
[1.025s] Level 5:colcon.colcon_core.verb:set package 'cubesat_gazebo' build argument 'cmake_force_configure' from command line to 'False'
[1.025s] Level 5:colcon.colcon_core.verb:set package 'cubesat_gazebo' build argument 'ament_cmake_args' from command line to 'None'
[1.025s] Level 5:colcon.colcon_core.verb:set package 'cubesat_gazebo' build argument 'catkin_cmake_args' from command line to 'None'
[1.025s] Level 5:colcon.colcon_core.verb:set package 'cubesat_gazebo' build argument 'catkin_skip_building_tests' from command line to 'False'
[1.025s] DEBUG:colcon.colcon_core.verb:Building package 'cubesat_gazebo' with the following arguments: {'ament_cmake_args': None, 'build_base': '/home/matheuswagner/repos/adaptive-cubesat-adcs/cubesat-simulation/build/cubesat_gazebo', 'catkin_cmake_args': None, 'catkin_skip_building_tests': False, 'cmake_args': None, 'cmake_clean_cache': False, 'cmake_clean_first': False, 'cmake_force_configure': False, 'cmake_target': None, 'cmake_target_skip_unavailable': False, 'install_base': '/home/matheuswagner/repos/adaptive-cubesat-adcs/cubesat-simulation/install/cubesat_gazebo', 'merge_install': False, 'path': '/home/matheuswagner/repos/adaptive-cubesat-adcs/cubesat-simulation/src/cubesat_gazebo', 'symlink_install': False, 'test_result_base': None}
[1.055s] WARNING:colcon.colcon_core.verb:Some selected packages are already built in one or more underlay workspaces:
	'cubesat_description' is in: /home/matheuswagner/repos/adaptive-cubesat-adcs/cubesat-simulation/install/cubesat_description
	'cubesat_gazebo' is in: /home/matheuswagner/repos/adaptive-cubesat-adcs/cubesat-simulation/install/cubesat_gazebo
If a package in a merged underlay workspace is overridden and it installs headers, then all packages in the overlay must sort their include directories by workspace order. Failure to do so may result in build failures or undefined behavior at run time.
If the overridden package is used by another package in any underlay, then the overriding package in the overlay must be API and ABI compatible or undefined behavior at run time may occur.

If you understand the risks and want to override a package anyways, add the following to the command line:
	--allow-overriding cubesat_description cubesat_gazebo

This may be promoted to an error in a future release of colcon-core.
[1.059s] INFO:colcon.colcon_core.executor:Executing jobs using 'parallel' executor
[1.092s] DEBUG:colcon.colcon_parallel_executor.executor.parallel:run_until_complete
[1.093s] INFO:colcon.colcon_ros.task.ament_python.build:Building ROS package in '/home/matheuswagner/repos/adaptive-cubesat-adcs/cubesat-simulation/src/cubesat_description' with build type 'ament_python'
[1.093s] Level 1:colcon.colcon_core.shell:create_environment_hook('cubesat_description', 'ament_prefix_path')
[1.110s] INFO:colcon.colcon_core.plugin_system:Skipping extension 'colcon_core.shell.bat': Not used on non-Windows systems
[1.110s] INFO:colcon.colcon_core.shell:Creating environment hook '/home/matheuswagner/repos/adaptive-cubesat-adcs/cubesat-simulation/install/cubesat_description/share/cubesat_description/hook/ament_prefix_path.ps1'
[1.111s] INFO:colcon.colcon_core.shell:Creating environment descriptor '/home/matheuswagner/repos/adaptive-cubesat-adcs/cubesat-simulation/install/cubesat_description/share/cubesat_description/hook/ament_prefix_path.dsv'
[1.112s] INFO:colcon.colcon_core.shell:Creating environment hook '/home/matheuswagner/repos/adaptive-cubesat-adcs/cubesat-simulation/install/cubesat_description/share/cubesat_description/hook/ament_prefix_path.sh'
[1.121s] INFO:colcon.colcon_core.shell:Skip shell extension 'powershell' for command environment: Not usable outside of PowerShell
[1.122s] DEBUG:colcon.colcon_core.shell:Skip shell extension 'dsv' for command environment
[1.167s] INFO:colcon.colcon_ros.task.ament_cmake.build:Building ROS package in '/home/matheuswagner/repos/adaptive-cubesat-adcs/cubesat-simulation/src/cubesat_gazebo' with build type 'ament_cmake'
[1.167s] INFO:colcon.colcon_cmake.task.cmake.build:Building CMake package in '/home/matheuswagner/repos/adaptive-cubesat-adcs/cubesat-simulation/src/cubesat_gazebo'
[1.178s] INFO:colcon.colcon_core.shell:Skip shell extension 'powershell' for command environment: Not usable outside of PowerShell
[1.178s] DEBUG:colcon.colcon_core.shell:Skip shell extension 'dsv' for command environment
[1.673s] INFO:colcon.colcon_core.task.python.build:Building Python package in '/home/matheuswagner/repos/adaptive-cubesat-adcs/cubesat-simulation/src/cubesat_description'
[1.692s] INFO:colcon.colcon_core.shell:Skip shell extension 'powershell' for command environment: Not usable outside of PowerShell
[1.692s] DEBUG:colcon.colcon_core.shell:Skip shell extension 'dsv' for command environment
[1.755s] DEBUG:colcon.colcon_core.event_handler.log_command:Invoking command in '/home/matheuswagner/repos/adaptive-cubesat-adcs/cubesat-simulation/build/cubesat_gazebo': CMAKE_PREFIX_PATH=${CMAKE_PREFIX_PATH}:/home/matheuswagner/repos/adaptive-cubesat-adcs/cubesat-simulation/install/cubesat_description:/opt/ros/dashing /usr/local/bin/cmake --build /home/matheuswagner/repos/adaptive-cubesat-adcs/cubesat-simulation/build/cubesat_gazebo -- -j8 -l8
[1.797s] DEBUG:colcon.colcon_core.event_handler.log_command:Invoked command in '/home/matheuswagner/repos/adaptive-cubesat-adcs/cubesat-simulation/build/cubesat_gazebo' returned '0': CMAKE_PREFIX_PATH=${CMAKE_PREFIX_PATH}:/home/matheuswagner/repos/adaptive-cubesat-adcs/cubesat-simulation/install/cubesat_description:/opt/ros/dashing /usr/local/bin/cmake --build /home/matheuswagner/repos/adaptive-cubesat-adcs/cubesat-simulation/build/cubesat_gazebo -- -j8 -l8
[1.843s] DEBUG:colcon.colcon_core.event_handler.log_command:Invoking command in '/home/matheuswagner/repos/adaptive-cubesat-adcs/cubesat-simulation/build/cubesat_gazebo': CMAKE_PREFIX_PATH=${CMAKE_PREFIX_PATH}:/home/matheuswagner/repos/adaptive-cubesat-adcs/cubesat-simulation/install/cubesat_description:/opt/ros/dashing /usr/local/bin/cmake --install /home/matheuswagner/repos/adaptive-cubesat-adcs/cubesat-simulation/build/cubesat_gazebo
[1.858s] Level 1:colcon.colcon_core.environment:create_environment_scripts_only(cubesat_gazebo)
[1.863s] DEBUG:colcon.colcon_core.event_handler.log_command:Invoked command in '/home/matheuswagner/repos/adaptive-cubesat-adcs/cubesat-simulation/build/cubesat_gazebo' returned '0': CMAKE_PREFIX_PATH=${CMAKE_PREFIX_PATH}:/home/matheuswagner/repos/adaptive-cubesat-adcs/cubesat-simulation/install/cubesat_description:/opt/ros/dashing /usr/local/bin/cmake --install /home/matheuswagner/repos/adaptive-cubesat-adcs/cubesat-simulation/build/cubesat_gazebo
[1.883s] Level 1:colcon.colcon_core.environment:checking '/home/matheuswagner/repos/adaptive-cubesat-adcs/cubesat-simulation/install/cubesat_gazebo' for CMake module files
[1.884s] Level 1:colcon.colcon_core.environment:checking '/home/matheuswagner/repos/adaptive-cubesat-adcs/cubesat-simulation/install/cubesat_gazebo' for CMake config files
[1.884s] Level 1:colcon.colcon_core.shell:create_environment_hook('cubesat_gazebo', 'cmake_prefix_path')
[1.901s] INFO:colcon.colcon_core.shell:Creating environment hook '/home/matheuswagner/repos/adaptive-cubesat-adcs/cubesat-simulation/install/cubesat_gazebo/share/cubesat_gazebo/hook/cmake_prefix_path.ps1'
[1.902s] INFO:colcon.colcon_core.shell:Creating environment descriptor '/home/matheuswagner/repos/adaptive-cubesat-adcs/cubesat-simulation/install/cubesat_gazebo/share/cubesat_gazebo/hook/cmake_prefix_path.dsv'
[1.903s] INFO:colcon.colcon_core.shell:Creating environment hook '/home/matheuswagner/repos/adaptive-cubesat-adcs/cubesat-simulation/install/cubesat_gazebo/share/cubesat_gazebo/hook/cmake_prefix_path.sh'
[1.904s] Level 1:colcon.colcon_core.environment:checking '/home/matheuswagner/repos/adaptive-cubesat-adcs/cubesat-simulation/install/cubesat_gazebo/bin'
[1.904s] Level 1:colcon.colcon_core.environment:checking '/home/matheuswagner/repos/adaptive-cubesat-adcs/cubesat-simulation/install/cubesat_gazebo/lib/pkgconfig/cubesat_gazebo.pc'
[1.904s] Level 1:colcon.colcon_core.environment:checking '/home/matheuswagner/repos/adaptive-cubesat-adcs/cubesat-simulation/install/cubesat_gazebo/lib/python3.6/site-packages'
[1.924s] INFO:colcon.colcon_core.shell:Creating package script '/home/matheuswagner/repos/adaptive-cubesat-adcs/cubesat-simulation/install/cubesat_gazebo/share/cubesat_gazebo/package.ps1'
[1.925s] INFO:colcon.colcon_core.shell:Creating package descriptor '/home/matheuswagner/repos/adaptive-cubesat-adcs/cubesat-simulation/install/cubesat_gazebo/share/cubesat_gazebo/package.dsv'
[1.926s] INFO:colcon.colcon_core.shell:Creating package script '/home/matheuswagner/repos/adaptive-cubesat-adcs/cubesat-simulation/install/cubesat_gazebo/share/cubesat_gazebo/package.sh'
[1.927s] INFO:colcon.colcon_core.shell:Creating package script '/home/matheuswagner/repos/adaptive-cubesat-adcs/cubesat-simulation/install/cubesat_gazebo/share/cubesat_gazebo/package.bash'
[1.928s] INFO:colcon.colcon_core.shell:Creating package script '/home/matheuswagner/repos/adaptive-cubesat-adcs/cubesat-simulation/install/cubesat_gazebo/share/cubesat_gazebo/package.zsh'
[1.929s] Level 1:colcon.colcon_core.environment:create_file_with_runtime_dependencies(/home/matheuswagner/repos/adaptive-cubesat-adcs/cubesat-simulation/install/cubesat_gazebo/share/colcon-core/packages/cubesat_gazebo)
[1.981s] Level 1:colcon.colcon_core.environment:create_environment_scripts_only(cubesat_gazebo)
[2.001s] Level 1:colcon.colcon_core.environment:checking '/home/matheuswagner/repos/adaptive-cubesat-adcs/cubesat-simulation/install/cubesat_gazebo' for CMake module files
[2.002s] Level 1:colcon.colcon_core.environment:checking '/home/matheuswagner/repos/adaptive-cubesat-adcs/cubesat-simulation/install/cubesat_gazebo' for CMake config files
[2.003s] Level 1:colcon.colcon_core.shell:create_environment_hook('cubesat_gazebo', 'cmake_prefix_path')
[2.020s] INFO:colcon.colcon_core.shell:Creating environment hook '/home/matheuswagner/repos/adaptive-cubesat-adcs/cubesat-simulation/install/cubesat_gazebo/share/cubesat_gazebo/hook/cmake_prefix_path.ps1'
[2.020s] INFO:colcon.colcon_core.shell:Creating environment descriptor '/home/matheuswagner/repos/adaptive-cubesat-adcs/cubesat-simulation/install/cubesat_gazebo/share/cubesat_gazebo/hook/cmake_prefix_path.dsv'
[2.021s] INFO:colcon.colcon_core.shell:Creating environment hook '/home/matheuswagner/repos/adaptive-cubesat-adcs/cubesat-simulation/install/cubesat_gazebo/share/cubesat_gazebo/hook/cmake_prefix_path.sh'
[2.022s] Level 1:colcon.colcon_core.environment:checking '/home/matheuswagner/repos/adaptive-cubesat-adcs/cubesat-simulation/install/cubesat_gazebo/bin'
[2.022s] Level 1:colcon.colcon_core.environment:checking '/home/matheuswagner/repos/adaptive-cubesat-adcs/cubesat-simulation/install/cubesat_gazebo/lib/pkgconfig/cubesat_gazebo.pc'
[2.022s] Level 1:colcon.colcon_core.environment:checking '/home/matheuswagner/repos/adaptive-cubesat-adcs/cubesat-simulation/install/cubesat_gazebo/lib/python3.6/site-packages'
[2.035s] INFO:colcon.colcon_core.shell:Creating package script '/home/matheuswagner/repos/adaptive-cubesat-adcs/cubesat-simulation/install/cubesat_gazebo/share/cubesat_gazebo/package.ps1'
[2.036s] INFO:colcon.colcon_core.shell:Creating package descriptor '/home/matheuswagner/repos/adaptive-cubesat-adcs/cubesat-simulation/install/cubesat_gazebo/share/cubesat_gazebo/package.dsv'
[2.036s] INFO:colcon.colcon_core.shell:Creating package script '/home/matheuswagner/repos/adaptive-cubesat-adcs/cubesat-simulation/install/cubesat_gazebo/share/cubesat_gazebo/package.sh'
[2.037s] INFO:colcon.colcon_core.shell:Creating package script '/home/matheuswagner/repos/adaptive-cubesat-adcs/cubesat-simulation/install/cubesat_gazebo/share/cubesat_gazebo/package.bash'
[2.037s] INFO:colcon.colcon_core.shell:Creating package script '/home/matheuswagner/repos/adaptive-cubesat-adcs/cubesat-simulation/install/cubesat_gazebo/share/cubesat_gazebo/package.zsh'
[2.038s] Level 1:colcon.colcon_core.environment:create_file_with_runtime_dependencies(/home/matheuswagner/repos/adaptive-cubesat-adcs/cubesat-simulation/install/cubesat_gazebo/share/colcon-core/packages/cubesat_gazebo)
[2.398s] DEBUG:colcon.colcon_core.event_handler.log_command:Invoking command in '/home/matheuswagner/repos/adaptive-cubesat-adcs/cubesat-simulation/build/cubesat_description': PYTHONPATH=/home/matheuswagner/repos/adaptive-cubesat-adcs/cubesat-simulation/install/cubesat_description/lib/python3.6/site-packages:${PYTHONPATH} /usr/bin/python3 setup.py develop --prefix /home/matheuswagner/repos/adaptive-cubesat-adcs/cubesat-simulation/install/cubesat_description --uninstall --editable --build-directory /home/matheuswagner/repos/adaptive-cubesat-adcs/cubesat-simulation/build/cubesat_description/build
[3.098s] DEBUG:colcon.colcon_core.event_handler.log_command:Invoked command in '/home/matheuswagner/repos/adaptive-cubesat-adcs/cubesat-simulation/build/cubesat_description' returned '0': PYTHONPATH=/home/matheuswagner/repos/adaptive-cubesat-adcs/cubesat-simulation/install/cubesat_description/lib/python3.6/site-packages:${PYTHONPATH} /usr/bin/python3 setup.py develop --prefix /home/matheuswagner/repos/adaptive-cubesat-adcs/cubesat-simulation/install/cubesat_description --uninstall --editable --build-directory /home/matheuswagner/repos/adaptive-cubesat-adcs/cubesat-simulation/build/cubesat_description/build
[3.101s] DEBUG:colcon.colcon_core.event_handler.log_command:Invoking command in '/home/matheuswagner/repos/adaptive-cubesat-adcs/cubesat-simulation/src/cubesat_description': PYTHONPATH=/home/matheuswagner/repos/adaptive-cubesat-adcs/cubesat-simulation/install/cubesat_description/lib/python3.6/site-packages:${PYTHONPATH} /usr/bin/python3 setup.py egg_info --egg-base ../../build/cubesat_description build --build-base /home/matheuswagner/repos/adaptive-cubesat-adcs/cubesat-simulation/build/cubesat_description/build install --prefix /home/matheuswagner/repos/adaptive-cubesat-adcs/cubesat-simulation/install/cubesat_description --record /home/matheuswagner/repos/adaptive-cubesat-adcs/cubesat-simulation/build/cubesat_description/install.log --single-version-externally-managed
[3.537s] DEBUG:colcon.colcon_core.event_handler.log_command:Invoked command in '/home/matheuswagner/repos/adaptive-cubesat-adcs/cubesat-simulation/src/cubesat_description' returned '0': PYTHONPATH=/home/matheuswagner/repos/adaptive-cubesat-adcs/cubesat-simulation/install/cubesat_description/lib/python3.6/site-packages:${PYTHONPATH} /usr/bin/python3 setup.py egg_info --egg-base ../../build/cubesat_description build --build-base /home/matheuswagner/repos/adaptive-cubesat-adcs/cubesat-simulation/build/cubesat_description/build install --prefix /home/matheuswagner/repos/adaptive-cubesat-adcs/cubesat-simulation/install/cubesat_description --record /home/matheuswagner/repos/adaptive-cubesat-adcs/cubesat-simulation/build/cubesat_description/install.log --single-version-externally-managed
[3.551s] Level 1:colcon.colcon_core.environment:checking '/home/matheuswagner/repos/adaptive-cubesat-adcs/cubesat-simulation/install/cubesat_description' for CMake module files
[3.552s] Level 1:colcon.colcon_core.environment:checking '/home/matheuswagner/repos/adaptive-cubesat-adcs/cubesat-simulation/install/cubesat_description' for CMake config files
[3.553s] Level 1:colcon.colcon_core.environment:checking '/home/matheuswagner/repos/adaptive-cubesat-adcs/cubesat-simulation/install/cubesat_description/lib'
[3.553s] Level 1:colcon.colcon_core.environment:checking '/home/matheuswagner/repos/adaptive-cubesat-adcs/cubesat-simulation/install/cubesat_description/bin'
[3.553s] Level 1:colcon.colcon_core.environment:checking '/home/matheuswagner/repos/adaptive-cubesat-adcs/cubesat-simulation/install/cubesat_description/lib/pkgconfig/cubesat_description.pc'
[3.554s] Level 1:colcon.colcon_core.environment:checking '/home/matheuswagner/repos/adaptive-cubesat-adcs/cubesat-simulation/install/cubesat_description/lib/python3.6/site-packages'
[3.554s] Level 1:colcon.colcon_core.shell:create_environment_hook('cubesat_description', 'pythonpath')
[3.568s] INFO:colcon.colcon_core.shell:Creating environment hook '/home/matheuswagner/repos/adaptive-cubesat-adcs/cubesat-simulation/install/cubesat_description/share/cubesat_description/hook/pythonpath.ps1'
[3.569s] INFO:colcon.colcon_core.shell:Creating environment descriptor '/home/matheuswagner/repos/adaptive-cubesat-adcs/cubesat-simulation/install/cubesat_description/share/cubesat_description/hook/pythonpath.dsv'
[3.569s] INFO:colcon.colcon_core.shell:Creating environment hook '/home/matheuswagner/repos/adaptive-cubesat-adcs/cubesat-simulation/install/cubesat_description/share/cubesat_description/hook/pythonpath.sh'
[3.570s] Level 1:colcon.colcon_core.environment:create_environment_scripts_only(cubesat_description)
[3.582s] INFO:colcon.colcon_core.shell:Creating package script '/home/matheuswagner/repos/adaptive-cubesat-adcs/cubesat-simulation/install/cubesat_description/share/cubesat_description/package.ps1'
[3.582s] INFO:colcon.colcon_core.shell:Creating package descriptor '/home/matheuswagner/repos/adaptive-cubesat-adcs/cubesat-simulation/install/cubesat_description/share/cubesat_description/package.dsv'
[3.583s] INFO:colcon.colcon_core.shell:Creating package script '/home/matheuswagner/repos/adaptive-cubesat-adcs/cubesat-simulation/install/cubesat_description/share/cubesat_description/package.sh'
[3.583s] INFO:colcon.colcon_core.shell:Creating package script '/home/matheuswagner/repos/adaptive-cubesat-adcs/cubesat-simulation/install/cubesat_description/share/cubesat_description/package.bash'
[3.584s] INFO:colcon.colcon_core.shell:Creating package script '/home/matheuswagner/repos/adaptive-cubesat-adcs/cubesat-simulation/install/cubesat_description/share/cubesat_description/package.zsh'
[3.584s] Level 1:colcon.colcon_core.environment:create_file_with_runtime_dependencies(/home/matheuswagner/repos/adaptive-cubesat-adcs/cubesat-simulation/install/cubesat_description/share/colcon-core/packages/cubesat_description)
[3.584s] DEBUG:colcon.colcon_parallel_executor.executor.parallel:closing loop
[3.585s] DEBUG:colcon.colcon_parallel_executor.executor.parallel:loop closed
[3.585s] DEBUG:colcon.colcon_parallel_executor.executor.parallel:run_until_complete finished with '0'
[3.585s] DEBUG:colcon.colcon_core.event_reactor:joining thread
[3.602s] INFO:colcon.colcon_core.plugin_system:Skipping extension 'colcon_notification.desktop_notification.terminal_notifier': Not used on non-Darwin systems
[3.602s] INFO:colcon.colcon_core.plugin_system:Skipping extension 'colcon_notification.desktop_notification.win32': Not used on non-Windows systems
[3.602s] INFO:colcon.colcon_notification.desktop_notification:Sending desktop notification using 'notify2'
[3.605s] DEBUG:colcon.colcon_core.event_reactor:joined thread
[3.621s] INFO:colcon.colcon_core.shell:Creating prefix script '/home/matheuswagner/repos/adaptive-cubesat-adcs/cubesat-simulation/install/local_setup.ps1'
[3.623s] INFO:colcon.colcon_core.shell:Creating prefix util module '/home/matheuswagner/repos/adaptive-cubesat-adcs/cubesat-simulation/install/_local_setup_util_ps1.py'
[3.626s] INFO:colcon.colcon_core.shell:Creating prefix chain script '/home/matheuswagner/repos/adaptive-cubesat-adcs/cubesat-simulation/install/setup.ps1'
[3.644s] INFO:colcon.colcon_core.shell:Creating prefix script '/home/matheuswagner/repos/adaptive-cubesat-adcs/cubesat-simulation/install/local_setup.sh'
[3.645s] INFO:colcon.colcon_core.shell:Creating prefix util module '/home/matheuswagner/repos/adaptive-cubesat-adcs/cubesat-simulation/install/_local_setup_util_sh.py'
[3.646s] INFO:colcon.colcon_core.shell:Creating prefix chain script '/home/matheuswagner/repos/adaptive-cubesat-adcs/cubesat-simulation/install/setup.sh'
[3.656s] INFO:colcon.colcon_core.shell:Creating prefix script '/home/matheuswagner/repos/adaptive-cubesat-adcs/cubesat-simulation/install/local_setup.bash'
[3.656s] INFO:colcon.colcon_core.shell:Creating prefix chain script '/home/matheuswagner/repos/adaptive-cubesat-adcs/cubesat-simulation/install/setup.bash'
[3.673s] INFO:colcon.colcon_core.shell:Creating prefix script '/home/matheuswagner/repos/adaptive-cubesat-adcs/cubesat-simulation/install/local_setup.zsh'
[3.674s] INFO:colcon.colcon_core.shell:Creating prefix chain script '/home/matheuswagner/repos/adaptive-cubesat-adcs/cubesat-simulation/install/setup.zsh'
