[0.064s] Invoking command in '/home/matheuswagner/repos/adaptive-cubesat-adcs/cubesat-simulation/build/concept': CMAKE_PREFIX_PATH=${CMAKE_PREFIX_PATH}:/home/matheuswagner/repos/adaptive-cubesat-adcs/cubesat-simulation/install/cubesat_description:/opt/ros/dashing /usr/local/bin/cmake --build /home/matheuswagner/repos/adaptive-cubesat-adcs/cubesat-simulation/build/concept -- -j8 -l8
[0.094s] [ 50%] [32mBuilding CXX object CMakeFiles/concept.dir/src/concept.cpp.o[0m
[1.126s] In file included from [01m[K/home/matheuswagner/repos/adaptive-cubesat-adcs/cubesat-simulation/src/concept/src/concept.cpp:2:0[m[K:
[1.126s] [01m[K/home/matheuswagner/repos/adaptive-cubesat-adcs/cubesat-simulation/src/concept/src/../include/plugin_amperimeter.h:4:45:[m[K [01;31m[Kerror: [m[K‘[01m[KA[m[K’ was not declared in this scope
[1.126s]  class PluginAmperimeter : public Transducer<[01;31m[KA[m[K, float>, public rclcpp::Node
[1.126s]                                              [01;31m[K^[m[K
[1.127s] [01m[K/home/matheuswagner/repos/adaptive-cubesat-adcs/cubesat-simulation/src/concept/src/../include/plugin_amperimeter.h:4:53:[m[K [01;31m[Kerror: [m[Ktemplate argument 1 is invalid
[1.127s]  class PluginAmperimeter : public Transducer<A, float[01;31m[K>[m[K, public rclcpp::Node
[1.127s]                                                      [01;31m[K^[m[K
[1.127s] [01m[K/home/matheuswagner/repos/adaptive-cubesat-adcs/cubesat-simulation/src/concept/src/../include/plugin_amperimeter.h:11:30:[m[K [01;31m[Kerror: [m[K‘[01m[Kstd_msgs[m[K’ was not declared in this scope
[1.127s]          rclcpp::Subscription<[01;31m[Kstd_msgs[m[K::msg::Float32>::SharedPtr subscription;
[1.127s]                               [01;31m[K^~~~~~~~[m[K
[1.128s] [01m[K/home/matheuswagner/repos/adaptive-cubesat-adcs/cubesat-simulation/src/concept/src/../include/plugin_amperimeter.h:11:52:[m[K [01;31m[Kerror: [m[Ktemplate argument 1 is invalid
[1.128s]          rclcpp::Subscription<std_msgs::msg::Float32[01;31m[K>[m[K::SharedPtr subscription;
[1.129s]                                                     [01;31m[K^[m[K
[1.129s] [01m[K/home/matheuswagner/repos/adaptive-cubesat-adcs/cubesat-simulation/src/concept/src/../include/plugin_amperimeter.h:11:55:[m[K [01;31m[Kerror: [m[Kexpected ‘[01m[K;[m[K’ at end of member declaration
[1.129s]          rclcpp::Subscription<std_msgs::msg::Float32>::[01;31m[KSharedPtr[m[K subscription;
[1.129s]                                                        [01;31m[K^~~~~~~~~[m[K
[1.131s] [01m[K/home/matheuswagner/repos/adaptive-cubesat-adcs/cubesat-simulation/src/concept/src/../include/plugin_amperimeter.h:11:65:[m[K [01;31m[Kerror: [m[K‘[01m[Ksubscription[m[K’ does not name a type; did you mean ‘[01m[Krcl_subscription_t[m[K’?
[1.131s]          rclcpp::Subscription<std_msgs::msg::Float32>::SharedPtr [01;31m[Ksubscription[m[K;
[1.131s]                                                                  [01;31m[K^~~~~~~~~~~~[m[K
[1.131s]                                                                  [32m[Krcl_subscription_t[m[K
[1.131s] In file included from [01m[K/home/matheuswagner/repos/adaptive-cubesat-adcs/cubesat-simulation/src/concept/src/concept.cpp:2:0[m[K:
[1.132s] [01m[K/home/matheuswagner/repos/adaptive-cubesat-adcs/cubesat-simulation/src/concept/src/../include/plugin_amperimeter.h:34:30:[m[K [01;31m[Kerror: [m[K‘[01m[Kstd_msgs[m[K’ has not been declared
[1.132s]          void handleInterrupt([01;31m[Kstd_msgs[m[K::msg::Float32::SharedPtr message)
[1.132s]                               [01;31m[K^~~~~~~~[m[K
[1.132s] [01m[K/home/matheuswagner/repos/adaptive-cubesat-adcs/cubesat-simulation/src/concept/src/../include/plugin_amperimeter.h:34:64:[m[K [01;31m[Kerror: [m[Kexpected ‘[01m[K,[m[K’ or ‘[01m[K...[m[K’ before ‘[01m[Kmessage[m[K’
[1.132s]          void handleInterrupt(std_msgs::msg::Float32::SharedPtr [01;31m[Kmessage[m[K)
[1.132s]                                                                 [01;31m[K^~~~~~~[m[K
[1.133s] In file included from [01m[K/home/matheuswagner/repos/adaptive-cubesat-adcs/cubesat-simulation/src/concept/src/concept.cpp:2:0[m[K:
[1.133s] [01m[K/home/matheuswagner/repos/adaptive-cubesat-adcs/cubesat-simulation/src/concept/src/../include/plugin_amperimeter.h:[m[K In member function ‘[01m[Kvoid PluginAmperimeter::initialize(std::__cxx11::string)[m[K’:
[1.133s] [01m[K/home/matheuswagner/repos/adaptive-cubesat-adcs/cubesat-simulation/src/concept/src/../include/plugin_amperimeter.h:31:19:[m[K [01;31m[Kerror: [m[K‘[01m[Kclass PluginAmperimeter[m[K’ has no member named ‘[01m[Ksubscription[m[K’; did you mean ‘[01m[Kcreate_subscription[m[K’?
[1.133s]              this->[01;31m[Ksubscription[m[K = this->create_subscription<std_msgs::msg::Float32>(topicName, 10,std::bind(&PluginAmperimeter::handleInterrupt, this, std::placeholders::_1));
[1.133s]                    [01;31m[K^~~~~~~~~~~~[m[K
[1.133s]                    [32m[Kcreate_subscription[m[K
[1.133s] [01m[K/home/matheuswagner/repos/adaptive-cubesat-adcs/cubesat-simulation/src/concept/src/../include/plugin_amperimeter.h:31:60:[m[K [01;31m[Kerror: [m[K‘[01m[Kstd_msgs[m[K’ was not declared in this scope
[1.133s]              this->subscription = this->create_subscription<[01;31m[Kstd_msgs[m[K::msg::Float32>(topicName, 10,std::bind(&PluginAmperimeter::handleInterrupt, this, std::placeholders::_1));
[1.134s]                                                             [01;31m[K^~~~~~~~[m[K
[1.134s] [01m[K/home/matheuswagner/repos/adaptive-cubesat-adcs/cubesat-simulation/src/concept/src/../include/plugin_amperimeter.h:31:40:[m[K [01;31m[Kerror: [m[Kparse error in template argument list
[1.134s]              this->subscription = this->[01;31m[Kcreate_subscription<std_msgs::msg::Float32>[m[K(topicName, 10,std::bind(&PluginAmperimeter::handleInterrupt, this, std::placeholders::_1));
[1.134s]                                         [01;31m[K^~~~~~~~~~~~~~~~~~~~~~~~~~~~~~~~~~~~~~~~~~~[m[K
[1.146s] In file included from [01m[K/home/matheuswagner/repos/adaptive-cubesat-adcs/cubesat-simulation/src/concept/src/concept.cpp:2:0[m[K:
[1.146s] [01m[K/home/matheuswagner/repos/adaptive-cubesat-adcs/cubesat-simulation/src/concept/src/../include/plugin_amperimeter.h:31:173:[m[K [01;31m[Kerror: [m[Kno matching function for call to ‘[01m[KPluginAmperimeter::create_subscription<<expression error> >(std::__cxx11::string&, int, std::_Bind_helper<false, void (PluginAmperimeter::*)(int), PluginAmperimeter*, const std::_Placeholder<1>&>::type)[m[K’
[1.146s]  s->subscription = this->create_subscription<std_msgs::msg::Float32>(topicName, 10,std::bind(&PluginAmperimeter::handleInterrupt, this, std::placeholders::_1)[01;31m[K)[m[K;
[1.146s]                                                                                                                                                               [01;31m[K^[m[K
[1.146s] In file included from [01m[K/home/matheuswagner/ros2_dashing/ros2-linux/include/rclcpp/executors/single_threaded_executor.hpp:28:0[m[K,
[1.146s]                  from [01m[K/home/matheuswagner/ros2_dashing/ros2-linux/include/rclcpp/executors.hpp:22[m[K,
[1.146s]                  from [01m[K/home/matheuswagner/ros2_dashing/ros2-linux/include/rclcpp/rclcpp.hpp:144[m[K,
[1.147s]                  from [01m[K/home/matheuswagner/repos/adaptive-cubesat-adcs/cubesat-simulation/src/concept/src/../include/local_sensor.h:6[m[K,
[1.147s]                  from [01m[K/home/matheuswagner/repos/adaptive-cubesat-adcs/cubesat-simulation/src/concept/src/concept.cpp:1[m[K:
[1.147s] [01m[K/home/matheuswagner/ros2_dashing/ros2-linux/include/rclcpp/node.hpp:242:3:[m[K [01;36m[Knote: [m[Kcandidate: template<class MessageT, class CallbackT, class AllocatorT, class SubscriptionT> std::shared_ptr<SubscriptionT> rclcpp::Node::create_subscription(const string&, const rclcpp::QoS&, CallbackT&&, const rclcpp::SubscriptionOptionsWithAllocator<AllocatorT>&, typename rclcpp::message_memory_strategy::MessageMemoryStrategy<typename rclcpp::subscription_traits::has_message_type<CallbackT>::type, AllocatorT>::SharedPtr)
[1.147s]    [01;36m[Kcreate_subscription[m[K(
[1.147s]    [01;36m[K^~~~~~~~~~~~~~~~~~~[m[K
[1.147s] [01m[K/home/matheuswagner/ros2_dashing/ros2-linux/include/rclcpp/node.hpp:242:3:[m[K [01;36m[Knote: [m[K  template argument deduction/substitution failed:
[1.147s] In file included from [01m[K/home/matheuswagner/repos/adaptive-cubesat-adcs/cubesat-simulation/src/concept/src/concept.cpp:2:0[m[K:
[1.148s] [01m[K/home/matheuswagner/repos/adaptive-cubesat-adcs/cubesat-simulation/src/concept/src/../include/plugin_amperimeter.h:31:173:[m[K [01;31m[Kerror: [m[Ktemplate argument 1 is invalid
[1.148s]  s->subscription = this->create_subscription<std_msgs::msg::Float32>(topicName, 10,std::bind(&PluginAmperimeter::handleInterrupt, this, std::placeholders::_1)[01;31m[K)[m[K;
[1.148s]                                                                                                                                                               [01;31m[K^[m[K
[1.148s] In file included from [01m[K/home/matheuswagner/ros2_dashing/ros2-linux/include/rclcpp/executors/single_threaded_executor.hpp:28:0[m[K,
[1.148s]                  from [01m[K/home/matheuswagner/ros2_dashing/ros2-linux/include/rclcpp/executors.hpp:22[m[K,
[1.148s]                  from [01m[K/home/matheuswagner/ros2_dashing/ros2-linux/include/rclcpp/rclcpp.hpp:144[m[K,
[1.148s]                  from [01m[K/home/matheuswagner/repos/adaptive-cubesat-adcs/cubesat-simulation/src/concept/src/../include/local_sensor.h:6[m[K,
[1.148s]                  from [01m[K/home/matheuswagner/repos/adaptive-cubesat-adcs/cubesat-simulation/src/concept/src/concept.cpp:1[m[K:
[1.148s] [01m[K/home/matheuswagner/ros2_dashing/ros2-linux/include/rclcpp/node.hpp:279:3:[m[K [01;36m[Knote: [m[Kcandidate: template<class MessageT, class CallbackT, class Alloc, class SubscriptionT> std::shared_ptr<SubscriptionT> rclcpp::Node::create_subscription(const string&, CallbackT&&, const rmw_qos_profile_t&, rclcpp::callback_group::CallbackGroup::SharedPtr, bool, typename rclcpp::message_memory_strategy::MessageMemoryStrategy<typename rclcpp::subscription_traits::has_message_type<CallbackT>::type, AllocatorT>::SharedPtr, std::shared_ptr<PublisherT>)
[1.149s]    [01;36m[Kcreate_subscription[m[K(
[1.149s]    [01;36m[K^~~~~~~~~~~~~~~~~~~[m[K
[1.149s] [01m[K/home/matheuswagner/ros2_dashing/ros2-linux/include/rclcpp/node.hpp:279:3:[m[K [01;36m[Knote: [m[K  template argument deduction/substitution failed:
[1.149s] In file included from [01m[K/home/matheuswagner/repos/adaptive-cubesat-adcs/cubesat-simulation/src/concept/src/concept.cpp:2:0[m[K:
[1.149s] [01m[K/home/matheuswagner/repos/adaptive-cubesat-adcs/cubesat-simulation/src/concept/src/../include/plugin_amperimeter.h:31:173:[m[K [01;31m[Kerror: [m[Ktemplate argument 1 is invalid
[1.149s]  s->subscription = this->create_subscription<std_msgs::msg::Float32>(topicName, 10,std::bind(&PluginAmperimeter::handleInterrupt, this, std::placeholders::_1)[01;31m[K)[m[K;
[1.149s]                                                                                                                                                               [01;31m[K^[m[K
[1.149s] In file included from [01m[K/home/matheuswagner/ros2_dashing/ros2-linux/include/rclcpp/executors/single_threaded_executor.hpp:28:0[m[K,
[1.149s]                  from [01m[K/home/matheuswagner/ros2_dashing/ros2-linux/include/rclcpp/executors.hpp:22[m[K,
[1.149s]                  from [01m[K/home/matheuswagner/ros2_dashing/ros2-linux/include/rclcpp/rclcpp.hpp:144[m[K,
[1.149s]                  from [01m[K/home/matheuswagner/repos/adaptive-cubesat-adcs/cubesat-simulation/src/concept/src/../include/local_sensor.h:6[m[K,
[1.150s]                  from [01m[K/home/matheuswagner/repos/adaptive-cubesat-adcs/cubesat-simulation/src/concept/src/concept.cpp:1[m[K:
[1.150s] [01m[K/home/matheuswagner/ros2_dashing/ros2-linux/include/rclcpp/node.hpp:316:3:[m[K [01;36m[Knote: [m[Kcandidate: template<class MessageT, class CallbackT, class Alloc, class SubscriptionT> std::shared_ptr<SubscriptionT> rclcpp::Node::create_subscription(const string&, CallbackT&&, size_t, rclcpp::callback_group::CallbackGroup::SharedPtr, bool, typename rclcpp::message_memory_strategy::MessageMemoryStrategy<typename rclcpp::subscription_traits::has_message_type<CallbackT>::type, AllocatorT>::SharedPtr, std::shared_ptr<PublisherT>)
[1.150s]    [01;36m[Kcreate_subscription[m[K(
[1.150s]    [01;36m[K^~~~~~~~~~~~~~~~~~~[m[K
[1.150s] [01m[K/home/matheuswagner/ros2_dashing/ros2-linux/include/rclcpp/node.hpp:316:3:[m[K [01;36m[Knote: [m[K  template argument deduction/substitution failed:
[1.150s] In file included from [01m[K/home/matheuswagner/repos/adaptive-cubesat-adcs/cubesat-simulation/src/concept/src/concept.cpp:2:0[m[K:
[1.150s] [01m[K/home/matheuswagner/repos/adaptive-cubesat-adcs/cubesat-simulation/src/concept/src/../include/plugin_amperimeter.h:31:173:[m[K [01;31m[Kerror: [m[Ktemplate argument 1 is invalid
[1.150s]  s->subscription = this->create_subscription<std_msgs::msg::Float32>(topicName, 10,std::bind(&PluginAmperimeter::handleInterrupt, this, std::placeholders::_1)[01;31m[K)[m[K;
[1.150s]                                                                                                                                                               [01;31m[K^[m[K
[1.150s] [01m[K/home/matheuswagner/repos/adaptive-cubesat-adcs/cubesat-simulation/src/concept/src/../include/plugin_amperimeter.h:[m[K In member function ‘[01m[Kvoid PluginAmperimeter::handleInterrupt(int)[m[K’:
[1.150s] [01m[K/home/matheuswagner/repos/adaptive-cubesat-adcs/cubesat-simulation/src/concept/src/../include/plugin_amperimeter.h:36:27:[m[K [01;31m[Kerror: [m[K‘[01m[Kmessage[m[K’ was not declared in this scope
[1.151s]              this->value = [01;31m[Kmessage[m[K->data;
[1.151s]                            [01;31m[K^~~~~~~[m[K
[1.151s] [01m[K/home/matheuswagner/repos/adaptive-cubesat-adcs/cubesat-simulation/src/concept/src/../include/plugin_amperimeter.h:34:54:[m[K [01;35m[Kwarning: [m[Kunused parameter ‘[01m[KSharedPtr[m[K’ [[01;35m[K-Wunused-parameter[m[K]
[1.151s]          void handleInterrupt(std_msgs::msg::Float32::[01;35m[KSharedPtr[m[K message)
[1.151s]                                                       [01;35m[K^~~~~~~~~[m[K
[1.325s] CMakeFiles/concept.dir/build.make:81: recipe for target 'CMakeFiles/concept.dir/src/concept.cpp.o' failed
[1.325s] make[2]: *** [CMakeFiles/concept.dir/src/concept.cpp.o] Error 1
[1.325s] CMakeFiles/Makefile2:122: recipe for target 'CMakeFiles/concept.dir/all' failed
[1.326s] make[1]: *** [CMakeFiles/concept.dir/all] Error 2
[1.326s] make: *** [all] Error 2
[1.326s] Makefile:159: recipe for target 'all' failed
[1.327s] Invoked command in '/home/matheuswagner/repos/adaptive-cubesat-adcs/cubesat-simulation/build/concept' returned '2': CMAKE_PREFIX_PATH=${CMAKE_PREFIX_PATH}:/home/matheuswagner/repos/adaptive-cubesat-adcs/cubesat-simulation/install/cubesat_description:/opt/ros/dashing /usr/local/bin/cmake --build /home/matheuswagner/repos/adaptive-cubesat-adcs/cubesat-simulation/build/concept -- -j8 -l8
