[0.063s] Invoking command in '/home/matheuswagner/repos/adaptive-cubesat-adcs/cubesat-simulation/build/concept': CMAKE_PREFIX_PATH=${CMAKE_PREFIX_PATH}:/home/matheuswagner/repos/adaptive-cubesat-adcs/cubesat-simulation/install/cubesat_description:/opt/ros/dashing /usr/local/bin/cmake --build /home/matheuswagner/repos/adaptive-cubesat-adcs/cubesat-simulation/build/concept -- -j8 -l8
[0.096s] [ 50%] [32mBuilding CXX object CMakeFiles/concept.dir/src/concept.cpp.o[0m
[0.226s] In file included from [01m[K/home/matheuswagner/repos/adaptive-cubesat-adcs/cubesat-simulation/src/concept/src/../include/smartdata.h:5:0[m[K,
[0.227s]                  from [01m[K/home/matheuswagner/repos/adaptive-cubesat-adcs/cubesat-simulation/src/concept/src/../include/local_smartdata.h:4[m[K,
[0.227s]                  from [01m[K/home/matheuswagner/repos/adaptive-cubesat-adcs/cubesat-simulation/src/concept/src/concept.cpp:1[m[K:
[0.227s] [01m[K/home/matheuswagner/repos/adaptive-cubesat-adcs/cubesat-simulation/src/concept/src/../include/observer.h:[m[K In member function ‘[01m[Kvirtual void Observer::notify(int)[m[K’:
[0.227s] [01m[K/home/matheuswagner/repos/adaptive-cubesat-adcs/cubesat-simulation/src/concept/src/../include/observer.h:8:33:[m[K [01;35m[Kwarning: [m[Kunused parameter ‘[01m[Kid[m[K’ [[01;35m[K-Wunused-parameter[m[K]
[0.227s]          virtual void notify(int [01;35m[Kid[m[K){};
[0.227s]                                  [01;35m[K^~[m[K
[1.194s] In file included from [01m[K/home/matheuswagner/repos/adaptive-cubesat-adcs/cubesat-simulation/src/concept/src/concept.cpp:2:0[m[K:
[1.194s] [01m[K/home/matheuswagner/repos/adaptive-cubesat-adcs/cubesat-simulation/src/concept/src/../include/controller_smartdata.h:[m[K In constructor ‘[01m[KControllerSmartData<Controller, SD>::ControllerSmartData(std::__cxx11::list<std::shared_ptr<_Up> >&, std::__cxx11::list<std::shared_ptr<_Up> >&)[m[K’:
[1.194s] [01m[K/home/matheuswagner/repos/adaptive-cubesat-adcs/cubesat-simulation/src/concept/src/../include/controller_smartdata.h:31:18:[m[K [01;31m[Kerror: [m[Kneed ‘[01m[Ktypename[m[K’ before ‘[01m[Kstd::__cxx11::list<std::shared_ptr<_Up> >::iterator[m[K’ because ‘[01m[Kstd::__cxx11::list<std::shared_ptr<_Up> >[m[K’ is a dependent scope
[1.194s]              for ([01;31m[Kstd[m[K::list<std::shared_ptr<SD>>::iterator it = this->inputSmartData.begin(); it != this->inputSmartData.end(); ++it)
[1.194s]                   [01;31m[K^~~[m[K
[1.194s] [01m[K/home/matheuswagner/repos/adaptive-cubesat-adcs/cubesat-simulation/src/concept/src/../include/controller_smartdata.h:31:59:[m[K [01;31m[Kerror: [m[Kexpected ‘[01m[K;[m[K’ before ‘[01m[Kit[m[K’
[1.194s]              for (std::list<std::shared_ptr<SD>>::iterator [01;31m[Kit[m[K = this->inputSmartData.begin(); it != this->inputSmartData.end(); ++it)
[1.195s]                                                            [01;31m[K^~[m[K
[1.195s] [01m[K/home/matheuswagner/repos/adaptive-cubesat-adcs/cubesat-simulation/src/concept/src/../include/controller_smartdata.h:31:94:[m[K [01;31m[Kerror: [m[K‘[01m[Kit[m[K’ was not declared in this scope
[1.195s]              for (std::list<std::shared_ptr<SD>>::iterator it = this->inputSmartData.begin(); [01;31m[Kit[m[K != this->inputSmartData.end(); ++it)
[1.195s]                                                                                               [01;31m[K^~[m[K
[1.195s] [01m[K/home/matheuswagner/repos/adaptive-cubesat-adcs/cubesat-simulation/src/concept/src/../include/controller_smartdata.h:31:94:[m[K [01;36m[Knote: [m[Ksuggested alternative: ‘[01m[Ki[m[K’
[1.195s]              for (std::list<std::shared_ptr<SD>>::iterator it = this->inputSmartData.begin(); [01;36m[Kit[m[K != this->inputSmartData.end(); ++it)
[1.195s]                                                                                               [01;36m[K^~[m[K
[1.195s]                                                                                               [32m[Ki[m[K
[1.195s] In file included from [01m[K/home/matheuswagner/repos/adaptive-cubesat-adcs/cubesat-simulation/src/concept/src/concept.cpp:2:0[m[K:
[1.196s] [01m[K/home/matheuswagner/repos/adaptive-cubesat-adcs/cubesat-simulation/src/concept/src/../include/controller_smartdata.h:38:18:[m[K [01;31m[Kerror: [m[Kneed ‘[01m[Ktypename[m[K’ before ‘[01m[Kstd::__cxx11::list<std::shared_ptr<_Up> >::iterator[m[K’ because ‘[01m[Kstd::__cxx11::list<std::shared_ptr<_Up> >[m[K’ is a dependent scope
[1.196s]              for ([01;31m[Kstd[m[K::list<std::shared_ptr<SD>>::iterator it = this->outputSmartData.begin(); it != this->outputSmartData.end(); ++it)
[1.196s]                   [01;31m[K^~~[m[K
[1.196s] [01m[K/home/matheuswagner/repos/adaptive-cubesat-adcs/cubesat-simulation/src/concept/src/../include/controller_smartdata.h:38:59:[m[K [01;31m[Kerror: [m[Kexpected ‘[01m[K;[m[K’ before ‘[01m[Kit[m[K’
[1.196s]              for (std::list<std::shared_ptr<SD>>::iterator [01;31m[Kit[m[K = this->outputSmartData.begin(); it != this->outputSmartData.end(); ++it)
[1.196s]                                                            [01;31m[K^~[m[K
[1.196s] [01m[K/home/matheuswagner/repos/adaptive-cubesat-adcs/cubesat-simulation/src/concept/src/../include/controller_smartdata.h:38:95:[m[K [01;31m[Kerror: [m[K‘[01m[Kit[m[K’ was not declared in this scope
[1.196s]              for (std::list<std::shared_ptr<SD>>::iterator it = this->outputSmartData.begin(); [01;31m[Kit[m[K != this->outputSmartData.end(); ++it)
[1.196s]                                                                                                [01;31m[K^~[m[K
[1.196s] [01m[K/home/matheuswagner/repos/adaptive-cubesat-adcs/cubesat-simulation/src/concept/src/../include/controller_smartdata.h:38:95:[m[K [01;36m[Knote: [m[Ksuggested alternative: ‘[01m[Ki[m[K’
[1.196s]              for (std::list<std::shared_ptr<SD>>::iterator it = this->outputSmartData.begin(); [01;36m[Kit[m[K != this->outputSmartData.end(); ++it)
[1.196s]                                                                                                [01;36m[K^~[m[K
[1.197s]                                                                                                [32m[Ki[m[K
[1.257s] In file included from [01m[K/home/matheuswagner/repos/adaptive-cubesat-adcs/cubesat-simulation/src/concept/src/concept.cpp:5:0[m[K:
[1.258s] [01m[K/home/matheuswagner/repos/adaptive-cubesat-adcs/cubesat-simulation/src/concept/src/../include/proportional_controller.h:[m[K In member function ‘[01m[Kvoid ProportionalController<SD>::setup(std::__cxx11::list<std::shared_ptr<_Tp> >, std::__cxx11::list<std::shared_ptr<_Tp> >)[m[K’:
[1.258s] [01m[K/home/matheuswagner/repos/adaptive-cubesat-adcs/cubesat-simulation/src/concept/src/../include/proportional_controller.h:23:18:[m[K [01;31m[Kerror: [m[Kneed ‘[01m[Ktypename[m[K’ before ‘[01m[Kstd::__cxx11::list<std::shared_ptr<_Tp> >::iterator[m[K’ because ‘[01m[Kstd::__cxx11::list<std::shared_ptr<_Tp> >[m[K’ is a dependent scope
[1.258s]              for ([01;31m[Kstd[m[K::list<std::shared_ptr<SD>>::iterator it = inputSmartData.begin(); it != inputSmartData.end(); ++it)
[1.258s]                   [01;31m[K^~~[m[K
[1.258s] [01m[K/home/matheuswagner/repos/adaptive-cubesat-adcs/cubesat-simulation/src/concept/src/../include/proportional_controller.h:23:59:[m[K [01;31m[Kerror: [m[Kexpected ‘[01m[K;[m[K’ before ‘[01m[Kit[m[K’
[1.258s]              for (std::list<std::shared_ptr<SD>>::iterator [01;31m[Kit[m[K = inputSmartData.begin(); it != inputSmartData.end(); ++it)
[1.259s]                                                            [01;31m[K^~[m[K
[1.259s] [01m[K/home/matheuswagner/repos/adaptive-cubesat-adcs/cubesat-simulation/src/concept/src/../include/proportional_controller.h:23:88:[m[K [01;31m[Kerror: [m[K‘[01m[Kit[m[K’ was not declared in this scope
[1.259s]              for (std::list<std::shared_ptr<SD>>::iterator it = inputSmartData.begin(); [01;31m[Kit[m[K != inputSmartData.end(); ++it)
[1.259s]                                                                                         [01;31m[K^~[m[K
[1.259s] [01m[K/home/matheuswagner/repos/adaptive-cubesat-adcs/cubesat-simulation/src/concept/src/../include/proportional_controller.h:23:88:[m[K [01;36m[Knote: [m[Ksuggested alternative: ‘[01m[Kint[m[K’
[1.259s]              for (std::list<std::shared_ptr<SD>>::iterator it = inputSmartData.begin(); [01;36m[Kit[m[K != inputSmartData.end(); ++it)
[1.259s]                                                                                         [01;36m[K^~[m[K
[1.259s]                                                                                         [32m[Kint[m[K
[1.259s] [01m[K/home/matheuswagner/repos/adaptive-cubesat-adcs/cubesat-simulation/src/concept/src/../include/proportional_controller.h:28:18:[m[K [01;31m[Kerror: [m[Kneed ‘[01m[Ktypename[m[K’ before ‘[01m[Kstd::__cxx11::list<std::shared_ptr<_Tp> >::iterator[m[K’ because ‘[01m[Kstd::__cxx11::list<std::shared_ptr<_Tp> >[m[K’ is a dependent scope
[1.259s]              for ([01;31m[Kstd[m[K::list<std::shared_ptr<SD>>::iterator it = outputSmartData.begin(); it != outputSmartData.end(); ++it)
[1.260s]                   [01;31m[K^~~[m[K
[1.260s] [01m[K/home/matheuswagner/repos/adaptive-cubesat-adcs/cubesat-simulation/src/concept/src/../include/proportional_controller.h:28:59:[m[K [01;31m[Kerror: [m[Kexpected ‘[01m[K;[m[K’ before ‘[01m[Kit[m[K’
[1.260s]              for (std::list<std::shared_ptr<SD>>::iterator [01;31m[Kit[m[K = outputSmartData.begin(); it != outputSmartData.end(); ++it)
[1.260s]                                                            [01;31m[K^~[m[K
[1.260s] [01m[K/home/matheuswagner/repos/adaptive-cubesat-adcs/cubesat-simulation/src/concept/src/../include/proportional_controller.h:28:89:[m[K [01;31m[Kerror: [m[K‘[01m[Kit[m[K’ was not declared in this scope
[1.260s]              for (std::list<std::shared_ptr<SD>>::iterator it = outputSmartData.begin(); [01;31m[Kit[m[K != outputSmartData.end(); ++it)
[1.260s]                                                                                          [01;31m[K^~[m[K
[1.260s] [01m[K/home/matheuswagner/repos/adaptive-cubesat-adcs/cubesat-simulation/src/concept/src/../include/proportional_controller.h:28:89:[m[K [01;36m[Knote: [m[Ksuggested alternative: ‘[01m[Kint[m[K’
[1.260s]              for (std::list<std::shared_ptr<SD>>::iterator it = outputSmartData.begin(); [01;36m[Kit[m[K != outputSmartData.end(); ++it)
[1.260s]                                                                                          [01;36m[K^~[m[K
[1.260s]                                                                                          [32m[Kint[m[K
[1.261s] [01m[K/home/matheuswagner/repos/adaptive-cubesat-adcs/cubesat-simulation/src/concept/src/../include/proportional_controller.h:[m[K In member function ‘[01m[Kvoid ProportionalController<SD>::control()[m[K’:
[1.261s] [01m[K/home/matheuswagner/repos/adaptive-cubesat-adcs/cubesat-simulation/src/concept/src/../include/proportional_controller.h:39:95:[m[K [01;31m[Kerror: [m[Kexpected primary-expression before ‘[01m[Kfloat[m[K’
[1.261s]                  this->controlSignal = this->controlSignal + gain*(inputSmartData.at(i)->value<[01;31m[Kfloat[m[K>()) + 0.01;
[1.261s]                                                                                                [01;31m[K^~~~~[m[K
[1.261s] [01m[K/home/matheuswagner/repos/adaptive-cubesat-adcs/cubesat-simulation/src/concept/src/../include/proportional_controller.h:39:95:[m[K [01;31m[Kerror: [m[Kexpected ‘[01m[K)[m[K’ before ‘[01m[Kfloat[m[K’
[1.284s] [01m[K/home/matheuswagner/repos/adaptive-cubesat-adcs/cubesat-simulation/src/concept/src/concept.cpp:[m[K In function ‘[01m[Kint main(int, char**)[m[K’:
[1.285s] [01m[K/home/matheuswagner/repos/adaptive-cubesat-adcs/cubesat-simulation/src/concept/src/concept.cpp:30:47:[m[K [01;31m[Kerror: [m[Kwrong number of template arguments (1, should be 2)
[1.285s]      ControllerSmartData<ProportionalController[01;31m[K>[m[K controller(inputs, outputs);
[1.285s]                                                [01;31m[K^[m[K
[1.285s] In file included from [01m[K/home/matheuswagner/repos/adaptive-cubesat-adcs/cubesat-simulation/src/concept/src/concept.cpp:2:0[m[K:
[1.285s] [01m[K/home/matheuswagner/repos/adaptive-cubesat-adcs/cubesat-simulation/src/concept/src/../include/controller_smartdata.h:14:7:[m[K [01;36m[Knote: [m[Kprovided for ‘[01m[Ktemplate<class Controller, class SD> class ControllerSmartData[m[K’
[1.285s]  class [01;36m[KControllerSmartData[m[K
[1.285s]        [01;36m[K^~~~~~~~~~~~~~~~~~~[m[K
[1.285s] [01m[K/home/matheuswagner/repos/adaptive-cubesat-adcs/cubesat-simulation/src/concept/src/concept.cpp:30:75:[m[K [01;31m[Kerror: [m[Kexpression list treated as compound expression in initializer [[01;31m[K-fpermissive[m[K]
[1.286s]      ControllerSmartData<ProportionalController> controller(inputs, outputs[01;31m[K)[m[K;
[1.286s]                                                                            [01;31m[K^[m[K
[1.286s] [01m[K/home/matheuswagner/repos/adaptive-cubesat-adcs/cubesat-simulation/src/concept/src/concept.cpp:30:75:[m[K [01;35m[Kwarning: [m[Kleft operand of comma operator has no effect [[01;35m[K-Wunused-value[m[K]
[1.286s] [01m[K/home/matheuswagner/repos/adaptive-cubesat-adcs/cubesat-simulation/src/concept/src/concept.cpp:30:75:[m[K [01;31m[Kerror: [m[Kcannot convert ‘[01m[Kstd::__cxx11::list<std::shared_ptr<SmartData> >[m[K’ to ‘[01m[Kint[m[K’ in initialization
[1.286s] [01m[K/home/matheuswagner/repos/adaptive-cubesat-adcs/cubesat-simulation/src/concept/src/concept.cpp:30:49:[m[K [01;35m[Kwarning: [m[Kunused variable ‘[01m[Kcontroller[m[K’ [[01;35m[K-Wunused-variable[m[K]
[1.286s]      ControllerSmartData<ProportionalController> [01;35m[Kcontroller[m[K(inputs, outputs);
[1.286s]                                                  [01;35m[K^~~~~~~~~~[m[K
[1.354s] In file included from [01m[K/home/matheuswagner/repos/adaptive-cubesat-adcs/cubesat-simulation/src/concept/src/../include/local_smartdata.h:4:0[m[K,
[1.354s]                  from [01m[K/home/matheuswagner/repos/adaptive-cubesat-adcs/cubesat-simulation/src/concept/src/concept.cpp:1[m[K:
[1.354s] /home/matheuswagner/repos/adaptive-cubesat-adcs/cubesat-simulation/src/concept/src/../include/smartdata.h: In instantiation of ‘[01m[Kvoid SmartData::setValue(Value) [with Value = float][m[K’:
[1.354s] [01m[K/home/matheuswagner/repos/adaptive-cubesat-adcs/cubesat-simulation/src/concept/src/../include/plugin_amperimeter.h:48:50:[m[K   required from here
[1.355s] [01m[K/home/matheuswagner/repos/adaptive-cubesat-adcs/cubesat-simulation/src/concept/src/../include/smartdata.h:41:29:[m[K [01;35m[Kwarning: [m[Kunused parameter ‘[01m[Kvalue[m[K’ [[01;35m[K-Wunused-parameter[m[K]
[1.355s]          void setValue(Value [01;35m[Kvalue[m[K){}
[1.355s]                              [01;35m[K^~~~~[m[K
[1.355s] /home/matheuswagner/repos/adaptive-cubesat-adcs/cubesat-simulation/src/concept/src/../include/smartdata.h: In instantiation of ‘[01m[KValue SmartData::value() [with Value = float][m[K’:
[1.355s] [01m[K/home/matheuswagner/repos/adaptive-cubesat-adcs/cubesat-simulation/src/concept/src/../include/plugin_amperimeter.h:49:13:[m[K   required from here
[1.355s] [01m[K/home/matheuswagner/repos/adaptive-cubesat-adcs/cubesat-simulation/src/concept/src/../include/smartdata.h:35:23:[m[K [01;35m[Kwarning: [m[Kno return statement in function returning non-void [[01;35m[K-Wreturn-type[m[K]
[1.355s]          Value value(){[01;35m[K}[m[K
[1.355s]                        [01;35m[K^[m[K
[1.355s] /home/matheuswagner/repos/adaptive-cubesat-adcs/cubesat-simulation/src/concept/src/../include/smartdata.h: In instantiation of ‘[01m[KValue SmartData::update() [with Value = float][m[K’:
[1.355s] [01m[K/home/matheuswagner/repos/adaptive-cubesat-adcs/cubesat-simulation/src/concept/src/../include/plugin_amperimeter.h:50:44:[m[K   required from here
[1.355s] [01m[K/home/matheuswagner/repos/adaptive-cubesat-adcs/cubesat-simulation/src/concept/src/../include/smartdata.h:38:24:[m[K [01;35m[Kwarning: [m[Kno return statement in function returning non-void [[01;35m[K-Wreturn-type[m[K]
[1.356s]          Value update(){[01;35m[K}[m[K
[1.356s]                         [01;35m[K^[m[K
[2.002s] In file included from [01m[K/home/matheuswagner/repos/adaptive-cubesat-adcs/cubesat-simulation/src/concept/src/../include/smartdata.h:7:0[m[K,
[2.002s]                  from [01m[K/home/matheuswagner/repos/adaptive-cubesat-adcs/cubesat-simulation/src/concept/src/../include/local_smartdata.h:4[m[K,
[2.002s]                  from [01m[K/home/matheuswagner/repos/adaptive-cubesat-adcs/cubesat-simulation/src/concept/src/concept.cpp:1[m[K:
[2.002s] /home/matheuswagner/repos/adaptive-cubesat-adcs/cubesat-simulation/src/concept/src/../include/transducer.h: In instantiation of ‘[01m[Kvoid Transducer<UNIT, Value>::actuate(const Value&) [with long unsigned int UNIT = 2; Value = float][m[K’:
[2.002s] [01m[K/home/matheuswagner/repos/adaptive-cubesat-adcs/cubesat-simulation/src/concept/src/concept.cpp:45:1:[m[K   required from here
[2.003s] [01m[K/home/matheuswagner/repos/adaptive-cubesat-adcs/cubesat-simulation/src/concept/src/../include/transducer.h:17:43:[m[K [01;35m[Kwarning: [m[Kunused parameter ‘[01m[Kvalue[m[K’ [[01;35m[K-Wunused-parameter[m[K]
[2.003s]          virtual void actuate(const Value &[01;35m[Kvalue[m[K){}
[2.003s]                                            [01;35m[K^~~~~[m[K
[2.003s] /home/matheuswagner/repos/adaptive-cubesat-adcs/cubesat-simulation/src/concept/src/../include/transducer.h: In instantiation of ‘[01m[KValue Transducer<UNIT, Value>::sense() [with long unsigned int UNIT = 2; Value = float][m[K’:
[2.003s] [01m[K/home/matheuswagner/repos/adaptive-cubesat-adcs/cubesat-simulation/src/concept/src/concept.cpp:45:1:[m[K   required from here
[2.004s] [01m[K/home/matheuswagner/repos/adaptive-cubesat-adcs/cubesat-simulation/src/concept/src/../include/transducer.h:16:31:[m[K [01;35m[Kwarning: [m[Kno return statement in function returning non-void [[01;35m[K-Wreturn-type[m[K]
[2.004s]          virtual Value sense(){[01;35m[K}[m[K
[2.004s]                                [01;35m[K^[m[K
[2.004s] /home/matheuswagner/repos/adaptive-cubesat-adcs/cubesat-simulation/src/concept/src/../include/transducer.h: In instantiation of ‘[01m[Kvoid Transducer<UNIT, Value>::actuate(const Value&) [with long unsigned int UNIT = 1; Value = float][m[K’:
[2.004s] [01m[K/home/matheuswagner/repos/adaptive-cubesat-adcs/cubesat-simulation/src/concept/src/concept.cpp:45:1:[m[K   required from here
[2.004s] [01m[K/home/matheuswagner/repos/adaptive-cubesat-adcs/cubesat-simulation/src/concept/src/../include/transducer.h:17:43:[m[K [01;35m[Kwarning: [m[Kunused parameter ‘[01m[Kvalue[m[K’ [[01;35m[K-Wunused-parameter[m[K]
[2.004s]          virtual void actuate(const Value &[01;35m[Kvalue[m[K){}
[2.004s]                                            [01;35m[K^~~~~[m[K
[2.013s] /home/matheuswagner/repos/adaptive-cubesat-adcs/cubesat-simulation/src/concept/src/../include/transducer.h: In instantiation of ‘[01m[KValue Transducer<UNIT, Value>::sense() [with long unsigned int UNIT = 1; Value = float][m[K’:
[2.013s] [01m[K/home/matheuswagner/repos/adaptive-cubesat-adcs/cubesat-simulation/src/concept/src/concept.cpp:45:1:[m[K   required from here
[2.013s] [01m[K/home/matheuswagner/repos/adaptive-cubesat-adcs/cubesat-simulation/src/concept/src/../include/transducer.h:16:31:[m[K [01;35m[Kwarning: [m[Kno return statement in function returning non-void [[01;35m[K-Wreturn-type[m[K]
[2.014s]          virtual Value sense(){[01;35m[K}[m[K
[2.014s]                                [01;35m[K^[m[K
[2.174s] CMakeFiles/concept.dir/build.make:81: recipe for target 'CMakeFiles/concept.dir/src/concept.cpp.o' failed
[2.174s] make[2]: *** [CMakeFiles/concept.dir/src/concept.cpp.o] Error 1
[2.174s] CMakeFiles/Makefile2:122: recipe for target 'CMakeFiles/concept.dir/all' failed
[2.175s] make[1]: *** [CMakeFiles/concept.dir/all] Error 2
[2.175s] make: *** [all] Error 2
[2.175s] Makefile:159: recipe for target 'all' failed
[2.176s] Invoked command in '/home/matheuswagner/repos/adaptive-cubesat-adcs/cubesat-simulation/build/concept' returned '2': CMAKE_PREFIX_PATH=${CMAKE_PREFIX_PATH}:/home/matheuswagner/repos/adaptive-cubesat-adcs/cubesat-simulation/install/cubesat_description:/opt/ros/dashing /usr/local/bin/cmake --build /home/matheuswagner/repos/adaptive-cubesat-adcs/cubesat-simulation/build/concept -- -j8 -l8
