[0.080s] Invoking command in '/home/matheuswagner/repos/adaptive-cubesat-adcs/cubesat-simulation/build/concept': CMAKE_PREFIX_PATH=${CMAKE_PREFIX_PATH}:/home/matheuswagner/repos/adaptive-cubesat-adcs/cubesat-simulation/install/cubesat_description:/opt/ros/dashing /usr/local/bin/cmake --build /home/matheuswagner/repos/adaptive-cubesat-adcs/cubesat-simulation/build/concept -- -j8 -l8
[0.120s] [35m[1mScanning dependencies of target concept[0m
[0.140s] [ 50%] [32mBuilding CXX object CMakeFiles/concept.dir/src/concept.cpp.o[0m
[1.792s] In file included from [01m[K/home/matheuswagner/repos/adaptive-cubesat-adcs/cubesat-simulation/src/concept/src/../include/local_smartdata.h:11:0[m[K,
[1.793s]                  from [01m[K/home/matheuswagner/repos/adaptive-cubesat-adcs/cubesat-simulation/src/concept/src/concept.cpp:1[m[K:
[1.793s] [01m[K/home/matheuswagner/repos/adaptive-cubesat-adcs/cubesat-simulation/src/concept/src/../include/observed.h:[m[K In member function ‘[01m[Kvoid Observed<T>::notifyObservers()[m[K’:
[1.793s] [01m[K/home/matheuswagner/repos/adaptive-cubesat-adcs/cubesat-simulation/src/concept/src/../include/observed.h:21:18:[m[K [01;31m[Kerror: [m[Kneed ‘[01m[Ktypename[m[K’ before ‘[01m[Kstd::__cxx11::list<T*>::iterator[m[K’ because ‘[01m[Kstd::__cxx11::list<T*>[m[K’ is a dependent scope
[1.793s]              for ([01;31m[Kstd[m[K::list<T*>::iterator it = this->observers.begin(); it != this->observers.end(); ++it)
[1.794s]                   [01;31m[K^~~[m[K
[1.794s] [01m[K/home/matheuswagner/repos/adaptive-cubesat-adcs/cubesat-simulation/src/concept/src/../include/observed.h:21:42:[m[K [01;31m[Kerror: [m[Kexpected ‘[01m[K;[m[K’ before ‘[01m[Kit[m[K’
[1.794s]              for (std::list<T*>::iterator [01;31m[Kit[m[K = this->observers.begin(); it != this->observers.end(); ++it)
[1.794s]                                           [01;31m[K^~[m[K
[1.794s] [01m[K/home/matheuswagner/repos/adaptive-cubesat-adcs/cubesat-simulation/src/concept/src/../include/observed.h:21:72:[m[K [01;31m[Kerror: [m[K‘[01m[Kit[m[K’ was not declared in this scope
[1.794s]              for (std::list<T*>::iterator it = this->observers.begin(); [01;31m[Kit[m[K != this->observers.end(); ++it)
[1.794s]                                                                         [01;31m[K^~[m[K
[1.795s] [01m[K/home/matheuswagner/repos/adaptive-cubesat-adcs/cubesat-simulation/src/concept/src/../include/observed.h:21:72:[m[K [01;36m[Knote: [m[Ksuggested alternative: ‘[01m[Kid[m[K’
[1.795s]              for (std::list<T*>::iterator it = this->observers.begin(); [01;36m[Kit[m[K != this->observers.end(); ++it)
[1.795s]                                                                         [01;36m[K^~[m[K
[1.795s]                                                                         [32m[Kid[m[K
[1.795s] [01m[K/home/matheuswagner/repos/adaptive-cubesat-adcs/cubesat-simulation/src/concept/src/../include/observed.h:[m[K In member function ‘[01m[Kvoid Observed<T>::notifyObserversWithId()[m[K’:
[1.795s] [01m[K/home/matheuswagner/repos/adaptive-cubesat-adcs/cubesat-simulation/src/concept/src/../include/observed.h:34:18:[m[K [01;31m[Kerror: [m[Kneed ‘[01m[Ktypename[m[K’ before ‘[01m[Kstd::__cxx11::list<T*>::iterator[m[K’ because ‘[01m[Kstd::__cxx11::list<T*>[m[K’ is a dependent scope
[1.795s]              for ([01;31m[Kstd[m[K::list<T*>::iterator it = this->observers.begin(); it != this->observers.end(); ++it)
[1.795s]                   [01;31m[K^~~[m[K
[1.795s] [01m[K/home/matheuswagner/repos/adaptive-cubesat-adcs/cubesat-simulation/src/concept/src/../include/observed.h:34:42:[m[K [01;31m[Kerror: [m[Kexpected ‘[01m[K;[m[K’ before ‘[01m[Kit[m[K’
[1.796s]              for (std::list<T*>::iterator [01;31m[Kit[m[K = this->observers.begin(); it != this->observers.end(); ++it)
[1.796s]                                           [01;31m[K^~[m[K
[1.796s] [01m[K/home/matheuswagner/repos/adaptive-cubesat-adcs/cubesat-simulation/src/concept/src/../include/observed.h:34:72:[m[K [01;31m[Kerror: [m[K‘[01m[Kit[m[K’ was not declared in this scope
[1.796s]              for (std::list<T*>::iterator it = this->observers.begin(); [01;31m[Kit[m[K != this->observers.end(); ++it)
[1.796s]                                                                         [01;31m[K^~[m[K
[1.796s] [01m[K/home/matheuswagner/repos/adaptive-cubesat-adcs/cubesat-simulation/src/concept/src/../include/observed.h:34:72:[m[K [01;36m[Knote: [m[Ksuggested alternative: ‘[01m[Kid[m[K’
[1.797s]              for (std::list<T*>::iterator it = this->observers.begin(); [01;36m[Kit[m[K != this->observers.end(); ++it)
[1.797s]                                                                         [01;36m[K^~[m[K
[1.797s]                                                                         [32m[Kid[m[K
[1.801s] In file included from [01m[K/home/matheuswagner/repos/adaptive-cubesat-adcs/cubesat-simulation/src/concept/src/concept.cpp:2:0[m[K:
[1.802s] [01m[K/home/matheuswagner/repos/adaptive-cubesat-adcs/cubesat-simulation/src/concept/src/../include/controller_smartdata.h:[m[K At global scope:
[1.802s] [01m[K/home/matheuswagner/repos/adaptive-cubesat-adcs/cubesat-simulation/src/concept/src/../include/controller_smartdata.h:16:34:[m[K [01;31m[Kerror: [m[Ktemplate argument 1 is invalid
[1.802s]          std::list<LocalSmartData*[01;31m[K>[m[K* inputSmartData;
[1.803s]                                   [01;31m[K^[m[K
[1.804s] [01m[K/home/matheuswagner/repos/adaptive-cubesat-adcs/cubesat-simulation/src/concept/src/../include/controller_smartdata.h:16:34:[m[K [01;31m[Kerror: [m[Ktemplate argument 2 is invalid
[1.804s] [01m[K/home/matheuswagner/repos/adaptive-cubesat-adcs/cubesat-simulation/src/concept/src/../include/controller_smartdata.h:17:34:[m[K [01;31m[Kerror: [m[Ktemplate argument 1 is invalid
[1.804s]          std::list<LocalSmartData*[01;31m[K>[m[K* outputSmartData;
[1.805s]                                   [01;31m[K^[m[K
[1.806s] [01m[K/home/matheuswagner/repos/adaptive-cubesat-adcs/cubesat-simulation/src/concept/src/../include/controller_smartdata.h:17:34:[m[K [01;31m[Kerror: [m[Ktemplate argument 2 is invalid
[1.807s] [01m[K/home/matheuswagner/repos/adaptive-cubesat-adcs/cubesat-simulation/src/concept/src/../include/controller_smartdata.h:23:54:[m[K [01;31m[Kerror: [m[Ktemplate argument 1 is invalid
[1.808s]          ControllerSmartData(std::list<LocalSmartData*[01;31m[K>[m[K* inputSmartData, std::list<LocalSmartData*>* outputSmartData)
[1.809s]                                                       [01;31m[K^[m[K
[1.809s] [01m[K/home/matheuswagner/repos/adaptive-cubesat-adcs/cubesat-simulation/src/concept/src/../include/controller_smartdata.h:23:54:[m[K [01;31m[Kerror: [m[Ktemplate argument 2 is invalid
[1.810s] [01m[K/home/matheuswagner/repos/adaptive-cubesat-adcs/cubesat-simulation/src/concept/src/../include/controller_smartdata.h:23:54:[m[K [01;31m[Kerror: [m[Ktemplate argument 1 is invalid
[1.811s] [01m[K/home/matheuswagner/repos/adaptive-cubesat-adcs/cubesat-simulation/src/concept/src/../include/controller_smartdata.h:23:54:[m[K [01;31m[Kerror: [m[Ktemplate argument 2 is invalid
[1.814s] [01m[K/home/matheuswagner/repos/adaptive-cubesat-adcs/cubesat-simulation/src/concept/src/../include/controller_smartdata.h:23:54:[m[K [01;31m[Kerror: [m[Ktemplate argument 1 is invalid
[1.814s] [01m[K/home/matheuswagner/repos/adaptive-cubesat-adcs/cubesat-simulation/src/concept/src/../include/controller_smartdata.h:23:54:[m[K [01;31m[Kerror: [m[Ktemplate argument 2 is invalid
[1.814s] [01m[K/home/matheuswagner/repos/adaptive-cubesat-adcs/cubesat-simulation/src/concept/src/../include/controller_smartdata.h:23:34:[m[K [01;31m[Kerror: [m[K‘[01m[Kstd::list[m[K’ is not a type
[1.814s]          ControllerSmartData(std::[01;31m[Klist[m[K<LocalSmartData*>* inputSmartData, std::list<LocalSmartData*>* outputSmartData)
[1.815s]                                   [01;31m[K^~~~[m[K
[1.815s] [01m[K/home/matheuswagner/repos/adaptive-cubesat-adcs/cubesat-simulation/src/concept/src/../include/controller_smartdata.h:23:38:[m[K [01;31m[Kerror: [m[Kexpected ‘[01m[K,[m[K’ or ‘[01m[K...[m[K’ before ‘[01m[K<[m[K’ token
[1.815s]          ControllerSmartData(std::list[01;31m[K<[m[KLocalSmartData*>* inputSmartData, std::list<LocalSmartData*>* outputSmartData)
[1.815s]                                       [01;31m[K^[m[K
[1.815s] [01m[K/home/matheuswagner/repos/adaptive-cubesat-adcs/cubesat-simulation/src/concept/src/../include/controller_smartdata.h:23:116:[m[K [01;31m[Kerror: [m[KISO C++ forbids declaration of ‘[01m[KControllerSmartData[m[K’ with no type [[01;31m[K-fpermissive[m[K]
[1.816s]          ControllerSmartData(std::list<LocalSmartData*>* inputSmartData, std::list<LocalSmartData*>* outputSmartData[01;31m[K)[m[K
[1.816s]                                                                                                                     [01;31m[K^[m[K
[1.816s] In file included from [01m[K/home/matheuswagner/repos/adaptive-cubesat-adcs/cubesat-simulation/src/concept/src/concept.cpp:2:0[m[K:
[1.816s] [01m[K/home/matheuswagner/repos/adaptive-cubesat-adcs/cubesat-simulation/src/concept/src/../include/controller_smartdata.h:45:34:[m[K [01;31m[Kerror: [m[Ktemplate argument 1 is invalid
[1.816s]          std::list<LocalSmartData*[01;31m[K>[m[K* value()
[1.817s]                                   [01;31m[K^[m[K
[1.817s] [01m[K/home/matheuswagner/repos/adaptive-cubesat-adcs/cubesat-simulation/src/concept/src/../include/controller_smartdata.h:45:34:[m[K [01;31m[Kerror: [m[Ktemplate argument 2 is invalid
[1.817s] [01m[K/home/matheuswagner/repos/adaptive-cubesat-adcs/cubesat-simulation/src/concept/src/../include/controller_smartdata.h:84:2:[m[K [01;31m[Kerror: [m[Kexpected ‘[01m[K;[m[K’ after class definition
[1.817s]  }
[1.817s]   [01;31m[K^[m[K
[1.818s]   [32m[K;[m[K
[1.818s] In file included from [01m[K/home/matheuswagner/repos/adaptive-cubesat-adcs/cubesat-simulation/src/concept/src/concept.cpp:2:0[m[K:
[1.818s] [01m[K/home/matheuswagner/repos/adaptive-cubesat-adcs/cubesat-simulation/src/concept/src/../include/controller_smartdata.h:[m[K In member function ‘[01m[Kint ControlerSmartData<Controller>::ControllerSmartData(int)[m[K’:
[1.818s] [01m[K/home/matheuswagner/repos/adaptive-cubesat-adcs/cubesat-simulation/src/concept/src/../include/controller_smartdata.h:29:43:[m[K [01;31m[Kerror: [m[Ktemplate argument 1 is invalid
[1.819s]              for (std::list<LocalSmartData*[01;31m[K>[m[K::iterator it = this->inputSmartData->begin(); it != this->inputSmartData->end(); ++it)
[1.819s]                                            [01;31m[K^[m[K
[1.819s] [01m[K/home/matheuswagner/repos/adaptive-cubesat-adcs/cubesat-simulation/src/concept/src/../include/controller_smartdata.h:29:43:[m[K [01;31m[Kerror: [m[Ktemplate argument 2 is invalid
[1.819s] [01m[K/home/matheuswagner/repos/adaptive-cubesat-adcs/cubesat-simulation/src/concept/src/../include/controller_smartdata.h:29:55:[m[K [01;31m[Kerror: [m[Kqualified-id in declaration before ‘[01m[Kit[m[K’
[1.819s]              for (std::list<LocalSmartData*>::iterator [01;31m[Kit[m[K = this->inputSmartData->begin(); it != this->inputSmartData->end(); ++it)
[1.820s]                                                        [01;31m[K^~[m[K
[1.820s] [01m[K/home/matheuswagner/repos/adaptive-cubesat-adcs/cubesat-simulation/src/concept/src/../include/controller_smartdata.h:29:55:[m[K [01;31m[Kerror: [m[Kexpected ‘[01m[K;[m[K’ before ‘[01m[Kit[m[K’
[1.820s] [01m[K/home/matheuswagner/repos/adaptive-cubesat-adcs/cubesat-simulation/src/concept/src/../include/controller_smartdata.h:29:55:[m[K [01;31m[Kerror: [m[K‘[01m[Kit[m[K’ was not declared in this scope
[1.821s] [01m[K/home/matheuswagner/repos/adaptive-cubesat-adcs/cubesat-simulation/src/concept/src/../include/controller_smartdata.h:29:55:[m[K [01;36m[Knote: [m[Ksuggested alternative: ‘[01m[Kid[m[K’
[1.822s]              for (std::list<LocalSmartData*>::iterator [01;36m[Kit[m[K = this->inputSmartData->begin(); it != this->inputSmartData->end(); ++it)
[1.822s]                                                        [01;36m[K^~[m[K
[1.823s]                                                        [32m[Kid[m[K
[1.823s] [01m[K/home/matheuswagner/repos/adaptive-cubesat-adcs/cubesat-simulation/src/concept/src/../include/controller_smartdata.h:29:82:[m[K [01;31m[Kerror: [m[Krequest for member ‘[01m[Kbegin[m[K’ in ‘[01m[K((ControlerSmartData<Controller>*)this)->inputSmartData->[m[K’, which is of non-class type ‘[01m[Kint[m[K’
[1.823s]              for (std::list<LocalSmartData*>::iterator it = this->inputSmartData->[01;31m[Kbegin[m[K(); it != this->inputSmartData->end(); ++it)
[1.824s]                                                                                   [01;31m[K^~~~~[m[K
[1.824s] [01m[K/home/matheuswagner/repos/adaptive-cubesat-adcs/cubesat-simulation/src/concept/src/../include/controller_smartdata.h:29:119:[m[K [01;31m[Kerror: [m[Krequest for member ‘[01m[Kend[m[K’ in ‘[01m[K((ControlerSmartData<Controller>*)this)->inputSmartData->[m[K’, which is of non-class type ‘[01m[Kint[m[K’
[1.824s]              for (std::list<LocalSmartData*>::iterator it = this->inputSmartData->begin(); it != this->inputSmartData->[01;31m[Kend[m[K(); ++it)
[1.824s]                                                                                                                        [01;31m[K^~~[m[K
[1.824s] [01m[K/home/matheuswagner/repos/adaptive-cubesat-adcs/cubesat-simulation/src/concept/src/../include/controller_smartdata.h:29:124:[m[K [01;31m[Kerror: [m[Kexpected ‘[01m[K)[m[K’ before ‘[01m[K;[m[K’ token
[1.824s]              for (std::list<LocalSmartData*>::iterator it = this->inputSmartData->begin(); it != this->inputSmartData->end()[01;31m[K;[m[K ++it)
[1.825s]                                                                                                                             [01;31m[K^[m[K
[1.825s] [01m[K/home/matheuswagner/repos/adaptive-cubesat-adcs/cubesat-simulation/src/concept/src/../include/controller_smartdata.h:29:13:[m[K [01;35m[Kwarning: [m[Kthis ‘[01m[Kfor[m[K’ clause does not guard... [[01;35m[K-Wmisleading-indentation[m[K]
[1.825s]              [01;35m[Kfor[m[K (std::list<LocalSmartData*>::iterator it = this->inputSmartData->begin(); it != this->inputSmartData->end(); ++it)
[1.826s]              [01;35m[K^~~[m[K
[1.826s] [01m[K/home/matheuswagner/repos/adaptive-cubesat-adcs/cubesat-simulation/src/concept/src/../include/controller_smartdata.h:29:126:[m[K [01;36m[Knote: [m[K...this statement, but the latter is misleadingly indented as if it were guarded by the ‘[01m[Kfor[m[K’
[1.826s]              for (std::list<LocalSmartData*>::iterator it = this->inputSmartData->begin(); it != this->inputSmartData->end(); [01;36m[K++[m[Kit)
[1.827s]                                                                                                                               [01;36m[K^~[m[K
[1.828s] In file included from [01m[K/home/matheuswagner/repos/adaptive-cubesat-adcs/cubesat-simulation/src/concept/src/concept.cpp:2:0[m[K:
[1.828s] [01m[K/home/matheuswagner/repos/adaptive-cubesat-adcs/cubesat-simulation/src/concept/src/../include/controller_smartdata.h:29:128:[m[K [01;31m[Kerror: [m[K‘[01m[Kit[m[K’ was not declared in this scope
[1.829s]              for (std::list<LocalSmartData*>::iterator it = this->inputSmartData->begin(); it != this->inputSmartData->end(); ++[01;31m[Kit[m[K)
[1.829s]                                                                                                                                 [01;31m[K^~[m[K
[1.829s] [01m[K/home/matheuswagner/repos/adaptive-cubesat-adcs/cubesat-simulation/src/concept/src/../include/controller_smartdata.h:29:128:[m[K [01;36m[Knote: [m[Ksuggested alternative: ‘[01m[Kid[m[K’
[1.829s]              for (std::list<LocalSmartData*>::iterator it = this->inputSmartData->begin(); it != this->inputSmartData->end(); ++[01;36m[Kit[m[K)
[1.830s]                                                                                                                                 [01;36m[K^~[m[K
[1.830s]                                                                                                                                 [32m[Kid[m[K
[1.830s] [01m[K/home/matheuswagner/repos/adaptive-cubesat-adcs/cubesat-simulation/src/concept/src/../include/controller_smartdata.h:36:43:[m[K [01;31m[Kerror: [m[Ktemplate argument 1 is invalid
[1.830s]              for (std::list<LocalSmartData*[01;31m[K>[m[K::iterator it = this->outputSmartData->begin(); it != this->outputSmartData->end(); ++it)
[1.831s]                                            [01;31m[K^[m[K
[1.831s] [01m[K/home/matheuswagner/repos/adaptive-cubesat-adcs/cubesat-simulation/src/concept/src/../include/controller_smartdata.h:36:43:[m[K [01;31m[Kerror: [m[Ktemplate argument 2 is invalid
[1.831s] [01m[K/home/matheuswagner/repos/adaptive-cubesat-adcs/cubesat-simulation/src/concept/src/../include/controller_smartdata.h:36:55:[m[K [01;31m[Kerror: [m[Kqualified-id in declaration before ‘[01m[Kit[m[K’
[1.831s]              for (std::list<LocalSmartData*>::iterator [01;31m[Kit[m[K = this->outputSmartData->begin(); it != this->outputSmartData->end(); ++it)
[1.831s]                                                        [01;31m[K^~[m[K
[1.834s] [01m[K/home/matheuswagner/repos/adaptive-cubesat-adcs/cubesat-simulation/src/concept/src/../include/controller_smartdata.h:36:55:[m[K [01;31m[Kerror: [m[Kexpected ‘[01m[K;[m[K’ before ‘[01m[Kit[m[K’
[1.834s] [01m[K/home/matheuswagner/repos/adaptive-cubesat-adcs/cubesat-simulation/src/concept/src/../include/controller_smartdata.h:36:83:[m[K [01;31m[Kerror: [m[Krequest for member ‘[01m[Kbegin[m[K’ in ‘[01m[K((ControlerSmartData<Controller>*)this)->outputSmartData->[m[K’, which is of non-class type ‘[01m[Kint[m[K’
[1.834s]              for (std::list<LocalSmartData*>::iterator it = this->outputSmartData->[01;31m[Kbegin[m[K(); it != this->outputSmartData->end(); ++it)
[1.835s]                                                                                    [01;31m[K^~~~~[m[K
[1.835s] [01m[K/home/matheuswagner/repos/adaptive-cubesat-adcs/cubesat-simulation/src/concept/src/../include/controller_smartdata.h:36:121:[m[K [01;31m[Kerror: [m[Krequest for member ‘[01m[Kend[m[K’ in ‘[01m[K((ControlerSmartData<Controller>*)this)->outputSmartData->[m[K’, which is of non-class type ‘[01m[Kint[m[K’
[1.835s]              for (std::list<LocalSmartData*>::iterator it = this->outputSmartData->begin(); it != this->outputSmartData->[01;31m[Kend[m[K(); ++it)
[1.835s]                                                                                                                          [01;31m[K^~~[m[K
[1.835s] [01m[K/home/matheuswagner/repos/adaptive-cubesat-adcs/cubesat-simulation/src/concept/src/../include/controller_smartdata.h:36:126:[m[K [01;31m[Kerror: [m[Kexpected ‘[01m[K)[m[K’ before ‘[01m[K;[m[K’ token
[1.835s]              for (std::list<LocalSmartData*>::iterator it = this->outputSmartData->begin(); it != this->outputSmartData->end()[01;31m[K;[m[K ++it)
[1.836s]                                                                                                                               [01;31m[K^[m[K
[1.836s] [01m[K/home/matheuswagner/repos/adaptive-cubesat-adcs/cubesat-simulation/src/concept/src/../include/controller_smartdata.h:36:13:[m[K [01;35m[Kwarning: [m[Kthis ‘[01m[Kfor[m[K’ clause does not guard... [[01;35m[K-Wmisleading-indentation[m[K]
[1.836s]              [01;35m[Kfor[m[K (std::list<LocalSmartData*>::iterator it = this->outputSmartData->begin(); it != this->outputSmartData->end(); ++it)
[1.836s]              [01;35m[K^~~[m[K
[1.836s] [01m[K/home/matheuswagner/repos/adaptive-cubesat-adcs/cubesat-simulation/src/concept/src/../include/controller_smartdata.h:36:128:[m[K [01;36m[Knote: [m[K...this statement, but the latter is misleadingly indented as if it were guarded by the ‘[01m[Kfor[m[K’
[1.836s]              for (std::list<LocalSmartData*>::iterator it = this->outputSmartData->begin(); it != this->outputSmartData->end(); [01;36m[K++[m[Kit)
[1.836s]                                                                                                                                 [01;36m[K^~[m[K
[1.836s] [01m[K/home/matheuswagner/repos/adaptive-cubesat-adcs/cubesat-simulation/src/concept/src/../include/controller_smartdata.h:43:9:[m[K [01;35m[Kwarning: [m[Kno return statement in function returning non-void [[01;35m[K-Wreturn-type[m[K]
[1.837s]          [01;35m[K}[m[K
[1.837s]          [01;35m[K^[m[K
[1.837s] [01m[K/home/matheuswagner/repos/adaptive-cubesat-adcs/cubesat-simulation/src/concept/src/../include/controller_smartdata.h:[m[K In member function ‘[01m[Kvoid ControlerSmartData<Controller>::update()[m[K’:
[1.838s] [01m[K/home/matheuswagner/repos/adaptive-cubesat-adcs/cubesat-simulation/src/concept/src/../include/controller_smartdata.h:52:49:[m[K [01;31m[Kerror: [m[Kbase operand of ‘[01m[K->[m[K’ has non-pointer type ‘[01m[Kstd::vector<bool>[m[K’
[1.838s]              for(int i = 0; i<this->freshnessList[01;31m[K->[m[Ksize(); i++)
[1.838s]                                                  [01;31m[K^~[m[K
[1.838s] [01m[K/home/matheuswagner/repos/adaptive-cubesat-adcs/cubesat-simulation/src/concept/src/../include/controller_smartdata.h:[m[K In member function ‘[01m[Kvoid ControlerSmartData<Controller>::notify(int)[m[K’:
[1.839s] [01m[K/home/matheuswagner/repos/adaptive-cubesat-adcs/cubesat-simulation/src/concept/src/../include/controller_smartdata.h:71:49:[m[K [01;31m[Kerror: [m[Kbase operand of ‘[01m[K->[m[K’ has non-pointer type ‘[01m[Kstd::vector<bool>[m[K’
[1.839s]              for(int i = 0; i<this->freshnessList[01;31m[K->[m[Ksize(); i++)
[1.839s]                                                  [01;31m[K^~[m[K
[1.839s] In file included from [01m[K/home/matheuswagner/repos/adaptive-cubesat-adcs/cubesat-simulation/src/concept/src/concept.cpp:3:0[m[K:
[1.839s] [01m[K/home/matheuswagner/repos/adaptive-cubesat-adcs/cubesat-simulation/src/concept/src/../include/plugin_amperimeter.h:[m[K At global scope:
[1.840s] [01m[K/home/matheuswagner/repos/adaptive-cubesat-adcs/cubesat-simulation/src/concept/src/../include/plugin_amperimeter.h:18:9:[m[K [01;31m[Kerror: [m[K‘[01m[KSmartData[m[K’ is not a template
[1.840s]          [01;31m[KSmartData[m[K<float>* smartdata;
[1.840s]          [01;31m[K^~~~~~~~~[m[K
[1.849s] [01m[K/home/matheuswagner/repos/adaptive-cubesat-adcs/cubesat-simulation/src/concept/src/../include/plugin_amperimeter.h:32:21:[m[K [01;31m[Kerror: [m[K‘[01m[KSmartData[m[K’ is not a template
[1.850s]          void attach([01;31m[KSmartData[m[K<float>* smartdata)
[1.850s]                      [01;31m[K^~~~~~~~~[m[K
[1.892s] In file included from [01m[K/home/matheuswagner/repos/adaptive-cubesat-adcs/cubesat-simulation/src/concept/src/concept.cpp:3:0[m[K:
[1.892s] [01m[K/home/matheuswagner/repos/adaptive-cubesat-adcs/cubesat-simulation/src/concept/src/../include/plugin_amperimeter.h:[m[K In member function ‘[01m[Kvoid PluginAmperimeter::handleInterrupt(std_msgs::msg::Float32_<std::allocator<void> >::SharedPtr)[m[K’:
[1.892s] [01m[K/home/matheuswagner/repos/adaptive-cubesat-adcs/cubesat-simulation/src/concept/src/../include/plugin_amperimeter.h:45:30:[m[K [01;31m[Kerror: [m[K‘[01m[Kclass SmartData[m[K’ has no member named ‘[01m[KsmartdataValue[m[K’; did you mean ‘[01m[KSmartData[m[K’?
[1.892s]              this->smartdata->[01;31m[KsmartdataValue[m[K = this->value;
[1.892s]                               [01;31m[K^~~~~~~~~~~~~~[m[K
[1.892s]                               [32m[KSmartData[m[K
[1.892s] [01m[K/home/matheuswagner/repos/adaptive-cubesat-adcs/cubesat-simulation/src/concept/src/../include/plugin_amperimeter.h:46:37:[m[K [01;31m[Kerror: [m[Kno matching function for call to ‘[01m[KSmartData::update()[m[K’
[1.892s]              this->smartdata->update([01;31m[K)[m[K;
[1.892s]                                      [01;31m[K^[m[K
[1.892s] In file included from [01m[K/home/matheuswagner/repos/adaptive-cubesat-adcs/cubesat-simulation/src/concept/src/../include/local_smartdata.h:4:0[m[K,
[1.893s]                  from [01m[K/home/matheuswagner/repos/adaptive-cubesat-adcs/cubesat-simulation/src/concept/src/concept.cpp:1[m[K:
[1.893s] [01m[K/home/matheuswagner/repos/adaptive-cubesat-adcs/cubesat-simulation/src/concept/src/../include/smartdata.h:33:15:[m[K [01;36m[Knote: [m[Kcandidate: template<class Value> Value SmartData::update()
[1.893s]          Value [01;36m[Kupdate[m[K(){}
[1.893s]                [01;36m[K^~~~~~[m[K
[1.893s] [01m[K/home/matheuswagner/repos/adaptive-cubesat-adcs/cubesat-simulation/src/concept/src/../include/smartdata.h:33:15:[m[K [01;36m[Knote: [m[K  template argument deduction/substitution failed:
[1.893s] In file included from [01m[K/home/matheuswagner/repos/adaptive-cubesat-adcs/cubesat-simulation/src/concept/src/concept.cpp:3:0[m[K:
[1.893s] [01m[K/home/matheuswagner/repos/adaptive-cubesat-adcs/cubesat-simulation/src/concept/src/../include/plugin_amperimeter.h:46:37:[m[K [01;36m[Knote: [m[K  couldn't deduce template parameter ‘[01m[KValue[m[K’
[1.893s]              this->smartdata->update([01;36m[K)[m[K;
[1.893s]                                      [01;36m[K^[m[K
[1.893s] In file included from [01m[K/home/matheuswagner/repos/adaptive-cubesat-adcs/cubesat-simulation/src/concept/src/concept.cpp:4:0[m[K:
[1.893s] [01m[K/home/matheuswagner/repos/adaptive-cubesat-adcs/cubesat-simulation/src/concept/src/../include/plugin_motor_driver.h:[m[K At global scope:
[1.894s] [01m[K/home/matheuswagner/repos/adaptive-cubesat-adcs/cubesat-simulation/src/concept/src/../include/plugin_motor_driver.h:17:9:[m[K [01;31m[Kerror: [m[K‘[01m[KSmartData[m[K’ is not a template
[1.894s]          [01;31m[KSmartData[m[K<float>* smartdata;
[1.894s]          [01;31m[K^~~~~~~~~[m[K
[1.895s] [01m[K/home/matheuswagner/repos/adaptive-cubesat-adcs/cubesat-simulation/src/concept/src/../include/plugin_motor_driver.h:21:39:[m[K [01;31m[Kerror: [m[Kexpected ‘[01m[K)[m[K’ before ‘[01m[KnodeName[m[K’
[1.896s]          PluginAmperimeter(std::string [01;31m[KnodeName[m[K) : Node(nodeName)
[1.896s]                                        [01;31m[K^~~~~~~~[m[K
[1.896s] [01m[K/home/matheuswagner/repos/adaptive-cubesat-adcs/cubesat-simulation/src/concept/src/../include/plugin_motor_driver.h:31:21:[m[K [01;31m[Kerror: [m[K‘[01m[KSmartData[m[K’ is not a template
[1.896s]          void attach([01;31m[KSmartData[m[K<float>* smartdata)
[1.896s]                      [01;31m[K^~~~~~~~~[m[K
[1.898s] [01m[K/home/matheuswagner/repos/adaptive-cubesat-adcs/cubesat-simulation/src/concept/src/../include/plugin_motor_driver.h:[m[K In member function ‘[01m[Kvoid PluginMotorDriver::initialize(std::__cxx11::string)[m[K’:
[1.899s] [01m[K/home/matheuswagner/repos/adaptive-cubesat-adcs/cubesat-simulation/src/concept/src/../include/plugin_motor_driver.h:38:92:[m[K [01;31m[Kerror: [m[Kexpected ‘[01m[K;[m[K’ before ‘[01m[K)[m[K’ token
[1.899s]              this->publisher = this->create_publisher<std_msgs::msg::Float32>(topicName, 10)[01;31m[K)[m[K;
[1.899s]                                                                                             [01;31m[K^[m[K
[1.899s] [01m[K/home/matheuswagner/repos/adaptive-cubesat-adcs/cubesat-simulation/src/concept/src/../include/plugin_motor_driver.h:[m[K In member function ‘[01m[Kvoid PluginMotorDriver::handleInterrupt()[m[K’:
[1.899s] [01m[K/home/matheuswagner/repos/adaptive-cubesat-adcs/cubesat-simulation/src/concept/src/../include/plugin_motor_driver.h:44:20:[m[K [01;31m[Kerror: [m[Kbase operand of ‘[01m[K->[m[K’ has non-pointer type ‘[01m[Kstd_msgs::msg::Float32_<std::allocator<void> >[m[K’
[1.899s]              message[01;31m[K->[m[Kdata = this->smartdata->smartdataValue;
[1.900s]                     [01;31m[K^~[m[K
[1.900s] [01m[K/home/matheuswagner/repos/adaptive-cubesat-adcs/cubesat-simulation/src/concept/src/../include/plugin_motor_driver.h:44:46:[m[K [01;31m[Kerror: [m[K‘[01m[Kclass SmartData[m[K’ has no member named ‘[01m[KsmartdataValue[m[K’; did you mean ‘[01m[KSmartData[m[K’?
[1.900s]              message->data = this->smartdata->[01;31m[KsmartdataValue[m[K;
[1.900s]                                               [01;31m[K^~~~~~~~~~~~~~[m[K
[1.900s]                                               [32m[KSmartData[m[K
[1.921s] [01m[K/home/matheuswagner/repos/adaptive-cubesat-adcs/cubesat-simulation/src/concept/src/../include/plugin_motor_driver.h:46:37:[m[K [01;31m[Kerror: [m[Kno matching function for call to ‘[01m[KSmartData::update()[m[K’
[1.921s]              this->smartdata->update([01;31m[K)[m[K;
[1.921s]                                      [01;31m[K^[m[K
[1.922s] In file included from [01m[K/home/matheuswagner/repos/adaptive-cubesat-adcs/cubesat-simulation/src/concept/src/../include/local_smartdata.h:4:0[m[K,
[1.922s]                  from [01m[K/home/matheuswagner/repos/adaptive-cubesat-adcs/cubesat-simulation/src/concept/src/concept.cpp:1[m[K:
[1.922s] [01m[K/home/matheuswagner/repos/adaptive-cubesat-adcs/cubesat-simulation/src/concept/src/../include/smartdata.h:33:15:[m[K [01;36m[Knote: [m[Kcandidate: template<class Value> Value SmartData::update()
[1.922s]          Value [01;36m[Kupdate[m[K(){}
[1.922s]                [01;36m[K^~~~~~[m[K
[1.923s] [01m[K/home/matheuswagner/repos/adaptive-cubesat-adcs/cubesat-simulation/src/concept/src/../include/smartdata.h:33:15:[m[K [01;36m[Knote: [m[K  template argument deduction/substitution failed:
[1.923s] In file included from [01m[K/home/matheuswagner/repos/adaptive-cubesat-adcs/cubesat-simulation/src/concept/src/concept.cpp:4:0[m[K:
[1.923s] [01m[K/home/matheuswagner/repos/adaptive-cubesat-adcs/cubesat-simulation/src/concept/src/../include/plugin_motor_driver.h:46:37:[m[K [01;36m[Knote: [m[K  couldn't deduce template parameter ‘[01m[KValue[m[K’
[1.924s]              this->smartdata->update([01;36m[K)[m[K;
[1.924s]                                      [01;36m[K^[m[K
[1.924s] In file included from [01m[K/home/matheuswagner/repos/adaptive-cubesat-adcs/cubesat-simulation/src/concept/src/concept.cpp:5:0[m[K:
[1.924s] [01m[K/home/matheuswagner/repos/adaptive-cubesat-adcs/cubesat-simulation/src/concept/src/../include/proportional_controller.h:[m[K At global scope:
[1.924s] [01m[K/home/matheuswagner/repos/adaptive-cubesat-adcs/cubesat-simulation/src/concept/src/../include/proportional_controller.h:15:32:[m[K [01;31m[Kerror: [m[Ktemplate argument 1 is invalid
[1.924s]      std::vector<LocalSmartData*[01;31m[K>[m[K* inputSmartData;
[1.924s]                                 [01;31m[K^[m[K
[1.925s] [01m[K/home/matheuswagner/repos/adaptive-cubesat-adcs/cubesat-simulation/src/concept/src/../include/proportional_controller.h:15:32:[m[K [01;31m[Kerror: [m[Ktemplate argument 2 is invalid
[1.926s] [01m[K/home/matheuswagner/repos/adaptive-cubesat-adcs/cubesat-simulation/src/concept/src/../include/proportional_controller.h:16:32:[m[K [01;31m[Kerror: [m[Ktemplate argument 1 is invalid
[1.926s]      std::vector<LocalSmartData*[01;31m[K>[m[K* outputSmartData;
[1.926s]                                 [01;31m[K^[m[K
[1.926s] [01m[K/home/matheuswagner/repos/adaptive-cubesat-adcs/cubesat-simulation/src/concept/src/../include/proportional_controller.h:16:32:[m[K [01;31m[Kerror: [m[Ktemplate argument 2 is invalid
[1.927s] [01m[K/home/matheuswagner/repos/adaptive-cubesat-adcs/cubesat-simulation/src/concept/src/../include/proportional_controller.h:20:45:[m[K [01;31m[Kerror: [m[Ktemplate argument 1 is invalid
[1.927s]          void setup(std::list<LocalSmartData*[01;31m[K>[m[K* inputSmartData, std::list<LocalSmartData*>* outputSmartData)
[1.927s]                                              [01;31m[K^[m[K
[1.927s] [01m[K/home/matheuswagner/repos/adaptive-cubesat-adcs/cubesat-simulation/src/concept/src/../include/proportional_controller.h:20:45:[m[K [01;31m[Kerror: [m[Ktemplate argument 2 is invalid
[1.928s] [01m[K/home/matheuswagner/repos/adaptive-cubesat-adcs/cubesat-simulation/src/concept/src/../include/proportional_controller.h:20:45:[m[K [01;31m[Kerror: [m[Ktemplate argument 1 is invalid
[1.928s] [01m[K/home/matheuswagner/repos/adaptive-cubesat-adcs/cubesat-simulation/src/concept/src/../include/proportional_controller.h:20:45:[m[K [01;31m[Kerror: [m[Ktemplate argument 2 is invalid
[1.928s] [01m[K/home/matheuswagner/repos/adaptive-cubesat-adcs/cubesat-simulation/src/concept/src/../include/proportional_controller.h:20:45:[m[K [01;31m[Kerror: [m[Ktemplate argument 1 is invalid
[1.929s] [01m[K/home/matheuswagner/repos/adaptive-cubesat-adcs/cubesat-simulation/src/concept/src/../include/proportional_controller.h:20:45:[m[K [01;31m[Kerror: [m[Ktemplate argument 2 is invalid
[1.929s] [01m[K/home/matheuswagner/repos/adaptive-cubesat-adcs/cubesat-simulation/src/concept/src/../include/proportional_controller.h:20:25:[m[K [01;31m[Kerror: [m[K‘[01m[Kstd::list[m[K’ is not a type
[1.929s]          void setup(std::[01;31m[Klist[m[K<LocalSmartData*>* inputSmartData, std::list<LocalSmartData*>* outputSmartData)
[1.929s]                          [01;31m[K^~~~[m[K
[1.930s] [01m[K/home/matheuswagner/repos/adaptive-cubesat-adcs/cubesat-simulation/src/concept/src/../include/proportional_controller.h:20:29:[m[K [01;31m[Kerror: [m[Kexpected ‘[01m[K,[m[K’ or ‘[01m[K...[m[K’ before ‘[01m[K<[m[K’ token
[1.930s]          void setup(std::list[01;31m[K<[m[KLocalSmartData*>* inputSmartData, std::list<LocalSmartData*>* outputSmartData)
[1.930s]                              [01;31m[K^[m[K
[1.930s] [01m[K/home/matheuswagner/repos/adaptive-cubesat-adcs/cubesat-simulation/src/concept/src/../include/proportional_controller.h:[m[K In member function ‘[01m[Kvoid ProportionalController::setup(int)[m[K’:
[1.931s] [01m[K/home/matheuswagner/repos/adaptive-cubesat-adcs/cubesat-simulation/src/concept/src/../include/proportional_controller.h:22:43:[m[K [01;31m[Kerror: [m[Ktemplate argument 1 is invalid
[1.931s]              for (std::list<LocalSmartData*[01;31m[K>[m[K::iterator it = inputSmartData->begin(); it != inputSmartData->end(); ++it)
[1.931s]                                            [01;31m[K^[m[K
[1.931s] [01m[K/home/matheuswagner/repos/adaptive-cubesat-adcs/cubesat-simulation/src/concept/src/../include/proportional_controller.h:22:43:[m[K [01;31m[Kerror: [m[Ktemplate argument 2 is invalid
[1.931s] [01m[K/home/matheuswagner/repos/adaptive-cubesat-adcs/cubesat-simulation/src/concept/src/../include/proportional_controller.h:22:55:[m[K [01;31m[Kerror: [m[Kqualified-id in declaration before ‘[01m[Kit[m[K’
[1.932s]              for (std::list<LocalSmartData*>::iterator [01;31m[Kit[m[K = inputSmartData->begin(); it != inputSmartData->end(); ++it)
[1.932s]                                                        [01;31m[K^~[m[K
[1.933s] [01m[K/home/matheuswagner/repos/adaptive-cubesat-adcs/cubesat-simulation/src/concept/src/../include/proportional_controller.h:22:55:[m[K [01;31m[Kerror: [m[Kexpected ‘[01m[K;[m[K’ before ‘[01m[Kit[m[K’
[1.933s] [01m[K/home/matheuswagner/repos/adaptive-cubesat-adcs/cubesat-simulation/src/concept/src/../include/proportional_controller.h:22:55:[m[K [01;31m[Kerror: [m[K‘[01m[Kit[m[K’ was not declared in this scope
[1.934s] [01m[K/home/matheuswagner/repos/adaptive-cubesat-adcs/cubesat-simulation/src/concept/src/../include/proportional_controller.h:22:55:[m[K [01;36m[Knote: [m[Ksuggested alternative: ‘[01m[Kint[m[K’
[1.934s]              for (std::list<LocalSmartData*>::iterator [01;36m[Kit[m[K = inputSmartData->begin(); it != inputSmartData->end(); ++it)
[1.934s]                                                        [01;36m[K^~[m[K
[1.935s]                                                        [32m[Kint[m[K
[1.935s] [01m[K/home/matheuswagner/repos/adaptive-cubesat-adcs/cubesat-simulation/src/concept/src/../include/proportional_controller.h:22:76:[m[K [01;31m[Kerror: [m[Krequest for member ‘[01m[Kbegin[m[K’ in ‘[01m[K*((ProportionalController*)this)->ProportionalController::inputSmartData[m[K’, which is of non-class type ‘[01m[Kint[m[K’
[1.935s]              for (std::list<LocalSmartData*>::iterator it = inputSmartData->[01;31m[Kbegin[m[K(); it != inputSmartData->end(); ++it)
[1.936s]                                                                             [01;31m[K^~~~~[m[K
[1.936s] [01m[K/home/matheuswagner/repos/adaptive-cubesat-adcs/cubesat-simulation/src/concept/src/../include/proportional_controller.h:22:107:[m[K [01;31m[Kerror: [m[Krequest for member ‘[01m[Kend[m[K’ in ‘[01m[K*((ProportionalController*)this)->ProportionalController::inputSmartData[m[K’, which is of non-class type ‘[01m[Kint[m[K’
[1.936s]              for (std::list<LocalSmartData*>::iterator it = inputSmartData->begin(); it != inputSmartData->[01;31m[Kend[m[K(); ++it)
[1.936s]                                                                                                            [01;31m[K^~~[m[K
[1.937s] [01m[K/home/matheuswagner/repos/adaptive-cubesat-adcs/cubesat-simulation/src/concept/src/../include/proportional_controller.h:22:112:[m[K [01;31m[Kerror: [m[Kexpected ‘[01m[K)[m[K’ before ‘[01m[K;[m[K’ token
[1.937s]              for (std::list<LocalSmartData*>::iterator it = inputSmartData->begin(); it != inputSmartData->end()[01;31m[K;[m[K ++it)
[1.937s]                                                                                                                 [01;31m[K^[m[K
[1.937s] [01m[K/home/matheuswagner/repos/adaptive-cubesat-adcs/cubesat-simulation/src/concept/src/../include/proportional_controller.h:22:13:[m[K [01;35m[Kwarning: [m[Kthis ‘[01m[Kfor[m[K’ clause does not guard... [[01;35m[K-Wmisleading-indentation[m[K]
[1.938s]              [01;35m[Kfor[m[K (std::list<LocalSmartData*>::iterator it = inputSmartData->begin(); it != inputSmartData->end(); ++it)
[1.938s]              [01;35m[K^~~[m[K
[1.938s] [01m[K/home/matheuswagner/repos/adaptive-cubesat-adcs/cubesat-simulation/src/concept/src/../include/proportional_controller.h:22:114:[m[K [01;36m[Knote: [m[K...this statement, but the latter is misleadingly indented as if it were guarded by the ‘[01m[Kfor[m[K’
[1.938s]              for (std::list<LocalSmartData*>::iterator it = inputSmartData->begin(); it != inputSmartData->end(); [01;36m[K++[m[Kit)
[1.939s]                                                                                                                   [01;36m[K^~[m[K
[1.939s] [01m[K/home/matheuswagner/repos/adaptive-cubesat-adcs/cubesat-simulation/src/concept/src/../include/proportional_controller.h:22:116:[m[K [01;31m[Kerror: [m[K‘[01m[Kit[m[K’ was not declared in this scope
[1.939s]              for (std::list<LocalSmartData*>::iterator it = inputSmartData->begin(); it != inputSmartData->end(); ++[01;31m[Kit[m[K)
[1.939s]                                                                                                                     [01;31m[K^~[m[K
[1.939s] [01m[K/home/matheuswagner/repos/adaptive-cubesat-adcs/cubesat-simulation/src/concept/src/../include/proportional_controller.h:22:116:[m[K [01;36m[Knote: [m[Ksuggested alternative: ‘[01m[Kint[m[K’
[1.939s]              for (std::list<LocalSmartData*>::iterator it = inputSmartData->begin(); it != inputSmartData->end(); ++[01;36m[Kit[m[K)
[1.940s]                                                                                                                     [01;36m[K^~[m[K
[1.940s]                                                                                                                     [32m[Kint[m[K
[1.940s] [01m[K/home/matheuswagner/repos/adaptive-cubesat-adcs/cubesat-simulation/src/concept/src/../include/proportional_controller.h:27:43:[m[K [01;31m[Kerror: [m[Ktemplate argument 1 is invalid
[1.940s]              for (std::list<LocalSmartData*[01;31m[K>[m[K::iterator it = outputSmartData->begin(); it != outputSmartData->end(); ++it)
[1.940s]                                            [01;31m[K^[m[K
[1.940s] [01m[K/home/matheuswagner/repos/adaptive-cubesat-adcs/cubesat-simulation/src/concept/src/../include/proportional_controller.h:27:43:[m[K [01;31m[Kerror: [m[Ktemplate argument 2 is invalid
[1.940s] [01m[K/home/matheuswagner/repos/adaptive-cubesat-adcs/cubesat-simulation/src/concept/src/../include/proportional_controller.h:27:55:[m[K [01;31m[Kerror: [m[Kqualified-id in declaration before ‘[01m[Kit[m[K’
[1.941s]              for (std::list<LocalSmartData*>::iterator [01;31m[Kit[m[K = outputSmartData->begin(); it != outputSmartData->end(); ++it)
[1.941s]                                                        [01;31m[K^~[m[K
[1.941s] [01m[K/home/matheuswagner/repos/adaptive-cubesat-adcs/cubesat-simulation/src/concept/src/../include/proportional_controller.h:27:55:[m[K [01;31m[Kerror: [m[Kexpected ‘[01m[K;[m[K’ before ‘[01m[Kit[m[K’
[1.941s] [01m[K/home/matheuswagner/repos/adaptive-cubesat-adcs/cubesat-simulation/src/concept/src/../include/proportional_controller.h:27:77:[m[K [01;31m[Kerror: [m[Krequest for member ‘[01m[Kbegin[m[K’ in ‘[01m[K*((ProportionalController*)this)->ProportionalController::outputSmartData[m[K’, which is of non-class type ‘[01m[Kint[m[K’
[1.941s]              for (std::list<LocalSmartData*>::iterator it = outputSmartData->[01;31m[Kbegin[m[K(); it != outputSmartData->end(); ++it)
[1.942s]                                                                              [01;31m[K^~~~~[m[K
[1.942s] [01m[K/home/matheuswagner/repos/adaptive-cubesat-adcs/cubesat-simulation/src/concept/src/../include/proportional_controller.h:27:109:[m[K [01;31m[Kerror: [m[Krequest for member ‘[01m[Kend[m[K’ in ‘[01m[K*((ProportionalController*)this)->ProportionalController::outputSmartData[m[K’, which is of non-class type ‘[01m[Kint[m[K’
[1.942s]              for (std::list<LocalSmartData*>::iterator it = outputSmartData->begin(); it != outputSmartData->[01;31m[Kend[m[K(); ++it)
[1.942s]                                                                                                              [01;31m[K^~~[m[K
[1.942s] [01m[K/home/matheuswagner/repos/adaptive-cubesat-adcs/cubesat-simulation/src/concept/src/../include/proportional_controller.h:27:114:[m[K [01;31m[Kerror: [m[Kexpected ‘[01m[K)[m[K’ before ‘[01m[K;[m[K’ token
[1.943s]              for (std::list<LocalSmartData*>::iterator it = outputSmartData->begin(); it != outputSmartData->end()[01;31m[K;[m[K ++it)
[1.943s]                                                                                                                   [01;31m[K^[m[K
[1.943s] [01m[K/home/matheuswagner/repos/adaptive-cubesat-adcs/cubesat-simulation/src/concept/src/../include/proportional_controller.h:27:13:[m[K [01;35m[Kwarning: [m[Kthis ‘[01m[Kfor[m[K’ clause does not guard... [[01;35m[K-Wmisleading-indentation[m[K]
[1.943s]              [01;35m[Kfor[m[K (std::list<LocalSmartData*>::iterator it = outputSmartData->begin(); it != outputSmartData->end(); ++it)
[1.943s]              [01;35m[K^~~[m[K
[1.943s] [01m[K/home/matheuswagner/repos/adaptive-cubesat-adcs/cubesat-simulation/src/concept/src/../include/proportional_controller.h:27:116:[m[K [01;36m[Knote: [m[K...this statement, but the latter is misleadingly indented as if it were guarded by the ‘[01m[Kfor[m[K’
[1.943s]              for (std::list<LocalSmartData*>::iterator it = outputSmartData->begin(); it != outputSmartData->end(); [01;36m[K++[m[Kit)
[1.944s]                                                                                                                     [01;36m[K^~[m[K
[1.944s] [01m[K/home/matheuswagner/repos/adaptive-cubesat-adcs/cubesat-simulation/src/concept/src/../include/proportional_controller.h:[m[K In member function ‘[01m[Kvirtual void ProportionalController::control()[m[K’:
[1.944s] [01m[K/home/matheuswagner/repos/adaptive-cubesat-adcs/cubesat-simulation/src/concept/src/../include/proportional_controller.h:36:52:[m[K [01;31m[Kerror: [m[Krequest for member ‘[01m[Ksize[m[K’ in ‘[01m[K*((ProportionalController*)this)->ProportionalController::inputSmartData[m[K’, which is of non-class type ‘[01m[Kint[m[K’
[1.944s]              for(int i = 0; i<this->inputSmartData->[01;31m[Ksize[m[K(); i++)
[1.944s]                                                     [01;31m[K^~~~[m[K
[1.945s] [01m[K/home/matheuswagner/repos/adaptive-cubesat-adcs/cubesat-simulation/src/concept/src/../include/proportional_controller.h:38:83:[m[K [01;31m[Kerror: [m[Krequest for member ‘[01m[Kat[m[K’ in ‘[01m[K*((ProportionalController*)this)->ProportionalController::inputSmartData[m[K’, which is of non-class type ‘[01m[Kint[m[K’
[1.945s]                  this->controlSignal = this->controlSignal + gain*(inputSmartData->[01;31m[Kat[m[K(i)->smartdataValue)
[1.945s]                                                                                    [01;31m[K^~[m[K
[1.945s] [01m[K/home/matheuswagner/repos/adaptive-cubesat-adcs/cubesat-simulation/src/concept/src/../include/proportional_controller.h:40:53:[m[K [01;31m[Kerror: [m[Krequest for member ‘[01m[Ksize[m[K’ in ‘[01m[K*((ProportionalController*)this)->ProportionalController::outputSmartData[m[K’, which is of non-class type ‘[01m[Kint[m[K’
[1.945s]              for(int i = 0; i<this->outputSmartData->[01;31m[Ksize[m[K(); i++)
[1.945s]                                                      [01;31m[K^~~~[m[K
[1.946s] [01m[K/home/matheuswagner/repos/adaptive-cubesat-adcs/cubesat-simulation/src/concept/src/../include/proportional_controller.h:42:40:[m[K [01;31m[Kerror: [m[Krequest for member ‘[01m[Kat[m[K’ in ‘[01m[K*((ProportionalController*)this)->ProportionalController::outputSmartData[m[K’, which is of non-class type ‘[01m[Kint[m[K’
[1.946s]                  this->outputSmartData->[01;31m[Kat[m[K(i)->smartdataValue = this->controlSignal;
[1.946s]                                         [01;31m[K^~[m[K
[1.946s] [01m[K/home/matheuswagner/repos/adaptive-cubesat-adcs/cubesat-simulation/src/concept/src/concept.cpp:[m[K In function ‘[01m[Kint main(int, char**)[m[K’:
[1.946s] [01m[K/home/matheuswagner/repos/adaptive-cubesat-adcs/cubesat-simulation/src/concept/src/concept.cpp:16:30:[m[K [01;31m[Kerror: [m[Ktemplate argument 1 is invalid
[1.947s]      std::list<LocalSmartData*[01;31m[K>[m[K inputs;
[1.947s]                               [01;31m[K^[m[K
[1.947s] [01m[K/home/matheuswagner/repos/adaptive-cubesat-adcs/cubesat-simulation/src/concept/src/concept.cpp:16:30:[m[K [01;31m[Kerror: [m[Ktemplate argument 2 is invalid
[1.947s] [01m[K/home/matheuswagner/repos/adaptive-cubesat-adcs/cubesat-simulation/src/concept/src/concept.cpp:17:12:[m[K [01;31m[Kerror: [m[Krequest for member ‘[01m[Kpush_back[m[K’ in ‘[01m[Kinputs[m[K’, which is of non-class type ‘[01m[Kint[m[K’
[1.947s]      inputs.[01;31m[Kpush_back[m[K(amperimeterX);
[1.947s]             [01;31m[K^~~~~~~~~[m[K
[1.948s] [01m[K/home/matheuswagner/repos/adaptive-cubesat-adcs/cubesat-simulation/src/concept/src/concept.cpp:18:12:[m[K [01;31m[Kerror: [m[Krequest for member ‘[01m[Kpush_back[m[K’ in ‘[01m[Kinputs[m[K’, which is of non-class type ‘[01m[Kint[m[K’
[1.948s]      inputs.[01;31m[Kpush_back[m[K(amperimeterY);
[1.948s]             [01;31m[K^~~~~~~~~[m[K
[1.956s] [01m[K/home/matheuswagner/repos/adaptive-cubesat-adcs/cubesat-simulation/src/concept/src/concept.cpp:23:30:[m[K [01;31m[Kerror: [m[Ktemplate argument 1 is invalid
[1.956s]      std::list<LocalSmartData*[01;31m[K>[m[K outputs;
[1.956s]                               [01;31m[K^[m[K
[1.957s] [01m[K/home/matheuswagner/repos/adaptive-cubesat-adcs/cubesat-simulation/src/concept/src/concept.cpp:23:30:[m[K [01;31m[Kerror: [m[Ktemplate argument 2 is invalid
[1.957s] [01m[K/home/matheuswagner/repos/adaptive-cubesat-adcs/cubesat-simulation/src/concept/src/concept.cpp:24:12:[m[K [01;31m[Kerror: [m[Krequest for member ‘[01m[Kpush_back[m[K’ in ‘[01m[Kinputs[m[K’, which is of non-class type ‘[01m[Kint[m[K’
[1.957s]      inputs.[01;31m[Kpush_back[m[K(driverX);
[1.957s]             [01;31m[K^~~~~~~~~[m[K
[1.958s] [01m[K/home/matheuswagner/repos/adaptive-cubesat-adcs/cubesat-simulation/src/concept/src/concept.cpp:25:12:[m[K [01;31m[Kerror: [m[Krequest for member ‘[01m[Kpush_back[m[K’ in ‘[01m[Kinputs[m[K’, which is of non-class type ‘[01m[Kint[m[K’
[1.958s]      inputs.[01;31m[Kpush_back[m[K(driverY);
[1.958s]             [01;31m[K^~~~~~~~~[m[K
[1.958s] [01m[K/home/matheuswagner/repos/adaptive-cubesat-adcs/cubesat-simulation/src/concept/src/concept.cpp:27:5:[m[K [01;31m[Kerror: [m[K‘[01m[KControllerSmartData[m[K’ was not declared in this scope
[1.958s]      [01;31m[KControllerSmartData[m[K<ProportionalController> controller(inputs, outputs);
[1.959s]      [01;31m[K^~~~~~~~~~~~~~~~~~~[m[K
[1.959s] [01m[K/home/matheuswagner/repos/adaptive-cubesat-adcs/cubesat-simulation/src/concept/src/concept.cpp:27:5:[m[K [01;36m[Knote: [m[Ksuggested alternative: ‘[01m[KControlerSmartData[m[K’
[1.959s]      [01;36m[KControllerSmartData[m[K<ProportionalController> controller(inputs, outputs);
[1.959s]      [01;36m[K^~~~~~~~~~~~~~~~~~~[m[K
[1.959s]      [32m[KControlerSmartData[m[K
[1.960s] [01m[K/home/matheuswagner/repos/adaptive-cubesat-adcs/cubesat-simulation/src/concept/src/concept.cpp:27:47:[m[K [01;31m[Kerror: [m[Kexpected primary-expression before ‘[01m[K>[m[K’ token
[1.960s]      ControllerSmartData<ProportionalController[01;31m[K>[m[K controller(inputs, outputs);
[1.960s]                                                [01;31m[K^[m[K
[1.961s] [01m[K/home/matheuswagner/repos/adaptive-cubesat-adcs/cubesat-simulation/src/concept/src/concept.cpp:27:49:[m[K [01;31m[Kerror: [m[K‘[01m[Kcontroller[m[K’ was not declared in this scope
[1.961s]      ControllerSmartData<ProportionalController> [01;31m[Kcontroller[m[K(inputs, outputs);
[1.961s]                                                  [01;31m[K^~~~~~~~~~[m[K
[1.961s] [01m[K/home/matheuswagner/repos/adaptive-cubesat-adcs/cubesat-simulation/src/concept/src/concept.cpp:27:49:[m[K [01;36m[Knote: [m[Ksuggested alternative: ‘[01m[KController[m[K’
[1.962s]      ControllerSmartData<ProportionalController> [01;36m[Kcontroller[m[K(inputs, outputs);
[1.962s]                                                  [01;36m[K^~~~~~~~~~[m[K
[1.963s]                                                  [32m[KController[m[K
[1.963s] [01m[K/home/matheuswagner/repos/adaptive-cubesat-adcs/cubesat-simulation/src/concept/src/concept.cpp:33:39:[m[K [01;31m[Kerror: [m[Ktemplate argument 1 is invalid
[1.963s]          for (std::list<LocalSmartData*[01;31m[K>[m[K::iterator it = inputs.begin(); it != inputs.end(); ++it)
[1.963s]                                        [01;31m[K^[m[K
[1.963s] [01m[K/home/matheuswagner/repos/adaptive-cubesat-adcs/cubesat-simulation/src/concept/src/concept.cpp:33:39:[m[K [01;31m[Kerror: [m[Ktemplate argument 2 is invalid
[1.963s] [01m[K/home/matheuswagner/repos/adaptive-cubesat-adcs/cubesat-simulation/src/concept/src/concept.cpp:33:51:[m[K [01;31m[Kerror: [m[Kqualified-id in declaration before ‘[01m[Kit[m[K’
[1.964s]          for (std::list<LocalSmartData*>::iterator [01;31m[Kit[m[K = inputs.begin(); it != inputs.end(); ++it)
[1.964s]                                                    [01;31m[K^~[m[K
[1.964s] [01m[K/home/matheuswagner/repos/adaptive-cubesat-adcs/cubesat-simulation/src/concept/src/concept.cpp:33:51:[m[K [01;31m[Kerror: [m[Kexpected ‘[01m[K;[m[K’ before ‘[01m[Kit[m[K’
[1.964s] [01m[K/home/matheuswagner/repos/adaptive-cubesat-adcs/cubesat-simulation/src/concept/src/concept.cpp:33:51:[m[K [01;31m[Kerror: [m[K‘[01m[Kit[m[K’ was not declared in this scope
[1.964s] [01m[K/home/matheuswagner/repos/adaptive-cubesat-adcs/cubesat-simulation/src/concept/src/concept.cpp:33:51:[m[K [01;36m[Knote: [m[Ksuggested alternative: ‘[01m[Kint[m[K’
[1.964s]          for (std::list<LocalSmartData*>::iterator [01;36m[Kit[m[K = inputs.begin(); it != inputs.end(); ++it)
[1.965s]                                                    [01;36m[K^~[m[K
[1.965s]                                                    [32m[Kint[m[K
[1.965s] [01m[K/home/matheuswagner/repos/adaptive-cubesat-adcs/cubesat-simulation/src/concept/src/concept.cpp:33:63:[m[K [01;31m[Kerror: [m[Krequest for member ‘[01m[Kbegin[m[K’ in ‘[01m[Kinputs[m[K’, which is of non-class type ‘[01m[Kint[m[K’
[1.965s]          for (std::list<LocalSmartData*>::iterator it = inputs.[01;31m[Kbegin[m[K(); it != inputs.end(); ++it)
[1.965s]                                                                [01;31m[K^~~~~[m[K
[1.965s] [01m[K/home/matheuswagner/repos/adaptive-cubesat-adcs/cubesat-simulation/src/concept/src/concept.cpp:33:85:[m[K [01;31m[Kerror: [m[Krequest for member ‘[01m[Kend[m[K’ in ‘[01m[Kinputs[m[K’, which is of non-class type ‘[01m[Kint[m[K’
[1.966s]          for (std::list<LocalSmartData*>::iterator it = inputs.begin(); it != inputs.[01;31m[Kend[m[K(); ++it)
[1.966s]                                                                                      [01;31m[K^~~[m[K
[1.966s] [01m[K/home/matheuswagner/repos/adaptive-cubesat-adcs/cubesat-simulation/src/concept/src/concept.cpp:33:90:[m[K [01;31m[Kerror: [m[Kexpected ‘[01m[K)[m[K’ before ‘[01m[K;[m[K’ token
[1.966s]          for (std::list<LocalSmartData*>::iterator it = inputs.begin(); it != inputs.end()[01;31m[K;[m[K ++it)
[1.966s]                                                                                           [01;31m[K^[m[K
[1.967s] [01m[K/home/matheuswagner/repos/adaptive-cubesat-adcs/cubesat-simulation/src/concept/src/concept.cpp:33:9:[m[K [01;35m[Kwarning: [m[Kthis ‘[01m[Kfor[m[K’ clause does not guard... [[01;35m[K-Wmisleading-indentation[m[K]
[1.967s]          [01;35m[Kfor[m[K (std::list<LocalSmartData*>::iterator it = inputs.begin(); it != inputs.end(); ++it)
[1.967s]          [01;35m[K^~~[m[K
[1.967s] [01m[K/home/matheuswagner/repos/adaptive-cubesat-adcs/cubesat-simulation/src/concept/src/concept.cpp:33:92:[m[K [01;36m[Knote: [m[K...this statement, but the latter is misleadingly indented as if it were guarded by the ‘[01m[Kfor[m[K’
[1.967s]          for (std::list<LocalSmartData*>::iterator it = inputs.begin(); it != inputs.end(); [01;36m[K++[m[Kit)
[1.967s]                                                                                             [01;36m[K^~[m[K
[1.967s] [01m[K/home/matheuswagner/repos/adaptive-cubesat-adcs/cubesat-simulation/src/concept/src/concept.cpp:33:94:[m[K [01;31m[Kerror: [m[K‘[01m[Kit[m[K’ was not declared in this scope
[1.968s]          for (std::list<LocalSmartData*>::iterator it = inputs.begin(); it != inputs.end(); ++[01;31m[Kit[m[K)
[1.968s]                                                                                               [01;31m[K^~[m[K
[1.968s] [01m[K/home/matheuswagner/repos/adaptive-cubesat-adcs/cubesat-simulation/src/concept/src/concept.cpp:33:94:[m[K [01;36m[Knote: [m[Ksuggested alternative: ‘[01m[Kint[m[K’
[1.968s]          for (std::list<LocalSmartData*>::iterator it = inputs.begin(); it != inputs.end(); ++[01;36m[Kit[m[K)
[1.968s]                                                                                               [01;36m[K^~[m[K
[1.968s]                                                                                               [32m[Kint[m[K
[1.968s] [01m[K/home/matheuswagner/repos/adaptive-cubesat-adcs/cubesat-simulation/src/concept/src/concept.cpp:38:39:[m[K [01;31m[Kerror: [m[Ktemplate argument 1 is invalid
[1.968s]          for (std::list<LocalSmartData*[01;31m[K>[m[K::iterator it = outputs.begin(); it != outputs.end(); ++it)
[1.969s]                                        [01;31m[K^[m[K
[1.969s] [01m[K/home/matheuswagner/repos/adaptive-cubesat-adcs/cubesat-simulation/src/concept/src/concept.cpp:38:39:[m[K [01;31m[Kerror: [m[Ktemplate argument 2 is invalid
[1.969s] [01m[K/home/matheuswagner/repos/adaptive-cubesat-adcs/cubesat-simulation/src/concept/src/concept.cpp:38:51:[m[K [01;31m[Kerror: [m[Kqualified-id in declaration before ‘[01m[Kit[m[K’
[1.969s]          for (std::list<LocalSmartData*>::iterator [01;31m[Kit[m[K = outputs.begin(); it != outputs.end(); ++it)
[1.969s]                                                    [01;31m[K^~[m[K
[1.969s] [01m[K/home/matheuswagner/repos/adaptive-cubesat-adcs/cubesat-simulation/src/concept/src/concept.cpp:38:51:[m[K [01;31m[Kerror: [m[Kexpected ‘[01m[K;[m[K’ before ‘[01m[Kit[m[K’
[1.969s] [01m[K/home/matheuswagner/repos/adaptive-cubesat-adcs/cubesat-simulation/src/concept/src/concept.cpp:38:64:[m[K [01;31m[Kerror: [m[Krequest for member ‘[01m[Kbegin[m[K’ in ‘[01m[Koutputs[m[K’, which is of non-class type ‘[01m[Kint[m[K’
[1.969s]          for (std::list<LocalSmartData*>::iterator it = outputs.[01;31m[Kbegin[m[K(); it != outputs.end(); ++it)
[1.970s]                                                                 [01;31m[K^~~~~[m[K
[1.970s] [01m[K/home/matheuswagner/repos/adaptive-cubesat-adcs/cubesat-simulation/src/concept/src/concept.cpp:38:87:[m[K [01;31m[Kerror: [m[Krequest for member ‘[01m[Kend[m[K’ in ‘[01m[Koutputs[m[K’, which is of non-class type ‘[01m[Kint[m[K’
[1.970s]          for (std::list<LocalSmartData*>::iterator it = outputs.begin(); it != outputs.[01;31m[Kend[m[K(); ++it)
[1.971s]                                                                                        [01;31m[K^~~[m[K
[1.971s] [01m[K/home/matheuswagner/repos/adaptive-cubesat-adcs/cubesat-simulation/src/concept/src/concept.cpp:38:92:[m[K [01;31m[Kerror: [m[Kexpected ‘[01m[K)[m[K’ before ‘[01m[K;[m[K’ token
[1.971s]          for (std::list<LocalSmartData*>::iterator it = outputs.begin(); it != outputs.end()[01;31m[K;[m[K ++it)
[1.971s]                                                                                             [01;31m[K^[m[K
[1.971s] [01m[K/home/matheuswagner/repos/adaptive-cubesat-adcs/cubesat-simulation/src/concept/src/concept.cpp:38:9:[m[K [01;35m[Kwarning: [m[Kthis ‘[01m[Kfor[m[K’ clause does not guard... [[01;35m[K-Wmisleading-indentation[m[K]
[1.972s]          [01;35m[Kfor[m[K (std::list<LocalSmartData*>::iterator it = outputs.begin(); it != outputs.end(); ++it)
[1.972s]          [01;35m[K^~~[m[K
[1.972s] [01m[K/home/matheuswagner/repos/adaptive-cubesat-adcs/cubesat-simulation/src/concept/src/concept.cpp:38:94:[m[K [01;36m[Knote: [m[K...this statement, but the latter is misleadingly indented as if it were guarded by the ‘[01m[Kfor[m[K’
[1.972s]          for (std::list<LocalSmartData*>::iterator it = outputs.begin(); it != outputs.end(); [01;36m[K++[m[Kit)
[1.972s]                                                                                               [01;36m[K^~[m[K
[2.074s] In file included from [01m[K/home/matheuswagner/repos/adaptive-cubesat-adcs/cubesat-simulation/src/concept/src/concept.cpp:1:0[m[K:
[2.075s] /home/matheuswagner/repos/adaptive-cubesat-adcs/cubesat-simulation/src/concept/src/../include/local_smartdata.h: In instantiation of ‘[01m[KLocalSmartData<Value, Transducer>::LocalSmartData(int, long unsigned int, long unsigned int, int) [with Value = float; Transducer = PluginAmperimeter][m[K’:
[2.075s] [01m[K/home/matheuswagner/repos/adaptive-cubesat-adcs/cubesat-simulation/src/concept/src/concept.cpp:13:71:[m[K   required from here
[2.075s] [01m[K/home/matheuswagner/repos/adaptive-cubesat-adcs/cubesat-simulation/src/concept/src/../include/local_smartdata.h:36:55:[m[K [01;31m[Kerror: [m[K‘[01m[Kstatic std::__cxx11::string TopicServer::serve(long unsigned int, int)[m[K’ is private within this context
[2.075s]              std::string topicName = [01;31m[KTopicServer::serve(this->transducer->UNIT, dev)[m[K;
[2.076s]                                      [01;31m[K~~~~~~~~~~~~~~~~~~^~~~~~~~~~~~~~~~~~~~~~~~~~~~~[m[K
[2.076s] In file included from [01m[K/home/matheuswagner/repos/adaptive-cubesat-adcs/cubesat-simulation/src/concept/src/../include/local_smartdata.h:8:0[m[K,
[2.076s]                  from [01m[K/home/matheuswagner/repos/adaptive-cubesat-adcs/cubesat-simulation/src/concept/src/concept.cpp:1[m[K:
[2.076s] [01m[K/home/matheuswagner/repos/adaptive-cubesat-adcs/cubesat-simulation/src/concept/src/../include/topic_server.h:9:24:[m[K [01;36m[Knote: [m[Kdeclared private here
[2.077s]      static std::string [01;36m[Kserve[m[K(unsigned long unit, int dev)
[2.077s]                         [01;36m[K^~~~~[m[K
[2.077s] In file included from [01m[K/home/matheuswagner/repos/adaptive-cubesat-adcs/cubesat-simulation/src/concept/src/concept.cpp:1:0[m[K:
[2.077s] [01m[K/home/matheuswagner/repos/adaptive-cubesat-adcs/cubesat-simulation/src/concept/src/../include/local_smartdata.h:36:74:[m[K [01;31m[Kerror: [m[K‘[01m[Kusing element_type = class PluginAmperimeter {aka class PluginAmperimeter}[m[K’ has no member named ‘[01m[KUNIT[m[K’
[2.077s]              std::string topicName = TopicServer::serve([01;31m[Kthis->transducer->UNIT[m[K, dev);
[2.077s]                                                         [01;31m[K~~~~~~~~~~~~~~~~~~^~~~[m[K
[2.078s] /home/matheuswagner/repos/adaptive-cubesat-adcs/cubesat-simulation/src/concept/src/../include/local_smartdata.h: In instantiation of ‘[01m[KLocalSmartData<Value, Transducer>::LocalSmartData(int, long unsigned int, long unsigned int, int) [with Value = float; Transducer = PluginMotorDriver][m[K’:
[2.078s] [01m[K/home/matheuswagner/repos/adaptive-cubesat-adcs/cubesat-simulation/src/concept/src/concept.cpp:20:66:[m[K   required from here
[2.078s] [01m[K/home/matheuswagner/repos/adaptive-cubesat-adcs/cubesat-simulation/src/concept/src/../include/local_smartdata.h:36:55:[m[K [01;31m[Kerror: [m[K‘[01m[Kstatic std::__cxx11::string TopicServer::serve(long unsigned int, int)[m[K’ is private within this context
[2.078s]              std::string topicName = [01;31m[KTopicServer::serve(this->transducer->UNIT, dev)[m[K;
[2.078s]                                      [01;31m[K~~~~~~~~~~~~~~~~~~^~~~~~~~~~~~~~~~~~~~~~~~~~~~~[m[K
[2.078s] In file included from [01m[K/home/matheuswagner/repos/adaptive-cubesat-adcs/cubesat-simulation/src/concept/src/../include/local_smartdata.h:8:0[m[K,
[2.078s]                  from [01m[K/home/matheuswagner/repos/adaptive-cubesat-adcs/cubesat-simulation/src/concept/src/concept.cpp:1[m[K:
[2.078s] [01m[K/home/matheuswagner/repos/adaptive-cubesat-adcs/cubesat-simulation/src/concept/src/../include/topic_server.h:9:24:[m[K [01;36m[Knote: [m[Kdeclared private here
[2.078s]      static std::string [01;36m[Kserve[m[K(unsigned long unit, int dev)
[2.078s]                         [01;36m[K^~~~~[m[K
[2.079s] In file included from [01m[K/home/matheuswagner/repos/adaptive-cubesat-adcs/cubesat-simulation/src/concept/src/concept.cpp:1:0[m[K:
[2.079s] [01m[K/home/matheuswagner/repos/adaptive-cubesat-adcs/cubesat-simulation/src/concept/src/../include/local_smartdata.h:36:74:[m[K [01;31m[Kerror: [m[K‘[01m[Kusing element_type = class PluginMotorDriver {aka class PluginMotorDriver}[m[K’ has no member named ‘[01m[KUNIT[m[K’
[2.079s]              std::string topicName = TopicServer::serve([01;31m[Kthis->transducer->UNIT[m[K, dev);
[2.079s]                                                         [01;31m[K~~~~~~~~~~~~~~~~~~^~~~[m[K
[2.856s] /home/matheuswagner/repos/adaptive-cubesat-adcs/cubesat-simulation/src/concept/src/../include/local_smartdata.h: In instantiation of ‘[01m[Kvoid LocalSmartData<Value, Transducer>::notify() [with Value = float; Transducer = PluginAmperimeter][m[K’:
[2.856s] [01m[K/home/matheuswagner/repos/adaptive-cubesat-adcs/cubesat-simulation/src/concept/src/concept.cpp:46:1:[m[K   required from here
[2.856s] [01m[K/home/matheuswagner/repos/adaptive-cubesat-adcs/cubesat-simulation/src/concept/src/../include/local_smartdata.h:67:17:[m[K [01;31m[Kerror: [m[Kno matching function for call to ‘[01m[KPluginAmperimeter::handleInterrupt()[m[K’
[2.857s]                  [01;31m[Kthis[m[K->transducer->handleInterrupt();
[2.857s]                  [01;31m[K^~~~[m[K
[2.857s] In file included from [01m[K/home/matheuswagner/repos/adaptive-cubesat-adcs/cubesat-simulation/src/concept/src/concept.cpp:3:0[m[K:
[2.857s] [01m[K/home/matheuswagner/repos/adaptive-cubesat-adcs/cubesat-simulation/src/concept/src/../include/plugin_amperimeter.h:42:14:[m[K [01;36m[Knote: [m[Kcandidate: void PluginAmperimeter::handleInterrupt(std_msgs::msg::Float32_<std::allocator<void> >::SharedPtr)
[2.858s]          void [01;36m[KhandleInterrupt[m[K(std_msgs::msg::Float32::SharedPtr message)
[2.858s]               [01;36m[K^~~~~~~~~~~~~~~[m[K
[2.858s] [01m[K/home/matheuswagner/repos/adaptive-cubesat-adcs/cubesat-simulation/src/concept/src/../include/plugin_amperimeter.h:42:14:[m[K [01;36m[Knote: [m[K  candidate expects 1 argument, 0 provided
[2.859s] In file included from [01m[K/home/matheuswagner/repos/adaptive-cubesat-adcs/cubesat-simulation/src/concept/src/../include/local_smartdata.h:5:0[m[K,
[2.859s]                  from [01m[K/home/matheuswagner/repos/adaptive-cubesat-adcs/cubesat-simulation/src/concept/src/concept.cpp:1[m[K:
[2.859s] /home/matheuswagner/repos/adaptive-cubesat-adcs/cubesat-simulation/src/concept/src/../include/transducer.h: In instantiation of ‘[01m[Kvoid Transducer<UNIT, Value>::actuate(const Value&) [with long unsigned int UNIT = 1; Value = float][m[K’:
[2.859s] [01m[K/home/matheuswagner/repos/adaptive-cubesat-adcs/cubesat-simulation/src/concept/src/concept.cpp:46:1:[m[K   required from here
[2.859s] [01m[K/home/matheuswagner/repos/adaptive-cubesat-adcs/cubesat-simulation/src/concept/src/../include/transducer.h:17:43:[m[K [01;35m[Kwarning: [m[Kunused parameter ‘[01m[Kvalue[m[K’ [[01;35m[K-Wunused-parameter[m[K]
[2.859s]          virtual void actuate(const Value &[01;35m[Kvalue[m[K){}
[2.859s]                                            [01;35m[K^~~~~[m[K
[2.900s] /home/matheuswagner/repos/adaptive-cubesat-adcs/cubesat-simulation/src/concept/src/../include/transducer.h: In instantiation of ‘[01m[KValue Transducer<UNIT, Value>::sense() [with long unsigned int UNIT = 1; Value = float][m[K’:
[2.900s] [01m[K/home/matheuswagner/repos/adaptive-cubesat-adcs/cubesat-simulation/src/concept/src/concept.cpp:46:1:[m[K   required from here
[2.900s] [01m[K/home/matheuswagner/repos/adaptive-cubesat-adcs/cubesat-simulation/src/concept/src/../include/transducer.h:16:31:[m[K [01;35m[Kwarning: [m[Kno return statement in function returning non-void [[01;35m[K-Wreturn-type[m[K]
[2.900s]          virtual Value sense(){[01;35m[K}[m[K
[2.900s]                                [01;35m[K^[m[K
[3.082s] CMakeFiles/concept.dir/build.make:81: recipe for target 'CMakeFiles/concept.dir/src/concept.cpp.o' failed
[3.083s] make[2]: *** [CMakeFiles/concept.dir/src/concept.cpp.o] Error 1
[3.083s] CMakeFiles/Makefile2:122: recipe for target 'CMakeFiles/concept.dir/all' failed
[3.083s] make[1]: *** [CMakeFiles/concept.dir/all] Error 2
[3.083s] Makefile:159: recipe for target 'all' failed
[3.084s] make: *** [all] Error 2
[3.085s] Invoked command in '/home/matheuswagner/repos/adaptive-cubesat-adcs/cubesat-simulation/build/concept' returned '2': CMAKE_PREFIX_PATH=${CMAKE_PREFIX_PATH}:/home/matheuswagner/repos/adaptive-cubesat-adcs/cubesat-simulation/install/cubesat_description:/opt/ros/dashing /usr/local/bin/cmake --build /home/matheuswagner/repos/adaptive-cubesat-adcs/cubesat-simulation/build/concept -- -j8 -l8
