[0.016s] Invoking command in '/home/matheuswagner/repos/adaptive-cubesat-adcs/cubesat-simulation/build/controller': CMAKE_PREFIX_PATH=${CMAKE_PREFIX_PATH}:/home/matheuswagner/repos/adaptive-cubesat-adcs/cubesat-simulation/install/cubesat_description:/opt/ros/foxy /usr/bin/cmake --build /home/matheuswagner/repos/adaptive-cubesat-adcs/cubesat-simulation/build/controller -- -j8 -l8
[0.071s] [35m[1mScanning dependencies of target controller[0m
[0.103s] [ 50%] [32mBuilding CXX object CMakeFiles/controller.dir/src/controller.cpp.o[0m
[0.478s] In file included from [01m[K/home/matheuswagner/repos/adaptive-cubesat-adcs/cubesat-simulation/src/controller/src/../include/smartdata.h:5[m[K,
[0.478s]                  from [01m[K/home/matheuswagner/repos/adaptive-cubesat-adcs/cubesat-simulation/src/controller/src/../include/local_smartdata.h:4[m[K,
[0.478s]                  from [01m[K/home/matheuswagner/repos/adaptive-cubesat-adcs/cubesat-simulation/src/controller/src/controller.cpp:1[m[K:
[0.478s] [01m[K/home/matheuswagner/repos/adaptive-cubesat-adcs/cubesat-simulation/src/controller/src/../include/observer.h:[m[K In member function ‘[01m[Kvirtual void Observer::notify(int)[m[K’:
[0.479s] [01m[K/home/matheuswagner/repos/adaptive-cubesat-adcs/cubesat-simulation/src/controller/src/../include/observer.h:8:33:[m[K [01;35m[Kwarning: [m[Kunused parameter ‘[01m[Kid[m[K’ [[01;35m[K-Wunused-parameter[m[K]
[0.479s]     8 |         virtual void notify([01;35m[Kint id[m[K){};
[0.479s]       |                             [01;35m[K~~~~^~[m[K
[2.754s] In file included from [01m[K/home/matheuswagner/repos/adaptive-cubesat-adcs/cubesat-simulation/src/controller/src/../include/../include/disturbance_predictor.h:8[m[K,
[2.755s]                  from [01m[K/home/matheuswagner/repos/adaptive-cubesat-adcs/cubesat-simulation/src/controller/src/../include/../include/satellite_model.h:8[m[K,
[2.755s]                  from [01m[K/home/matheuswagner/repos/adaptive-cubesat-adcs/cubesat-simulation/src/controller/src/../include/../include/feedback_linearization_controller.h:6[m[K,
[2.755s]                  from [01m[K/home/matheuswagner/repos/adaptive-cubesat-adcs/cubesat-simulation/src/controller/src/../include/../include/adaptive_controller_system.h:4[m[K,
[2.755s]                  from [01m[K/home/matheuswagner/repos/adaptive-cubesat-adcs/cubesat-simulation/src/controller/src/../include/../include/hybrid_controller.h:6[m[K,
[2.755s]                  from [01m[K/home/matheuswagner/repos/adaptive-cubesat-adcs/cubesat-simulation/src/controller/src/../include/controller_smartdata.h:11[m[K,
[2.755s]                  from [01m[K/home/matheuswagner/repos/adaptive-cubesat-adcs/cubesat-simulation/src/controller/src/controller.cpp:3[m[K:
[2.755s] [01m[K/home/matheuswagner/repos/adaptive-cubesat-adcs/cubesat-simulation/src/controller/src/../include/../include/chebyshev_polynomials.h:[m[K In static member function ‘[01m[Kstatic float ChebyshevPolynomials::T0(float)[m[K’:
[2.755s] [01m[K/home/matheuswagner/repos/adaptive-cubesat-adcs/cubesat-simulation/src/controller/src/../include/../include/chebyshev_polynomials.h:9:31:[m[K [01;35m[Kwarning: [m[Kunused parameter ‘[01m[Kx[m[K’ [[01;35m[K-Wunused-parameter[m[K]
[2.756s]     9 |         static float T0([01;35m[Kfloat x[m[K)
[2.756s]       |                         [01;35m[K~~~~~~^[m[K
[3.068s] In file included from [01m[K/home/matheuswagner/repos/adaptive-cubesat-adcs/cubesat-simulation/src/controller/src/../include/../include/feedback_linearization_controller.h:6[m[K,
[3.069s]                  from [01m[K/home/matheuswagner/repos/adaptive-cubesat-adcs/cubesat-simulation/src/controller/src/../include/../include/adaptive_controller_system.h:4[m[K,
[3.069s]                  from [01m[K/home/matheuswagner/repos/adaptive-cubesat-adcs/cubesat-simulation/src/controller/src/../include/../include/hybrid_controller.h:6[m[K,
[3.069s]                  from [01m[K/home/matheuswagner/repos/adaptive-cubesat-adcs/cubesat-simulation/src/controller/src/../include/controller_smartdata.h:11[m[K,
[3.069s]                  from [01m[K/home/matheuswagner/repos/adaptive-cubesat-adcs/cubesat-simulation/src/controller/src/controller.cpp:3[m[K:
[3.069s] [01m[K/home/matheuswagner/repos/adaptive-cubesat-adcs/cubesat-simulation/src/controller/src/../include/../include/satellite_model.h:[m[K In member function ‘[01m[Kvoid SatelliteModel::UpdateDynamicMatrix(Eigen::Matrix<float, 3, 1>, Eigen::Matrix<float, 3, 1>, Eigen::Matrix<float, 3, 1>, Eigen::Quaternion<float>)[m[K’:
[3.069s] [01m[K/home/matheuswagner/repos/adaptive-cubesat-adcs/cubesat-simulation/src/controller/src/../include/../include/satellite_model.h:25:195:[m[K [01;35m[Kwarning: [m[Kunused parameter ‘[01m[Kattitude[m[K’ [[01;35m[K-Wunused-parameter[m[K]
[3.069s]    25 | loat,3,1> slidingVariable, Eigen::Matrix<float,3,1> satelliteVelocity, Eigen::Matrix<float,3,1> reactionWheelVelocities, [01;35m[KEigen::Quaternion<float> attitude[m[K)
[3.069s]       |                                                                                                                          [01;35m[K~~~~~~~~~~~~~~~~~~~~~~~~~^~~~~~~~[m[K
[3.069s] 
[3.330s] In file included from [01m[K/home/matheuswagner/repos/adaptive-cubesat-adcs/cubesat-simulation/src/controller/src/../include/../include/feedback_linearization_controller.h:6[m[K,
[3.330s]                  from [01m[K/home/matheuswagner/repos/adaptive-cubesat-adcs/cubesat-simulation/src/controller/src/../include/../include/adaptive_controller_system.h:4[m[K,
[3.331s]                  from [01m[K/home/matheuswagner/repos/adaptive-cubesat-adcs/cubesat-simulation/src/controller/src/../include/../include/hybrid_controller.h:6[m[K,
[3.331s]                  from [01m[K/home/matheuswagner/repos/adaptive-cubesat-adcs/cubesat-simulation/src/controller/src/../include/controller_smartdata.h:11[m[K,
[3.331s]                  from [01m[K/home/matheuswagner/repos/adaptive-cubesat-adcs/cubesat-simulation/src/controller/src/controller.cpp:3[m[K:
[3.331s] [01m[K/home/matheuswagner/repos/adaptive-cubesat-adcs/cubesat-simulation/src/controller/src/../include/../include/satellite_model.h:[m[K In member function ‘[01m[KEigen::Matrix<float, 3, 1> SatelliteModel::InverseDynamicsSignal(Eigen::Matrix<float, 3, 1>, Eigen::Matrix<float, 3, 1>, Eigen::Matrix<float, 3, 1>, Eigen::Quaternion<float>)[m[K’:
[3.331s] [01m[K/home/matheuswagner/repos/adaptive-cubesat-adcs/cubesat-simulation/src/controller/src/../include/../include/satellite_model.h:120:81:[m[K [01;35m[Kwarning: [m[Kunused parameter ‘[01m[KslidingVariable[m[K’ [[01;35m[K-Wunused-parameter[m[K]
[3.331s]   120 |         Eigen::Matrix<float,3,1> InverseDynamicsSignal([01;35m[KEigen::Matrix<float,3,1> slidingVariable[m[K, Eigen::Matrix<float,3,1> satelliteVelocity, Eigen::Matrix<float,3,1> reactionWheelVelocities, Eigen::Quaternion<float> attitude)
[3.331s]       |                                                        [01;35m[K~~~~~~~~~~~~~~~~~~~~~~~~~^~~~~~~~~~~~~~~[m[K
[3.520s] In file included from [01m[K/home/matheuswagner/repos/adaptive-cubesat-adcs/cubesat-simulation/src/controller/src/../include/../include/hybrid_controller.h:6[m[K,
[3.520s]                  from [01m[K/home/matheuswagner/repos/adaptive-cubesat-adcs/cubesat-simulation/src/controller/src/../include/controller_smartdata.h:11[m[K,
[3.520s]                  from [01m[K/home/matheuswagner/repos/adaptive-cubesat-adcs/cubesat-simulation/src/controller/src/controller.cpp:3[m[K:
[3.520s] [01m[K/home/matheuswagner/repos/adaptive-cubesat-adcs/cubesat-simulation/src/controller/src/../include/../include/adaptive_controller_system.h:[m[K In constructor ‘[01m[KAdaptiveControllerControlSystem::AdaptiveControllerControlSystem(DisturbancePredictor, SatelliteModel, FeedbackLinearizationControler, bool)[m[K’:
[3.520s] [01m[K/home/matheuswagner/repos/adaptive-cubesat-adcs/cubesat-simulation/src/controller/src/../include/../include/adaptive_controller_system.h:52:89:[m[K [01;35m[Kwarning: [m[Kunused parameter ‘[01m[Kadaptive[m[K’ [[01;35m[K-Wunused-parameter[m[K]
[3.520s]    52 |                                         FeedbackLinearizationControler controller, [01;35m[Kbool adaptive[m[K)
[3.520s]       |                                                                                    [01;35m[K~~~~~^~~~~~~~[m[K
[4.284s] In file included from [01m[K/home/matheuswagner/repos/adaptive-cubesat-adcs/cubesat-simulation/src/controller/src/../include/../include/nonadaptive_control_system.h:12[m[K,
[4.285s]                  from [01m[K/home/matheuswagner/repos/adaptive-cubesat-adcs/cubesat-simulation/src/controller/src/../include/../include/hybrid_controller.h:7[m[K,
[4.285s]                  from [01m[K/home/matheuswagner/repos/adaptive-cubesat-adcs/cubesat-simulation/src/controller/src/../include/controller_smartdata.h:11[m[K,
[4.285s]                  from [01m[K/home/matheuswagner/repos/adaptive-cubesat-adcs/cubesat-simulation/src/controller/src/controller.cpp:3[m[K:
[4.285s] [01m[K/home/matheuswagner/repos/adaptive-cubesat-adcs/cubesat-simulation/src/controller/src/../include/../include/adaptive_square_root_cubature_kalman_filter.h:[m[K In member function ‘[01m[KEigen::Matrix<float, 10, 1> AdaptiveSquareRootCubatureKalmanFilter::Filter(Eigen::Matrix<float, 10, 1>, Eigen::Matrix<float, 3, 1>)[m[K’:
[4.285s] [01m[K/home/matheuswagner/repos/adaptive-cubesat-adcs/cubesat-simulation/src/controller/src/../include/../include/adaptive_square_root_cubature_kalman_filter.h:229:41:[m[K [01;35m[Kwarning: [m[Kvariable ‘[01m[KpriorPredictedErrorCovarianceNoQ[m[K’ set but not used [[01;35m[K-Wunused-but-set-variable[m[K]
[4.285s]   229 |             Eigen::Matrix<float, 10,10> [01;35m[KpriorPredictedErrorCovarianceNoQ[m[K = QRDecomposition(matrixForDecomposition);
[4.285s]       |                                         [01;35m[K^~~~~~~~~~~~~~~~~~~~~~~~~~~~~~~~[m[K
[4.371s] In file included from [01m[K/home/matheuswagner/repos/adaptive-cubesat-adcs/cubesat-simulation/src/controller/src/../include/controller_smartdata.h:11[m[K,
[4.371s]                  from [01m[K/home/matheuswagner/repos/adaptive-cubesat-adcs/cubesat-simulation/src/controller/src/controller.cpp:3[m[K:
[4.371s] [01m[K/home/matheuswagner/repos/adaptive-cubesat-adcs/cubesat-simulation/src/controller/src/../include/../include/hybrid_controller.h:[m[K At global scope:
[4.371s] [01m[K/home/matheuswagner/repos/adaptive-cubesat-adcs/cubesat-simulation/src/controller/src/../include/../include/hybrid_controller.h:14:7:[m[K [01;35m[Kwarning: [m[Kdirect base ‘[01m[KObserver[m[K’ inaccessible in ‘[01m[KHybridController[m[K’ due to ambiguity
[4.371s]    14 | class [01;35m[KHybridController[m[K : public Observer, public Controller
[4.371s]       |       [01;35m[K^~~~~~~~~~~~~~~~[m[K
[4.948s] In file included from [01m[K/home/matheuswagner/repos/adaptive-cubesat-adcs/cubesat-simulation/src/controller/src/controller.cpp:3[m[K:
[4.948s] [01m[K/home/matheuswagner/repos/adaptive-cubesat-adcs/cubesat-simulation/src/controller/src/../include/controller_smartdata.h:38:147:[m[K [01;35m[Kwarning: [m[Kextra ‘[01m[K;[m[K’ [[01;35m[K-Wpedantic[m[K]
[4.948s]    38 |         std::shared_ptr<LocalSmartData<Eigen::Quaternion<float>,PluginOrientationSensor,ControllerSmartData<HybridController,float>>> orientation;[01;35m[K;[m[K
[4.948s]       |                                                                                                                                                   [01;35m[K^[m[K
[4.948s]       |                                                                                                                                                   [31m[K-[m[K
[5.389s] In file included from [01m[K/home/matheuswagner/repos/adaptive-cubesat-adcs/cubesat-simulation/src/controller/src/../include/local_smartdata.h:4[m[K,
[5.390s]                  from [01m[K/home/matheuswagner/repos/adaptive-cubesat-adcs/cubesat-simulation/src/controller/src/controller.cpp:1[m[K:
[5.390s] /home/matheuswagner/repos/adaptive-cubesat-adcs/cubesat-simulation/src/controller/src/../include/smartdata.h: In instantiation of ‘[01m[Kvoid SmartData<Value>::setValue(Value) [with Value = Eigen::Quaternion<float>][m[K’:
[5.390s] [01m[K/home/matheuswagner/repos/adaptive-cubesat-adcs/cubesat-simulation/src/controller/src/../include/../include/plugin_orientation_sensor.h:55:50:[m[K   required from here
[5.390s] [01m[K/home/matheuswagner/repos/adaptive-cubesat-adcs/cubesat-simulation/src/controller/src/../include/smartdata.h:40:37:[m[K [01;35m[Kwarning: [m[Kunused parameter ‘[01m[Kvalue[m[K’ [[01;35m[K-Wunused-parameter[m[K]
[5.390s]    40 |         virtual void setValue([01;35m[KValue value[m[K){}
[5.390s]       |                               [01;35m[K~~~~~~^~~~~[m[K
[5.390s] /home/matheuswagner/repos/adaptive-cubesat-adcs/cubesat-simulation/src/controller/src/../include/smartdata.h: In instantiation of ‘[01m[KValue SmartData<Value>::update() [with Value = Eigen::Quaternion<float>][m[K’:
[5.390s] [01m[K/home/matheuswagner/repos/adaptive-cubesat-adcs/cubesat-simulation/src/controller/src/../include/../include/plugin_orientation_sensor.h:56:37:[m[K   required from here
[5.390s] [01m[K/home/matheuswagner/repos/adaptive-cubesat-adcs/cubesat-simulation/src/controller/src/../include/smartdata.h:38:32:[m[K [01;35m[Kwarning: [m[Kno return statement in function returning non-void [[01;35m[K-Wreturn-type[m[K]
[5.390s]    38 |         virtual Value update(){[01;35m[K}[m[K
[5.390s]       |                                [01;35m[K^[m[K
[5.395s] /home/matheuswagner/repos/adaptive-cubesat-adcs/cubesat-simulation/src/controller/src/../include/smartdata.h: In instantiation of ‘[01m[Kvoid SmartData<Value>::setValue(Value) [with Value = float][m[K’:
[5.395s] [01m[K/home/matheuswagner/repos/adaptive-cubesat-adcs/cubesat-simulation/src/controller/src/../include/../include/plugin_gyroscope.h:49:50:[m[K   required from here
[5.395s] [01m[K/home/matheuswagner/repos/adaptive-cubesat-adcs/cubesat-simulation/src/controller/src/../include/smartdata.h:40:37:[m[K [01;35m[Kwarning: [m[Kunused parameter ‘[01m[Kvalue[m[K’ [[01;35m[K-Wunused-parameter[m[K]
[5.395s]    40 |         virtual void setValue([01;35m[KValue value[m[K){}
[5.395s]       |                               [01;35m[K~~~~~~^~~~~[m[K
[5.395s] /home/matheuswagner/repos/adaptive-cubesat-adcs/cubesat-simulation/src/controller/src/../include/smartdata.h: In instantiation of ‘[01m[KValue SmartData<Value>::update() [with Value = float][m[K’:
[5.395s] [01m[K/home/matheuswagner/repos/adaptive-cubesat-adcs/cubesat-simulation/src/controller/src/../include/../include/plugin_gyroscope.h:50:37:[m[K   required from here
[5.395s] [01m[K/home/matheuswagner/repos/adaptive-cubesat-adcs/cubesat-simulation/src/controller/src/../include/smartdata.h:38:32:[m[K [01;35m[Kwarning: [m[Kno return statement in function returning non-void [[01;35m[K-Wreturn-type[m[K]
[5.395s]    38 |         virtual Value update(){[01;35m[K}[m[K
[5.395s]       |                                [01;35m[K^[m[K
[5.397s] /home/matheuswagner/repos/adaptive-cubesat-adcs/cubesat-simulation/src/controller/src/../include/smartdata.h: In instantiation of ‘[01m[KValue SmartData<Value>::value() [with Value = float][m[K’:
[5.397s] [01m[K/home/matheuswagner/repos/adaptive-cubesat-adcs/cubesat-simulation/src/controller/src/../include/../include/plugin_motor_driver.h:45:51:[m[K   required from here
[5.397s] [01m[K/home/matheuswagner/repos/adaptive-cubesat-adcs/cubesat-simulation/src/controller/src/../include/smartdata.h:36:31:[m[K [01;35m[Kwarning: [m[Kno return statement in function returning non-void [[01;35m[K-Wreturn-type[m[K]
[5.397s]    36 |         virtual Value value(){[01;35m[K}[m[K
[5.398s]       |                               [01;35m[K^[m[K
[5.490s] In file included from [01m[K/home/matheuswagner/repos/adaptive-cubesat-adcs/cubesat-simulation/src/controller/src/controller.cpp:3[m[K:
[5.491s] /home/matheuswagner/repos/adaptive-cubesat-adcs/cubesat-simulation/src/controller/src/../include/controller_smartdata.h: In instantiation of ‘[01m[KControllerSmartData<Controller, Value>::ControllerSmartData(std::shared_ptr<LocalSmartData<float, PluginGyroscope, ControllerSmartData<HybridController, float> > >, std::shared_ptr<LocalSmartData<float, PluginGyroscope, ControllerSmartData<HybridController, float> > >, std::shared_ptr<LocalSmartData<float, PluginGyroscope, ControllerSmartData<HybridController, float> > >, std::shared_ptr<LocalSmartData<float, PluginMotorVelocitySensor, ControllerSmartData<HybridController, float> > >, std::shared_ptr<LocalSmartData<float, PluginMotorVelocitySensor, ControllerSmartData<HybridController, float> > >, std::shared_ptr<LocalSmartData<float, PluginMotorVelocitySensor, ControllerSmartData<HybridController, float> > >, std::shared_ptr<LocalSmartData<Eigen::Quaternion<float>, PluginOrientationSensor, ControllerSmartData<HybridController, float> > >, std::shared_ptr<LocalSmartData<float, PluginMotorDriver, ControllerSmartData<HybridController, float> > >, std::shared_ptr<LocalSmartData<float, PluginMotorDriver, ControllerSmartData<HybridController, float> > >, std::shared_ptr<LocalSmartData<float, PluginMotorDriver, ControllerSmartData<HybridController, float> > >) [with Controller = HybridController; Value = float][m[K’:
[5.491s] [01m[K/home/matheuswagner/repos/adaptive-cubesat-adcs/cubesat-simulation/src/controller/src/controller.cpp:34:161:[m[K   required from here
[5.491s] [01m[K/home/matheuswagner/repos/adaptive-cubesat-adcs/cubesat-simulation/src/controller/src/../include/controller_smartdata.h:129:38:[m[K [01;35m[Kwarning: [m[Kvariable ‘[01m[KslidingControllerGain[m[K’ set but not used [[01;35m[K-Wunused-but-set-variable[m[K]
[5.491s]   129 |             Eigen::Matrix<float,3,3> [01;35m[KslidingControllerGain[m[K  = 2.22e-4*Eigen::Matrix<float,3,3>::Identity();
[5.491s]       |                                      [01;35m[K^~~~~~~~~~~~~~~~~~~~~[m[K
[5.491s] [01m[K/home/matheuswagner/repos/adaptive-cubesat-adcs/cubesat-simulation/src/controller/src/../include/controller_smartdata.h:160:38:[m[K [01;35m[Kwarning: [m[Kvariable ‘[01m[Knoise[m[K’ set but not used [[01;35m[K-Wunused-but-set-variable[m[K]
[5.491s]   160 |             Eigen::Matrix<float,3,1> [01;35m[Knoise[m[K = Eigen::Matrix<float,3,1>::Random();
[5.491s]       |                                      [01;35m[K^~~~~[m[K
[25.862s] /home/matheuswagner/repos/adaptive-cubesat-adcs/cubesat-simulation/src/controller/src/../include/controller_smartdata.h: In instantiation of ‘[01m[Kfloat ControllerSmartData<Controller, Value>::update() [with Controller = HybridController; Value = float][m[K’:
[25.862s] [01m[K/home/matheuswagner/repos/adaptive-cubesat-adcs/cubesat-simulation/src/controller/src/../include/controller_smartdata.h:174:15:[m[K   required from here
[25.863s] [01m[K/home/matheuswagner/repos/adaptive-cubesat-adcs/cubesat-simulation/src/controller/src/../include/controller_smartdata.h:176:29:[m[K [01;35m[Kwarning: [m[Kcomparison of integer expressions of different signedness: ‘[01m[Kint[m[K’ and ‘[01m[Kstd::vector<bool, std::allocator<bool> >::size_type[m[K’ {aka ‘[01m[Klong unsigned int[m[K’} [[01;35m[K-Wsign-compare[m[K]
[25.863s]   176 |             for(int i = 0; [01;35m[Ki<this->freshnessList.size()[m[K; i++)
[25.863s]       |                            [01;35m[K~^~~~~~~~~~~~~~~~~~~~~~~~~~~[m[K
[25.864s] [01m[K/home/matheuswagner/repos/adaptive-cubesat-adcs/cubesat-simulation/src/controller/src/../include/controller_smartdata.h:191:13:[m[K [01;31m[Kerror: [m[Kno matching function for call to ‘[01m[KHybridController::UpdateControlSignal(Eigen::Matrix<float, 3, 1>&, Eigen::Matrix<float, 3, 1>&, Eigen::Quaternion<float>&)[m[K’
[25.864s]   191 |             [01;31m[Kthis[m[K->controller->UpdateControlSignal(satelliteVelocity, reactionWheelVelocities, attitude);
[25.864s]       |             [01;31m[K^~~~[m[K
[25.864s] In file included from [01m[K/home/matheuswagner/repos/adaptive-cubesat-adcs/cubesat-simulation/src/controller/src/../include/controller_smartdata.h:11[m[K,
[25.864s]                  from [01m[K/home/matheuswagner/repos/adaptive-cubesat-adcs/cubesat-simulation/src/controller/src/controller.cpp:3[m[K:
[25.864s] [01m[K/home/matheuswagner/repos/adaptive-cubesat-adcs/cubesat-simulation/src/controller/src/../include/../include/hybrid_controller.h:51:14:[m[K [01;36m[Knote: [m[Kcandidate: ‘[01m[Kvoid HybridController::UpdateControlSignal(float, float, float, float, float, float, Eigen::Quaternion<float>)[m[K’
[25.864s]    51 |         void [01;36m[KUpdateControlSignal[m[K(float satelliteVelocityX, float satelliteVelocityY, float satelliteVelocityZ,
[25.864s]       |              [01;36m[K^~~~~~~~~~~~~~~~~~~[m[K
[25.864s] [01m[K/home/matheuswagner/repos/adaptive-cubesat-adcs/cubesat-simulation/src/controller/src/../include/../include/hybrid_controller.h:51:14:[m[K [01;36m[Knote: [m[K  candidate expects 7 arguments, 3 provided
[25.865s] In file included from [01m[K/home/matheuswagner/repos/adaptive-cubesat-adcs/cubesat-simulation/src/controller/src/controller.cpp:3[m[K:
[25.865s] /home/matheuswagner/repos/adaptive-cubesat-adcs/cubesat-simulation/src/controller/src/../include/controller_smartdata.h: In instantiation of ‘[01m[Kvoid ControllerSmartData<Controller, Value>::notify(int) [with Controller = HybridController; Value = float][m[K’:
[25.865s] [01m[K/home/matheuswagner/repos/adaptive-cubesat-adcs/cubesat-simulation/src/controller/src/../include/controller_smartdata.h:221:14:[m[K   required from here
[25.865s] [01m[K/home/matheuswagner/repos/adaptive-cubesat-adcs/cubesat-simulation/src/controller/src/../include/controller_smartdata.h:232:29:[m[K [01;35m[Kwarning: [m[Kcomparison of integer expressions of different signedness: ‘[01m[Kint[m[K’ and ‘[01m[Kstd::vector<bool, std::allocator<bool> >::size_type[m[K’ {aka ‘[01m[Klong unsigned int[m[K’} [[01;35m[K-Wsign-compare[m[K]
[25.866s]   232 |             for(int i = 0; [01;35m[Ki<this->freshnessList.size()[m[K; i++)
[25.866s]       |                            [01;35m[K~^~~~~~~~~~~~~~~~~~~~~~~~~~~[m[K
[25.866s] [01m[K/home/matheuswagner/repos/adaptive-cubesat-adcs/cubesat-simulation/src/controller/src/../include/controller_smartdata.h:246:29:[m[K [01;35m[Kwarning: [m[Kcomparison of integer expressions of different signedness: ‘[01m[Kint[m[K’ and ‘[01m[Kstd::vector<bool, std::allocator<bool> >::size_type[m[K’ {aka ‘[01m[Klong unsigned int[m[K’} [[01;35m[K-Wsign-compare[m[K]
[25.866s]   246 |             for(int i = 0; [01;35m[Ki<this->driveFreshnessList.size()[m[K; i++)
[25.866s]       |                            [01;35m[K~^~~~~~~~~~~~~~~~~~~~~~~~~~~~~~~~[m[K
[25.866s] In file included from [01m[K/home/matheuswagner/repos/adaptive-cubesat-adcs/cubesat-simulation/src/controller/src/../include/smartdata.h:7[m[K,
[25.866s]                  from [01m[K/home/matheuswagner/repos/adaptive-cubesat-adcs/cubesat-simulation/src/controller/src/../include/local_smartdata.h:4[m[K,
[25.867s]                  from [01m[K/home/matheuswagner/repos/adaptive-cubesat-adcs/cubesat-simulation/src/controller/src/controller.cpp:1[m[K:
[25.867s] /home/matheuswagner/repos/adaptive-cubesat-adcs/cubesat-simulation/src/controller/src/../include/transducer.h: In instantiation of ‘[01m[Kvoid Transducer<UNIT, Value>::actuate(const Value&) [with long unsigned int UNIT = 2; Value = float][m[K’:
[25.867s] [01m[K/home/matheuswagner/repos/adaptive-cubesat-adcs/cubesat-simulation/src/controller/src/../include/transducer.h:17:22:[m[K   required from here
[25.867s] [01m[K/home/matheuswagner/repos/adaptive-cubesat-adcs/cubesat-simulation/src/controller/src/../include/transducer.h:17:43:[m[K [01;35m[Kwarning: [m[Kunused parameter ‘[01m[Kvalue[m[K’ [[01;35m[K-Wunused-parameter[m[K]
[25.867s]    17 |         virtual void actuate([01;35m[Kconst Value &value[m[K){}
[25.867s]       |                              [01;35m[K~~~~~~~~~~~~~^~~~~[m[K
[25.867s] /home/matheuswagner/repos/adaptive-cubesat-adcs/cubesat-simulation/src/controller/src/../include/transducer.h: In instantiation of ‘[01m[KValue Transducer<UNIT, Value>::sense() [with long unsigned int UNIT = 2; Value = float][m[K’:
[25.867s] [01m[K/home/matheuswagner/repos/adaptive-cubesat-adcs/cubesat-simulation/src/controller/src/../include/transducer.h:16:23:[m[K   required from here
[25.867s] [01m[K/home/matheuswagner/repos/adaptive-cubesat-adcs/cubesat-simulation/src/controller/src/../include/transducer.h:16:31:[m[K [01;35m[Kwarning: [m[Kno return statement in function returning non-void [[01;35m[K-Wreturn-type[m[K]
[25.867s]    16 |         virtual Value sense(){[01;35m[K}[m[K
[25.867s]       |                               [01;35m[K^[m[K
[25.867s] /home/matheuswagner/repos/adaptive-cubesat-adcs/cubesat-simulation/src/controller/src/../include/transducer.h: In instantiation of ‘[01m[Kvoid Transducer<UNIT, Value>::actuate(const Value&) [with long unsigned int UNIT = 3; Value = float][m[K’:
[25.867s] [01m[K/home/matheuswagner/repos/adaptive-cubesat-adcs/cubesat-simulation/src/controller/src/../include/transducer.h:17:22:[m[K   required from here
[25.868s] [01m[K/home/matheuswagner/repos/adaptive-cubesat-adcs/cubesat-simulation/src/controller/src/../include/transducer.h:17:43:[m[K [01;35m[Kwarning: [m[Kunused parameter ‘[01m[Kvalue[m[K’ [[01;35m[K-Wunused-parameter[m[K]
[25.868s]    17 |         virtual void actuate([01;35m[Kconst Value &value[m[K){}
[25.868s]       |                              [01;35m[K~~~~~~~~~~~~~^~~~~[m[K
[25.873s] /home/matheuswagner/repos/adaptive-cubesat-adcs/cubesat-simulation/src/controller/src/../include/transducer.h: In instantiation of ‘[01m[KValue Transducer<UNIT, Value>::sense() [with long unsigned int UNIT = 3; Value = float][m[K’:
[25.873s] [01m[K/home/matheuswagner/repos/adaptive-cubesat-adcs/cubesat-simulation/src/controller/src/../include/transducer.h:16:23:[m[K   required from here
[25.873s] [01m[K/home/matheuswagner/repos/adaptive-cubesat-adcs/cubesat-simulation/src/controller/src/../include/transducer.h:16:31:[m[K [01;35m[Kwarning: [m[Kno return statement in function returning non-void [[01;35m[K-Wreturn-type[m[K]
[25.873s]    16 |         virtual Value sense(){[01;35m[K}[m[K
[25.873s]       |                               [01;35m[K^[m[K
[25.873s] In file included from [01m[K/home/matheuswagner/repos/adaptive-cubesat-adcs/cubesat-simulation/src/controller/src/../include/local_smartdata.h:4[m[K,
[25.873s]                  from [01m[K/home/matheuswagner/repos/adaptive-cubesat-adcs/cubesat-simulation/src/controller/src/controller.cpp:1[m[K:
[25.873s] /home/matheuswagner/repos/adaptive-cubesat-adcs/cubesat-simulation/src/controller/src/../include/smartdata.h: In instantiation of ‘[01m[KValue SmartData<Value>::value() [with Value = Eigen::Quaternion<float>][m[K’:
[25.873s] [01m[K/home/matheuswagner/repos/adaptive-cubesat-adcs/cubesat-simulation/src/controller/src/../include/smartdata.h:36:23:[m[K   required from here
[25.873s] [01m[K/home/matheuswagner/repos/adaptive-cubesat-adcs/cubesat-simulation/src/controller/src/../include/smartdata.h:36:31:[m[K [01;35m[Kwarning: [m[Kno return statement in function returning non-void [[01;35m[K-Wreturn-type[m[K]
[25.873s]    36 |         virtual Value value(){[01;35m[K}[m[K
[25.873s]       |                               [01;35m[K^[m[K
[25.874s] In file included from [01m[K/home/matheuswagner/repos/adaptive-cubesat-adcs/cubesat-simulation/src/controller/src/../include/smartdata.h:7[m[K,
[25.874s]                  from [01m[K/home/matheuswagner/repos/adaptive-cubesat-adcs/cubesat-simulation/src/controller/src/../include/local_smartdata.h:4[m[K,
[25.874s]                  from [01m[K/home/matheuswagner/repos/adaptive-cubesat-adcs/cubesat-simulation/src/controller/src/controller.cpp:1[m[K:
[25.874s] /home/matheuswagner/repos/adaptive-cubesat-adcs/cubesat-simulation/src/controller/src/../include/transducer.h: In instantiation of ‘[01m[Kvoid Transducer<UNIT, Value>::actuate(const Value&) [with long unsigned int UNIT = 4; Value = Eigen::Quaternion<float>][m[K’:
[25.874s] [01m[K/home/matheuswagner/repos/adaptive-cubesat-adcs/cubesat-simulation/src/controller/src/../include/transducer.h:17:22:[m[K   required from here
[25.874s] [01m[K/home/matheuswagner/repos/adaptive-cubesat-adcs/cubesat-simulation/src/controller/src/../include/transducer.h:17:43:[m[K [01;35m[Kwarning: [m[Kunused parameter ‘[01m[Kvalue[m[K’ [[01;35m[K-Wunused-parameter[m[K]
[25.874s]    17 |         virtual void actuate([01;35m[Kconst Value &value[m[K){}
[25.874s]       |                              [01;35m[K~~~~~~~~~~~~~^~~~~[m[K
[25.876s] /home/matheuswagner/repos/adaptive-cubesat-adcs/cubesat-simulation/src/controller/src/../include/transducer.h: In instantiation of ‘[01m[KValue Transducer<UNIT, Value>::sense() [with long unsigned int UNIT = 4; Value = Eigen::Quaternion<float>][m[K’:
[25.876s] [01m[K/home/matheuswagner/repos/adaptive-cubesat-adcs/cubesat-simulation/src/controller/src/../include/transducer.h:16:23:[m[K   required from here
[25.876s] [01m[K/home/matheuswagner/repos/adaptive-cubesat-adcs/cubesat-simulation/src/controller/src/../include/transducer.h:16:31:[m[K [01;35m[Kwarning: [m[Kno return statement in function returning non-void [[01;35m[K-Wreturn-type[m[K]
[25.876s]    16 |         virtual Value sense(){[01;35m[K}[m[K
[25.876s]       |                               [01;35m[K^[m[K
[26.912s] make[2]: *** [CMakeFiles/controller.dir/build.make:63: CMakeFiles/controller.dir/src/controller.cpp.o] Error 1
[26.912s] make[1]: *** [CMakeFiles/Makefile2:78: CMakeFiles/controller.dir/all] Error 2
[26.913s] make: *** [Makefile:141: all] Error 2
[26.915s] Invoked command in '/home/matheuswagner/repos/adaptive-cubesat-adcs/cubesat-simulation/build/controller' returned '2': CMAKE_PREFIX_PATH=${CMAKE_PREFIX_PATH}:/home/matheuswagner/repos/adaptive-cubesat-adcs/cubesat-simulation/install/cubesat_description:/opt/ros/foxy /usr/bin/cmake --build /home/matheuswagner/repos/adaptive-cubesat-adcs/cubesat-simulation/build/controller -- -j8 -l8
