[0.017s] Invoking command in '/home/matheuswagner/repos/adaptive-cubesat-adcs/cubesat-simulation/build/controller': CMAKE_PREFIX_PATH=${CMAKE_PREFIX_PATH}:/home/matheuswagner/repos/adaptive-cubesat-adcs/cubesat-simulation/install/cubesat_description:/opt/ros/foxy /usr/bin/cmake --build /home/matheuswagner/repos/adaptive-cubesat-adcs/cubesat-simulation/build/controller -- -j8 -l8
[0.074s] [35m[1mScanning dependencies of target controller[0m
[0.103s] [ 50%] [32mBuilding CXX object CMakeFiles/controller.dir/src/controller.cpp.o[0m
[0.448s] In file included from [01m[K/home/matheuswagner/repos/adaptive-cubesat-adcs/cubesat-simulation/src/controller/src/../include/smartdata.h:5[m[K,
[0.449s]                  from [01m[K/home/matheuswagner/repos/adaptive-cubesat-adcs/cubesat-simulation/src/controller/src/../include/local_smartdata.h:4[m[K,
[0.449s]                  from [01m[K/home/matheuswagner/repos/adaptive-cubesat-adcs/cubesat-simulation/src/controller/src/controller.cpp:1[m[K:
[0.449s] [01m[K/home/matheuswagner/repos/adaptive-cubesat-adcs/cubesat-simulation/src/controller/src/../include/observer.h:[m[K In member function ‘[01m[Kvirtual void Observer::notify(int)[m[K’:
[0.449s] [01m[K/home/matheuswagner/repos/adaptive-cubesat-adcs/cubesat-simulation/src/controller/src/../include/observer.h:8:33:[m[K [01;35m[Kwarning: [m[Kunused parameter ‘[01m[Kid[m[K’ [[01;35m[K-Wunused-parameter[m[K]
[0.449s]     8 |         virtual void notify([01;35m[Kint id[m[K){};
[0.449s]       |                             [01;35m[K~~~~^~[m[K
[2.570s] [01m[K/home/matheuswagner/repos/adaptive-cubesat-adcs/cubesat-simulation/src/controller/src/controller.cpp:[m[K In function ‘[01m[Kint main(int, char**)[m[K’:
[2.570s] [01m[K/home/matheuswagner/repos/adaptive-cubesat-adcs/cubesat-simulation/src/controller/src/controller.cpp:20:184:[m[K [01;31m[Kerror: [m[Kconversion from ‘[01m[Kshared_ptr<LocalSmartData<[...],[01;32m[KEigen::Quaternion<float>[m[K>>[m[K’ to non-scalar type ‘[01m[Kshared_ptr<LocalSmartData<[...],[01;32m[KPluginOrientationSensor[m[K>>[m[K’ requested
[2.571s]    20 | :Quaternion<float>,PluginOrientationSensor>> orientation = [01;31m[Kstd::make_shared<LocalSmartData<Eigen::Quaternion<float>,Eigen::Quaternion<float>>>(1, 7, 7, 1)[m[K;
[2.571s]       |                                                            [01;31m[K~~~~~~~~~~~~~~~~~~~~~~~~~~~~~~~~~~~~~~~~~~~~~~~~~~~~~~~~~~~~~~~~~~~~~~~~~~~~~~~~~~~^~~~~~~~~~~~[m[K
[2.571s] 
[2.669s] In file included from [01m[K/home/matheuswagner/repos/adaptive-cubesat-adcs/cubesat-simulation/src/controller/src/../include/local_smartdata.h:4[m[K,
[2.670s]                  from [01m[K/home/matheuswagner/repos/adaptive-cubesat-adcs/cubesat-simulation/src/controller/src/controller.cpp:1[m[K:
[2.670s] /home/matheuswagner/repos/adaptive-cubesat-adcs/cubesat-simulation/src/controller/src/../include/smartdata.h: In instantiation of ‘[01m[Kvoid SmartData<Value>::setValue(Value) [with Value = Eigen::Quaternion<float>][m[K’:
[2.670s] [01m[K/home/matheuswagner/repos/adaptive-cubesat-adcs/cubesat-simulation/src/controller/src/../include/plugin_orientation_sensor.h:53:50:[m[K   required from here
[2.670s] [01m[K/home/matheuswagner/repos/adaptive-cubesat-adcs/cubesat-simulation/src/controller/src/../include/smartdata.h:40:37:[m[K [01;35m[Kwarning: [m[Kunused parameter ‘[01m[Kvalue[m[K’ [[01;35m[K-Wunused-parameter[m[K]
[2.670s]    40 |         virtual void setValue([01;35m[KValue value[m[K){}
[2.670s]       |                               [01;35m[K~~~~~~^~~~~[m[K
[2.670s] /home/matheuswagner/repos/adaptive-cubesat-adcs/cubesat-simulation/src/controller/src/../include/smartdata.h: In instantiation of ‘[01m[KValue SmartData<Value>::update() [with Value = Eigen::Quaternion<float>][m[K’:
[2.671s] [01m[K/home/matheuswagner/repos/adaptive-cubesat-adcs/cubesat-simulation/src/controller/src/../include/plugin_orientation_sensor.h:54:37:[m[K   required from here
[2.671s] [01m[K/home/matheuswagner/repos/adaptive-cubesat-adcs/cubesat-simulation/src/controller/src/../include/smartdata.h:38:32:[m[K [01;35m[Kwarning: [m[Kno return statement in function returning non-void [[01;35m[K-Wreturn-type[m[K]
[2.671s]    38 |         virtual Value update(){[01;35m[K}[m[K
[2.671s]       |                                [01;35m[K^[m[K
[2.675s] /home/matheuswagner/repos/adaptive-cubesat-adcs/cubesat-simulation/src/controller/src/../include/smartdata.h: In instantiation of ‘[01m[Kvoid SmartData<Value>::setValue(Value) [with Value = float][m[K’:
[2.675s] [01m[K/home/matheuswagner/repos/adaptive-cubesat-adcs/cubesat-simulation/src/controller/src/../include/plugin_gyroscope.h:48:50:[m[K   required from here
[2.675s] [01m[K/home/matheuswagner/repos/adaptive-cubesat-adcs/cubesat-simulation/src/controller/src/../include/smartdata.h:40:37:[m[K [01;35m[Kwarning: [m[Kunused parameter ‘[01m[Kvalue[m[K’ [[01;35m[K-Wunused-parameter[m[K]
[2.675s]    40 |         virtual void setValue([01;35m[KValue value[m[K){}
[2.676s]       |                               [01;35m[K~~~~~~^~~~~[m[K
[2.676s] /home/matheuswagner/repos/adaptive-cubesat-adcs/cubesat-simulation/src/controller/src/../include/smartdata.h: In instantiation of ‘[01m[KValue SmartData<Value>::update() [with Value = float][m[K’:
[2.676s] [01m[K/home/matheuswagner/repos/adaptive-cubesat-adcs/cubesat-simulation/src/controller/src/../include/plugin_gyroscope.h:49:37:[m[K   required from here
[2.676s] [01m[K/home/matheuswagner/repos/adaptive-cubesat-adcs/cubesat-simulation/src/controller/src/../include/smartdata.h:38:32:[m[K [01;35m[Kwarning: [m[Kno return statement in function returning non-void [[01;35m[K-Wreturn-type[m[K]
[2.676s]    38 |         virtual Value update(){[01;35m[K}[m[K
[2.676s]       |                                [01;35m[K^[m[K
[2.678s] /home/matheuswagner/repos/adaptive-cubesat-adcs/cubesat-simulation/src/controller/src/../include/smartdata.h: In instantiation of ‘[01m[KValue SmartData<Value>::value() [with Value = float][m[K’:
[2.678s] [01m[K/home/matheuswagner/repos/adaptive-cubesat-adcs/cubesat-simulation/src/controller/src/../include/plugin_motor_driver.h:45:51:[m[K   required from here
[2.678s] [01m[K/home/matheuswagner/repos/adaptive-cubesat-adcs/cubesat-simulation/src/controller/src/../include/smartdata.h:36:31:[m[K [01;35m[Kwarning: [m[Kno return statement in function returning non-void [[01;35m[K-Wreturn-type[m[K]
[2.678s]    36 |         virtual Value value(){[01;35m[K}[m[K
[2.679s]       |                               [01;35m[K^[m[K
[3.474s] In file included from [01m[K/home/matheuswagner/repos/adaptive-cubesat-adcs/cubesat-simulation/src/controller/src/controller.cpp:1[m[K:
[3.475s] /home/matheuswagner/repos/adaptive-cubesat-adcs/cubesat-simulation/src/controller/src/../include/local_smartdata.h: In instantiation of ‘[01m[KLocalSmartData<Value, Transducer>::LocalSmartData(int, long unsigned int, long unsigned int, int) [with Value = Eigen::Quaternion<float>; Transducer = Eigen::Quaternion<float>][m[K’:
[3.475s] [01m[K/usr/include/c++/9/ext/new_allocator.h:146:4:[m[K   required from ‘[01m[Kvoid __gnu_cxx::new_allocator<_Tp>::construct(_Up*, _Args&& ...) [with _Up = LocalSmartData<Eigen::Quaternion<float>, Eigen::Quaternion<float> >; _Args = {int, int, int, int}; _Tp = LocalSmartData<Eigen::Quaternion<float>, Eigen::Quaternion<float> >][m[K’
[3.475s] [01m[K/usr/include/c++/9/bits/alloc_traits.h:483:4:[m[K   required from ‘[01m[Kstatic void std::allocator_traits<std::allocator<_Tp1> >::construct(std::allocator_traits<std::allocator<_Tp1> >::allocator_type&, _Up*, _Args&& ...) [with _Up = LocalSmartData<Eigen::Quaternion<float>, Eigen::Quaternion<float> >; _Args = {int, int, int, int}; _Tp = LocalSmartData<Eigen::Quaternion<float>, Eigen::Quaternion<float> >; std::allocator_traits<std::allocator<_Tp1> >::allocator_type = std::allocator<LocalSmartData<Eigen::Quaternion<float>, Eigen::Quaternion<float> > >][m[K’
[3.475s] [01m[K/usr/include/c++/9/bits/shared_ptr_base.h:548:39:[m[K   required from ‘[01m[Kstd::_Sp_counted_ptr_inplace<_Tp, _Alloc, _Lp>::_Sp_counted_ptr_inplace(_Alloc, _Args&& ...) [with _Args = {int, int, int, int}; _Tp = LocalSmartData<Eigen::Quaternion<float>, Eigen::Quaternion<float> >; _Alloc = std::allocator<LocalSmartData<Eigen::Quaternion<float>, Eigen::Quaternion<float> > >; __gnu_cxx::_Lock_policy _Lp = __gnu_cxx::_S_atomic][m[K’
[3.476s] [01m[K/usr/include/c++/9/bits/shared_ptr_base.h:679:16:[m[K   required from ‘[01m[Kstd::__shared_count<_Lp>::__shared_count(_Tp*&, std::_Sp_alloc_shared_tag<_Alloc>, _Args&& ...) [with _Tp = LocalSmartData<Eigen::Quaternion<float>, Eigen::Quaternion<float> >; _Alloc = std::allocator<LocalSmartData<Eigen::Quaternion<float>, Eigen::Quaternion<float> > >; _Args = {int, int, int, int}; __gnu_cxx::_Lock_policy _Lp = __gnu_cxx::_S_atomic][m[K’
[3.476s] [01m[K/usr/include/c++/9/bits/shared_ptr_base.h:1344:71:[m[K   required from ‘[01m[Kstd::__shared_ptr<_Tp, _Lp>::__shared_ptr(std::_Sp_alloc_shared_tag<_Tp>, _Args&& ...) [with _Alloc = std::allocator<LocalSmartData<Eigen::Quaternion<float>, Eigen::Quaternion<float> > >; _Args = {int, int, int, int}; _Tp = LocalSmartData<Eigen::Quaternion<float>, Eigen::Quaternion<float> >; __gnu_cxx::_Lock_policy _Lp = __gnu_cxx::_S_atomic][m[K’
[3.476s] [01m[K/usr/include/c++/9/bits/shared_ptr.h:359:59:[m[K   required from ‘[01m[Kstd::shared_ptr<_Tp>::shared_ptr(std::_Sp_alloc_shared_tag<_Tp>, _Args&& ...) [with _Alloc = std::allocator<LocalSmartData<Eigen::Quaternion<float>, Eigen::Quaternion<float> > >; _Args = {int, int, int, int}; _Tp = LocalSmartData<Eigen::Quaternion<float>, Eigen::Quaternion<float> >][m[K’
[3.476s] [01m[K/usr/include/c++/9/bits/shared_ptr.h:701:14:[m[K   required from ‘[01m[Kstd::shared_ptr<_Tp> std::allocate_shared(const _Alloc&, _Args&& ...) [with _Tp = LocalSmartData<Eigen::Quaternion<float>, Eigen::Quaternion<float> >; _Alloc = std::allocator<LocalSmartData<Eigen::Quaternion<float>, Eigen::Quaternion<float> > >; _Args = {int, int, int, int}][m[K’
[3.476s] [01m[K/usr/include/c++/9/bits/shared_ptr.h:717:39:[m[K   required from ‘[01m[Kstd::shared_ptr<_Tp> std::make_shared(_Args&& ...) [with _Tp = LocalSmartData<Eigen::Quaternion<float>, Eigen::Quaternion<float> >; _Args = {int, int, int, int}][m[K’
[3.477s] [01m[K/home/matheuswagner/repos/adaptive-cubesat-adcs/cubesat-simulation/src/controller/src/controller.cpp:20:195:[m[K   required from here
[3.477s] [01m[K/home/matheuswagner/repos/adaptive-cubesat-adcs/cubesat-simulation/src/controller/src/../include/local_smartdata.h:46:74:[m[K [01;31m[Kerror: [m[K‘[01m[Kusing element_type = class Eigen::Quaternion<float>[m[K’ {aka ‘[01m[Kclass Eigen::Quaternion<float>[m[K’} has no member named ‘[01m[Kunit[m[K’
[3.477s]    46 |             std::string topicName = TopicServer::serve([01;31m[Kthis->transducer->unit[m[K, dev);
[3.477s]       |                                                        [01;31m[K~~~~~~~~~~~~~~~~~~^~~~[m[K
[3.477s] [01m[K/home/matheuswagner/repos/adaptive-cubesat-adcs/cubesat-simulation/src/controller/src/../include/local_smartdata.h:47:76:[m[K [01;31m[Kerror: [m[K‘[01m[Kusing element_type = class Eigen::Quaternion<float>[m[K’ {aka ‘[01m[Kclass Eigen::Quaternion<float>[m[K’} has no member named ‘[01m[Kunit[m[K’
[3.477s]    47 |             std::string nodeName = NodeNameServer::serve([01;31m[Kthis->transducer->unit[m[K, dev);
[3.477s]       |                                                          [01;31m[K~~~~~~~~~~~~~~~~~~^~~~[m[K
[3.478s] In file included from [01m[K/opt/ros/foxy/include/rclcpp/service.hpp:34[m[K,
[3.478s]                  from [01m[K/opt/ros/foxy/include/rclcpp/callback_group.hpp:25[m[K,
[3.478s]                  from [01m[K/opt/ros/foxy/include/rclcpp/any_executable.hpp:20[m[K,
[3.478s]                  from [01m[K/opt/ros/foxy/include/rclcpp/memory_strategy.hpp:24[m[K,
[3.478s]                  from [01m[K/opt/ros/foxy/include/rclcpp/memory_strategies.hpp:18[m[K,
[3.478s]                  from [01m[K/opt/ros/foxy/include/rclcpp/executor_options.hpp:20[m[K,
[3.479s]                  from [01m[K/opt/ros/foxy/include/rclcpp/executor.hpp:33[m[K,
[3.479s]                  from [01m[K/opt/ros/foxy/include/rclcpp/executors/multi_threaded_executor.hpp:26[m[K,
[3.479s]                  from [01m[K/opt/ros/foxy/include/rclcpp/executors.hpp:21[m[K,
[3.479s]                  from [01m[K/opt/ros/foxy/include/rclcpp/rclcpp.hpp:146[m[K,
[3.479s]                  from [01m[K/home/matheuswagner/repos/adaptive-cubesat-adcs/cubesat-simulation/src/controller/src/../include/local_smartdata.h:7[m[K,
[3.479s]                  from [01m[K/home/matheuswagner/repos/adaptive-cubesat-adcs/cubesat-simulation/src/controller/src/controller.cpp:1[m[K:
[3.479s] [01m[K/home/matheuswagner/repos/adaptive-cubesat-adcs/cubesat-simulation/src/controller/src/../include/local_smartdata.h:50:43:[m[K [01;31m[Kerror: [m[K‘[01m[Kusing element_type = class Eigen::Quaternion<float>[m[K’ {aka ‘[01m[Kclass Eigen::Quaternion<float>[m[K’} has no member named ‘[01m[Kget_logger[m[K’
[3.480s]    50 |             RCLCPP_INFO([01;31m[Kthis->transducer->get_logger[m[K(), "I'm being created with the name: " + nodeName);
[3.480s]       |                         [01;31m[K~~~~~~~~~~~~~~~~~~^~~~~~~~~~[m[K
[3.480s] In file included from [01m[K/opt/ros/foxy/include/rclcpp/client.hpp:40[m[K,
[3.480s]                  from [01m[K/opt/ros/foxy/include/rclcpp/callback_group.hpp:23[m[K,
[3.480s]                  from [01m[K/opt/ros/foxy/include/rclcpp/any_executable.hpp:20[m[K,
[3.480s]                  from [01m[K/opt/ros/foxy/include/rclcpp/memory_strategy.hpp:24[m[K,
[3.481s]                  from [01m[K/opt/ros/foxy/include/rclcpp/memory_strategies.hpp:18[m[K,
[3.481s]                  from [01m[K/opt/ros/foxy/include/rclcpp/executor_options.hpp:20[m[K,
[3.481s]                  from [01m[K/opt/ros/foxy/include/rclcpp/executor.hpp:33[m[K,
[3.481s]                  from [01m[K/opt/ros/foxy/include/rclcpp/executors/multi_threaded_executor.hpp:26[m[K,
[3.481s]                  from [01m[K/opt/ros/foxy/include/rclcpp/executors.hpp:21[m[K,
[3.481s]                  from [01m[K/opt/ros/foxy/include/rclcpp/rclcpp.hpp:146[m[K,
[3.481s]                  from [01m[K/home/matheuswagner/repos/adaptive-cubesat-adcs/cubesat-simulation/src/controller/src/../include/local_smartdata.h:7[m[K,
[3.482s]                  from [01m[K/home/matheuswagner/repos/adaptive-cubesat-adcs/cubesat-simulation/src/controller/src/controller.cpp:1[m[K:
[3.482s] [01m[K/home/matheuswagner/repos/adaptive-cubesat-adcs/cubesat-simulation/src/controller/src/../include/local_smartdata.h:50:43:[m[K [01;31m[Kerror: [m[K‘[01m[Kusing element_type = class Eigen::Quaternion<float>[m[K’ {aka ‘[01m[Kclass Eigen::Quaternion<float>[m[K’} has no member named ‘[01m[Kget_logger[m[K’
[3.482s]    50 |             RCLCPP_INFO([01;31m[Kthis->transducer->get_logger[m[K(), "I'm being created with the name: " + nodeName);
[3.482s]       |                         [01;31m[K~~~~~~~~~~~~~~~~~~^~~~~~~~~~[m[K
[3.482s] [01m[K/home/matheuswagner/repos/adaptive-cubesat-adcs/cubesat-simulation/src/controller/src/../include/local_smartdata.h:50:43:[m[K [01;31m[Kerror: [m[K‘[01m[Kusing element_type = class Eigen::Quaternion<float>[m[K’ {aka ‘[01m[Kclass Eigen::Quaternion<float>[m[K’} has no member named ‘[01m[Kget_logger[m[K’
[3.482s]    50 |             RCLCPP_INFO([01;31m[Kthis->transducer->get_logger[m[K(), "I'm being created with the name: " + nodeName);
[3.483s]       |                         [01;31m[K~~~~~~~~~~~~~~~~~~^~~~~~~~~~[m[K
[3.483s] In file included from [01m[K/home/matheuswagner/repos/adaptive-cubesat-adcs/cubesat-simulation/src/controller/src/controller.cpp:1[m[K:
[3.483s] [01m[K/home/matheuswagner/repos/adaptive-cubesat-adcs/cubesat-simulation/src/controller/src/../include/local_smartdata.h:51:31:[m[K [01;31m[Kerror: [m[K‘[01m[Kusing element_type = class Eigen::Quaternion<float>[m[K’ {aka ‘[01m[Kclass Eigen::Quaternion<float>[m[K’} has no member named ‘[01m[Kattach[m[K’
[3.483s]    51 |             [01;31m[Kthis->transducer->attach[m[K(this);
[3.483s]       |             [01;31m[K~~~~~~~~~~~~~~~~~~^~~~~~[m[K
[3.483s] [01m[K/home/matheuswagner/repos/adaptive-cubesat-adcs/cubesat-simulation/src/controller/src/../include/local_smartdata.h:52:31:[m[K [01;31m[Kerror: [m[K‘[01m[Kusing element_type = class Eigen::Quaternion<float>[m[K’ {aka ‘[01m[Kclass Eigen::Quaternion<float>[m[K’} has no member named ‘[01m[Kinitialize[m[K’
[3.483s]    52 |             [01;31m[Kthis->transducer->initialize[m[K(topicName);
[3.484s]       |             [01;31m[K~~~~~~~~~~~~~~~~~~^~~~~~~~~~[m[K
[5.078s] /home/matheuswagner/repos/adaptive-cubesat-adcs/cubesat-simulation/src/controller/src/../include/local_smartdata.h: In instantiation of ‘[01m[KValue LocalSmartData<Value, Transducer>::update() [with Value = Eigen::Quaternion<float>; Transducer = Eigen::Quaternion<float>][m[K’:
[5.078s] [01m[K/home/matheuswagner/repos/adaptive-cubesat-adcs/cubesat-simulation/src/controller/src/../include/local_smartdata.h:60:15:[m[K   required from here
[5.078s] [01m[K/home/matheuswagner/repos/adaptive-cubesat-adcs/cubesat-simulation/src/controller/src/../include/local_smartdata.h:62:46:[m[K [01;31m[Kerror: [m[K‘[01m[Kusing element_type = class Eigen::Quaternion<float>[m[K’ {aka ‘[01m[Kclass Eigen::Quaternion<float>[m[K’} has no member named ‘[01m[Kget_clock[m[K’
[5.078s]    62 |             this->expiry = [01;31m[Kthis->transducer->get_clock[m[K()->now().nanoseconds() + this->period*1000000;
[5.078s]       |                            [01;31m[K~~~~~~~~~~~~~~~~~~^~~~~~~~~[m[K
[5.092s] /home/matheuswagner/repos/adaptive-cubesat-adcs/cubesat-simulation/src/controller/src/../include/local_smartdata.h: In instantiation of ‘[01m[Kvoid LocalSmartData<Value, Transducer>::notify() [with Value = Eigen::Quaternion<float>; Transducer = Eigen::Quaternion<float>][m[K’:
[5.092s] [01m[K/home/matheuswagner/repos/adaptive-cubesat-adcs/cubesat-simulation/src/controller/src/../include/local_smartdata.h:79:14:[m[K   required from here
[5.093s] [01m[K/home/matheuswagner/repos/adaptive-cubesat-adcs/cubesat-simulation/src/controller/src/../include/local_smartdata.h:84:35:[m[K [01;31m[Kerror: [m[K‘[01m[Kusing element_type = class Eigen::Quaternion<float>[m[K’ {aka ‘[01m[Kclass Eigen::Quaternion<float>[m[K’} has no member named ‘[01m[KhandleValueUpdate[m[K’
[5.093s]    84 |                 [01;31m[Kthis->transducer->handleValueUpdate[m[K();
[5.093s]       |                 [01;31m[K~~~~~~~~~~~~~~~~~~^~~~~~~~~~~~~~~~~[m[K
[5.093s] In file included from [01m[K/home/matheuswagner/repos/adaptive-cubesat-adcs/cubesat-simulation/src/controller/src/../include/smartdata.h:7[m[K,
[5.093s]                  from [01m[K/home/matheuswagner/repos/adaptive-cubesat-adcs/cubesat-simulation/src/controller/src/../include/local_smartdata.h:4[m[K,
[5.093s]                  from [01m[K/home/matheuswagner/repos/adaptive-cubesat-adcs/cubesat-simulation/src/controller/src/controller.cpp:1[m[K:
[5.093s] /home/matheuswagner/repos/adaptive-cubesat-adcs/cubesat-simulation/src/controller/src/../include/transducer.h: In instantiation of ‘[01m[Kvoid Transducer<UNIT, Value>::actuate(const Value&) [with long unsigned int UNIT = 2; Value = float][m[K’:
[5.093s] [01m[K/home/matheuswagner/repos/adaptive-cubesat-adcs/cubesat-simulation/src/controller/src/../include/transducer.h:17:22:[m[K   required from here
[5.093s] [01m[K/home/matheuswagner/repos/adaptive-cubesat-adcs/cubesat-simulation/src/controller/src/../include/transducer.h:17:43:[m[K [01;35m[Kwarning: [m[Kunused parameter ‘[01m[Kvalue[m[K’ [[01;35m[K-Wunused-parameter[m[K]
[5.093s]    17 |         virtual void actuate([01;35m[Kconst Value &value[m[K){}
[5.093s]       |                              [01;35m[K~~~~~~~~~~~~~^~~~~[m[K
[5.093s] /home/matheuswagner/repos/adaptive-cubesat-adcs/cubesat-simulation/src/controller/src/../include/transducer.h: In instantiation of ‘[01m[KValue Transducer<UNIT, Value>::sense() [with long unsigned int UNIT = 2; Value = float][m[K’:
[5.094s] [01m[K/home/matheuswagner/repos/adaptive-cubesat-adcs/cubesat-simulation/src/controller/src/../include/transducer.h:16:23:[m[K   required from here
[5.094s] [01m[K/home/matheuswagner/repos/adaptive-cubesat-adcs/cubesat-simulation/src/controller/src/../include/transducer.h:16:31:[m[K [01;35m[Kwarning: [m[Kno return statement in function returning non-void [[01;35m[K-Wreturn-type[m[K]
[5.094s]    16 |         virtual Value sense(){[01;35m[K}[m[K
[5.094s]       |                               [01;35m[K^[m[K
[5.094s] /home/matheuswagner/repos/adaptive-cubesat-adcs/cubesat-simulation/src/controller/src/../include/transducer.h: In instantiation of ‘[01m[Kvoid Transducer<UNIT, Value>::actuate(const Value&) [with long unsigned int UNIT = 3; Value = float][m[K’:
[5.094s] [01m[K/home/matheuswagner/repos/adaptive-cubesat-adcs/cubesat-simulation/src/controller/src/../include/transducer.h:17:22:[m[K   required from here
[5.094s] [01m[K/home/matheuswagner/repos/adaptive-cubesat-adcs/cubesat-simulation/src/controller/src/../include/transducer.h:17:43:[m[K [01;35m[Kwarning: [m[Kunused parameter ‘[01m[Kvalue[m[K’ [[01;35m[K-Wunused-parameter[m[K]
[5.094s]    17 |         virtual void actuate([01;35m[Kconst Value &value[m[K){}
[5.094s]       |                              [01;35m[K~~~~~~~~~~~~~^~~~~[m[K
[5.099s] /home/matheuswagner/repos/adaptive-cubesat-adcs/cubesat-simulation/src/controller/src/../include/transducer.h: In instantiation of ‘[01m[KValue Transducer<UNIT, Value>::sense() [with long unsigned int UNIT = 3; Value = float][m[K’:
[5.099s] [01m[K/home/matheuswagner/repos/adaptive-cubesat-adcs/cubesat-simulation/src/controller/src/../include/transducer.h:16:23:[m[K   required from here
[5.099s] [01m[K/home/matheuswagner/repos/adaptive-cubesat-adcs/cubesat-simulation/src/controller/src/../include/transducer.h:16:31:[m[K [01;35m[Kwarning: [m[Kno return statement in function returning non-void [[01;35m[K-Wreturn-type[m[K]
[5.099s]    16 |         virtual Value sense(){[01;35m[K}[m[K
[5.099s]       |                               [01;35m[K^[m[K
[5.099s] In file included from [01m[K/home/matheuswagner/repos/adaptive-cubesat-adcs/cubesat-simulation/src/controller/src/../include/local_smartdata.h:4[m[K,
[5.099s]                  from [01m[K/home/matheuswagner/repos/adaptive-cubesat-adcs/cubesat-simulation/src/controller/src/controller.cpp:1[m[K:
[5.099s] /home/matheuswagner/repos/adaptive-cubesat-adcs/cubesat-simulation/src/controller/src/../include/smartdata.h: In instantiation of ‘[01m[KValue SmartData<Value>::value() [with Value = Eigen::Quaternion<float>][m[K’:
[5.099s] [01m[K/home/matheuswagner/repos/adaptive-cubesat-adcs/cubesat-simulation/src/controller/src/../include/smartdata.h:36:23:[m[K   required from here
[5.099s] [01m[K/home/matheuswagner/repos/adaptive-cubesat-adcs/cubesat-simulation/src/controller/src/../include/smartdata.h:36:31:[m[K [01;35m[Kwarning: [m[Kno return statement in function returning non-void [[01;35m[K-Wreturn-type[m[K]
[5.099s]    36 |         virtual Value value(){[01;35m[K}[m[K
[5.099s]       |                               [01;35m[K^[m[K
[5.099s] In file included from [01m[K/home/matheuswagner/repos/adaptive-cubesat-adcs/cubesat-simulation/src/controller/src/../include/smartdata.h:7[m[K,
[5.100s]                  from [01m[K/home/matheuswagner/repos/adaptive-cubesat-adcs/cubesat-simulation/src/controller/src/../include/local_smartdata.h:4[m[K,
[5.100s]                  from [01m[K/home/matheuswagner/repos/adaptive-cubesat-adcs/cubesat-simulation/src/controller/src/controller.cpp:1[m[K:
[5.100s] /home/matheuswagner/repos/adaptive-cubesat-adcs/cubesat-simulation/src/controller/src/../include/transducer.h: In instantiation of ‘[01m[Kvoid Transducer<UNIT, Value>::actuate(const Value&) [with long unsigned int UNIT = 4; Value = Eigen::Quaternion<float>][m[K’:
[5.100s] [01m[K/home/matheuswagner/repos/adaptive-cubesat-adcs/cubesat-simulation/src/controller/src/../include/transducer.h:17:22:[m[K   required from here
[5.100s] [01m[K/home/matheuswagner/repos/adaptive-cubesat-adcs/cubesat-simulation/src/controller/src/../include/transducer.h:17:43:[m[K [01;35m[Kwarning: [m[Kunused parameter ‘[01m[Kvalue[m[K’ [[01;35m[K-Wunused-parameter[m[K]
[5.100s]    17 |         virtual void actuate([01;35m[Kconst Value &value[m[K){}
[5.100s]       |                              [01;35m[K~~~~~~~~~~~~~^~~~~[m[K
[5.102s] /home/matheuswagner/repos/adaptive-cubesat-adcs/cubesat-simulation/src/controller/src/../include/transducer.h: In instantiation of ‘[01m[KValue Transducer<UNIT, Value>::sense() [with long unsigned int UNIT = 4; Value = Eigen::Quaternion<float>][m[K’:
[5.102s] [01m[K/home/matheuswagner/repos/adaptive-cubesat-adcs/cubesat-simulation/src/controller/src/../include/transducer.h:16:23:[m[K   required from here
[5.102s] [01m[K/home/matheuswagner/repos/adaptive-cubesat-adcs/cubesat-simulation/src/controller/src/../include/transducer.h:16:31:[m[K [01;35m[Kwarning: [m[Kno return statement in function returning non-void [[01;35m[K-Wreturn-type[m[K]
[5.102s]    16 |         virtual Value sense(){[01;35m[K}[m[K
[5.102s]       |                               [01;35m[K^[m[K
[5.399s] make[2]: *** [CMakeFiles/controller.dir/build.make:63: CMakeFiles/controller.dir/src/controller.cpp.o] Error 1
[5.399s] make[1]: *** [CMakeFiles/Makefile2:78: CMakeFiles/controller.dir/all] Error 2
[5.399s] make: *** [Makefile:141: all] Error 2
[5.402s] Invoked command in '/home/matheuswagner/repos/adaptive-cubesat-adcs/cubesat-simulation/build/controller' returned '2': CMAKE_PREFIX_PATH=${CMAKE_PREFIX_PATH}:/home/matheuswagner/repos/adaptive-cubesat-adcs/cubesat-simulation/install/cubesat_description:/opt/ros/foxy /usr/bin/cmake --build /home/matheuswagner/repos/adaptive-cubesat-adcs/cubesat-simulation/build/controller -- -j8 -l8
