[0.047s] Invoking command in '/home/matheuswagner/repos/adaptive-cubesat-adcs/cubesat-simulation/build/smartdata_msgs': CMAKE_PREFIX_PATH=${CMAKE_PREFIX_PATH}:/opt/ros/dashing /usr/local/bin/cmake /home/matheuswagner/repos/adaptive-cubesat-adcs/cubesat-simulation/src/smartdata_msgs -DCMAKE_INSTALL_PREFIX=/home/matheuswagner/repos/adaptive-cubesat-adcs/cubesat-simulation/install/smartdata_msgs
[0.060s] -- Found ament_cmake: 0.7.6 (/home/matheuswagner/ros2_dashing/ros2-linux/share/ament_cmake/cmake)
[0.087s] -- Found PythonInterp: /usr/bin/python3 (found suitable version "3.6.9", minimum required is "3") 
[0.087s] -- Using PYTHON_EXECUTABLE: /usr/bin/python3
[0.409s] -- Found rosidl_default_generators: 0.7.0 (/home/matheuswagner/ros2_dashing/ros2-linux/share/rosidl_default_generators/cmake)
[0.448s] -- Could not find RTI Connext - skipping rosidl_typesupport_connext_c
[0.456s] -- Found rosidl_adapter: 0.7.10 (/home/matheuswagner/ros2_dashing/ros2-linux/share/rosidl_adapter/cmake)
[0.464s] -- Could not find RTI Connext - skipping rosidl_typesupport_connext_cpp
[0.575s] -- Could not find PrismTech OpenSplice - skipping rosidl_typesupport_opensplice_c
[0.577s] -- Could not find PrismTech OpenSplice - skipping rosidl_typesupport_opensplice_cpp
[0.642s] -- Found PythonInterp: /usr/bin/python3 (found version "3.6.9") 
[0.889s] -- Using all available rosidl_typesupport_c: rosidl_typesupport_connext_c;rosidl_typesupport_fastrtps_c;rosidl_typesupport_introspection_c;rosidl_typesupport_opensplice_c
[0.895s] -- Using all available rosidl_typesupport_cpp: rosidl_typesupport_connext_cpp;rosidl_typesupport_fastrtps_cpp;rosidl_typesupport_introspection_cpp;rosidl_typesupport_opensplice_cpp
[0.977s] -- Found rmw_implementation_cmake: 0.7.2 (/home/matheuswagner/ros2_dashing/ros2-linux/share/rmw_implementation_cmake/cmake)
[1.007s] -- Found PythonInterp: /usr/bin/python3 (found suitable version "3.6.9", minimum required is "3.5") 
[1.007s] -- Found python_cmake_module: 0.7.11 (/home/matheuswagner/ros2_dashing/ros2-linux/share/python_cmake_module/cmake)
[1.036s] -- Using PYTHON_EXECUTABLE: /usr/bin/python3
[1.036s] -- Using PYTHON_INCLUDE_DIRS: /usr/include/python3.6m
[1.036s] -- Using PYTHON_LIBRARIES: /usr/lib/x86_64-linux-gnu/libpython3.6m.so
[1.040s] CMake Error at /home/matheuswagner/ros2_dashing/ros2-linux/share/rmw_connext_cpp/cmake/ament_cmake_export_dependencies-extras.cmake:21 (find_package):
[1.040s]   Found package configuration file:
[1.040s] 
[1.040s]     /home/matheuswagner/ros2_dashing/ros2-linux/share/rmw_connext_shared_cpp/cmake/rmw_connext_shared_cppConfig.cmake
[1.040s] 
[1.040s]   but it set rmw_connext_shared_cpp_FOUND to FALSE so package
[1.040s]   "rmw_connext_shared_cpp" is considered to be NOT FOUND.
[1.040s] Call Stack (most recent call first):
[1.040s]   /home/matheuswagner/ros2_dashing/ros2-linux/share/rmw_connext_cpp/cmake/rmw_connext_cppConfig.cmake:38 (include)
[1.041s]   /home/matheuswagner/ros2_dashing/ros2-linux/share/rmw_implementation_cmake/cmake/call_for_each_rmw_implementation.cmake:61 (find_package)
[1.041s]   /home/matheuswagner/ros2_dashing/ros2-linux/share/rosidl_generator_py/cmake/rosidl_generator_py_get_typesupports.cmake:26 (call_for_each_rmw_implementation)
[1.041s]   /home/matheuswagner/ros2_dashing/ros2-linux/share/rosidl_generator_py/cmake/rosidl_generator_py_generate_interfaces.cmake:27 (rosidl_generator_py_get_typesupports)
[1.041s]   /home/matheuswagner/ros2_dashing/ros2-linux/share/ament_cmake_core/cmake/core/ament_execute_extensions.cmake:48 (include)
[1.041s]   /home/matheuswagner/ros2_dashing/ros2-linux/share/rosidl_cmake/cmake/rosidl_generate_interfaces.cmake:286 (ament_execute_extensions)
[1.041s]   CMakeLists.txt:26 (rosidl_generate_interfaces)
[1.041s] 
[1.041s] 
[1.041s] -- Configuring incomplete, errors occurred!
[1.041s] See also "/home/matheuswagner/repos/adaptive-cubesat-adcs/cubesat-simulation/build/smartdata_msgs/CMakeFiles/CMakeOutput.log".
[1.045s] Invoked command in '/home/matheuswagner/repos/adaptive-cubesat-adcs/cubesat-simulation/build/smartdata_msgs' returned '1': CMAKE_PREFIX_PATH=${CMAKE_PREFIX_PATH}:/opt/ros/dashing /usr/local/bin/cmake /home/matheuswagner/repos/adaptive-cubesat-adcs/cubesat-simulation/src/smartdata_msgs -DCMAKE_INSTALL_PREFIX=/home/matheuswagner/repos/adaptive-cubesat-adcs/cubesat-simulation/install/smartdata_msgs
