[0.019s] Invoking command in '/home/matheuswagner/repos/adaptive-cubesat-adcs/cubesat-simulation/build/controller': CMAKE_PREFIX_PATH=${CMAKE_PREFIX_PATH}:/home/matheuswagner/repos/adaptive-cubesat-adcs/cubesat-simulation/install/cubesat_description:/opt/ros/foxy /usr/bin/cmake --build /home/matheuswagner/repos/adaptive-cubesat-adcs/cubesat-simulation/build/controller -- -j8 -l8
[0.088s] [35m[1mScanning dependencies of target controller[0m
[0.129s] [ 50%] [32mBuilding CXX object CMakeFiles/controller.dir/src/controller.cpp.o[0m
[0.647s] In file included from [01m[K/home/matheuswagner/repos/adaptive-cubesat-adcs/cubesat-simulation/src/controller/src/../include/smartdata.h:5[m[K,
[0.647s]                  from [01m[K/home/matheuswagner/repos/adaptive-cubesat-adcs/cubesat-simulation/src/controller/src/../include/local_smartdata.h:4[m[K,
[0.647s]                  from [01m[K/home/matheuswagner/repos/adaptive-cubesat-adcs/cubesat-simulation/src/controller/src/controller.cpp:1[m[K:
[0.647s] [01m[K/home/matheuswagner/repos/adaptive-cubesat-adcs/cubesat-simulation/src/controller/src/../include/observer.h:[m[K In member function ‘[01m[Kvirtual void Observer::notify(int)[m[K’:
[0.647s] [01m[K/home/matheuswagner/repos/adaptive-cubesat-adcs/cubesat-simulation/src/controller/src/../include/observer.h:8:33:[m[K [01;35m[Kwarning: [m[Kunused parameter ‘[01m[Kid[m[K’ [[01;35m[K-Wunused-parameter[m[K]
[0.647s]     8 |         virtual void notify([01;35m[Kint id[m[K){};
[0.647s]       |                             [01;35m[K~~~~^~[m[K
[3.480s] In file included from [01m[K/home/matheuswagner/repos/adaptive-cubesat-adcs/cubesat-simulation/src/controller/src/../include/../include/disturbance_predictor.h:8[m[K,
[3.481s]                  from [01m[K/home/matheuswagner/repos/adaptive-cubesat-adcs/cubesat-simulation/src/controller/src/../include/../include/satellite_model.h:8[m[K,
[3.481s]                  from [01m[K/home/matheuswagner/repos/adaptive-cubesat-adcs/cubesat-simulation/src/controller/src/../include/../include/feedback_linearization_controller.h:6[m[K,
[3.481s]                  from [01m[K/home/matheuswagner/repos/adaptive-cubesat-adcs/cubesat-simulation/src/controller/src/../include/../include/adaptive_controller_system.h:4[m[K,
[3.481s]                  from [01m[K/home/matheuswagner/repos/adaptive-cubesat-adcs/cubesat-simulation/src/controller/src/../include/../include/hybrid_controller.h:6[m[K,
[3.481s]                  from [01m[K/home/matheuswagner/repos/adaptive-cubesat-adcs/cubesat-simulation/src/controller/src/../include/controller_smartdata.h:11[m[K,
[3.481s]                  from [01m[K/home/matheuswagner/repos/adaptive-cubesat-adcs/cubesat-simulation/src/controller/src/controller.cpp:3[m[K:
[3.481s] [01m[K/home/matheuswagner/repos/adaptive-cubesat-adcs/cubesat-simulation/src/controller/src/../include/../include/chebyshev_polynomials.h:[m[K In static member function ‘[01m[Kstatic float ChebyshevPolynomials::T0(float)[m[K’:
[3.481s] [01m[K/home/matheuswagner/repos/adaptive-cubesat-adcs/cubesat-simulation/src/controller/src/../include/../include/chebyshev_polynomials.h:9:31:[m[K [01;35m[Kwarning: [m[Kunused parameter ‘[01m[Kx[m[K’ [[01;35m[K-Wunused-parameter[m[K]
[3.481s]     9 |         static float T0([01;35m[Kfloat x[m[K)
[3.481s]       |                         [01;35m[K~~~~~~^[m[K
[3.864s] In file included from [01m[K/home/matheuswagner/repos/adaptive-cubesat-adcs/cubesat-simulation/src/controller/src/../include/../include/feedback_linearization_controller.h:6[m[K,
[3.864s]                  from [01m[K/home/matheuswagner/repos/adaptive-cubesat-adcs/cubesat-simulation/src/controller/src/../include/../include/adaptive_controller_system.h:4[m[K,
[3.865s]                  from [01m[K/home/matheuswagner/repos/adaptive-cubesat-adcs/cubesat-simulation/src/controller/src/../include/../include/hybrid_controller.h:6[m[K,
[3.865s]                  from [01m[K/home/matheuswagner/repos/adaptive-cubesat-adcs/cubesat-simulation/src/controller/src/../include/controller_smartdata.h:11[m[K,
[3.865s]                  from [01m[K/home/matheuswagner/repos/adaptive-cubesat-adcs/cubesat-simulation/src/controller/src/controller.cpp:3[m[K:
[3.865s] [01m[K/home/matheuswagner/repos/adaptive-cubesat-adcs/cubesat-simulation/src/controller/src/../include/../include/satellite_model.h:[m[K In member function ‘[01m[Kvoid SatelliteModel::UpdateDynamicMatrix(Eigen::Matrix<float, 3, 1>, Eigen::Matrix<float, 3, 1>, Eigen::Matrix<float, 3, 1>, Eigen::Quaternion<float>)[m[K’:
[3.865s] [01m[K/home/matheuswagner/repos/adaptive-cubesat-adcs/cubesat-simulation/src/controller/src/../include/../include/satellite_model.h:25:195:[m[K [01;35m[Kwarning: [m[Kunused parameter ‘[01m[Kattitude[m[K’ [[01;35m[K-Wunused-parameter[m[K]
[3.865s]    25 | loat,3,1> slidingVariable, Eigen::Matrix<float,3,1> satelliteVelocity, Eigen::Matrix<float,3,1> reactionWheelVelocities, [01;35m[KEigen::Quaternion<float> attitude[m[K)
[3.865s]       |                                                                                                                          [01;35m[K~~~~~~~~~~~~~~~~~~~~~~~~~^~~~~~~~[m[K
[3.865s] 
[4.174s] In file included from [01m[K/home/matheuswagner/repos/adaptive-cubesat-adcs/cubesat-simulation/src/controller/src/../include/../include/feedback_linearization_controller.h:6[m[K,
[4.174s]                  from [01m[K/home/matheuswagner/repos/adaptive-cubesat-adcs/cubesat-simulation/src/controller/src/../include/../include/adaptive_controller_system.h:4[m[K,
[4.174s]                  from [01m[K/home/matheuswagner/repos/adaptive-cubesat-adcs/cubesat-simulation/src/controller/src/../include/../include/hybrid_controller.h:6[m[K,
[4.174s]                  from [01m[K/home/matheuswagner/repos/adaptive-cubesat-adcs/cubesat-simulation/src/controller/src/../include/controller_smartdata.h:11[m[K,
[4.174s]                  from [01m[K/home/matheuswagner/repos/adaptive-cubesat-adcs/cubesat-simulation/src/controller/src/controller.cpp:3[m[K:
[4.174s] [01m[K/home/matheuswagner/repos/adaptive-cubesat-adcs/cubesat-simulation/src/controller/src/../include/../include/satellite_model.h:[m[K In member function ‘[01m[KEigen::Matrix<float, 3, 1> SatelliteModel::InverseDynamicsSignal(Eigen::Matrix<float, 3, 1>, Eigen::Matrix<float, 3, 1>, Eigen::Matrix<float, 3, 1>, Eigen::Quaternion<float>)[m[K’:
[4.174s] [01m[K/home/matheuswagner/repos/adaptive-cubesat-adcs/cubesat-simulation/src/controller/src/../include/../include/satellite_model.h:120:81:[m[K [01;35m[Kwarning: [m[Kunused parameter ‘[01m[KslidingVariable[m[K’ [[01;35m[K-Wunused-parameter[m[K]
[4.174s]   120 |         Eigen::Matrix<float,3,1> InverseDynamicsSignal([01;35m[KEigen::Matrix<float,3,1> slidingVariable[m[K, Eigen::Matrix<float,3,1> satelliteVelocity, Eigen::Matrix<float,3,1> reactionWheelVelocities, Eigen::Quaternion<float> attitude)
[4.174s]       |                                                        [01;35m[K~~~~~~~~~~~~~~~~~~~~~~~~~^~~~~~~~~~~~~~~[m[K
[4.403s] In file included from [01m[K/home/matheuswagner/repos/adaptive-cubesat-adcs/cubesat-simulation/src/controller/src/../include/../include/hybrid_controller.h:6[m[K,
[4.403s]                  from [01m[K/home/matheuswagner/repos/adaptive-cubesat-adcs/cubesat-simulation/src/controller/src/../include/controller_smartdata.h:11[m[K,
[4.403s]                  from [01m[K/home/matheuswagner/repos/adaptive-cubesat-adcs/cubesat-simulation/src/controller/src/controller.cpp:3[m[K:
[4.403s] [01m[K/home/matheuswagner/repos/adaptive-cubesat-adcs/cubesat-simulation/src/controller/src/../include/../include/adaptive_controller_system.h:[m[K In constructor ‘[01m[KAdaptiveControllerControlSystem::AdaptiveControllerControlSystem(DisturbancePredictor, SatelliteModel, FeedbackLinearizationControler, bool)[m[K’:
[4.403s] [01m[K/home/matheuswagner/repos/adaptive-cubesat-adcs/cubesat-simulation/src/controller/src/../include/../include/adaptive_controller_system.h:52:89:[m[K [01;35m[Kwarning: [m[Kunused parameter ‘[01m[Kadaptive[m[K’ [[01;35m[K-Wunused-parameter[m[K]
[4.403s]    52 |                                         FeedbackLinearizationControler controller, [01;35m[Kbool adaptive[m[K)
[4.403s]       |                                                                                    [01;35m[K~~~~~^~~~~~~~[m[K
[5.319s] In file included from [01m[K/home/matheuswagner/repos/adaptive-cubesat-adcs/cubesat-simulation/src/controller/src/../include/../include/nonadaptive_control_system.h:12[m[K,
[5.319s]                  from [01m[K/home/matheuswagner/repos/adaptive-cubesat-adcs/cubesat-simulation/src/controller/src/../include/../include/hybrid_controller.h:7[m[K,
[5.319s]                  from [01m[K/home/matheuswagner/repos/adaptive-cubesat-adcs/cubesat-simulation/src/controller/src/../include/controller_smartdata.h:11[m[K,
[5.319s]                  from [01m[K/home/matheuswagner/repos/adaptive-cubesat-adcs/cubesat-simulation/src/controller/src/controller.cpp:3[m[K:
[5.319s] [01m[K/home/matheuswagner/repos/adaptive-cubesat-adcs/cubesat-simulation/src/controller/src/../include/../include/adaptive_square_root_cubature_kalman_filter.h:[m[K In member function ‘[01m[KEigen::Matrix<float, 10, 1> AdaptiveSquareRootCubatureKalmanFilter::Filter(Eigen::Matrix<float, 10, 1>, Eigen::Matrix<float, 3, 1>)[m[K’:
[5.319s] [01m[K/home/matheuswagner/repos/adaptive-cubesat-adcs/cubesat-simulation/src/controller/src/../include/../include/adaptive_square_root_cubature_kalman_filter.h:229:41:[m[K [01;35m[Kwarning: [m[Kvariable ‘[01m[KpriorPredictedErrorCovarianceNoQ[m[K’ set but not used [[01;35m[K-Wunused-but-set-variable[m[K]
[5.319s]   229 |             Eigen::Matrix<float, 10,10> [01;35m[KpriorPredictedErrorCovarianceNoQ[m[K = QRDecomposition(matrixForDecomposition);
[5.320s]       |                                         [01;35m[K^~~~~~~~~~~~~~~~~~~~~~~~~~~~~~~~[m[K
[6.087s] In file included from [01m[K/home/matheuswagner/repos/adaptive-cubesat-adcs/cubesat-simulation/src/controller/src/controller.cpp:3[m[K:
[6.087s] [01m[K/home/matheuswagner/repos/adaptive-cubesat-adcs/cubesat-simulation/src/controller/src/../include/controller_smartdata.h:[m[K At global scope:
[6.087s] [01m[K/home/matheuswagner/repos/adaptive-cubesat-adcs/cubesat-simulation/src/controller/src/../include/controller_smartdata.h:38:147:[m[K [01;35m[Kwarning: [m[Kextra ‘[01m[K;[m[K’ [[01;35m[K-Wpedantic[m[K]
[6.088s]    38 |         std::shared_ptr<LocalSmartData<Eigen::Quaternion<float>,PluginOrientationSensor,ControllerSmartData<HybridController,float>>> orientation;[01;35m[K;[m[K
[6.088s]       |                                                                                                                                                   [01;35m[K^[m[K
[6.088s]       |                                                                                                                                                   [31m[K-[m[K
[6.607s] In file included from [01m[K/home/matheuswagner/repos/adaptive-cubesat-adcs/cubesat-simulation/src/controller/src/../include/local_smartdata.h:4[m[K,
[6.608s]                  from [01m[K/home/matheuswagner/repos/adaptive-cubesat-adcs/cubesat-simulation/src/controller/src/controller.cpp:1[m[K:
[6.608s] /home/matheuswagner/repos/adaptive-cubesat-adcs/cubesat-simulation/src/controller/src/../include/smartdata.h: In instantiation of ‘[01m[Kvoid SmartData<Value>::setValue(Value) [with Value = Eigen::Quaternion<float>][m[K’:
[6.608s] [01m[K/home/matheuswagner/repos/adaptive-cubesat-adcs/cubesat-simulation/src/controller/src/../include/../include/plugin_orientation_sensor.h:55:50:[m[K   required from here
[6.608s] [01m[K/home/matheuswagner/repos/adaptive-cubesat-adcs/cubesat-simulation/src/controller/src/../include/smartdata.h:40:37:[m[K [01;35m[Kwarning: [m[Kunused parameter ‘[01m[Kvalue[m[K’ [[01;35m[K-Wunused-parameter[m[K]
[6.608s]    40 |         virtual void setValue([01;35m[KValue value[m[K){}
[6.608s]       |                               [01;35m[K~~~~~~^~~~~[m[K
[6.608s] /home/matheuswagner/repos/adaptive-cubesat-adcs/cubesat-simulation/src/controller/src/../include/smartdata.h: In instantiation of ‘[01m[KValue SmartData<Value>::update() [with Value = Eigen::Quaternion<float>][m[K’:
[6.608s] [01m[K/home/matheuswagner/repos/adaptive-cubesat-adcs/cubesat-simulation/src/controller/src/../include/../include/plugin_orientation_sensor.h:56:37:[m[K   required from here
[6.608s] [01m[K/home/matheuswagner/repos/adaptive-cubesat-adcs/cubesat-simulation/src/controller/src/../include/smartdata.h:38:32:[m[K [01;35m[Kwarning: [m[Kno return statement in function returning non-void [[01;35m[K-Wreturn-type[m[K]
[6.609s]    38 |         virtual Value update(){[01;35m[K}[m[K
[6.609s]       |                                [01;35m[K^[m[K
[6.613s] /home/matheuswagner/repos/adaptive-cubesat-adcs/cubesat-simulation/src/controller/src/../include/smartdata.h: In instantiation of ‘[01m[Kvoid SmartData<Value>::setValue(Value) [with Value = float][m[K’:
[6.613s] [01m[K/home/matheuswagner/repos/adaptive-cubesat-adcs/cubesat-simulation/src/controller/src/../include/../include/plugin_gyroscope.h:49:50:[m[K   required from here
[6.613s] [01m[K/home/matheuswagner/repos/adaptive-cubesat-adcs/cubesat-simulation/src/controller/src/../include/smartdata.h:40:37:[m[K [01;35m[Kwarning: [m[Kunused parameter ‘[01m[Kvalue[m[K’ [[01;35m[K-Wunused-parameter[m[K]
[6.613s]    40 |         virtual void setValue([01;35m[KValue value[m[K){}
[6.614s]       |                               [01;35m[K~~~~~~^~~~~[m[K
[6.614s] /home/matheuswagner/repos/adaptive-cubesat-adcs/cubesat-simulation/src/controller/src/../include/smartdata.h: In instantiation of ‘[01m[KValue SmartData<Value>::update() [with Value = float][m[K’:
[6.614s] [01m[K/home/matheuswagner/repos/adaptive-cubesat-adcs/cubesat-simulation/src/controller/src/../include/../include/plugin_gyroscope.h:50:37:[m[K   required from here
[6.614s] [01m[K/home/matheuswagner/repos/adaptive-cubesat-adcs/cubesat-simulation/src/controller/src/../include/smartdata.h:38:32:[m[K [01;35m[Kwarning: [m[Kno return statement in function returning non-void [[01;35m[K-Wreturn-type[m[K]
[6.614s]    38 |         virtual Value update(){[01;35m[K}[m[K
[6.614s]       |                                [01;35m[K^[m[K
[6.616s] /home/matheuswagner/repos/adaptive-cubesat-adcs/cubesat-simulation/src/controller/src/../include/smartdata.h: In instantiation of ‘[01m[KValue SmartData<Value>::value() [with Value = float][m[K’:
[6.616s] [01m[K/home/matheuswagner/repos/adaptive-cubesat-adcs/cubesat-simulation/src/controller/src/../include/../include/plugin_motor_driver.h:46:51:[m[K   required from here
[6.616s] [01m[K/home/matheuswagner/repos/adaptive-cubesat-adcs/cubesat-simulation/src/controller/src/../include/smartdata.h:36:31:[m[K [01;35m[Kwarning: [m[Kno return statement in function returning non-void [[01;35m[K-Wreturn-type[m[K]
[6.617s]    36 |         virtual Value value(){[01;35m[K}[m[K
[6.617s]       |                               [01;35m[K^[m[K
[6.729s] In file included from [01m[K/home/matheuswagner/repos/adaptive-cubesat-adcs/cubesat-simulation/src/controller/src/controller.cpp:3[m[K:
[6.729s] /home/matheuswagner/repos/adaptive-cubesat-adcs/cubesat-simulation/src/controller/src/../include/controller_smartdata.h: In instantiation of ‘[01m[KControllerSmartData<Controller, Value>::ControllerSmartData(std::shared_ptr<LocalSmartData<float, PluginGyroscope, ControllerSmartData<HybridController, float> > >, std::shared_ptr<LocalSmartData<float, PluginGyroscope, ControllerSmartData<HybridController, float> > >, std::shared_ptr<LocalSmartData<float, PluginGyroscope, ControllerSmartData<HybridController, float> > >, std::shared_ptr<LocalSmartData<float, PluginMotorVelocitySensor, ControllerSmartData<HybridController, float> > >, std::shared_ptr<LocalSmartData<float, PluginMotorVelocitySensor, ControllerSmartData<HybridController, float> > >, std::shared_ptr<LocalSmartData<float, PluginMotorVelocitySensor, ControllerSmartData<HybridController, float> > >, std::shared_ptr<LocalSmartData<Eigen::Quaternion<float>, PluginOrientationSensor, ControllerSmartData<HybridController, float> > >, std::shared_ptr<LocalSmartData<float, PluginMotorDriver, ControllerSmartData<HybridController, float> > >, std::shared_ptr<LocalSmartData<float, PluginMotorDriver, ControllerSmartData<HybridController, float> > >, std::shared_ptr<LocalSmartData<float, PluginMotorDriver, ControllerSmartData<HybridController, float> > >) [with Controller = HybridController; Value = float][m[K’:
[6.730s] [01m[K/home/matheuswagner/repos/adaptive-cubesat-adcs/cubesat-simulation/src/controller/src/controller.cpp:34:161:[m[K   required from here
[6.730s] [01m[K/home/matheuswagner/repos/adaptive-cubesat-adcs/cubesat-simulation/src/controller/src/../include/controller_smartdata.h:133:38:[m[K [01;35m[Kwarning: [m[Kvariable ‘[01m[KslidingControllerGain[m[K’ set but not used [[01;35m[K-Wunused-but-set-variable[m[K]
[6.730s]   133 |             Eigen::Matrix<float,3,3> [01;35m[KslidingControllerGain[m[K  = 2.22e-4*Eigen::Matrix<float,3,3>::Identity();
[6.730s]       |                                      [01;35m[K^~~~~~~~~~~~~~~~~~~~~[m[K
[6.730s] [01m[K/home/matheuswagner/repos/adaptive-cubesat-adcs/cubesat-simulation/src/controller/src/../include/controller_smartdata.h:164:38:[m[K [01;35m[Kwarning: [m[Kvariable ‘[01m[Knoise[m[K’ set but not used [[01;35m[K-Wunused-but-set-variable[m[K]
[6.730s]   164 |             Eigen::Matrix<float,3,1> [01;35m[Knoise[m[K = Eigen::Matrix<float,3,1>::Random();
[6.730s]       |                                      [01;35m[K^~~~~[m[K
[34.315s] /home/matheuswagner/repos/adaptive-cubesat-adcs/cubesat-simulation/src/controller/src/../include/controller_smartdata.h: In instantiation of ‘[01m[Kfloat ControllerSmartData<Controller, Value>::update() [with Controller = HybridController; Value = float][m[K’:
[34.315s] [01m[K/home/matheuswagner/repos/adaptive-cubesat-adcs/cubesat-simulation/src/controller/src/../include/controller_smartdata.h:178:15:[m[K   required from here
[34.315s] [01m[K/home/matheuswagner/repos/adaptive-cubesat-adcs/cubesat-simulation/src/controller/src/../include/controller_smartdata.h:180:29:[m[K [01;35m[Kwarning: [m[Kcomparison of integer expressions of different signedness: ‘[01m[Kint[m[K’ and ‘[01m[Kstd::vector<bool, std::allocator<bool> >::size_type[m[K’ {aka ‘[01m[Klong unsigned int[m[K’} [[01;35m[K-Wsign-compare[m[K]
[34.315s]   180 |             for(int i = 0; [01;35m[Ki<this->freshnessList.size()[m[K; i++)
[34.315s]       |                            [01;35m[K~^~~~~~~~~~~~~~~~~~~~~~~~~~~[m[K
[34.319s] /home/matheuswagner/repos/adaptive-cubesat-adcs/cubesat-simulation/src/controller/src/../include/controller_smartdata.h: In instantiation of ‘[01m[Kvoid ControllerSmartData<Controller, Value>::notify(int) [with Controller = HybridController; Value = float][m[K’:
[34.319s] [01m[K/home/matheuswagner/repos/adaptive-cubesat-adcs/cubesat-simulation/src/controller/src/../include/controller_smartdata.h:238:14:[m[K   required from here
[34.319s] [01m[K/home/matheuswagner/repos/adaptive-cubesat-adcs/cubesat-simulation/src/controller/src/../include/controller_smartdata.h:249:29:[m[K [01;35m[Kwarning: [m[Kcomparison of integer expressions of different signedness: ‘[01m[Kint[m[K’ and ‘[01m[Kstd::vector<bool, std::allocator<bool> >::size_type[m[K’ {aka ‘[01m[Klong unsigned int[m[K’} [[01;35m[K-Wsign-compare[m[K]
[34.319s]   249 |             for(int i = 0; [01;35m[Ki<this->freshnessList.size()[m[K; i++)
[34.319s]       |                            [01;35m[K~^~~~~~~~~~~~~~~~~~~~~~~~~~~[m[K
[34.320s] [01m[K/home/matheuswagner/repos/adaptive-cubesat-adcs/cubesat-simulation/src/controller/src/../include/controller_smartdata.h:263:29:[m[K [01;35m[Kwarning: [m[Kcomparison of integer expressions of different signedness: ‘[01m[Kint[m[K’ and ‘[01m[Kstd::vector<bool, std::allocator<bool> >::size_type[m[K’ {aka ‘[01m[Klong unsigned int[m[K’} [[01;35m[K-Wsign-compare[m[K]
[34.320s]   263 |             for(int i = 0; [01;35m[Ki<this->driveFreshnessList.size()[m[K; i++)
[34.320s]       |                            [01;35m[K~^~~~~~~~~~~~~~~~~~~~~~~~~~~~~~~~[m[K
[34.320s] In file included from [01m[K/home/matheuswagner/repos/adaptive-cubesat-adcs/cubesat-simulation/src/controller/src/../include/smartdata.h:7[m[K,
[34.321s]                  from [01m[K/home/matheuswagner/repos/adaptive-cubesat-adcs/cubesat-simulation/src/controller/src/../include/local_smartdata.h:4[m[K,
[34.321s]                  from [01m[K/home/matheuswagner/repos/adaptive-cubesat-adcs/cubesat-simulation/src/controller/src/controller.cpp:1[m[K:
[34.321s] /home/matheuswagner/repos/adaptive-cubesat-adcs/cubesat-simulation/src/controller/src/../include/transducer.h: In instantiation of ‘[01m[Kvoid Transducer<UNIT, Value>::actuate(const Value&) [with long unsigned int UNIT = 2; Value = float][m[K’:
[34.321s] [01m[K/home/matheuswagner/repos/adaptive-cubesat-adcs/cubesat-simulation/src/controller/src/../include/transducer.h:17:22:[m[K   required from here
[34.321s] [01m[K/home/matheuswagner/repos/adaptive-cubesat-adcs/cubesat-simulation/src/controller/src/../include/transducer.h:17:43:[m[K [01;35m[Kwarning: [m[Kunused parameter ‘[01m[Kvalue[m[K’ [[01;35m[K-Wunused-parameter[m[K]
[34.322s]    17 |         virtual void actuate([01;35m[Kconst Value &value[m[K){}
[34.322s]       |                              [01;35m[K~~~~~~~~~~~~~^~~~~[m[K
[34.322s] /home/matheuswagner/repos/adaptive-cubesat-adcs/cubesat-simulation/src/controller/src/../include/transducer.h: In instantiation of ‘[01m[KValue Transducer<UNIT, Value>::sense() [with long unsigned int UNIT = 2; Value = float][m[K’:
[34.322s] [01m[K/home/matheuswagner/repos/adaptive-cubesat-adcs/cubesat-simulation/src/controller/src/../include/transducer.h:16:23:[m[K   required from here
[34.322s] [01m[K/home/matheuswagner/repos/adaptive-cubesat-adcs/cubesat-simulation/src/controller/src/../include/transducer.h:16:31:[m[K [01;35m[Kwarning: [m[Kno return statement in function returning non-void [[01;35m[K-Wreturn-type[m[K]
[34.322s]    16 |         virtual Value sense(){[01;35m[K}[m[K
[34.322s]       |                               [01;35m[K^[m[K
[34.322s] /home/matheuswagner/repos/adaptive-cubesat-adcs/cubesat-simulation/src/controller/src/../include/transducer.h: In instantiation of ‘[01m[Kvoid Transducer<UNIT, Value>::actuate(const Value&) [with long unsigned int UNIT = 3; Value = float][m[K’:
[34.322s] [01m[K/home/matheuswagner/repos/adaptive-cubesat-adcs/cubesat-simulation/src/controller/src/../include/transducer.h:17:22:[m[K   required from here
[34.323s] [01m[K/home/matheuswagner/repos/adaptive-cubesat-adcs/cubesat-simulation/src/controller/src/../include/transducer.h:17:43:[m[K [01;35m[Kwarning: [m[Kunused parameter ‘[01m[Kvalue[m[K’ [[01;35m[K-Wunused-parameter[m[K]
[34.323s]    17 |         virtual void actuate([01;35m[Kconst Value &value[m[K){}
[34.323s]       |                              [01;35m[K~~~~~~~~~~~~~^~~~~[m[K
[34.329s] /home/matheuswagner/repos/adaptive-cubesat-adcs/cubesat-simulation/src/controller/src/../include/transducer.h: In instantiation of ‘[01m[KValue Transducer<UNIT, Value>::sense() [with long unsigned int UNIT = 3; Value = float][m[K’:
[34.329s] [01m[K/home/matheuswagner/repos/adaptive-cubesat-adcs/cubesat-simulation/src/controller/src/../include/transducer.h:16:23:[m[K   required from here
[34.330s] [01m[K/home/matheuswagner/repos/adaptive-cubesat-adcs/cubesat-simulation/src/controller/src/../include/transducer.h:16:31:[m[K [01;35m[Kwarning: [m[Kno return statement in function returning non-void [[01;35m[K-Wreturn-type[m[K]
[34.330s]    16 |         virtual Value sense(){[01;35m[K}[m[K
[34.330s]       |                               [01;35m[K^[m[K
[34.330s] In file included from [01m[K/home/matheuswagner/repos/adaptive-cubesat-adcs/cubesat-simulation/src/controller/src/../include/local_smartdata.h:4[m[K,
[34.330s]                  from [01m[K/home/matheuswagner/repos/adaptive-cubesat-adcs/cubesat-simulation/src/controller/src/controller.cpp:1[m[K:
[34.330s] /home/matheuswagner/repos/adaptive-cubesat-adcs/cubesat-simulation/src/controller/src/../include/smartdata.h: In instantiation of ‘[01m[KValue SmartData<Value>::value() [with Value = Eigen::Quaternion<float>][m[K’:
[34.331s] [01m[K/home/matheuswagner/repos/adaptive-cubesat-adcs/cubesat-simulation/src/controller/src/../include/smartdata.h:36:23:[m[K   required from here
[34.331s] [01m[K/home/matheuswagner/repos/adaptive-cubesat-adcs/cubesat-simulation/src/controller/src/../include/smartdata.h:36:31:[m[K [01;35m[Kwarning: [m[Kno return statement in function returning non-void [[01;35m[K-Wreturn-type[m[K]
[34.331s]    36 |         virtual Value value(){[01;35m[K}[m[K
[34.331s]       |                               [01;35m[K^[m[K
[34.331s] In file included from [01m[K/home/matheuswagner/repos/adaptive-cubesat-adcs/cubesat-simulation/src/controller/src/../include/smartdata.h:7[m[K,
[34.331s]                  from [01m[K/home/matheuswagner/repos/adaptive-cubesat-adcs/cubesat-simulation/src/controller/src/../include/local_smartdata.h:4[m[K,
[34.331s]                  from [01m[K/home/matheuswagner/repos/adaptive-cubesat-adcs/cubesat-simulation/src/controller/src/controller.cpp:1[m[K:
[34.332s] /home/matheuswagner/repos/adaptive-cubesat-adcs/cubesat-simulation/src/controller/src/../include/transducer.h: In instantiation of ‘[01m[Kvoid Transducer<UNIT, Value>::actuate(const Value&) [with long unsigned int UNIT = 4; Value = Eigen::Quaternion<float>][m[K’:
[34.332s] [01m[K/home/matheuswagner/repos/adaptive-cubesat-adcs/cubesat-simulation/src/controller/src/../include/transducer.h:17:22:[m[K   required from here
[34.332s] [01m[K/home/matheuswagner/repos/adaptive-cubesat-adcs/cubesat-simulation/src/controller/src/../include/transducer.h:17:43:[m[K [01;35m[Kwarning: [m[Kunused parameter ‘[01m[Kvalue[m[K’ [[01;35m[K-Wunused-parameter[m[K]
[34.332s]    17 |         virtual void actuate([01;35m[Kconst Value &value[m[K){}
[34.332s]       |                              [01;35m[K~~~~~~~~~~~~~^~~~~[m[K
[34.334s] /home/matheuswagner/repos/adaptive-cubesat-adcs/cubesat-simulation/src/controller/src/../include/transducer.h: In instantiation of ‘[01m[KValue Transducer<UNIT, Value>::sense() [with long unsigned int UNIT = 4; Value = Eigen::Quaternion<float>][m[K’:
[34.335s] [01m[K/home/matheuswagner/repos/adaptive-cubesat-adcs/cubesat-simulation/src/controller/src/../include/transducer.h:16:23:[m[K   required from here
[34.335s] [01m[K/home/matheuswagner/repos/adaptive-cubesat-adcs/cubesat-simulation/src/controller/src/../include/transducer.h:16:31:[m[K [01;35m[Kwarning: [m[Kno return statement in function returning non-void [[01;35m[K-Wreturn-type[m[K]
[34.335s]    16 |         virtual Value sense(){[01;35m[K}[m[K
[34.335s]       |                               [01;35m[K^[m[K
[34.360s] In file included from [01m[K/home/matheuswagner/repos/adaptive-cubesat-adcs/cubesat-simulation/src/controller/src/controller.cpp:3[m[K:
[34.361s] /home/matheuswagner/repos/adaptive-cubesat-adcs/cubesat-simulation/src/controller/src/../include/controller_smartdata.h: In instantiation of ‘[01m[Kvoid ControllerSmartData<Controller, Value>::updateDrive() [with Controller = HybridController; Value = float][m[K’:
[34.361s] [01m[K/home/matheuswagner/repos/adaptive-cubesat-adcs/cubesat-simulation/src/controller/src/../include/controller_smartdata.h:273:23:[m[K   required from ‘[01m[Kvoid ControllerSmartData<Controller, Value>::notify(int) [with Controller = HybridController; Value = float][m[K’
[34.361s] [01m[K/home/matheuswagner/repos/adaptive-cubesat-adcs/cubesat-simulation/src/controller/src/../include/controller_smartdata.h:238:14:[m[K   required from here
[34.361s] [01m[K/home/matheuswagner/repos/adaptive-cubesat-adcs/cubesat-simulation/src/controller/src/../include/controller_smartdata.h:208:29:[m[K [01;35m[Kwarning: [m[Kcomparison of integer expressions of different signedness: ‘[01m[Kint[m[K’ and ‘[01m[Kstd::vector<bool, std::allocator<bool> >::size_type[m[K’ {aka ‘[01m[Klong unsigned int[m[K’} [[01;35m[K-Wsign-compare[m[K]
[34.361s]   208 |             for(int i = 0; [01;35m[Ki<this->driveFreshnessList.size()[m[K; i++)
[34.361s]       |                            [01;35m[K~^~~~~~~~~~~~~~~~~~~~~~~~~~~~~~~~[m[K
[55.103s] [100%] [32m[1mLinking CXX executable controller[0m
[56.939s] [100%] Built target controller
[56.953s] Invoked command in '/home/matheuswagner/repos/adaptive-cubesat-adcs/cubesat-simulation/build/controller' returned '0': CMAKE_PREFIX_PATH=${CMAKE_PREFIX_PATH}:/home/matheuswagner/repos/adaptive-cubesat-adcs/cubesat-simulation/install/cubesat_description:/opt/ros/foxy /usr/bin/cmake --build /home/matheuswagner/repos/adaptive-cubesat-adcs/cubesat-simulation/build/controller -- -j8 -l8
[57.007s] Invoking command in '/home/matheuswagner/repos/adaptive-cubesat-adcs/cubesat-simulation/build/controller': CMAKE_PREFIX_PATH=${CMAKE_PREFIX_PATH}:/home/matheuswagner/repos/adaptive-cubesat-adcs/cubesat-simulation/install/cubesat_description:/opt/ros/foxy /usr/bin/cmake --install /home/matheuswagner/repos/adaptive-cubesat-adcs/cubesat-simulation/build/controller
[57.020s] -- Install configuration: ""
[57.020s] -- Installing: /home/matheuswagner/repos/adaptive-cubesat-adcs/cubesat-simulation/install/controller/lib/controller/controller
[57.035s] -- Set runtime path of "/home/matheuswagner/repos/adaptive-cubesat-adcs/cubesat-simulation/install/controller/lib/controller/controller" to ""
[57.035s] -- Up-to-date: /home/matheuswagner/repos/adaptive-cubesat-adcs/cubesat-simulation/install/controller/share/ament_index/resource_index/package_run_dependencies/controller
[57.036s] -- Up-to-date: /home/matheuswagner/repos/adaptive-cubesat-adcs/cubesat-simulation/install/controller/share/ament_index/resource_index/parent_prefix_path/controller
[57.036s] -- Up-to-date: /home/matheuswagner/repos/adaptive-cubesat-adcs/cubesat-simulation/install/controller/share/controller/environment/ament_prefix_path.sh
[57.036s] -- Up-to-date: /home/matheuswagner/repos/adaptive-cubesat-adcs/cubesat-simulation/install/controller/share/controller/environment/ament_prefix_path.dsv
[57.036s] -- Up-to-date: /home/matheuswagner/repos/adaptive-cubesat-adcs/cubesat-simulation/install/controller/share/controller/environment/path.sh
[57.036s] -- Up-to-date: /home/matheuswagner/repos/adaptive-cubesat-adcs/cubesat-simulation/install/controller/share/controller/environment/path.dsv
[57.037s] -- Up-to-date: /home/matheuswagner/repos/adaptive-cubesat-adcs/cubesat-simulation/install/controller/share/controller/local_setup.bash
[57.037s] -- Up-to-date: /home/matheuswagner/repos/adaptive-cubesat-adcs/cubesat-simulation/install/controller/share/controller/local_setup.sh
[57.037s] -- Up-to-date: /home/matheuswagner/repos/adaptive-cubesat-adcs/cubesat-simulation/install/controller/share/controller/local_setup.zsh
[57.037s] -- Up-to-date: /home/matheuswagner/repos/adaptive-cubesat-adcs/cubesat-simulation/install/controller/share/controller/local_setup.dsv
[57.037s] -- Installing: /home/matheuswagner/repos/adaptive-cubesat-adcs/cubesat-simulation/install/controller/share/controller/package.dsv
[57.037s] -- Up-to-date: /home/matheuswagner/repos/adaptive-cubesat-adcs/cubesat-simulation/install/controller/share/ament_index/resource_index/packages/controller
[57.037s] -- Up-to-date: /home/matheuswagner/repos/adaptive-cubesat-adcs/cubesat-simulation/install/controller/share/controller/cmake/controllerConfig.cmake
[57.037s] -- Up-to-date: /home/matheuswagner/repos/adaptive-cubesat-adcs/cubesat-simulation/install/controller/share/controller/cmake/controllerConfig-version.cmake
[57.038s] -- Up-to-date: /home/matheuswagner/repos/adaptive-cubesat-adcs/cubesat-simulation/install/controller/share/controller/package.xml
[57.039s] Invoked command in '/home/matheuswagner/repos/adaptive-cubesat-adcs/cubesat-simulation/build/controller' returned '0': CMAKE_PREFIX_PATH=${CMAKE_PREFIX_PATH}:/home/matheuswagner/repos/adaptive-cubesat-adcs/cubesat-simulation/install/cubesat_description:/opt/ros/foxy /usr/bin/cmake --install /home/matheuswagner/repos/adaptive-cubesat-adcs/cubesat-simulation/build/controller
