[0.712s] Invoking command in '/home/matheuswagner/repos/adaptive-cubesat-adcs/cubesat-simulation/build/cubesat_gazebo': CMAKE_PREFIX_PATH=${CMAKE_PREFIX_PATH}:/home/matheuswagner/repos/adaptive-cubesat-adcs/cubesat-simulation/install/cubesat_description:/opt/ros/dashing /usr/local/bin/cmake --build /home/matheuswagner/repos/adaptive-cubesat-adcs/cubesat-simulation/build/cubesat_gazebo -- -j8 -l8
[0.770s] Invoked command in '/home/matheuswagner/repos/adaptive-cubesat-adcs/cubesat-simulation/build/cubesat_gazebo' returned '0': CMAKE_PREFIX_PATH=${CMAKE_PREFIX_PATH}:/home/matheuswagner/repos/adaptive-cubesat-adcs/cubesat-simulation/install/cubesat_description:/opt/ros/dashing /usr/local/bin/cmake --build /home/matheuswagner/repos/adaptive-cubesat-adcs/cubesat-simulation/build/cubesat_gazebo -- -j8 -l8
[0.817s] Invoking command in '/home/matheuswagner/repos/adaptive-cubesat-adcs/cubesat-simulation/build/cubesat_gazebo': CMAKE_PREFIX_PATH=${CMAKE_PREFIX_PATH}:/home/matheuswagner/repos/adaptive-cubesat-adcs/cubesat-simulation/install/cubesat_description:/opt/ros/dashing /usr/local/bin/cmake --install /home/matheuswagner/repos/adaptive-cubesat-adcs/cubesat-simulation/build/cubesat_gazebo
[0.821s] -- Install configuration: ""
[0.822s] -- Execute custom install script
[0.823s] -- Up-to-date symlink: /home/matheuswagner/repos/adaptive-cubesat-adcs/cubesat-simulation/install/cubesat_gazebo/share/cubesat_gazebo//launch/cubesat.launch.py
[0.823s] -- Up-to-date symlink: /home/matheuswagner/repos/adaptive-cubesat-adcs/cubesat-simulation/install/cubesat_gazebo/share/cubesat_gazebo//launch/world.launch.py
[0.824s] -- Up-to-date symlink: /home/matheuswagner/repos/adaptive-cubesat-adcs/cubesat-simulation/install/cubesat_gazebo/share/cubesat_gazebo//worlds/cubesat.world
[0.824s] -- Up-to-date symlink: /home/matheuswagner/repos/adaptive-cubesat-adcs/cubesat-simulation/install/cubesat_gazebo/share/ament_index/resource_index/package_run_dependencies/cubesat_gazebo
[0.824s] -- Up-to-date symlink: /home/matheuswagner/repos/adaptive-cubesat-adcs/cubesat-simulation/install/cubesat_gazebo/share/ament_index/resource_index/parent_prefix_path/cubesat_gazebo
[0.825s] -- Up-to-date symlink: /home/matheuswagner/repos/adaptive-cubesat-adcs/cubesat-simulation/install/cubesat_gazebo/share/cubesat_gazebo/environment/ament_prefix_path.sh
[0.825s] -- Up-to-date symlink: /home/matheuswagner/repos/adaptive-cubesat-adcs/cubesat-simulation/install/cubesat_gazebo/share/cubesat_gazebo/environment/path.sh
[0.826s] -- Up-to-date symlink: /home/matheuswagner/repos/adaptive-cubesat-adcs/cubesat-simulation/install/cubesat_gazebo/share/cubesat_gazebo/local_setup.bash
[0.826s] -- Up-to-date symlink: /home/matheuswagner/repos/adaptive-cubesat-adcs/cubesat-simulation/install/cubesat_gazebo/share/cubesat_gazebo/local_setup.sh
[0.826s] -- Up-to-date symlink: /home/matheuswagner/repos/adaptive-cubesat-adcs/cubesat-simulation/install/cubesat_gazebo/share/cubesat_gazebo/local_setup.zsh
[0.827s] -- Up-to-date symlink: /home/matheuswagner/repos/adaptive-cubesat-adcs/cubesat-simulation/install/cubesat_gazebo/share/ament_index/resource_index/packages/cubesat_gazebo
[0.827s] -- Up-to-date symlink: /home/matheuswagner/repos/adaptive-cubesat-adcs/cubesat-simulation/install/cubesat_gazebo/share/cubesat_gazebo/cmake/cubesat_gazeboConfig.cmake
[0.827s] -- Up-to-date symlink: /home/matheuswagner/repos/adaptive-cubesat-adcs/cubesat-simulation/install/cubesat_gazebo/share/cubesat_gazebo/cmake/cubesat_gazeboConfig-version.cmake
[0.828s] -- Up-to-date symlink: /home/matheuswagner/repos/adaptive-cubesat-adcs/cubesat-simulation/install/cubesat_gazebo/share/cubesat_gazebo/package.xml
[0.837s] Invoked command in '/home/matheuswagner/repos/adaptive-cubesat-adcs/cubesat-simulation/build/cubesat_gazebo' returned '0': CMAKE_PREFIX_PATH=${CMAKE_PREFIX_PATH}:/home/matheuswagner/repos/adaptive-cubesat-adcs/cubesat-simulation/install/cubesat_description:/opt/ros/dashing /usr/local/bin/cmake --install /home/matheuswagner/repos/adaptive-cubesat-adcs/cubesat-simulation/build/cubesat_gazebo
