[0.051s] Invoking command in '/home/matheuswagner/repos/adaptive-cubesat-adcs/cubesat-simulation/build/smartdata_msgs': CMAKE_PREFIX_PATH=${CMAKE_PREFIX_PATH}:/opt/ros/dashing /usr/local/bin/cmake /home/matheuswagner/repos/adaptive-cubesat-adcs/cubesat-simulation/src/smartdata_msgs -DCMAKE_INSTALL_PREFIX=/home/matheuswagner/repos/adaptive-cubesat-adcs/cubesat-simulation/install/smartdata_msgs
[0.062s] -- Found ament_cmake: 0.7.6 (/home/matheuswagner/ros2_dashing/ros2-linux/share/ament_cmake/cmake)
[0.090s] -- Found PythonInterp: /usr/bin/python3 (found suitable version "3.6.9", minimum required is "3") 
[0.091s] -- Using PYTHON_EXECUTABLE: /usr/bin/python3
[0.390s] -- Found rosidl_default_generators: 0.7.0 (/home/matheuswagner/ros2_dashing/ros2-linux/share/rosidl_default_generators/cmake)
[0.424s] -- Could not find RTI Connext - skipping rosidl_typesupport_connext_c
[0.431s] -- Found rosidl_adapter: 0.7.10 (/home/matheuswagner/ros2_dashing/ros2-linux/share/rosidl_adapter/cmake)
[0.439s] -- Could not find RTI Connext - skipping rosidl_typesupport_connext_cpp
[0.551s] -- Could not find PrismTech OpenSplice - skipping rosidl_typesupport_opensplice_c
[0.553s] -- Could not find PrismTech OpenSplice - skipping rosidl_typesupport_opensplice_cpp
[0.593s] -- Found PythonInterp: /usr/bin/python3 (found version "3.6.9") 
[0.793s] -- Using all available rosidl_typesupport_c: rosidl_typesupport_connext_c;rosidl_typesupport_fastrtps_c;rosidl_typesupport_introspection_c;rosidl_typesupport_opensplice_c
[0.799s] -- Using all available rosidl_typesupport_cpp: rosidl_typesupport_connext_cpp;rosidl_typesupport_fastrtps_cpp;rosidl_typesupport_introspection_cpp;rosidl_typesupport_opensplice_cpp
[0.888s] -- Found rmw_implementation_cmake: 0.7.2 (/home/matheuswagner/ros2_dashing/ros2-linux/share/rmw_implementation_cmake/cmake)
[0.919s] -- Found PythonInterp: /usr/bin/python3 (found suitable version "3.6.9", minimum required is "3.5") 
[0.919s] -- Found python_cmake_module: 0.7.11 (/home/matheuswagner/ros2_dashing/ros2-linux/share/python_cmake_module/cmake)
[0.948s] -- Using PYTHON_EXECUTABLE: /usr/bin/python3
[0.948s] -- Using PYTHON_INCLUDE_DIRS: /usr/include/python3.6m
[0.948s] -- Using PYTHON_LIBRARIES: /usr/lib/x86_64-linux-gnu/libpython3.6m.so
[1.066s] -- Could not find PrismTech OpenSplice - skipping rmw_opensplice_cpp
[1.078s] -- Found ament_lint_auto: 0.7.12 (/home/matheuswagner/ros2_dashing/ros2-linux/share/ament_lint_auto/cmake)
[1.089s] -- Added test 'lint_cmake' to check CMake code style
[1.091s] -- Added test 'xmllint' to check XML markup files
[1.093s] CMake Error at /home/matheuswagner/ros2_dashing/ros2-linux/share/ament_cmake_core/cmake/environment_hooks/ament_environment_hooks.cmake:29 (message):
[1.093s]   ament_environment_hooks() must be called before
[1.094s]   ament_generate_package_environment() (which is invoked by ament_package())
[1.094s] Call Stack (most recent call first):
[1.094s]   /home/matheuswagner/ros2_dashing/ros2-linux/share/ament_cmake_core/cmake/environment_hooks/ament_cmake_environment_hooks_package_hook.cmake:20 (ament_environment_hooks)
[1.094s]   /home/matheuswagner/ros2_dashing/ros2-linux/share/ament_cmake_core/cmake/core/ament_execute_extensions.cmake:48 (include)
[1.094s]   /home/matheuswagner/ros2_dashing/ros2-linux/share/ament_cmake_core/cmake/core/ament_package.cmake:66 (ament_execute_extensions)
[1.094s]   CMakeLists.txt:43 (ament_package)
[1.094s] 
[1.094s] 
[1.094s] -- Configuring incomplete, errors occurred!
[1.094s] See also "/home/matheuswagner/repos/adaptive-cubesat-adcs/cubesat-simulation/build/smartdata_msgs/CMakeFiles/CMakeOutput.log".
[1.100s] Invoked command in '/home/matheuswagner/repos/adaptive-cubesat-adcs/cubesat-simulation/build/smartdata_msgs' returned '1': CMAKE_PREFIX_PATH=${CMAKE_PREFIX_PATH}:/opt/ros/dashing /usr/local/bin/cmake /home/matheuswagner/repos/adaptive-cubesat-adcs/cubesat-simulation/src/smartdata_msgs -DCMAKE_INSTALL_PREFIX=/home/matheuswagner/repos/adaptive-cubesat-adcs/cubesat-simulation/install/smartdata_msgs
