[0.990s] Invoking command in '/home/matheuswagner/repos/adaptive-cubesat-adcs/cubesat-simulation/build/cubesat_description': PYTHONPATH=/home/matheuswagner/repos/adaptive-cubesat-adcs/cubesat-simulation/install/cubesat_description/lib/python3.6/site-packages:${PYTHONPATH} /usr/bin/python3 setup.py develop --prefix /home/matheuswagner/repos/adaptive-cubesat-adcs/cubesat-simulation/install/cubesat_description --editable --build-directory /home/matheuswagner/repos/adaptive-cubesat-adcs/cubesat-simulation/build/cubesat_description/build --no-deps install_data --install-dir /home/matheuswagner/repos/adaptive-cubesat-adcs/cubesat-simulation/install/cubesat_description
[1.221s] /home/matheuswagner/.local/lib/python3.6/site-packages/setuptools/dist.py:726: UserWarning: Usage of dash-separated 'script-dir' will not be supported in future versions. Please use the underscore name 'script_dir' instead
[1.221s]   % (opt, underscore_opt)
[1.222s] /home/matheuswagner/.local/lib/python3.6/site-packages/setuptools/dist.py:726: UserWarning: Usage of dash-separated 'install-scripts' will not be supported in future versions. Please use the underscore name 'install_scripts' instead
[1.222s]   % (opt, underscore_opt)
[1.264s] running develop
[1.265s] /home/matheuswagner/.local/lib/python3.6/site-packages/setuptools/command/easy_install.py:159: EasyInstallDeprecationWarning: easy_install command is deprecated. Use build and pip and other standards-based tools.
[1.265s]   EasyInstallDeprecationWarning,
[1.266s] /home/matheuswagner/.local/lib/python3.6/site-packages/setuptools/command/install.py:37: SetuptoolsDeprecationWarning: setup.py install is deprecated. Use build and pip and other standards-based tools.
[1.266s]   setuptools.SetuptoolsDeprecationWarning,
[1.313s] /home/matheuswagner/.local/lib/python3.6/site-packages/pkg_resources/__init__.py:119: PkgResourcesDeprecationWarning: 0.18ubuntu0.18.04.1 is an invalid version and will not be supported in a future release
[1.313s]   PkgResourcesDeprecationWarning,
[1.395s] running egg_info
[1.395s] writing cubesat_description.egg-info/PKG-INFO
[1.395s] writing dependency_links to cubesat_description.egg-info/dependency_links.txt
[1.396s] writing entry points to cubesat_description.egg-info/entry_points.txt
[1.396s] writing requirements to cubesat_description.egg-info/requires.txt
[1.396s] writing top-level names to cubesat_description.egg-info/top_level.txt
[1.397s] reading manifest file 'cubesat_description.egg-info/SOURCES.txt'
[1.398s] writing manifest file 'cubesat_description.egg-info/SOURCES.txt'
[1.399s] running build_ext
[1.399s] Creating /home/matheuswagner/repos/adaptive-cubesat-adcs/cubesat-simulation/install/cubesat_description/lib/python3.6/site-packages/cubesat-description.egg-link (link to .)
[1.400s] 
[1.400s] Installed /home/matheuswagner/repos/adaptive-cubesat-adcs/cubesat-simulation/build/cubesat_description
[1.400s] running install_data
[1.400s] copying spawn_cubesat.py -> /home/matheuswagner/repos/adaptive-cubesat-adcs/cubesat-simulation/install/cubesat_description/lib/cubesat_description/
[1.427s] Invoked command in '/home/matheuswagner/repos/adaptive-cubesat-adcs/cubesat-simulation/build/cubesat_description' returned '0': PYTHONPATH=/home/matheuswagner/repos/adaptive-cubesat-adcs/cubesat-simulation/install/cubesat_description/lib/python3.6/site-packages:${PYTHONPATH} /usr/bin/python3 setup.py develop --prefix /home/matheuswagner/repos/adaptive-cubesat-adcs/cubesat-simulation/install/cubesat_description --editable --build-directory /home/matheuswagner/repos/adaptive-cubesat-adcs/cubesat-simulation/build/cubesat_description/build --no-deps install_data --install-dir /home/matheuswagner/repos/adaptive-cubesat-adcs/cubesat-simulation/install/cubesat_description
