[0.085s] Invoking command in '/home/matheuswagner/repos/adaptive-cubesat-adcs/cubesat-simulation/build/concept': CMAKE_PREFIX_PATH=${CMAKE_PREFIX_PATH}:/home/matheuswagner/repos/adaptive-cubesat-adcs/cubesat-simulation/install/cubesat_description:/opt/ros/dashing /usr/local/bin/cmake --build /home/matheuswagner/repos/adaptive-cubesat-adcs/cubesat-simulation/build/concept -- -j8 -l8
[0.122s] [ 50%] [32mBuilding CXX object CMakeFiles/concept.dir/src/concept.cpp.o[0m
[0.253s] In file included from [01m[K/home/matheuswagner/repos/adaptive-cubesat-adcs/cubesat-simulation/src/concept/src/../include/local_smartdata.h:4:0[m[K,
[0.253s]                  from [01m[K/home/matheuswagner/repos/adaptive-cubesat-adcs/cubesat-simulation/src/concept/src/concept.cpp:1[m[K:
[0.253s] [01m[K/home/matheuswagner/repos/adaptive-cubesat-adcs/cubesat-simulation/src/concept/src/../include/smartdata.h:7:52:[m[K [01;31m[Kerror: [m[K‘[01m[KController[m[K’ was not declared in this scope
[0.254s]  class SmartData : public Observer, public Observed<[01;31m[KController[m[K>
[0.254s]                                                     [01;31m[K^~~~~~~~~~[m[K
[0.255s] [01m[K/home/matheuswagner/repos/adaptive-cubesat-adcs/cubesat-simulation/src/concept/src/../include/smartdata.h:7:52:[m[K [01;36m[Knote: [m[Ksuggested alternative: ‘[01m[K__controller_h[m[K’
[0.255s]  class SmartData : public Observer, public Observed<[01;36m[KController[m[K>
[0.255s]                                                     [01;36m[K^~~~~~~~~~[m[K
[0.255s]                                                     [32m[K__controller_h[m[K
[0.255s] [01m[K/home/matheuswagner/repos/adaptive-cubesat-adcs/cubesat-simulation/src/concept/src/../include/smartdata.h:7:62:[m[K [01;31m[Kerror: [m[Ktemplate argument 1 is invalid
[0.255s]  class SmartData : public Observer, public Observed<Controller[01;31m[K>[m[K
[0.255s]                                                               [01;31m[K^[m[K
[1.246s] In file included from [01m[K/home/matheuswagner/repos/adaptive-cubesat-adcs/cubesat-simulation/src/concept/src/concept.cpp:3:0[m[K:
[1.246s] [01m[K/home/matheuswagner/repos/adaptive-cubesat-adcs/cubesat-simulation/src/concept/src/../include/plugin_amperimeter.h:[m[K In member function ‘[01m[Kvoid PluginAmperimeter::handleInterrupt(std_msgs::msg::Float32_<std::allocator<void> >::SharedPtr)[m[K’:
[1.246s] [01m[K/home/matheuswagner/repos/adaptive-cubesat-adcs/cubesat-simulation/src/concept/src/../include/plugin_amperimeter.h:46:30:[m[K [01;31m[Kerror: [m[K‘[01m[Kclass SmartData[m[K’ has no member named ‘[01m[KsmartdataValue[m[K’; did you mean ‘[01m[KSmartData[m[K’?
[1.246s]              this->smartdata->[01;31m[KsmartdataValue[m[K = this->value;
[1.246s]                               [01;31m[K^~~~~~~~~~~~~~[m[K
[1.246s]                               [32m[KSmartData[m[K
[1.249s] In file included from [01m[K/home/matheuswagner/repos/adaptive-cubesat-adcs/cubesat-simulation/src/concept/src/concept.cpp:4:0[m[K:
[1.249s] [01m[K/home/matheuswagner/repos/adaptive-cubesat-adcs/cubesat-simulation/src/concept/src/../include/plugin_motor_driver.h:[m[K At global scope:
[1.249s] [01m[K/home/matheuswagner/repos/adaptive-cubesat-adcs/cubesat-simulation/src/concept/src/../include/plugin_motor_driver.h:21:39:[m[K [01;31m[Kerror: [m[Kexpected ‘[01m[K)[m[K’ before ‘[01m[KnodeName[m[K’
[1.249s]          PluginAmperimeter(std::string [01;31m[KnodeName[m[K) : Node(nodeName)
[1.249s]                                        [01;31m[K^~~~~~~~[m[K
[1.264s] In file included from [01m[K/home/matheuswagner/repos/adaptive-cubesat-adcs/cubesat-simulation/src/concept/src/concept.cpp:5:0[m[K:
[1.264s] [01m[K/home/matheuswagner/repos/adaptive-cubesat-adcs/cubesat-simulation/src/concept/src/../include/proportional_controller.h:[m[K In member function ‘[01m[Kvirtual void ProportionalController::control()[m[K’:
[1.264s] [01m[K/home/matheuswagner/repos/adaptive-cubesat-adcs/cubesat-simulation/src/concept/src/../include/proportional_controller.h:36:29:[m[K [01;35m[Kwarning: [m[Kcomparison between signed and unsigned integer expressions [[01;35m[K-Wsign-compare[m[K]
[1.264s]              for(int i = 0; [01;35m[Ki<this->inputSmartData->size()[m[K; i++)
[1.264s]                             [01;35m[K~^~~~~~~~~~~~~~~~~~~~~~~~~~~~~[m[K
[1.264s] [01m[K/home/matheuswagner/repos/adaptive-cubesat-adcs/cubesat-simulation/src/concept/src/../include/proportional_controller.h:40:29:[m[K [01;35m[Kwarning: [m[Kcomparison between signed and unsigned integer expressions [[01;35m[K-Wsign-compare[m[K]
[1.264s]              for(int i = 0; [01;35m[Ki<this->outputSmartData->size()[m[K; i++)
[1.264s]                             [01;35m[K~^~~~~~~~~~~~~~~~~~~~~~~~~~~~~~[m[K
[1.264s] [01m[K/home/matheuswagner/repos/adaptive-cubesat-adcs/cubesat-simulation/src/concept/src/../include/proportional_controller.h:42:47:[m[K [01;31m[Kerror: [m[K‘[01m[Kclass SmartData[m[K’ has no member named ‘[01m[KsmartdataValue[m[K’; did you mean ‘[01m[KSmartData[m[K’?
[1.265s]                  this->outputSmartData->at(i)->[01;31m[KsmartdataValue[m[K = this->controlSignal;
[1.265s]                                                [01;31m[K^~~~~~~~~~~~~~[m[K
[1.265s]                                                [32m[KSmartData[m[K
[1.339s] In file included from [01m[K/home/matheuswagner/repos/adaptive-cubesat-adcs/cubesat-simulation/src/concept/src/../include/local_smartdata.h:4:0[m[K,
[1.339s]                  from [01m[K/home/matheuswagner/repos/adaptive-cubesat-adcs/cubesat-simulation/src/concept/src/concept.cpp:1[m[K:
[1.339s] /home/matheuswagner/repos/adaptive-cubesat-adcs/cubesat-simulation/src/concept/src/../include/smartdata.h: In instantiation of ‘[01m[KValue SmartData::update() [with Value = float][m[K’:
[1.339s] [01m[K/home/matheuswagner/repos/adaptive-cubesat-adcs/cubesat-simulation/src/concept/src/../include/plugin_amperimeter.h:47:44:[m[K   required from here
[1.339s] [01m[K/home/matheuswagner/repos/adaptive-cubesat-adcs/cubesat-simulation/src/concept/src/../include/smartdata.h:36:24:[m[K [01;35m[Kwarning: [m[Kno return statement in function returning non-void [[01;35m[K-Wreturn-type[m[K]
[1.339s]          Value update(){[01;35m[K}[m[K
[1.339s]                         [01;35m[K^[m[K
[1.340s] /home/matheuswagner/repos/adaptive-cubesat-adcs/cubesat-simulation/src/concept/src/../include/smartdata.h: In instantiation of ‘[01m[KValue SmartData::value() [with Value = float][m[K’:
[1.341s] [01m[K/home/matheuswagner/repos/adaptive-cubesat-adcs/cubesat-simulation/src/concept/src/../include/plugin_motor_driver.h:44:58:[m[K   required from here
[1.341s] [01m[K/home/matheuswagner/repos/adaptive-cubesat-adcs/cubesat-simulation/src/concept/src/../include/smartdata.h:33:23:[m[K [01;35m[Kwarning: [m[Kno return statement in function returning non-void [[01;35m[K-Wreturn-type[m[K]
[1.341s]          Value value(){[01;35m[K}[m[K
[1.341s]                        [01;35m[K^[m[K
[1.346s] In file included from [01m[K/home/matheuswagner/repos/adaptive-cubesat-adcs/cubesat-simulation/src/concept/src/concept.cpp:1:0[m[K:
[1.346s] /home/matheuswagner/repos/adaptive-cubesat-adcs/cubesat-simulation/src/concept/src/../include/local_smartdata.h: In instantiation of ‘[01m[KLocalSmartData<Value, Transducer>::LocalSmartData(int, long unsigned int, long unsigned int, int) [with Value = float; Transducer = PluginAmperimeter][m[K’:
[1.346s] [01m[K/home/matheuswagner/repos/adaptive-cubesat-adcs/cubesat-simulation/src/concept/src/concept.cpp:13:71:[m[K   required from here
[1.346s] [01m[K/home/matheuswagner/repos/adaptive-cubesat-adcs/cubesat-simulation/src/concept/src/../include/local_smartdata.h:42:55:[m[K [01;31m[Kerror: [m[K‘[01m[Kstatic std::__cxx11::string TopicServer::serve(long unsigned int, int)[m[K’ is private within this context
[1.347s]              std::string topicName = [01;31m[KTopicServer::serve(this->transducer->UNIT, dev)[m[K;
[1.347s]                                      [01;31m[K~~~~~~~~~~~~~~~~~~^~~~~~~~~~~~~~~~~~~~~~~~~~~~~[m[K
[1.347s] In file included from [01m[K/home/matheuswagner/repos/adaptive-cubesat-adcs/cubesat-simulation/src/concept/src/../include/local_smartdata.h:8:0[m[K,
[1.347s]                  from [01m[K/home/matheuswagner/repos/adaptive-cubesat-adcs/cubesat-simulation/src/concept/src/concept.cpp:1[m[K:
[1.347s] [01m[K/home/matheuswagner/repos/adaptive-cubesat-adcs/cubesat-simulation/src/concept/src/../include/topic_server.h:9:24:[m[K [01;36m[Knote: [m[Kdeclared private here
[1.347s]      static std::string [01;36m[Kserve[m[K(unsigned long unit, int dev)
[1.347s]                         [01;36m[K^~~~~[m[K
[1.347s] In file included from [01m[K/home/matheuswagner/repos/adaptive-cubesat-adcs/cubesat-simulation/src/concept/src/concept.cpp:1:0[m[K:
[1.347s] [01m[K/home/matheuswagner/repos/adaptive-cubesat-adcs/cubesat-simulation/src/concept/src/../include/local_smartdata.h:42:74:[m[K [01;31m[Kerror: [m[K‘[01m[Kusing element_type = class PluginAmperimeter {aka class PluginAmperimeter}[m[K’ has no member named ‘[01m[KUNIT[m[K’
[1.348s]              std::string topicName = TopicServer::serve([01;31m[Kthis->transducer->UNIT[m[K, dev);
[1.348s]                                                         [01;31m[K~~~~~~~~~~~~~~~~~~^~~~[m[K
[1.898s] /home/matheuswagner/repos/adaptive-cubesat-adcs/cubesat-simulation/src/concept/src/../include/local_smartdata.h: In instantiation of ‘[01m[Kvoid LocalSmartData<Value, Transducer>::notify() [with Value = float; Transducer = PluginAmperimeter][m[K’:
[1.899s] [01m[K/home/matheuswagner/repos/adaptive-cubesat-adcs/cubesat-simulation/src/concept/src/concept.cpp:46:1:[m[K   required from here
[1.899s] [01m[K/home/matheuswagner/repos/adaptive-cubesat-adcs/cubesat-simulation/src/concept/src/../include/local_smartdata.h:73:17:[m[K [01;31m[Kerror: [m[Kno matching function for call to ‘[01m[KPluginAmperimeter::handleInterrupt()[m[K’
[1.900s]                  [01;31m[Kthis[m[K->transducer->handleInterrupt();
[1.900s]                  [01;31m[K^~~~[m[K
[1.900s] In file included from [01m[K/home/matheuswagner/repos/adaptive-cubesat-adcs/cubesat-simulation/src/concept/src/concept.cpp:3:0[m[K:
[1.900s] [01m[K/home/matheuswagner/repos/adaptive-cubesat-adcs/cubesat-simulation/src/concept/src/../include/plugin_amperimeter.h:43:14:[m[K [01;36m[Knote: [m[Kcandidate: void PluginAmperimeter::handleInterrupt(std_msgs::msg::Float32_<std::allocator<void> >::SharedPtr)
[1.900s]          void [01;36m[KhandleInterrupt[m[K(std_msgs::msg::Float32::SharedPtr message)
[1.900s]               [01;36m[K^~~~~~~~~~~~~~~[m[K
[1.900s] [01m[K/home/matheuswagner/repos/adaptive-cubesat-adcs/cubesat-simulation/src/concept/src/../include/plugin_amperimeter.h:43:14:[m[K [01;36m[Knote: [m[K  candidate expects 1 argument, 0 provided
[1.901s] In file included from [01m[K/home/matheuswagner/repos/adaptive-cubesat-adcs/cubesat-simulation/src/concept/src/../include/local_smartdata.h:5:0[m[K,
[1.901s]                  from [01m[K/home/matheuswagner/repos/adaptive-cubesat-adcs/cubesat-simulation/src/concept/src/concept.cpp:1[m[K:
[1.901s] /home/matheuswagner/repos/adaptive-cubesat-adcs/cubesat-simulation/src/concept/src/../include/transducer.h: In instantiation of ‘[01m[Kvoid Transducer<UNIT, Value>::actuate(const Value&) [with long unsigned int UNIT = 1; Value = float][m[K’:
[1.901s] [01m[K/home/matheuswagner/repos/adaptive-cubesat-adcs/cubesat-simulation/src/concept/src/concept.cpp:46:1:[m[K   required from here
[1.901s] [01m[K/home/matheuswagner/repos/adaptive-cubesat-adcs/cubesat-simulation/src/concept/src/../include/transducer.h:17:43:[m[K [01;35m[Kwarning: [m[Kunused parameter ‘[01m[Kvalue[m[K’ [[01;35m[K-Wunused-parameter[m[K]
[1.901s]          virtual void actuate(const Value &[01;35m[Kvalue[m[K){}
[1.901s]                                            [01;35m[K^~~~~[m[K
[1.940s] /home/matheuswagner/repos/adaptive-cubesat-adcs/cubesat-simulation/src/concept/src/../include/transducer.h: In instantiation of ‘[01m[KValue Transducer<UNIT, Value>::sense() [with long unsigned int UNIT = 1; Value = float][m[K’:
[1.940s] [01m[K/home/matheuswagner/repos/adaptive-cubesat-adcs/cubesat-simulation/src/concept/src/concept.cpp:46:1:[m[K   required from here
[1.940s] [01m[K/home/matheuswagner/repos/adaptive-cubesat-adcs/cubesat-simulation/src/concept/src/../include/transducer.h:16:31:[m[K [01;35m[Kwarning: [m[Kno return statement in function returning non-void [[01;35m[K-Wreturn-type[m[K]
[1.940s]          virtual Value sense(){[01;35m[K}[m[K
[1.940s]                                [01;35m[K^[m[K
[2.066s] CMakeFiles/concept.dir/build.make:81: recipe for target 'CMakeFiles/concept.dir/src/concept.cpp.o' failed
[2.067s] make[2]: *** [CMakeFiles/concept.dir/src/concept.cpp.o] Error 1
[2.067s] CMakeFiles/Makefile2:122: recipe for target 'CMakeFiles/concept.dir/all' failed
[2.067s] make[1]: *** [CMakeFiles/concept.dir/all] Error 2
[2.067s] Makefile:159: recipe for target 'all' failed
[2.067s] make: *** [all] Error 2
[2.069s] Invoked command in '/home/matheuswagner/repos/adaptive-cubesat-adcs/cubesat-simulation/build/concept' returned '2': CMAKE_PREFIX_PATH=${CMAKE_PREFIX_PATH}:/home/matheuswagner/repos/adaptive-cubesat-adcs/cubesat-simulation/install/cubesat_description:/opt/ros/dashing /usr/local/bin/cmake --build /home/matheuswagner/repos/adaptive-cubesat-adcs/cubesat-simulation/build/concept -- -j8 -l8
