[0.062s] Invoking command in '/home/matheuswagner/repos/adaptive-cubesat-adcs/cubesat-simulation/build/concept': CMAKE_PREFIX_PATH=${CMAKE_PREFIX_PATH}:/home/matheuswagner/repos/adaptive-cubesat-adcs/cubesat-simulation/install/cubesat_description:/opt/ros/dashing /usr/local/bin/cmake --build /home/matheuswagner/repos/adaptive-cubesat-adcs/cubesat-simulation/build/concept -- -j8 -l8
[0.096s] [ 50%] [32mBuilding CXX object CMakeFiles/concept.dir/src/concept.cpp.o[0m
[0.239s] In file included from [01m[K/home/matheuswagner/repos/adaptive-cubesat-adcs/cubesat-simulation/src/concept/src/../include/smartdata.h:4:0[m[K,
[0.239s]                  from [01m[K/home/matheuswagner/repos/adaptive-cubesat-adcs/cubesat-simulation/src/concept/src/../include/local_smartdata.h:4[m[K,
[0.240s]                  from [01m[K/home/matheuswagner/repos/adaptive-cubesat-adcs/cubesat-simulation/src/concept/src/concept.cpp:1[m[K:
[0.240s] [01m[K/home/matheuswagner/repos/adaptive-cubesat-adcs/cubesat-simulation/src/concept/src/../include/observed.h:10:24:[m[K [01;31m[Kerror: [m[K‘[01m[Kshared_ptr[m[K’ is not a member of ‘[01m[Kstd[m[K’
[0.240s]          std::list<std::[01;31m[Kshared_ptr[m[K<T>> observers;
[0.240s]                         [01;31m[K^~~~~~~~~~[m[K
[0.240s] [01m[K/home/matheuswagner/repos/adaptive-cubesat-adcs/cubesat-simulation/src/concept/src/../include/observed.h:10:24:[m[K [01;31m[Kerror: [m[K‘[01m[Kshared_ptr[m[K’ is not a member of ‘[01m[Kstd[m[K’
[0.240s] [01m[K/home/matheuswagner/repos/adaptive-cubesat-adcs/cubesat-simulation/src/concept/src/../include/observed.h:10:35:[m[K [01;31m[Kerror: [m[Ktemplate argument 1 is invalid
[0.240s]          std::list<std::shared_ptr<[01;31m[KT[m[K>> observers;
[0.241s]                                    [01;31m[K^[m[K
[0.241s] [01m[K/home/matheuswagner/repos/adaptive-cubesat-adcs/cubesat-simulation/src/concept/src/../include/observed.h:10:35:[m[K [01;31m[Kerror: [m[Ktemplate argument 2 is invalid
[0.241s] [01m[K/home/matheuswagner/repos/adaptive-cubesat-adcs/cubesat-simulation/src/concept/src/../include/observed.h:10:36:[m[K [01;31m[Kerror: [m[Kexpected unqualified-id before ‘[01m[K>[m[K’ token
[0.241s]          std::list<std::shared_ptr<T[01;31m[K>>[m[K observers;
[0.241s]                                     [01;31m[K^~[m[K
[0.241s] [01m[K/home/matheuswagner/repos/adaptive-cubesat-adcs/cubesat-simulation/src/concept/src/../include/observed.h:14:34:[m[K [01;31m[Kerror: [m[K‘[01m[Kstd::shared_ptr[m[K’ has not been declared
[0.241s]          void startObserving(std::[01;31m[Kshared_ptr[m[K<T> observer)
[0.241s]                                   [01;31m[K^~~~~~~~~~[m[K
[0.241s] [01m[K/home/matheuswagner/repos/adaptive-cubesat-adcs/cubesat-simulation/src/concept/src/../include/observed.h:14:44:[m[K [01;31m[Kerror: [m[Kexpected ‘[01m[K,[m[K’ or ‘[01m[K...[m[K’ before ‘[01m[K<[m[K’ token
[0.242s]          void startObserving(std::shared_ptr[01;31m[K<[m[KT> observer)
[0.242s]                                             [01;31m[K^[m[K
[0.243s] [01m[K/home/matheuswagner/repos/adaptive-cubesat-adcs/cubesat-simulation/src/concept/src/../include/observed.h:[m[K In member function ‘[01m[Kvoid Observed<T>::startObserving(int)[m[K’:
[0.243s] [01m[K/home/matheuswagner/repos/adaptive-cubesat-adcs/cubesat-simulation/src/concept/src/../include/observed.h:16:13:[m[K [01;31m[Kerror: [m[K‘[01m[Kobservers[m[K’ was not declared in this scope
[0.243s]              [01;31m[Kobservers[m[K.push_front(observer);
[0.243s]              [01;31m[K^~~~~~~~~[m[K
[0.243s] [01m[K/home/matheuswagner/repos/adaptive-cubesat-adcs/cubesat-simulation/src/concept/src/../include/observed.h:16:13:[m[K [01;36m[Knote: [m[Ksuggested alternative: ‘[01m[KObserved[m[K’
[0.243s]              [01;36m[Kobservers[m[K.push_front(observer);
[0.244s]              [01;36m[K^~~~~~~~~[m[K
[0.244s]              [32m[KObserved[m[K
[0.244s] [01m[K/home/matheuswagner/repos/adaptive-cubesat-adcs/cubesat-simulation/src/concept/src/../include/observed.h:16:34:[m[K [01;31m[Kerror: [m[K‘[01m[Kobserver[m[K’ was not declared in this scope
[0.244s]              observers.push_front([01;31m[Kobserver[m[K);
[0.244s]                                   [01;31m[K^~~~~~~~[m[K
[0.244s] [01m[K/home/matheuswagner/repos/adaptive-cubesat-adcs/cubesat-simulation/src/concept/src/../include/observed.h:16:34:[m[K [01;36m[Knote: [m[Ksuggested alternative: ‘[01m[KObserved[m[K’
[0.244s]              observers.push_front([01;36m[Kobserver[m[K);
[0.245s]                                   [01;36m[K^~~~~~~~[m[K
[0.245s]                                   [32m[KObserved[m[K
[0.245s] [01m[K/home/matheuswagner/repos/adaptive-cubesat-adcs/cubesat-simulation/src/concept/src/../include/observed.h:[m[K In member function ‘[01m[Kvoid Observed<T>::notifyObservers()[m[K’:
[0.245s] [01m[K/home/matheuswagner/repos/adaptive-cubesat-adcs/cubesat-simulation/src/concept/src/../include/observed.h:21:42:[m[K [01;31m[Kerror: [m[K‘[01m[Kshared_ptr[m[K’ is not a member of ‘[01m[Kstd[m[K’
[0.245s]              for (typename std::list<std::[01;31m[Kshared_ptr[m[K<T>>::iterator it = this->observers.begin(); it != this->observers.end(); ++it)
[0.245s]                                           [01;31m[K^~~~~~~~~~[m[K
[0.245s] [01m[K/home/matheuswagner/repos/adaptive-cubesat-adcs/cubesat-simulation/src/concept/src/../include/observed.h:21:42:[m[K [01;31m[Kerror: [m[K‘[01m[Kshared_ptr[m[K’ is not a member of ‘[01m[Kstd[m[K’
[0.245s] [01m[K/home/matheuswagner/repos/adaptive-cubesat-adcs/cubesat-simulation/src/concept/src/../include/observed.h:21:53:[m[K [01;31m[Kerror: [m[Ktemplate argument 1 is invalid
[0.246s]              for (typename std::list<std::shared_ptr<[01;31m[KT[m[K>>::iterator it = this->observers.begin(); it != this->observers.end(); ++it)
[0.246s]                                                      [01;31m[K^[m[K
[0.246s] [01m[K/home/matheuswagner/repos/adaptive-cubesat-adcs/cubesat-simulation/src/concept/src/../include/observed.h:21:53:[m[K [01;31m[Kerror: [m[Ktemplate argument 2 is invalid
[0.246s] [01m[K/home/matheuswagner/repos/adaptive-cubesat-adcs/cubesat-simulation/src/concept/src/../include/observed.h:21:54:[m[K [01;31m[Kerror: [m[Kexpected identifier before ‘[01m[K>[m[K’ token
[0.246s]              for (typename std::list<std::shared_ptr<T[01;31m[K>>[m[K::iterator it = this->observers.begin(); it != this->observers.end(); ++it)
[0.246s]                                                       [01;31m[K^~[m[K
[0.247s] [01m[K/home/matheuswagner/repos/adaptive-cubesat-adcs/cubesat-simulation/src/concept/src/../include/observed.h:21:54:[m[K [01;31m[Kerror: [m[Kexpected ‘[01m[K([m[K’ before ‘[01m[K>[m[K’ token
[0.247s] [01m[K/home/matheuswagner/repos/adaptive-cubesat-adcs/cubesat-simulation/src/concept/src/../include/observed.h:21:58:[m[K [01;31m[Kerror: [m[K‘[01m[K::iterator[m[K’ has not been declared
[0.247s]              for (typename std::list<std::shared_ptr<T>>::[01;31m[Kiterator[m[K it = this->observers.begin(); it != this->observers.end(); ++it)
[0.247s]                                                           [01;31m[K^~~~~~~~[m[K
[0.248s] [01m[K/home/matheuswagner/repos/adaptive-cubesat-adcs/cubesat-simulation/src/concept/src/../include/observed.h:21:58:[m[K [01;36m[Knote: [m[Ksuggested alternatives:
[0.248s] In file included from [01m[K/usr/include/c++/7/bits/stl_algobase.h:65:0[m[K,
[0.248s]                  from [01m[K/usr/include/c++/7/list:60[m[K,
[0.248s]                  from [01m[K/home/matheuswagner/repos/adaptive-cubesat-adcs/cubesat-simulation/src/concept/src/../include/observed.h:4[m[K,
[0.248s]                  from [01m[K/home/matheuswagner/repos/adaptive-cubesat-adcs/cubesat-simulation/src/concept/src/../include/smartdata.h:4[m[K,
[0.249s]                  from [01m[K/home/matheuswagner/repos/adaptive-cubesat-adcs/cubesat-simulation/src/concept/src/../include/local_smartdata.h:4[m[K,
[0.249s]                  from [01m[K/home/matheuswagner/repos/adaptive-cubesat-adcs/cubesat-simulation/src/concept/src/concept.cpp:1[m[K:
[0.249s] [01m[K/usr/include/c++/7/bits/stl_iterator_base_types.h:118:12:[m[K [01;36m[Knote: [m[K  ‘[01m[Kstd::iterator[m[K’
[0.249s]      struct [01;36m[Kiterator[m[K
[0.249s]             [01;36m[K^~~~~~~~[m[K
[0.249s] [01m[K/usr/include/c++/7/bits/stl_iterator_base_types.h:118:12:[m[K [01;36m[Knote: [m[K  ‘[01m[Kstd::iterator[m[K’
[0.249s] In file included from [01m[K/home/matheuswagner/repos/adaptive-cubesat-adcs/cubesat-simulation/src/concept/src/../include/smartdata.h:4:0[m[K,
[0.250s]                  from [01m[K/home/matheuswagner/repos/adaptive-cubesat-adcs/cubesat-simulation/src/concept/src/../include/local_smartdata.h:4[m[K,
[0.250s]                  from [01m[K/home/matheuswagner/repos/adaptive-cubesat-adcs/cubesat-simulation/src/concept/src/concept.cpp:1[m[K:
[0.250s] [01m[K/home/matheuswagner/repos/adaptive-cubesat-adcs/cubesat-simulation/src/concept/src/../include/observed.h:21:97:[m[K [01;31m[Kerror: [m[K‘[01m[Kit[m[K’ was not declared in this scope
[0.250s]              for (typename std::list<std::shared_ptr<T>>::iterator it = this->observers.begin(); [01;31m[Kit[m[K != this->observers.end(); ++it)
[0.250s]                                                                                                  [01;31m[K^~[m[K
[0.250s] [01m[K/home/matheuswagner/repos/adaptive-cubesat-adcs/cubesat-simulation/src/concept/src/../include/observed.h:21:97:[m[K [01;36m[Knote: [m[Ksuggested alternative: ‘[01m[Kid[m[K’
[0.251s]              for (typename std::list<std::shared_ptr<T>>::iterator it = this->observers.begin(); [01;36m[Kit[m[K != this->observers.end(); ++it)
[0.251s]                                                                                                  [01;36m[K^~[m[K
[0.251s]                                                                                                  [32m[Kid[m[K
[0.251s] In file included from [01m[K/home/matheuswagner/repos/adaptive-cubesat-adcs/cubesat-simulation/src/concept/src/../include/smartdata.h:4:0[m[K,
[0.251s]                  from [01m[K/home/matheuswagner/repos/adaptive-cubesat-adcs/cubesat-simulation/src/concept/src/../include/local_smartdata.h:4[m[K,
[0.251s]                  from [01m[K/home/matheuswagner/repos/adaptive-cubesat-adcs/cubesat-simulation/src/concept/src/concept.cpp:1[m[K:
[0.251s] [01m[K/home/matheuswagner/repos/adaptive-cubesat-adcs/cubesat-simulation/src/concept/src/../include/observed.h:[m[K In member function ‘[01m[Kvoid Observed<T>::notifyObserversWithId()[m[K’:
[0.251s] [01m[K/home/matheuswagner/repos/adaptive-cubesat-adcs/cubesat-simulation/src/concept/src/../include/observed.h:34:42:[m[K [01;31m[Kerror: [m[K‘[01m[Kshared_ptr[m[K’ is not a member of ‘[01m[Kstd[m[K’
[0.252s]              for (typename std::list<std::[01;31m[Kshared_ptr[m[K<T>>::iterator it = this->observers.begin(); it != this->observers.end(); ++it)
[0.252s]                                           [01;31m[K^~~~~~~~~~[m[K
[0.252s] [01m[K/home/matheuswagner/repos/adaptive-cubesat-adcs/cubesat-simulation/src/concept/src/../include/observed.h:34:42:[m[K [01;31m[Kerror: [m[K‘[01m[Kshared_ptr[m[K’ is not a member of ‘[01m[Kstd[m[K’
[0.252s] [01m[K/home/matheuswagner/repos/adaptive-cubesat-adcs/cubesat-simulation/src/concept/src/../include/observed.h:34:53:[m[K [01;31m[Kerror: [m[Ktemplate argument 1 is invalid
[0.252s]              for (typename std::list<std::shared_ptr<[01;31m[KT[m[K>>::iterator it = this->observers.begin(); it != this->observers.end(); ++it)
[0.252s]                                                      [01;31m[K^[m[K
[0.252s] [01m[K/home/matheuswagner/repos/adaptive-cubesat-adcs/cubesat-simulation/src/concept/src/../include/observed.h:34:53:[m[K [01;31m[Kerror: [m[Ktemplate argument 2 is invalid
[0.253s] [01m[K/home/matheuswagner/repos/adaptive-cubesat-adcs/cubesat-simulation/src/concept/src/../include/observed.h:34:54:[m[K [01;31m[Kerror: [m[Kexpected identifier before ‘[01m[K>[m[K’ token
[0.253s]              for (typename std::list<std::shared_ptr<T[01;31m[K>>[m[K::iterator it = this->observers.begin(); it != this->observers.end(); ++it)
[0.253s]                                                       [01;31m[K^~[m[K
[0.253s] [01m[K/home/matheuswagner/repos/adaptive-cubesat-adcs/cubesat-simulation/src/concept/src/../include/observed.h:34:54:[m[K [01;31m[Kerror: [m[Kexpected ‘[01m[K([m[K’ before ‘[01m[K>[m[K’ token
[0.253s] [01m[K/home/matheuswagner/repos/adaptive-cubesat-adcs/cubesat-simulation/src/concept/src/../include/observed.h:34:58:[m[K [01;31m[Kerror: [m[K‘[01m[K::iterator[m[K’ has not been declared
[0.253s]              for (typename std::list<std::shared_ptr<T>>::[01;31m[Kiterator[m[K it = this->observers.begin(); it != this->observers.end(); ++it)
[0.253s]                                                           [01;31m[K^~~~~~~~[m[K
[0.254s] [01m[K/home/matheuswagner/repos/adaptive-cubesat-adcs/cubesat-simulation/src/concept/src/../include/observed.h:34:58:[m[K [01;36m[Knote: [m[Ksuggested alternatives:
[0.254s] In file included from [01m[K/usr/include/c++/7/bits/stl_algobase.h:65:0[m[K,
[0.254s]                  from [01m[K/usr/include/c++/7/list:60[m[K,
[0.254s]                  from [01m[K/home/matheuswagner/repos/adaptive-cubesat-adcs/cubesat-simulation/src/concept/src/../include/observed.h:4[m[K,
[0.254s]                  from [01m[K/home/matheuswagner/repos/adaptive-cubesat-adcs/cubesat-simulation/src/concept/src/../include/smartdata.h:4[m[K,
[0.254s]                  from [01m[K/home/matheuswagner/repos/adaptive-cubesat-adcs/cubesat-simulation/src/concept/src/../include/local_smartdata.h:4[m[K,
[0.254s]                  from [01m[K/home/matheuswagner/repos/adaptive-cubesat-adcs/cubesat-simulation/src/concept/src/concept.cpp:1[m[K:
[0.255s] [01m[K/usr/include/c++/7/bits/stl_iterator_base_types.h:118:12:[m[K [01;36m[Knote: [m[K  ‘[01m[Kstd::iterator[m[K’
[0.255s]      struct [01;36m[Kiterator[m[K
[0.255s]             [01;36m[K^~~~~~~~[m[K
[0.255s] [01m[K/usr/include/c++/7/bits/stl_iterator_base_types.h:118:12:[m[K [01;36m[Knote: [m[K  ‘[01m[Kstd::iterator[m[K’
[0.255s] In file included from [01m[K/home/matheuswagner/repos/adaptive-cubesat-adcs/cubesat-simulation/src/concept/src/../include/smartdata.h:4:0[m[K,
[0.255s]                  from [01m[K/home/matheuswagner/repos/adaptive-cubesat-adcs/cubesat-simulation/src/concept/src/../include/local_smartdata.h:4[m[K,
[0.255s]                  from [01m[K/home/matheuswagner/repos/adaptive-cubesat-adcs/cubesat-simulation/src/concept/src/concept.cpp:1[m[K:
[0.256s] [01m[K/home/matheuswagner/repos/adaptive-cubesat-adcs/cubesat-simulation/src/concept/src/../include/observed.h:34:97:[m[K [01;31m[Kerror: [m[K‘[01m[Kit[m[K’ was not declared in this scope
[0.256s]              for (typename std::list<std::shared_ptr<T>>::iterator it = this->observers.begin(); [01;31m[Kit[m[K != this->observers.end(); ++it)
[0.256s]                                                                                                  [01;31m[K^~[m[K
[0.256s] [01m[K/home/matheuswagner/repos/adaptive-cubesat-adcs/cubesat-simulation/src/concept/src/../include/observed.h:34:97:[m[K [01;36m[Knote: [m[Ksuggested alternative: ‘[01m[Kid[m[K’
[0.256s]              for (typename std::list<std::shared_ptr<T>>::iterator it = this->observers.begin(); [01;36m[Kit[m[K != this->observers.end(); ++it)
[0.256s]                                                                                                  [01;36m[K^~[m[K
[0.256s]                                                                                                  [32m[Kid[m[K
[0.257s] In file included from [01m[K/home/matheuswagner/repos/adaptive-cubesat-adcs/cubesat-simulation/src/concept/src/../include/smartdata.h:5:0[m[K,
[0.257s]                  from [01m[K/home/matheuswagner/repos/adaptive-cubesat-adcs/cubesat-simulation/src/concept/src/../include/local_smartdata.h:4[m[K,
[0.257s]                  from [01m[K/home/matheuswagner/repos/adaptive-cubesat-adcs/cubesat-simulation/src/concept/src/concept.cpp:1[m[K:
[0.257s] [01m[K/home/matheuswagner/repos/adaptive-cubesat-adcs/cubesat-simulation/src/concept/src/../include/observer.h:[m[K In member function ‘[01m[Kvirtual void Observer::notify(int)[m[K’:
[0.257s] [01m[K/home/matheuswagner/repos/adaptive-cubesat-adcs/cubesat-simulation/src/concept/src/../include/observer.h:8:33:[m[K [01;35m[Kwarning: [m[Kunused parameter ‘[01m[Kid[m[K’ [[01;35m[K-Wunused-parameter[m[K]
[0.257s]          virtual void notify(int [01;35m[Kid[m[K){};
[0.257s]                                  [01;35m[K^~[m[K
[1.331s] In file included from [01m[K/home/matheuswagner/repos/adaptive-cubesat-adcs/cubesat-simulation/src/concept/src/../include/local_smartdata.h:4:0[m[K,
[1.331s]                  from [01m[K/home/matheuswagner/repos/adaptive-cubesat-adcs/cubesat-simulation/src/concept/src/concept.cpp:1[m[K:
[1.331s] /home/matheuswagner/repos/adaptive-cubesat-adcs/cubesat-simulation/src/concept/src/../include/smartdata.h: In instantiation of ‘[01m[Kvoid SmartData::setValue(Value) [with Value = float][m[K’:
[1.332s] [01m[K/home/matheuswagner/repos/adaptive-cubesat-adcs/cubesat-simulation/src/concept/src/../include/plugin_amperimeter.h:48:50:[m[K   required from here
[1.332s] [01m[K/home/matheuswagner/repos/adaptive-cubesat-adcs/cubesat-simulation/src/concept/src/../include/smartdata.h:41:29:[m[K [01;35m[Kwarning: [m[Kunused parameter ‘[01m[Kvalue[m[K’ [[01;35m[K-Wunused-parameter[m[K]
[1.332s]          void setValue(Value [01;35m[Kvalue[m[K){}
[1.332s]                              [01;35m[K^~~~~[m[K
[1.332s] /home/matheuswagner/repos/adaptive-cubesat-adcs/cubesat-simulation/src/concept/src/../include/smartdata.h: In instantiation of ‘[01m[KValue SmartData::value() [with Value = float][m[K’:
[1.332s] [01m[K/home/matheuswagner/repos/adaptive-cubesat-adcs/cubesat-simulation/src/concept/src/../include/plugin_amperimeter.h:49:13:[m[K   required from here
[1.332s] [01m[K/home/matheuswagner/repos/adaptive-cubesat-adcs/cubesat-simulation/src/concept/src/../include/smartdata.h:35:23:[m[K [01;35m[Kwarning: [m[Kno return statement in function returning non-void [[01;35m[K-Wreturn-type[m[K]
[1.332s]          Value value(){[01;35m[K}[m[K
[1.333s]                        [01;35m[K^[m[K
[1.333s] /home/matheuswagner/repos/adaptive-cubesat-adcs/cubesat-simulation/src/concept/src/../include/smartdata.h: In instantiation of ‘[01m[KValue SmartData::update() [with Value = float][m[K’:
[1.333s] [01m[K/home/matheuswagner/repos/adaptive-cubesat-adcs/cubesat-simulation/src/concept/src/../include/plugin_amperimeter.h:50:44:[m[K   required from here
[1.333s] [01m[K/home/matheuswagner/repos/adaptive-cubesat-adcs/cubesat-simulation/src/concept/src/../include/smartdata.h:38:24:[m[K [01;35m[Kwarning: [m[Kno return statement in function returning non-void [[01;35m[K-Wreturn-type[m[K]
[1.333s]          Value update(){[01;35m[K}[m[K
[1.333s]                         [01;35m[K^[m[K
[1.342s] In file included from [01m[K/home/matheuswagner/repos/adaptive-cubesat-adcs/cubesat-simulation/src/concept/src/concept.cpp:3:0[m[K:
[1.342s] /home/matheuswagner/repos/adaptive-cubesat-adcs/cubesat-simulation/src/concept/src/../include/controller_smartdata.h: In instantiation of ‘[01m[KControllerSmartData<Controller, SDIN, SDOUT>::ControllerSmartData(std::__cxx11::list<std::shared_ptr<_Up> >&, std::__cxx11::list<std::shared_ptr<PublisherT> >&) [with Controller = ProportionalController<LocalSmartData<float, PluginAmperimeter>, LocalSmartData<float, PluginMotorDriver> >; SDIN = LocalSmartData<float, PluginAmperimeter>; SDOUT = LocalSmartData<float, PluginMotorDriver>][m[K’:
[1.342s] [01m[K/home/matheuswagner/repos/adaptive-cubesat-adcs/cubesat-simulation/src/concept/src/concept.cpp:32:135:[m[K   required from here
[1.342s] [01m[K/home/matheuswagner/repos/adaptive-cubesat-adcs/cubesat-simulation/src/concept/src/../include/controller_smartdata.h:33:17:[m[K [01;31m[Kerror: [m[Kinvalid conversion from ‘[01m[KControllerSmartData<ProportionalController<LocalSmartData<float, PluginAmperimeter>, LocalSmartData<float, PluginMotorDriver> >, LocalSmartData<float, PluginAmperimeter>, LocalSmartData<float, PluginMotorDriver> >*[m[K’ to ‘[01m[Kint[m[K’ [[01;31m[K-fpermissive[m[K]
[1.342s]                  [01;31m[K([m[K*it)->startObserving(this);
[1.342s]                  [01;31m[K^[m[K
[1.342s] In file included from [01m[K/home/matheuswagner/repos/adaptive-cubesat-adcs/cubesat-simulation/src/concept/src/../include/smartdata.h:4:0[m[K,
[1.342s]                  from [01m[K/home/matheuswagner/repos/adaptive-cubesat-adcs/cubesat-simulation/src/concept/src/../include/local_smartdata.h:4[m[K,
[1.342s]                  from [01m[K/home/matheuswagner/repos/adaptive-cubesat-adcs/cubesat-simulation/src/concept/src/concept.cpp:1[m[K:
[1.343s] [01m[K/home/matheuswagner/repos/adaptive-cubesat-adcs/cubesat-simulation/src/concept/src/../include/observed.h:14:14:[m[K [01;36m[Knote: [m[K  initializing argument 1 of ‘[01m[Kvoid Observed<T>::startObserving(int) [with T = Controller][m[K’
[1.343s]          void [01;36m[KstartObserving[m[K(std::shared_ptr<T> observer)
[1.343s]               [01;36m[K^~~~~~~~~~~~~~[m[K
[1.343s] In file included from [01m[K/home/matheuswagner/repos/adaptive-cubesat-adcs/cubesat-simulation/src/concept/src/concept.cpp:3:0[m[K:
[1.343s] [01m[K/home/matheuswagner/repos/adaptive-cubesat-adcs/cubesat-simulation/src/concept/src/../include/controller_smartdata.h:40:17:[m[K [01;31m[Kerror: [m[Kno matching function for call to ‘[01m[KControllerSmartData<ProportionalController<LocalSmartData<float, PluginAmperimeter>, LocalSmartData<float, PluginMotorDriver> >, LocalSmartData<float, PluginAmperimeter>, LocalSmartData<float, PluginMotorDriver> >::startObserving(std::shared_ptr<LocalSmartData<float, PluginMotorDriver> >&)[m[K’
[1.343s]                  [01;31m[Kthis[m[K->startObserving((*it));
[1.343s]                  [01;31m[K^~~~[m[K
[1.343s] In file included from [01m[K/home/matheuswagner/repos/adaptive-cubesat-adcs/cubesat-simulation/src/concept/src/../include/smartdata.h:4:0[m[K,
[1.343s]                  from [01m[K/home/matheuswagner/repos/adaptive-cubesat-adcs/cubesat-simulation/src/concept/src/../include/local_smartdata.h:4[m[K,
[1.343s]                  from [01m[K/home/matheuswagner/repos/adaptive-cubesat-adcs/cubesat-simulation/src/concept/src/concept.cpp:1[m[K:
[1.343s] [01m[K/home/matheuswagner/repos/adaptive-cubesat-adcs/cubesat-simulation/src/concept/src/../include/observed.h:14:14:[m[K [01;36m[Knote: [m[Kcandidate: void Observed<T>::startObserving(int) [with T = LocalSmartData<float, PluginMotorDriver>]
[1.343s]          void [01;36m[KstartObserving[m[K(std::shared_ptr<T> observer)
[1.343s]               [01;36m[K^~~~~~~~~~~~~~[m[K
[1.344s] [01m[K/home/matheuswagner/repos/adaptive-cubesat-adcs/cubesat-simulation/src/concept/src/../include/observed.h:14:14:[m[K [01;36m[Knote: [m[K  no known conversion for argument 1 from ‘[01m[Kstd::shared_ptr<LocalSmartData<float, PluginMotorDriver> >[m[K’ to ‘[01m[Kint[m[K’
[2.003s] In file included from [01m[K/home/matheuswagner/repos/adaptive-cubesat-adcs/cubesat-simulation/src/concept/src/concept.cpp:3:0[m[K:
[2.004s] /home/matheuswagner/repos/adaptive-cubesat-adcs/cubesat-simulation/src/concept/src/../include/controller_smartdata.h: In instantiation of ‘[01m[Kvoid ControllerSmartData<Controller, SDIN, SDOUT>::notify(int) [with Controller = ProportionalController<LocalSmartData<float, PluginAmperimeter>, LocalSmartData<float, PluginMotorDriver> >; SDIN = LocalSmartData<float, PluginAmperimeter>; SDOUT = LocalSmartData<float, PluginMotorDriver>][m[K’:
[2.004s] [01m[K/home/matheuswagner/repos/adaptive-cubesat-adcs/cubesat-simulation/src/concept/src/concept.cpp:47:1:[m[K   required from here
[2.004s] [01m[K/home/matheuswagner/repos/adaptive-cubesat-adcs/cubesat-simulation/src/concept/src/../include/controller_smartdata.h:73:29:[m[K [01;35m[Kwarning: [m[Kcomparison between signed and unsigned integer expressions [[01;35m[K-Wsign-compare[m[K]
[2.004s]              for(int i = 0; [01;35m[Ki<this->freshnessList.size()[m[K; i++)
[2.004s]                             [01;35m[K~^~~~~~~~~~~~~~~~~~~~~~~~~~~[m[K
[2.004s] In file included from [01m[K/home/matheuswagner/repos/adaptive-cubesat-adcs/cubesat-simulation/src/concept/src/concept.cpp:6:0[m[K:
[2.005s] /home/matheuswagner/repos/adaptive-cubesat-adcs/cubesat-simulation/src/concept/src/../include/proportional_controller.h: In instantiation of ‘[01m[Kvoid ProportionalController<SDIN, SDOUT>::control() [with SDIN = LocalSmartData<float, PluginAmperimeter>; SDOUT = LocalSmartData<float, PluginMotorDriver>][m[K’:
[2.005s] [01m[K/home/matheuswagner/repos/adaptive-cubesat-adcs/cubesat-simulation/src/concept/src/concept.cpp:47:1:[m[K   required from here
[2.005s] [01m[K/home/matheuswagner/repos/adaptive-cubesat-adcs/cubesat-simulation/src/concept/src/../include/proportional_controller.h:37:29:[m[K [01;35m[Kwarning: [m[Kcomparison between signed and unsigned integer expressions [[01;35m[K-Wsign-compare[m[K]
[2.005s]              for(int i = 0; i<this->inputSmartData.size(); i++)
[2.005s] [01m[K/home/matheuswagner/repos/adaptive-cubesat-adcs/cubesat-simulation/src/concept/src/../include/proportional_controller.h:41:29:[m[K [01;35m[Kwarning: [m[Kcomparison between signed and unsigned integer expressions [[01;35m[K-Wsign-compare[m[K]
[2.005s]              for(int i = 0; i<this->outputSmartData.size(); i++)
[2.005s] In file included from [01m[K/home/matheuswagner/repos/adaptive-cubesat-adcs/cubesat-simulation/src/concept/src/../include/smartdata.h:7:0[m[K,
[2.006s]                  from [01m[K/home/matheuswagner/repos/adaptive-cubesat-adcs/cubesat-simulation/src/concept/src/../include/local_smartdata.h:4[m[K,
[2.006s]                  from [01m[K/home/matheuswagner/repos/adaptive-cubesat-adcs/cubesat-simulation/src/concept/src/concept.cpp:1[m[K:
[2.006s] /home/matheuswagner/repos/adaptive-cubesat-adcs/cubesat-simulation/src/concept/src/../include/transducer.h: In instantiation of ‘[01m[Kvoid Transducer<UNIT, Value>::actuate(const Value&) [with long unsigned int UNIT = 2; Value = float][m[K’:
[2.006s] [01m[K/home/matheuswagner/repos/adaptive-cubesat-adcs/cubesat-simulation/src/concept/src/concept.cpp:47:1:[m[K   required from here
[2.006s] [01m[K/home/matheuswagner/repos/adaptive-cubesat-adcs/cubesat-simulation/src/concept/src/../include/transducer.h:17:43:[m[K [01;35m[Kwarning: [m[Kunused parameter ‘[01m[Kvalue[m[K’ [[01;35m[K-Wunused-parameter[m[K]
[2.006s]          virtual void actuate(const Value &[01;35m[Kvalue[m[K){}
[2.006s]                                            [01;35m[K^~~~~[m[K
[2.006s] /home/matheuswagner/repos/adaptive-cubesat-adcs/cubesat-simulation/src/concept/src/../include/transducer.h: In instantiation of ‘[01m[KValue Transducer<UNIT, Value>::sense() [with long unsigned int UNIT = 2; Value = float][m[K’:
[2.007s] [01m[K/home/matheuswagner/repos/adaptive-cubesat-adcs/cubesat-simulation/src/concept/src/concept.cpp:47:1:[m[K   required from here
[2.007s] [01m[K/home/matheuswagner/repos/adaptive-cubesat-adcs/cubesat-simulation/src/concept/src/../include/transducer.h:16:31:[m[K [01;35m[Kwarning: [m[Kno return statement in function returning non-void [[01;35m[K-Wreturn-type[m[K]
[2.007s]          virtual Value sense(){[01;35m[K}[m[K
[2.007s]                                [01;35m[K^[m[K
[2.007s] /home/matheuswagner/repos/adaptive-cubesat-adcs/cubesat-simulation/src/concept/src/../include/transducer.h: In instantiation of ‘[01m[Kvoid Transducer<UNIT, Value>::actuate(const Value&) [with long unsigned int UNIT = 1; Value = float][m[K’:
[2.007s] [01m[K/home/matheuswagner/repos/adaptive-cubesat-adcs/cubesat-simulation/src/concept/src/concept.cpp:47:1:[m[K   required from here
[2.007s] [01m[K/home/matheuswagner/repos/adaptive-cubesat-adcs/cubesat-simulation/src/concept/src/../include/transducer.h:17:43:[m[K [01;35m[Kwarning: [m[Kunused parameter ‘[01m[Kvalue[m[K’ [[01;35m[K-Wunused-parameter[m[K]
[2.007s]          virtual void actuate(const Value &[01;35m[Kvalue[m[K){}
[2.008s]                                            [01;35m[K^~~~~[m[K
[2.016s] /home/matheuswagner/repos/adaptive-cubesat-adcs/cubesat-simulation/src/concept/src/../include/transducer.h: In instantiation of ‘[01m[KValue Transducer<UNIT, Value>::sense() [with long unsigned int UNIT = 1; Value = float][m[K’:
[2.017s] [01m[K/home/matheuswagner/repos/adaptive-cubesat-adcs/cubesat-simulation/src/concept/src/concept.cpp:47:1:[m[K   required from here
[2.017s] [01m[K/home/matheuswagner/repos/adaptive-cubesat-adcs/cubesat-simulation/src/concept/src/../include/transducer.h:16:31:[m[K [01;35m[Kwarning: [m[Kno return statement in function returning non-void [[01;35m[K-Wreturn-type[m[K]
[2.017s]          virtual Value sense(){[01;35m[K}[m[K
[2.017s]                                [01;35m[K^[m[K
[2.019s] In file included from [01m[K/home/matheuswagner/repos/adaptive-cubesat-adcs/cubesat-simulation/src/concept/src/concept.cpp:3:0[m[K:
[2.019s] /home/matheuswagner/repos/adaptive-cubesat-adcs/cubesat-simulation/src/concept/src/../include/controller_smartdata.h: In instantiation of ‘[01m[Kvoid ControllerSmartData<Controller, SDIN, SDOUT>::update() [with Controller = ProportionalController<LocalSmartData<float, PluginAmperimeter>, LocalSmartData<float, PluginMotorDriver> >; SDIN = LocalSmartData<float, PluginAmperimeter>; SDOUT = LocalSmartData<float, PluginMotorDriver>][m[K’:
[2.019s] [01m[K/home/matheuswagner/repos/adaptive-cubesat-adcs/cubesat-simulation/src/concept/src/../include/controller_smartdata.h:83:23:[m[K   required from ‘[01m[Kvoid ControllerSmartData<Controller, SDIN, SDOUT>::notify(int) [with Controller = ProportionalController<LocalSmartData<float, PluginAmperimeter>, LocalSmartData<float, PluginMotorDriver> >; SDIN = LocalSmartData<float, PluginAmperimeter>; SDOUT = LocalSmartData<float, PluginMotorDriver>][m[K’
[2.020s] [01m[K/home/matheuswagner/repos/adaptive-cubesat-adcs/cubesat-simulation/src/concept/src/concept.cpp:47:1:[m[K   required from here
[2.020s] [01m[K/home/matheuswagner/repos/adaptive-cubesat-adcs/cubesat-simulation/src/concept/src/../include/controller_smartdata.h:54:29:[m[K [01;35m[Kwarning: [m[Kcomparison between signed and unsigned integer expressions [[01;35m[K-Wsign-compare[m[K]
[2.020s]              for(int i = 0; [01;35m[Ki<this->freshnessList.size()[m[K; i++)
[2.020s]                             [01;35m[K~^~~~~~~~~~~~~~~~~~~~~~~~~~~[m[K
[2.030s] In file included from [01m[K/home/matheuswagner/repos/adaptive-cubesat-adcs/cubesat-simulation/src/concept/src/../include/smartdata.h:4:0[m[K,
[2.030s]                  from [01m[K/home/matheuswagner/repos/adaptive-cubesat-adcs/cubesat-simulation/src/concept/src/../include/local_smartdata.h:4[m[K,
[2.030s]                  from [01m[K/home/matheuswagner/repos/adaptive-cubesat-adcs/cubesat-simulation/src/concept/src/concept.cpp:1[m[K:
[2.030s] /home/matheuswagner/repos/adaptive-cubesat-adcs/cubesat-simulation/src/concept/src/../include/observed.h: In instantiation of ‘[01m[Kvoid Observed<T>::notifyObservers() [with T = LocalSmartData<float, PluginMotorDriver>][m[K’:
[2.030s] [01m[K/home/matheuswagner/repos/adaptive-cubesat-adcs/cubesat-simulation/src/concept/src/../include/controller_smartdata.h:60:13:[m[K   required from ‘[01m[Kvoid ControllerSmartData<Controller, SDIN, SDOUT>::update() [with Controller = ProportionalController<LocalSmartData<float, PluginAmperimeter>, LocalSmartData<float, PluginMotorDriver> >; SDIN = LocalSmartData<float, PluginAmperimeter>; SDOUT = LocalSmartData<float, PluginMotorDriver>][m[K’
[2.030s] [01m[K/home/matheuswagner/repos/adaptive-cubesat-adcs/cubesat-simulation/src/concept/src/../include/controller_smartdata.h:83:23:[m[K   required from ‘[01m[Kvoid ControllerSmartData<Controller, SDIN, SDOUT>::notify(int) [with Controller = ProportionalController<LocalSmartData<float, PluginAmperimeter>, LocalSmartData<float, PluginMotorDriver> >; SDIN = LocalSmartData<float, PluginAmperimeter>; SDOUT = LocalSmartData<float, PluginMotorDriver>][m[K’
[2.030s] [01m[K/home/matheuswagner/repos/adaptive-cubesat-adcs/cubesat-simulation/src/concept/src/concept.cpp:47:1:[m[K   required from here
[2.031s] [01m[K/home/matheuswagner/repos/adaptive-cubesat-adcs/cubesat-simulation/src/concept/src/../include/observed.h:21:109:[m[K [01;31m[Kerror: [m[K‘[01m[Kclass Observed<LocalSmartData<float, PluginMotorDriver> >[m[K’ has no member named ‘[01m[Kobservers[m[K’; did you mean ‘[01m[KObserved[m[K’?
[2.031s]              for (typename std::list<std::shared_ptr<T>>::iterator it = this->observers.begin(); it != [01;31m[Kthis->observers[m[K.end(); ++it)
[2.031s]                                                                                                        [01;31m[K~~~~~~^~~~~~~~~[m[K
[2.031s]                                                                                                        [32m[KObserved[m[K
[2.182s] make[2]: *** [CMakeFiles/concept.dir/src/concept.cpp.o] Error 1
[2.182s] CMakeFiles/concept.dir/build.make:81: recipe for target 'CMakeFiles/concept.dir/src/concept.cpp.o' failed
[2.182s] make[1]: *** [CMakeFiles/concept.dir/all] Error 2
[2.182s] CMakeFiles/Makefile2:122: recipe for target 'CMakeFiles/concept.dir/all' failed
[2.182s] Makefile:159: recipe for target 'all' failed
[2.182s] make: *** [all] Error 2
[2.183s] Invoked command in '/home/matheuswagner/repos/adaptive-cubesat-adcs/cubesat-simulation/build/concept' returned '2': CMAKE_PREFIX_PATH=${CMAKE_PREFIX_PATH}:/home/matheuswagner/repos/adaptive-cubesat-adcs/cubesat-simulation/install/cubesat_description:/opt/ros/dashing /usr/local/bin/cmake --build /home/matheuswagner/repos/adaptive-cubesat-adcs/cubesat-simulation/build/concept -- -j8 -l8
